START 2022-03-24 00:00:01 --------------------------
live
총 0 개 데이타 이동
END   2022-03-24 00:00:04 --------------------------


START 2022-03-24 00:10:01 --------------------------
live
총 0 개 데이타 이동
END   2022-03-24 00:10:03 --------------------------


START 2022-03-24 00:20:01 --------------------------
live
총 0 개 데이타 이동
END   2022-03-24 00:20:03 --------------------------


START 2022-03-24 00:30:01 --------------------------
live
총 0 개 데이타 이동
END   2022-03-24 00:30:03 --------------------------


START 2022-03-24 00:40:01 --------------------------
live
총 0 개 데이타 이동
END   2022-03-24 00:40:03 --------------------------


START 2022-03-24 00:50:02 --------------------------
live
총 0 개 데이타 이동
END   2022-03-24 00:50:04 --------------------------


START 2022-03-24 01:00:02 --------------------------
live
총 0 개 데이타 이동
END   2022-03-24 01:00:04 --------------------------


START 2022-03-24 01:10:02 --------------------------
live
총 0 개 데이타 이동
END   2022-03-24 01:10:04 --------------------------


START 2022-03-24 01:20:02 --------------------------
live
총 0 개 데이타 이동
END   2022-03-24 01:20:04 --------------------------


START 2022-03-24 01:30:01 --------------------------
live
총 0 개 데이타 이동
END   2022-03-24 01:30:04 --------------------------


START 2022-03-24 01:40:01 --------------------------
live
총 0 개 데이타 이동
END   2022-03-24 01:40:03 --------------------------


START 2022-03-24 01:50:02 --------------------------
live
총 0 개 데이타 이동
END   2022-03-24 01:50:04 --------------------------


START 2022-03-24 02:00:02 --------------------------
live
총 0 개 데이타 이동
END   2022-03-24 02:00:04 --------------------------


START 2022-03-24 02:10:01 --------------------------
live
총 0 개 데이타 이동
END   2022-03-24 02:10:03 --------------------------


START 2022-03-24 02:20:01 --------------------------
live
총 0 개 데이타 이동
END   2022-03-24 02:20:03 --------------------------


START 2022-03-24 02:30:01 --------------------------
live
총 0 개 데이타 이동
END   2022-03-24 02:30:03 --------------------------


START 2022-03-24 02:40:01 --------------------------
live
총 0 개 데이타 이동
END   2022-03-24 02:40:03 --------------------------


START 2022-03-24 02:50:02 --------------------------
live
총 0 개 데이타 이동
END   2022-03-24 02:50:04 --------------------------


START 2022-03-24 03:00:02 --------------------------
live
총 0 개 데이타 이동
END   2022-03-24 03:00:04 --------------------------


START 2022-03-24 03:10:01 --------------------------
live
총 0 개 데이타 이동
END   2022-03-24 03:10:04 --------------------------


START 2022-03-24 03:20:01 --------------------------
live
총 0 개 데이타 이동
END   2022-03-24 03:20:03 --------------------------


START 2022-03-24 03:30:01 --------------------------
live
총 0 개 데이타 이동
END   2022-03-24 03:30:03 --------------------------


START 2022-03-24 03:40:01 --------------------------
live
총 0 개 데이타 이동
END   2022-03-24 03:40:03 --------------------------


START 2022-03-24 03:50:02 --------------------------
live
총 0 개 데이타 이동
END   2022-03-24 03:50:04 --------------------------


START 2022-03-24 04:00:02 --------------------------
live
총 0 개 데이타 이동
END   2022-03-24 04:00:04 --------------------------


START 2022-03-24 04:10:01 --------------------------
live
총 0 개 데이타 이동
END   2022-03-24 04:10:03 --------------------------


START 2022-03-24 04:20:02 --------------------------
live
총 0 개 데이타 이동
END   2022-03-24 04:20:04 --------------------------


START 2022-03-24 04:30:01 --------------------------
live
총 0 개 데이타 이동
END   2022-03-24 04:30:04 --------------------------


START 2022-03-24 04:40:01 --------------------------
live
총 0 개 데이타 이동
END   2022-03-24 04:40:03 --------------------------


START 2022-03-24 04:50:01 --------------------------
live
총 0 개 데이타 이동
END   2022-03-24 04:50:03 --------------------------


START 2022-03-24 05:00:01 --------------------------
live
총 0 개 데이타 이동
END   2022-03-24 05:00:03 --------------------------


START 2022-03-24 05:10:01 --------------------------
live
총 0 개 데이타 이동
END   2022-03-24 05:10:03 --------------------------


START 2022-03-24 05:20:01 --------------------------
live
총 0 개 데이타 이동
END   2022-03-24 05:20:03 --------------------------


START 2022-03-24 05:30:02 --------------------------
live
총 0 개 데이타 이동
END   2022-03-24 05:30:04 --------------------------


START 2022-03-24 05:40:01 --------------------------
live
총 0 개 데이타 이동
END   2022-03-24 05:40:04 --------------------------


START 2022-03-24 05:50:01 --------------------------
live
총 0 개 데이타 이동
END   2022-03-24 05:50:03 --------------------------


START 2022-03-24 06:00:01 --------------------------
live
총 0 개 데이타 이동
END   2022-03-24 06:00:03 --------------------------


START 2022-03-24 06:10:01 --------------------------
live
총 0 개 데이타 이동
END   2022-03-24 06:10:03 --------------------------


START 2022-03-24 06:20:02 --------------------------
live
총 0 개 데이타 이동
END   2022-03-24 06:20:04 --------------------------


START 2022-03-24 06:30:02 --------------------------
live
총 0 개 데이타 이동
END   2022-03-24 06:30:04 --------------------------


START 2022-03-24 06:40:02 --------------------------
live
총 0 개 데이타 이동
END   2022-03-24 06:40:04 --------------------------


START 2022-03-24 06:50:01 --------------------------
live
총 0 개 데이타 이동
END   2022-03-24 06:50:04 --------------------------


START 2022-03-24 07:00:01 --------------------------
live
총 0 개 데이타 이동
END   2022-03-24 07:00:03 --------------------------


START 2022-03-24 07:10:01 --------------------------
live
총 0 개 데이타 이동
END   2022-03-24 07:10:03 --------------------------


START 2022-03-24 07:20:01 --------------------------
live
총 0 개 데이타 이동
END   2022-03-24 07:20:03 --------------------------


START 2022-03-24 07:30:01 --------------------------
live
총 0 개 데이타 이동
END   2022-03-24 07:30:03 --------------------------


START 2022-03-24 07:40:01 --------------------------
live
총 0 개 데이타 이동
END   2022-03-24 07:40:03 --------------------------


START 2022-03-24 07:50:02 --------------------------
live
총 0 개 데이타 이동
END   2022-03-24 07:50:04 --------------------------


START 2022-03-24 08:00:02 --------------------------
live
총 0 개 데이타 이동
END   2022-03-24 08:00:04 --------------------------


START 2022-03-24 08:10:02 --------------------------
live
총 0 개 데이타 이동
END   2022-03-24 08:10:04 --------------------------


START 2022-03-24 08:20:01 --------------------------
live
총 0 개 데이타 이동
END   2022-03-24 08:20:03 --------------------------


START 2022-03-24 08:30:02 --------------------------
live
총 0 개 데이타 이동
END   2022-03-24 08:30:04 --------------------------


START 2022-03-24 08:40:02 --------------------------
live
총 0 개 데이타 이동
END   2022-03-24 08:40:04 --------------------------


START 2022-03-24 08:50:02 --------------------------
live
총 0 개 데이타 이동
END   2022-03-24 08:50:04 --------------------------


START 2022-03-24 09:00:02 --------------------------
live
총 0 개 데이타 이동
END   2022-03-24 09:00:04 --------------------------


START 2022-03-24 09:10:02 --------------------------
live
총 0 개 데이타 이동
END   2022-03-24 09:10:04 --------------------------


START 2022-03-24 09:20:02 --------------------------
live
총 0 개 데이타 이동
END   2022-03-24 09:20:04 --------------------------


START 2022-03-24 09:30:01 --------------------------
live
총 0 개 데이타 이동
END   2022-03-24 09:30:03 --------------------------


START 2022-03-24 09:40:01 --------------------------
live
총 0 개 데이타 이동
END   2022-03-24 09:40:03 --------------------------


START 2022-03-24 09:50:01 --------------------------
live
총 0 개 데이타 이동
END   2022-03-24 09:50:03 --------------------------


START 2022-03-24 10:00:02 --------------------------
live
총 0 개 데이타 이동
END   2022-03-24 10:00:04 --------------------------


START 2022-03-24 10:10:02 --------------------------
live
총 0 개 데이타 이동
END   2022-03-24 10:10:04 --------------------------


START 2022-03-24 10:20:02 --------------------------
live
총 0 개 데이타 이동
END   2022-03-24 10:20:04 --------------------------


START 2022-03-24 10:30:02 --------------------------
live
총 0 개 데이타 이동
END   2022-03-24 10:30:04 --------------------------


START 2022-03-24 10:40:02 --------------------------
live
총 0 개 데이타 이동
END   2022-03-24 10:40:04 --------------------------


START 2022-03-24 10:50:01 --------------------------
live
총 0 개 데이타 이동
END   2022-03-24 10:50:03 --------------------------


START 2022-03-24 11:00:01 --------------------------
live
총 0 개 데이타 이동
END   2022-03-24 11:00:03 --------------------------


START 2022-03-24 11:10:01 --------------------------
live
총 0 개 데이타 이동
END   2022-03-24 11:10:03 --------------------------


START 2022-03-24 11:20:01 --------------------------
live
총 0 개 데이타 이동
END   2022-03-24 11:20:03 --------------------------


START 2022-03-24 11:30:01 --------------------------
live
총 1 개 데이타 이동
데이타 이동 시작 *****
3102955 01086246176 -- 
END   2022-03-24 11:30:06 --------------------------


START 2022-03-24 11:40:01 --------------------------
live
총 2 개 데이타 이동
데이타 이동 시작 *****
3102956 01024568888 -- 3102957 01088944740 -- 
END   2022-03-24 11:40:05 --------------------------


START 2022-03-24 11:50:01 --------------------------
live
총 1 개 데이타 이동
데이타 이동 시작 *****
3102958 01067241409 -- 
END   2022-03-24 11:50:06 --------------------------


START 2022-03-24 12:00:02 --------------------------
live
총 0 개 데이타 이동
END   2022-03-24 12:00:04 --------------------------


START 2022-03-24 12:10:01 --------------------------
live
총 2 개 데이타 이동
데이타 이동 시작 *****
3102959 01024568888 -- 3102960 01088944740 -- 
END   2022-03-24 12:10:07 --------------------------


START 2022-03-24 12:20:01 --------------------------
live
총 0 개 데이타 이동
END   2022-03-24 12:20:03 --------------------------


START 2022-03-24 12:30:01 --------------------------
live
총 0 개 데이타 이동
END   2022-03-24 12:30:03 --------------------------


START 2022-03-24 12:40:01 --------------------------
live
총 0 개 데이타 이동
END   2022-03-24 12:40:03 --------------------------


START 2022-03-24 12:50:01 --------------------------
live
총 0 개 데이타 이동
END   2022-03-24 12:50:03 --------------------------


START 2022-03-24 13:00:01 --------------------------
live
총 0 개 데이타 이동
END   2022-03-24 13:00:04 --------------------------


START 2022-03-24 13:10:02 --------------------------
live
총 0 개 데이타 이동
END   2022-03-24 13:10:05 --------------------------


START 2022-03-24 13:20:01 --------------------------
live
총 0 개 데이타 이동
END   2022-03-24 13:20:04 --------------------------


START 2022-03-24 13:30:02 --------------------------
live
총 0 개 데이타 이동
END   2022-03-24 13:30:04 --------------------------


START 2022-03-24 13:40:02 --------------------------
live
총 0 개 데이타 이동
END   2022-03-24 13:40:04 --------------------------


START 2022-03-24 13:50:02 --------------------------
live
총 0 개 데이타 이동
END   2022-03-24 13:50:04 --------------------------


START 2022-03-24 14:00:01 --------------------------
live
총 0 개 데이타 이동
END   2022-03-24 14:00:04 --------------------------


START 2022-03-24 14:10:01 --------------------------
live
총 0 개 데이타 이동
END   2022-03-24 14:10:04 --------------------------


START 2022-03-24 14:20:02 --------------------------
live
총 0 개 데이타 이동
END   2022-03-24 14:20:04 --------------------------


START 2022-03-24 14:30:02 --------------------------
live
총 0 개 데이타 이동
END   2022-03-24 14:30:04 --------------------------


START 2022-03-24 14:40:02 --------------------------
live
총 0 개 데이타 이동
END   2022-03-24 14:40:04 --------------------------


START 2022-03-24 14:50:01 --------------------------
live
총 0 개 데이타 이동
END   2022-03-24 14:50:03 --------------------------


START 2022-03-24 15:00:01 --------------------------
live
총 0 개 데이타 이동
END   2022-03-24 15:00:03 --------------------------


START 2022-03-24 15:10:02 --------------------------
live
총 0 개 데이타 이동
END   2022-03-24 15:10:04 --------------------------


START 2022-03-24 15:20:02 --------------------------
live
총 0 개 데이타 이동
END   2022-03-24 15:20:04 --------------------------


START 2022-03-24 15:30:02 --------------------------
live
총 0 개 데이타 이동
END   2022-03-24 15:30:04 --------------------------


START 2022-03-24 15:40:02 --------------------------
live
총 0 개 데이타 이동
END   2022-03-24 15:40:04 --------------------------


START 2022-03-24 15:50:02 --------------------------
live
총 0 개 데이타 이동
END   2022-03-24 15:50:04 --------------------------


START 2022-03-24 16:00:01 --------------------------
live
총 0 개 데이타 이동
END   2022-03-24 16:00:03 --------------------------


START 2022-03-24 16:10:01 --------------------------
live
총 0 개 데이타 이동
END   2022-03-24 16:10:03 --------------------------


START 2022-03-24 16:20:01 --------------------------
live
총 0 개 데이타 이동
END   2022-03-24 16:20:03 --------------------------


START 2022-03-24 16:30:01 --------------------------
live
총 0 개 데이타 이동
END   2022-03-24 16:30:04 --------------------------


START 2022-03-24 16:40:01 --------------------------
live
총 0 개 데이타 이동
END   2022-03-24 16:40:03 --------------------------


START 2022-03-24 16:50:01 --------------------------
live
총 0 개 데이타 이동
END   2022-03-24 16:50:03 --------------------------


START 2022-03-24 17:00:01 --------------------------
live
총 1 개 데이타 이동
데이타 이동 시작 *****
3102961 01067241409 -- 
END   2022-03-24 17:00:06 --------------------------


START 2022-03-24 17:10:01 --------------------------
live
총 0 개 데이타 이동
END   2022-03-24 17:10:04 --------------------------


START 2022-03-24 17:20:01 --------------------------
live
총 0 개 데이타 이동
END   2022-03-24 17:20:04 --------------------------


START 2022-03-24 17:30:02 --------------------------
live
총 1 개 데이타 이동
데이타 이동 시작 *****
3102962 01067241409 -- 
END   2022-03-24 17:30:06 --------------------------


START 2022-03-24 17:40:02 --------------------------
live
총 0 개 데이타 이동
END   2022-03-24 17:40:04 --------------------------


START 2022-03-24 17:50:02 --------------------------
live
총 0 개 데이타 이동
END   2022-03-24 17:50:04 --------------------------


START 2022-03-24 18:00:02 --------------------------
live
총 0 개 데이타 이동
END   2022-03-24 18:00:04 --------------------------


START 2022-03-24 18:10:02 --------------------------
live
총 0 개 데이타 이동
END   2022-03-24 18:10:04 --------------------------


START 2022-03-24 18:20:02 --------------------------
live
총 0 개 데이타 이동
END   2022-03-24 18:20:04 --------------------------


START 2022-03-24 18:30:02 --------------------------
live
총 0 개 데이타 이동
END   2022-03-24 18:30:04 --------------------------


START 2022-03-24 18:40:02 --------------------------
live
총 0 개 데이타 이동
END   2022-03-24 18:40:04 --------------------------


START 2022-03-24 18:50:02 --------------------------
live
총 0 개 데이타 이동
END   2022-03-24 18:50:04 --------------------------


START 2022-03-24 19:00:02 --------------------------
live
총 0 개 데이타 이동
END   2022-03-24 19:00:04 --------------------------


START 2022-03-24 19:10:02 --------------------------
live
총 0 개 데이타 이동
END   2022-03-24 19:10:04 --------------------------


START 2022-03-24 19:20:02 --------------------------
live
총 0 개 데이타 이동
END   2022-03-24 19:20:04 --------------------------


START 2022-03-24 19:30:02 --------------------------
live
총 0 개 데이타 이동
END   2022-03-24 19:30:04 --------------------------


START 2022-03-24 19:40:02 --------------------------
live
총 0 개 데이타 이동
END   2022-03-24 19:40:04 --------------------------


START 2022-03-24 19:50:02 --------------------------
live
총 0 개 데이타 이동
END   2022-03-24 19:50:04 --------------------------


START 2022-03-24 20:00:01 --------------------------
live
총 0 개 데이타 이동
END   2022-03-24 20:00:03 --------------------------


START 2022-03-24 20:10:01 --------------------------
live
총 0 개 데이타 이동
END   2022-03-24 20:10:03 --------------------------


START 2022-03-24 20:20:01 --------------------------
live
총 0 개 데이타 이동
END   2022-03-24 20:20:03 --------------------------


START 2022-03-24 20:30:01 --------------------------
live
총 0 개 데이타 이동
END   2022-03-24 20:30:03 --------------------------


START 2022-03-24 20:40:01 --------------------------
live
총 0 개 데이타 이동
END   2022-03-24 20:40:03 --------------------------


START 2022-03-24 20:50:01 --------------------------
live
총 0 개 데이타 이동
END   2022-03-24 20:50:03 --------------------------


START 2022-03-24 21:00:02 --------------------------
live
총 0 개 데이타 이동
END   2022-03-24 21:00:04 --------------------------


START 2022-03-24 21:10:02 --------------------------
live
총 0 개 데이타 이동
END   2022-03-24 21:10:04 --------------------------


START 2022-03-24 21:20:02 --------------------------
live
총 0 개 데이타 이동
END   2022-03-24 21:20:04 --------------------------


START 2022-03-24 21:30:02 --------------------------
live
총 0 개 데이타 이동
END   2022-03-24 21:30:04 --------------------------


START 2022-03-24 21:40:02 --------------------------
live
총 0 개 데이타 이동
END   2022-03-24 21:40:04 --------------------------


START 2022-03-24 21:50:02 --------------------------
live
총 0 개 데이타 이동
END   2022-03-24 21:50:04 --------------------------


START 2022-03-24 22:00:02 --------------------------
live
총 0 개 데이타 이동
END   2022-03-24 22:00:04 --------------------------


START 2022-03-24 22:10:02 --------------------------
live
총 0 개 데이타 이동
END   2022-03-24 22:10:04 --------------------------


START 2022-03-24 22:20:02 --------------------------
live
총 0 개 데이타 이동
END   2022-03-24 22:20:04 --------------------------


START 2022-03-24 22:30:02 --------------------------
live
총 0 개 데이타 이동
END   2022-03-24 22:30:04 --------------------------


START 2022-03-24 22:40:02 --------------------------
live
총 0 개 데이타 이동
END   2022-03-24 22:40:04 --------------------------


START 2022-03-24 22:50:02 --------------------------
live
총 0 개 데이타 이동
END   2022-03-24 22:50:04 --------------------------


START 2022-03-24 23:00:02 --------------------------
live
총 0 개 데이타 이동
END   2022-03-24 23:00:04 --------------------------


START 2022-03-24 23:10:01 --------------------------
live
총 0 개 데이타 이동
END   2022-03-24 23:10:04 --------------------------


START 2022-03-24 23:20:01 --------------------------
live
총 0 개 데이타 이동
END   2022-03-24 23:20:03 --------------------------


START 2022-03-24 23:30:01 --------------------------
live
총 0 개 데이타 이동
END   2022-03-24 23:30:03 --------------------------


START 2022-03-24 23:40:01 --------------------------
live
총 0 개 데이타 이동
END   2022-03-24 23:40:03 --------------------------


START 2022-03-24 23:50:01 --------------------------
live
총 0 개 데이타 이동
END   2022-03-24 23:50:03 --------------------------


