START 2022-10-18 00:00:01 --------------------------
live
총 0 개 데이타 이동
END   2022-10-18 00:00:01 --------------------------


START 2022-10-18 00:10:01 --------------------------
live
총 0 개 데이타 이동
END   2022-10-18 00:10:01 --------------------------


START 2022-10-18 00:20:01 --------------------------
live
총 0 개 데이타 이동
END   2022-10-18 00:20:01 --------------------------


START 2022-10-18 00:30:01 --------------------------
live
총 0 개 데이타 이동
END   2022-10-18 00:30:01 --------------------------


START 2022-10-18 00:40:01 --------------------------
live
총 0 개 데이타 이동
END   2022-10-18 00:40:01 --------------------------


START 2022-10-18 00:50:01 --------------------------
live
총 0 개 데이타 이동
END   2022-10-18 00:50:01 --------------------------


START 2022-10-18 01:00:04 --------------------------
live
총 0 개 데이타 이동
END   2022-10-18 01:00:04 --------------------------


START 2022-10-18 01:10:01 --------------------------
live
총 0 개 데이타 이동
END   2022-10-18 01:10:01 --------------------------


START 2022-10-18 01:20:01 --------------------------
live
총 0 개 데이타 이동
END   2022-10-18 01:20:01 --------------------------


START 2022-10-18 01:30:02 --------------------------
live
총 0 개 데이타 이동
END   2022-10-18 01:30:02 --------------------------


START 2022-10-18 01:40:01 --------------------------
live
총 0 개 데이타 이동
END   2022-10-18 01:40:01 --------------------------


START 2022-10-18 01:50:01 --------------------------
live
총 0 개 데이타 이동
END   2022-10-18 01:50:01 --------------------------


START 2022-10-18 02:00:04 --------------------------
live
총 0 개 데이타 이동
END   2022-10-18 02:00:04 --------------------------


START 2022-10-18 02:10:01 --------------------------
live
총 0 개 데이타 이동
END   2022-10-18 02:10:01 --------------------------


START 2022-10-18 02:20:01 --------------------------
live
총 0 개 데이타 이동
END   2022-10-18 02:20:01 --------------------------


START 2022-10-18 02:30:01 --------------------------
live
총 0 개 데이타 이동
END   2022-10-18 02:30:01 --------------------------


START 2022-10-18 02:40:01 --------------------------
live
총 0 개 데이타 이동
END   2022-10-18 02:40:01 --------------------------


START 2022-10-18 02:50:01 --------------------------
live
총 0 개 데이타 이동
END   2022-10-18 02:50:01 --------------------------


START 2022-10-18 03:00:04 --------------------------
live
총 0 개 데이타 이동
END   2022-10-18 03:00:04 --------------------------


START 2022-10-18 03:10:02 --------------------------
live
총 0 개 데이타 이동
END   2022-10-18 03:10:02 --------------------------


START 2022-10-18 03:20:01 --------------------------
live
총 0 개 데이타 이동
END   2022-10-18 03:20:01 --------------------------


START 2022-10-18 03:30:01 --------------------------
live
총 0 개 데이타 이동
END   2022-10-18 03:30:01 --------------------------


START 2022-10-18 03:40:01 --------------------------
live
총 0 개 데이타 이동
END   2022-10-18 03:40:01 --------------------------


START 2022-10-18 03:50:01 --------------------------
live
총 0 개 데이타 이동
END   2022-10-18 03:50:01 --------------------------


START 2022-10-18 04:00:03 --------------------------
live
총 0 개 데이타 이동
END   2022-10-18 04:00:03 --------------------------


START 2022-10-18 04:10:01 --------------------------
live
총 0 개 데이타 이동
END   2022-10-18 04:10:01 --------------------------


START 2022-10-18 04:20:01 --------------------------
live
총 0 개 데이타 이동
END   2022-10-18 04:20:01 --------------------------


START 2022-10-18 04:30:01 --------------------------
live
총 0 개 데이타 이동
END   2022-10-18 04:30:01 --------------------------


START 2022-10-18 04:40:01 --------------------------
live
총 0 개 데이타 이동
END   2022-10-18 04:40:01 --------------------------


START 2022-10-18 04:50:01 --------------------------
live
총 0 개 데이타 이동
END   2022-10-18 04:50:01 --------------------------


START 2022-10-18 05:00:01 --------------------------
live
총 0 개 데이타 이동
END   2022-10-18 05:00:01 --------------------------


START 2022-10-18 05:10:02 --------------------------
live
총 0 개 데이타 이동
END   2022-10-18 05:10:02 --------------------------


START 2022-10-18 05:20:01 --------------------------
live
총 0 개 데이타 이동
END   2022-10-18 05:20:01 --------------------------


START 2022-10-18 05:30:01 --------------------------
live
총 0 개 데이타 이동
END   2022-10-18 05:30:01 --------------------------


START 2022-10-18 05:40:01 --------------------------
live
총 0 개 데이타 이동
END   2022-10-18 05:40:01 --------------------------


START 2022-10-18 05:50:01 --------------------------
live
총 0 개 데이타 이동
END   2022-10-18 05:50:01 --------------------------


START 2022-10-18 06:00:01 --------------------------
live
총 0 개 데이타 이동
END   2022-10-18 06:00:01 --------------------------


START 2022-10-18 06:10:02 --------------------------
live
총 0 개 데이타 이동
END   2022-10-18 06:10:02 --------------------------


START 2022-10-18 06:20:01 --------------------------
live
총 0 개 데이타 이동
END   2022-10-18 06:20:01 --------------------------


START 2022-10-18 06:30:01 --------------------------
live
총 0 개 데이타 이동
END   2022-10-18 06:30:01 --------------------------


START 2022-10-18 06:40:01 --------------------------
live
총 0 개 데이타 이동
END   2022-10-18 06:40:01 --------------------------


START 2022-10-18 06:50:01 --------------------------
live
총 0 개 데이타 이동
END   2022-10-18 06:50:01 --------------------------


START 2022-10-18 07:00:01 --------------------------
live
총 0 개 데이타 이동
END   2022-10-18 07:00:01 --------------------------


START 2022-10-18 07:10:01 --------------------------
live
총 0 개 데이타 이동
END   2022-10-18 07:10:01 --------------------------


START 2022-10-18 07:20:01 --------------------------
live
총 0 개 데이타 이동
END   2022-10-18 07:20:01 --------------------------


START 2022-10-18 07:30:01 --------------------------
live
총 0 개 데이타 이동
END   2022-10-18 07:30:01 --------------------------


START 2022-10-18 07:40:01 --------------------------
live
총 0 개 데이타 이동
END   2022-10-18 07:40:01 --------------------------


START 2022-10-18 07:50:01 --------------------------
live
총 0 개 데이타 이동
END   2022-10-18 07:50:01 --------------------------


START 2022-10-18 08:00:01 --------------------------
live
총 0 개 데이타 이동
END   2022-10-18 08:00:01 --------------------------


START 2022-10-18 08:10:02 --------------------------
live
총 0 개 데이타 이동
END   2022-10-18 08:10:02 --------------------------


START 2022-10-18 08:20:01 --------------------------
live
총 0 개 데이타 이동
END   2022-10-18 08:20:01 --------------------------


START 2022-10-18 08:30:01 --------------------------
live
총 0 개 데이타 이동
END   2022-10-18 08:30:01 --------------------------


START 2022-10-18 08:40:02 --------------------------
live
총 0 개 데이타 이동
END   2022-10-18 08:40:02 --------------------------


START 2022-10-18 08:50:01 --------------------------
live
총 0 개 데이타 이동
END   2022-10-18 08:50:01 --------------------------


START 2022-10-18 09:00:01 --------------------------
live
총 0 개 데이타 이동
END   2022-10-18 09:00:01 --------------------------


START 2022-10-18 09:10:01 --------------------------
live
총 0 개 데이타 이동
END   2022-10-18 09:10:01 --------------------------


START 2022-10-18 09:20:01 --------------------------
live
총 0 개 데이타 이동
END   2022-10-18 09:20:01 --------------------------


START 2022-10-18 09:30:01 --------------------------
live
총 0 개 데이타 이동
END   2022-10-18 09:30:01 --------------------------


START 2022-10-18 09:40:01 --------------------------
live
총 0 개 데이타 이동
END   2022-10-18 09:40:01 --------------------------


START 2022-10-18 09:50:01 --------------------------
live
총 0 개 데이타 이동
END   2022-10-18 09:50:01 --------------------------


START 2022-10-18 10:00:01 --------------------------
live
총 0 개 데이타 이동
END   2022-10-18 10:00:01 --------------------------


START 2022-10-18 10:10:01 --------------------------
live
총 0 개 데이타 이동
END   2022-10-18 10:10:01 --------------------------


START 2022-10-18 10:20:01 --------------------------
live
총 0 개 데이타 이동
END   2022-10-18 10:20:01 --------------------------


START 2022-10-18 10:30:01 --------------------------
live
총 0 개 데이타 이동
END   2022-10-18 10:30:01 --------------------------


START 2022-10-18 10:40:04 --------------------------
live
총 0 개 데이타 이동
END   2022-10-18 10:40:04 --------------------------


START 2022-10-18 10:50:01 --------------------------
live
총 0 개 데이타 이동
END   2022-10-18 10:50:01 --------------------------


START 2022-10-18 11:00:01 --------------------------
live
총 0 개 데이타 이동
END   2022-10-18 11:00:01 --------------------------


START 2022-10-18 11:10:01 --------------------------
live
총 0 개 데이타 이동
END   2022-10-18 11:10:01 --------------------------


START 2022-10-18 11:20:01 --------------------------
live
총 0 개 데이타 이동
END   2022-10-18 11:20:01 --------------------------


START 2022-10-18 11:30:01 --------------------------
live
총 0 개 데이타 이동
END   2022-10-18 11:30:01 --------------------------


START 2022-10-18 11:40:01 --------------------------
live
총 0 개 데이타 이동
END   2022-10-18 11:40:02 --------------------------


START 2022-10-18 11:50:01 --------------------------
live
총 0 개 데이타 이동
END   2022-10-18 11:50:02 --------------------------


START 2022-10-18 12:00:01 --------------------------
live
총 0 개 데이타 이동
END   2022-10-18 12:00:01 --------------------------


START 2022-10-18 12:10:01 --------------------------
live
총 0 개 데이타 이동
END   2022-10-18 12:10:01 --------------------------


START 2022-10-18 12:20:01 --------------------------
live
총 0 개 데이타 이동
END   2022-10-18 12:20:01 --------------------------


START 2022-10-18 12:30:01 --------------------------
live
총 0 개 데이타 이동
END   2022-10-18 12:30:01 --------------------------


START 2022-10-18 12:40:02 --------------------------
live
총 0 개 데이타 이동
END   2022-10-18 12:40:02 --------------------------


START 2022-10-18 12:50:01 --------------------------
live
총 0 개 데이타 이동
END   2022-10-18 12:50:01 --------------------------


START 2022-10-18 13:00:01 --------------------------
live
총 0 개 데이타 이동
END   2022-10-18 13:00:01 --------------------------


START 2022-10-18 13:10:01 --------------------------
live
총 0 개 데이타 이동
END   2022-10-18 13:10:01 --------------------------


START 2022-10-18 13:20:01 --------------------------
live
총 0 개 데이타 이동
END   2022-10-18 13:20:01 --------------------------


START 2022-10-18 13:30:01 --------------------------
live
총 0 개 데이타 이동
END   2022-10-18 13:30:01 --------------------------


START 2022-10-18 13:40:01 --------------------------
live
총 0 개 데이타 이동
END   2022-10-18 13:40:01 --------------------------


START 2022-10-18 13:50:01 --------------------------
live
총 0 개 데이타 이동
END   2022-10-18 13:50:01 --------------------------


START 2022-10-18 14:00:01 --------------------------
live
총 0 개 데이타 이동
END   2022-10-18 14:00:01 --------------------------


START 2022-10-18 14:10:01 --------------------------
live
총 0 개 데이타 이동
END   2022-10-18 14:10:01 --------------------------


START 2022-10-18 14:20:03 --------------------------
live
총 0 개 데이타 이동
END   2022-10-18 14:20:03 --------------------------


START 2022-10-18 14:30:01 --------------------------
live
총 0 개 데이타 이동
END   2022-10-18 14:30:01 --------------------------


START 2022-10-18 14:40:01 --------------------------
live
총 0 개 데이타 이동
END   2022-10-18 14:40:01 --------------------------


START 2022-10-18 14:50:01 --------------------------
live
총 0 개 데이타 이동
END   2022-10-18 14:50:01 --------------------------


START 2022-10-18 15:00:01 --------------------------
live
총 0 개 데이타 이동
END   2022-10-18 15:00:01 --------------------------


START 2022-10-18 15:10:01 --------------------------
live
총 0 개 데이타 이동
END   2022-10-18 15:10:01 --------------------------


START 2022-10-18 15:20:01 --------------------------
live
총 0 개 데이타 이동
END   2022-10-18 15:20:02 --------------------------


START 2022-10-18 15:30:01 --------------------------
live
총 0 개 데이타 이동
END   2022-10-18 15:30:01 --------------------------


START 2022-10-18 15:40:01 --------------------------
live
총 0 개 데이타 이동
END   2022-10-18 15:40:01 --------------------------


START 2022-10-18 15:50:01 --------------------------
live
총 14 개 데이타 이동
데이타 이동 시작 *****
3111407 01024568888 -- 3111408 01056179090 -- 3111409 01080060401 -- 3111410 01032809295 -- 3111411 01088944740 -- 3111412 01067241409 -- 3111413 01064063972 -- 3111414 01086246176 -- 3111415 01047693024 -- 3111416 01048474041 -- 3111417 01090838172 -- 3111418 01050297528 -- 3111419 01082299622 -- 3111420 01033358065 -- 
END   2022-10-18 15:50:01 --------------------------


START 2022-10-18 16:00:01 --------------------------
live
총 0 개 데이타 이동
END   2022-10-18 16:00:01 --------------------------


START 2022-10-18 16:10:01 --------------------------
live
총 0 개 데이타 이동
END   2022-10-18 16:10:01 --------------------------


START 2022-10-18 16:20:04 --------------------------
live
총 0 개 데이타 이동
END   2022-10-18 16:20:04 --------------------------


START 2022-10-18 16:30:01 --------------------------
live
총 0 개 데이타 이동
END   2022-10-18 16:30:01 --------------------------


START 2022-10-18 16:40:01 --------------------------
live
총 0 개 데이타 이동
END   2022-10-18 16:40:01 --------------------------


START 2022-10-18 16:50:01 --------------------------
live
총 0 개 데이타 이동
END   2022-10-18 16:50:01 --------------------------


START 2022-10-18 17:00:01 --------------------------
live
총 0 개 데이타 이동
END   2022-10-18 17:00:02 --------------------------


START 2022-10-18 17:10:01 --------------------------
live
총 0 개 데이타 이동
END   2022-10-18 17:10:01 --------------------------


START 2022-10-18 17:20:01 --------------------------
live
총 0 개 데이타 이동
END   2022-10-18 17:20:01 --------------------------


START 2022-10-18 17:30:02 --------------------------
live
총 0 개 데이타 이동
END   2022-10-18 17:30:02 --------------------------


START 2022-10-18 17:40:01 --------------------------
live
총 0 개 데이타 이동
END   2022-10-18 17:40:01 --------------------------


START 2022-10-18 17:50:01 --------------------------
live
총 0 개 데이타 이동
END   2022-10-18 17:50:01 --------------------------


START 2022-10-18 18:00:01 --------------------------
live
총 0 개 데이타 이동
END   2022-10-18 18:00:01 --------------------------


START 2022-10-18 18:10:01 --------------------------
live
총 0 개 데이타 이동
END   2022-10-18 18:10:01 --------------------------


START 2022-10-18 18:20:01 --------------------------
live
총 0 개 데이타 이동
END   2022-10-18 18:20:01 --------------------------


START 2022-10-18 18:30:01 --------------------------
live
총 0 개 데이타 이동
END   2022-10-18 18:30:01 --------------------------


START 2022-10-18 18:40:01 --------------------------
live
총 0 개 데이타 이동
END   2022-10-18 18:40:01 --------------------------


START 2022-10-18 18:50:01 --------------------------
live
총 0 개 데이타 이동
END   2022-10-18 18:50:01 --------------------------


START 2022-10-18 19:00:01 --------------------------
live
총 0 개 데이타 이동
END   2022-10-18 19:00:01 --------------------------


START 2022-10-18 19:10:01 --------------------------
live
총 0 개 데이타 이동
END   2022-10-18 19:10:01 --------------------------


START 2022-10-18 19:20:02 --------------------------
live
총 0 개 데이타 이동
END   2022-10-18 19:20:02 --------------------------


START 2022-10-18 19:30:01 --------------------------
live
총 0 개 데이타 이동
END   2022-10-18 19:30:01 --------------------------


START 2022-10-18 19:40:01 --------------------------
live
총 0 개 데이타 이동
END   2022-10-18 19:40:01 --------------------------


START 2022-10-18 19:50:01 --------------------------
live
총 0 개 데이타 이동
END   2022-10-18 19:50:01 --------------------------


START 2022-10-18 20:00:03 --------------------------
live
총 0 개 데이타 이동
END   2022-10-18 20:00:03 --------------------------


START 2022-10-18 20:10:01 --------------------------
live
총 0 개 데이타 이동
END   2022-10-18 20:10:01 --------------------------


START 2022-10-18 20:20:01 --------------------------
live
총 0 개 데이타 이동
END   2022-10-18 20:20:01 --------------------------


START 2022-10-18 20:30:01 --------------------------
live
총 0 개 데이타 이동
END   2022-10-18 20:30:01 --------------------------


START 2022-10-18 20:40:02 --------------------------
live
총 0 개 데이타 이동
END   2022-10-18 20:40:02 --------------------------


START 2022-10-18 20:50:01 --------------------------
live
총 0 개 데이타 이동
END   2022-10-18 20:50:01 --------------------------


START 2022-10-18 21:00:01 --------------------------
live
총 0 개 데이타 이동
END   2022-10-18 21:00:01 --------------------------


START 2022-10-18 21:10:02 --------------------------
live
총 0 개 데이타 이동
END   2022-10-18 21:10:02 --------------------------


START 2022-10-18 21:20:01 --------------------------
live
총 0 개 데이타 이동
END   2022-10-18 21:20:01 --------------------------


START 2022-10-18 21:30:01 --------------------------
live
총 0 개 데이타 이동
END   2022-10-18 21:30:01 --------------------------


START 2022-10-18 21:40:02 --------------------------
live
총 0 개 데이타 이동
END   2022-10-18 21:40:02 --------------------------


START 2022-10-18 21:50:01 --------------------------
live
총 0 개 데이타 이동
END   2022-10-18 21:50:01 --------------------------


START 2022-10-18 22:00:01 --------------------------
live
총 0 개 데이타 이동
END   2022-10-18 22:00:01 --------------------------


START 2022-10-18 22:10:01 --------------------------
live
총 0 개 데이타 이동
END   2022-10-18 22:10:01 --------------------------


START 2022-10-18 22:20:02 --------------------------
live
총 0 개 데이타 이동
END   2022-10-18 22:20:02 --------------------------


START 2022-10-18 22:30:01 --------------------------
live
총 0 개 데이타 이동
END   2022-10-18 22:30:01 --------------------------


START 2022-10-18 22:40:01 --------------------------
live
총 0 개 데이타 이동
END   2022-10-18 22:40:01 --------------------------


START 2022-10-18 22:50:01 --------------------------
live
총 0 개 데이타 이동
END   2022-10-18 22:50:01 --------------------------


START 2022-10-18 23:00:01 --------------------------
live
총 0 개 데이타 이동
END   2022-10-18 23:00:01 --------------------------


START 2022-10-18 23:10:02 --------------------------
live
총 0 개 데이타 이동
END   2022-10-18 23:10:02 --------------------------


START 2022-10-18 23:20:01 --------------------------
live
총 0 개 데이타 이동
END   2022-10-18 23:20:01 --------------------------


START 2022-10-18 23:30:01 --------------------------
live
총 0 개 데이타 이동
END   2022-10-18 23:30:01 --------------------------


START 2022-10-18 23:40:01 --------------------------
live
총 0 개 데이타 이동
END   2022-10-18 23:40:01 --------------------------


START 2022-10-18 23:50:01 --------------------------
live
총 0 개 데이타 이동
END   2022-10-18 23:50:01 --------------------------


