START 2022-06-15 00:00:01 --------------------------
live
총 0 개 데이타 이동
END   2022-06-15 00:00:01 --------------------------


START 2022-06-15 00:10:01 --------------------------
live
총 0 개 데이타 이동
END   2022-06-15 00:10:01 --------------------------


START 2022-06-15 00:20:01 --------------------------
live
총 0 개 데이타 이동
END   2022-06-15 00:20:01 --------------------------


START 2022-06-15 00:30:01 --------------------------
live
총 0 개 데이타 이동
END   2022-06-15 00:30:01 --------------------------


START 2022-06-15 00:40:01 --------------------------
live
총 0 개 데이타 이동
END   2022-06-15 00:40:01 --------------------------


START 2022-06-15 00:50:01 --------------------------
live
총 0 개 데이타 이동
END   2022-06-15 00:50:01 --------------------------


START 2022-06-15 01:00:01 --------------------------
live
총 0 개 데이타 이동
END   2022-06-15 01:00:01 --------------------------


START 2022-06-15 01:10:01 --------------------------
live
총 0 개 데이타 이동
END   2022-06-15 01:10:01 --------------------------


START 2022-06-15 01:20:01 --------------------------
live
총 0 개 데이타 이동
END   2022-06-15 01:20:01 --------------------------


START 2022-06-15 01:30:01 --------------------------
live
총 0 개 데이타 이동
END   2022-06-15 01:30:01 --------------------------


START 2022-06-15 01:40:01 --------------------------
live
총 0 개 데이타 이동
END   2022-06-15 01:40:01 --------------------------


START 2022-06-15 01:50:01 --------------------------
live
총 0 개 데이타 이동
END   2022-06-15 01:50:01 --------------------------


START 2022-06-15 02:00:01 --------------------------
live
총 0 개 데이타 이동
END   2022-06-15 02:00:01 --------------------------


START 2022-06-15 02:10:01 --------------------------
live
총 0 개 데이타 이동
END   2022-06-15 02:10:01 --------------------------


START 2022-06-15 02:20:02 --------------------------
live
총 0 개 데이타 이동
END   2022-06-15 02:20:02 --------------------------


START 2022-06-15 02:30:01 --------------------------
live
총 0 개 데이타 이동
END   2022-06-15 02:30:01 --------------------------


START 2022-06-15 02:40:01 --------------------------
live
총 0 개 데이타 이동
END   2022-06-15 02:40:01 --------------------------


START 2022-06-15 02:50:01 --------------------------
live
총 0 개 데이타 이동
END   2022-06-15 02:50:01 --------------------------


START 2022-06-15 03:00:01 --------------------------
live
총 0 개 데이타 이동
END   2022-06-15 03:00:01 --------------------------


START 2022-06-15 03:10:01 --------------------------
live
총 0 개 데이타 이동
END   2022-06-15 03:10:01 --------------------------


START 2022-06-15 03:20:01 --------------------------
live
총 0 개 데이타 이동
END   2022-06-15 03:20:01 --------------------------


START 2022-06-15 03:30:01 --------------------------
live
총 0 개 데이타 이동
END   2022-06-15 03:30:01 --------------------------


START 2022-06-15 03:40:01 --------------------------
live
총 0 개 데이타 이동
END   2022-06-15 03:40:01 --------------------------


START 2022-06-15 03:50:01 --------------------------
live
총 0 개 데이타 이동
END   2022-06-15 03:50:01 --------------------------


START 2022-06-15 04:00:01 --------------------------
live
총 0 개 데이타 이동
END   2022-06-15 04:00:01 --------------------------


START 2022-06-15 04:10:02 --------------------------
live
총 0 개 데이타 이동
END   2022-06-15 04:10:02 --------------------------


START 2022-06-15 04:20:01 --------------------------
live
총 0 개 데이타 이동
END   2022-06-15 04:20:01 --------------------------


START 2022-06-15 04:30:01 --------------------------
live
총 0 개 데이타 이동
END   2022-06-15 04:30:01 --------------------------


START 2022-06-15 04:40:01 --------------------------
live
총 0 개 데이타 이동
END   2022-06-15 04:40:01 --------------------------


START 2022-06-15 04:50:01 --------------------------
live
총 0 개 데이타 이동
END   2022-06-15 04:50:01 --------------------------


START 2022-06-15 05:00:01 --------------------------
live
총 0 개 데이타 이동
END   2022-06-15 05:00:02 --------------------------


START 2022-06-15 05:10:01 --------------------------
live
총 0 개 데이타 이동
END   2022-06-15 05:10:01 --------------------------


START 2022-06-15 05:20:01 --------------------------
live
총 0 개 데이타 이동
END   2022-06-15 05:20:01 --------------------------


START 2022-06-15 05:30:01 --------------------------
live
총 0 개 데이타 이동
END   2022-06-15 05:30:01 --------------------------


START 2022-06-15 05:40:01 --------------------------
live
총 0 개 데이타 이동
END   2022-06-15 05:40:01 --------------------------


START 2022-06-15 05:50:01 --------------------------
live
총 0 개 데이타 이동
END   2022-06-15 05:50:01 --------------------------


START 2022-06-15 06:00:02 --------------------------
live
총 0 개 데이타 이동
END   2022-06-15 06:00:02 --------------------------


START 2022-06-15 06:10:01 --------------------------
live
총 0 개 데이타 이동
END   2022-06-15 06:10:01 --------------------------


START 2022-06-15 06:20:01 --------------------------
live
총 0 개 데이타 이동
END   2022-06-15 06:20:01 --------------------------


START 2022-06-15 06:30:01 --------------------------
live
총 0 개 데이타 이동
END   2022-06-15 06:30:01 --------------------------


START 2022-06-15 06:40:01 --------------------------
live
총 0 개 데이타 이동
END   2022-06-15 06:40:01 --------------------------


START 2022-06-15 06:50:02 --------------------------
live
총 0 개 데이타 이동
END   2022-06-15 06:50:02 --------------------------


START 2022-06-15 07:00:01 --------------------------
live
총 0 개 데이타 이동
END   2022-06-15 07:00:01 --------------------------


START 2022-06-15 07:10:02 --------------------------
live
총 0 개 데이타 이동
END   2022-06-15 07:10:02 --------------------------


START 2022-06-15 07:20:01 --------------------------
live
총 0 개 데이타 이동
END   2022-06-15 07:20:01 --------------------------


START 2022-06-15 07:30:02 --------------------------
live
총 0 개 데이타 이동
END   2022-06-15 07:30:02 --------------------------


START 2022-06-15 07:40:01 --------------------------
live
총 0 개 데이타 이동
END   2022-06-15 07:40:01 --------------------------


START 2022-06-15 07:50:01 --------------------------
live
총 0 개 데이타 이동
END   2022-06-15 07:50:01 --------------------------


START 2022-06-15 08:00:01 --------------------------
live
총 0 개 데이타 이동
END   2022-06-15 08:00:01 --------------------------


START 2022-06-15 08:10:01 --------------------------
live
총 0 개 데이타 이동
END   2022-06-15 08:10:01 --------------------------


START 2022-06-15 08:20:01 --------------------------
live
총 0 개 데이타 이동
END   2022-06-15 08:20:01 --------------------------


START 2022-06-15 08:30:01 --------------------------
live
총 0 개 데이타 이동
END   2022-06-15 08:30:01 --------------------------


START 2022-06-15 08:40:02 --------------------------
live
총 0 개 데이타 이동
END   2022-06-15 08:40:02 --------------------------


START 2022-06-15 08:50:01 --------------------------
live
총 0 개 데이타 이동
END   2022-06-15 08:50:01 --------------------------


START 2022-06-15 09:00:02 --------------------------
live
총 0 개 데이타 이동
END   2022-06-15 09:00:02 --------------------------


START 2022-06-15 09:10:01 --------------------------
live
총 0 개 데이타 이동
END   2022-06-15 09:10:01 --------------------------


START 2022-06-15 09:20:01 --------------------------
live
총 0 개 데이타 이동
END   2022-06-15 09:20:01 --------------------------


START 2022-06-15 09:30:01 --------------------------
live
총 0 개 데이타 이동
END   2022-06-15 09:30:01 --------------------------


START 2022-06-15 09:40:01 --------------------------
live
총 0 개 데이타 이동
END   2022-06-15 09:40:01 --------------------------


START 2022-06-15 09:50:01 --------------------------
live
총 0 개 데이타 이동
END   2022-06-15 09:50:01 --------------------------


START 2022-06-15 10:00:01 --------------------------
live
총 0 개 데이타 이동
END   2022-06-15 10:00:01 --------------------------


START 2022-06-15 10:10:02 --------------------------
live
총 0 개 데이타 이동
END   2022-06-15 10:10:02 --------------------------


START 2022-06-15 10:20:01 --------------------------
live
총 0 개 데이타 이동
END   2022-06-15 10:20:01 --------------------------


START 2022-06-15 10:30:02 --------------------------
live
총 0 개 데이타 이동
END   2022-06-15 10:30:02 --------------------------


START 2022-06-15 10:40:01 --------------------------
live
총 0 개 데이타 이동
END   2022-06-15 10:40:01 --------------------------


START 2022-06-15 10:50:02 --------------------------
live
총 0 개 데이타 이동
END   2022-06-15 10:50:02 --------------------------


START 2022-06-15 11:00:01 --------------------------
live
총 0 개 데이타 이동
END   2022-06-15 11:00:01 --------------------------


START 2022-06-15 11:10:01 --------------------------
live
총 0 개 데이타 이동
END   2022-06-15 11:10:01 --------------------------


START 2022-06-15 11:20:02 --------------------------
live
총 0 개 데이타 이동
END   2022-06-15 11:20:02 --------------------------


START 2022-06-15 11:30:01 --------------------------
live
총 0 개 데이타 이동
END   2022-06-15 11:30:01 --------------------------


START 2022-06-15 11:40:01 --------------------------
live
총 0 개 데이타 이동
END   2022-06-15 11:40:01 --------------------------


START 2022-06-15 11:50:02 --------------------------
live
총 0 개 데이타 이동
END   2022-06-15 11:50:02 --------------------------


START 2022-06-15 12:00:01 --------------------------
live
총 0 개 데이타 이동
END   2022-06-15 12:00:01 --------------------------


START 2022-06-15 12:10:02 --------------------------
live
총 0 개 데이타 이동
END   2022-06-15 12:10:02 --------------------------


START 2022-06-15 12:20:01 --------------------------
live
총 0 개 데이타 이동
END   2022-06-15 12:20:01 --------------------------


START 2022-06-15 12:30:01 --------------------------
live
2 개의 삭제대상 레코드 발견
delete from cf_Msg_Tran where moved='Y' and Send_Time < now() - interval 30 DAY
2 개 삭제

총 0 개 데이타 이동
END   2022-06-15 12:30:02 --------------------------


START 2022-06-15 12:40:01 --------------------------
live
총 0 개 데이타 이동
END   2022-06-15 12:40:01 --------------------------


START 2022-06-15 12:50:01 --------------------------
live
총 0 개 데이타 이동
END   2022-06-15 12:50:01 --------------------------


START 2022-06-15 13:00:01 --------------------------
live
총 0 개 데이타 이동
END   2022-06-15 13:00:01 --------------------------


START 2022-06-15 13:10:01 --------------------------
live
총 0 개 데이타 이동
END   2022-06-15 13:10:01 --------------------------


START 2022-06-15 13:20:01 --------------------------
live
총 0 개 데이타 이동
END   2022-06-15 13:20:01 --------------------------


START 2022-06-15 13:30:01 --------------------------
live
총 0 개 데이타 이동
END   2022-06-15 13:30:01 --------------------------


START 2022-06-15 13:40:02 --------------------------
live
총 0 개 데이타 이동
END   2022-06-15 13:40:02 --------------------------


START 2022-06-15 13:50:01 --------------------------
live
총 0 개 데이타 이동
END   2022-06-15 13:50:01 --------------------------


START 2022-06-15 14:00:01 --------------------------
live
총 0 개 데이타 이동
END   2022-06-15 14:00:01 --------------------------


START 2022-06-15 14:10:01 --------------------------
live
총 0 개 데이타 이동
END   2022-06-15 14:10:01 --------------------------


START 2022-06-15 14:20:01 --------------------------
live
총 0 개 데이타 이동
END   2022-06-15 14:20:01 --------------------------


START 2022-06-15 14:30:01 --------------------------
live
총 0 개 데이타 이동
END   2022-06-15 14:30:01 --------------------------


START 2022-06-15 14:40:01 --------------------------
live
총 0 개 데이타 이동
END   2022-06-15 14:40:01 --------------------------


START 2022-06-15 14:50:01 --------------------------
live
총 0 개 데이타 이동
END   2022-06-15 14:50:01 --------------------------


START 2022-06-15 15:00:01 --------------------------
live
총 0 개 데이타 이동
END   2022-06-15 15:00:01 --------------------------


START 2022-06-15 15:10:01 --------------------------
live
총 0 개 데이타 이동
END   2022-06-15 15:10:01 --------------------------


START 2022-06-15 15:20:01 --------------------------
live
총 0 개 데이타 이동
END   2022-06-15 15:20:01 --------------------------


START 2022-06-15 15:30:01 --------------------------
live
총 0 개 데이타 이동
END   2022-06-15 15:30:01 --------------------------


START 2022-06-15 15:40:01 --------------------------
live
총 0 개 데이타 이동
END   2022-06-15 15:40:01 --------------------------


START 2022-06-15 15:50:01 --------------------------
live
총 0 개 데이타 이동
END   2022-06-15 15:50:01 --------------------------


START 2022-06-15 16:00:01 --------------------------
live
총 0 개 데이타 이동
END   2022-06-15 16:00:01 --------------------------


START 2022-06-15 16:10:01 --------------------------
live
총 0 개 데이타 이동
END   2022-06-15 16:10:01 --------------------------


START 2022-06-15 16:20:01 --------------------------
live
총 0 개 데이타 이동
END   2022-06-15 16:20:01 --------------------------


START 2022-06-15 16:30:01 --------------------------
live
총 0 개 데이타 이동
END   2022-06-15 16:30:01 --------------------------


START 2022-06-15 16:40:02 --------------------------
live
총 0 개 데이타 이동
END   2022-06-15 16:40:02 --------------------------


START 2022-06-15 16:50:01 --------------------------
live
총 0 개 데이타 이동
END   2022-06-15 16:50:01 --------------------------


START 2022-06-15 17:00:02 --------------------------
live
총 0 개 데이타 이동
END   2022-06-15 17:00:02 --------------------------


START 2022-06-15 17:10:01 --------------------------
live
총 0 개 데이타 이동
END   2022-06-15 17:10:01 --------------------------


START 2022-06-15 17:20:02 --------------------------
live
총 0 개 데이타 이동
END   2022-06-15 17:20:02 --------------------------


START 2022-06-15 17:30:01 --------------------------
live
총 0 개 데이타 이동
END   2022-06-15 17:30:01 --------------------------


START 2022-06-15 17:40:02 --------------------------
live
총 0 개 데이타 이동
END   2022-06-15 17:40:02 --------------------------


START 2022-06-15 17:50:01 --------------------------
live
총 0 개 데이타 이동
END   2022-06-15 17:50:01 --------------------------


START 2022-06-15 18:00:01 --------------------------
live
총 0 개 데이타 이동
END   2022-06-15 18:00:01 --------------------------


START 2022-06-15 18:10:01 --------------------------
live
총 0 개 데이타 이동
END   2022-06-15 18:10:01 --------------------------


START 2022-06-15 18:20:01 --------------------------
live
총 0 개 데이타 이동
END   2022-06-15 18:20:01 --------------------------


START 2022-06-15 18:30:01 --------------------------
live
총 0 개 데이타 이동
END   2022-06-15 18:30:01 --------------------------


START 2022-06-15 18:40:01 --------------------------
live
총 0 개 데이타 이동
END   2022-06-15 18:40:01 --------------------------


START 2022-06-15 18:50:02 --------------------------
live
총 0 개 데이타 이동
END   2022-06-15 18:50:02 --------------------------


START 2022-06-15 19:00:01 --------------------------
live
총 0 개 데이타 이동
END   2022-06-15 19:00:01 --------------------------


START 2022-06-15 19:10:01 --------------------------
live
총 0 개 데이타 이동
END   2022-06-15 19:10:01 --------------------------


START 2022-06-15 19:20:01 --------------------------
live
총 0 개 데이타 이동
END   2022-06-15 19:20:01 --------------------------


START 2022-06-15 19:30:01 --------------------------
live
총 0 개 데이타 이동
END   2022-06-15 19:30:01 --------------------------


START 2022-06-15 19:40:02 --------------------------
live
총 0 개 데이타 이동
END   2022-06-15 19:40:02 --------------------------


START 2022-06-15 19:50:01 --------------------------
live
총 0 개 데이타 이동
END   2022-06-15 19:50:01 --------------------------


START 2022-06-15 20:00:01 --------------------------
live
총 0 개 데이타 이동
END   2022-06-15 20:00:01 --------------------------


START 2022-06-15 20:10:01 --------------------------
live
총 0 개 데이타 이동
END   2022-06-15 20:10:01 --------------------------


START 2022-06-15 20:20:01 --------------------------
live
총 0 개 데이타 이동
END   2022-06-15 20:20:01 --------------------------


START 2022-06-15 20:30:02 --------------------------
live
총 0 개 데이타 이동
END   2022-06-15 20:30:02 --------------------------


START 2022-06-15 20:40:01 --------------------------
live
총 0 개 데이타 이동
END   2022-06-15 20:40:01 --------------------------


START 2022-06-15 20:50:01 --------------------------
live
총 0 개 데이타 이동
END   2022-06-15 20:50:01 --------------------------


START 2022-06-15 21:00:01 --------------------------
live
총 0 개 데이타 이동
END   2022-06-15 21:00:01 --------------------------


START 2022-06-15 21:10:01 --------------------------
live
총 0 개 데이타 이동
END   2022-06-15 21:10:01 --------------------------


START 2022-06-15 21:20:01 --------------------------
live
총 0 개 데이타 이동
END   2022-06-15 21:20:01 --------------------------


START 2022-06-15 21:30:01 --------------------------
live
총 0 개 데이타 이동
END   2022-06-15 21:30:01 --------------------------


START 2022-06-15 21:40:01 --------------------------
live
총 0 개 데이타 이동
END   2022-06-15 21:40:01 --------------------------


START 2022-06-15 21:50:01 --------------------------
live
총 0 개 데이타 이동
END   2022-06-15 21:50:01 --------------------------


START 2022-06-15 22:00:01 --------------------------
live
총 0 개 데이타 이동
END   2022-06-15 22:00:01 --------------------------


START 2022-06-15 22:10:01 --------------------------
live
총 0 개 데이타 이동
END   2022-06-15 22:10:01 --------------------------


START 2022-06-15 22:20:02 --------------------------
live
총 0 개 데이타 이동
END   2022-06-15 22:20:02 --------------------------


START 2022-06-15 22:30:01 --------------------------
live
총 0 개 데이타 이동
END   2022-06-15 22:30:01 --------------------------


START 2022-06-15 22:40:02 --------------------------
live
총 0 개 데이타 이동
END   2022-06-15 22:40:02 --------------------------


START 2022-06-15 22:50:01 --------------------------
live
총 0 개 데이타 이동
END   2022-06-15 22:50:01 --------------------------


START 2022-06-15 23:00:01 --------------------------
live
총 0 개 데이타 이동
END   2022-06-15 23:00:01 --------------------------


START 2022-06-15 23:10:02 --------------------------
live
총 0 개 데이타 이동
END   2022-06-15 23:10:02 --------------------------


START 2022-06-15 23:20:01 --------------------------
live
총 0 개 데이타 이동
END   2022-06-15 23:20:01 --------------------------


START 2022-06-15 23:30:01 --------------------------
live
총 0 개 데이타 이동
END   2022-06-15 23:30:01 --------------------------


START 2022-06-15 23:40:01 --------------------------
live
총 0 개 데이타 이동
END   2022-06-15 23:40:01 --------------------------


START 2022-06-15 23:50:01 --------------------------
live
총 0 개 데이타 이동
END   2022-06-15 23:50:01 --------------------------


