START 2022-01-19 00:00:01 --------------------------
live
총 0 개 데이타 이동
END   2022-01-19 00:00:03 --------------------------


START 2022-01-19 00:10:01 --------------------------
live
총 0 개 데이타 이동
END   2022-01-19 00:10:03 --------------------------


START 2022-01-19 00:20:02 --------------------------
live
총 0 개 데이타 이동
END   2022-01-19 00:20:03 --------------------------


START 2022-01-19 00:30:01 --------------------------
live
총 0 개 데이타 이동
END   2022-01-19 00:30:03 --------------------------


START 2022-01-19 00:40:01 --------------------------
live
총 0 개 데이타 이동
END   2022-01-19 00:40:03 --------------------------


START 2022-01-19 00:50:02 --------------------------
live
총 0 개 데이타 이동
END   2022-01-19 00:50:03 --------------------------


START 2022-01-19 01:00:01 --------------------------
live
총 0 개 데이타 이동
END   2022-01-19 01:00:03 --------------------------


START 2022-01-19 01:10:02 --------------------------
live
총 0 개 데이타 이동
END   2022-01-19 01:10:04 --------------------------


START 2022-01-19 01:20:01 --------------------------
live
총 0 개 데이타 이동
END   2022-01-19 01:20:03 --------------------------


START 2022-01-19 01:30:02 --------------------------
live
총 0 개 데이타 이동
END   2022-01-19 01:30:03 --------------------------


START 2022-01-19 01:40:01 --------------------------
live
총 0 개 데이타 이동
END   2022-01-19 01:40:03 --------------------------


START 2022-01-19 01:50:01 --------------------------
live
총 0 개 데이타 이동
END   2022-01-19 01:50:03 --------------------------


START 2022-01-19 02:00:02 --------------------------
live
총 0 개 데이타 이동
END   2022-01-19 02:00:04 --------------------------


START 2022-01-19 02:10:01 --------------------------
live
총 0 개 데이타 이동
END   2022-01-19 02:10:03 --------------------------


START 2022-01-19 02:20:01 --------------------------
live
총 0 개 데이타 이동
END   2022-01-19 02:20:03 --------------------------


START 2022-01-19 02:30:01 --------------------------
live
총 0 개 데이타 이동
END   2022-01-19 02:30:03 --------------------------


START 2022-01-19 02:40:02 --------------------------
live
총 0 개 데이타 이동
END   2022-01-19 02:40:03 --------------------------


START 2022-01-19 02:50:01 --------------------------
live
총 0 개 데이타 이동
END   2022-01-19 02:50:03 --------------------------


START 2022-01-19 03:00:01 --------------------------
live
총 0 개 데이타 이동
END   2022-01-19 03:00:03 --------------------------


START 2022-01-19 03:10:01 --------------------------
live
총 0 개 데이타 이동
END   2022-01-19 03:10:03 --------------------------


START 2022-01-19 03:20:01 --------------------------
live
총 0 개 데이타 이동
END   2022-01-19 03:20:03 --------------------------


START 2022-01-19 03:30:01 --------------------------
live
총 0 개 데이타 이동
END   2022-01-19 03:30:03 --------------------------


START 2022-01-19 03:40:01 --------------------------
live
총 0 개 데이타 이동
END   2022-01-19 03:40:03 --------------------------


START 2022-01-19 03:50:02 --------------------------
live
총 0 개 데이타 이동
END   2022-01-19 03:50:03 --------------------------


START 2022-01-19 04:00:01 --------------------------
live
총 0 개 데이타 이동
END   2022-01-19 04:00:03 --------------------------


START 2022-01-19 04:10:01 --------------------------
live
총 0 개 데이타 이동
END   2022-01-19 04:10:03 --------------------------


START 2022-01-19 04:20:01 --------------------------
live
총 0 개 데이타 이동
END   2022-01-19 04:20:03 --------------------------


START 2022-01-19 04:30:01 --------------------------
live
총 0 개 데이타 이동
END   2022-01-19 04:30:03 --------------------------


START 2022-01-19 04:40:02 --------------------------
live
총 0 개 데이타 이동
END   2022-01-19 04:40:03 --------------------------


START 2022-01-19 04:50:01 --------------------------
live
총 0 개 데이타 이동
END   2022-01-19 04:50:03 --------------------------


START 2022-01-19 05:00:02 --------------------------
live
총 0 개 데이타 이동
END   2022-01-19 05:00:04 --------------------------


START 2022-01-19 05:10:01 --------------------------
live
총 0 개 데이타 이동
END   2022-01-19 05:10:03 --------------------------


START 2022-01-19 05:20:01 --------------------------
live
총 0 개 데이타 이동
END   2022-01-19 05:20:03 --------------------------


START 2022-01-19 05:30:01 --------------------------
live
총 0 개 데이타 이동
END   2022-01-19 05:30:03 --------------------------


START 2022-01-19 05:40:02 --------------------------
live
총 0 개 데이타 이동
END   2022-01-19 05:40:03 --------------------------


START 2022-01-19 05:50:01 --------------------------
live
총 0 개 데이타 이동
END   2022-01-19 05:50:03 --------------------------


START 2022-01-19 06:00:01 --------------------------
live
총 0 개 데이타 이동
END   2022-01-19 06:00:03 --------------------------


START 2022-01-19 06:10:01 --------------------------
live
총 0 개 데이타 이동
END   2022-01-19 06:10:03 --------------------------


START 2022-01-19 06:20:02 --------------------------
live
총 0 개 데이타 이동
END   2022-01-19 06:20:03 --------------------------


START 2022-01-19 06:30:02 --------------------------
live
총 0 개 데이타 이동
END   2022-01-19 06:30:03 --------------------------


START 2022-01-19 06:40:01 --------------------------
live
총 0 개 데이타 이동
END   2022-01-19 06:40:03 --------------------------


START 2022-01-19 06:50:01 --------------------------
live
총 0 개 데이타 이동
END   2022-01-19 06:50:03 --------------------------


START 2022-01-19 07:00:01 --------------------------
live
총 0 개 데이타 이동
END   2022-01-19 07:00:03 --------------------------


START 2022-01-19 07:10:02 --------------------------
live
총 0 개 데이타 이동
END   2022-01-19 07:10:04 --------------------------


START 2022-01-19 07:20:02 --------------------------
live
총 0 개 데이타 이동
END   2022-01-19 07:20:04 --------------------------


START 2022-01-19 07:30:02 --------------------------
live
총 0 개 데이타 이동
END   2022-01-19 07:30:03 --------------------------


START 2022-01-19 07:40:01 --------------------------
live
총 0 개 데이타 이동
END   2022-01-19 07:40:03 --------------------------


START 2022-01-19 07:50:01 --------------------------
live
총 0 개 데이타 이동
END   2022-01-19 07:50:03 --------------------------


START 2022-01-19 08:00:01 --------------------------
live
총 0 개 데이타 이동
END   2022-01-19 08:00:03 --------------------------


START 2022-01-19 08:10:01 --------------------------
live
총 0 개 데이타 이동
END   2022-01-19 08:10:03 --------------------------


START 2022-01-19 08:20:01 --------------------------
live
총 0 개 데이타 이동
END   2022-01-19 08:20:03 --------------------------


START 2022-01-19 08:30:01 --------------------------
live
총 0 개 데이타 이동
END   2022-01-19 08:30:03 --------------------------


START 2022-01-19 08:40:01 --------------------------
live
총 0 개 데이타 이동
END   2022-01-19 08:40:03 --------------------------


START 2022-01-19 08:50:01 --------------------------
live
총 0 개 데이타 이동
END   2022-01-19 08:50:03 --------------------------


START 2022-01-19 09:00:01 --------------------------
live
총 0 개 데이타 이동
END   2022-01-19 09:00:03 --------------------------


START 2022-01-19 09:10:01 --------------------------
live
총 0 개 데이타 이동
END   2022-01-19 09:10:03 --------------------------


START 2022-01-19 09:20:02 --------------------------
live
총 0 개 데이타 이동
END   2022-01-19 09:20:03 --------------------------


START 2022-01-19 09:30:02 --------------------------
live
총 0 개 데이타 이동
END   2022-01-19 09:30:04 --------------------------


START 2022-01-19 09:40:02 --------------------------
live
총 0 개 데이타 이동
END   2022-01-19 09:40:03 --------------------------


START 2022-01-19 09:50:02 --------------------------
live
총 0 개 데이타 이동
END   2022-01-19 09:50:03 --------------------------


START 2022-01-19 10:00:02 --------------------------
live
총 0 개 데이타 이동
END   2022-01-19 10:00:03 --------------------------


START 2022-01-19 10:10:02 --------------------------
live
총 0 개 데이타 이동
END   2022-01-19 10:10:03 --------------------------


START 2022-01-19 10:20:02 --------------------------
live
총 0 개 데이타 이동
END   2022-01-19 10:20:03 --------------------------


START 2022-01-19 10:30:02 --------------------------
live
총 0 개 데이타 이동
END   2022-01-19 10:30:03 --------------------------


START 2022-01-19 10:40:02 --------------------------
live
총 0 개 데이타 이동
END   2022-01-19 10:40:03 --------------------------


START 2022-01-19 10:50:01 --------------------------
live
총 0 개 데이타 이동
END   2022-01-19 10:50:03 --------------------------


START 2022-01-19 11:00:02 --------------------------
live
총 0 개 데이타 이동
END   2022-01-19 11:00:03 --------------------------


START 2022-01-19 11:10:02 --------------------------
live
총 0 개 데이타 이동
END   2022-01-19 11:10:03 --------------------------


START 2022-01-19 11:20:01 --------------------------
live
총 0 개 데이타 이동
END   2022-01-19 11:20:03 --------------------------


START 2022-01-19 11:30:02 --------------------------
live
총 0 개 데이타 이동
END   2022-01-19 11:30:03 --------------------------


START 2022-01-19 11:40:01 --------------------------
live
총 0 개 데이타 이동
END   2022-01-19 11:40:03 --------------------------


START 2022-01-19 11:50:02 --------------------------
live
총 0 개 데이타 이동
END   2022-01-19 11:50:04 --------------------------


START 2022-01-19 12:00:02 --------------------------
live
총 0 개 데이타 이동
END   2022-01-19 12:00:04 --------------------------


START 2022-01-19 12:10:02 --------------------------
live
총 0 개 데이타 이동
END   2022-01-19 12:10:03 --------------------------


START 2022-01-19 12:20:02 --------------------------
live
총 0 개 데이타 이동
END   2022-01-19 12:20:04 --------------------------


START 2022-01-19 12:30:01 --------------------------
live
총 0 개 데이타 이동
END   2022-01-19 12:30:03 --------------------------


START 2022-01-19 12:40:01 --------------------------
live
총 0 개 데이타 이동
END   2022-01-19 12:40:03 --------------------------


START 2022-01-19 12:50:01 --------------------------
live
총 0 개 데이타 이동
END   2022-01-19 12:50:03 --------------------------


START 2022-01-19 13:00:01 --------------------------
live
총 0 개 데이타 이동
END   2022-01-19 13:00:03 --------------------------


START 2022-01-19 13:10:02 --------------------------
live
총 0 개 데이타 이동
END   2022-01-19 13:10:04 --------------------------


START 2022-01-19 13:20:02 --------------------------
live
총 0 개 데이타 이동
END   2022-01-19 13:20:04 --------------------------


START 2022-01-19 13:30:02 --------------------------
live
총 0 개 데이타 이동
END   2022-01-19 13:30:04 --------------------------


START 2022-01-19 13:40:02 --------------------------
live
총 0 개 데이타 이동
END   2022-01-19 13:40:04 --------------------------


START 2022-01-19 13:50:02 --------------------------
live
총 0 개 데이타 이동
END   2022-01-19 13:50:03 --------------------------


START 2022-01-19 14:00:01 --------------------------
live
총 0 개 데이타 이동
END   2022-01-19 14:00:03 --------------------------


START 2022-01-19 14:10:01 --------------------------
live
총 2 개 데이타 이동
데이타 이동 시작 *****
3046029 01024568888 -- 3046030 01088944740 -- 
END   2022-01-19 14:10:06 --------------------------


START 2022-01-19 14:20:02 --------------------------
live
총 0 개 데이타 이동
END   2022-01-19 14:20:03 --------------------------


START 2022-01-19 14:30:02 --------------------------
live
총 0 개 데이타 이동
END   2022-01-19 14:30:03 --------------------------


START 2022-01-19 14:40:02 --------------------------
live
총 0 개 데이타 이동
END   2022-01-19 14:40:03 --------------------------


START 2022-01-19 14:50:01 --------------------------
live
총 0 개 데이타 이동
END   2022-01-19 14:50:03 --------------------------


START 2022-01-19 15:00:02 --------------------------
live
총 0 개 데이타 이동
END   2022-01-19 15:00:03 --------------------------


START 2022-01-19 15:10:02 --------------------------
live
총 0 개 데이타 이동
END   2022-01-19 15:10:05 --------------------------


START 2022-01-19 15:20:02 --------------------------
live
총 0 개 데이타 이동
END   2022-01-19 15:20:03 --------------------------


START 2022-01-19 15:30:02 --------------------------
live
총 0 개 데이타 이동
END   2022-01-19 15:30:03 --------------------------


START 2022-01-19 15:40:02 --------------------------
live
총 0 개 데이타 이동
END   2022-01-19 15:40:03 --------------------------


START 2022-01-19 15:50:02 --------------------------
live
총 0 개 데이타 이동
END   2022-01-19 15:50:03 --------------------------


START 2022-01-19 16:00:02 --------------------------
live
총 0 개 데이타 이동
END   2022-01-19 16:00:03 --------------------------


START 2022-01-19 16:10:01 --------------------------
live
총 0 개 데이타 이동
END   2022-01-19 16:10:05 --------------------------


START 2022-01-19 16:20:01 --------------------------
live
총 0 개 데이타 이동
END   2022-01-19 16:20:03 --------------------------


START 2022-01-19 16:30:02 --------------------------
live
총 0 개 데이타 이동
END   2022-01-19 16:30:03 --------------------------


START 2022-01-19 16:40:02 --------------------------
live
총 0 개 데이타 이동
END   2022-01-19 16:40:03 --------------------------


START 2022-01-19 16:50:02 --------------------------
live
총 0 개 데이타 이동
END   2022-01-19 16:50:03 --------------------------


START 2022-01-19 17:00:02 --------------------------
live
총 0 개 데이타 이동
END   2022-01-19 17:00:03 --------------------------


START 2022-01-19 17:10:02 --------------------------
live
총 0 개 데이타 이동
END   2022-01-19 17:10:03 --------------------------


START 2022-01-19 17:20:01 --------------------------
live
총 0 개 데이타 이동
END   2022-01-19 17:20:03 --------------------------


START 2022-01-19 17:30:01 --------------------------
live
총 0 개 데이타 이동
END   2022-01-19 17:30:03 --------------------------


START 2022-01-19 17:40:01 --------------------------
live
총 0 개 데이타 이동
END   2022-01-19 17:40:03 --------------------------


START 2022-01-19 17:50:01 --------------------------
live
총 715 개 데이타 이동
데이타 이동 시작 *****
3046746 01071406426 -- 3046747 01041888579 -- 3046748 01039949371 -- 3046749 01032896331 -- 3046750 01029276898 -- 3046751 01000000000 -- 3046752 01084853722 -- 3046753 01038456171 -- 3046754 01091579725 -- 3046755 01037249945 -- 3046756 01036290086 -- 3046757 01050490245 -- 3046758 01067513751 -- 3046759 01067365836 -- 3046760 01098103929 -- 3046761 01053283170 -- 3046762 01052066032 -- 3046763 01029597233 -- 3046764 01024418408 -- 3046765 01067800625 -- 3046766 01047980572 -- 3046767 01051355998 -- 3046768 01040785648 -- 3046769 01091586988 -- 3046770 01062981205 -- 3046771 01020740527 -- 3046772 01020118660 -- 3046773 01024684144 -- 3046774 01090938373 -- 3046775 01090591729 -- 3046776 01056385648 -- 3046777 01031055066 -- 3046778 01080060401 -- 3046779 01093276311 -- 3046780 01023928429 -- 3046781 01072299820 -- 3046782 01029587233 -- 3046783 01027764656 -- 3046784 01048000840 -- 3046785 01068583575 -- 3046786 01029402275 -- 3046787 01077377161 -- 3046788 01083556311 -- 3046789 01035670357 -- 3046790 01046711526 -- 3046791 01098855699 -- 3046792 01077458838 -- 3046793 01099987089 -- 3046794 01090827265 -- 3046795 01074440009 -- 3046796 01029570188 -- 3046797 01026207767 -- 3046798 01090250170 -- 3046799 01044111900 -- 3046800 01026643962 -- 3046801 01021890633 -- 3046802 01099298200 -- 3046803 01032928539 -- 3046804 01028181790 -- 3046805 01077007750 -- 3046806 01086024080 -- 3046807 01020298660 -- 3046808 01022440387 -- 3046809 01032391010 -- 3046810 01063366397 -- 3046811 01090008350 -- 3046812 01096602954 -- 3046813 01036121206 -- 3046814 01026768031 -- 3046815 01052872887 -- 3046816 01096953357 -- 3046817 01023391280 -- 3046818 01044642523 -- 3046819 01088477049 -- 3046820 01038891418 -- 3046821 01073892306 -- 3046822 01022277891 -- 3046823 01047519645 -- 3046824 01043778206 -- 3046825 01036124694 -- 3046826 01023144133 -- 3046827 01062311085 -- 3046828 01072664319 -- 3046829 01090449305 -- 3046830 01025822921 -- 3046831 01099305802 -- 3046832 01024468469 -- 3046833 01062172001 -- 3046834 01084413000 -- 3046835 01087664405 -- 3046836 01087858020 -- 3046837 01032627534 -- 3046838 01071884204 -- 3046839 01086314114 -- 3046840 01032247714 -- 3046841 01025839599 -- 3046842 01088070154 -- 3046843 01054145128 -- 3046844 01075970656 -- 3046845 01090701681 -- 3046846 01090183491 -- 3046847 01082294966 -- 3046848 01056922820 -- 3046849 01044092225 -- 3046850 01073621715 -- 3046851 01034328366 -- 3046852 01031550274 -- 3046853 01032034634 -- 3046854 01035102076 -- 3046855 01022935186 -- 3046856 01045543571 -- 3046857 01045454843 -- 3046858 01041034080 -- 3046859 01023529643 -- 3046860 01082898911 -- 3046861 01087207206 -- 3046862 01076616544 -- 3046863 01027977992 -- 3046864 01066909834 -- 3046865 01065599282 -- 3046866 01086151037 -- 3046867 01093596314 -- 3046868 01056036106 -- 3046869 01023684895 -- 3046870 01096777325 -- 3046871 01023809800 -- 3046872 01025948921 -- 3046873 01032242021 -- 3046874 01035227706 -- 3046875 01082472758 -- 3046876 01038236738 -- 3046877 01076021122 -- 3046878 01025819094 -- 3046879 01040761798 -- 3046880 01073105871 -- 3046881 01090606815 -- 3046882 01034846922 -- 3046883 01074741350 -- 3046884 01044564436 -- 3046885 01025017195 -- 3046886 01027137503 -- 3046887 01048538410 -- 3046888 01022619132 -- 3046889 01057729182 -- 3046890 01029146096 -- 3046891 01062570731 -- 3046892 01048250560 -- 3046893 01083970192 -- 3046894 01099747009 -- 3046895 01058153217 -- 3046896 01090019235 -- 3046897 01092165126 -- 3046898 01056979638 -- 3046899 01088987263 -- 3046900 01034688843 -- 3046901 01025655404 -- 3046902 01097713688 -- 3046903 01047830619 -- 3046904 01032788588 -- 3046905 01087692979 -- 3046906 01021225089 -- 3046907 01042388189 -- 3046908 01042077695 -- 3046909 01020905222 -- 3046910 01045739075 -- 3046911 01065057774 -- 3046912 01094497196 -- 3046913 01027799335 -- 3046914 01050503327 -- 3046915 01092173541 -- 3046916 01033441725 -- 3046917 01031161628 -- 3046918 01086467106 -- 3046919 01042950925 -- 3046920 01028595732 -- 3046921 01028260327 -- 3046922 01063990887 -- 3046923 01097532578 -- 3046924 01092049024 -- 3046925 01036950750 -- 3046926 01025099245 -- 3046927 01036435392 -- 3046928 01054076652 -- 3046929 01042373665 -- 3046930 01088834598 -- 3046931 01035293712 -- 3046932 01036753461 -- 3046933 01068117501 -- 3046934 01089630640 -- 3046935 01041352130 -- 3046936 01074079212 -- 3046937 01027374971 -- 3046938 01089077799 -- 3046939 01053116649 -- 3046940 01096048604 -- 3046941 01047303599 -- 3046942 01092443539 -- 3046943 01039158018 -- 3046944 01042761570 -- 3046945 01199090387 -- 3046946 01055423745 -- 3046947 01046774412 -- 3046948 01056692745 -- 3046949 01077496340 -- 3046950 01040526902 -- 3046951 01092281309 -- 3046952 01062786450 -- 3046953 01045331424 -- 3046954 01099313117 -- 3046955 01079061224 -- 3046956 01094401370 -- 3046957 01021020978 -- 3046958 01030264003 -- 3046959 01052045541 -- 3046960 01050766663 -- 3046961 01050306198 -- 3046962 01037998233 -- 3046963 01042695200 -- 3046964 01063932140 -- 3046965 01096800874 -- 3046966 01024296753 -- 3046967 01031770250 -- 3046968 01044182211 -- 3046969 01087729207 -- 3046970 01093990386 -- 3046971 01053609744 -- 3046972 01049177563 -- 3046973 01022542509 -- 3046974 01025961001 -- 3046975 01030099100 -- 3046976 01088049578 -- 3046977 01087840901 -- 3046978 01031442535 -- 3046979 01034489550 -- 3046980 01026192442 -- 3046981 01099669600 -- 3046982 01065649281 -- 3046983 01068750929 -- 3046984 01024375210 -- 3046985 01063571889 -- 3046986 01031937453 -- 3046987 01085279243 -- 3046988 01051505134 -- 3046989 01039540638 -- 3046990 01029935339 -- 3046991 01094545621 -- 3046992 01031070185 -- 3046993 01053000348 -- 3046994 01046577940 -- 3046995 01052370580 -- 3046996 01056013266 -- 3046997 01027101386 -- 3046998 01022715862 -- 3046999 01062508961 -- 3047000 01033660038 -- 3047001 01032809295 -- 3047002 01047268742 -- 3047003 01086380313 -- 3047004 01096670997 -- 3047005 01071631010 -- 3047006 01063902304 -- 3047007 01084841260 -- 3047008 01024904443 -- 3047009 01068475560 -- 3047010 01026914627 -- 3047011 01098407453 -- 3047012 01088820538 -- 3047013 01031563299 -- 3047014 01030998284 -- 3047015 01051278200 -- 3047016 01054637667 -- 3047017 01096048044 -- 3047018 01048714006 -- 3047019 01047269700 -- 3047020 01035734223 -- 3047021 01041333080 -- 3047022 01091412819 -- 3047023 01094045733 -- 3047024 01034185354 -- 3047025 01024811200 -- 3047026 01045361122 -- 3047027 01047034590 -- 3047028 01043210974 -- 3047029 01094568404 -- 3047030 01034008792 -- 3047031 01083252396 -- 3047032 01088312929 -- 3047033 01032079547 -- 3047034 01094465274 -- 3047035 01066069569 -- 3047036 01031286424 -- 3047037 01066909569 -- 3047038 01065042304 -- 3047039 01086095231 -- 3047040 01090395401 -- 3047041 01046842711 -- 3047042 01063084061 -- 3047043 01024898844 -- 3047044 01033844527 -- 3047045 01032790929 -- 3047046 01085985995 -- 3047047 01025225354 -- 3047048 01046283805 -- 3047049 01052039435 -- 3047050 01054913305 -- 3047051 01063673137 -- 3047052 01095633266 -- 3047053 01088554455 -- 3047054 01072079866 -- 3047055 01022889796 -- 3047056 01065196996 -- 3047057 01087426059 -- 3047058 01079300554 -- 3047059 01056453177 -- 3047060 01050807201 -- 3047061 01027771223 -- 3047062 01030870359 -- 3047063 01029983245 -- 3047064 01090198180 -- 3047065 01024591268 -- 3047066 01049468832 -- 3047067 01050804347 -- 3047068 01091945206 -- 3047069 01047045067 -- 3047070 01052888603 -- 3047071 01027139038 -- 3047072 01021022369 -- 3047073 01025043962 -- 3047074 01056278166 -- 3047075 01042222678 -- 3047076 01020469568 -- 3047077 01027973962 -- 3047078 01028593962 -- 3047079 01077273751 -- 3047080 01040585435 -- 3047081 01090211050 -- 3047082 01032178262 -- 3047083 01044452304 -- 3047084 01071699317 -- 3047085 01075624276 -- 3047086 01071741346 -- 3047087 01042117680 -- 3047088 01034595121 -- 3047089 01027213183 -- 3047090 01045142992 -- 3047091 01022659448 -- 3047092 01035331835 -- 3047093 01083244496 -- 3047094 01090227821 -- 3047095 01073767190 -- 3047096 01067981659 -- 3047097 01027256329 -- 3047098 01086217981 -- 3047099 01052511526 -- 3047100 01081889188 -- 3047101 01047687160 -- 3047102 01062489946 -- 3047103 01068005386 -- 3047104 01026721111 -- 3047105 01088127855 -- 3047106 01089503805 -- 3047107 01052195210 -- 3047108 01055482799 -- 3047109 01037259232 -- 3047110 01084189654 -- 3047111 01025149478 -- 3047112 01022932078 -- 3047113 01083231777 -- 3047114 01089726029 -- 3047115 01037506140 -- 3047116 01034307549 -- 3047117 01027105659 -- 3047118 01045807042 -- 3047119 01091610604 -- 3047120 01041319613 -- 3047121 01062858574 -- 3047122 01047034342 -- 3047123 01031254760 -- 3047124 01062098594 -- 3047125 01093641054 -- 3047126 01083364701 -- 3047127 01073928429 -- 3047128 01048122888 -- 3047129 01089325845 -- 3047130 01090344466 -- 3047131 01022240820 -- 3047132 01090246890 -- 3047133 01036901882 -- 3047134 01066650015 -- 3047135 01053805628 -- 3047136 01094241621 -- 3047137 01051628027 -- 3047138 01053162585 -- 3047139 01032458673 -- 3047140 01085244457 -- 3047141 01029493127 -- 3047142 01090661005 -- 3047143 01085317614 -- 3047144 01051618027 -- 3047145 01028174058 -- 3047146 01094964330 -- 3047147 01028250211 -- 3047148 01082379080 -- 3047149 01030065077 -- 3047150 01030380120 -- 3047151 01033255229 -- 3047152 01041068053 -- 3047153 01027874654 -- 3047154 01093762472 -- 3047155 01041324020 -- 3047156 01065230787 -- 3047157 01095905485 -- 3047158 01067837877 -- 3047159 01040194059 -- 3047160 01024775180 -- 3047161 01086425892 -- 3047162 01091226861 -- 3047163 01085888413 -- 3047164 01090979986 -- 3047165 01029709519 -- 3047166 01092900411 -- 3047167 01028123266 -- 3047168 01032027010 -- 3047169 01053049857 -- 3047170 01025726990 -- 3047171 01088542785 -- 3047172 01034881938 -- 3047173 01048716457 -- 3047174 01046967927 -- 3047175 01075337894 -- 3047176 01075905485 -- 3047177 01082451444 -- 3047178 01022945466 -- 3047179 01028553925 -- 3047180 01084839745 -- 3047181 01036208432 -- 3047182 01077309246 -- 3047183 01088320080 -- 3047184 01091340552 -- 3047185 01073692046 -- 3047186 01057333333 -- 3047187 01038285532 -- 3047188 01071383930 -- 3047189 01074521233 -- 3047190 01096999149 -- 3047191 01055373700 -- 3047192 01044216187 -- 3047193 01090683044 -- 3047194 01090617472 -- 3047195 01045945909 -- 3047196 01028189242 -- 3047197 01087529004 -- 3047198 01045203700 -- 3047199 01079276118 -- 3047200 01093216562 -- 3047201 01098957076 -- 3047202 01062389863 -- 3047203 01086192778 -- 3047204 01062555860 -- 3047205 01027275284 -- 3047206 01045960896 -- 3047207 01093155373 -- 3047208 01086999661 -- 3047209 01072210359 -- 3047210 01098349799 -- 3047211 01071529357 -- 3047212 01095679503 -- 3047213 01050615381 -- 3047214 01027125800 -- 3047215 01027588518 -- 3047216 01092652159 -- 3047217 01094921440 -- 3047218 01023557912 -- 3047219 01085013689 -- 3047220 01043518584 -- 3047221 01086028404 -- 3047222 01089080903 -- 3047223 01053946163 -- 3047224 01033875689 -- 3047225 01094591086 -- 3047226 01086896134 -- 3047227 01035935827 -- 3047228 01047845280 -- 3047229 01050315370 -- 3047230 01034954131 -- 3047231 01024385210 -- 3047232 01040571704 -- 3047233 01046432974 -- 3047234 01066457756 -- 3047235 01029024088 -- 3047236 01073238604 -- 3047237 01022783635 -- 3047238 01024112531 -- 3047239 01085055540 -- 3047240 01072341608 -- 3047241 01039142010 -- 3047242 01056044305 -- 3047243 01029783133 -- 3047244 01042000264 -- 3047245 01075400233 -- 3047246 01020667912 -- 3047247 01042211466 -- 3047248 01058375114 -- 3047249 01055677232 -- 3047250 01056102190 -- 3047251 01033212058 -- 3047252 01032754498 -- 3047253 01030454260 -- 3047254 01054975538 -- 3047255 01057442627 -- 3047256 01027878646 -- 3047257 01062519961 -- 3047258 01097393095 -- 3047259 01087118907 -- 3047260 01047114735 -- 3047261 01024221101 -- 3047262 01046014709 -- 3047263 01039403227 -- 3047264 01033235579 -- 3047265 01035289425 -- 3047266 01091581052 -- 3047267 01055908584 -- 3047268 01090484003 -- 3047269 01065220543 -- 3047270 01029673344 -- 3047271 01029083344 -- 3047272 01035932373 -- 3047273 01076607233 -- 3047274 01033148053 -- 3047275 01075727519 -- 3047276 01054258729 -- 3047277 01083775694 -- 3047278 01051601736 -- 3047279 01046556283 -- 3047280 01026349312 -- 3047281 01097355619 -- 3047282 01047813996 -- 3047283 01023885426 -- 3047284 01066014010 -- 3047285 01087549583 -- 3047286 01066530038 -- 3047287 01052414305 -- 3047288 01034608404 -- 3047289 01049314200 -- 3047290 01033328174 -- 3047291 01048010948 -- 3047292 01073602326 -- 3047293 01053386949 -- 3047294 01095228262 -- 3047295 01093127366 -- 3047296 01052085730 -- 3047297 01090252665 -- 3047298 01036258288 -- 3047299 01027777954 -- 3047300 01083685876 -- 3047301 01095227374 -- 3047302 01089060132 -- 3047303 01023127546 -- 3047304 01045848128 -- 3047305 01099759931 -- 3047306 01032151549 -- 3047307 01042703665 -- 3047308 01036016746 -- 3047309 01099599705 -- 3047310 01049111327 -- 3047311 01022612509 -- 3047312 01045858341 -- 3047313 01075380509 -- 3047314 01094626738 -- 3047315 01082476793 -- 3047316 01056784466 -- 3047317 01088617608 -- 3047318 01092823904 -- 3047319 01056787050 -- 3047320 01055825131 -- 3047321 01052308973 -- 3047322 01046619058 -- 3047323 01057670199 -- 3047324 01093568205 -- 3047325 01085559080 -- 3047326 01063654224 -- 3047327 01099826340 -- 3047328 01063064982 -- 3047329 01071021420 -- 3047330 01043338980 -- 3047331 01077779543 -- 3047332 01054601736 -- 3047333 01059437800 -- 3047334 01073779411 -- 3047335 01025110500 -- 3047336 01032954241 -- 3047337 01024390369 -- 3047338 01040567636 -- 3047339 01086516608 -- 3047340 01031851404 -- 3047341 01094190326 -- 3047342 01020168783 -- 3047343 01031872731 -- 3047344 01089591587 -- 3047345 01077081688 -- 3047346 01091709214 -- 3047347 01025680401 -- 3047348 01054655170 -- 3047349 01091312139 -- 3047350 01082110664 -- 3047351 01067731447 -- 3047352 01081394346 -- 3047353 01088815544 -- 3047354 01028655361 -- 3047355 01026351435 -- 3047356 01025402026 -- 3047357 01037612067 -- 3047358 01052056026 -- 3047359 01094326245 -- 3047360 01077270394 -- 3047361 01064785063 -- 3047362 01079371814 -- 3047363 01027766842 -- 3047364 01085917255 -- 3047365 01020106447 -- 3047366 01072715798 -- 3047367 01050349258 -- 3047368 01089355042 -- 3047369 01080806585 -- 3047370 01020309189 -- 3047371 01066013121 -- 3047372 01053360275 -- 3047373 01028829884 -- 3047374 01043693585 -- 3047375 01021165229 -- 3047376 01073157006 -- 3047377 01088337056 -- 3047378 01086612478 -- 3047379 01052585235 -- 3047380 01050219454 -- 3047381 01090409624 -- 3047382 01046785582 -- 3047383 01089434041 -- 3047384 01063538513 -- 3047385 01080136340 -- 3047386 01048848692 -- 3047387 01035564723 -- 3047388 01083187410 -- 3047389 01089966776 -- 3047390 01090661417 -- 3047391 01084837749 -- 3047392 01047062619 -- 3047393 01099449516 -- 3047394 01035271833 -- 3047395 01087987105 -- 3047396 01022439447 -- 3047397 01092216925 -- 3047398 01089172924 -- 3047399 01057569434 -- 3047400 01032251981 -- 3047401 01088215370 -- 3047402 01089704980 -- 3047403 01028050699 -- 3047404 01091011469 -- 3047405 01028560699 -- 3047406 01037398881 -- 3047407 01074402954 -- 3047408 01038951048 -- 3047409 01050036079 -- 3047410 01056831689 -- 3047411 01065624859 -- 3047412 01046447753 -- 3047413 01032386218 -- 3047414 01023626155 -- 3047415 01072461088 -- 3047416 01066365527 -- 3047417 01031674732 -- 3047418 01026174665 -- 3047419 01025770659 -- 3047420 01027024901 -- 3047421 01051317125 -- 3047422 01051202887 -- 3047423 01041068877 -- 3047424 01088186842 -- 3047425 01098958277 -- 3047426 01071113058 -- 3047427 01062462803 -- 3047428 01047688113 -- 3047429 01036170233 -- 3047430 01021447040 -- 3047431 01028364988 -- 3047432 01093680255 -- 3047433 01055132303 -- 3047434 01032175051 -- 3047435 01055826457 -- 3047436 01043797237 -- 3047437 01041529973 -- 3047438 01095973271 -- 3047439 01030334807 -- 3047440 01092512241 -- 3047441 01071156227 -- 3047442 01088868143 -- 3047443 01022809414 -- 3047444 01023017446 -- 3047445 01029405124 -- 3047446 01025878518 -- 3047447 01066820756 -- 3047448 01032994589 -- 3047449 01030765845 -- 3047450 01049062231 -- 3047451 01025556691 -- 3047452 01075679210 -- 3047453 01029815094 -- 3047454 01094533980 -- 3047455 01047669084 -- 3047456 01038653843 -- 3047457 01084071520 -- 3047458 01049292814 -- 3047459 01055407522 -- 3047460 01041040917 -- 
END   2022-01-19 17:50:07 --------------------------


START 2022-01-19 18:00:01 --------------------------
live
총 0 개 데이타 이동
END   2022-01-19 18:00:03 --------------------------


START 2022-01-19 18:10:02 --------------------------
live
총 0 개 데이타 이동
END   2022-01-19 18:10:04 --------------------------


START 2022-01-19 18:20:02 --------------------------
live
총 0 개 데이타 이동
END   2022-01-19 18:20:04 --------------------------


START 2022-01-19 18:30:02 --------------------------
live
총 0 개 데이타 이동
END   2022-01-19 18:30:04 --------------------------


START 2022-01-19 18:40:02 --------------------------
live
총 0 개 데이타 이동
END   2022-01-19 18:40:04 --------------------------


START 2022-01-19 18:50:02 --------------------------
live
총 0 개 데이타 이동
END   2022-01-19 18:50:04 --------------------------


START 2022-01-19 19:00:01 --------------------------
live
총 0 개 데이타 이동
END   2022-01-19 19:00:03 --------------------------


START 2022-01-19 19:10:02 --------------------------
live
총 0 개 데이타 이동
END   2022-01-19 19:10:03 --------------------------


START 2022-01-19 19:20:02 --------------------------
live
총 0 개 데이타 이동
END   2022-01-19 19:20:03 --------------------------


START 2022-01-19 19:30:01 --------------------------
live
총 0 개 데이타 이동
END   2022-01-19 19:30:03 --------------------------


START 2022-01-19 19:40:01 --------------------------
live
총 0 개 데이타 이동
END   2022-01-19 19:40:03 --------------------------


START 2022-01-19 19:50:01 --------------------------
live
총 0 개 데이타 이동
END   2022-01-19 19:50:03 --------------------------


START 2022-01-19 20:00:02 --------------------------
live
총 0 개 데이타 이동
END   2022-01-19 20:00:04 --------------------------


START 2022-01-19 20:10:02 --------------------------
live
총 0 개 데이타 이동
END   2022-01-19 20:10:04 --------------------------


START 2022-01-19 20:20:02 --------------------------
live
총 0 개 데이타 이동
END   2022-01-19 20:20:03 --------------------------


START 2022-01-19 20:30:02 --------------------------
live
총 0 개 데이타 이동
END   2022-01-19 20:30:03 --------------------------


START 2022-01-19 20:40:01 --------------------------
live
총 0 개 데이타 이동
END   2022-01-19 20:40:03 --------------------------


START 2022-01-19 20:50:01 --------------------------
live
총 0 개 데이타 이동
END   2022-01-19 20:50:03 --------------------------


START 2022-01-19 21:00:01 --------------------------
live
총 0 개 데이타 이동
END   2022-01-19 21:00:03 --------------------------


START 2022-01-19 21:10:01 --------------------------
live
총 0 개 데이타 이동
END   2022-01-19 21:10:03 --------------------------


START 2022-01-19 21:20:01 --------------------------
live
총 0 개 데이타 이동
END   2022-01-19 21:20:03 --------------------------


START 2022-01-19 21:30:02 --------------------------
live
총 0 개 데이타 이동
END   2022-01-19 21:30:03 --------------------------


START 2022-01-19 21:40:02 --------------------------
live
총 0 개 데이타 이동
END   2022-01-19 21:40:03 --------------------------


START 2022-01-19 21:50:02 --------------------------
live
총 0 개 데이타 이동
END   2022-01-19 21:50:03 --------------------------


START 2022-01-19 22:00:01 --------------------------
live
총 0 개 데이타 이동
END   2022-01-19 22:00:03 --------------------------


START 2022-01-19 22:10:01 --------------------------
live
총 0 개 데이타 이동
END   2022-01-19 22:10:03 --------------------------


START 2022-01-19 22:20:01 --------------------------
live
총 0 개 데이타 이동
END   2022-01-19 22:20:03 --------------------------


START 2022-01-19 22:30:01 --------------------------
live
총 0 개 데이타 이동
END   2022-01-19 22:30:03 --------------------------


START 2022-01-19 22:40:01 --------------------------
live
총 0 개 데이타 이동
END   2022-01-19 22:40:03 --------------------------


START 2022-01-19 22:50:01 --------------------------
live
총 0 개 데이타 이동
END   2022-01-19 22:50:03 --------------------------


START 2022-01-19 23:00:02 --------------------------
live
총 0 개 데이타 이동
END   2022-01-19 23:00:03 --------------------------


START 2022-01-19 23:10:01 --------------------------
live
총 0 개 데이타 이동
END   2022-01-19 23:10:03 --------------------------


START 2022-01-19 23:20:01 --------------------------
live
총 0 개 데이타 이동
END   2022-01-19 23:20:03 --------------------------


START 2022-01-19 23:30:01 --------------------------
live
총 0 개 데이타 이동
END   2022-01-19 23:30:03 --------------------------


START 2022-01-19 23:40:01 --------------------------
live
총 0 개 데이타 이동
END   2022-01-19 23:40:03 --------------------------


START 2022-01-19 23:50:02 --------------------------
live
총 0 개 데이타 이동
END   2022-01-19 23:50:03 --------------------------


