START 2022-01-06 00:00:01 --------------------------
live
총 0 개 데이타 이동
END   2022-01-06 00:00:03 --------------------------


START 2022-01-06 00:10:02 --------------------------
live
총 0 개 데이타 이동
END   2022-01-06 00:10:04 --------------------------


START 2022-01-06 00:20:01 --------------------------
live
총 0 개 데이타 이동
END   2022-01-06 00:20:03 --------------------------


START 2022-01-06 00:30:01 --------------------------
live
총 0 개 데이타 이동
END   2022-01-06 00:30:03 --------------------------


START 2022-01-06 00:40:01 --------------------------
live
총 0 개 데이타 이동
END   2022-01-06 00:40:03 --------------------------


START 2022-01-06 00:50:01 --------------------------
live
총 0 개 데이타 이동
END   2022-01-06 00:50:03 --------------------------


START 2022-01-06 01:00:02 --------------------------
live
총 0 개 데이타 이동
END   2022-01-06 01:00:04 --------------------------


START 2022-01-06 01:10:01 --------------------------
live
총 0 개 데이타 이동
END   2022-01-06 01:10:03 --------------------------


START 2022-01-06 01:20:01 --------------------------
live
총 0 개 데이타 이동
END   2022-01-06 01:20:03 --------------------------


START 2022-01-06 01:30:02 --------------------------
live
총 0 개 데이타 이동
END   2022-01-06 01:30:03 --------------------------


START 2022-01-06 01:40:01 --------------------------
live
총 0 개 데이타 이동
END   2022-01-06 01:40:03 --------------------------


START 2022-01-06 01:50:01 --------------------------
live
총 0 개 데이타 이동
END   2022-01-06 01:50:03 --------------------------


START 2022-01-06 02:00:02 --------------------------
live
총 0 개 데이타 이동
END   2022-01-06 02:00:04 --------------------------


START 2022-01-06 02:10:01 --------------------------
live
총 0 개 데이타 이동
END   2022-01-06 02:10:03 --------------------------


START 2022-01-06 02:20:01 --------------------------
live
총 0 개 데이타 이동
END   2022-01-06 02:20:03 --------------------------


START 2022-01-06 02:30:01 --------------------------
live
총 0 개 데이타 이동
END   2022-01-06 02:30:03 --------------------------


START 2022-01-06 02:40:01 --------------------------
live
총 0 개 데이타 이동
END   2022-01-06 02:40:03 --------------------------


START 2022-01-06 02:50:01 --------------------------
live
총 0 개 데이타 이동
END   2022-01-06 02:50:03 --------------------------


START 2022-01-06 03:00:01 --------------------------
live
총 0 개 데이타 이동
END   2022-01-06 03:00:03 --------------------------


START 2022-01-06 03:10:02 --------------------------
live
총 0 개 데이타 이동
END   2022-01-06 03:10:04 --------------------------


START 2022-01-06 03:20:01 --------------------------
live
총 0 개 데이타 이동
END   2022-01-06 03:20:03 --------------------------


START 2022-01-06 03:30:01 --------------------------
live
총 0 개 데이타 이동
END   2022-01-06 03:30:03 --------------------------


START 2022-01-06 03:40:01 --------------------------
live
총 0 개 데이타 이동
END   2022-01-06 03:40:03 --------------------------


START 2022-01-06 03:50:02 --------------------------
live
총 0 개 데이타 이동
END   2022-01-06 03:50:03 --------------------------


START 2022-01-06 04:00:01 --------------------------
live
총 0 개 데이타 이동
END   2022-01-06 04:00:03 --------------------------


START 2022-01-06 04:10:01 --------------------------
live
총 0 개 데이타 이동
END   2022-01-06 04:10:03 --------------------------


START 2022-01-06 04:20:01 --------------------------
live
총 0 개 데이타 이동
END   2022-01-06 04:20:03 --------------------------


START 2022-01-06 04:30:02 --------------------------
live
총 0 개 데이타 이동
END   2022-01-06 04:30:04 --------------------------


START 2022-01-06 04:40:01 --------------------------
live
총 0 개 데이타 이동
END   2022-01-06 04:40:03 --------------------------


START 2022-01-06 04:50:01 --------------------------
live
총 0 개 데이타 이동
END   2022-01-06 04:50:03 --------------------------


START 2022-01-06 05:00:01 --------------------------
live
총 0 개 데이타 이동
END   2022-01-06 05:00:03 --------------------------


START 2022-01-06 05:10:01 --------------------------
live
총 0 개 데이타 이동
END   2022-01-06 05:10:03 --------------------------


START 2022-01-06 05:20:01 --------------------------
live
총 0 개 데이타 이동
END   2022-01-06 05:20:03 --------------------------


START 2022-01-06 05:30:02 --------------------------
live
총 0 개 데이타 이동
END   2022-01-06 05:30:03 --------------------------


START 2022-01-06 05:40:01 --------------------------
live
총 0 개 데이타 이동
END   2022-01-06 05:40:03 --------------------------


START 2022-01-06 05:50:01 --------------------------
live
총 0 개 데이타 이동
END   2022-01-06 05:50:03 --------------------------


START 2022-01-06 06:00:02 --------------------------
live
총 0 개 데이타 이동
END   2022-01-06 06:00:04 --------------------------


START 2022-01-06 06:10:02 --------------------------
live
총 0 개 데이타 이동
END   2022-01-06 06:10:03 --------------------------


START 2022-01-06 06:20:01 --------------------------
live
총 0 개 데이타 이동
END   2022-01-06 06:20:03 --------------------------


START 2022-01-06 06:30:01 --------------------------
live
총 0 개 데이타 이동
END   2022-01-06 06:30:03 --------------------------


START 2022-01-06 06:40:01 --------------------------
live
총 0 개 데이타 이동
END   2022-01-06 06:40:03 --------------------------


START 2022-01-06 06:50:02 --------------------------
live
총 0 개 데이타 이동
END   2022-01-06 06:50:03 --------------------------


START 2022-01-06 07:00:01 --------------------------
live
총 0 개 데이타 이동
END   2022-01-06 07:00:03 --------------------------


START 2022-01-06 07:10:02 --------------------------
live
총 0 개 데이타 이동
END   2022-01-06 07:10:03 --------------------------


START 2022-01-06 07:20:01 --------------------------
live
총 0 개 데이타 이동
END   2022-01-06 07:20:03 --------------------------


START 2022-01-06 07:30:01 --------------------------
live
총 0 개 데이타 이동
END   2022-01-06 07:30:03 --------------------------


START 2022-01-06 07:40:01 --------------------------
live
총 0 개 데이타 이동
END   2022-01-06 07:40:03 --------------------------


START 2022-01-06 07:50:01 --------------------------
live
총 0 개 데이타 이동
END   2022-01-06 07:50:03 --------------------------


START 2022-01-06 08:00:01 --------------------------
live
총 0 개 데이타 이동
END   2022-01-06 08:00:03 --------------------------


START 2022-01-06 08:10:01 --------------------------
live
총 0 개 데이타 이동
END   2022-01-06 08:10:03 --------------------------


START 2022-01-06 08:20:01 --------------------------
live
총 0 개 데이타 이동
END   2022-01-06 08:20:03 --------------------------


START 2022-01-06 08:30:02 --------------------------
live
총 0 개 데이타 이동
END   2022-01-06 08:30:03 --------------------------


START 2022-01-06 08:40:02 --------------------------
live
총 0 개 데이타 이동
END   2022-01-06 08:40:03 --------------------------


START 2022-01-06 08:50:02 --------------------------
live
총 0 개 데이타 이동
END   2022-01-06 08:50:03 --------------------------


START 2022-01-06 09:00:02 --------------------------
live
총 0 개 데이타 이동
END   2022-01-06 09:00:03 --------------------------


START 2022-01-06 09:10:01 --------------------------
live
총 0 개 데이타 이동
END   2022-01-06 09:10:03 --------------------------


START 2022-01-06 09:20:01 --------------------------
live
총 0 개 데이타 이동
END   2022-01-06 09:20:03 --------------------------


START 2022-01-06 09:30:01 --------------------------
live
총 0 개 데이타 이동
END   2022-01-06 09:30:03 --------------------------


START 2022-01-06 09:40:01 --------------------------
live
총 0 개 데이타 이동
END   2022-01-06 09:40:03 --------------------------


START 2022-01-06 09:50:01 --------------------------
live
총 0 개 데이타 이동
END   2022-01-06 09:50:03 --------------------------


START 2022-01-06 10:00:01 --------------------------
live
총 0 개 데이타 이동
END   2022-01-06 10:00:03 --------------------------


START 2022-01-06 10:10:01 --------------------------
live
총 0 개 데이타 이동
END   2022-01-06 10:10:03 --------------------------


START 2022-01-06 10:20:01 --------------------------
live
총 0 개 데이타 이동
END   2022-01-06 10:20:03 --------------------------


START 2022-01-06 10:30:01 --------------------------
live
총 0 개 데이타 이동
END   2022-01-06 10:30:03 --------------------------


START 2022-01-06 10:40:01 --------------------------
live
총 0 개 데이타 이동
END   2022-01-06 10:40:03 --------------------------


START 2022-01-06 10:50:01 --------------------------
live
총 0 개 데이타 이동
END   2022-01-06 10:50:03 --------------------------


START 2022-01-06 11:00:02 --------------------------
live
총 0 개 데이타 이동
END   2022-01-06 11:00:03 --------------------------


START 2022-01-06 11:10:02 --------------------------
live
총 0 개 데이타 이동
END   2022-01-06 11:10:03 --------------------------


START 2022-01-06 11:20:04 --------------------------
live
총 0 개 데이타 이동
END   2022-01-06 11:20:05 --------------------------


START 2022-01-06 11:30:04 --------------------------
live
총 0 개 데이타 이동
END   2022-01-06 11:30:06 --------------------------


START 2022-01-06 11:40:01 --------------------------
live
총 2 개 데이타 이동
데이타 이동 시작 *****
3045997 01024568888 -- 3045998 01088944740 -- 
END   2022-01-06 11:40:05 --------------------------


START 2022-01-06 11:50:01 --------------------------
live
총 0 개 데이타 이동
END   2022-01-06 11:50:03 --------------------------


START 2022-01-06 12:00:01 --------------------------
live
총 0 개 데이타 이동
END   2022-01-06 12:00:03 --------------------------


START 2022-01-06 12:10:01 --------------------------
live
총 0 개 데이타 이동
END   2022-01-06 12:10:04 --------------------------


START 2022-01-06 12:20:01 --------------------------
live
총 0 개 데이타 이동
END   2022-01-06 12:20:03 --------------------------


START 2022-01-06 12:30:01 --------------------------
live
총 0 개 데이타 이동
END   2022-01-06 12:30:03 --------------------------


START 2022-01-06 12:40:01 --------------------------
live
총 0 개 데이타 이동
END   2022-01-06 12:40:03 --------------------------


START 2022-01-06 12:50:01 --------------------------
live
총 0 개 데이타 이동
END   2022-01-06 12:50:09 --------------------------


START 2022-01-06 13:00:01 --------------------------
live
총 0 개 데이타 이동
END   2022-01-06 13:00:03 --------------------------


START 2022-01-06 13:10:01 --------------------------
live
총 0 개 데이타 이동
END   2022-01-06 13:10:10 --------------------------


START 2022-01-06 13:20:01 --------------------------
live
총 0 개 데이타 이동
END   2022-01-06 13:20:09 --------------------------


START 2022-01-06 13:30:01 --------------------------
live
총 0 개 데이타 이동
END   2022-01-06 13:30:03 --------------------------


START 2022-01-06 13:40:01 --------------------------
live
총 0 개 데이타 이동
END   2022-01-06 13:40:03 --------------------------


START 2022-01-06 13:50:01 --------------------------
live
총 0 개 데이타 이동
END   2022-01-06 13:50:03 --------------------------


START 2022-01-06 14:00:02 --------------------------
live
총 0 개 데이타 이동
END   2022-01-06 14:00:03 --------------------------


START 2022-01-06 14:10:02 --------------------------
live
총 0 개 데이타 이동
END   2022-01-06 14:10:09 --------------------------


START 2022-01-06 14:20:01 --------------------------
live
총 0 개 데이타 이동
END   2022-01-06 14:20:03 --------------------------


START 2022-01-06 14:30:01 --------------------------
live
총 0 개 데이타 이동
END   2022-01-06 14:30:03 --------------------------


START 2022-01-06 14:40:01 --------------------------
live
총 0 개 데이타 이동
END   2022-01-06 14:40:03 --------------------------


START 2022-01-06 14:50:01 --------------------------
live
총 0 개 데이타 이동
END   2022-01-06 14:50:03 --------------------------


START 2022-01-06 15:00:01 --------------------------
live
총 0 개 데이타 이동
END   2022-01-06 15:00:03 --------------------------


START 2022-01-06 15:10:01 --------------------------
live
총 0 개 데이타 이동
END   2022-01-06 15:10:03 --------------------------


START 2022-01-06 15:20:01 --------------------------
live
총 0 개 데이타 이동
END   2022-01-06 15:22:47 --------------------------


START 2022-01-06 15:30:02 --------------------------
live
START 2022-01-06 15:40:01 --------------------------
live

Warning: mysqli_fetch_array() expects parameter 1 to be mysqli_result, boolean given in /home/crowdfund/public_html/adm/sms_admin/auto_sms_smtnt.php on line 23
총  개 데이타 이동

Warning: mysqli_fetch_array() expects parameter 1 to be mysqli_result, boolean given in /home/crowdfund/public_html/adm/sms_admin/auto_sms_smtnt.php on line 23
END   2022-01-06 15:47:45 --------------------------


총  개 데이타 이동
END   2022-01-06 15:47:45 --------------------------


START 2022-01-06 15:50:01 --------------------------
live
총 0 개 데이타 이동
END   2022-01-06 15:50:08 --------------------------


START 2022-01-06 16:00:03 --------------------------
live
총 0 개 데이타 이동
END   2022-01-06 16:00:04 --------------------------


START 2022-01-06 16:10:01 --------------------------
live
총 2 개 데이타 이동
데이타 이동 시작 *****
3045999 01024568888 -- 3046000 01088944740 -- 
END   2022-01-06 16:10:06 --------------------------


START 2022-01-06 16:20:01 --------------------------
live
총 0 개 데이타 이동
END   2022-01-06 16:20:03 --------------------------


START 2022-01-06 16:30:01 --------------------------
live
총 0 개 데이타 이동
END   2022-01-06 16:30:03 --------------------------


START 2022-01-06 16:40:01 --------------------------
live
총 0 개 데이타 이동
END   2022-01-06 16:40:03 --------------------------


START 2022-01-06 16:50:01 --------------------------
live
총 0 개 데이타 이동
END   2022-01-06 16:50:03 --------------------------


START 2022-01-06 17:00:01 --------------------------
live
총 0 개 데이타 이동
END   2022-01-06 17:00:03 --------------------------


START 2022-01-06 17:10:01 --------------------------
live
총 0 개 데이타 이동
END   2022-01-06 17:10:05 --------------------------


START 2022-01-06 17:20:01 --------------------------
live
총 0 개 데이타 이동
END   2022-01-06 17:20:03 --------------------------


START 2022-01-06 17:30:01 --------------------------
live
총 0 개 데이타 이동
END   2022-01-06 17:30:03 --------------------------


START 2022-01-06 17:40:01 --------------------------
live
총 0 개 데이타 이동
END   2022-01-06 17:40:03 --------------------------


START 2022-01-06 17:50:01 --------------------------
live
총 0 개 데이타 이동
END   2022-01-06 17:50:03 --------------------------


START 2022-01-06 18:00:01 --------------------------
live
총 0 개 데이타 이동
END   2022-01-06 18:00:03 --------------------------


START 2022-01-06 18:10:01 --------------------------
live
총 0 개 데이타 이동
END   2022-01-06 18:10:05 --------------------------


START 2022-01-06 18:20:01 --------------------------
live
총 0 개 데이타 이동
END   2022-01-06 18:20:03 --------------------------


START 2022-01-06 18:30:01 --------------------------
live
총 0 개 데이타 이동
END   2022-01-06 18:30:03 --------------------------


START 2022-01-06 18:40:01 --------------------------
live
총 0 개 데이타 이동
END   2022-01-06 18:40:03 --------------------------


START 2022-01-06 18:50:01 --------------------------
live
총 0 개 데이타 이동
END   2022-01-06 18:50:03 --------------------------


START 2022-01-06 19:00:01 --------------------------
live
총 0 개 데이타 이동
END   2022-01-06 19:00:03 --------------------------


START 2022-01-06 19:10:02 --------------------------
live
총 0 개 데이타 이동
END   2022-01-06 19:10:03 --------------------------


START 2022-01-06 19:20:02 --------------------------
live
총 0 개 데이타 이동
END   2022-01-06 19:20:03 --------------------------


START 2022-01-06 19:30:01 --------------------------
live
총 0 개 데이타 이동
END   2022-01-06 19:30:03 --------------------------


START 2022-01-06 19:40:01 --------------------------
live
총 0 개 데이타 이동
END   2022-01-06 19:40:03 --------------------------


START 2022-01-06 19:50:01 --------------------------
live
총 0 개 데이타 이동
END   2022-01-06 19:50:03 --------------------------


START 2022-01-06 20:00:01 --------------------------
live
총 0 개 데이타 이동
END   2022-01-06 20:00:03 --------------------------


START 2022-01-06 20:10:01 --------------------------
live
총 0 개 데이타 이동
END   2022-01-06 20:10:03 --------------------------


START 2022-01-06 20:20:01 --------------------------
live
총 0 개 데이타 이동
END   2022-01-06 20:20:03 --------------------------


START 2022-01-06 20:30:01 --------------------------
live
총 0 개 데이타 이동
END   2022-01-06 20:30:03 --------------------------


START 2022-01-06 20:40:01 --------------------------
live
총 0 개 데이타 이동
END   2022-01-06 20:40:03 --------------------------


START 2022-01-06 20:50:01 --------------------------
live
총 0 개 데이타 이동
END   2022-01-06 20:50:03 --------------------------


START 2022-01-06 21:00:02 --------------------------
live
총 0 개 데이타 이동
END   2022-01-06 21:00:03 --------------------------


START 2022-01-06 21:10:02 --------------------------
live
총 0 개 데이타 이동
END   2022-01-06 21:10:04 --------------------------


START 2022-01-06 21:20:02 --------------------------
live
총 0 개 데이타 이동
END   2022-01-06 21:20:03 --------------------------


START 2022-01-06 21:30:02 --------------------------
live
총 0 개 데이타 이동
END   2022-01-06 21:30:03 --------------------------


START 2022-01-06 21:40:01 --------------------------
live
총 0 개 데이타 이동
END   2022-01-06 21:40:03 --------------------------


START 2022-01-06 21:50:01 --------------------------
live
총 0 개 데이타 이동
END   2022-01-06 21:50:03 --------------------------


START 2022-01-06 22:00:01 --------------------------
live
총 0 개 데이타 이동
END   2022-01-06 22:00:03 --------------------------


START 2022-01-06 22:10:01 --------------------------
live
총 0 개 데이타 이동
END   2022-01-06 22:10:03 --------------------------


START 2022-01-06 22:20:01 --------------------------
live
총 0 개 데이타 이동
END   2022-01-06 22:20:03 --------------------------


START 2022-01-06 22:30:01 --------------------------
live
총 0 개 데이타 이동
END   2022-01-06 22:30:03 --------------------------


START 2022-01-06 22:40:02 --------------------------
live
총 0 개 데이타 이동
END   2022-01-06 22:40:03 --------------------------


START 2022-01-06 22:50:01 --------------------------
live
총 0 개 데이타 이동
END   2022-01-06 22:50:03 --------------------------


START 2022-01-06 23:00:01 --------------------------
live
총 0 개 데이타 이동
END   2022-01-06 23:00:03 --------------------------


START 2022-01-06 23:10:01 --------------------------
live
총 0 개 데이타 이동
END   2022-01-06 23:10:03 --------------------------


START 2022-01-06 23:20:01 --------------------------
live
총 0 개 데이타 이동
END   2022-01-06 23:20:03 --------------------------


START 2022-01-06 23:30:01 --------------------------
live
총 0 개 데이타 이동
END   2022-01-06 23:30:03 --------------------------


START 2022-01-06 23:40:01 --------------------------
live
총 0 개 데이타 이동
END   2022-01-06 23:40:03 --------------------------


START 2022-01-06 23:50:02 --------------------------
live
총 0 개 데이타 이동
END   2022-01-06 23:50:03 --------------------------


