START 2022-11-23 00:00:01 --------------------------
live
총 0 개 데이타 이동
END   2022-11-23 00:00:01 --------------------------


START 2022-11-23 00:10:02 --------------------------
live
총 0 개 데이타 이동
END   2022-11-23 00:10:02 --------------------------


START 2022-11-23 00:20:01 --------------------------
live
총 0 개 데이타 이동
END   2022-11-23 00:20:01 --------------------------


START 2022-11-23 00:30:01 --------------------------
live
총 0 개 데이타 이동
END   2022-11-23 00:30:01 --------------------------


START 2022-11-23 00:40:01 --------------------------
live
총 0 개 데이타 이동
END   2022-11-23 00:40:01 --------------------------


START 2022-11-23 00:50:01 --------------------------
live
총 0 개 데이타 이동
END   2022-11-23 00:50:01 --------------------------


START 2022-11-23 01:00:01 --------------------------
live
총 0 개 데이타 이동
END   2022-11-23 01:00:01 --------------------------


START 2022-11-23 01:10:01 --------------------------
live
총 0 개 데이타 이동
END   2022-11-23 01:10:01 --------------------------


START 2022-11-23 01:20:02 --------------------------
live
총 0 개 데이타 이동
END   2022-11-23 01:20:02 --------------------------


START 2022-11-23 01:30:01 --------------------------
live
총 0 개 데이타 이동
END   2022-11-23 01:30:01 --------------------------


START 2022-11-23 01:40:01 --------------------------
live
총 0 개 데이타 이동
END   2022-11-23 01:40:01 --------------------------


START 2022-11-23 01:50:01 --------------------------
live
총 0 개 데이타 이동
END   2022-11-23 01:50:01 --------------------------


START 2022-11-23 02:00:01 --------------------------
live
총 0 개 데이타 이동
END   2022-11-23 02:00:01 --------------------------


START 2022-11-23 02:10:01 --------------------------
live
총 0 개 데이타 이동
END   2022-11-23 02:10:01 --------------------------


START 2022-11-23 02:20:01 --------------------------
live
총 0 개 데이타 이동
END   2022-11-23 02:20:01 --------------------------


START 2022-11-23 02:30:01 --------------------------
live
총 0 개 데이타 이동
END   2022-11-23 02:30:01 --------------------------


START 2022-11-23 02:40:01 --------------------------
live
총 0 개 데이타 이동
END   2022-11-23 02:40:01 --------------------------


START 2022-11-23 02:50:01 --------------------------
live
총 0 개 데이타 이동
END   2022-11-23 02:50:01 --------------------------


START 2022-11-23 03:00:01 --------------------------
live
총 0 개 데이타 이동
END   2022-11-23 03:00:01 --------------------------


START 2022-11-23 03:10:02 --------------------------
live
총 0 개 데이타 이동
END   2022-11-23 03:10:02 --------------------------


START 2022-11-23 03:20:01 --------------------------
live
총 0 개 데이타 이동
END   2022-11-23 03:20:01 --------------------------


START 2022-11-23 03:30:01 --------------------------
live
총 0 개 데이타 이동
END   2022-11-23 03:30:01 --------------------------


START 2022-11-23 03:40:01 --------------------------
live
총 0 개 데이타 이동
END   2022-11-23 03:40:01 --------------------------


START 2022-11-23 03:50:01 --------------------------
live
총 0 개 데이타 이동
END   2022-11-23 03:50:01 --------------------------


START 2022-11-23 04:00:01 --------------------------
live
총 0 개 데이타 이동
END   2022-11-23 04:00:01 --------------------------


START 2022-11-23 04:10:01 --------------------------
live
총 0 개 데이타 이동
END   2022-11-23 04:10:01 --------------------------


START 2022-11-23 04:20:01 --------------------------
live
총 0 개 데이타 이동
END   2022-11-23 04:20:02 --------------------------


START 2022-11-23 04:30:01 --------------------------
live
총 0 개 데이타 이동
END   2022-11-23 04:30:01 --------------------------


START 2022-11-23 04:40:01 --------------------------
live
총 0 개 데이타 이동
END   2022-11-23 04:40:01 --------------------------


START 2022-11-23 04:50:01 --------------------------
live
총 0 개 데이타 이동
END   2022-11-23 04:50:01 --------------------------


START 2022-11-23 05:00:01 --------------------------
live
총 0 개 데이타 이동
END   2022-11-23 05:00:01 --------------------------


START 2022-11-23 05:10:01 --------------------------
live
총 0 개 데이타 이동
END   2022-11-23 05:10:01 --------------------------


START 2022-11-23 05:20:01 --------------------------
live
총 0 개 데이타 이동
END   2022-11-23 05:20:01 --------------------------


START 2022-11-23 05:30:01 --------------------------
live
총 0 개 데이타 이동
END   2022-11-23 05:30:01 --------------------------


START 2022-11-23 05:40:01 --------------------------
live
총 0 개 데이타 이동
END   2022-11-23 05:40:01 --------------------------


START 2022-11-23 05:50:01 --------------------------
live
총 0 개 데이타 이동
END   2022-11-23 05:50:01 --------------------------


START 2022-11-23 06:00:01 --------------------------
live
총 0 개 데이타 이동
END   2022-11-23 06:00:01 --------------------------


START 2022-11-23 06:10:01 --------------------------
live
총 0 개 데이타 이동
END   2022-11-23 06:10:01 --------------------------


START 2022-11-23 06:20:01 --------------------------
live
총 0 개 데이타 이동
END   2022-11-23 06:20:01 --------------------------


START 2022-11-23 06:30:01 --------------------------
live
총 0 개 데이타 이동
END   2022-11-23 06:30:01 --------------------------


START 2022-11-23 06:40:02 --------------------------
live
총 0 개 데이타 이동
END   2022-11-23 06:40:02 --------------------------


START 2022-11-23 06:50:01 --------------------------
live
총 0 개 데이타 이동
END   2022-11-23 06:50:01 --------------------------


START 2022-11-23 07:00:01 --------------------------
live
총 0 개 데이타 이동
END   2022-11-23 07:00:01 --------------------------


START 2022-11-23 07:10:02 --------------------------
live
총 0 개 데이타 이동
END   2022-11-23 07:10:02 --------------------------


START 2022-11-23 07:20:01 --------------------------
live
총 0 개 데이타 이동
END   2022-11-23 07:20:01 --------------------------


START 2022-11-23 07:30:01 --------------------------
live
총 0 개 데이타 이동
END   2022-11-23 07:30:01 --------------------------


START 2022-11-23 07:40:01 --------------------------
live
총 0 개 데이타 이동
END   2022-11-23 07:40:01 --------------------------


START 2022-11-23 07:50:01 --------------------------
live
총 0 개 데이타 이동
END   2022-11-23 07:50:01 --------------------------


START 2022-11-23 08:00:01 --------------------------
live
총 0 개 데이타 이동
END   2022-11-23 08:00:01 --------------------------


START 2022-11-23 08:10:01 --------------------------
live
총 0 개 데이타 이동
END   2022-11-23 08:10:01 --------------------------


START 2022-11-23 08:20:01 --------------------------
live
총 0 개 데이타 이동
END   2022-11-23 08:20:01 --------------------------


START 2022-11-23 08:30:01 --------------------------
live
총 0 개 데이타 이동
END   2022-11-23 08:30:01 --------------------------


START 2022-11-23 08:40:01 --------------------------
live
총 0 개 데이타 이동
END   2022-11-23 08:40:01 --------------------------


START 2022-11-23 08:50:01 --------------------------
live
총 0 개 데이타 이동
END   2022-11-23 08:50:01 --------------------------


START 2022-11-23 09:00:01 --------------------------
live
총 0 개 데이타 이동
END   2022-11-23 09:00:01 --------------------------


START 2022-11-23 09:10:01 --------------------------
live
총 0 개 데이타 이동
END   2022-11-23 09:10:01 --------------------------


START 2022-11-23 09:20:01 --------------------------
live
총 0 개 데이타 이동
END   2022-11-23 09:20:01 --------------------------


START 2022-11-23 09:30:01 --------------------------
live
총 0 개 데이타 이동
END   2022-11-23 09:30:01 --------------------------


START 2022-11-23 09:40:01 --------------------------
live
총 0 개 데이타 이동
END   2022-11-23 09:40:01 --------------------------


START 2022-11-23 09:50:01 --------------------------
live
총 0 개 데이타 이동
END   2022-11-23 09:50:01 --------------------------


START 2022-11-23 10:00:01 --------------------------
live
총 0 개 데이타 이동
END   2022-11-23 10:00:01 --------------------------


START 2022-11-23 10:10:01 --------------------------
live
총 0 개 데이타 이동
END   2022-11-23 10:10:01 --------------------------


START 2022-11-23 10:20:01 --------------------------
live
총 0 개 데이타 이동
END   2022-11-23 10:20:01 --------------------------


START 2022-11-23 10:30:01 --------------------------
live
총 0 개 데이타 이동
END   2022-11-23 10:30:01 --------------------------


START 2022-11-23 10:40:02 --------------------------
live
총 0 개 데이타 이동
END   2022-11-23 10:40:02 --------------------------


START 2022-11-23 10:50:01 --------------------------
live
총 0 개 데이타 이동
END   2022-11-23 10:50:01 --------------------------


START 2022-11-23 11:00:01 --------------------------
live
총 0 개 데이타 이동
END   2022-11-23 11:00:01 --------------------------


START 2022-11-23 11:10:01 --------------------------
live
총 0 개 데이타 이동
END   2022-11-23 11:10:01 --------------------------


START 2022-11-23 11:20:01 --------------------------
live
총 0 개 데이타 이동
END   2022-11-23 11:20:01 --------------------------


START 2022-11-23 11:30:01 --------------------------
live
총 0 개 데이타 이동
END   2022-11-23 11:30:01 --------------------------


START 2022-11-23 11:40:01 --------------------------
live
총 0 개 데이타 이동
END   2022-11-23 11:40:01 --------------------------


START 2022-11-23 11:50:01 --------------------------
live
총 0 개 데이타 이동
END   2022-11-23 11:50:01 --------------------------


START 2022-11-23 12:00:01 --------------------------
live
총 14 개 데이타 이동
데이타 이동 시작 *****
3111865 01024568888 -- 3111866 01056179090 -- 3111867 01080060401 -- 3111868 01032809295 -- 3111869 01088944740 -- 3111870 01067241409 -- 3111871 01064063972 -- 3111872 01086246176 -- 3111873 01047693024 -- 3111874 01048474041 -- 3111875 01090838172 -- 3111876 01050297528 -- 3111877 01082299622 -- 3111878 01033358065 -- 
END   2022-11-23 12:00:02 --------------------------


START 2022-11-23 12:10:01 --------------------------
live
총 0 개 데이타 이동
END   2022-11-23 12:10:01 --------------------------


START 2022-11-23 12:20:01 --------------------------
live
총 0 개 데이타 이동
END   2022-11-23 12:20:01 --------------------------


START 2022-11-23 12:30:01 --------------------------
live
총 0 개 데이타 이동
END   2022-11-23 12:30:01 --------------------------


START 2022-11-23 12:40:01 --------------------------
live
총 0 개 데이타 이동
END   2022-11-23 12:40:01 --------------------------


START 2022-11-23 12:50:01 --------------------------
live
총 0 개 데이타 이동
END   2022-11-23 12:50:01 --------------------------


START 2022-11-23 13:00:02 --------------------------
live
총 0 개 데이타 이동
END   2022-11-23 13:00:02 --------------------------


START 2022-11-23 13:10:01 --------------------------
live
총 0 개 데이타 이동
END   2022-11-23 13:10:01 --------------------------


START 2022-11-23 13:20:01 --------------------------
live
총 0 개 데이타 이동
END   2022-11-23 13:20:02 --------------------------


START 2022-11-23 13:30:01 --------------------------
live
총 0 개 데이타 이동
END   2022-11-23 13:30:01 --------------------------


START 2022-11-23 13:40:01 --------------------------
live
총 0 개 데이타 이동
END   2022-11-23 13:40:01 --------------------------


START 2022-11-23 13:50:01 --------------------------
live
총 0 개 데이타 이동
END   2022-11-23 13:50:01 --------------------------


START 2022-11-23 14:00:02 --------------------------
live
총 0 개 데이타 이동
END   2022-11-23 14:00:02 --------------------------


START 2022-11-23 14:10:01 --------------------------
live
총 0 개 데이타 이동
END   2022-11-23 14:10:01 --------------------------


START 2022-11-23 14:20:02 --------------------------
live
총 0 개 데이타 이동
END   2022-11-23 14:20:02 --------------------------


START 2022-11-23 14:30:01 --------------------------
live
총 0 개 데이타 이동
END   2022-11-23 14:30:01 --------------------------


START 2022-11-23 14:40:01 --------------------------
live
총 0 개 데이타 이동
END   2022-11-23 14:40:01 --------------------------


START 2022-11-23 14:50:01 --------------------------
live
총 0 개 데이타 이동
END   2022-11-23 14:50:01 --------------------------


START 2022-11-23 15:00:02 --------------------------
live
총 0 개 데이타 이동
END   2022-11-23 15:00:02 --------------------------


START 2022-11-23 15:10:01 --------------------------
live
총 0 개 데이타 이동
END   2022-11-23 15:10:01 --------------------------


START 2022-11-23 15:20:01 --------------------------
live
총 0 개 데이타 이동
END   2022-11-23 15:20:01 --------------------------


START 2022-11-23 15:30:01 --------------------------
live
총 0 개 데이타 이동
END   2022-11-23 15:30:01 --------------------------


START 2022-11-23 15:40:01 --------------------------
live
총 0 개 데이타 이동
END   2022-11-23 15:40:01 --------------------------


START 2022-11-23 15:50:02 --------------------------
live
총 0 개 데이타 이동
END   2022-11-23 15:50:02 --------------------------


START 2022-11-23 16:00:01 --------------------------
live
14 개의 삭제대상 레코드 발견
delete from cf_Msg_Tran where moved='Y' and Send_Time < now() - interval 30 DAY
14 개 삭제

총 0 개 데이타 이동
END   2022-11-23 16:00:01 --------------------------


START 2022-11-23 16:10:01 --------------------------
live
총 0 개 데이타 이동
END   2022-11-23 16:10:01 --------------------------


START 2022-11-23 16:20:01 --------------------------
live
총 0 개 데이타 이동
END   2022-11-23 16:20:01 --------------------------


START 2022-11-23 16:30:01 --------------------------
live
총 0 개 데이타 이동
END   2022-11-23 16:30:01 --------------------------


START 2022-11-23 16:40:01 --------------------------
live
총 0 개 데이타 이동
END   2022-11-23 16:40:01 --------------------------


START 2022-11-23 16:50:01 --------------------------
live
총 0 개 데이타 이동
END   2022-11-23 16:50:01 --------------------------


START 2022-11-23 17:00:01 --------------------------
live
총 0 개 데이타 이동
END   2022-11-23 17:00:01 --------------------------


START 2022-11-23 17:10:01 --------------------------
live
총 0 개 데이타 이동
END   2022-11-23 17:10:01 --------------------------


START 2022-11-23 17:20:01 --------------------------
live
총 0 개 데이타 이동
END   2022-11-23 17:20:01 --------------------------


START 2022-11-23 17:30:01 --------------------------
live
총 0 개 데이타 이동
END   2022-11-23 17:30:01 --------------------------


START 2022-11-23 17:40:01 --------------------------
live
총 0 개 데이타 이동
END   2022-11-23 17:40:01 --------------------------


START 2022-11-23 17:50:01 --------------------------
live
총 0 개 데이타 이동
END   2022-11-23 17:50:01 --------------------------


START 2022-11-23 18:00:01 --------------------------
live
총 0 개 데이타 이동
END   2022-11-23 18:00:01 --------------------------


START 2022-11-23 18:10:01 --------------------------
live
총 0 개 데이타 이동
END   2022-11-23 18:10:01 --------------------------


START 2022-11-23 18:20:01 --------------------------
live
총 0 개 데이타 이동
END   2022-11-23 18:20:01 --------------------------


START 2022-11-23 18:30:01 --------------------------
live
총 0 개 데이타 이동
END   2022-11-23 18:30:01 --------------------------


START 2022-11-23 18:40:01 --------------------------
live
총 0 개 데이타 이동
END   2022-11-23 18:40:01 --------------------------


START 2022-11-23 18:50:01 --------------------------
live
총 0 개 데이타 이동
END   2022-11-23 18:50:01 --------------------------


START 2022-11-23 19:00:01 --------------------------
live
총 0 개 데이타 이동
END   2022-11-23 19:00:01 --------------------------


START 2022-11-23 19:10:02 --------------------------
live
총 0 개 데이타 이동
END   2022-11-23 19:10:02 --------------------------


START 2022-11-23 19:20:01 --------------------------
live
총 0 개 데이타 이동
END   2022-11-23 19:20:01 --------------------------


START 2022-11-23 19:30:01 --------------------------
live
총 0 개 데이타 이동
END   2022-11-23 19:30:01 --------------------------


START 2022-11-23 19:40:01 --------------------------
live
총 0 개 데이타 이동
END   2022-11-23 19:40:02 --------------------------


START 2022-11-23 19:50:01 --------------------------
live
총 0 개 데이타 이동
END   2022-11-23 19:50:01 --------------------------


START 2022-11-23 20:00:03 --------------------------
live
총 0 개 데이타 이동
END   2022-11-23 20:00:03 --------------------------


START 2022-11-23 20:10:01 --------------------------
live
총 0 개 데이타 이동
END   2022-11-23 20:10:01 --------------------------


START 2022-11-23 20:20:01 --------------------------
live
총 0 개 데이타 이동
END   2022-11-23 20:20:01 --------------------------


START 2022-11-23 20:30:01 --------------------------
live
총 0 개 데이타 이동
END   2022-11-23 20:30:01 --------------------------


START 2022-11-23 20:40:01 --------------------------
live
총 0 개 데이타 이동
END   2022-11-23 20:40:01 --------------------------


START 2022-11-23 20:50:01 --------------------------
live
총 0 개 데이타 이동
END   2022-11-23 20:50:01 --------------------------


START 2022-11-23 21:00:01 --------------------------
live
총 0 개 데이타 이동
END   2022-11-23 21:00:01 --------------------------


START 2022-11-23 21:10:01 --------------------------
live
총 0 개 데이타 이동
END   2022-11-23 21:10:01 --------------------------


START 2022-11-23 21:20:02 --------------------------
live
총 0 개 데이타 이동
END   2022-11-23 21:20:02 --------------------------


START 2022-11-23 21:30:01 --------------------------
live
총 0 개 데이타 이동
END   2022-11-23 21:30:01 --------------------------


START 2022-11-23 21:40:01 --------------------------
live
총 0 개 데이타 이동
END   2022-11-23 21:40:01 --------------------------


START 2022-11-23 21:50:02 --------------------------
live
총 0 개 데이타 이동
END   2022-11-23 21:50:02 --------------------------


START 2022-11-23 22:00:01 --------------------------
live
총 0 개 데이타 이동
END   2022-11-23 22:00:01 --------------------------


START 2022-11-23 22:10:01 --------------------------
live
총 0 개 데이타 이동
END   2022-11-23 22:10:01 --------------------------


START 2022-11-23 22:20:01 --------------------------
live
총 0 개 데이타 이동
END   2022-11-23 22:20:01 --------------------------


START 2022-11-23 22:30:01 --------------------------
live
총 0 개 데이타 이동
END   2022-11-23 22:30:01 --------------------------


START 2022-11-23 22:40:01 --------------------------
live
총 0 개 데이타 이동
END   2022-11-23 22:40:01 --------------------------


START 2022-11-23 22:50:01 --------------------------
live
총 0 개 데이타 이동
END   2022-11-23 22:50:01 --------------------------


START 2022-11-23 23:00:01 --------------------------
live
총 0 개 데이타 이동
END   2022-11-23 23:00:01 --------------------------


START 2022-11-23 23:10:01 --------------------------
live
총 0 개 데이타 이동
END   2022-11-23 23:10:01 --------------------------


START 2022-11-23 23:20:01 --------------------------
live
총 0 개 데이타 이동
END   2022-11-23 23:20:01 --------------------------


START 2022-11-23 23:30:01 --------------------------
live
총 0 개 데이타 이동
END   2022-11-23 23:30:01 --------------------------


START 2022-11-23 23:40:01 --------------------------
live
총 0 개 데이타 이동
END   2022-11-23 23:40:01 --------------------------


START 2022-11-23 23:50:01 --------------------------
live
총 0 개 데이타 이동
END   2022-11-23 23:50:01 --------------------------


