START 2022-03-28 00:00:02 --------------------------
live
총 0 개 데이타 이동
END   2022-03-28 00:00:04 --------------------------


START 2022-03-28 00:10:01 --------------------------
live
총 0 개 데이타 이동
END   2022-03-28 00:10:03 --------------------------


START 2022-03-28 00:20:01 --------------------------
live
총 0 개 데이타 이동
END   2022-03-28 00:20:03 --------------------------


START 2022-03-28 00:30:02 --------------------------
live
총 0 개 데이타 이동
END   2022-03-28 00:30:04 --------------------------


START 2022-03-28 00:40:01 --------------------------
live
총 0 개 데이타 이동
END   2022-03-28 00:40:03 --------------------------


START 2022-03-28 00:50:01 --------------------------
live
총 0 개 데이타 이동
END   2022-03-28 00:50:03 --------------------------


START 2022-03-28 01:00:02 --------------------------
live
총 0 개 데이타 이동
END   2022-03-28 01:00:04 --------------------------


START 2022-03-28 01:10:01 --------------------------
live
총 0 개 데이타 이동
END   2022-03-28 01:10:03 --------------------------


START 2022-03-28 01:20:01 --------------------------
live
총 0 개 데이타 이동
END   2022-03-28 01:20:03 --------------------------


START 2022-03-28 01:30:02 --------------------------
live
총 0 개 데이타 이동
END   2022-03-28 01:30:04 --------------------------


START 2022-03-28 01:40:01 --------------------------
live
총 0 개 데이타 이동
END   2022-03-28 01:40:03 --------------------------


START 2022-03-28 01:50:01 --------------------------
live
총 0 개 데이타 이동
END   2022-03-28 01:50:03 --------------------------


START 2022-03-28 02:00:02 --------------------------
live
총 0 개 데이타 이동
END   2022-03-28 02:00:04 --------------------------


START 2022-03-28 02:10:02 --------------------------
live
총 0 개 데이타 이동
END   2022-03-28 02:10:04 --------------------------


START 2022-03-28 02:20:01 --------------------------
live
총 0 개 데이타 이동
END   2022-03-28 02:20:04 --------------------------


START 2022-03-28 02:30:01 --------------------------
live
총 0 개 데이타 이동
END   2022-03-28 02:30:03 --------------------------


START 2022-03-28 02:40:01 --------------------------
live
총 0 개 데이타 이동
END   2022-03-28 02:40:03 --------------------------


START 2022-03-28 02:50:01 --------------------------
live
총 0 개 데이타 이동
END   2022-03-28 02:50:03 --------------------------


START 2022-03-28 03:00:02 --------------------------
live
총 0 개 데이타 이동
END   2022-03-28 03:00:04 --------------------------


START 2022-03-28 03:10:02 --------------------------
live
총 0 개 데이타 이동
END   2022-03-28 03:10:04 --------------------------


START 2022-03-28 03:20:01 --------------------------
live
총 0 개 데이타 이동
END   2022-03-28 03:20:03 --------------------------


START 2022-03-28 03:30:01 --------------------------
live
총 0 개 데이타 이동
END   2022-03-28 03:30:03 --------------------------


START 2022-03-28 03:40:01 --------------------------
live
총 0 개 데이타 이동
END   2022-03-28 03:40:03 --------------------------


START 2022-03-28 03:50:02 --------------------------
live
총 0 개 데이타 이동
END   2022-03-28 03:50:04 --------------------------


START 2022-03-28 04:00:01 --------------------------
live
총 0 개 데이타 이동
END   2022-03-28 04:00:04 --------------------------


START 2022-03-28 04:10:01 --------------------------
live
총 0 개 데이타 이동
END   2022-03-28 04:10:04 --------------------------


START 2022-03-28 04:20:01 --------------------------
live
총 0 개 데이타 이동
END   2022-03-28 04:20:04 --------------------------


START 2022-03-28 04:30:01 --------------------------
live
총 0 개 데이타 이동
END   2022-03-28 04:30:03 --------------------------


START 2022-03-28 04:40:01 --------------------------
live
총 0 개 데이타 이동
END   2022-03-28 04:40:03 --------------------------


START 2022-03-28 04:50:02 --------------------------
live
총 0 개 데이타 이동
END   2022-03-28 04:50:04 --------------------------


START 2022-03-28 05:00:01 --------------------------
live
총 0 개 데이타 이동
END   2022-03-28 05:00:03 --------------------------


START 2022-03-28 05:10:01 --------------------------
live
총 0 개 데이타 이동
END   2022-03-28 05:10:03 --------------------------


START 2022-03-28 05:20:01 --------------------------
live
총 0 개 데이타 이동
END   2022-03-28 05:20:03 --------------------------


START 2022-03-28 05:30:01 --------------------------
live
총 0 개 데이타 이동
END   2022-03-28 05:30:03 --------------------------


START 2022-03-28 05:40:01 --------------------------
live
총 0 개 데이타 이동
END   2022-03-28 05:40:03 --------------------------


START 2022-03-28 05:50:02 --------------------------
live
총 0 개 데이타 이동
END   2022-03-28 05:50:04 --------------------------


START 2022-03-28 06:00:02 --------------------------
live
총 0 개 데이타 이동
END   2022-03-28 06:00:04 --------------------------


START 2022-03-28 06:10:02 --------------------------
live
총 0 개 데이타 이동
END   2022-03-28 06:10:04 --------------------------


START 2022-03-28 06:20:01 --------------------------
live
총 0 개 데이타 이동
END   2022-03-28 06:20:04 --------------------------


START 2022-03-28 06:30:01 --------------------------
live
총 0 개 데이타 이동
END   2022-03-28 06:30:04 --------------------------


START 2022-03-28 06:40:01 --------------------------
live
총 0 개 데이타 이동
END   2022-03-28 06:40:03 --------------------------


START 2022-03-28 06:50:01 --------------------------
live
총 0 개 데이타 이동
END   2022-03-28 06:50:03 --------------------------


START 2022-03-28 07:00:02 --------------------------
live
총 0 개 데이타 이동
END   2022-03-28 07:00:04 --------------------------


START 2022-03-28 07:10:02 --------------------------
live
총 0 개 데이타 이동
END   2022-03-28 07:10:04 --------------------------


START 2022-03-28 07:20:02 --------------------------
live
총 0 개 데이타 이동
END   2022-03-28 07:20:04 --------------------------


START 2022-03-28 07:30:02 --------------------------
live
총 0 개 데이타 이동
END   2022-03-28 07:30:04 --------------------------


START 2022-03-28 07:40:02 --------------------------
live
총 0 개 데이타 이동
END   2022-03-28 07:40:04 --------------------------


START 2022-03-28 07:50:01 --------------------------
live
총 0 개 데이타 이동
END   2022-03-28 07:50:04 --------------------------


START 2022-03-28 08:00:02 --------------------------
live
총 0 개 데이타 이동
END   2022-03-28 08:00:04 --------------------------


START 2022-03-28 08:10:01 --------------------------
live
총 0 개 데이타 이동
END   2022-03-28 08:10:04 --------------------------


START 2022-03-28 08:20:01 --------------------------
live
총 0 개 데이타 이동
END   2022-03-28 08:20:04 --------------------------


START 2022-03-28 08:30:01 --------------------------
live
총 0 개 데이타 이동
END   2022-03-28 08:30:03 --------------------------


START 2022-03-28 08:40:01 --------------------------
live
총 0 개 데이타 이동
END   2022-03-28 08:40:03 --------------------------


START 2022-03-28 08:50:01 --------------------------
live
총 0 개 데이타 이동
END   2022-03-28 08:50:03 --------------------------


START 2022-03-28 09:00:01 --------------------------
live
총 0 개 데이타 이동
END   2022-03-28 09:00:04 --------------------------


START 2022-03-28 09:10:01 --------------------------
live
총 0 개 데이타 이동
END   2022-03-28 09:10:04 --------------------------


START 2022-03-28 09:20:01 --------------------------
live
총 0 개 데이타 이동
END   2022-03-28 09:20:04 --------------------------


START 2022-03-28 09:30:01 --------------------------
live
총 0 개 데이타 이동
END   2022-03-28 09:30:04 --------------------------


START 2022-03-28 09:40:01 --------------------------
live
총 0 개 데이타 이동
END   2022-03-28 09:40:04 --------------------------


START 2022-03-28 09:50:02 --------------------------
live
총 0 개 데이타 이동
END   2022-03-28 09:50:04 --------------------------


START 2022-03-28 10:00:01 --------------------------
live
총 0 개 데이타 이동
END   2022-03-28 10:00:03 --------------------------


START 2022-03-28 10:10:01 --------------------------
live
총 0 개 데이타 이동
END   2022-03-28 10:10:04 --------------------------


START 2022-03-28 10:20:01 --------------------------
live
총 0 개 데이타 이동
END   2022-03-28 10:20:04 --------------------------


START 2022-03-28 10:30:01 --------------------------
live
총 0 개 데이타 이동
END   2022-03-28 10:30:03 --------------------------


START 2022-03-28 10:40:02 --------------------------
live
총 0 개 데이타 이동
END   2022-03-28 10:40:04 --------------------------


START 2022-03-28 10:50:02 --------------------------
live
총 0 개 데이타 이동
END   2022-03-28 10:50:04 --------------------------


START 2022-03-28 11:00:03 --------------------------
live
총 0 개 데이타 이동
END   2022-03-28 11:00:05 --------------------------


START 2022-03-28 11:10:01 --------------------------
live
총 0 개 데이타 이동
END   2022-03-28 11:10:03 --------------------------


START 2022-03-28 11:20:01 --------------------------
live
총 0 개 데이타 이동
END   2022-03-28 11:20:04 --------------------------


START 2022-03-28 11:30:01 --------------------------
live
총 0 개 데이타 이동
END   2022-03-28 11:30:03 --------------------------


START 2022-03-28 11:40:01 --------------------------
live
총 2 개 데이타 이동
데이타 이동 시작 *****
3102967 01024568888 -- 3102968 01088944740 -- 
END   2022-03-28 11:40:06 --------------------------


START 2022-03-28 11:50:01 --------------------------
live
총 0 개 데이타 이동
END   2022-03-28 11:50:03 --------------------------


START 2022-03-28 12:00:03 --------------------------
live
총 0 개 데이타 이동
END   2022-03-28 12:00:05 --------------------------


START 2022-03-28 12:10:02 --------------------------
live
총 2 개 데이타 이동
데이타 이동 시작 *****
3102969 01024568888 -- 3102970 01088944740 -- 
END   2022-03-28 12:10:08 --------------------------


START 2022-03-28 12:20:01 --------------------------
live
총 0 개 데이타 이동
END   2022-03-28 12:20:04 --------------------------


START 2022-03-28 12:30:02 --------------------------
live
총 0 개 데이타 이동
END   2022-03-28 12:30:04 --------------------------


START 2022-03-28 12:40:02 --------------------------
live
총 0 개 데이타 이동
END   2022-03-28 12:40:04 --------------------------


START 2022-03-28 12:50:01 --------------------------
live
총 0 개 데이타 이동
END   2022-03-28 12:50:03 --------------------------


START 2022-03-28 13:00:02 --------------------------
live
총 0 개 데이타 이동
END   2022-03-28 13:00:04 --------------------------


START 2022-03-28 13:10:02 --------------------------
live
총 0 개 데이타 이동
END   2022-03-28 13:10:05 --------------------------


START 2022-03-28 13:20:02 --------------------------
live
총 0 개 데이타 이동
END   2022-03-28 13:20:04 --------------------------


START 2022-03-28 13:30:02 --------------------------
live
총 0 개 데이타 이동
END   2022-03-28 13:30:04 --------------------------


START 2022-03-28 13:40:02 --------------------------
live
총 0 개 데이타 이동
END   2022-03-28 13:40:04 --------------------------


START 2022-03-28 13:50:01 --------------------------
live
총 0 개 데이타 이동
END   2022-03-28 13:50:03 --------------------------


START 2022-03-28 14:00:01 --------------------------
live
총 0 개 데이타 이동
END   2022-03-28 14:00:03 --------------------------


START 2022-03-28 14:10:01 --------------------------
live
총 0 개 데이타 이동
END   2022-03-28 14:10:04 --------------------------


START 2022-03-28 14:20:01 --------------------------
live
총 0 개 데이타 이동
END   2022-03-28 14:20:03 --------------------------


START 2022-03-28 14:30:01 --------------------------
live
총 0 개 데이타 이동
END   2022-03-28 14:30:03 --------------------------


START 2022-03-28 14:40:01 --------------------------
live
총 0 개 데이타 이동
END   2022-03-28 14:40:03 --------------------------


START 2022-03-28 14:50:01 --------------------------
live
총 0 개 데이타 이동
END   2022-03-28 14:50:04 --------------------------


START 2022-03-28 15:00:01 --------------------------
live
총 0 개 데이타 이동
END   2022-03-28 15:00:03 --------------------------


START 2022-03-28 15:10:01 --------------------------
live
총 0 개 데이타 이동
END   2022-03-28 15:10:03 --------------------------


START 2022-03-28 15:20:01 --------------------------
live
총 0 개 데이타 이동
END   2022-03-28 15:20:03 --------------------------


START 2022-03-28 15:30:01 --------------------------
live
총 0 개 데이타 이동
END   2022-03-28 15:30:03 --------------------------


START 2022-03-28 15:40:01 --------------------------
live
총 0 개 데이타 이동
END   2022-03-28 15:40:04 --------------------------


START 2022-03-28 15:50:01 --------------------------
live
총 0 개 데이타 이동
END   2022-03-28 15:50:04 --------------------------


START 2022-03-28 16:00:02 --------------------------
live
총 0 개 데이타 이동
END   2022-03-28 16:00:04 --------------------------


START 2022-03-28 16:10:02 --------------------------
live
총 0 개 데이타 이동
END   2022-03-28 16:10:04 --------------------------


START 2022-03-28 16:20:02 --------------------------
live
총 0 개 데이타 이동
END   2022-03-28 16:20:04 --------------------------


START 2022-03-28 16:30:02 --------------------------
live
총 0 개 데이타 이동
END   2022-03-28 16:30:04 --------------------------


START 2022-03-28 16:40:02 --------------------------
live
총 0 개 데이타 이동
END   2022-03-28 16:40:04 --------------------------


START 2022-03-28 16:50:02 --------------------------
live
총 0 개 데이타 이동
END   2022-03-28 16:50:04 --------------------------


START 2022-03-28 17:00:02 --------------------------
live
총 0 개 데이타 이동
END   2022-03-28 17:00:04 --------------------------


START 2022-03-28 17:10:01 --------------------------
live
총 0 개 데이타 이동
END   2022-03-28 17:10:03 --------------------------


START 2022-03-28 17:20:01 --------------------------
live
총 0 개 데이타 이동
END   2022-03-28 17:20:03 --------------------------


START 2022-03-28 17:30:01 --------------------------
live
총 0 개 데이타 이동
END   2022-03-28 17:30:03 --------------------------


START 2022-03-28 17:40:01 --------------------------
live
총 0 개 데이타 이동
END   2022-03-28 17:40:04 --------------------------


START 2022-03-28 17:50:01 --------------------------
live
총 0 개 데이타 이동
END   2022-03-28 17:50:03 --------------------------


START 2022-03-28 18:00:02 --------------------------
live
총 0 개 데이타 이동
END   2022-03-28 18:00:04 --------------------------


START 2022-03-28 18:10:02 --------------------------
live
총 0 개 데이타 이동
END   2022-03-28 18:10:04 --------------------------


START 2022-03-28 18:20:02 --------------------------
live
총 0 개 데이타 이동
END   2022-03-28 18:20:04 --------------------------


START 2022-03-28 18:30:02 --------------------------
live
총 0 개 데이타 이동
END   2022-03-28 18:30:04 --------------------------


START 2022-03-28 18:40:02 --------------------------
live
총 0 개 데이타 이동
END   2022-03-28 18:40:04 --------------------------


START 2022-03-28 18:50:02 --------------------------
live
총 0 개 데이타 이동
END   2022-03-28 18:50:04 --------------------------


START 2022-03-28 19:00:01 --------------------------
live
총 0 개 데이타 이동
END   2022-03-28 19:00:03 --------------------------


START 2022-03-28 19:10:01 --------------------------
live
총 0 개 데이타 이동
END   2022-03-28 19:10:03 --------------------------


START 2022-03-28 19:20:01 --------------------------
live
총 0 개 데이타 이동
END   2022-03-28 19:20:03 --------------------------


START 2022-03-28 19:30:01 --------------------------
live
총 0 개 데이타 이동
END   2022-03-28 19:30:03 --------------------------


START 2022-03-28 19:40:01 --------------------------
live
총 0 개 데이타 이동
END   2022-03-28 19:40:03 --------------------------


START 2022-03-28 19:50:01 --------------------------
live
총 0 개 데이타 이동
END   2022-03-28 19:50:03 --------------------------


START 2022-03-28 20:00:02 --------------------------
live
총 0 개 데이타 이동
END   2022-03-28 20:00:04 --------------------------


START 2022-03-28 20:10:02 --------------------------
live
총 0 개 데이타 이동
END   2022-03-28 20:10:04 --------------------------


START 2022-03-28 20:20:02 --------------------------
live
총 0 개 데이타 이동
END   2022-03-28 20:20:04 --------------------------


START 2022-03-28 20:30:02 --------------------------
live
총 0 개 데이타 이동
END   2022-03-28 20:30:04 --------------------------


START 2022-03-28 20:40:02 --------------------------
live
총 0 개 데이타 이동
END   2022-03-28 20:40:04 --------------------------


START 2022-03-28 20:50:02 --------------------------
live
총 0 개 데이타 이동
END   2022-03-28 20:50:04 --------------------------


START 2022-03-28 21:00:01 --------------------------
live
총 0 개 데이타 이동
END   2022-03-28 21:00:03 --------------------------


START 2022-03-28 21:10:01 --------------------------
live
총 0 개 데이타 이동
END   2022-03-28 21:10:03 --------------------------


START 2022-03-28 21:20:01 --------------------------
live
총 0 개 데이타 이동
END   2022-03-28 21:20:03 --------------------------


START 2022-03-28 21:30:02 --------------------------
live
총 0 개 데이타 이동
END   2022-03-28 21:30:04 --------------------------


START 2022-03-28 21:40:02 --------------------------
live
총 0 개 데이타 이동
END   2022-03-28 21:40:04 --------------------------


START 2022-03-28 21:50:02 --------------------------
live
총 0 개 데이타 이동
END   2022-03-28 21:50:04 --------------------------


START 2022-03-28 22:00:01 --------------------------
live
총 0 개 데이타 이동
END   2022-03-28 22:00:03 --------------------------


START 2022-03-28 22:10:01 --------------------------
live
총 0 개 데이타 이동
END   2022-03-28 22:10:03 --------------------------


START 2022-03-28 22:20:01 --------------------------
live
총 0 개 데이타 이동
END   2022-03-28 22:20:03 --------------------------


START 2022-03-28 22:30:01 --------------------------
live
총 0 개 데이타 이동
END   2022-03-28 22:30:03 --------------------------


START 2022-03-28 22:40:01 --------------------------
live
총 0 개 데이타 이동
END   2022-03-28 22:40:03 --------------------------


START 2022-03-28 22:50:01 --------------------------
live
총 0 개 데이타 이동
END   2022-03-28 22:50:03 --------------------------


START 2022-03-28 23:00:01 --------------------------
live
총 0 개 데이타 이동
END   2022-03-28 23:00:03 --------------------------


START 2022-03-28 23:10:01 --------------------------
live
총 0 개 데이타 이동
END   2022-03-28 23:10:03 --------------------------


START 2022-03-28 23:20:02 --------------------------
live
총 0 개 데이타 이동
END   2022-03-28 23:20:04 --------------------------


START 2022-03-28 23:30:02 --------------------------
live
총 0 개 데이타 이동
END   2022-03-28 23:30:04 --------------------------


START 2022-03-28 23:40:01 --------------------------
live
총 0 개 데이타 이동
END   2022-03-28 23:40:04 --------------------------


START 2022-03-28 23:50:01 --------------------------
live
총 0 개 데이타 이동
END   2022-03-28 23:50:03 --------------------------


