START 2022-08-13 00:00:01 --------------------------
live
총 0 개 데이타 이동
END   2022-08-13 00:00:01 --------------------------


START 2022-08-13 00:10:02 --------------------------
live
총 0 개 데이타 이동
END   2022-08-13 00:10:02 --------------------------


START 2022-08-13 00:20:01 --------------------------
live
총 0 개 데이타 이동
END   2022-08-13 00:20:01 --------------------------


START 2022-08-13 00:30:01 --------------------------
live
총 0 개 데이타 이동
END   2022-08-13 00:30:01 --------------------------


START 2022-08-13 00:40:01 --------------------------
live
총 0 개 데이타 이동
END   2022-08-13 00:40:01 --------------------------


START 2022-08-13 00:50:01 --------------------------
live
총 0 개 데이타 이동
END   2022-08-13 00:50:01 --------------------------


START 2022-08-13 01:00:03 --------------------------
live
총 0 개 데이타 이동
END   2022-08-13 01:00:03 --------------------------


START 2022-08-13 01:10:01 --------------------------
live
총 0 개 데이타 이동
END   2022-08-13 01:10:01 --------------------------


START 2022-08-13 01:20:01 --------------------------
live
총 0 개 데이타 이동
END   2022-08-13 01:20:01 --------------------------


START 2022-08-13 01:30:01 --------------------------
live
총 0 개 데이타 이동
END   2022-08-13 01:30:01 --------------------------


START 2022-08-13 01:40:01 --------------------------
live
총 0 개 데이타 이동
END   2022-08-13 01:40:01 --------------------------


START 2022-08-13 01:50:01 --------------------------
live
총 0 개 데이타 이동
END   2022-08-13 01:50:01 --------------------------


START 2022-08-13 02:00:01 --------------------------
live
총 0 개 데이타 이동
END   2022-08-13 02:00:01 --------------------------


START 2022-08-13 02:10:01 --------------------------
live
총 0 개 데이타 이동
END   2022-08-13 02:10:01 --------------------------


START 2022-08-13 02:20:01 --------------------------
live
총 0 개 데이타 이동
END   2022-08-13 02:20:01 --------------------------


START 2022-08-13 02:30:01 --------------------------
live
총 0 개 데이타 이동
END   2022-08-13 02:30:01 --------------------------


START 2022-08-13 02:40:01 --------------------------
live
총 0 개 데이타 이동
END   2022-08-13 02:40:01 --------------------------


START 2022-08-13 02:50:01 --------------------------
live
총 0 개 데이타 이동
END   2022-08-13 02:50:01 --------------------------


START 2022-08-13 03:00:01 --------------------------
live
총 0 개 데이타 이동
END   2022-08-13 03:00:01 --------------------------


START 2022-08-13 03:10:01 --------------------------
live
총 0 개 데이타 이동
END   2022-08-13 03:10:01 --------------------------


START 2022-08-13 03:20:01 --------------------------
live
총 0 개 데이타 이동
END   2022-08-13 03:20:01 --------------------------


START 2022-08-13 03:30:01 --------------------------
live
총 0 개 데이타 이동
END   2022-08-13 03:30:01 --------------------------


START 2022-08-13 03:40:01 --------------------------
live
총 0 개 데이타 이동
END   2022-08-13 03:40:02 --------------------------


START 2022-08-13 03:50:01 --------------------------
live
총 0 개 데이타 이동
END   2022-08-13 03:50:01 --------------------------


START 2022-08-13 04:00:01 --------------------------
live
총 0 개 데이타 이동
END   2022-08-13 04:00:01 --------------------------


START 2022-08-13 04:10:02 --------------------------
live
총 0 개 데이타 이동
END   2022-08-13 04:10:02 --------------------------


START 2022-08-13 04:20:01 --------------------------
live
총 0 개 데이타 이동
END   2022-08-13 04:20:01 --------------------------


START 2022-08-13 04:30:01 --------------------------
live
총 0 개 데이타 이동
END   2022-08-13 04:30:01 --------------------------


START 2022-08-13 04:40:01 --------------------------
live
총 0 개 데이타 이동
END   2022-08-13 04:40:01 --------------------------


START 2022-08-13 04:50:01 --------------------------
live
총 0 개 데이타 이동
END   2022-08-13 04:50:01 --------------------------


START 2022-08-13 05:00:01 --------------------------
live
총 0 개 데이타 이동
END   2022-08-13 05:00:01 --------------------------


START 2022-08-13 05:10:01 --------------------------
live
총 0 개 데이타 이동
END   2022-08-13 05:10:01 --------------------------


START 2022-08-13 05:20:01 --------------------------
live
총 0 개 데이타 이동
END   2022-08-13 05:20:01 --------------------------


START 2022-08-13 05:30:01 --------------------------
live
총 0 개 데이타 이동
END   2022-08-13 05:30:01 --------------------------


START 2022-08-13 05:40:01 --------------------------
live
총 0 개 데이타 이동
END   2022-08-13 05:40:01 --------------------------


START 2022-08-13 05:50:01 --------------------------
live
총 0 개 데이타 이동
END   2022-08-13 05:50:01 --------------------------


START 2022-08-13 06:00:01 --------------------------
live
총 0 개 데이타 이동
END   2022-08-13 06:00:01 --------------------------


START 2022-08-13 06:10:01 --------------------------
live
총 0 개 데이타 이동
END   2022-08-13 06:10:01 --------------------------


START 2022-08-13 06:20:01 --------------------------
live
총 0 개 데이타 이동
END   2022-08-13 06:20:01 --------------------------


START 2022-08-13 06:30:01 --------------------------
live
총 0 개 데이타 이동
END   2022-08-13 06:30:01 --------------------------


START 2022-08-13 06:40:01 --------------------------
live
총 0 개 데이타 이동
END   2022-08-13 06:40:01 --------------------------


START 2022-08-13 06:50:02 --------------------------
live
총 0 개 데이타 이동
END   2022-08-13 06:50:02 --------------------------


START 2022-08-13 07:00:01 --------------------------
live
총 0 개 데이타 이동
END   2022-08-13 07:00:01 --------------------------


START 2022-08-13 07:10:01 --------------------------
live
총 0 개 데이타 이동
END   2022-08-13 07:10:01 --------------------------


START 2022-08-13 07:20:01 --------------------------
live
총 0 개 데이타 이동
END   2022-08-13 07:20:01 --------------------------


START 2022-08-13 07:30:01 --------------------------
live
총 0 개 데이타 이동
END   2022-08-13 07:30:01 --------------------------


START 2022-08-13 07:40:01 --------------------------
live
총 0 개 데이타 이동
END   2022-08-13 07:40:01 --------------------------


START 2022-08-13 07:50:01 --------------------------
live
총 0 개 데이타 이동
END   2022-08-13 07:50:01 --------------------------


START 2022-08-13 08:00:01 --------------------------
live
총 0 개 데이타 이동
END   2022-08-13 08:00:01 --------------------------


START 2022-08-13 08:10:01 --------------------------
live
총 0 개 데이타 이동
END   2022-08-13 08:10:01 --------------------------


START 2022-08-13 08:20:02 --------------------------
live
총 0 개 데이타 이동
END   2022-08-13 08:20:02 --------------------------


START 2022-08-13 08:30:01 --------------------------
live
총 0 개 데이타 이동
END   2022-08-13 08:30:01 --------------------------


START 2022-08-13 08:40:01 --------------------------
live
총 0 개 데이타 이동
END   2022-08-13 08:40:01 --------------------------


START 2022-08-13 08:50:01 --------------------------
live
총 0 개 데이타 이동
END   2022-08-13 08:50:01 --------------------------


START 2022-08-13 09:00:01 --------------------------
live
총 0 개 데이타 이동
END   2022-08-13 09:00:01 --------------------------


START 2022-08-13 09:10:01 --------------------------
live
총 0 개 데이타 이동
END   2022-08-13 09:10:01 --------------------------


START 2022-08-13 09:20:01 --------------------------
live
총 0 개 데이타 이동
END   2022-08-13 09:20:01 --------------------------


START 2022-08-13 09:30:01 --------------------------
live
총 0 개 데이타 이동
END   2022-08-13 09:30:01 --------------------------


START 2022-08-13 09:40:01 --------------------------
live
총 0 개 데이타 이동
END   2022-08-13 09:40:01 --------------------------


START 2022-08-13 09:50:01 --------------------------
live
총 0 개 데이타 이동
END   2022-08-13 09:50:01 --------------------------


START 2022-08-13 10:00:01 --------------------------
live
총 0 개 데이타 이동
END   2022-08-13 10:00:01 --------------------------


START 2022-08-13 10:10:01 --------------------------
live
총 0 개 데이타 이동
END   2022-08-13 10:10:02 --------------------------


START 2022-08-13 10:20:01 --------------------------
live
총 0 개 데이타 이동
END   2022-08-13 10:20:01 --------------------------


START 2022-08-13 10:30:01 --------------------------
live
총 0 개 데이타 이동
END   2022-08-13 10:30:01 --------------------------


START 2022-08-13 10:40:02 --------------------------
live
4 개의 삭제대상 레코드 발견
delete from cf_Msg_Tran where moved='Y' and Send_Time < now() - interval 30 DAY
4 개 삭제

총 0 개 데이타 이동
END   2022-08-13 10:40:02 --------------------------


START 2022-08-13 10:50:01 --------------------------
live
총 0 개 데이타 이동
END   2022-08-13 10:50:01 --------------------------


START 2022-08-13 11:00:01 --------------------------
live
총 0 개 데이타 이동
END   2022-08-13 11:00:01 --------------------------


START 2022-08-13 11:10:01 --------------------------
live
총 0 개 데이타 이동
END   2022-08-13 11:10:01 --------------------------


START 2022-08-13 11:20:01 --------------------------
live
총 0 개 데이타 이동
END   2022-08-13 11:20:01 --------------------------


START 2022-08-13 11:30:01 --------------------------
live
총 0 개 데이타 이동
END   2022-08-13 11:30:01 --------------------------


START 2022-08-13 11:40:01 --------------------------
live
총 0 개 데이타 이동
END   2022-08-13 11:40:02 --------------------------


START 2022-08-13 11:50:01 --------------------------
live
총 0 개 데이타 이동
END   2022-08-13 11:50:01 --------------------------


START 2022-08-13 12:00:01 --------------------------
live
총 0 개 데이타 이동
END   2022-08-13 12:00:01 --------------------------


START 2022-08-13 12:10:01 --------------------------
live
총 0 개 데이타 이동
END   2022-08-13 12:10:01 --------------------------


START 2022-08-13 12:20:01 --------------------------
live
총 0 개 데이타 이동
END   2022-08-13 12:20:01 --------------------------


START 2022-08-13 12:30:01 --------------------------
live
총 0 개 데이타 이동
END   2022-08-13 12:30:01 --------------------------


START 2022-08-13 12:40:01 --------------------------
live
총 0 개 데이타 이동
END   2022-08-13 12:40:01 --------------------------


START 2022-08-13 12:50:01 --------------------------
live
총 0 개 데이타 이동
END   2022-08-13 12:50:01 --------------------------


START 2022-08-13 13:00:01 --------------------------
live
총 0 개 데이타 이동
END   2022-08-13 13:00:01 --------------------------


START 2022-08-13 13:10:02 --------------------------
live
총 0 개 데이타 이동
END   2022-08-13 13:10:02 --------------------------


START 2022-08-13 13:20:01 --------------------------
live
4 개의 삭제대상 레코드 발견
delete from cf_Msg_Tran where moved='Y' and Send_Time < now() - interval 30 DAY
4 개 삭제

총 0 개 데이타 이동
END   2022-08-13 13:20:01 --------------------------


START 2022-08-13 13:30:01 --------------------------
live
총 0 개 데이타 이동
END   2022-08-13 13:30:01 --------------------------


START 2022-08-13 13:40:01 --------------------------
live
총 0 개 데이타 이동
END   2022-08-13 13:40:01 --------------------------


START 2022-08-13 13:50:02 --------------------------
live
총 0 개 데이타 이동
END   2022-08-13 13:50:02 --------------------------


START 2022-08-13 14:00:01 --------------------------
live
총 0 개 데이타 이동
END   2022-08-13 14:00:01 --------------------------


START 2022-08-13 14:10:01 --------------------------
live
총 0 개 데이타 이동
END   2022-08-13 14:10:01 --------------------------


START 2022-08-13 14:20:01 --------------------------
live
총 0 개 데이타 이동
END   2022-08-13 14:20:01 --------------------------


START 2022-08-13 14:30:02 --------------------------
live
1 개의 삭제대상 레코드 발견
delete from cf_Msg_Tran where moved='Y' and Send_Time < now() - interval 30 DAY
1 개 삭제

총 0 개 데이타 이동
END   2022-08-13 14:30:02 --------------------------


START 2022-08-13 14:40:01 --------------------------
live
총 0 개 데이타 이동
END   2022-08-13 14:40:01 --------------------------


START 2022-08-13 14:50:01 --------------------------
live
총 0 개 데이타 이동
END   2022-08-13 14:50:01 --------------------------


START 2022-08-13 15:00:01 --------------------------
live
총 0 개 데이타 이동
END   2022-08-13 15:00:01 --------------------------


START 2022-08-13 15:10:02 --------------------------
live
총 0 개 데이타 이동
END   2022-08-13 15:10:02 --------------------------


START 2022-08-13 15:20:01 --------------------------
live
총 0 개 데이타 이동
END   2022-08-13 15:20:01 --------------------------


START 2022-08-13 15:30:01 --------------------------
live
총 0 개 데이타 이동
END   2022-08-13 15:30:01 --------------------------


START 2022-08-13 15:40:01 --------------------------
live
총 0 개 데이타 이동
END   2022-08-13 15:40:01 --------------------------


START 2022-08-13 15:50:01 --------------------------
live
총 0 개 데이타 이동
END   2022-08-13 15:50:01 --------------------------


START 2022-08-13 16:00:01 --------------------------
live
총 0 개 데이타 이동
END   2022-08-13 16:00:01 --------------------------


START 2022-08-13 16:10:01 --------------------------
live
총 0 개 데이타 이동
END   2022-08-13 16:10:01 --------------------------


START 2022-08-13 16:20:01 --------------------------
live
총 0 개 데이타 이동
END   2022-08-13 16:20:01 --------------------------


START 2022-08-13 16:30:01 --------------------------
live
총 0 개 데이타 이동
END   2022-08-13 16:30:01 --------------------------


START 2022-08-13 16:40:01 --------------------------
live
총 0 개 데이타 이동
END   2022-08-13 16:40:01 --------------------------


START 2022-08-13 16:50:01 --------------------------
live
총 0 개 데이타 이동
END   2022-08-13 16:50:01 --------------------------


START 2022-08-13 17:00:01 --------------------------
live
총 0 개 데이타 이동
END   2022-08-13 17:00:01 --------------------------


START 2022-08-13 17:10:01 --------------------------
live
총 0 개 데이타 이동
END   2022-08-13 17:10:01 --------------------------


START 2022-08-13 17:20:01 --------------------------
live
총 0 개 데이타 이동
END   2022-08-13 17:20:01 --------------------------


START 2022-08-13 17:30:04 --------------------------
live
총 0 개 데이타 이동
END   2022-08-13 17:30:04 --------------------------


START 2022-08-13 17:40:01 --------------------------
live
총 0 개 데이타 이동
END   2022-08-13 17:40:01 --------------------------


START 2022-08-13 17:50:01 --------------------------
live
총 0 개 데이타 이동
END   2022-08-13 17:50:01 --------------------------


START 2022-08-13 18:00:01 --------------------------
live
총 0 개 데이타 이동
END   2022-08-13 18:00:01 --------------------------


START 2022-08-13 18:10:01 --------------------------
live
총 0 개 데이타 이동
END   2022-08-13 18:10:01 --------------------------


START 2022-08-13 18:20:01 --------------------------
live
총 0 개 데이타 이동
END   2022-08-13 18:20:01 --------------------------


START 2022-08-13 18:30:01 --------------------------
live
총 0 개 데이타 이동
END   2022-08-13 18:30:01 --------------------------


START 2022-08-13 18:40:02 --------------------------
live
총 0 개 데이타 이동
END   2022-08-13 18:40:02 --------------------------


START 2022-08-13 18:50:01 --------------------------
live
총 0 개 데이타 이동
END   2022-08-13 18:50:01 --------------------------


START 2022-08-13 19:00:01 --------------------------
live
총 0 개 데이타 이동
END   2022-08-13 19:00:01 --------------------------


START 2022-08-13 19:10:01 --------------------------
live
총 0 개 데이타 이동
END   2022-08-13 19:10:01 --------------------------


START 2022-08-13 19:20:01 --------------------------
live
총 0 개 데이타 이동
END   2022-08-13 19:20:01 --------------------------


START 2022-08-13 19:30:01 --------------------------
live
총 0 개 데이타 이동
END   2022-08-13 19:30:01 --------------------------


START 2022-08-13 19:40:01 --------------------------
live
총 0 개 데이타 이동
END   2022-08-13 19:40:01 --------------------------


START 2022-08-13 19:50:01 --------------------------
live
총 0 개 데이타 이동
END   2022-08-13 19:50:01 --------------------------


START 2022-08-13 20:00:01 --------------------------
live
총 0 개 데이타 이동
END   2022-08-13 20:00:01 --------------------------


START 2022-08-13 20:10:01 --------------------------
live
총 0 개 데이타 이동
END   2022-08-13 20:10:01 --------------------------


START 2022-08-13 20:20:01 --------------------------
live
총 0 개 데이타 이동
END   2022-08-13 20:20:01 --------------------------


START 2022-08-13 20:30:01 --------------------------
live
총 0 개 데이타 이동
END   2022-08-13 20:30:01 --------------------------


START 2022-08-13 20:40:01 --------------------------
live
총 0 개 데이타 이동
END   2022-08-13 20:40:01 --------------------------


START 2022-08-13 20:50:01 --------------------------
live
총 0 개 데이타 이동
END   2022-08-13 20:50:01 --------------------------


START 2022-08-13 21:00:01 --------------------------
live
총 0 개 데이타 이동
END   2022-08-13 21:00:01 --------------------------


START 2022-08-13 21:10:01 --------------------------
live
총 0 개 데이타 이동
END   2022-08-13 21:10:01 --------------------------


START 2022-08-13 21:20:01 --------------------------
live
총 0 개 데이타 이동
END   2022-08-13 21:20:01 --------------------------


START 2022-08-13 21:30:03 --------------------------
live
총 0 개 데이타 이동
END   2022-08-13 21:30:03 --------------------------


START 2022-08-13 21:40:01 --------------------------
live
총 0 개 데이타 이동
END   2022-08-13 21:40:01 --------------------------


START 2022-08-13 21:50:01 --------------------------
live
총 0 개 데이타 이동
END   2022-08-13 21:50:01 --------------------------


START 2022-08-13 22:00:01 --------------------------
live
총 0 개 데이타 이동
END   2022-08-13 22:00:01 --------------------------


START 2022-08-13 22:10:01 --------------------------
live
총 0 개 데이타 이동
END   2022-08-13 22:10:01 --------------------------


START 2022-08-13 22:20:01 --------------------------
live
총 0 개 데이타 이동
END   2022-08-13 22:20:01 --------------------------


START 2022-08-13 22:30:01 --------------------------
live
총 0 개 데이타 이동
END   2022-08-13 22:30:01 --------------------------


START 2022-08-13 22:40:01 --------------------------
live
총 0 개 데이타 이동
END   2022-08-13 22:40:01 --------------------------


START 2022-08-13 22:50:01 --------------------------
live
총 0 개 데이타 이동
END   2022-08-13 22:50:01 --------------------------


START 2022-08-13 23:00:02 --------------------------
live
총 0 개 데이타 이동
END   2022-08-13 23:00:02 --------------------------


START 2022-08-13 23:10:01 --------------------------
live
총 0 개 데이타 이동
END   2022-08-13 23:10:01 --------------------------


START 2022-08-13 23:20:01 --------------------------
live
총 0 개 데이타 이동
END   2022-08-13 23:20:01 --------------------------


START 2022-08-13 23:30:01 --------------------------
live
총 0 개 데이타 이동
END   2022-08-13 23:30:01 --------------------------


START 2022-08-13 23:40:01 --------------------------
live
총 0 개 데이타 이동
END   2022-08-13 23:40:01 --------------------------


START 2022-08-13 23:50:01 --------------------------
live
총 0 개 데이타 이동
END   2022-08-13 23:50:01 --------------------------


