START 2022-01-04 00:00:01 --------------------------
live
총 0 개 데이타 이동
END   2022-01-04 00:00:03 --------------------------


START 2022-01-04 00:10:01 --------------------------
live
총 0 개 데이타 이동
END   2022-01-04 00:10:03 --------------------------


START 2022-01-04 00:20:01 --------------------------
live
총 0 개 데이타 이동
END   2022-01-04 00:20:03 --------------------------


START 2022-01-04 00:30:02 --------------------------
live
총 0 개 데이타 이동
END   2022-01-04 00:30:04 --------------------------


START 2022-01-04 00:40:02 --------------------------
live
총 0 개 데이타 이동
END   2022-01-04 00:40:03 --------------------------


START 2022-01-04 00:50:01 --------------------------
live
총 0 개 데이타 이동
END   2022-01-04 00:50:03 --------------------------


START 2022-01-04 01:00:01 --------------------------
live
총 0 개 데이타 이동
END   2022-01-04 01:00:03 --------------------------


START 2022-01-04 01:10:01 --------------------------
live
총 0 개 데이타 이동
END   2022-01-04 01:10:03 --------------------------


START 2022-01-04 01:20:01 --------------------------
live
총 0 개 데이타 이동
END   2022-01-04 01:20:03 --------------------------


START 2022-01-04 01:30:02 --------------------------
live
총 0 개 데이타 이동
END   2022-01-04 01:30:03 --------------------------


START 2022-01-04 01:40:01 --------------------------
live
총 0 개 데이타 이동
END   2022-01-04 01:40:03 --------------------------


START 2022-01-04 01:50:01 --------------------------
live
총 0 개 데이타 이동
END   2022-01-04 01:50:03 --------------------------


START 2022-01-04 02:00:02 --------------------------
live
총 0 개 데이타 이동
END   2022-01-04 02:00:04 --------------------------


START 2022-01-04 02:10:02 --------------------------
live
총 0 개 데이타 이동
END   2022-01-04 02:10:03 --------------------------


START 2022-01-04 02:20:01 --------------------------
live
총 0 개 데이타 이동
END   2022-01-04 02:20:03 --------------------------


START 2022-01-04 02:30:01 --------------------------
live
총 0 개 데이타 이동
END   2022-01-04 02:30:03 --------------------------


START 2022-01-04 02:40:01 --------------------------
live
총 0 개 데이타 이동
END   2022-01-04 02:40:03 --------------------------


START 2022-01-04 02:50:01 --------------------------
live
총 0 개 데이타 이동
END   2022-01-04 02:50:03 --------------------------


START 2022-01-04 03:00:01 --------------------------
live
총 0 개 데이타 이동
END   2022-01-04 03:00:03 --------------------------


START 2022-01-04 03:10:01 --------------------------
live
총 0 개 데이타 이동
END   2022-01-04 03:10:03 --------------------------


START 2022-01-04 03:20:02 --------------------------
live
총 0 개 데이타 이동
END   2022-01-04 03:20:04 --------------------------


START 2022-01-04 03:30:01 --------------------------
live
총 0 개 데이타 이동
END   2022-01-04 03:30:03 --------------------------


START 2022-01-04 03:40:01 --------------------------
live
총 0 개 데이타 이동
END   2022-01-04 03:40:03 --------------------------


START 2022-01-04 03:50:01 --------------------------
live
총 0 개 데이타 이동
END   2022-01-04 03:50:03 --------------------------


START 2022-01-04 04:00:02 --------------------------
live
총 0 개 데이타 이동
END   2022-01-04 04:00:04 --------------------------


START 2022-01-04 04:10:02 --------------------------
live
총 0 개 데이타 이동
END   2022-01-04 04:10:03 --------------------------


START 2022-01-04 04:20:01 --------------------------
live
총 0 개 데이타 이동
END   2022-01-04 04:20:03 --------------------------


START 2022-01-04 04:30:01 --------------------------
live
총 0 개 데이타 이동
END   2022-01-04 04:30:03 --------------------------


START 2022-01-04 04:40:02 --------------------------
live
총 0 개 데이타 이동
END   2022-01-04 04:40:03 --------------------------


START 2022-01-04 04:50:01 --------------------------
live
총 0 개 데이타 이동
END   2022-01-04 04:50:03 --------------------------


START 2022-01-04 05:00:01 --------------------------
live
총 0 개 데이타 이동
END   2022-01-04 05:00:03 --------------------------


START 2022-01-04 05:10:01 --------------------------
live
총 0 개 데이타 이동
END   2022-01-04 05:10:03 --------------------------


START 2022-01-04 05:20:01 --------------------------
live
총 0 개 데이타 이동
END   2022-01-04 05:20:03 --------------------------


START 2022-01-04 05:30:02 --------------------------
live
총 0 개 데이타 이동
END   2022-01-04 05:30:04 --------------------------


START 2022-01-04 05:40:01 --------------------------
live
총 0 개 데이타 이동
END   2022-01-04 05:40:03 --------------------------


START 2022-01-04 05:50:01 --------------------------
live
총 0 개 데이타 이동
END   2022-01-04 05:50:03 --------------------------


START 2022-01-04 06:00:01 --------------------------
live
총 0 개 데이타 이동
END   2022-01-04 06:00:03 --------------------------


START 2022-01-04 06:10:02 --------------------------
live
총 0 개 데이타 이동
END   2022-01-04 06:10:03 --------------------------


START 2022-01-04 06:20:01 --------------------------
live
총 0 개 데이타 이동
END   2022-01-04 06:20:03 --------------------------


START 2022-01-04 06:30:01 --------------------------
live
총 0 개 데이타 이동
END   2022-01-04 06:30:03 --------------------------


START 2022-01-04 06:40:01 --------------------------
live
총 0 개 데이타 이동
END   2022-01-04 06:40:03 --------------------------


START 2022-01-04 06:50:01 --------------------------
live
총 0 개 데이타 이동
END   2022-01-04 06:50:03 --------------------------


START 2022-01-04 07:00:01 --------------------------
live
총 0 개 데이타 이동
END   2022-01-04 07:00:03 --------------------------


START 2022-01-04 07:10:02 --------------------------
live
총 0 개 데이타 이동
END   2022-01-04 07:10:04 --------------------------


START 2022-01-04 07:20:02 --------------------------
live
총 0 개 데이타 이동
END   2022-01-04 07:20:03 --------------------------


START 2022-01-04 07:30:02 --------------------------
live
총 0 개 데이타 이동
END   2022-01-04 07:30:03 --------------------------


START 2022-01-04 07:40:02 --------------------------
live
총 0 개 데이타 이동
END   2022-01-04 07:40:03 --------------------------


START 2022-01-04 07:50:01 --------------------------
live
총 0 개 데이타 이동
END   2022-01-04 07:50:03 --------------------------


START 2022-01-04 08:00:01 --------------------------
live
총 0 개 데이타 이동
END   2022-01-04 08:00:03 --------------------------


START 2022-01-04 08:10:01 --------------------------
live
총 0 개 데이타 이동
END   2022-01-04 08:10:03 --------------------------


START 2022-01-04 08:20:01 --------------------------
live
총 0 개 데이타 이동
END   2022-01-04 08:20:03 --------------------------


START 2022-01-04 08:30:01 --------------------------
live
총 0 개 데이타 이동
END   2022-01-04 08:30:03 --------------------------


START 2022-01-04 08:40:01 --------------------------
live
총 0 개 데이타 이동
END   2022-01-04 08:40:03 --------------------------


START 2022-01-04 08:50:01 --------------------------
live
총 0 개 데이타 이동
END   2022-01-04 08:50:03 --------------------------


START 2022-01-04 09:00:01 --------------------------
live
총 0 개 데이타 이동
END   2022-01-04 09:00:03 --------------------------


START 2022-01-04 09:10:01 --------------------------
live
총 0 개 데이타 이동
END   2022-01-04 09:10:03 --------------------------


START 2022-01-04 09:20:01 --------------------------
live
총 0 개 데이타 이동
END   2022-01-04 09:20:03 --------------------------


START 2022-01-04 09:30:01 --------------------------
live
총 0 개 데이타 이동
END   2022-01-04 09:30:03 --------------------------


START 2022-01-04 09:40:01 --------------------------
live
총 0 개 데이타 이동
END   2022-01-04 09:40:03 --------------------------


START 2022-01-04 09:50:02 --------------------------
live
총 0 개 데이타 이동
END   2022-01-04 09:50:04 --------------------------


START 2022-01-04 10:00:02 --------------------------
live
총 0 개 데이타 이동
END   2022-01-04 10:00:04 --------------------------


START 2022-01-04 10:10:02 --------------------------
live
총 0 개 데이타 이동
END   2022-01-04 10:10:04 --------------------------


START 2022-01-04 10:20:02 --------------------------
live
총 0 개 데이타 이동
END   2022-01-04 10:20:04 --------------------------


START 2022-01-04 10:30:02 --------------------------
live
총 0 개 데이타 이동
END   2022-01-04 10:30:04 --------------------------


START 2022-01-04 10:40:01 --------------------------
live
총 0 개 데이타 이동
END   2022-01-04 10:40:03 --------------------------


START 2022-01-04 10:50:01 --------------------------
live
총 0 개 데이타 이동
END   2022-01-04 10:50:03 --------------------------


START 2022-01-04 11:00:01 --------------------------
live
총 0 개 데이타 이동
END   2022-01-04 11:00:03 --------------------------


START 2022-01-04 11:10:01 --------------------------
live
총 0 개 데이타 이동
END   2022-01-04 11:10:02 --------------------------


START 2022-01-04 11:20:02 --------------------------
live
총 0 개 데이타 이동
END   2022-01-04 11:20:04 --------------------------


START 2022-01-04 11:30:03 --------------------------
live
총 0 개 데이타 이동
END   2022-01-04 11:30:05 --------------------------


START 2022-01-04 11:40:02 --------------------------
live
총 0 개 데이타 이동
END   2022-01-04 11:40:03 --------------------------


START 2022-01-04 11:50:01 --------------------------
live
총 0 개 데이타 이동
END   2022-01-04 11:50:03 --------------------------


START 2022-01-04 12:00:02 --------------------------
live
총 0 개 데이타 이동
END   2022-01-04 12:00:03 --------------------------


START 2022-01-04 12:10:01 --------------------------
live
총 0 개 데이타 이동
END   2022-01-04 12:10:03 --------------------------


START 2022-01-04 12:20:01 --------------------------
live
총 0 개 데이타 이동
END   2022-01-04 12:20:03 --------------------------


START 2022-01-04 12:30:01 --------------------------
live
총 0 개 데이타 이동
END   2022-01-04 12:30:03 --------------------------


START 2022-01-04 12:40:01 --------------------------
live
총 0 개 데이타 이동
END   2022-01-04 12:40:03 --------------------------


START 2022-01-04 12:50:01 --------------------------
live
총 0 개 데이타 이동
END   2022-01-04 12:50:03 --------------------------


START 2022-01-04 13:00:01 --------------------------
live
총 0 개 데이타 이동
END   2022-01-04 13:00:03 --------------------------


START 2022-01-04 13:10:02 --------------------------
live
총 0 개 데이타 이동
END   2022-01-04 13:10:03 --------------------------


START 2022-01-04 13:20:02 --------------------------
live
총 0 개 데이타 이동
END   2022-01-04 13:20:03 --------------------------


START 2022-01-04 13:30:02 --------------------------
live
총 0 개 데이타 이동
END   2022-01-04 13:30:03 --------------------------


START 2022-01-04 13:40:02 --------------------------
live
총 0 개 데이타 이동
END   2022-01-04 13:40:03 --------------------------


START 2022-01-04 13:50:02 --------------------------
live
총 0 개 데이타 이동
END   2022-01-04 13:50:03 --------------------------


START 2022-01-04 14:00:04 --------------------------
live
총 0 개 데이타 이동
END   2022-01-04 14:00:05 --------------------------


START 2022-01-04 14:10:01 --------------------------
live
총 2 개 데이타 이동
데이타 이동 시작 *****
3045993 01024568888 -- 3045994 01088944740 -- 
END   2022-01-04 14:10:05 --------------------------


START 2022-01-04 14:20:01 --------------------------
live
총 0 개 데이타 이동
END   2022-01-04 14:20:03 --------------------------


START 2022-01-04 14:30:01 --------------------------
live
총 0 개 데이타 이동
END   2022-01-04 14:30:03 --------------------------


START 2022-01-04 14:40:01 --------------------------
live
총 0 개 데이타 이동
END   2022-01-04 14:40:03 --------------------------


START 2022-01-04 14:50:01 --------------------------
live
총 0 개 데이타 이동
END   2022-01-04 14:50:03 --------------------------


START 2022-01-04 15:00:01 --------------------------
live
총 0 개 데이타 이동
END   2022-01-04 15:00:03 --------------------------


START 2022-01-04 15:10:02 --------------------------
live
총 0 개 데이타 이동
END   2022-01-04 15:10:05 --------------------------


START 2022-01-04 15:20:02 --------------------------
live
총 0 개 데이타 이동
END   2022-01-04 15:20:03 --------------------------


START 2022-01-04 15:30:02 --------------------------
live
총 0 개 데이타 이동
END   2022-01-04 15:30:03 --------------------------


START 2022-01-04 15:40:01 --------------------------
live
총 0 개 데이타 이동
END   2022-01-04 15:40:03 --------------------------


START 2022-01-04 15:50:02 --------------------------
live
총 0 개 데이타 이동
END   2022-01-04 15:50:03 --------------------------


START 2022-01-04 16:00:01 --------------------------
live
총 0 개 데이타 이동
END   2022-01-04 16:00:03 --------------------------


START 2022-01-04 16:10:02 --------------------------
live
총 0 개 데이타 이동
END   2022-01-04 16:10:05 --------------------------


START 2022-01-04 16:20:02 --------------------------
live
총 0 개 데이타 이동
END   2022-01-04 16:20:03 --------------------------


START 2022-01-04 16:30:02 --------------------------
live
총 0 개 데이타 이동
END   2022-01-04 16:30:03 --------------------------


START 2022-01-04 16:40:02 --------------------------
live
총 0 개 데이타 이동
END   2022-01-04 16:40:03 --------------------------


START 2022-01-04 16:50:01 --------------------------
live
총 0 개 데이타 이동
END   2022-01-04 16:50:03 --------------------------


START 2022-01-04 17:00:01 --------------------------
live
총 0 개 데이타 이동
END   2022-01-04 17:00:03 --------------------------


START 2022-01-04 17:10:01 --------------------------
live
총 0 개 데이타 이동
END   2022-01-04 17:10:03 --------------------------


START 2022-01-04 17:20:01 --------------------------
live
총 0 개 데이타 이동
END   2022-01-04 17:20:03 --------------------------


START 2022-01-04 17:30:01 --------------------------
live
총 0 개 데이타 이동
END   2022-01-04 17:30:03 --------------------------


START 2022-01-04 17:40:01 --------------------------
live
총 0 개 데이타 이동
END   2022-01-04 17:40:03 --------------------------


START 2022-01-04 17:50:01 --------------------------
live
총 0 개 데이타 이동
END   2022-01-04 17:50:03 --------------------------


START 2022-01-04 18:00:01 --------------------------
live
총 0 개 데이타 이동
END   2022-01-04 18:00:03 --------------------------


START 2022-01-04 18:10:01 --------------------------
live
총 0 개 데이타 이동
END   2022-01-04 18:10:03 --------------------------


START 2022-01-04 18:20:01 --------------------------
live
총 0 개 데이타 이동
END   2022-01-04 18:20:03 --------------------------


START 2022-01-04 18:30:01 --------------------------
live
총 0 개 데이타 이동
END   2022-01-04 18:30:03 --------------------------


START 2022-01-04 18:40:01 --------------------------
live
총 0 개 데이타 이동
END   2022-01-04 18:40:03 --------------------------


START 2022-01-04 18:50:01 --------------------------
live
총 0 개 데이타 이동
END   2022-01-04 18:50:03 --------------------------


START 2022-01-04 19:00:02 --------------------------
live
총 0 개 데이타 이동
END   2022-01-04 19:00:04 --------------------------


START 2022-01-04 19:10:02 --------------------------
live
총 0 개 데이타 이동
END   2022-01-04 19:10:04 --------------------------


START 2022-01-04 19:20:02 --------------------------
live
총 0 개 데이타 이동
END   2022-01-04 19:20:03 --------------------------


START 2022-01-04 19:30:02 --------------------------
live
총 0 개 데이타 이동
END   2022-01-04 19:30:03 --------------------------


START 2022-01-04 19:40:02 --------------------------
live
총 0 개 데이타 이동
END   2022-01-04 19:40:03 --------------------------


START 2022-01-04 19:50:01 --------------------------
live
총 0 개 데이타 이동
END   2022-01-04 19:50:03 --------------------------


START 2022-01-04 20:00:01 --------------------------
live
총 0 개 데이타 이동
END   2022-01-04 20:00:03 --------------------------


START 2022-01-04 20:10:01 --------------------------
live
총 0 개 데이타 이동
END   2022-01-04 20:10:03 --------------------------


START 2022-01-04 20:20:01 --------------------------
live
총 0 개 데이타 이동
END   2022-01-04 20:20:03 --------------------------


START 2022-01-04 20:30:01 --------------------------
live
총 0 개 데이타 이동
END   2022-01-04 20:30:03 --------------------------


START 2022-01-04 20:40:01 --------------------------
live
총 0 개 데이타 이동
END   2022-01-04 20:40:03 --------------------------


START 2022-01-04 20:50:01 --------------------------
live
총 0 개 데이타 이동
END   2022-01-04 20:50:03 --------------------------


START 2022-01-04 21:00:01 --------------------------
live
총 0 개 데이타 이동
END   2022-01-04 21:00:03 --------------------------


START 2022-01-04 21:10:01 --------------------------
live
총 0 개 데이타 이동
END   2022-01-04 21:10:03 --------------------------


START 2022-01-04 21:20:01 --------------------------
live
총 0 개 데이타 이동
END   2022-01-04 21:20:02 --------------------------


START 2022-01-04 21:30:02 --------------------------
live
총 0 개 데이타 이동
END   2022-01-04 21:30:04 --------------------------


START 2022-01-04 21:40:02 --------------------------
live
총 0 개 데이타 이동
END   2022-01-04 21:40:04 --------------------------


START 2022-01-04 21:50:02 --------------------------
live
총 0 개 데이타 이동
END   2022-01-04 21:50:03 --------------------------


START 2022-01-04 22:00:02 --------------------------
live
총 0 개 데이타 이동
END   2022-01-04 22:00:03 --------------------------


START 2022-01-04 22:10:01 --------------------------
live
총 0 개 데이타 이동
END   2022-01-04 22:10:03 --------------------------


START 2022-01-04 22:20:01 --------------------------
live
총 0 개 데이타 이동
END   2022-01-04 22:20:03 --------------------------


START 2022-01-04 22:30:01 --------------------------
live
총 0 개 데이타 이동
END   2022-01-04 22:30:03 --------------------------


START 2022-01-04 22:40:01 --------------------------
live
총 0 개 데이타 이동
END   2022-01-04 22:40:03 --------------------------


START 2022-01-04 22:50:01 --------------------------
live
총 0 개 데이타 이동
END   2022-01-04 22:50:03 --------------------------


START 2022-01-04 23:00:01 --------------------------
live
총 0 개 데이타 이동
END   2022-01-04 23:00:03 --------------------------


START 2022-01-04 23:10:01 --------------------------
live
총 0 개 데이타 이동
END   2022-01-04 23:10:03 --------------------------


START 2022-01-04 23:20:02 --------------------------
live
총 0 개 데이타 이동
END   2022-01-04 23:20:03 --------------------------


START 2022-01-04 23:30:01 --------------------------
live
총 0 개 데이타 이동
END   2022-01-04 23:30:03 --------------------------


START 2022-01-04 23:40:01 --------------------------
live
총 0 개 데이타 이동
END   2022-01-04 23:40:03 --------------------------


START 2022-01-04 23:50:01 --------------------------
live
총 0 개 데이타 이동
END   2022-01-04 23:50:03 --------------------------


