START 2022-05-05 00:00:01 --------------------------
live
총 0 개 데이타 이동
END   2022-05-05 00:00:01 --------------------------


START 2022-05-05 00:10:02 --------------------------
live
총 0 개 데이타 이동
END   2022-05-05 00:10:02 --------------------------


START 2022-05-05 00:20:02 --------------------------
live
총 0 개 데이타 이동
END   2022-05-05 00:20:02 --------------------------


START 2022-05-05 00:30:01 --------------------------
live
총 0 개 데이타 이동
END   2022-05-05 00:30:01 --------------------------


START 2022-05-05 00:40:02 --------------------------
live
총 0 개 데이타 이동
END   2022-05-05 00:40:02 --------------------------


START 2022-05-05 00:50:02 --------------------------
live
총 0 개 데이타 이동
END   2022-05-05 00:50:02 --------------------------


START 2022-05-05 01:00:01 --------------------------
live
총 0 개 데이타 이동
END   2022-05-05 01:00:01 --------------------------


START 2022-05-05 01:10:01 --------------------------
live
총 0 개 데이타 이동
END   2022-05-05 01:10:01 --------------------------


START 2022-05-05 01:20:01 --------------------------
live
총 0 개 데이타 이동
END   2022-05-05 01:20:01 --------------------------


START 2022-05-05 01:30:02 --------------------------
live
총 0 개 데이타 이동
END   2022-05-05 01:30:02 --------------------------


START 2022-05-05 01:40:02 --------------------------
live
총 0 개 데이타 이동
END   2022-05-05 01:40:02 --------------------------


START 2022-05-05 01:50:01 --------------------------
live
총 0 개 데이타 이동
END   2022-05-05 01:50:01 --------------------------


START 2022-05-05 02:00:01 --------------------------
live
총 0 개 데이타 이동
END   2022-05-05 02:00:01 --------------------------


START 2022-05-05 02:10:01 --------------------------
live
총 0 개 데이타 이동
END   2022-05-05 02:10:01 --------------------------


START 2022-05-05 02:20:02 --------------------------
live
총 0 개 데이타 이동
END   2022-05-05 02:20:02 --------------------------


START 2022-05-05 02:30:02 --------------------------
live
총 0 개 데이타 이동
END   2022-05-05 02:30:02 --------------------------


START 2022-05-05 02:40:01 --------------------------
live
총 0 개 데이타 이동
END   2022-05-05 02:40:01 --------------------------


START 2022-05-05 02:50:02 --------------------------
live
총 0 개 데이타 이동
END   2022-05-05 02:50:02 --------------------------


START 2022-05-05 03:00:01 --------------------------
live
총 0 개 데이타 이동
END   2022-05-05 03:00:01 --------------------------


START 2022-05-05 03:10:02 --------------------------
live
총 0 개 데이타 이동
END   2022-05-05 03:10:02 --------------------------


START 2022-05-05 03:20:02 --------------------------
live
총 0 개 데이타 이동
END   2022-05-05 03:20:02 --------------------------


START 2022-05-05 03:30:01 --------------------------
live
총 0 개 데이타 이동
END   2022-05-05 03:30:01 --------------------------


START 2022-05-05 03:40:01 --------------------------
live
총 0 개 데이타 이동
END   2022-05-05 03:40:01 --------------------------


START 2022-05-05 03:50:01 --------------------------
live
총 0 개 데이타 이동
END   2022-05-05 03:50:01 --------------------------


START 2022-05-05 04:00:02 --------------------------
live
총 0 개 데이타 이동
END   2022-05-05 04:00:02 --------------------------


START 2022-05-05 04:10:02 --------------------------
live
총 0 개 데이타 이동
END   2022-05-05 04:10:02 --------------------------


START 2022-05-05 04:20:01 --------------------------
live
총 0 개 데이타 이동
END   2022-05-05 04:20:01 --------------------------


START 2022-05-05 04:30:01 --------------------------
live
총 0 개 데이타 이동
END   2022-05-05 04:30:01 --------------------------


START 2022-05-05 04:40:01 --------------------------
live
총 0 개 데이타 이동
END   2022-05-05 04:40:01 --------------------------


START 2022-05-05 04:50:01 --------------------------
live
총 0 개 데이타 이동
END   2022-05-05 04:50:01 --------------------------


START 2022-05-05 05:00:01 --------------------------
live
총 0 개 데이타 이동
END   2022-05-05 05:00:01 --------------------------


START 2022-05-05 05:10:01 --------------------------
live
총 0 개 데이타 이동
END   2022-05-05 05:10:01 --------------------------


START 2022-05-05 05:20:01 --------------------------
live
총 0 개 데이타 이동
END   2022-05-05 05:20:01 --------------------------


START 2022-05-05 05:30:01 --------------------------
live
총 0 개 데이타 이동
END   2022-05-05 05:30:01 --------------------------


START 2022-05-05 05:40:01 --------------------------
live
총 0 개 데이타 이동
END   2022-05-05 05:40:01 --------------------------


START 2022-05-05 05:50:01 --------------------------
live
총 0 개 데이타 이동
END   2022-05-05 05:50:01 --------------------------


START 2022-05-05 06:00:01 --------------------------
live
총 0 개 데이타 이동
END   2022-05-05 06:00:01 --------------------------


START 2022-05-05 06:10:01 --------------------------
live
총 0 개 데이타 이동
END   2022-05-05 06:10:01 --------------------------


START 2022-05-05 06:20:01 --------------------------
live
총 0 개 데이타 이동
END   2022-05-05 06:20:01 --------------------------


START 2022-05-05 06:30:02 --------------------------
live
총 0 개 데이타 이동
END   2022-05-05 06:30:02 --------------------------


START 2022-05-05 06:40:01 --------------------------
live
총 0 개 데이타 이동
END   2022-05-05 06:40:01 --------------------------


START 2022-05-05 06:50:01 --------------------------
live
총 0 개 데이타 이동
END   2022-05-05 06:50:01 --------------------------


START 2022-05-05 07:00:01 --------------------------
live
총 0 개 데이타 이동
END   2022-05-05 07:00:01 --------------------------


START 2022-05-05 07:10:02 --------------------------
live
총 0 개 데이타 이동
END   2022-05-05 07:10:02 --------------------------


START 2022-05-05 07:20:02 --------------------------
live
총 0 개 데이타 이동
END   2022-05-05 07:20:02 --------------------------


START 2022-05-05 07:30:02 --------------------------
live
총 0 개 데이타 이동
END   2022-05-05 07:30:02 --------------------------


START 2022-05-05 07:40:01 --------------------------
live
총 0 개 데이타 이동
END   2022-05-05 07:40:01 --------------------------


START 2022-05-05 07:50:01 --------------------------
live
총 0 개 데이타 이동
END   2022-05-05 07:50:01 --------------------------


START 2022-05-05 08:00:01 --------------------------
live
총 0 개 데이타 이동
END   2022-05-05 08:00:01 --------------------------


START 2022-05-05 08:10:02 --------------------------
live
총 0 개 데이타 이동
END   2022-05-05 08:10:02 --------------------------


START 2022-05-05 08:20:01 --------------------------
live
총 0 개 데이타 이동
END   2022-05-05 08:20:01 --------------------------


START 2022-05-05 08:30:01 --------------------------
live
총 0 개 데이타 이동
END   2022-05-05 08:30:01 --------------------------


START 2022-05-05 08:40:01 --------------------------
live
총 0 개 데이타 이동
END   2022-05-05 08:40:01 --------------------------


START 2022-05-05 08:50:02 --------------------------
live
총 0 개 데이타 이동
END   2022-05-05 08:50:02 --------------------------


START 2022-05-05 09:00:02 --------------------------
live
총 0 개 데이타 이동
END   2022-05-05 09:00:02 --------------------------


START 2022-05-05 09:10:02 --------------------------
live
총 0 개 데이타 이동
END   2022-05-05 09:10:02 --------------------------


START 2022-05-05 09:20:01 --------------------------
live
총 0 개 데이타 이동
END   2022-05-05 09:20:01 --------------------------


START 2022-05-05 09:30:01 --------------------------
live
총 0 개 데이타 이동
END   2022-05-05 09:30:01 --------------------------


START 2022-05-05 09:40:02 --------------------------
live
총 0 개 데이타 이동
END   2022-05-05 09:40:02 --------------------------


START 2022-05-05 09:50:01 --------------------------
live
총 0 개 데이타 이동
END   2022-05-05 09:50:01 --------------------------


START 2022-05-05 10:00:01 --------------------------
live
총 0 개 데이타 이동
END   2022-05-05 10:00:01 --------------------------


START 2022-05-05 10:10:01 --------------------------
live
총 0 개 데이타 이동
END   2022-05-05 10:10:01 --------------------------


START 2022-05-05 10:20:01 --------------------------
live
총 0 개 데이타 이동
END   2022-05-05 10:20:01 --------------------------


START 2022-05-05 10:30:01 --------------------------
live
총 0 개 데이타 이동
END   2022-05-05 10:30:01 --------------------------


START 2022-05-05 10:40:02 --------------------------
live
총 0 개 데이타 이동
END   2022-05-05 10:40:02 --------------------------


START 2022-05-05 10:50:02 --------------------------
live
총 0 개 데이타 이동
END   2022-05-05 10:50:02 --------------------------


START 2022-05-05 11:00:01 --------------------------
live
총 0 개 데이타 이동
END   2022-05-05 11:00:01 --------------------------


START 2022-05-05 11:10:01 --------------------------
live
총 0 개 데이타 이동
END   2022-05-05 11:10:01 --------------------------


START 2022-05-05 11:20:02 --------------------------
live
총 0 개 데이타 이동
END   2022-05-05 11:20:02 --------------------------


START 2022-05-05 11:30:02 --------------------------
live
총 0 개 데이타 이동
END   2022-05-05 11:30:02 --------------------------


START 2022-05-05 11:40:01 --------------------------
live
총 0 개 데이타 이동
END   2022-05-05 11:40:01 --------------------------


START 2022-05-05 11:50:02 --------------------------
live
총 0 개 데이타 이동
END   2022-05-05 11:50:02 --------------------------


START 2022-05-05 12:00:02 --------------------------
live
총 0 개 데이타 이동
END   2022-05-05 12:00:02 --------------------------


START 2022-05-05 12:10:01 --------------------------
live
총 0 개 데이타 이동
END   2022-05-05 12:10:01 --------------------------


START 2022-05-05 12:20:01 --------------------------
live
총 0 개 데이타 이동
END   2022-05-05 12:20:01 --------------------------


START 2022-05-05 12:30:01 --------------------------
live
총 0 개 데이타 이동
END   2022-05-05 12:30:01 --------------------------


START 2022-05-05 12:40:01 --------------------------
live
총 0 개 데이타 이동
END   2022-05-05 12:40:01 --------------------------


START 2022-05-05 12:50:01 --------------------------
live
총 0 개 데이타 이동
END   2022-05-05 12:50:01 --------------------------


START 2022-05-05 13:00:02 --------------------------
live
총 0 개 데이타 이동
END   2022-05-05 13:00:02 --------------------------


START 2022-05-05 13:10:01 --------------------------
live
총 0 개 데이타 이동
END   2022-05-05 13:10:01 --------------------------


START 2022-05-05 13:20:01 --------------------------
live
총 0 개 데이타 이동
END   2022-05-05 13:20:01 --------------------------


START 2022-05-05 13:30:01 --------------------------
live
총 0 개 데이타 이동
END   2022-05-05 13:30:01 --------------------------


START 2022-05-05 13:40:01 --------------------------
live
총 0 개 데이타 이동
END   2022-05-05 13:40:01 --------------------------


START 2022-05-05 13:50:02 --------------------------
live
총 0 개 데이타 이동
END   2022-05-05 13:50:02 --------------------------


START 2022-05-05 14:00:01 --------------------------
live
총 0 개 데이타 이동
END   2022-05-05 14:00:01 --------------------------


START 2022-05-05 14:10:01 --------------------------
live
총 0 개 데이타 이동
END   2022-05-05 14:10:01 --------------------------


START 2022-05-05 14:20:01 --------------------------
live
총 0 개 데이타 이동
END   2022-05-05 14:20:01 --------------------------


START 2022-05-05 14:30:01 --------------------------
live
총 0 개 데이타 이동
END   2022-05-05 14:30:01 --------------------------


START 2022-05-05 14:40:02 --------------------------
live
499 개의 삭제대상 레코드 발견
delete from cf_Msg_Tran where moved='Y' and Send_Time < now() - interval 30 DAY
499 개 삭제

총 0 개 데이타 이동
END   2022-05-05 14:40:02 --------------------------


START 2022-05-05 14:50:02 --------------------------
live
646 개의 삭제대상 레코드 발견
delete from cf_Msg_Tran where moved='Y' and Send_Time < now() - interval 30 DAY
646 개 삭제

총 0 개 데이타 이동
END   2022-05-05 14:50:02 --------------------------


START 2022-05-05 15:00:01 --------------------------
live
총 0 개 데이타 이동
END   2022-05-05 15:00:02 --------------------------


START 2022-05-05 15:10:01 --------------------------
live
총 0 개 데이타 이동
END   2022-05-05 15:10:01 --------------------------


START 2022-05-05 15:20:01 --------------------------
live
총 0 개 데이타 이동
END   2022-05-05 15:20:01 --------------------------


START 2022-05-05 15:30:02 --------------------------
live
총 0 개 데이타 이동
END   2022-05-05 15:30:02 --------------------------


START 2022-05-05 15:40:02 --------------------------
live
총 0 개 데이타 이동
END   2022-05-05 15:40:02 --------------------------


START 2022-05-05 15:50:02 --------------------------
live
총 0 개 데이타 이동
END   2022-05-05 15:50:02 --------------------------


START 2022-05-05 16:00:01 --------------------------
live
총 0 개 데이타 이동
END   2022-05-05 16:00:01 --------------------------


START 2022-05-05 16:10:01 --------------------------
live
총 0 개 데이타 이동
END   2022-05-05 16:10:01 --------------------------


START 2022-05-05 16:20:01 --------------------------
live
총 0 개 데이타 이동
END   2022-05-05 16:20:01 --------------------------


START 2022-05-05 16:30:02 --------------------------
live
총 0 개 데이타 이동
END   2022-05-05 16:30:02 --------------------------


START 2022-05-05 16:40:02 --------------------------
live
총 0 개 데이타 이동
END   2022-05-05 16:40:02 --------------------------


START 2022-05-05 16:50:01 --------------------------
live
총 0 개 데이타 이동
END   2022-05-05 16:50:01 --------------------------


START 2022-05-05 17:00:01 --------------------------
live
총 0 개 데이타 이동
END   2022-05-05 17:00:01 --------------------------


START 2022-05-05 17:10:01 --------------------------
live
총 0 개 데이타 이동
END   2022-05-05 17:10:01 --------------------------


START 2022-05-05 17:20:02 --------------------------
live
총 0 개 데이타 이동
END   2022-05-05 17:20:02 --------------------------


START 2022-05-05 17:30:02 --------------------------
live
총 0 개 데이타 이동
END   2022-05-05 17:30:02 --------------------------


START 2022-05-05 17:40:02 --------------------------
live
총 0 개 데이타 이동
END   2022-05-05 17:40:02 --------------------------


START 2022-05-05 17:50:01 --------------------------
live
총 0 개 데이타 이동
END   2022-05-05 17:50:01 --------------------------


START 2022-05-05 18:00:01 --------------------------
live
총 0 개 데이타 이동
END   2022-05-05 18:00:01 --------------------------


START 2022-05-05 18:10:01 --------------------------
live
총 0 개 데이타 이동
END   2022-05-05 18:10:01 --------------------------


START 2022-05-05 18:20:02 --------------------------
live
총 0 개 데이타 이동
END   2022-05-05 18:20:02 --------------------------


START 2022-05-05 18:30:02 --------------------------
live
총 0 개 데이타 이동
END   2022-05-05 18:30:02 --------------------------


START 2022-05-05 18:40:02 --------------------------
live
총 0 개 데이타 이동
END   2022-05-05 18:40:02 --------------------------


START 2022-05-05 18:50:02 --------------------------
live
총 0 개 데이타 이동
END   2022-05-05 18:50:02 --------------------------


START 2022-05-05 19:00:01 --------------------------
live
총 0 개 데이타 이동
END   2022-05-05 19:00:01 --------------------------


START 2022-05-05 19:10:01 --------------------------
live
총 0 개 데이타 이동
END   2022-05-05 19:10:01 --------------------------


START 2022-05-05 19:20:02 --------------------------
live
총 0 개 데이타 이동
END   2022-05-05 19:20:02 --------------------------


START 2022-05-05 19:30:02 --------------------------
live
총 0 개 데이타 이동
END   2022-05-05 19:30:02 --------------------------


START 2022-05-05 19:40:02 --------------------------
live
총 0 개 데이타 이동
END   2022-05-05 19:40:02 --------------------------


START 2022-05-05 19:50:02 --------------------------
live
총 0 개 데이타 이동
END   2022-05-05 19:50:02 --------------------------


START 2022-05-05 20:00:01 --------------------------
live
총 0 개 데이타 이동
END   2022-05-05 20:00:01 --------------------------


START 2022-05-05 20:10:01 --------------------------
live
총 0 개 데이타 이동
END   2022-05-05 20:10:01 --------------------------


START 2022-05-05 20:20:02 --------------------------
live
총 0 개 데이타 이동
END   2022-05-05 20:20:02 --------------------------


START 2022-05-05 20:30:02 --------------------------
live
총 0 개 데이타 이동
END   2022-05-05 20:30:02 --------------------------


START 2022-05-05 20:40:01 --------------------------
live
총 0 개 데이타 이동
END   2022-05-05 20:40:01 --------------------------


START 2022-05-05 20:50:01 --------------------------
live
총 0 개 데이타 이동
END   2022-05-05 20:50:01 --------------------------


START 2022-05-05 21:00:01 --------------------------
live
총 0 개 데이타 이동
END   2022-05-05 21:00:01 --------------------------


START 2022-05-05 21:10:02 --------------------------
live
총 0 개 데이타 이동
END   2022-05-05 21:10:02 --------------------------


START 2022-05-05 21:20:01 --------------------------
live
총 0 개 데이타 이동
END   2022-05-05 21:20:01 --------------------------


START 2022-05-05 21:30:01 --------------------------
live
총 0 개 데이타 이동
END   2022-05-05 21:30:01 --------------------------


START 2022-05-05 21:40:01 --------------------------
live
총 0 개 데이타 이동
END   2022-05-05 21:40:01 --------------------------


START 2022-05-05 21:50:01 --------------------------
live
총 0 개 데이타 이동
END   2022-05-05 21:50:01 --------------------------


START 2022-05-05 22:00:02 --------------------------
live
총 0 개 데이타 이동
END   2022-05-05 22:00:02 --------------------------


START 2022-05-05 22:10:01 --------------------------
live
총 0 개 데이타 이동
END   2022-05-05 22:10:01 --------------------------


START 2022-05-05 22:20:01 --------------------------
live
총 0 개 데이타 이동
END   2022-05-05 22:20:01 --------------------------


START 2022-05-05 22:30:01 --------------------------
live
총 0 개 데이타 이동
END   2022-05-05 22:30:01 --------------------------


START 2022-05-05 22:40:02 --------------------------
live
총 0 개 데이타 이동
END   2022-05-05 22:40:02 --------------------------


START 2022-05-05 22:50:01 --------------------------
live
2 개의 삭제대상 레코드 발견
delete from cf_Msg_Tran where moved='Y' and Send_Time < now() - interval 30 DAY
2 개 삭제

총 0 개 데이타 이동
END   2022-05-05 22:50:01 --------------------------


START 2022-05-05 23:00:01 --------------------------
live
총 0 개 데이타 이동
END   2022-05-05 23:00:01 --------------------------


START 2022-05-05 23:10:01 --------------------------
live
총 0 개 데이타 이동
END   2022-05-05 23:10:01 --------------------------


START 2022-05-05 23:20:01 --------------------------
live
총 0 개 데이타 이동
END   2022-05-05 23:20:01 --------------------------


START 2022-05-05 23:30:02 --------------------------
live
총 0 개 데이타 이동
END   2022-05-05 23:30:02 --------------------------


START 2022-05-05 23:40:01 --------------------------
live
총 0 개 데이타 이동
END   2022-05-05 23:40:01 --------------------------


START 2022-05-05 23:50:01 --------------------------
live
총 0 개 데이타 이동
END   2022-05-05 23:50:01 --------------------------


