START 2022-10-25 00:00:01 --------------------------
live
총 0 개 데이타 이동
END   2022-10-25 00:00:01 --------------------------


START 2022-10-25 00:10:01 --------------------------
live
총 0 개 데이타 이동
END   2022-10-25 00:10:01 --------------------------


START 2022-10-25 00:20:01 --------------------------
live
총 0 개 데이타 이동
END   2022-10-25 00:20:01 --------------------------


START 2022-10-25 00:30:01 --------------------------
live
총 0 개 데이타 이동
END   2022-10-25 00:30:01 --------------------------


START 2022-10-25 00:40:01 --------------------------
live
총 0 개 데이타 이동
END   2022-10-25 00:40:01 --------------------------


START 2022-10-25 00:50:01 --------------------------
live
총 0 개 데이타 이동
END   2022-10-25 00:50:01 --------------------------


START 2022-10-25 01:00:04 --------------------------
live
총 0 개 데이타 이동
END   2022-10-25 01:00:04 --------------------------


START 2022-10-25 01:10:01 --------------------------
live
총 0 개 데이타 이동
END   2022-10-25 01:10:01 --------------------------


START 2022-10-25 01:20:02 --------------------------
live
총 0 개 데이타 이동
END   2022-10-25 01:20:02 --------------------------


START 2022-10-25 01:30:01 --------------------------
live
총 0 개 데이타 이동
END   2022-10-25 01:30:01 --------------------------


START 2022-10-25 01:40:01 --------------------------
live
총 0 개 데이타 이동
END   2022-10-25 01:40:01 --------------------------


START 2022-10-25 01:50:01 --------------------------
live
총 0 개 데이타 이동
END   2022-10-25 01:50:01 --------------------------


START 2022-10-25 02:00:04 --------------------------
live
총 0 개 데이타 이동
END   2022-10-25 02:00:04 --------------------------


START 2022-10-25 02:10:01 --------------------------
live
총 0 개 데이타 이동
END   2022-10-25 02:10:01 --------------------------


START 2022-10-25 02:20:01 --------------------------
live
총 0 개 데이타 이동
END   2022-10-25 02:20:01 --------------------------


START 2022-10-25 02:30:01 --------------------------
live
총 0 개 데이타 이동
END   2022-10-25 02:30:01 --------------------------


START 2022-10-25 02:40:01 --------------------------
live
총 0 개 데이타 이동
END   2022-10-25 02:40:01 --------------------------


START 2022-10-25 02:50:01 --------------------------
live
총 0 개 데이타 이동
END   2022-10-25 02:50:01 --------------------------


START 2022-10-25 03:00:04 --------------------------
live
총 0 개 데이타 이동
END   2022-10-25 03:00:04 --------------------------


START 2022-10-25 03:10:01 --------------------------
live
총 0 개 데이타 이동
END   2022-10-25 03:10:01 --------------------------


START 2022-10-25 03:20:01 --------------------------
live
총 0 개 데이타 이동
END   2022-10-25 03:20:01 --------------------------


START 2022-10-25 03:30:01 --------------------------
live
총 0 개 데이타 이동
END   2022-10-25 03:30:01 --------------------------


START 2022-10-25 03:40:01 --------------------------
live
총 0 개 데이타 이동
END   2022-10-25 03:40:01 --------------------------


START 2022-10-25 03:50:01 --------------------------
live
총 0 개 데이타 이동
END   2022-10-25 03:50:01 --------------------------


START 2022-10-25 04:00:04 --------------------------
live
총 0 개 데이타 이동
END   2022-10-25 04:00:04 --------------------------


START 2022-10-25 04:10:02 --------------------------
live
총 0 개 데이타 이동
END   2022-10-25 04:10:02 --------------------------


START 2022-10-25 04:20:01 --------------------------
live
총 0 개 데이타 이동
END   2022-10-25 04:20:01 --------------------------


START 2022-10-25 04:30:01 --------------------------
live
총 0 개 데이타 이동
END   2022-10-25 04:30:01 --------------------------


START 2022-10-25 04:40:01 --------------------------
live
총 0 개 데이타 이동
END   2022-10-25 04:40:01 --------------------------


START 2022-10-25 04:50:01 --------------------------
live
총 0 개 데이타 이동
END   2022-10-25 04:50:01 --------------------------


START 2022-10-25 05:00:01 --------------------------
live
총 0 개 데이타 이동
END   2022-10-25 05:00:01 --------------------------


START 2022-10-25 05:10:01 --------------------------
live
총 0 개 데이타 이동
END   2022-10-25 05:10:01 --------------------------


START 2022-10-25 05:20:01 --------------------------
live
총 0 개 데이타 이동
END   2022-10-25 05:20:01 --------------------------


START 2022-10-25 05:30:04 --------------------------
live
총 0 개 데이타 이동
END   2022-10-25 05:30:04 --------------------------


START 2022-10-25 05:40:01 --------------------------
live
총 0 개 데이타 이동
END   2022-10-25 05:40:01 --------------------------


START 2022-10-25 05:50:01 --------------------------
live
총 0 개 데이타 이동
END   2022-10-25 05:50:01 --------------------------


START 2022-10-25 06:00:01 --------------------------
live
총 0 개 데이타 이동
END   2022-10-25 06:00:01 --------------------------


START 2022-10-25 06:10:01 --------------------------
live
총 0 개 데이타 이동
END   2022-10-25 06:10:01 --------------------------


START 2022-10-25 06:20:01 --------------------------
live
총 0 개 데이타 이동
END   2022-10-25 06:20:01 --------------------------


START 2022-10-25 06:30:01 --------------------------
live
총 0 개 데이타 이동
END   2022-10-25 06:30:01 --------------------------


START 2022-10-25 06:40:01 --------------------------
live
총 0 개 데이타 이동
END   2022-10-25 06:40:01 --------------------------


START 2022-10-25 06:50:01 --------------------------
live
총 0 개 데이타 이동
END   2022-10-25 06:50:01 --------------------------


START 2022-10-25 07:00:01 --------------------------
live
총 0 개 데이타 이동
END   2022-10-25 07:00:01 --------------------------


START 2022-10-25 07:10:01 --------------------------
live
총 0 개 데이타 이동
END   2022-10-25 07:10:01 --------------------------


START 2022-10-25 07:20:01 --------------------------
live
총 0 개 데이타 이동
END   2022-10-25 07:20:01 --------------------------


START 2022-10-25 07:30:02 --------------------------
live
총 0 개 데이타 이동
END   2022-10-25 07:30:02 --------------------------


START 2022-10-25 07:40:01 --------------------------
live
총 0 개 데이타 이동
END   2022-10-25 07:40:01 --------------------------


START 2022-10-25 07:50:01 --------------------------
live
총 0 개 데이타 이동
END   2022-10-25 07:50:01 --------------------------


START 2022-10-25 08:00:01 --------------------------
live
총 0 개 데이타 이동
END   2022-10-25 08:00:01 --------------------------


START 2022-10-25 08:10:02 --------------------------
live
총 0 개 데이타 이동
END   2022-10-25 08:10:02 --------------------------


START 2022-10-25 08:20:01 --------------------------
live
총 0 개 데이타 이동
END   2022-10-25 08:20:01 --------------------------


START 2022-10-25 08:30:01 --------------------------
live
총 0 개 데이타 이동
END   2022-10-25 08:30:01 --------------------------


START 2022-10-25 08:40:01 --------------------------
live
총 0 개 데이타 이동
END   2022-10-25 08:40:01 --------------------------


START 2022-10-25 08:50:01 --------------------------
live
총 0 개 데이타 이동
END   2022-10-25 08:50:01 --------------------------


START 2022-10-25 09:00:01 --------------------------
live
총 0 개 데이타 이동
END   2022-10-25 09:00:01 --------------------------


START 2022-10-25 09:10:01 --------------------------
live
총 0 개 데이타 이동
END   2022-10-25 09:10:01 --------------------------


START 2022-10-25 09:20:02 --------------------------
live
총 0 개 데이타 이동
END   2022-10-25 09:20:02 --------------------------


START 2022-10-25 09:30:01 --------------------------
live
총 0 개 데이타 이동
END   2022-10-25 09:30:01 --------------------------


START 2022-10-25 09:40:01 --------------------------
live
총 0 개 데이타 이동
END   2022-10-25 09:40:01 --------------------------


START 2022-10-25 09:50:01 --------------------------
live
총 0 개 데이타 이동
END   2022-10-25 09:50:01 --------------------------


START 2022-10-25 10:00:01 --------------------------
live
총 0 개 데이타 이동
END   2022-10-25 10:00:01 --------------------------


START 2022-10-25 10:10:01 --------------------------
live
총 0 개 데이타 이동
END   2022-10-25 10:10:01 --------------------------


START 2022-10-25 10:20:01 --------------------------
live
총 0 개 데이타 이동
END   2022-10-25 10:20:01 --------------------------


START 2022-10-25 10:30:01 --------------------------
live
총 0 개 데이타 이동
END   2022-10-25 10:30:01 --------------------------


START 2022-10-25 10:40:01 --------------------------
live
총 0 개 데이타 이동
END   2022-10-25 10:40:01 --------------------------


START 2022-10-25 10:50:02 --------------------------
live
총 0 개 데이타 이동
END   2022-10-25 10:50:02 --------------------------


START 2022-10-25 11:00:01 --------------------------
live
총 0 개 데이타 이동
END   2022-10-25 11:00:01 --------------------------


START 2022-10-25 11:10:01 --------------------------
live
총 0 개 데이타 이동
END   2022-10-25 11:10:01 --------------------------


START 2022-10-25 11:20:01 --------------------------
live
총 0 개 데이타 이동
END   2022-10-25 11:20:01 --------------------------


START 2022-10-25 11:30:01 --------------------------
live
총 0 개 데이타 이동
END   2022-10-25 11:30:01 --------------------------


START 2022-10-25 11:40:02 --------------------------
live
총 0 개 데이타 이동
END   2022-10-25 11:40:02 --------------------------


START 2022-10-25 11:50:01 --------------------------
live
총 0 개 데이타 이동
END   2022-10-25 11:50:01 --------------------------


START 2022-10-25 12:00:01 --------------------------
live
총 0 개 데이타 이동
END   2022-10-25 12:00:01 --------------------------


START 2022-10-25 12:10:01 --------------------------
live
총 0 개 데이타 이동
END   2022-10-25 12:10:01 --------------------------


START 2022-10-25 12:20:01 --------------------------
live
총 0 개 데이타 이동
END   2022-10-25 12:20:01 --------------------------


START 2022-10-25 12:30:01 --------------------------
live
총 0 개 데이타 이동
END   2022-10-25 12:30:02 --------------------------


START 2022-10-25 12:40:01 --------------------------
live
총 0 개 데이타 이동
END   2022-10-25 12:40:01 --------------------------


START 2022-10-25 12:50:01 --------------------------
live
총 0 개 데이타 이동
END   2022-10-25 12:50:01 --------------------------


START 2022-10-25 13:00:01 --------------------------
live
총 0 개 데이타 이동
END   2022-10-25 13:00:01 --------------------------


START 2022-10-25 13:10:01 --------------------------
live
총 0 개 데이타 이동
END   2022-10-25 13:10:01 --------------------------


START 2022-10-25 13:20:01 --------------------------
live
총 0 개 데이타 이동
END   2022-10-25 13:20:01 --------------------------


START 2022-10-25 13:30:01 --------------------------
live
총 0 개 데이타 이동
END   2022-10-25 13:30:01 --------------------------


START 2022-10-25 13:40:01 --------------------------
live
총 0 개 데이타 이동
END   2022-10-25 13:40:01 --------------------------


START 2022-10-25 13:50:01 --------------------------
live
총 0 개 데이타 이동
END   2022-10-25 13:50:01 --------------------------


START 2022-10-25 14:00:01 --------------------------
live
총 0 개 데이타 이동
END   2022-10-25 14:00:01 --------------------------


START 2022-10-25 14:10:01 --------------------------
live
총 0 개 데이타 이동
END   2022-10-25 14:10:01 --------------------------


START 2022-10-25 14:20:03 --------------------------
live
총 14 개 데이타 이동
데이타 이동 시작 *****
3111491 01024568888 -- 3111492 01056179090 -- 3111493 01080060401 -- 3111494 01032809295 -- 3111495 01088944740 -- 3111496 01067241409 -- 3111497 01064063972 -- 3111498 01086246176 -- 3111499 01047693024 -- 3111500 01048474041 -- 3111501 01090838172 -- 3111502 01050297528 -- 3111503 01082299622 -- 3111504 01033358065 -- 
END   2022-10-25 14:20:03 --------------------------


START 2022-10-25 14:30:01 --------------------------
live
총 0 개 데이타 이동
END   2022-10-25 14:30:01 --------------------------


START 2022-10-25 14:40:01 --------------------------
live
총 0 개 데이타 이동
END   2022-10-25 14:40:01 --------------------------


START 2022-10-25 14:50:01 --------------------------
live
총 0 개 데이타 이동
END   2022-10-25 14:50:01 --------------------------


START 2022-10-25 15:00:01 --------------------------
live
총 0 개 데이타 이동
END   2022-10-25 15:00:01 --------------------------


START 2022-10-25 15:10:01 --------------------------
live
총 0 개 데이타 이동
END   2022-10-25 15:10:01 --------------------------


START 2022-10-25 15:20:01 --------------------------
live
총 0 개 데이타 이동
END   2022-10-25 15:20:01 --------------------------


START 2022-10-25 15:30:01 --------------------------
live
총 0 개 데이타 이동
END   2022-10-25 15:30:01 --------------------------


START 2022-10-25 15:40:01 --------------------------
live
총 0 개 데이타 이동
END   2022-10-25 15:40:01 --------------------------


START 2022-10-25 15:50:01 --------------------------
live
총 0 개 데이타 이동
END   2022-10-25 15:50:01 --------------------------


START 2022-10-25 16:00:01 --------------------------
live
총 0 개 데이타 이동
END   2022-10-25 16:00:01 --------------------------


START 2022-10-25 16:10:01 --------------------------
live
총 0 개 데이타 이동
END   2022-10-25 16:10:01 --------------------------


START 2022-10-25 16:20:01 --------------------------
live
총 0 개 데이타 이동
END   2022-10-25 16:20:01 --------------------------


START 2022-10-25 16:30:01 --------------------------
live
총 0 개 데이타 이동
END   2022-10-25 16:30:01 --------------------------


START 2022-10-25 16:40:01 --------------------------
live
총 0 개 데이타 이동
END   2022-10-25 16:40:01 --------------------------


START 2022-10-25 16:50:01 --------------------------
live
총 0 개 데이타 이동
END   2022-10-25 16:50:01 --------------------------


START 2022-10-25 17:00:01 --------------------------
live
총 0 개 데이타 이동
END   2022-10-25 17:00:01 --------------------------


START 2022-10-25 17:10:01 --------------------------
live
총 0 개 데이타 이동
END   2022-10-25 17:10:01 --------------------------


START 2022-10-25 17:20:01 --------------------------
live
총 0 개 데이타 이동
END   2022-10-25 17:20:01 --------------------------


START 2022-10-25 17:30:01 --------------------------
live
총 0 개 데이타 이동
END   2022-10-25 17:30:01 --------------------------


START 2022-10-25 17:40:01 --------------------------
live
총 0 개 데이타 이동
END   2022-10-25 17:40:01 --------------------------


START 2022-10-25 17:50:01 --------------------------
live
총 0 개 데이타 이동
END   2022-10-25 17:50:01 --------------------------


START 2022-10-25 18:00:01 --------------------------
live
총 0 개 데이타 이동
END   2022-10-25 18:00:01 --------------------------


START 2022-10-25 18:10:01 --------------------------
live
총 0 개 데이타 이동
END   2022-10-25 18:10:01 --------------------------


START 2022-10-25 18:20:01 --------------------------
live
총 0 개 데이타 이동
END   2022-10-25 18:20:01 --------------------------


START 2022-10-25 18:30:03 --------------------------
live
총 0 개 데이타 이동
END   2022-10-25 18:30:03 --------------------------


START 2022-10-25 18:40:01 --------------------------
live
총 0 개 데이타 이동
END   2022-10-25 18:40:01 --------------------------


START 2022-10-25 18:50:01 --------------------------
live
총 0 개 데이타 이동
END   2022-10-25 18:50:01 --------------------------


START 2022-10-25 19:00:01 --------------------------
live
총 0 개 데이타 이동
END   2022-10-25 19:00:01 --------------------------


START 2022-10-25 19:10:01 --------------------------
live
총 0 개 데이타 이동
END   2022-10-25 19:10:01 --------------------------


START 2022-10-25 19:20:02 --------------------------
live
총 0 개 데이타 이동
END   2022-10-25 19:20:02 --------------------------


START 2022-10-25 19:30:01 --------------------------
live
총 0 개 데이타 이동
END   2022-10-25 19:30:01 --------------------------


START 2022-10-25 19:40:01 --------------------------
live
총 0 개 데이타 이동
END   2022-10-25 19:40:01 --------------------------


START 2022-10-25 19:50:01 --------------------------
live
총 0 개 데이타 이동
END   2022-10-25 19:50:01 --------------------------


START 2022-10-25 20:00:01 --------------------------
live
총 0 개 데이타 이동
END   2022-10-25 20:00:01 --------------------------


START 2022-10-25 20:10:01 --------------------------
live
총 0 개 데이타 이동
END   2022-10-25 20:10:01 --------------------------


START 2022-10-25 20:20:01 --------------------------
live
총 0 개 데이타 이동
END   2022-10-25 20:20:01 --------------------------


START 2022-10-25 20:30:01 --------------------------
live
총 0 개 데이타 이동
END   2022-10-25 20:30:01 --------------------------


START 2022-10-25 20:40:01 --------------------------
live
총 0 개 데이타 이동
END   2022-10-25 20:40:01 --------------------------


START 2022-10-25 20:50:01 --------------------------
live
총 0 개 데이타 이동
END   2022-10-25 20:50:01 --------------------------


START 2022-10-25 21:00:01 --------------------------
live
총 0 개 데이타 이동
END   2022-10-25 21:00:01 --------------------------


START 2022-10-25 21:10:01 --------------------------
live
총 0 개 데이타 이동
END   2022-10-25 21:10:01 --------------------------


START 2022-10-25 21:20:01 --------------------------
live
총 0 개 데이타 이동
END   2022-10-25 21:20:01 --------------------------


START 2022-10-25 21:30:01 --------------------------
live
총 0 개 데이타 이동
END   2022-10-25 21:30:01 --------------------------


START 2022-10-25 21:40:01 --------------------------
live
총 0 개 데이타 이동
END   2022-10-25 21:40:01 --------------------------


START 2022-10-25 21:50:01 --------------------------
live
총 0 개 데이타 이동
END   2022-10-25 21:50:01 --------------------------


START 2022-10-25 22:00:01 --------------------------
live
총 0 개 데이타 이동
END   2022-10-25 22:00:01 --------------------------


START 2022-10-25 22:10:01 --------------------------
live
총 0 개 데이타 이동
END   2022-10-25 22:10:01 --------------------------


START 2022-10-25 22:20:01 --------------------------
live
총 0 개 데이타 이동
END   2022-10-25 22:20:01 --------------------------


START 2022-10-25 22:30:01 --------------------------
live
총 0 개 데이타 이동
END   2022-10-25 22:30:01 --------------------------


START 2022-10-25 22:40:01 --------------------------
live
총 0 개 데이타 이동
END   2022-10-25 22:40:01 --------------------------


START 2022-10-25 22:50:04 --------------------------
live
총 0 개 데이타 이동
END   2022-10-25 22:50:04 --------------------------


START 2022-10-25 23:00:01 --------------------------
live
총 0 개 데이타 이동
END   2022-10-25 23:00:01 --------------------------


START 2022-10-25 23:10:01 --------------------------
live
총 0 개 데이타 이동
END   2022-10-25 23:10:01 --------------------------


START 2022-10-25 23:20:01 --------------------------
live
총 0 개 데이타 이동
END   2022-10-25 23:20:01 --------------------------


START 2022-10-25 23:30:01 --------------------------
live
총 0 개 데이타 이동
END   2022-10-25 23:30:01 --------------------------


START 2022-10-25 23:40:01 --------------------------
live
총 0 개 데이타 이동
END   2022-10-25 23:40:01 --------------------------


START 2022-10-25 23:50:03 --------------------------
live
총 0 개 데이타 이동
END   2022-10-25 23:50:03 --------------------------


