START 2022-03-31 00:00:01 --------------------------
live
총 0 개 데이타 이동
END   2022-03-31 00:00:04 --------------------------


START 2022-03-31 00:10:01 --------------------------
live
총 0 개 데이타 이동
END   2022-03-31 00:10:03 --------------------------


START 2022-03-31 00:20:02 --------------------------
live
총 0 개 데이타 이동
END   2022-03-31 00:20:04 --------------------------


START 2022-03-31 00:30:02 --------------------------
live
총 0 개 데이타 이동
END   2022-03-31 00:30:04 --------------------------


START 2022-03-31 00:40:01 --------------------------
live
총 0 개 데이타 이동
END   2022-03-31 00:40:03 --------------------------


START 2022-03-31 00:50:01 --------------------------
live
총 0 개 데이타 이동
END   2022-03-31 00:50:03 --------------------------


START 2022-03-31 01:00:02 --------------------------
live
총 0 개 데이타 이동
END   2022-03-31 01:00:04 --------------------------


START 2022-03-31 01:10:01 --------------------------
live
총 0 개 데이타 이동
END   2022-03-31 01:10:03 --------------------------


START 2022-03-31 01:20:01 --------------------------
live
총 0 개 데이타 이동
END   2022-03-31 01:20:03 --------------------------


START 2022-03-31 01:30:01 --------------------------
live
총 0 개 데이타 이동
END   2022-03-31 01:30:03 --------------------------


START 2022-03-31 01:40:01 --------------------------
live
총 0 개 데이타 이동
END   2022-03-31 01:40:03 --------------------------


START 2022-03-31 01:50:02 --------------------------
live
총 0 개 데이타 이동
END   2022-03-31 01:50:04 --------------------------


START 2022-03-31 02:00:02 --------------------------
live
총 0 개 데이타 이동
END   2022-03-31 02:00:04 --------------------------


START 2022-03-31 02:10:02 --------------------------
live
총 0 개 데이타 이동
END   2022-03-31 02:10:04 --------------------------


START 2022-03-31 02:20:01 --------------------------
live
총 0 개 데이타 이동
END   2022-03-31 02:20:03 --------------------------


START 2022-03-31 02:30:01 --------------------------
live
총 0 개 데이타 이동
END   2022-03-31 02:30:03 --------------------------


START 2022-03-31 02:40:01 --------------------------
live
총 0 개 데이타 이동
END   2022-03-31 02:40:03 --------------------------


START 2022-03-31 02:50:01 --------------------------
live
총 0 개 데이타 이동
END   2022-03-31 02:50:03 --------------------------


START 2022-03-31 03:00:02 --------------------------
live
총 0 개 데이타 이동
END   2022-03-31 03:00:04 --------------------------


START 2022-03-31 03:10:01 --------------------------
live
총 0 개 데이타 이동
END   2022-03-31 03:10:04 --------------------------


START 2022-03-31 03:20:01 --------------------------
live
총 0 개 데이타 이동
END   2022-03-31 03:20:03 --------------------------


START 2022-03-31 03:30:01 --------------------------
live
총 0 개 데이타 이동
END   2022-03-31 03:30:03 --------------------------


START 2022-03-31 03:40:01 --------------------------
live
총 0 개 데이타 이동
END   2022-03-31 03:40:03 --------------------------


START 2022-03-31 03:50:02 --------------------------
live
총 0 개 데이타 이동
END   2022-03-31 03:50:04 --------------------------


START 2022-03-31 04:00:02 --------------------------
live
총 0 개 데이타 이동
END   2022-03-31 04:00:04 --------------------------


START 2022-03-31 04:10:01 --------------------------
live
총 0 개 데이타 이동
END   2022-03-31 04:10:03 --------------------------


START 2022-03-31 04:20:02 --------------------------
live
총 0 개 데이타 이동
END   2022-03-31 04:20:04 --------------------------


START 2022-03-31 04:30:01 --------------------------
live
총 0 개 데이타 이동
END   2022-03-31 04:30:04 --------------------------


START 2022-03-31 04:40:01 --------------------------
live
총 0 개 데이타 이동
END   2022-03-31 04:40:03 --------------------------


START 2022-03-31 04:50:01 --------------------------
live
총 0 개 데이타 이동
END   2022-03-31 04:50:03 --------------------------


START 2022-03-31 05:00:01 --------------------------
live
총 0 개 데이타 이동
END   2022-03-31 05:00:03 --------------------------


START 2022-03-31 05:10:01 --------------------------
live
총 0 개 데이타 이동
END   2022-03-31 05:10:03 --------------------------


START 2022-03-31 05:20:01 --------------------------
live
총 0 개 데이타 이동
END   2022-03-31 05:20:03 --------------------------


START 2022-03-31 05:30:02 --------------------------
live
총 0 개 데이타 이동
END   2022-03-31 05:30:04 --------------------------


START 2022-03-31 05:40:01 --------------------------
live
총 0 개 데이타 이동
END   2022-03-31 05:40:03 --------------------------


START 2022-03-31 05:50:01 --------------------------
live
총 0 개 데이타 이동
END   2022-03-31 05:50:03 --------------------------


START 2022-03-31 06:00:01 --------------------------
live
총 0 개 데이타 이동
END   2022-03-31 06:00:03 --------------------------


START 2022-03-31 06:10:01 --------------------------
live
총 0 개 데이타 이동
END   2022-03-31 06:10:03 --------------------------


START 2022-03-31 06:20:02 --------------------------
live
총 0 개 데이타 이동
END   2022-03-31 06:20:04 --------------------------


START 2022-03-31 06:30:02 --------------------------
live
총 0 개 데이타 이동
END   2022-03-31 06:30:04 --------------------------


START 2022-03-31 06:40:02 --------------------------
live
총 0 개 데이타 이동
END   2022-03-31 06:40:04 --------------------------


START 2022-03-31 06:50:01 --------------------------
live
총 0 개 데이타 이동
END   2022-03-31 06:50:04 --------------------------


START 2022-03-31 07:00:01 --------------------------
live
총 0 개 데이타 이동
END   2022-03-31 07:00:03 --------------------------


START 2022-03-31 07:10:01 --------------------------
live
총 0 개 데이타 이동
END   2022-03-31 07:10:04 --------------------------


START 2022-03-31 07:20:01 --------------------------
live
총 0 개 데이타 이동
END   2022-03-31 07:20:03 --------------------------


START 2022-03-31 07:30:01 --------------------------
live
총 0 개 데이타 이동
END   2022-03-31 07:30:03 --------------------------


START 2022-03-31 07:40:01 --------------------------
live
총 0 개 데이타 이동
END   2022-03-31 07:40:03 --------------------------


START 2022-03-31 07:50:01 --------------------------
live
총 0 개 데이타 이동
END   2022-03-31 07:50:03 --------------------------


START 2022-03-31 08:00:01 --------------------------
live
총 0 개 데이타 이동
END   2022-03-31 08:00:03 --------------------------


START 2022-03-31 08:10:01 --------------------------
live
총 0 개 데이타 이동
END   2022-03-31 08:10:03 --------------------------


START 2022-03-31 08:20:01 --------------------------
live
총 0 개 데이타 이동
END   2022-03-31 08:20:03 --------------------------


START 2022-03-31 08:30:01 --------------------------
live
총 0 개 데이타 이동
END   2022-03-31 08:30:03 --------------------------


START 2022-03-31 08:40:01 --------------------------
live
총 0 개 데이타 이동
END   2022-03-31 08:40:03 --------------------------


START 2022-03-31 08:50:01 --------------------------
live
총 0 개 데이타 이동
END   2022-03-31 08:50:03 --------------------------


START 2022-03-31 09:00:01 --------------------------
live
총 0 개 데이타 이동
END   2022-03-31 09:00:03 --------------------------


START 2022-03-31 09:10:01 --------------------------
live
총 0 개 데이타 이동
END   2022-03-31 09:10:03 --------------------------


START 2022-03-31 09:20:01 --------------------------
live
총 0 개 데이타 이동
END   2022-03-31 09:20:03 --------------------------


START 2022-03-31 09:30:01 --------------------------
live
총 0 개 데이타 이동
END   2022-03-31 09:30:03 --------------------------


START 2022-03-31 09:40:01 --------------------------
live
총 0 개 데이타 이동
END   2022-03-31 09:40:03 --------------------------


START 2022-03-31 09:50:01 --------------------------
live
총 0 개 데이타 이동
END   2022-03-31 09:50:03 --------------------------


START 2022-03-31 10:00:02 --------------------------
live
총 0 개 데이타 이동
END   2022-03-31 10:00:04 --------------------------


START 2022-03-31 10:10:02 --------------------------
live
총 0 개 데이타 이동
END   2022-03-31 10:10:04 --------------------------


START 2022-03-31 10:20:01 --------------------------
live
총 0 개 데이타 이동
END   2022-03-31 10:20:03 --------------------------


START 2022-03-31 10:30:01 --------------------------
live
총 0 개 데이타 이동
END   2022-03-31 10:30:03 --------------------------


START 2022-03-31 10:40:01 --------------------------
live
총 0 개 데이타 이동
END   2022-03-31 10:40:03 --------------------------


START 2022-03-31 10:50:01 --------------------------
live
총 0 개 데이타 이동
END   2022-03-31 10:50:03 --------------------------


START 2022-03-31 11:00:02 --------------------------
live
총 0 개 데이타 이동
END   2022-03-31 11:00:04 --------------------------


START 2022-03-31 11:10:01 --------------------------
live
총 0 개 데이타 이동
END   2022-03-31 11:10:03 --------------------------


START 2022-03-31 11:20:02 --------------------------
live
총 0 개 데이타 이동
END   2022-03-31 11:20:04 --------------------------


START 2022-03-31 11:30:01 --------------------------
live
총 0 개 데이타 이동
END   2022-03-31 11:30:04 --------------------------


START 2022-03-31 11:40:01 --------------------------
live
총 0 개 데이타 이동
END   2022-03-31 11:40:03 --------------------------


START 2022-03-31 11:50:01 --------------------------
live
총 0 개 데이타 이동
END   2022-03-31 11:50:03 --------------------------


START 2022-03-31 12:00:01 --------------------------
live
총 0 개 데이타 이동
END   2022-03-31 12:00:03 --------------------------


START 2022-03-31 12:10:01 --------------------------
live
총 0 개 데이타 이동
END   2022-03-31 12:10:03 --------------------------


START 2022-03-31 12:20:01 --------------------------
live
총 0 개 데이타 이동
END   2022-03-31 12:20:03 --------------------------


START 2022-03-31 12:30:01 --------------------------
live
총 0 개 데이타 이동
END   2022-03-31 12:30:03 --------------------------


START 2022-03-31 12:40:01 --------------------------
live
총 43 개 데이타 이동
데이타 이동 시작 *****
3102978 01039949371 -- 3102979 01026437111 -- 3102980 01067241409 -- 3102981 01052448365 -- 3102982 01053082361 -- 3102983 01087297149 -- 3102984 01028698250 -- 3102985 01054117228 -- 3102986 01082300118 -- 3102987 01094507662 -- 3102988 01075077950 -- 3102989 01037213621 -- 3102990 01038796585 -- 3102991 01099753515 -- 3102992 01041676677 -- 3102993 01071060656 -- 3102994 01047624956 -- 3102995 01090369477 -- 3102996 01037808203 -- 3102997 01030906908 -- 3102998 01049291512 -- 3102999 01067466580 -- 3103000 01088372069 -- 3103001 01020438849 -- 3103002 01027175792 -- 3103003 01056644244 -- 3103004 01024497333 -- 3103005 01035738515 -- 3103006 01087988632 -- 3103007 01049135842 -- 3103008 01087493691 -- 3103009 01022341211 -- 3103010 01042694132 -- 3103011 01057895319 -- 3103012 01022996000 -- 3103013 01029779588 -- 3103014 01056070130 -- 3103015 01034740117 -- 3103016 01025288519 -- 3103017 01062715493 -- 3103018 01088748459 -- 3103019 01085558631 -- 3103020 01054431180 -- 
END   2022-03-31 12:40:06 --------------------------


START 2022-03-31 12:50:01 --------------------------
live
총 46 개 데이타 이동
데이타 이동 시작 *****
3103021 01098833970 -- 3103022 01034703566 -- 3103023 01080284742 -- 3103024 01080265867 -- 3103025 01033238827 -- 3103026 01028030771 -- 3103027 01052448365 -- 3103028 01053082361 -- 3103029 01087297149 -- 3103030 01028698250 -- 3103031 01054117228 -- 3103032 01082300118 -- 3103033 01094507662 -- 3103034 01075077950 -- 3103035 01037213621 -- 3103036 01038796585 -- 3103037 01099753515 -- 3103038 01041676677 -- 3103039 01071060656 -- 3103040 01047624956 -- 3103041 01090369477 -- 3103042 01037808203 -- 3103043 01030906908 -- 3103044 01049291512 -- 3103045 01067466580 -- 3103046 01088372069 -- 3103047 01020438849 -- 3103048 01027175792 -- 3103049 01056644244 -- 3103050 01024497333 -- 3103051 01035738515 -- 3103052 01087988632 -- 3103053 01049135842 -- 3103054 01087493691 -- 3103055 01022341211 -- 3103056 01042694132 -- 3103057 01057895319 -- 3103058 01022996000 -- 3103059 01029779588 -- 3103060 01056070130 -- 3103061 01034740117 -- 3103062 01025288519 -- 3103063 01062715493 -- 3103064 01088748459 -- 3103065 01085558631 -- 3103066 01054431180 -- 
END   2022-03-31 12:50:06 --------------------------


START 2022-03-31 13:00:02 --------------------------
live
총 0 개 데이타 이동
END   2022-03-31 13:00:04 --------------------------


START 2022-03-31 13:10:02 --------------------------
live
총 0 개 데이타 이동
END   2022-03-31 13:10:04 --------------------------


START 2022-03-31 13:20:02 --------------------------
live
총 0 개 데이타 이동
END   2022-03-31 13:20:04 --------------------------


START 2022-03-31 13:30:02 --------------------------
live
총 0 개 데이타 이동
END   2022-03-31 13:30:04 --------------------------


START 2022-03-31 13:40:02 --------------------------
live
총 0 개 데이타 이동
END   2022-03-31 13:40:04 --------------------------


START 2022-03-31 13:50:02 --------------------------
live
총 0 개 데이타 이동
END   2022-03-31 13:50:04 --------------------------


START 2022-03-31 14:00:01 --------------------------
live
총 0 개 데이타 이동
END   2022-03-31 14:00:03 --------------------------


START 2022-03-31 14:10:01 --------------------------
live
총 0 개 데이타 이동
END   2022-03-31 14:10:03 --------------------------


START 2022-03-31 14:20:01 --------------------------
live
총 0 개 데이타 이동
END   2022-03-31 14:20:04 --------------------------


START 2022-03-31 14:30:01 --------------------------
live
총 0 개 데이타 이동
END   2022-03-31 14:30:04 --------------------------


START 2022-03-31 14:40:01 --------------------------
live
총 0 개 데이타 이동
END   2022-03-31 14:40:03 --------------------------


START 2022-03-31 14:50:02 --------------------------
live
총 0 개 데이타 이동
END   2022-03-31 14:50:04 --------------------------


START 2022-03-31 15:00:02 --------------------------
live
총 0 개 데이타 이동
END   2022-03-31 15:00:04 --------------------------


START 2022-03-31 15:10:02 --------------------------
live
총 0 개 데이타 이동
END   2022-03-31 15:10:04 --------------------------


START 2022-03-31 15:20:02 --------------------------
live
총 0 개 데이타 이동
END   2022-03-31 15:20:04 --------------------------


START 2022-03-31 15:30:03 --------------------------
live
총 0 개 데이타 이동
END   2022-03-31 15:30:05 --------------------------


START 2022-03-31 15:40:02 --------------------------
live
총 2 개 데이타 이동
데이타 이동 시작 *****
3103067 01024568888 -- 3103068 01088944740 -- 
END   2022-03-31 15:40:06 --------------------------


START 2022-03-31 15:50:01 --------------------------
live
총 1 개 데이타 이동
데이타 이동 시작 *****
3103069 01067241409 -- 
END   2022-03-31 15:50:06 --------------------------


START 2022-03-31 16:00:01 --------------------------
live
총 0 개 데이타 이동
END   2022-03-31 16:00:03 --------------------------


START 2022-03-31 16:10:01 --------------------------
live
총 0 개 데이타 이동
END   2022-03-31 16:10:04 --------------------------


START 2022-03-31 16:20:01 --------------------------
live
총 0 개 데이타 이동
END   2022-03-31 16:20:03 --------------------------


START 2022-03-31 16:30:02 --------------------------
live
총 0 개 데이타 이동
END   2022-03-31 16:30:04 --------------------------


START 2022-03-31 16:40:01 --------------------------
live
총 0 개 데이타 이동
END   2022-03-31 16:40:04 --------------------------


START 2022-03-31 16:50:02 --------------------------
live
총 0 개 데이타 이동
END   2022-03-31 16:50:04 --------------------------


START 2022-03-31 17:00:02 --------------------------
live
총 1 개 데이타 이동
데이타 이동 시작 *****
3103070 01067241409 -- 
END   2022-03-31 17:00:06 --------------------------


START 2022-03-31 17:10:01 --------------------------
live
총 0 개 데이타 이동
END   2022-03-31 17:10:05 --------------------------


START 2022-03-31 17:20:02 --------------------------
live
총 0 개 데이타 이동
END   2022-03-31 17:20:04 --------------------------


START 2022-03-31 17:30:02 --------------------------
live
총 0 개 데이타 이동
END   2022-03-31 17:30:04 --------------------------


START 2022-03-31 17:40:01 --------------------------
live
총 0 개 데이타 이동
END   2022-03-31 17:40:03 --------------------------


START 2022-03-31 17:50:01 --------------------------
live
총 0 개 데이타 이동
END   2022-03-31 17:50:03 --------------------------


START 2022-03-31 18:00:01 --------------------------
live
총 0 개 데이타 이동
END   2022-03-31 18:00:04 --------------------------


START 2022-03-31 18:10:01 --------------------------
live
총 0 개 데이타 이동
END   2022-03-31 18:10:04 --------------------------


START 2022-03-31 18:20:02 --------------------------
live
총 0 개 데이타 이동
END   2022-03-31 18:20:04 --------------------------


START 2022-03-31 18:30:02 --------------------------
live
총 0 개 데이타 이동
END   2022-03-31 18:30:04 --------------------------


START 2022-03-31 18:40:01 --------------------------
live
총 0 개 데이타 이동
END   2022-03-31 18:40:04 --------------------------


START 2022-03-31 18:50:01 --------------------------
live
총 36 개 데이타 이동
데이타 이동 시작 *****
3103071 01098833970 -- 3103072 01034703566 -- 3103073 01080284742 -- 3103074 01028030771 -- 3103075 01052448365 -- 3103076 01053082361 -- 3103077 01087297149 -- 3103078 01028698250 -- 3103079 01054117228 -- 3103080 01082300118 -- 3103081 01094507662 -- 3103082 01075077950 -- 3103083 01038796585 -- 3103084 01099753515 -- 3103085 01041676677 -- 3103086 01071060656 -- 3103087 01047624956 -- 3103088 01037808203 -- 3103089 01049291512 -- 3103090 01067466580 -- 3103091 01088372069 -- 3103092 01020438849 -- 3103093 01056644244 -- 3103094 01024497333 -- 3103095 01035738515 -- 3103096 01087493691 -- 3103097 01057895319 -- 3103098 01022996000 -- 3103099 01029779588 -- 3103100 01056070130 -- 3103101 01034740117 -- 3103102 01025288519 -- 3103103 01062715493 -- 3103104 01088748459 -- 3103105 01085558631 -- 3103106 01054431180 -- 
END   2022-03-31 18:50:06 --------------------------


START 2022-03-31 19:00:02 --------------------------
live
총 0 개 데이타 이동
END   2022-03-31 19:00:04 --------------------------


START 2022-03-31 19:10:02 --------------------------
live
총 0 개 데이타 이동
END   2022-03-31 19:10:04 --------------------------


START 2022-03-31 19:20:01 --------------------------
live
총 0 개 데이타 이동
END   2022-03-31 19:20:03 --------------------------


START 2022-03-31 19:30:01 --------------------------
live
총 0 개 데이타 이동
END   2022-03-31 19:30:03 --------------------------


START 2022-03-31 19:40:01 --------------------------
live
총 0 개 데이타 이동
END   2022-03-31 19:40:03 --------------------------


START 2022-03-31 19:50:02 --------------------------
live
총 0 개 데이타 이동
END   2022-03-31 19:50:04 --------------------------


START 2022-03-31 20:00:01 --------------------------
live
총 0 개 데이타 이동
END   2022-03-31 20:00:03 --------------------------


START 2022-03-31 20:10:01 --------------------------
live
총 0 개 데이타 이동
END   2022-03-31 20:10:03 --------------------------


START 2022-03-31 20:20:01 --------------------------
live
총 0 개 데이타 이동
END   2022-03-31 20:20:03 --------------------------


START 2022-03-31 20:30:02 --------------------------
live
총 0 개 데이타 이동
END   2022-03-31 20:30:04 --------------------------


START 2022-03-31 20:40:01 --------------------------
live
총 0 개 데이타 이동
END   2022-03-31 20:40:04 --------------------------


START 2022-03-31 20:50:01 --------------------------
live
총 0 개 데이타 이동
END   2022-03-31 20:50:03 --------------------------


START 2022-03-31 21:00:01 --------------------------
live
총 0 개 데이타 이동
END   2022-03-31 21:00:04 --------------------------


START 2022-03-31 21:10:01 --------------------------
live
총 0 개 데이타 이동
END   2022-03-31 21:10:03 --------------------------


START 2022-03-31 21:20:01 --------------------------
live
총 0 개 데이타 이동
END   2022-03-31 21:20:03 --------------------------


START 2022-03-31 21:30:02 --------------------------
live
총 0 개 데이타 이동
END   2022-03-31 21:30:04 --------------------------


START 2022-03-31 21:40:01 --------------------------
live
총 0 개 데이타 이동
END   2022-03-31 21:40:04 --------------------------


START 2022-03-31 21:50:01 --------------------------
live
총 0 개 데이타 이동
END   2022-03-31 21:50:03 --------------------------


START 2022-03-31 22:00:01 --------------------------
live
총 0 개 데이타 이동
END   2022-03-31 22:00:03 --------------------------


START 2022-03-31 22:10:02 --------------------------
live
총 0 개 데이타 이동
END   2022-03-31 22:10:04 --------------------------


START 2022-03-31 22:20:02 --------------------------
live
총 0 개 데이타 이동
END   2022-03-31 22:20:04 --------------------------


START 2022-03-31 22:30:01 --------------------------
live
총 0 개 데이타 이동
END   2022-03-31 22:30:03 --------------------------


START 2022-03-31 22:40:01 --------------------------
live
총 0 개 데이타 이동
END   2022-03-31 22:40:03 --------------------------


START 2022-03-31 22:50:01 --------------------------
live
총 0 개 데이타 이동
END   2022-03-31 22:50:03 --------------------------


START 2022-03-31 23:00:01 --------------------------
live
총 0 개 데이타 이동
END   2022-03-31 23:00:03 --------------------------


START 2022-03-31 23:10:01 --------------------------
live
총 0 개 데이타 이동
END   2022-03-31 23:10:03 --------------------------


START 2022-03-31 23:20:01 --------------------------
live
총 0 개 데이타 이동
END   2022-03-31 23:20:03 --------------------------


START 2022-03-31 23:30:02 --------------------------
live
총 0 개 데이타 이동
END   2022-03-31 23:30:04 --------------------------


START 2022-03-31 23:40:01 --------------------------
live
총 0 개 데이타 이동
END   2022-03-31 23:40:03 --------------------------


START 2022-03-31 23:50:01 --------------------------
live
총 0 개 데이타 이동
END   2022-03-31 23:50:03 --------------------------


