START 2022-01-17 00:00:01 --------------------------
live
총 0 개 데이타 이동
END   2022-01-17 00:00:03 --------------------------


START 2022-01-17 00:10:02 --------------------------
live
총 0 개 데이타 이동
END   2022-01-17 00:10:03 --------------------------


START 2022-01-17 00:20:01 --------------------------
live
총 0 개 데이타 이동
END   2022-01-17 00:20:03 --------------------------


START 2022-01-17 00:30:01 --------------------------
live
총 0 개 데이타 이동
END   2022-01-17 00:30:03 --------------------------


START 2022-01-17 00:40:01 --------------------------
live
총 0 개 데이타 이동
END   2022-01-17 00:40:03 --------------------------


START 2022-01-17 00:50:01 --------------------------
live
총 0 개 데이타 이동
END   2022-01-17 00:50:03 --------------------------


START 2022-01-17 01:00:01 --------------------------
live
총 0 개 데이타 이동
END   2022-01-17 01:00:02 --------------------------


START 2022-01-17 01:10:02 --------------------------
live
총 0 개 데이타 이동
END   2022-01-17 01:10:03 --------------------------


START 2022-01-17 01:20:01 --------------------------
live
총 0 개 데이타 이동
END   2022-01-17 01:20:03 --------------------------


START 2022-01-17 01:30:01 --------------------------
live
총 0 개 데이타 이동
END   2022-01-17 01:30:03 --------------------------


START 2022-01-17 01:40:01 --------------------------
live
총 0 개 데이타 이동
END   2022-01-17 01:40:03 --------------------------


START 2022-01-17 01:50:02 --------------------------
live
총 0 개 데이타 이동
END   2022-01-17 01:50:03 --------------------------


START 2022-01-17 02:00:01 --------------------------
live
총 0 개 데이타 이동
END   2022-01-17 02:00:03 --------------------------


START 2022-01-17 02:10:01 --------------------------
live
총 0 개 데이타 이동
END   2022-01-17 02:10:03 --------------------------


START 2022-01-17 02:20:01 --------------------------
live
총 0 개 데이타 이동
END   2022-01-17 02:20:03 --------------------------


START 2022-01-17 02:30:02 --------------------------
live
총 0 개 데이타 이동
END   2022-01-17 02:30:03 --------------------------


START 2022-01-17 02:40:01 --------------------------
live
총 0 개 데이타 이동
END   2022-01-17 02:40:03 --------------------------


START 2022-01-17 02:50:01 --------------------------
live
총 0 개 데이타 이동
END   2022-01-17 02:50:03 --------------------------


START 2022-01-17 03:00:01 --------------------------
live
총 0 개 데이타 이동
END   2022-01-17 03:00:03 --------------------------


START 2022-01-17 03:10:02 --------------------------
live
총 0 개 데이타 이동
END   2022-01-17 03:10:03 --------------------------


START 2022-01-17 03:20:01 --------------------------
live
총 0 개 데이타 이동
END   2022-01-17 03:20:03 --------------------------


START 2022-01-17 03:30:01 --------------------------
live
총 0 개 데이타 이동
END   2022-01-17 03:30:03 --------------------------


START 2022-01-17 03:40:02 --------------------------
live
총 0 개 데이타 이동
END   2022-01-17 03:40:03 --------------------------


START 2022-01-17 03:50:01 --------------------------
live
총 0 개 데이타 이동
END   2022-01-17 03:50:03 --------------------------


START 2022-01-17 04:00:01 --------------------------
live
총 0 개 데이타 이동
END   2022-01-17 04:00:03 --------------------------


START 2022-01-17 04:10:01 --------------------------
live
총 0 개 데이타 이동
END   2022-01-17 04:10:03 --------------------------


START 2022-01-17 04:20:01 --------------------------
live
총 0 개 데이타 이동
END   2022-01-17 04:20:03 --------------------------


START 2022-01-17 04:30:02 --------------------------
live
총 0 개 데이타 이동
END   2022-01-17 04:30:03 --------------------------


START 2022-01-17 04:40:01 --------------------------
live
총 0 개 데이타 이동
END   2022-01-17 04:40:03 --------------------------


START 2022-01-17 04:50:01 --------------------------
live
총 0 개 데이타 이동
END   2022-01-17 04:50:03 --------------------------


START 2022-01-17 05:00:01 --------------------------
live
총 0 개 데이타 이동
END   2022-01-17 05:00:03 --------------------------


START 2022-01-17 05:10:01 --------------------------
live
총 0 개 데이타 이동
END   2022-01-17 05:10:03 --------------------------


START 2022-01-17 05:20:02 --------------------------
live
총 0 개 데이타 이동
END   2022-01-17 05:20:03 --------------------------


START 2022-01-17 05:30:01 --------------------------
live
총 0 개 데이타 이동
END   2022-01-17 05:30:03 --------------------------


START 2022-01-17 05:40:01 --------------------------
live
총 0 개 데이타 이동
END   2022-01-17 05:40:03 --------------------------


START 2022-01-17 05:50:01 --------------------------
live
총 0 개 데이타 이동
END   2022-01-17 05:50:03 --------------------------


START 2022-01-17 06:00:02 --------------------------
live
총 0 개 데이타 이동
END   2022-01-17 06:00:03 --------------------------


START 2022-01-17 06:10:02 --------------------------
live
총 0 개 데이타 이동
END   2022-01-17 06:10:03 --------------------------


START 2022-01-17 06:20:01 --------------------------
live
총 0 개 데이타 이동
END   2022-01-17 06:20:03 --------------------------


START 2022-01-17 06:30:01 --------------------------
live
총 0 개 데이타 이동
END   2022-01-17 06:30:03 --------------------------


START 2022-01-17 06:40:01 --------------------------
live
총 0 개 데이타 이동
END   2022-01-17 06:40:03 --------------------------


START 2022-01-17 06:50:02 --------------------------
live
총 0 개 데이타 이동
END   2022-01-17 06:50:03 --------------------------


START 2022-01-17 07:00:01 --------------------------
live
총 0 개 데이타 이동
END   2022-01-17 07:00:03 --------------------------


START 2022-01-17 07:10:01 --------------------------
live
총 0 개 데이타 이동
END   2022-01-17 07:10:03 --------------------------


START 2022-01-17 07:20:01 --------------------------
live
총 0 개 데이타 이동
END   2022-01-17 07:20:03 --------------------------


START 2022-01-17 07:30:01 --------------------------
live
총 0 개 데이타 이동
END   2022-01-17 07:30:03 --------------------------


START 2022-01-17 07:40:01 --------------------------
live
총 0 개 데이타 이동
END   2022-01-17 07:40:03 --------------------------


START 2022-01-17 07:50:01 --------------------------
live
총 0 개 데이타 이동
END   2022-01-17 07:50:03 --------------------------


START 2022-01-17 08:00:02 --------------------------
live
총 0 개 데이타 이동
END   2022-01-17 08:00:04 --------------------------


START 2022-01-17 08:10:02 --------------------------
live
총 0 개 데이타 이동
END   2022-01-17 08:10:03 --------------------------


START 2022-01-17 08:20:02 --------------------------
live
총 0 개 데이타 이동
END   2022-01-17 08:20:03 --------------------------


START 2022-01-17 08:30:02 --------------------------
live
총 0 개 데이타 이동
END   2022-01-17 08:30:03 --------------------------


START 2022-01-17 08:40:01 --------------------------
live
총 0 개 데이타 이동
END   2022-01-17 08:40:03 --------------------------


START 2022-01-17 08:50:01 --------------------------
live
총 0 개 데이타 이동
END   2022-01-17 08:50:03 --------------------------


START 2022-01-17 09:00:01 --------------------------
live
총 0 개 데이타 이동
END   2022-01-17 09:00:03 --------------------------


START 2022-01-17 09:10:01 --------------------------
live
총 0 개 데이타 이동
END   2022-01-17 09:10:03 --------------------------


START 2022-01-17 09:20:01 --------------------------
live
총 0 개 데이타 이동
END   2022-01-17 09:20:03 --------------------------


START 2022-01-17 09:30:01 --------------------------
live
총 0 개 데이타 이동
END   2022-01-17 09:30:03 --------------------------


START 2022-01-17 09:40:01 --------------------------
live
총 0 개 데이타 이동
END   2022-01-17 09:40:03 --------------------------


START 2022-01-17 09:50:01 --------------------------
live
총 0 개 데이타 이동
END   2022-01-17 09:50:03 --------------------------


START 2022-01-17 10:00:01 --------------------------
live
총 0 개 데이타 이동
END   2022-01-17 10:00:03 --------------------------


START 2022-01-17 10:10:01 --------------------------
live
총 0 개 데이타 이동
END   2022-01-17 10:10:03 --------------------------


START 2022-01-17 10:20:01 --------------------------
live
총 0 개 데이타 이동
END   2022-01-17 10:20:03 --------------------------


START 2022-01-17 10:30:01 --------------------------
live
총 0 개 데이타 이동
END   2022-01-17 10:30:03 --------------------------


START 2022-01-17 10:40:01 --------------------------
live
총 0 개 데이타 이동
END   2022-01-17 10:40:03 --------------------------


START 2022-01-17 10:50:01 --------------------------
live
총 0 개 데이타 이동
END   2022-01-17 10:50:03 --------------------------


START 2022-01-17 11:00:02 --------------------------
live
총 0 개 데이타 이동
END   2022-01-17 11:00:03 --------------------------


START 2022-01-17 11:10:02 --------------------------
live
총 0 개 데이타 이동
END   2022-01-17 11:10:03 --------------------------


START 2022-01-17 11:20:01 --------------------------
live
총 0 개 데이타 이동
END   2022-01-17 11:20:03 --------------------------


START 2022-01-17 11:30:02 --------------------------
live
총 0 개 데이타 이동
END   2022-01-17 11:30:03 --------------------------


START 2022-01-17 11:40:02 --------------------------
live
총 2 개 데이타 이동
데이타 이동 시작 *****
3046023 01024568888 -- 3046024 01088944740 -- 
END   2022-01-17 11:40:05 --------------------------


START 2022-01-17 11:50:02 --------------------------
live
총 0 개 데이타 이동
END   2022-01-17 11:50:03 --------------------------


START 2022-01-17 12:00:03 --------------------------
live
총 0 개 데이타 이동
END   2022-01-17 12:00:04 --------------------------


START 2022-01-17 12:10:01 --------------------------
live
총 0 개 데이타 이동
END   2022-01-17 12:10:04 --------------------------


START 2022-01-17 12:20:02 --------------------------
live
총 0 개 데이타 이동
END   2022-01-17 12:20:03 --------------------------


START 2022-01-17 12:30:02 --------------------------
live
총 0 개 데이타 이동
END   2022-01-17 12:30:03 --------------------------


START 2022-01-17 12:40:02 --------------------------
live
총 0 개 데이타 이동
END   2022-01-17 12:40:03 --------------------------


START 2022-01-17 12:50:02 --------------------------
live
총 0 개 데이타 이동
END   2022-01-17 12:50:04 --------------------------


START 2022-01-17 13:00:02 --------------------------
live
총 0 개 데이타 이동
END   2022-01-17 13:00:03 --------------------------


START 2022-01-17 13:10:01 --------------------------
live
총 0 개 데이타 이동
END   2022-01-17 13:10:04 --------------------------


START 2022-01-17 13:20:01 --------------------------
live
총 0 개 데이타 이동
END   2022-01-17 13:20:03 --------------------------


START 2022-01-17 13:30:01 --------------------------
live
총 0 개 데이타 이동
END   2022-01-17 13:30:03 --------------------------


START 2022-01-17 13:40:01 --------------------------
live
총 0 개 데이타 이동
END   2022-01-17 13:40:03 --------------------------


START 2022-01-17 13:50:01 --------------------------
live
총 0 개 데이타 이동
END   2022-01-17 13:50:03 --------------------------


START 2022-01-17 14:00:01 --------------------------
live
총 0 개 데이타 이동
END   2022-01-17 14:00:03 --------------------------


START 2022-01-17 14:10:01 --------------------------
live
총 2 개 데이타 이동
데이타 이동 시작 *****
3046025 01024568888 -- 3046026 01088944740 -- 
END   2022-01-17 14:10:06 --------------------------


START 2022-01-17 14:20:01 --------------------------
live
총 0 개 데이타 이동
END   2022-01-17 14:20:03 --------------------------


START 2022-01-17 14:30:01 --------------------------
live
총 0 개 데이타 이동
END   2022-01-17 14:30:03 --------------------------


START 2022-01-17 14:40:01 --------------------------
live
총 0 개 데이타 이동
END   2022-01-17 14:40:03 --------------------------


START 2022-01-17 14:50:01 --------------------------
live
총 0 개 데이타 이동
END   2022-01-17 14:50:03 --------------------------


START 2022-01-17 15:00:01 --------------------------
live
총 0 개 데이타 이동
END   2022-01-17 15:00:03 --------------------------


START 2022-01-17 15:10:01 --------------------------
live
총 0 개 데이타 이동
END   2022-01-17 15:10:04 --------------------------


START 2022-01-17 15:20:01 --------------------------
live
총 0 개 데이타 이동
END   2022-01-17 15:20:03 --------------------------


START 2022-01-17 15:30:01 --------------------------
live
총 0 개 데이타 이동
END   2022-01-17 15:30:03 --------------------------


START 2022-01-17 15:40:01 --------------------------
live
총 0 개 데이타 이동
END   2022-01-17 15:40:03 --------------------------


START 2022-01-17 15:50:01 --------------------------
live
총 0 개 데이타 이동
END   2022-01-17 15:50:03 --------------------------


START 2022-01-17 16:00:01 --------------------------
live
총 0 개 데이타 이동
END   2022-01-17 16:00:03 --------------------------


START 2022-01-17 16:10:01 --------------------------
live
총 0 개 데이타 이동
END   2022-01-17 16:10:04 --------------------------


START 2022-01-17 16:20:01 --------------------------
live
총 0 개 데이타 이동
END   2022-01-17 16:20:03 --------------------------


START 2022-01-17 16:30:01 --------------------------
live
총 0 개 데이타 이동
END   2022-01-17 16:30:03 --------------------------


START 2022-01-17 16:40:01 --------------------------
live
총 0 개 데이타 이동
END   2022-01-17 16:40:03 --------------------------


START 2022-01-17 16:50:01 --------------------------
live
총 0 개 데이타 이동
END   2022-01-17 16:50:02 --------------------------


START 2022-01-17 17:00:01 --------------------------
live
총 0 개 데이타 이동
END   2022-01-17 17:00:03 --------------------------


START 2022-01-17 17:10:01 --------------------------
live
총 0 개 데이타 이동
END   2022-01-17 17:10:03 --------------------------


START 2022-01-17 17:20:01 --------------------------
live
총 0 개 데이타 이동
END   2022-01-17 17:20:03 --------------------------


START 2022-01-17 17:30:01 --------------------------
live
총 0 개 데이타 이동
END   2022-01-17 17:30:03 --------------------------


START 2022-01-17 17:40:01 --------------------------
live
총 0 개 데이타 이동
END   2022-01-17 17:40:03 --------------------------


START 2022-01-17 17:50:01 --------------------------
live
총 0 개 데이타 이동
END   2022-01-17 17:50:03 --------------------------


START 2022-01-17 18:00:01 --------------------------
live
총 0 개 데이타 이동
END   2022-01-17 18:00:03 --------------------------


START 2022-01-17 18:10:01 --------------------------
live
총 0 개 데이타 이동
END   2022-01-17 18:10:03 --------------------------


START 2022-01-17 18:20:02 --------------------------
live
총 0 개 데이타 이동
END   2022-01-17 18:20:04 --------------------------


START 2022-01-17 18:30:01 --------------------------
live
총 0 개 데이타 이동
END   2022-01-17 18:30:03 --------------------------


START 2022-01-17 18:40:01 --------------------------
live
총 0 개 데이타 이동
END   2022-01-17 18:40:03 --------------------------


START 2022-01-17 18:50:01 --------------------------
live
총 0 개 데이타 이동
END   2022-01-17 18:50:03 --------------------------


START 2022-01-17 19:00:01 --------------------------
live
총 0 개 데이타 이동
END   2022-01-17 19:00:03 --------------------------


START 2022-01-17 19:10:01 --------------------------
live
총 0 개 데이타 이동
END   2022-01-17 19:10:03 --------------------------


START 2022-01-17 19:20:01 --------------------------
live
총 0 개 데이타 이동
END   2022-01-17 19:20:03 --------------------------


START 2022-01-17 19:30:01 --------------------------
live
총 0 개 데이타 이동
END   2022-01-17 19:30:03 --------------------------


START 2022-01-17 19:40:01 --------------------------
live
총 0 개 데이타 이동
END   2022-01-17 19:40:03 --------------------------


START 2022-01-17 19:50:01 --------------------------
live
총 0 개 데이타 이동
END   2022-01-17 19:50:03 --------------------------


START 2022-01-17 20:00:02 --------------------------
live
총 0 개 데이타 이동
END   2022-01-17 20:00:04 --------------------------


START 2022-01-17 20:10:02 --------------------------
live
총 0 개 데이타 이동
END   2022-01-17 20:10:03 --------------------------


START 2022-01-17 20:20:02 --------------------------
live
총 0 개 데이타 이동
END   2022-01-17 20:20:03 --------------------------


START 2022-01-17 20:30:02 --------------------------
live
총 0 개 데이타 이동
END   2022-01-17 20:30:03 --------------------------


START 2022-01-17 20:40:02 --------------------------
live
총 0 개 데이타 이동
END   2022-01-17 20:40:03 --------------------------


START 2022-01-17 20:50:01 --------------------------
live
총 0 개 데이타 이동
END   2022-01-17 20:50:03 --------------------------


START 2022-01-17 21:00:01 --------------------------
live
총 0 개 데이타 이동
END   2022-01-17 21:00:03 --------------------------


START 2022-01-17 21:10:01 --------------------------
live
총 0 개 데이타 이동
END   2022-01-17 21:10:03 --------------------------


START 2022-01-17 21:20:01 --------------------------
live
총 0 개 데이타 이동
END   2022-01-17 21:20:03 --------------------------


START 2022-01-17 21:30:01 --------------------------
live
총 0 개 데이타 이동
END   2022-01-17 21:30:03 --------------------------


START 2022-01-17 21:40:01 --------------------------
live
총 0 개 데이타 이동
END   2022-01-17 21:40:03 --------------------------


START 2022-01-17 21:50:01 --------------------------
live
총 0 개 데이타 이동
END   2022-01-17 21:50:03 --------------------------


START 2022-01-17 22:00:01 --------------------------
live
총 0 개 데이타 이동
END   2022-01-17 22:00:03 --------------------------


START 2022-01-17 22:10:01 --------------------------
live
총 0 개 데이타 이동
END   2022-01-17 22:10:03 --------------------------


START 2022-01-17 22:20:01 --------------------------
live
총 0 개 데이타 이동
END   2022-01-17 22:20:03 --------------------------


START 2022-01-17 22:30:02 --------------------------
live
총 0 개 데이타 이동
END   2022-01-17 22:30:03 --------------------------


START 2022-01-17 22:40:02 --------------------------
live
총 0 개 데이타 이동
END   2022-01-17 22:40:03 --------------------------


START 2022-01-17 22:50:02 --------------------------
live
총 0 개 데이타 이동
END   2022-01-17 22:50:03 --------------------------


START 2022-01-17 23:00:01 --------------------------
live
총 0 개 데이타 이동
END   2022-01-17 23:00:03 --------------------------


START 2022-01-17 23:10:01 --------------------------
live
총 0 개 데이타 이동
END   2022-01-17 23:10:03 --------------------------


START 2022-01-17 23:20:01 --------------------------
live
총 0 개 데이타 이동
END   2022-01-17 23:20:03 --------------------------


START 2022-01-17 23:30:02 --------------------------
live
총 0 개 데이타 이동
END   2022-01-17 23:30:04 --------------------------


START 2022-01-17 23:40:02 --------------------------
live
총 0 개 데이타 이동
END   2022-01-17 23:40:03 --------------------------


START 2022-01-17 23:50:01 --------------------------
live
총 0 개 데이타 이동
END   2022-01-17 23:50:03 --------------------------


