START 2022-07-05 00:00:01 --------------------------
live
총 0 개 데이타 이동
END   2022-07-05 00:00:01 --------------------------


START 2022-07-05 00:10:01 --------------------------
live
총 0 개 데이타 이동
END   2022-07-05 00:10:01 --------------------------


START 2022-07-05 00:20:01 --------------------------
live
총 0 개 데이타 이동
END   2022-07-05 00:20:01 --------------------------


START 2022-07-05 00:30:01 --------------------------
live
총 0 개 데이타 이동
END   2022-07-05 00:30:01 --------------------------


START 2022-07-05 00:40:01 --------------------------
live
총 0 개 데이타 이동
END   2022-07-05 00:40:01 --------------------------


START 2022-07-05 00:50:02 --------------------------
live
총 0 개 데이타 이동
END   2022-07-05 00:50:02 --------------------------


START 2022-07-05 01:00:01 --------------------------
live
총 0 개 데이타 이동
END   2022-07-05 01:00:01 --------------------------


START 2022-07-05 01:10:01 --------------------------
live
총 0 개 데이타 이동
END   2022-07-05 01:10:01 --------------------------


START 2022-07-05 01:20:01 --------------------------
live
총 0 개 데이타 이동
END   2022-07-05 01:20:01 --------------------------


START 2022-07-05 01:30:01 --------------------------
live
총 0 개 데이타 이동
END   2022-07-05 01:30:01 --------------------------


START 2022-07-05 01:40:01 --------------------------
live
총 0 개 데이타 이동
END   2022-07-05 01:40:01 --------------------------


START 2022-07-05 01:50:01 --------------------------
live
총 0 개 데이타 이동
END   2022-07-05 01:50:01 --------------------------


START 2022-07-05 02:00:01 --------------------------
live
총 0 개 데이타 이동
END   2022-07-05 02:00:01 --------------------------


START 2022-07-05 02:10:01 --------------------------
live
총 0 개 데이타 이동
END   2022-07-05 02:10:01 --------------------------


START 2022-07-05 02:20:01 --------------------------
live
총 0 개 데이타 이동
END   2022-07-05 02:20:01 --------------------------


START 2022-07-05 02:30:02 --------------------------
live
총 0 개 데이타 이동
END   2022-07-05 02:30:02 --------------------------


START 2022-07-05 02:40:01 --------------------------
live
총 0 개 데이타 이동
END   2022-07-05 02:40:01 --------------------------


START 2022-07-05 02:50:01 --------------------------
live
총 0 개 데이타 이동
END   2022-07-05 02:50:01 --------------------------


START 2022-07-05 03:00:01 --------------------------
live
총 0 개 데이타 이동
END   2022-07-05 03:00:01 --------------------------


START 2022-07-05 03:10:01 --------------------------
live
총 0 개 데이타 이동
END   2022-07-05 03:10:01 --------------------------


START 2022-07-05 03:20:01 --------------------------
live
총 0 개 데이타 이동
END   2022-07-05 03:20:01 --------------------------


START 2022-07-05 03:30:01 --------------------------
live
총 0 개 데이타 이동
END   2022-07-05 03:30:01 --------------------------


START 2022-07-05 03:40:01 --------------------------
live
총 0 개 데이타 이동
END   2022-07-05 03:40:01 --------------------------


START 2022-07-05 03:50:01 --------------------------
live
총 0 개 데이타 이동
END   2022-07-05 03:50:01 --------------------------


START 2022-07-05 04:00:01 --------------------------
live
총 0 개 데이타 이동
END   2022-07-05 04:00:01 --------------------------


START 2022-07-05 04:10:01 --------------------------
live
총 0 개 데이타 이동
END   2022-07-05 04:10:01 --------------------------


START 2022-07-05 04:20:02 --------------------------
live
총 0 개 데이타 이동
END   2022-07-05 04:20:02 --------------------------


START 2022-07-05 04:30:01 --------------------------
live
총 0 개 데이타 이동
END   2022-07-05 04:30:01 --------------------------


START 2022-07-05 04:40:01 --------------------------
live
총 0 개 데이타 이동
END   2022-07-05 04:40:01 --------------------------


START 2022-07-05 04:50:02 --------------------------
live
총 0 개 데이타 이동
END   2022-07-05 04:50:02 --------------------------


START 2022-07-05 05:00:01 --------------------------
live
총 0 개 데이타 이동
END   2022-07-05 05:00:01 --------------------------


START 2022-07-05 05:10:01 --------------------------
live
총 0 개 데이타 이동
END   2022-07-05 05:10:01 --------------------------


START 2022-07-05 05:20:01 --------------------------
live
총 0 개 데이타 이동
END   2022-07-05 05:20:01 --------------------------


START 2022-07-05 05:30:01 --------------------------
live
총 0 개 데이타 이동
END   2022-07-05 05:30:01 --------------------------


START 2022-07-05 05:40:01 --------------------------
live
총 0 개 데이타 이동
END   2022-07-05 05:40:01 --------------------------


START 2022-07-05 05:50:01 --------------------------
live
총 0 개 데이타 이동
END   2022-07-05 05:50:01 --------------------------


START 2022-07-05 06:00:01 --------------------------
live
총 0 개 데이타 이동
END   2022-07-05 06:00:01 --------------------------


START 2022-07-05 06:10:01 --------------------------
live
총 0 개 데이타 이동
END   2022-07-05 06:10:01 --------------------------


START 2022-07-05 06:20:01 --------------------------
live
총 0 개 데이타 이동
END   2022-07-05 06:20:01 --------------------------


START 2022-07-05 06:30:01 --------------------------
live
총 0 개 데이타 이동
END   2022-07-05 06:30:01 --------------------------


START 2022-07-05 06:40:01 --------------------------
live
총 0 개 데이타 이동
END   2022-07-05 06:40:01 --------------------------


START 2022-07-05 06:50:01 --------------------------
live
총 0 개 데이타 이동
END   2022-07-05 06:50:01 --------------------------


START 2022-07-05 07:00:02 --------------------------
live
총 0 개 데이타 이동
END   2022-07-05 07:00:02 --------------------------


START 2022-07-05 07:10:01 --------------------------
live
총 0 개 데이타 이동
END   2022-07-05 07:10:01 --------------------------


START 2022-07-05 07:20:01 --------------------------
live
총 0 개 데이타 이동
END   2022-07-05 07:20:01 --------------------------


START 2022-07-05 07:30:01 --------------------------
live
총 0 개 데이타 이동
END   2022-07-05 07:30:01 --------------------------


START 2022-07-05 07:40:01 --------------------------
live
총 0 개 데이타 이동
END   2022-07-05 07:40:01 --------------------------


START 2022-07-05 07:50:01 --------------------------
live
총 0 개 데이타 이동
END   2022-07-05 07:50:01 --------------------------


START 2022-07-05 08:00:01 --------------------------
live
총 0 개 데이타 이동
END   2022-07-05 08:00:01 --------------------------


START 2022-07-05 08:10:02 --------------------------
live
총 0 개 데이타 이동
END   2022-07-05 08:10:02 --------------------------


START 2022-07-05 08:20:01 --------------------------
live
총 0 개 데이타 이동
END   2022-07-05 08:20:01 --------------------------


START 2022-07-05 08:30:01 --------------------------
live
총 0 개 데이타 이동
END   2022-07-05 08:30:01 --------------------------


START 2022-07-05 08:40:01 --------------------------
live
총 0 개 데이타 이동
END   2022-07-05 08:40:01 --------------------------


START 2022-07-05 08:50:01 --------------------------
live
총 0 개 데이타 이동
END   2022-07-05 08:50:01 --------------------------


START 2022-07-05 09:00:01 --------------------------
live
총 0 개 데이타 이동
END   2022-07-05 09:00:01 --------------------------


START 2022-07-05 09:10:01 --------------------------
live
총 0 개 데이타 이동
END   2022-07-05 09:10:01 --------------------------


START 2022-07-05 09:20:01 --------------------------
live
총 0 개 데이타 이동
END   2022-07-05 09:20:01 --------------------------


START 2022-07-05 09:30:01 --------------------------
live
총 0 개 데이타 이동
END   2022-07-05 09:30:01 --------------------------


START 2022-07-05 09:40:01 --------------------------
live
총 0 개 데이타 이동
END   2022-07-05 09:40:01 --------------------------


START 2022-07-05 09:50:01 --------------------------
live
총 0 개 데이타 이동
END   2022-07-05 09:50:01 --------------------------


START 2022-07-05 10:00:01 --------------------------
live
총 0 개 데이타 이동
END   2022-07-05 10:00:01 --------------------------


START 2022-07-05 10:10:01 --------------------------
live
총 0 개 데이타 이동
END   2022-07-05 10:10:01 --------------------------


START 2022-07-05 10:20:01 --------------------------
live
총 0 개 데이타 이동
END   2022-07-05 10:20:01 --------------------------


START 2022-07-05 10:30:01 --------------------------
live
총 0 개 데이타 이동
END   2022-07-05 10:30:01 --------------------------


START 2022-07-05 10:40:01 --------------------------
live
총 7 개 데이타 이동
데이타 이동 시작 *****
3107769 01030906908 -- 3107770 01030906908 -- 3107771 01030906908 -- 3107772 01056070130 -- 3107773 01056070130 -- 3107774 01067466580 -- 3107775 01082300118 -- 
END   2022-07-05 10:40:01 --------------------------


START 2022-07-05 10:50:01 --------------------------
live
총 0 개 데이타 이동
END   2022-07-05 10:50:01 --------------------------


START 2022-07-05 11:00:01 --------------------------
live
총 0 개 데이타 이동
END   2022-07-05 11:00:01 --------------------------


START 2022-07-05 11:10:01 --------------------------
live
총 0 개 데이타 이동
END   2022-07-05 11:10:01 --------------------------


START 2022-07-05 11:20:01 --------------------------
live
총 0 개 데이타 이동
END   2022-07-05 11:20:01 --------------------------


START 2022-07-05 11:30:01 --------------------------
live
총 0 개 데이타 이동
END   2022-07-05 11:30:01 --------------------------


START 2022-07-05 11:40:01 --------------------------
live
총 0 개 데이타 이동
END   2022-07-05 11:40:01 --------------------------


START 2022-07-05 11:50:01 --------------------------
live
총 0 개 데이타 이동
END   2022-07-05 11:50:01 --------------------------


START 2022-07-05 12:00:01 --------------------------
live
총 0 개 데이타 이동
END   2022-07-05 12:00:01 --------------------------


START 2022-07-05 12:10:01 --------------------------
live
총 0 개 데이타 이동
END   2022-07-05 12:10:01 --------------------------


START 2022-07-05 12:20:01 --------------------------
live
총 0 개 데이타 이동
END   2022-07-05 12:20:01 --------------------------


START 2022-07-05 12:30:01 --------------------------
live
총 0 개 데이타 이동
END   2022-07-05 12:30:01 --------------------------


START 2022-07-05 12:40:01 --------------------------
live
총 2 개 데이타 이동
데이타 이동 시작 *****
3107776 01088944740 -- 3107777 01086246176 -- 
END   2022-07-05 12:40:01 --------------------------


START 2022-07-05 12:50:01 --------------------------
live
총 0 개 데이타 이동
END   2022-07-05 12:50:01 --------------------------


START 2022-07-05 13:00:01 --------------------------
live
총 0 개 데이타 이동
END   2022-07-05 13:00:01 --------------------------


START 2022-07-05 13:10:01 --------------------------
live
총 0 개 데이타 이동
END   2022-07-05 13:10:01 --------------------------


START 2022-07-05 13:20:01 --------------------------
live
총 0 개 데이타 이동
END   2022-07-05 13:20:01 --------------------------


START 2022-07-05 13:30:01 --------------------------
live
총 0 개 데이타 이동
END   2022-07-05 13:30:01 --------------------------


START 2022-07-05 13:40:01 --------------------------
live
총 0 개 데이타 이동
END   2022-07-05 13:40:01 --------------------------


START 2022-07-05 13:50:01 --------------------------
live
총 0 개 데이타 이동
END   2022-07-05 13:50:01 --------------------------


START 2022-07-05 14:00:01 --------------------------
live
총 0 개 데이타 이동
END   2022-07-05 14:00:01 --------------------------


START 2022-07-05 14:10:01 --------------------------
live
총 0 개 데이타 이동
END   2022-07-05 14:10:01 --------------------------


START 2022-07-05 14:20:02 --------------------------
live
총 0 개 데이타 이동
END   2022-07-05 14:20:02 --------------------------


START 2022-07-05 14:30:01 --------------------------
live
총 0 개 데이타 이동
END   2022-07-05 14:30:01 --------------------------


START 2022-07-05 14:40:01 --------------------------
live
총 0 개 데이타 이동
END   2022-07-05 14:40:01 --------------------------


START 2022-07-05 14:50:01 --------------------------
live
총 0 개 데이타 이동
END   2022-07-05 14:50:01 --------------------------


START 2022-07-05 15:00:01 --------------------------
live
총 0 개 데이타 이동
END   2022-07-05 15:00:01 --------------------------


START 2022-07-05 15:10:01 --------------------------
live
총 0 개 데이타 이동
END   2022-07-05 15:10:01 --------------------------


START 2022-07-05 15:20:01 --------------------------
live
총 0 개 데이타 이동
END   2022-07-05 15:20:01 --------------------------


START 2022-07-05 15:30:01 --------------------------
live
총 0 개 데이타 이동
END   2022-07-05 15:30:01 --------------------------


START 2022-07-05 15:40:01 --------------------------
live
총 0 개 데이타 이동
END   2022-07-05 15:40:01 --------------------------


START 2022-07-05 15:50:01 --------------------------
live
총 499 개 데이타 이동
데이타 이동 시작 *****
3107778 01089809500 -- 3107779 01056179090 -- 3107780 01088944740 -- 3107781 01071406426 -- 3107782 01000000000 -- 3107783 01048559998 -- 3107784 01084853722 -- 3107785 01033088839 -- 3107786 01024255580 -- 3107787 01032080480 -- 3107788 01038456171 -- 3107789 01042957170 -- 3107790 01025738859 -- 3107791 01032767136 -- 3107792 01036290086 -- 3107793 01025965960 -- 3107794 01054337079 -- 3107795 01033233635 -- 3107796 01091328939 -- 3107797 01085254425 -- 3107798 01067365836 -- 3107799 01052581559 -- 3107800 01084790573 -- 3107801 01098103929 -- 3107802 01039225011 -- 3107803 01099078005 -- 3107804 01037680656 -- 3107805 01085457377 -- 3107806 01024418408 -- 3107807 01090541722 -- 3107808 01023455756 -- 3107809 01051355998 -- 3107810 01040785648 -- 3107811 01047611419 -- 3107812 01091586988 -- 3107813 01025331799 -- 3107814 01062981205 -- 3107815 01090283502 -- 3107816 01040755648 -- 3107817 01043383770 -- 3107818 01020118660 -- 3107819 01024684144 -- 3107820 01091153060 -- 3107821 01090591729 -- 3107822 01045838082 -- 3107823 01090841316 -- 3107824 01056385648 -- 3107825 01031055066 -- 3107826 01026620156 -- 3107827 01074563414 -- 3107828 01080060401 -- 3107829 01035970682 -- 3107830 01036221041 -- 3107831 01039082240 -- 3107832 01038781568 -- 3107833 01066021240 -- 3107834 01096244049 -- 3107835 01055811130 -- 3107836 01034387161 -- 3107837 01063471218 -- 3107838 01054769598 -- 3107839 01072024436 -- 3107840 01027983027 -- 3107841 01077744787 -- 3107842 01040711761 -- 3107843 01048000840 -- 3107844 01029402275 -- 3107845 01077377161 -- 3107846 01083556311 -- 3107847 01050744659 -- 3107848 01035670357 -- 3107849 01082220092 -- 3107850 01088070154 -- 3107851 01046711526 -- 3107852 01036536333 -- 3107853 01098855699 -- 3107854 01077458838 -- 3107855 01074861150 -- 3107856 01084955266 -- 3107857 01099987089 -- 3107858 01090827265 -- 3107859 01047669598 -- 3107860 01074440009 -- 3107861 01088104271 -- 3107862 01029570188 -- 3107863 01062129669 -- 3107864 01043107512 -- 3107865 01090250170 -- 3107866 01044111900 -- 3107867 01033593360 -- 3107868 01052481432 -- 3107869 01020702785 -- 3107870 01024632493 -- 3107871 01021890633 -- 3107872 01023852877 -- 3107873 01050048613 -- 3107874 01093216407 -- 3107875 01071112791 -- 3107876 01032928539 -- 3107877 01028181790 -- 3107878 01037111425 -- 3107879 01055784182 -- 3107880 01084524840 -- 3107881 01028758714 -- 3107882 01020298660 -- 3107883 01087168273 -- 3107884 01022823751 -- 3107885 01022440387 -- 3107886 01063366397 -- 3107887 01090008350 -- 3107888 01096602954 -- 3107889 01077640833 -- 3107890 01033034049 -- 3107891 01052796394 -- 3107892 01026768031 -- 3107893 01090010252 -- 3107894 01052872887 -- 3107895 01096953357 -- 3107896 01023391280 -- 3107897 01027048101 -- 3107898 01022277891 -- 3107899 01036124694 -- 3107900 01025038030 -- 3107901 01025253503 -- 3107902 01062311085 -- 3107903 01072664319 -- 3107904 01090449305 -- 3107905 01025822921 -- 3107906 01099305802 -- 3107907 01088709476 -- 3107908 01029486029 -- 3107909 01089550045 -- 3107910 01040072088 -- 3107911 01084413000 -- 3107912 01090919811 -- 3107913 01063624802 -- 3107914 01051908890 -- 3107915 01063442658 -- 3107916 01062585425 -- 3107917 01066108164 -- 3107918 01023820582 -- 3107919 01047440100 -- 3107920 01099983715 -- 3107921 01032627534 -- 3107922 01085250212 -- 3107923 01028327161 -- 3107924 01089853574 -- 3107925 01071884204 -- 3107926 01053885985 -- 3107927 01086314114 -- 3107928 01025839599 -- 3107929 01054145128 -- 3107930 01087512991 -- 3107931 01058369318 -- 3107932 01075970656 -- 3107933 01054691828 -- 3107934 01030658164 -- 3107935 01023866074 -- 3107936 01081851085 -- 3107937 01044092225 -- 3107938 01073621715 -- 3107939 01032034634 -- 3107940 01094920122 -- 3107941 01035102076 -- 3107942 01043055088 -- 3107943 01041034080 -- 3107944 01055648540 -- 3107945 01084857840 -- 3107946 01046056227 -- 3107947 01093626805 -- 3107948 01035202480 -- 3107949 01066909834 -- 3107950 01091477152 -- 3107951 01086151037 -- 3107952 01043116359 -- 3107953 01035208378 -- 3107954 01023684895 -- 3107955 01077233161 -- 3107956 01096777325 -- 3107957 01077958087 -- 3107958 01049282796 -- 3107959 01032720989 -- 3107960 01038236738 -- 3107961 01091350638 -- 3107962 01076657952 -- 3107963 01076021122 -- 3107964 01025819094 -- 3107965 01090606815 -- 3107966 01025381304 -- 3107967 01024568888 -- 3107968 01044564436 -- 3107969 01089334297 -- 3107970 01099630157 -- 3107971 01084862825 -- 3107972 01023054092 -- 3107973 01025017195 -- 3107974 01092349512 -- 3107975 01085799305 -- 3107976 01027137503 -- 3107977 01022619132 -- 3107978 01034461396 -- 3107979 01057729182 -- 3107980 01029146096 -- 3107981 01045289126 -- 3107982 01029938320 -- 3107983 01025787584 -- 3107984 01028250112 -- 3107985 01083970192 -- 3107986 01090019235 -- 3107987 01092165126 -- 3107988 01056979638 -- 3107989 01088987263 -- 3107990 01052206332 -- 3107991 01089021506 -- 3107992 01034688843 -- 3107993 01025655404 -- 3107994 01097713688 -- 3107995 01047830619 -- 3107996 01035121057 -- 3107997 01087048288 -- 3107998 01093788481 -- 3107999 01054099303 -- 3108000 01033972369 -- 3108001 01087692979 -- 3108002 01021225089 -- 3108003 01042388189 -- 3108004 01084637779 -- 3108005 01028882528 -- 3108006 01055210995 -- 3108007 01045739075 -- 3108008 01047428589 -- 3108009 01094848016 -- 3108010 01027799335 -- 3108011 01043256321 -- 3108012 01025706902 -- 3108013 01051493879 -- 3108014 01022988970 -- 3108015 01054500622 -- 3108016 01041375789 -- 3108017 01063990887 -- 3108018 01036435392 -- 3108019 01054076652 -- 3108020 01023970315 -- 3108021 01028808605 -- 3108022 01045139714 -- 3108023 01042373665 -- 3108024 01068523587 -- 3108025 01068117501 -- 3108026 01091323462 -- 3108027 01055893949 -- 3108028 01049726470 -- 3108029 01028123266 -- 3108030 01045513315 -- 3108031 01027997799 -- 3108032 01089630640 -- 3108033 01054969174 -- 3108034 01041352130 -- 3108035 01083138877 -- 3108036 01057642217 -- 3108037 01074079212 -- 3108038 01027773525 -- 3108039 01033912044 -- 3108040 01053116649 -- 3108041 01086369429 -- 3108042 01096048604 -- 3108043 01027571542 -- 3108044 01047303599 -- 3108045 01039158018 -- 3108046 01052906157 -- 3108047 01028027476 -- 3108048 01034337439 -- 3108049 01042761570 -- 3108050 01095290938 -- 3108051 01055423745 -- 3108052 01028557650 -- 3108053 01053041688 -- 3108054 01040700202 -- 3108055 01024727203 -- 3108056 01057905463 -- 3108057 01062786450 -- 3108058 01099313117 -- 3108059 01040187776 -- 3108060 01027787557 -- 3108061 01089204854 -- 3108062 01066651862 -- 3108063 01021020978 -- 3108064 01098803653 -- 3108065 01042695200 -- 3108066 01087162509 -- 3108067 01087364460 -- 3108068 01065203794 -- 3108069 01096800874 -- 3108070 01087350259 -- 3108071 01054300038 -- 3108072 01037462659 -- 3108073 01099675356 -- 3108074 01043854371 -- 3108075 01072258476 -- 3108076 01036641211 -- 3108077 01031770250 -- 3108078 01093990386 -- 3108079 01056483112 -- 3108080 01035674295 -- 3108081 01089827320 -- 3108082 01023635295 -- 3108083 01022542509 -- 3108084 01032373258 -- 3108085 01039805463 -- 3108086 01025961001 -- 3108087 01051391737 -- 3108088 01033672340 -- 3108089 01026324415 -- 3108090 01088049578 -- 3108091 01074743084 -- 3108092 01031442535 -- 3108093 01099669600 -- 3108094 01039322243 -- 3108095 01064679762 -- 3108096 01068750929 -- 3108097 01024375210 -- 3108098 01062925621 -- 3108099 01073550219 -- 3108100 01063571889 -- 3108101 01093638288 -- 3108102 01097445368 -- 3108103 01088673215 -- 3108104 01042067414 -- 3108105 01041833462 -- 3108106 01068255510 -- 3108107 01024988765 -- 3108108 01023376520 -- 3108109 01051505134 -- 3108110 01033574706 -- 3108111 01045719698 -- 3108112 01085617474 -- 3108113 01062887276 -- 3108114 01023187244 -- 3108115 01094545621 -- 3108116 01094259414 -- 3108117 01031070185 -- 3108118 01053000348 -- 3108119 01091348432 -- 3108120 01056013266 -- 3108121 01082402077 -- 3108122 01087650610 -- 3108123 01027101386 -- 3108124 01022715862 -- 3108125 01032809295 -- 3108126 01044879879 -- 3108127 01083020559 -- 3108128 01021762036 -- 3108129 01096670997 -- 3108130 01083122081 -- 3108131 01045224371 -- 3108132 01024904443 -- 3108133 01068475560 -- 3108134 01086505892 -- 3108135 01066935621 -- 3108136 01083326066 -- 3108137 01030998284 -- 3108138 01096018531 -- 3108139 01080142335 -- 3108140 01029670755 -- 3108141 01046170852 -- 3108142 01047269700 -- 3108143 01052866394 -- 3108144 01023620311 -- 3108145 01035734223 -- 3108146 01047947329 -- 3108147 01099562500 -- 3108148 01022864746 -- 3108149 01041333080 -- 3108150 01091412819 -- 3108151 01030227413 -- 3108152 01094045733 -- 3108153 01034185354 -- 3108154 01024811200 -- 3108155 01026682048 -- 3108156 01023378788 -- 3108157 01047034590 -- 3108158 01043210974 -- 3108159 01094568404 -- 3108160 01042521915 -- 3108161 01034008792 -- 3108162 01083252396 -- 3108163 01098890488 -- 3108164 01025919018 -- 3108165 01022210415 -- 3108166 01065607135 -- 3108167 01041950631 -- 3108168 01097706260 -- 3108169 01055155153 -- 3108170 01054248463 -- 3108171 01023139786 -- 3108172 01051905575 -- 3108173 01094151896 -- 3108174 01065042304 -- 3108175 01086095231 -- 3108176 01035127467 -- 3108177 01032790929 -- 3108178 01020121219 -- 3108179 01025225354 -- 3108180 01046283805 -- 3108181 01020091678 -- 3108182 01054913305 -- 3108183 01029631262 -- 3108184 01062345410 -- 3108185 01063673137 -- 3108186 01039037047 -- 3108187 01095633266 -- 3108188 01022889796 -- 3108189 01065196996 -- 3108190 01087426059 -- 3108191 01044649198 -- 3108192 01068058683 -- 3108193 01085792779 -- 3108194 01075620917 -- 3108195 01027838087 -- 3108196 01050185287 -- 3108197 01030870359 -- 3108198 01092624545 -- 3108199 01090053771 -- 3108200 01083801663 -- 3108201 01041444658 -- 3108202 01051061248 -- 3108203 01034708482 -- 3108204 01063602648 -- 3108205 01050804347 -- 3108206 01047045067 -- 3108207 01047339337 -- 3108208 01054225942 -- 3108209 01093363908 -- 3108210 01051151065 -- 3108211 01056278166 -- 3108212 01094862825 -- 3108213 01020469568 -- 3108214 01050998610 -- 3108215 01040585435 -- 3108216 01044452304 -- 3108217 01054474371 -- 3108218 01080282963 -- 3108219 01026042823 -- 3108220 01062266691 -- 3108221 01094650618 -- 3108222 01044323663 -- 3108223 01035331835 -- 3108224 01099840755 -- 3108225 01083244496 -- 3108226 01090227821 -- 3108227 01073767190 -- 3108228 01027256329 -- 3108229 01086217981 -- 3108230 01026419303 -- 3108231 01027978166 -- 3108232 01025933461 -- 3108233 01072334588 -- 3108234 01066977881 -- 3108235 01088127855 -- 3108236 01089503805 -- 3108237 01089261174 -- 3108238 01037259232 -- 3108239 01043359639 -- 3108240 01084189654 -- 3108241 01055875696 -- 3108242 01022932078 -- 3108243 01033709470 -- 3108244 01020654940 -- 3108245 01037506140 -- 3108246 01034307549 -- 3108247 01075460014 -- 3108248 01059335739 -- 3108249 01090546780 -- 3108250 01096025700 -- 3108251 01051834262 -- 3108252 01093641054 -- 3108253 01043691761 -- 3108254 01093534183 -- 3108255 01083364701 -- 3108256 01063287407 -- 3108257 01083540638 -- 3108258 01062160638 -- 3108259 01032851333 -- 3108260 01063004392 -- 3108261 01089325845 -- 3108262 01037273581 -- 3108263 01092710236 -- 3108264 01053879232 -- 3108265 01030028136 -- 3108266 01036901882 -- 3108267 01077131745 -- 3108268 01093090693 -- 3108269 01045894204 -- 3108270 01053162585 -- 3108271 01072742904 -- 3108272 01047841223 -- 3108273 01046282174 -- 3108274 01025758671 -- 3108275 01022210755 -- 3108276 01071759336 -- 
END   2022-07-05 15:50:04 --------------------------


START 2022-07-05 16:00:01 --------------------------
live
총 385 개 데이타 이동
데이타 이동 시작 *****
3108277 01074119954 -- 3108278 01093654800 -- 3108279 01093474992 -- 3108280 01090661005 -- 3108281 01034331545 -- 3108282 01045494089 -- 3108283 01093414262 -- 3108284 01020437387 -- 3108285 01095161304 -- 3108286 01054437171 -- 3108287 01028174058 -- 3108288 01094964330 -- 3108289 01073121901 -- 3108290 01055181938 -- 3108291 01044901962 -- 3108292 01034687707 -- 3108293 01041220436 -- 3108294 01050597443 -- 3108295 01032075660 -- 3108296 01041068053 -- 3108297 01027874654 -- 3108298 01087860890 -- 3108299 01055689281 -- 3108300 01076385066 -- 3108301 01053493305 -- 3108302 01054918182 -- 3108303 01041324020 -- 3108304 01065230787 -- 3108305 01067837877 -- 3108306 01066362892 -- 3108307 01045073888 -- 3108308 01086425892 -- 3108309 01091226861 -- 3108310 01056246783 -- 3108311 01021235310 -- 3108312 01042525021 -- 3108313 01025628526 -- 3108314 01062498195 -- 3108315 01092900411 -- 3108316 01056140428 -- 3108317 01091447778 -- 3108318 01048716457 -- 3108319 01056050509 -- 3108320 01026684196 -- 3108321 01046967927 -- 3108322 01090876385 -- 3108323 01055282947 -- 3108324 01022945466 -- 3108325 01028553925 -- 3108326 01092509504 -- 3108327 01093867172 -- 3108328 01090577511 -- 3108329 01022657795 -- 3108330 01088320080 -- 3108331 01091340552 -- 3108332 01049077876 -- 3108333 01031996406 -- 3108334 01022347885 -- 3108335 01052194789 -- 3108336 01057333333 -- 3108337 01052940580 -- 3108338 01039096091 -- 3108339 01038285532 -- 3108340 01071383930 -- 3108341 01074521233 -- 3108342 01044216187 -- 3108343 01090683044 -- 3108344 01090617472 -- 3108345 01021200925 -- 3108346 01088531571 -- 3108347 01028189242 -- 3108348 01030908969 -- 3108349 01045203700 -- 3108350 01096822380 -- 3108351 01093216562 -- 3108352 01062389863 -- 3108353 01056446916 -- 3108354 01022810314 -- 3108355 01086192778 -- 3108356 01034520874 -- 3108357 01042077414 -- 3108358 01045960896 -- 3108359 01092447387 -- 3108360 01093155373 -- 3108361 01062471127 -- 3108362 01072210359 -- 3108363 01085424473 -- 3108364 01022621389 -- 3108365 01055003148 -- 3108366 01027125800 -- 3108367 01062654092 -- 3108368 01044641864 -- 3108369 01092652159 -- 3108370 01067573149 -- 3108371 01088965210 -- 3108372 01056470098 -- 3108373 01023557912 -- 3108374 01043518584 -- 3108375 01086028404 -- 3108376 01044950424 -- 3108377 01089080903 -- 3108378 01046322021 -- 3108379 01033875689 -- 3108380 01094591086 -- 3108381 01035935827 -- 3108382 01063583990 -- 3108383 01096697317 -- 3108384 01050315370 -- 3108385 01024385210 -- 3108386 01046432974 -- 3108387 01029024088 -- 3108388 01022783635 -- 3108389 01089350355 -- 3108390 01024492822 -- 3108391 01047205891 -- 3108392 01072341608 -- 3108393 01083638488 -- 3108394 01048207935 -- 3108395 01029783133 -- 3108396 01042000264 -- 3108397 01020667912 -- 3108398 01042211466 -- 3108399 01033212058 -- 3108400 01032754498 -- 3108401 01023577720 -- 3108402 01087168268 -- 3108403 01097393095 -- 3108404 01057663103 -- 3108405 01050974882 -- 3108406 01087118907 -- 3108407 01033235579 -- 3108408 01025947606 -- 3108409 01035289425 -- 3108410 01027391248 -- 3108411 01086078183 -- 3108412 01030525090 -- 3108413 01022673935 -- 3108414 01035932373 -- 3108415 01033148053 -- 3108416 01075727519 -- 3108417 01048572879 -- 3108418 01083775694 -- 3108419 01092030690 -- 3108420 01066014010 -- 3108421 01062220403 -- 3108422 01096950717 -- 3108423 01083682381 -- 3108424 01052414305 -- 3108425 01034608404 -- 3108426 01049314200 -- 3108427 01073031027 -- 3108428 01055447896 -- 3108429 01067478183 -- 3108430 01066014624 -- 3108431 01056518597 -- 3108432 01045848128 -- 3108433 01032151549 -- 3108434 01042703665 -- 3108435 01038634983 -- 3108436 01096179212 -- 3108437 01099599705 -- 3108438 01022612509 -- 3108439 01028075348 -- 3108440 01049206007 -- 3108441 01075380509 -- 3108442 01094227007 -- 3108443 01094626738 -- 3108444 01085560961 -- 3108445 01056787050 -- 3108446 01057670199 -- 3108447 01082223613 -- 3108448 01040403182 -- 3108449 01033786296 -- 3108450 01035848584 -- 3108451 01056184802 -- 3108452 01063654224 -- 3108453 01071021420 -- 3108454 01073304532 -- 3108455 01028292284 -- 3108456 01077779543 -- 3108457 01030528425 -- 3108458 01088495772 -- 3108459 01054601736 -- 3108460 01077574756 -- 3108461 01023551611 -- 3108462 01032954241 -- 3108463 01040567636 -- 3108464 01042057414 -- 3108465 01031851404 -- 3108466 01031872731 -- 3108467 01097803455 -- 3108468 01075223024 -- 3108469 01032252044 -- 3108470 01026351435 -- 3108471 01025402026 -- 3108472 01092218085 -- 3108473 01020106447 -- 3108474 01089355042 -- 3108475 01092262284 -- 3108476 01024780196 -- 3108477 01066013121 -- 3108478 01080806634 -- 3108479 01095085594 -- 3108480 01098823882 -- 3108481 01041233509 -- 3108482 01097523261 -- 3108483 01029558574 -- 3108484 01047078352 -- 3108485 01045407143 -- 3108486 01090409624 -- 3108487 01089966776 -- 3108488 01032595971 -- 3108489 01089172924 -- 3108490 01088215370 -- 3108491 01056433626 -- 3108492 01026188223 -- 3108493 01089704980 -- 3108494 01091011469 -- 3108495 01091979434 -- 3108496 01037398881 -- 3108497 01064377199 -- 3108498 01074402954 -- 3108499 01020418268 -- 3108500 01091792960 -- 3108501 01088903430 -- 3108502 01063725368 -- 3108503 01093883634 -- 3108504 01063284839 -- 3108505 01056831689 -- 3108506 01042212887 -- 3108507 01023626155 -- 3108508 01087894932 -- 3108509 01087298539 -- 3108510 01028037476 -- 3108511 01066365527 -- 3108512 01031674732 -- 3108513 01026174665 -- 3108514 01031047401 -- 3108515 01051202887 -- 3108516 01072261030 -- 3108517 01020021543 -- 3108518 01047688113 -- 3108519 01041809484 -- 3108520 01093680255 -- 3108521 01066867256 -- 3108522 01032175051 -- 3108523 01055781514 -- 3108524 01055826457 -- 3108525 01026935368 -- 3108526 01092767871 -- 3108527 01065927747 -- 3108528 01065617749 -- 3108529 01082552329 -- 3108530 01043797237 -- 3108531 01025075825 -- 3108532 01049426394 -- 3108533 01057451130 -- 3108534 01034212921 -- 3108535 01044184204 -- 3108536 01050806988 -- 3108537 01055269856 -- 3108538 01071517753 -- 3108539 01026987866 -- 3108540 01093364565 -- 3108541 01023017446 -- 3108542 01029405124 -- 3108543 01076341224 -- 3108544 01032688584 -- 3108545 01075820195 -- 3108546 01099759144 -- 3108547 01030242551 -- 3108548 01085758572 -- 3108549 01093242442 -- 3108550 01025878518 -- 3108551 01021262380 -- 3108552 01031471205 -- 3108553 01022786456 -- 3108554 01045577524 -- 3108555 01095450680 -- 3108556 01093160364 -- 3108557 01035583972 -- 3108558 01040075403 -- 3108559 01025556691 -- 3108560 01034519597 -- 3108561 01023993530 -- 3108562 01075679210 -- 3108563 01022492977 -- 3108564 01085881834 -- 3108565 01088592943 -- 3108566 01047011720 -- 3108567 01041142980 -- 3108568 01095728704 -- 3108569 01045278102 -- 3108570 01053929134 -- 3108571 01029500864 -- 3108572 01034347966 -- 3108573 01050981100 -- 3108574 01037496322 -- 3108575 01089888202 -- 3108576 01098079920 -- 3108577 01047669084 -- 3108578 01075590739 -- 3108579 01088790591 -- 3108580 01096249879 -- 3108581 01032147886 -- 3108582 01090838172 -- 3108583 01046101285 -- 3108584 01055407522 -- 3108585 01092745957 -- 3108586 01085237531 -- 3108587 01023613230 -- 3108588 01072847779 -- 3108589 01023178270 -- 3108590 01076669831 -- 3108591 01068990302 -- 3108592 01058500582 -- 3108593 01084675870 -- 3108594 01029238915 -- 3108595 01055765687 -- 3108596 01027455687 -- 3108597 01087527754 -- 3108598 01032849691 -- 3108599 01029071565 -- 3108600 01034434244 -- 3108601 01056052249 -- 3108602 01090088090 -- 3108603 01027647456 -- 3108604 01074121719 -- 3108605 01029090143 -- 3108606 01098389056 -- 3108607 01020117120 -- 3108608 01042177188 -- 3108609 01045116445 -- 3108610 01040718867 -- 3108611 01020275966 -- 3108612 01049229137 -- 3108613 01087134836 -- 3108614 01055115551 -- 3108615 01071355278 -- 3108616 01025003061 -- 3108617 01026423571 -- 3108618 01089167950 -- 3108619 01067230604 -- 3108620 01075690304 -- 3108621 01047847611 -- 3108622 01073309633 -- 3108623 01050451201 -- 3108624 01082645332 -- 3108625 01039415332 -- 3108626 01066025332 -- 3108627 01051544288 -- 3108628 01039471196 -- 3108629 01030000949 -- 3108630 01023301554 -- 3108631 01066202639 -- 3108632 01022653254 -- 3108633 01072370696 -- 3108634 01025783682 -- 3108635 01073773655 -- 3108636 01064125260 -- 3108637 01068482436 -- 3108638 01090088699 -- 3108639 01020389627 -- 3108640 01089621534 -- 3108641 01087256000 -- 3108642 01064337180 -- 3108643 01095620039 -- 3108644 01076750528 -- 3108645 01096002006 -- 3108646 01071667532 -- 3108647 01045559122 -- 3108648 01056601359 -- 3108649 01071941589 -- 3108650 01068781339 -- 3108651 01099867456 -- 3108652 01053307870 -- 3108653 01034853662 -- 3108654 01026387945 -- 3108655 01081208184 -- 3108656 01043189876 -- 3108657 01065164058 -- 3108658 01094800107 -- 3108659 01045052001 -- 3108660 01066634217 -- 3108661 01045898241 -- 
END   2022-07-05 16:00:03 --------------------------


START 2022-07-05 16:10:01 --------------------------
live
총 0 개 데이타 이동
END   2022-07-05 16:10:01 --------------------------


START 2022-07-05 16:20:01 --------------------------
live
총 0 개 데이타 이동
END   2022-07-05 16:20:01 --------------------------


START 2022-07-05 16:30:01 --------------------------
live
총 0 개 데이타 이동
END   2022-07-05 16:30:01 --------------------------


START 2022-07-05 16:40:01 --------------------------
live
총 0 개 데이타 이동
END   2022-07-05 16:40:01 --------------------------


START 2022-07-05 16:50:01 --------------------------
live
총 0 개 데이타 이동
END   2022-07-05 16:50:01 --------------------------


START 2022-07-05 17:00:02 --------------------------
live
총 0 개 데이타 이동
END   2022-07-05 17:00:02 --------------------------


START 2022-07-05 17:10:01 --------------------------
live
총 0 개 데이타 이동
END   2022-07-05 17:10:01 --------------------------


START 2022-07-05 17:20:01 --------------------------
live
총 0 개 데이타 이동
END   2022-07-05 17:20:01 --------------------------


START 2022-07-05 17:30:01 --------------------------
live
총 0 개 데이타 이동
END   2022-07-05 17:30:01 --------------------------


START 2022-07-05 17:40:01 --------------------------
live
총 0 개 데이타 이동
END   2022-07-05 17:40:01 --------------------------


START 2022-07-05 17:50:01 --------------------------
live
총 0 개 데이타 이동
END   2022-07-05 17:50:01 --------------------------


START 2022-07-05 18:00:01 --------------------------
live
총 0 개 데이타 이동
END   2022-07-05 18:00:01 --------------------------


START 2022-07-05 18:10:01 --------------------------
live
총 0 개 데이타 이동
END   2022-07-05 18:10:01 --------------------------


START 2022-07-05 18:20:01 --------------------------
live
총 0 개 데이타 이동
END   2022-07-05 18:20:01 --------------------------


START 2022-07-05 18:30:01 --------------------------
live
총 0 개 데이타 이동
END   2022-07-05 18:30:01 --------------------------


START 2022-07-05 18:40:01 --------------------------
live
총 0 개 데이타 이동
END   2022-07-05 18:40:01 --------------------------


START 2022-07-05 18:50:02 --------------------------
live
총 0 개 데이타 이동
END   2022-07-05 18:50:02 --------------------------


START 2022-07-05 19:00:01 --------------------------
live
총 0 개 데이타 이동
END   2022-07-05 19:00:01 --------------------------


START 2022-07-05 19:10:01 --------------------------
live
총 0 개 데이타 이동
END   2022-07-05 19:10:01 --------------------------


START 2022-07-05 19:20:01 --------------------------
live
총 0 개 데이타 이동
END   2022-07-05 19:20:01 --------------------------


START 2022-07-05 19:30:01 --------------------------
live
총 0 개 데이타 이동
END   2022-07-05 19:30:01 --------------------------


START 2022-07-05 19:40:01 --------------------------
live
총 0 개 데이타 이동
END   2022-07-05 19:40:01 --------------------------


START 2022-07-05 19:50:01 --------------------------
live
총 0 개 데이타 이동
END   2022-07-05 19:50:01 --------------------------


START 2022-07-05 20:00:01 --------------------------
live
총 0 개 데이타 이동
END   2022-07-05 20:00:01 --------------------------


START 2022-07-05 20:10:01 --------------------------
live
총 0 개 데이타 이동
END   2022-07-05 20:10:01 --------------------------


START 2022-07-05 20:20:01 --------------------------
live
총 0 개 데이타 이동
END   2022-07-05 20:20:01 --------------------------


START 2022-07-05 20:30:01 --------------------------
live
총 0 개 데이타 이동
END   2022-07-05 20:30:01 --------------------------


START 2022-07-05 20:40:01 --------------------------
live
총 0 개 데이타 이동
END   2022-07-05 20:40:01 --------------------------


START 2022-07-05 20:50:01 --------------------------
live
총 0 개 데이타 이동
END   2022-07-05 20:50:01 --------------------------


START 2022-07-05 21:00:01 --------------------------
live
총 0 개 데이타 이동
END   2022-07-05 21:00:01 --------------------------


START 2022-07-05 21:10:01 --------------------------
live
총 0 개 데이타 이동
END   2022-07-05 21:10:01 --------------------------


START 2022-07-05 21:20:01 --------------------------
live
총 0 개 데이타 이동
END   2022-07-05 21:20:01 --------------------------


START 2022-07-05 21:30:01 --------------------------
live
총 0 개 데이타 이동
END   2022-07-05 21:30:01 --------------------------


START 2022-07-05 21:40:01 --------------------------
live
총 0 개 데이타 이동
END   2022-07-05 21:40:01 --------------------------


START 2022-07-05 21:50:01 --------------------------
live
총 0 개 데이타 이동
END   2022-07-05 21:50:01 --------------------------


START 2022-07-05 22:00:01 --------------------------
live
총 0 개 데이타 이동
END   2022-07-05 22:00:01 --------------------------


START 2022-07-05 22:10:01 --------------------------
live
총 0 개 데이타 이동
END   2022-07-05 22:10:01 --------------------------


START 2022-07-05 22:20:01 --------------------------
live
총 0 개 데이타 이동
END   2022-07-05 22:20:01 --------------------------


START 2022-07-05 22:30:01 --------------------------
live
총 0 개 데이타 이동
END   2022-07-05 22:30:01 --------------------------


START 2022-07-05 22:40:01 --------------------------
live
총 0 개 데이타 이동
END   2022-07-05 22:40:01 --------------------------


START 2022-07-05 22:50:01 --------------------------
live
총 0 개 데이타 이동
END   2022-07-05 22:50:01 --------------------------


START 2022-07-05 23:00:01 --------------------------
live
총 0 개 데이타 이동
END   2022-07-05 23:00:01 --------------------------


START 2022-07-05 23:10:01 --------------------------
live
총 0 개 데이타 이동
END   2022-07-05 23:10:01 --------------------------


START 2022-07-05 23:20:01 --------------------------
live
총 0 개 데이타 이동
END   2022-07-05 23:20:01 --------------------------


START 2022-07-05 23:30:01 --------------------------
live
총 0 개 데이타 이동
END   2022-07-05 23:30:01 --------------------------


START 2022-07-05 23:40:01 --------------------------
live
총 0 개 데이타 이동
END   2022-07-05 23:40:01 --------------------------


START 2022-07-05 23:50:01 --------------------------
live
총 0 개 데이타 이동
END   2022-07-05 23:50:01 --------------------------


