START 2022-04-14 00:00:01 --------------------------
live
총 0 개 데이타 이동
END   2022-04-14 00:00:01 --------------------------


START 2022-04-14 00:10:01 --------------------------
live
총 0 개 데이타 이동
END   2022-04-14 00:10:01 --------------------------


START 2022-04-14 00:20:01 --------------------------
live
총 0 개 데이타 이동
END   2022-04-14 00:20:01 --------------------------


START 2022-04-14 00:30:01 --------------------------
live
총 0 개 데이타 이동
END   2022-04-14 00:30:01 --------------------------


START 2022-04-14 00:40:01 --------------------------
live
총 0 개 데이타 이동
END   2022-04-14 00:40:01 --------------------------


START 2022-04-14 00:50:02 --------------------------
live
총 0 개 데이타 이동
END   2022-04-14 00:50:02 --------------------------


START 2022-04-14 01:00:02 --------------------------
live
총 0 개 데이타 이동
END   2022-04-14 01:00:02 --------------------------


START 2022-04-14 01:10:01 --------------------------
live
총 0 개 데이타 이동
END   2022-04-14 01:10:01 --------------------------


START 2022-04-14 01:20:01 --------------------------
live
총 0 개 데이타 이동
END   2022-04-14 01:20:01 --------------------------


START 2022-04-14 01:30:01 --------------------------
live
총 0 개 데이타 이동
END   2022-04-14 01:30:01 --------------------------


START 2022-04-14 01:40:02 --------------------------
live
총 0 개 데이타 이동
END   2022-04-14 01:40:02 --------------------------


START 2022-04-14 01:50:01 --------------------------
live
총 0 개 데이타 이동
END   2022-04-14 01:50:01 --------------------------


START 2022-04-14 02:00:01 --------------------------
live
총 0 개 데이타 이동
END   2022-04-14 02:00:01 --------------------------


START 2022-04-14 02:10:01 --------------------------
live
총 0 개 데이타 이동
END   2022-04-14 02:10:01 --------------------------


START 2022-04-14 02:20:02 --------------------------
live
총 0 개 데이타 이동
END   2022-04-14 02:20:02 --------------------------


START 2022-04-14 02:30:01 --------------------------
live
총 0 개 데이타 이동
END   2022-04-14 02:30:01 --------------------------


START 2022-04-14 02:40:01 --------------------------
live
총 0 개 데이타 이동
END   2022-04-14 02:40:01 --------------------------


START 2022-04-14 02:50:01 --------------------------
live
총 0 개 데이타 이동
END   2022-04-14 02:50:01 --------------------------


START 2022-04-14 03:00:02 --------------------------
live
총 0 개 데이타 이동
END   2022-04-14 03:00:02 --------------------------


START 2022-04-14 03:10:01 --------------------------
live
총 0 개 데이타 이동
END   2022-04-14 03:10:01 --------------------------


START 2022-04-14 03:20:02 --------------------------
live
총 0 개 데이타 이동
END   2022-04-14 03:20:02 --------------------------


START 2022-04-14 03:30:02 --------------------------
live
총 0 개 데이타 이동
END   2022-04-14 03:30:02 --------------------------


START 2022-04-14 03:40:01 --------------------------
live
총 0 개 데이타 이동
END   2022-04-14 03:40:01 --------------------------


START 2022-04-14 03:50:02 --------------------------
live
총 0 개 데이타 이동
END   2022-04-14 03:50:02 --------------------------


START 2022-04-14 04:00:02 --------------------------
live
총 0 개 데이타 이동
END   2022-04-14 04:00:02 --------------------------


START 2022-04-14 04:10:02 --------------------------
live
총 0 개 데이타 이동
END   2022-04-14 04:10:02 --------------------------


START 2022-04-14 04:20:02 --------------------------
live
총 0 개 데이타 이동
END   2022-04-14 04:20:02 --------------------------


START 2022-04-14 04:30:01 --------------------------
live
총 0 개 데이타 이동
END   2022-04-14 04:30:01 --------------------------


START 2022-04-14 04:40:01 --------------------------
live
총 0 개 데이타 이동
END   2022-04-14 04:40:01 --------------------------


START 2022-04-14 04:50:01 --------------------------
live
총 0 개 데이타 이동
END   2022-04-14 04:50:01 --------------------------


START 2022-04-14 05:00:01 --------------------------
live
총 0 개 데이타 이동
END   2022-04-14 05:00:01 --------------------------


START 2022-04-14 05:10:01 --------------------------
live
총 0 개 데이타 이동
END   2022-04-14 05:10:01 --------------------------


START 2022-04-14 05:20:01 --------------------------
live
총 0 개 데이타 이동
END   2022-04-14 05:20:01 --------------------------


START 2022-04-14 05:30:02 --------------------------
live
총 0 개 데이타 이동
END   2022-04-14 05:30:02 --------------------------


START 2022-04-14 05:40:02 --------------------------
live
총 0 개 데이타 이동
END   2022-04-14 05:40:02 --------------------------


START 2022-04-14 05:50:02 --------------------------
live
총 0 개 데이타 이동
END   2022-04-14 05:50:02 --------------------------


START 2022-04-14 06:00:01 --------------------------
live
총 0 개 데이타 이동
END   2022-04-14 06:00:01 --------------------------


START 2022-04-14 06:10:01 --------------------------
live
총 0 개 데이타 이동
END   2022-04-14 06:10:01 --------------------------


START 2022-04-14 06:20:01 --------------------------
live
총 0 개 데이타 이동
END   2022-04-14 06:20:01 --------------------------


START 2022-04-14 06:30:01 --------------------------
live
총 0 개 데이타 이동
END   2022-04-14 06:30:01 --------------------------


START 2022-04-14 06:40:02 --------------------------
live
총 0 개 데이타 이동
END   2022-04-14 06:40:02 --------------------------


START 2022-04-14 06:50:01 --------------------------
live
총 0 개 데이타 이동
END   2022-04-14 06:50:02 --------------------------


START 2022-04-14 07:00:01 --------------------------
live
총 0 개 데이타 이동
END   2022-04-14 07:00:01 --------------------------


START 2022-04-14 07:10:01 --------------------------
live
총 0 개 데이타 이동
END   2022-04-14 07:10:01 --------------------------


START 2022-04-14 07:20:01 --------------------------
live
총 0 개 데이타 이동
END   2022-04-14 07:20:01 --------------------------


START 2022-04-14 07:30:01 --------------------------
live
총 0 개 데이타 이동
END   2022-04-14 07:30:01 --------------------------


START 2022-04-14 07:40:02 --------------------------
live
총 0 개 데이타 이동
END   2022-04-14 07:40:02 --------------------------


START 2022-04-14 07:50:02 --------------------------
live
총 0 개 데이타 이동
END   2022-04-14 07:50:02 --------------------------


START 2022-04-14 08:00:02 --------------------------
live
총 0 개 데이타 이동
END   2022-04-14 08:00:02 --------------------------


START 2022-04-14 08:10:01 --------------------------
live
총 0 개 데이타 이동
END   2022-04-14 08:10:01 --------------------------


START 2022-04-14 08:20:01 --------------------------
live
총 0 개 데이타 이동
END   2022-04-14 08:20:01 --------------------------


START 2022-04-14 08:30:01 --------------------------
live
총 0 개 데이타 이동
END   2022-04-14 08:30:01 --------------------------


START 2022-04-14 08:40:01 --------------------------
live
총 0 개 데이타 이동
END   2022-04-14 08:40:01 --------------------------


START 2022-04-14 08:50:01 --------------------------
live
총 0 개 데이타 이동
END   2022-04-14 08:50:01 --------------------------


START 2022-04-14 09:00:02 --------------------------
live
총 0 개 데이타 이동
END   2022-04-14 09:00:02 --------------------------


START 2022-04-14 09:10:01 --------------------------
live
총 0 개 데이타 이동
END   2022-04-14 09:10:01 --------------------------


START 2022-04-14 09:20:01 --------------------------
live
총 0 개 데이타 이동
END   2022-04-14 09:20:01 --------------------------


START 2022-04-14 09:30:01 --------------------------
live
총 0 개 데이타 이동
END   2022-04-14 09:30:01 --------------------------


START 2022-04-14 09:40:01 --------------------------
live
총 0 개 데이타 이동
END   2022-04-14 09:40:01 --------------------------


START 2022-04-14 09:50:01 --------------------------
live
총 0 개 데이타 이동
END   2022-04-14 09:50:01 --------------------------


START 2022-04-14 10:00:01 --------------------------
live
총 0 개 데이타 이동
END   2022-04-14 10:00:01 --------------------------


START 2022-04-14 10:10:01 --------------------------
live
총 0 개 데이타 이동
END   2022-04-14 10:10:01 --------------------------


START 2022-04-14 10:20:02 --------------------------
live
총 0 개 데이타 이동
END   2022-04-14 10:20:02 --------------------------


START 2022-04-14 10:30:01 --------------------------
live
총 0 개 데이타 이동
END   2022-04-14 10:30:01 --------------------------


START 2022-04-14 10:40:01 --------------------------
live
총 0 개 데이타 이동
END   2022-04-14 10:40:01 --------------------------


START 2022-04-14 10:50:02 --------------------------
live
총 0 개 데이타 이동
END   2022-04-14 10:50:02 --------------------------


START 2022-04-14 11:00:02 --------------------------
live
총 0 개 데이타 이동
END   2022-04-14 11:00:02 --------------------------


START 2022-04-14 11:10:02 --------------------------
live
총 0 개 데이타 이동
END   2022-04-14 11:10:02 --------------------------


START 2022-04-14 11:20:01 --------------------------
live
총 0 개 데이타 이동
END   2022-04-14 11:20:01 --------------------------


START 2022-04-14 11:30:01 --------------------------
live
총 0 개 데이타 이동
END   2022-04-14 11:30:01 --------------------------


START 2022-04-14 11:40:01 --------------------------
live
총 2 개 데이타 이동
데이타 이동 시작 *****
3105442 01024568888 -- 3105443 01088944740 -- 
END   2022-04-14 11:40:01 --------------------------


START 2022-04-14 11:50:02 --------------------------
live
총 0 개 데이타 이동
END   2022-04-14 11:50:02 --------------------------


START 2022-04-14 12:00:01 --------------------------
live
총 0 개 데이타 이동
END   2022-04-14 12:00:01 --------------------------


START 2022-04-14 12:10:01 --------------------------
live
총 0 개 데이타 이동
END   2022-04-14 12:10:01 --------------------------


START 2022-04-14 12:20:02 --------------------------
live
총 0 개 데이타 이동
END   2022-04-14 12:20:02 --------------------------


START 2022-04-14 12:30:01 --------------------------
live
총 0 개 데이타 이동
END   2022-04-14 12:30:01 --------------------------


START 2022-04-14 12:40:01 --------------------------
live
총 0 개 데이타 이동
END   2022-04-14 12:40:01 --------------------------


START 2022-04-14 12:50:01 --------------------------
live
총 0 개 데이타 이동
END   2022-04-14 12:50:01 --------------------------


START 2022-04-14 13:00:01 --------------------------
live
총 0 개 데이타 이동
END   2022-04-14 13:00:01 --------------------------


START 2022-04-14 13:10:01 --------------------------
live
총 0 개 데이타 이동
END   2022-04-14 13:10:01 --------------------------


START 2022-04-14 13:20:01 --------------------------
live
총 0 개 데이타 이동
END   2022-04-14 13:20:01 --------------------------


START 2022-04-14 13:30:02 --------------------------
live
총 0 개 데이타 이동
END   2022-04-14 13:30:02 --------------------------


START 2022-04-14 13:40:02 --------------------------
live
총 0 개 데이타 이동
END   2022-04-14 13:40:02 --------------------------


START 2022-04-14 13:50:02 --------------------------
live
총 0 개 데이타 이동
END   2022-04-14 13:50:02 --------------------------


START 2022-04-14 14:00:01 --------------------------
live
총 0 개 데이타 이동
END   2022-04-14 14:00:01 --------------------------


START 2022-04-14 14:10:02 --------------------------
live
총 0 개 데이타 이동
END   2022-04-14 14:10:02 --------------------------


START 2022-04-14 14:20:01 --------------------------
live
총 0 개 데이타 이동
END   2022-04-14 14:20:01 --------------------------


START 2022-04-14 14:30:01 --------------------------
live
총 0 개 데이타 이동
END   2022-04-14 14:30:01 --------------------------


START 2022-04-14 14:40:02 --------------------------
live
총 0 개 데이타 이동
END   2022-04-14 14:40:02 --------------------------


START 2022-04-14 14:50:02 --------------------------
live
총 0 개 데이타 이동
END   2022-04-14 14:50:02 --------------------------


START 2022-04-14 15:00:02 --------------------------
live
총 0 개 데이타 이동
END   2022-04-14 15:00:02 --------------------------


START 2022-04-14 15:10:01 --------------------------
live
총 0 개 데이타 이동
END   2022-04-14 15:10:01 --------------------------


START 2022-04-14 15:20:01 --------------------------
live
총 0 개 데이타 이동
END   2022-04-14 15:20:01 --------------------------


START 2022-04-14 15:30:01 --------------------------
live
총 0 개 데이타 이동
END   2022-04-14 15:30:01 --------------------------


START 2022-04-14 15:40:01 --------------------------
live
총 0 개 데이타 이동
END   2022-04-14 15:40:01 --------------------------


START 2022-04-14 15:50:02 --------------------------
live
총 0 개 데이타 이동
END   2022-04-14 15:50:02 --------------------------


START 2022-04-14 16:00:02 --------------------------
live
총 0 개 데이타 이동
END   2022-04-14 16:00:02 --------------------------


START 2022-04-14 16:10:01 --------------------------
live
총 0 개 데이타 이동
END   2022-04-14 16:10:01 --------------------------


START 2022-04-14 16:20:02 --------------------------
live
총 0 개 데이타 이동
END   2022-04-14 16:20:02 --------------------------


START 2022-04-14 16:30:02 --------------------------
live
총 0 개 데이타 이동
END   2022-04-14 16:30:02 --------------------------


START 2022-04-14 16:40:01 --------------------------
live
총 0 개 데이타 이동
END   2022-04-14 16:40:01 --------------------------


START 2022-04-14 16:50:01 --------------------------
live
총 0 개 데이타 이동
END   2022-04-14 16:50:01 --------------------------


START 2022-04-14 17:00:01 --------------------------
live
총 0 개 데이타 이동
END   2022-04-14 17:00:01 --------------------------


START 2022-04-14 17:10:02 --------------------------
live
총 0 개 데이타 이동
END   2022-04-14 17:10:02 --------------------------


START 2022-04-14 17:20:02 --------------------------
live
총 0 개 데이타 이동
END   2022-04-14 17:20:02 --------------------------


START 2022-04-14 17:30:02 --------------------------
live
총 0 개 데이타 이동
END   2022-04-14 17:30:02 --------------------------


START 2022-04-14 17:40:01 --------------------------
live
총 0 개 데이타 이동
END   2022-04-14 17:40:01 --------------------------


START 2022-04-14 17:50:01 --------------------------
live
총 0 개 데이타 이동
END   2022-04-14 17:50:01 --------------------------


START 2022-04-14 18:00:01 --------------------------
live
총 0 개 데이타 이동
END   2022-04-14 18:00:01 --------------------------


START 2022-04-14 18:10:01 --------------------------
live
총 0 개 데이타 이동
END   2022-04-14 18:10:01 --------------------------


START 2022-04-14 18:20:02 --------------------------
live
총 0 개 데이타 이동
END   2022-04-14 18:20:02 --------------------------


START 2022-04-14 18:30:02 --------------------------
live
총 0 개 데이타 이동
END   2022-04-14 18:30:02 --------------------------


START 2022-04-14 18:40:01 --------------------------
live
총 0 개 데이타 이동
END   2022-04-14 18:40:02 --------------------------


START 2022-04-14 18:50:02 --------------------------
live
총 0 개 데이타 이동
END   2022-04-14 18:50:02 --------------------------


START 2022-04-14 19:00:02 --------------------------
live
총 0 개 데이타 이동
END   2022-04-14 19:00:02 --------------------------


START 2022-04-14 19:10:01 --------------------------
live
총 0 개 데이타 이동
END   2022-04-14 19:10:01 --------------------------


START 2022-04-14 19:20:01 --------------------------
live
총 0 개 데이타 이동
END   2022-04-14 19:20:01 --------------------------


START 2022-04-14 19:30:01 --------------------------
live
총 0 개 데이타 이동
END   2022-04-14 19:30:01 --------------------------


START 2022-04-14 19:40:01 --------------------------
live
총 0 개 데이타 이동
END   2022-04-14 19:40:01 --------------------------


START 2022-04-14 19:50:01 --------------------------
live
총 0 개 데이타 이동
END   2022-04-14 19:50:01 --------------------------


START 2022-04-14 20:00:01 --------------------------
live
총 0 개 데이타 이동
END   2022-04-14 20:00:01 --------------------------


START 2022-04-14 20:10:01 --------------------------
live
총 0 개 데이타 이동
END   2022-04-14 20:10:01 --------------------------


START 2022-04-14 20:20:01 --------------------------
live
총 0 개 데이타 이동
END   2022-04-14 20:20:01 --------------------------


START 2022-04-14 20:30:01 --------------------------
live
총 0 개 데이타 이동
END   2022-04-14 20:30:01 --------------------------


START 2022-04-14 20:40:01 --------------------------
live
총 0 개 데이타 이동
END   2022-04-14 20:40:01 --------------------------


START 2022-04-14 20:50:02 --------------------------
live
총 0 개 데이타 이동
END   2022-04-14 20:50:02 --------------------------


START 2022-04-14 21:00:02 --------------------------
live
총 0 개 데이타 이동
END   2022-04-14 21:00:02 --------------------------


START 2022-04-14 21:10:02 --------------------------
live
총 0 개 데이타 이동
END   2022-04-14 21:10:02 --------------------------


START 2022-04-14 21:20:02 --------------------------
live
총 0 개 데이타 이동
END   2022-04-14 21:20:02 --------------------------


START 2022-04-14 21:30:01 --------------------------
live
총 0 개 데이타 이동
END   2022-04-14 21:30:01 --------------------------


START 2022-04-14 21:40:02 --------------------------
live
총 0 개 데이타 이동
END   2022-04-14 21:40:02 --------------------------


START 2022-04-14 21:50:02 --------------------------
live
총 0 개 데이타 이동
END   2022-04-14 21:50:02 --------------------------


START 2022-04-14 22:00:02 --------------------------
live
총 0 개 데이타 이동
END   2022-04-14 22:00:02 --------------------------


START 2022-04-14 22:10:02 --------------------------
live
총 0 개 데이타 이동
END   2022-04-14 22:10:02 --------------------------


START 2022-04-14 22:20:02 --------------------------
live
총 0 개 데이타 이동
END   2022-04-14 22:20:02 --------------------------


START 2022-04-14 22:30:02 --------------------------
live
총 0 개 데이타 이동
END   2022-04-14 22:30:02 --------------------------


START 2022-04-14 22:40:02 --------------------------
live
총 0 개 데이타 이동
END   2022-04-14 22:40:02 --------------------------


START 2022-04-14 22:50:02 --------------------------
live
총 0 개 데이타 이동
END   2022-04-14 22:50:02 --------------------------


START 2022-04-14 23:00:01 --------------------------
live
총 0 개 데이타 이동
END   2022-04-14 23:00:01 --------------------------


START 2022-04-14 23:10:01 --------------------------
live
총 0 개 데이타 이동
END   2022-04-14 23:10:01 --------------------------


START 2022-04-14 23:20:01 --------------------------
live
총 0 개 데이타 이동
END   2022-04-14 23:20:01 --------------------------


START 2022-04-14 23:30:01 --------------------------
live
총 0 개 데이타 이동
END   2022-04-14 23:30:01 --------------------------


START 2022-04-14 23:40:01 --------------------------
live
총 0 개 데이타 이동
END   2022-04-14 23:40:01 --------------------------


START 2022-04-14 23:50:01 --------------------------
live
총 0 개 데이타 이동
END   2022-04-14 23:50:01 --------------------------


