START 2022-11-15 00:00:01 --------------------------
live
총 0 개 데이타 이동
END   2022-11-15 00:00:01 --------------------------


START 2022-11-15 00:10:01 --------------------------
live
총 0 개 데이타 이동
END   2022-11-15 00:10:01 --------------------------


START 2022-11-15 00:20:01 --------------------------
live
총 0 개 데이타 이동
END   2022-11-15 00:20:01 --------------------------


START 2022-11-15 00:30:01 --------------------------
live
총 0 개 데이타 이동
END   2022-11-15 00:30:01 --------------------------


START 2022-11-15 00:40:01 --------------------------
live
총 0 개 데이타 이동
END   2022-11-15 00:40:01 --------------------------


START 2022-11-15 00:50:01 --------------------------
live
총 0 개 데이타 이동
END   2022-11-15 00:50:01 --------------------------


START 2022-11-15 01:00:01 --------------------------
live
총 0 개 데이타 이동
END   2022-11-15 01:00:01 --------------------------


START 2022-11-15 01:10:01 --------------------------
live
총 0 개 데이타 이동
END   2022-11-15 01:10:01 --------------------------


START 2022-11-15 01:20:01 --------------------------
live
총 0 개 데이타 이동
END   2022-11-15 01:20:01 --------------------------


START 2022-11-15 01:30:01 --------------------------
live
총 0 개 데이타 이동
END   2022-11-15 01:30:01 --------------------------


START 2022-11-15 01:40:01 --------------------------
live
총 0 개 데이타 이동
END   2022-11-15 01:40:01 --------------------------


START 2022-11-15 01:50:01 --------------------------
live
총 0 개 데이타 이동
END   2022-11-15 01:50:01 --------------------------


START 2022-11-15 02:00:01 --------------------------
live
총 0 개 데이타 이동
END   2022-11-15 02:00:01 --------------------------


START 2022-11-15 02:10:01 --------------------------
live
총 0 개 데이타 이동
END   2022-11-15 02:10:01 --------------------------


START 2022-11-15 02:20:01 --------------------------
live
총 0 개 데이타 이동
END   2022-11-15 02:20:01 --------------------------


START 2022-11-15 02:30:01 --------------------------
live
총 0 개 데이타 이동
END   2022-11-15 02:30:01 --------------------------


START 2022-11-15 02:40:01 --------------------------
live
총 0 개 데이타 이동
END   2022-11-15 02:40:01 --------------------------


START 2022-11-15 02:50:01 --------------------------
live
총 0 개 데이타 이동
END   2022-11-15 02:50:01 --------------------------


START 2022-11-15 03:00:01 --------------------------
live
총 0 개 데이타 이동
END   2022-11-15 03:00:01 --------------------------


START 2022-11-15 03:10:02 --------------------------
live
총 0 개 데이타 이동
END   2022-11-15 03:10:02 --------------------------


START 2022-11-15 03:20:01 --------------------------
live
총 0 개 데이타 이동
END   2022-11-15 03:20:01 --------------------------


START 2022-11-15 03:30:01 --------------------------
live
총 0 개 데이타 이동
END   2022-11-15 03:30:01 --------------------------


START 2022-11-15 03:40:02 --------------------------
live
총 0 개 데이타 이동
END   2022-11-15 03:40:02 --------------------------


START 2022-11-15 03:50:01 --------------------------
live
총 0 개 데이타 이동
END   2022-11-15 03:50:01 --------------------------


START 2022-11-15 04:00:01 --------------------------
live
총 0 개 데이타 이동
END   2022-11-15 04:00:01 --------------------------


START 2022-11-15 04:10:01 --------------------------
live
총 0 개 데이타 이동
END   2022-11-15 04:10:02 --------------------------


START 2022-11-15 04:20:01 --------------------------
live
총 0 개 데이타 이동
END   2022-11-15 04:20:01 --------------------------


START 2022-11-15 04:30:01 --------------------------
live
총 0 개 데이타 이동
END   2022-11-15 04:30:01 --------------------------


START 2022-11-15 04:40:01 --------------------------
live
총 0 개 데이타 이동
END   2022-11-15 04:40:01 --------------------------


START 2022-11-15 04:50:02 --------------------------
live
총 0 개 데이타 이동
END   2022-11-15 04:50:02 --------------------------


START 2022-11-15 05:00:01 --------------------------
live
총 0 개 데이타 이동
END   2022-11-15 05:00:01 --------------------------


START 2022-11-15 05:10:01 --------------------------
live
총 0 개 데이타 이동
END   2022-11-15 05:10:01 --------------------------


START 2022-11-15 05:20:01 --------------------------
live
총 0 개 데이타 이동
END   2022-11-15 05:20:01 --------------------------


START 2022-11-15 05:30:01 --------------------------
live
총 0 개 데이타 이동
END   2022-11-15 05:30:01 --------------------------


START 2022-11-15 05:40:01 --------------------------
live
총 0 개 데이타 이동
END   2022-11-15 05:40:02 --------------------------


START 2022-11-15 05:50:01 --------------------------
live
총 0 개 데이타 이동
END   2022-11-15 05:50:01 --------------------------


START 2022-11-15 06:00:01 --------------------------
live
총 0 개 데이타 이동
END   2022-11-15 06:00:01 --------------------------


START 2022-11-15 06:10:01 --------------------------
live
총 0 개 데이타 이동
END   2022-11-15 06:10:01 --------------------------


START 2022-11-15 06:20:01 --------------------------
live
총 0 개 데이타 이동
END   2022-11-15 06:20:01 --------------------------


START 2022-11-15 06:30:01 --------------------------
live
총 0 개 데이타 이동
END   2022-11-15 06:30:01 --------------------------


START 2022-11-15 06:40:01 --------------------------
live
총 0 개 데이타 이동
END   2022-11-15 06:40:01 --------------------------


START 2022-11-15 06:50:01 --------------------------
live
총 0 개 데이타 이동
END   2022-11-15 06:50:01 --------------------------


START 2022-11-15 07:00:01 --------------------------
live
총 0 개 데이타 이동
END   2022-11-15 07:00:01 --------------------------


START 2022-11-15 07:10:01 --------------------------
live
총 0 개 데이타 이동
END   2022-11-15 07:10:02 --------------------------


START 2022-11-15 07:20:01 --------------------------
live
총 0 개 데이타 이동
END   2022-11-15 07:20:01 --------------------------


START 2022-11-15 07:30:01 --------------------------
live
총 0 개 데이타 이동
END   2022-11-15 07:30:01 --------------------------


START 2022-11-15 07:40:01 --------------------------
live
총 0 개 데이타 이동
END   2022-11-15 07:40:01 --------------------------


START 2022-11-15 07:50:01 --------------------------
live
총 0 개 데이타 이동
END   2022-11-15 07:50:01 --------------------------


START 2022-11-15 08:00:01 --------------------------
live
총 0 개 데이타 이동
END   2022-11-15 08:00:01 --------------------------


START 2022-11-15 08:10:01 --------------------------
live
총 0 개 데이타 이동
END   2022-11-15 08:10:01 --------------------------


START 2022-11-15 08:20:01 --------------------------
live
총 0 개 데이타 이동
END   2022-11-15 08:20:01 --------------------------


START 2022-11-15 08:30:01 --------------------------
live
총 0 개 데이타 이동
END   2022-11-15 08:30:01 --------------------------


START 2022-11-15 08:40:01 --------------------------
live
총 0 개 데이타 이동
END   2022-11-15 08:40:01 --------------------------


START 2022-11-15 08:50:01 --------------------------
live
총 0 개 데이타 이동
END   2022-11-15 08:50:01 --------------------------


START 2022-11-15 09:00:01 --------------------------
live
총 0 개 데이타 이동
END   2022-11-15 09:00:01 --------------------------


START 2022-11-15 09:10:01 --------------------------
live
총 0 개 데이타 이동
END   2022-11-15 09:10:01 --------------------------


START 2022-11-15 09:20:01 --------------------------
live
총 0 개 데이타 이동
END   2022-11-15 09:20:01 --------------------------


START 2022-11-15 09:30:01 --------------------------
live
총 0 개 데이타 이동
END   2022-11-15 09:30:01 --------------------------


START 2022-11-15 09:40:01 --------------------------
live
총 0 개 데이타 이동
END   2022-11-15 09:40:01 --------------------------


START 2022-11-15 09:50:01 --------------------------
live
총 0 개 데이타 이동
END   2022-11-15 09:50:01 --------------------------


START 2022-11-15 10:00:01 --------------------------
live
총 0 개 데이타 이동
END   2022-11-15 10:00:01 --------------------------


START 2022-11-15 10:10:01 --------------------------
live
총 0 개 데이타 이동
END   2022-11-15 10:10:01 --------------------------


START 2022-11-15 10:20:01 --------------------------
live
총 0 개 데이타 이동
END   2022-11-15 10:20:01 --------------------------


START 2022-11-15 10:30:01 --------------------------
live
총 0 개 데이타 이동
END   2022-11-15 10:30:01 --------------------------


START 2022-11-15 10:40:01 --------------------------
live
총 0 개 데이타 이동
END   2022-11-15 10:40:01 --------------------------


START 2022-11-15 10:50:01 --------------------------
live
총 0 개 데이타 이동
END   2022-11-15 10:50:01 --------------------------


START 2022-11-15 11:00:01 --------------------------
live
총 0 개 데이타 이동
END   2022-11-15 11:00:01 --------------------------


START 2022-11-15 11:10:01 --------------------------
live
총 0 개 데이타 이동
END   2022-11-15 11:10:01 --------------------------


START 2022-11-15 11:20:02 --------------------------
live
총 0 개 데이타 이동
END   2022-11-15 11:20:02 --------------------------


START 2022-11-15 11:30:01 --------------------------
live
총 0 개 데이타 이동
END   2022-11-15 11:30:01 --------------------------


START 2022-11-15 11:40:01 --------------------------
live
총 0 개 데이타 이동
END   2022-11-15 11:40:01 --------------------------


START 2022-11-15 11:50:01 --------------------------
live
총 14 개 데이타 이동
데이타 이동 시작 *****
3111751 01024568888 -- 3111752 01056179090 -- 3111753 01080060401 -- 3111754 01032809295 -- 3111755 01088944740 -- 3111756 01067241409 -- 3111757 01064063972 -- 3111758 01086246176 -- 3111759 01047693024 -- 3111760 01048474041 -- 3111761 01090838172 -- 3111762 01050297528 -- 3111763 01082299622 -- 3111764 01033358065 -- 
END   2022-11-15 11:50:01 --------------------------


START 2022-11-15 12:00:01 --------------------------
live
총 0 개 데이타 이동
END   2022-11-15 12:00:01 --------------------------


START 2022-11-15 12:10:01 --------------------------
live
총 0 개 데이타 이동
END   2022-11-15 12:10:01 --------------------------


START 2022-11-15 12:20:01 --------------------------
live
총 0 개 데이타 이동
END   2022-11-15 12:20:01 --------------------------


START 2022-11-15 12:30:01 --------------------------
live
총 0 개 데이타 이동
END   2022-11-15 12:30:01 --------------------------


START 2022-11-15 12:40:01 --------------------------
live
총 0 개 데이타 이동
END   2022-11-15 12:40:01 --------------------------


START 2022-11-15 12:50:01 --------------------------
live
총 0 개 데이타 이동
END   2022-11-15 12:50:01 --------------------------


START 2022-11-15 13:00:01 --------------------------
live
총 0 개 데이타 이동
END   2022-11-15 13:00:01 --------------------------


START 2022-11-15 13:10:01 --------------------------
live
총 0 개 데이타 이동
END   2022-11-15 13:10:01 --------------------------


START 2022-11-15 13:20:01 --------------------------
live
총 0 개 데이타 이동
END   2022-11-15 13:20:01 --------------------------


START 2022-11-15 13:30:01 --------------------------
live
총 0 개 데이타 이동
END   2022-11-15 13:30:01 --------------------------


START 2022-11-15 13:40:02 --------------------------
live
총 0 개 데이타 이동
END   2022-11-15 13:40:02 --------------------------


START 2022-11-15 13:50:01 --------------------------
live
총 0 개 데이타 이동
END   2022-11-15 13:50:02 --------------------------


START 2022-11-15 14:00:01 --------------------------
live
총 0 개 데이타 이동
END   2022-11-15 14:00:01 --------------------------


START 2022-11-15 14:10:02 --------------------------
live
총 0 개 데이타 이동
END   2022-11-15 14:10:02 --------------------------


START 2022-11-15 14:20:01 --------------------------
live
총 0 개 데이타 이동
END   2022-11-15 14:20:01 --------------------------


START 2022-11-15 14:30:01 --------------------------
live
총 0 개 데이타 이동
END   2022-11-15 14:30:01 --------------------------


START 2022-11-15 14:40:01 --------------------------
live
총 0 개 데이타 이동
END   2022-11-15 14:40:01 --------------------------


START 2022-11-15 14:50:01 --------------------------
live
총 0 개 데이타 이동
END   2022-11-15 14:50:01 --------------------------


START 2022-11-15 15:00:02 --------------------------
live
총 0 개 데이타 이동
END   2022-11-15 15:00:02 --------------------------


START 2022-11-15 15:10:01 --------------------------
live
총 0 개 데이타 이동
END   2022-11-15 15:10:01 --------------------------


START 2022-11-15 15:20:01 --------------------------
live
총 0 개 데이타 이동
END   2022-11-15 15:20:01 --------------------------


START 2022-11-15 15:30:01 --------------------------
live
총 14 개 데이타 이동
데이타 이동 시작 *****
3111765 01054235552 -- 3111766 01090369477 -- 3111767 01031583339 -- 3111768 01085558631 -- 3111769 01050382337 -- 3111770 01053736440 -- 3111771 01063116866 -- 3111772 01027709447 -- 3111773 01088748459 -- 3111774 01035119632 -- 3111775 01099132729 -- 3111776 01033101247 -- 3111777 01033288964 -- 3111778 01054117228 -- 
END   2022-11-15 15:30:01 --------------------------


START 2022-11-15 15:40:01 --------------------------
live
총 0 개 데이타 이동
END   2022-11-15 15:40:01 --------------------------


START 2022-11-15 15:50:01 --------------------------
live
총 9 개 데이타 이동
데이타 이동 시작 *****
3111779 01047624956 -- 3111780 01092487985 -- 3111781 01041676677 -- 3111782 01037213621 -- 3111783 01094507662 -- 3111784 01098564200 -- 3111785 01082300118 -- 3111786 01053082361 -- 3111787 01028030771 -- 
END   2022-11-15 15:50:01 --------------------------


START 2022-11-15 16:00:01 --------------------------
live
총 0 개 데이타 이동
END   2022-11-15 16:00:01 --------------------------


START 2022-11-15 16:10:01 --------------------------
live
총 0 개 데이타 이동
END   2022-11-15 16:10:01 --------------------------


START 2022-11-15 16:20:01 --------------------------
live
총 0 개 데이타 이동
END   2022-11-15 16:20:01 --------------------------


START 2022-11-15 16:30:01 --------------------------
live
총 0 개 데이타 이동
END   2022-11-15 16:30:01 --------------------------


START 2022-11-15 16:40:01 --------------------------

Warning: mysqli_connect(): (HY000/2003): Can't connect to MySQL server on '10.22.164.33' (111) in /home/crowdfund/public_html/adm/sms_admin/auto_sms_smtnt.php on line 6

Warning: mysqli_query() expects parameter 1 to be mysqli, boolean given in /home/crowdfund/public_html/adm/sms_admin/auto_sms_smtnt.php on line 7
live

Warning: mysqli_query() expects parameter 1 to be mysqli, boolean given in /home/crowdfund/public_html/adm/sms_admin/auto_sms_smtnt.php on line 21

Warning: mysqli_fetch_array() expects parameter 1 to be mysqli_result, null given in /home/crowdfund/public_html/adm/sms_admin/auto_sms_smtnt.php on line 22

Warning: mysqli_query() expects parameter 1 to be mysqli, boolean given in /home/crowdfund/public_html/adm/sms_admin/auto_sms_smtnt.php on line 34

Warning: mysqli_fetch_array() expects parameter 1 to be mysqli_result, null given in /home/crowdfund/public_html/adm/sms_admin/auto_sms_smtnt.php on line 35

Warning: mysqli_query() expects parameter 1 to be mysqli, boolean given in /home/crowdfund/public_html/adm/sms_admin/auto_sms_smtnt.php on line 50

Warning: mysqli_fetch_array() expects parameter 1 to be mysqli_result, null given in /home/crowdfund/public_html/adm/sms_admin/auto_sms_smtnt.php on line 51
총  개 데이타 이동

Warning: mysqli_close() expects parameter 1 to be mysqli, boolean given in /home/crowdfund/public_html/adm/sms_admin/auto_sms_smtnt.php on line 96
END   2022-11-15 16:40:01 --------------------------


START 2022-11-15 16:50:01 --------------------------

Warning: mysqli_connect(): (HY000/2003): Can't connect to MySQL server on '10.22.164.33' (111) in /home/crowdfund/public_html/adm/sms_admin/auto_sms_smtnt.php on line 6

Warning: mysqli_query() expects parameter 1 to be mysqli, boolean given in /home/crowdfund/public_html/adm/sms_admin/auto_sms_smtnt.php on line 7
live

Warning: mysqli_query() expects parameter 1 to be mysqli, boolean given in /home/crowdfund/public_html/adm/sms_admin/auto_sms_smtnt.php on line 21

Warning: mysqli_fetch_array() expects parameter 1 to be mysqli_result, null given in /home/crowdfund/public_html/adm/sms_admin/auto_sms_smtnt.php on line 22

Warning: mysqli_query() expects parameter 1 to be mysqli, boolean given in /home/crowdfund/public_html/adm/sms_admin/auto_sms_smtnt.php on line 34

Warning: mysqli_fetch_array() expects parameter 1 to be mysqli_result, null given in /home/crowdfund/public_html/adm/sms_admin/auto_sms_smtnt.php on line 35

Warning: mysqli_query() expects parameter 1 to be mysqli, boolean given in /home/crowdfund/public_html/adm/sms_admin/auto_sms_smtnt.php on line 50

Warning: mysqli_fetch_array() expects parameter 1 to be mysqli_result, null given in /home/crowdfund/public_html/adm/sms_admin/auto_sms_smtnt.php on line 51
총  개 데이타 이동

Warning: mysqli_close() expects parameter 1 to be mysqli, boolean given in /home/crowdfund/public_html/adm/sms_admin/auto_sms_smtnt.php on line 96
END   2022-11-15 16:50:01 --------------------------


START 2022-11-15 17:00:01 --------------------------
live
총 0 개 데이타 이동
END   2022-11-15 17:00:01 --------------------------


START 2022-11-15 17:10:01 --------------------------
live
START 2022-11-15 17:20:01 --------------------------
live

Warning: mysqli_query(): (08S01/1053): Server shutdown in progress in /home/crowdfund/public_html/adm/sms_admin/auto_sms_smtnt.php on line 21

Warning: mysqli_fetch_array() expects parameter 1 to be mysqli_result, boolean given in /home/crowdfund/public_html/adm/sms_admin/auto_sms_smtnt.php on line 22

Warning: mysqli_fetch_array() expects parameter 1 to be mysqli_result, boolean given in /home/crowdfund/public_html/adm/sms_admin/auto_sms_smtnt.php on line 35

Warning: mysqli_fetch_array() expects parameter 1 to be mysqli_result, boolean given in /home/crowdfund/public_html/adm/sms_admin/auto_sms_smtnt.php on line 51
총  개 데이타 이동
END   2022-11-15 17:28:10 --------------------------



Warning: mysqli_query(): (08S01/1053): Server shutdown in progress in /home/crowdfund/public_html/adm/sms_admin/auto_sms_smtnt.php on line 21

Warning: mysqli_fetch_array() expects parameter 1 to be mysqli_result, boolean given in /home/crowdfund/public_html/adm/sms_admin/auto_sms_smtnt.php on line 22

Warning: mysqli_fetch_array() expects parameter 1 to be mysqli_result, boolean given in /home/crowdfund/public_html/adm/sms_admin/auto_sms_smtnt.php on line 35

Warning: mysqli_fetch_array() expects parameter 1 to be mysqli_result, boolean given in /home/crowdfund/public_html/adm/sms_admin/auto_sms_smtnt.php on line 51
총  개 데이타 이동
END   2022-11-15 17:28:10 --------------------------


START 2022-11-15 17:30:01 --------------------------

Warning: mysqli_connect(): (HY000/2003): Can't connect to MySQL server on '10.22.164.33' (111) in /home/crowdfund/public_html/adm/sms_admin/auto_sms_smtnt.php on line 6

Warning: mysqli_query() expects parameter 1 to be mysqli, boolean given in /home/crowdfund/public_html/adm/sms_admin/auto_sms_smtnt.php on line 7
live

Warning: mysqli_query() expects parameter 1 to be mysqli, boolean given in /home/crowdfund/public_html/adm/sms_admin/auto_sms_smtnt.php on line 21

Warning: mysqli_fetch_array() expects parameter 1 to be mysqli_result, null given in /home/crowdfund/public_html/adm/sms_admin/auto_sms_smtnt.php on line 22

Warning: mysqli_query() expects parameter 1 to be mysqli, boolean given in /home/crowdfund/public_html/adm/sms_admin/auto_sms_smtnt.php on line 34

Warning: mysqli_fetch_array() expects parameter 1 to be mysqli_result, null given in /home/crowdfund/public_html/adm/sms_admin/auto_sms_smtnt.php on line 35

Warning: mysqli_query() expects parameter 1 to be mysqli, boolean given in /home/crowdfund/public_html/adm/sms_admin/auto_sms_smtnt.php on line 50

Warning: mysqli_fetch_array() expects parameter 1 to be mysqli_result, null given in /home/crowdfund/public_html/adm/sms_admin/auto_sms_smtnt.php on line 51
총  개 데이타 이동

Warning: mysqli_close() expects parameter 1 to be mysqli, boolean given in /home/crowdfund/public_html/adm/sms_admin/auto_sms_smtnt.php on line 96
END   2022-11-15 17:30:01 --------------------------


START 2022-11-15 17:40:02 --------------------------

Warning: mysqli_connect(): (HY000/2003): Can't connect to MySQL server on '10.22.164.33' (111) in /home/crowdfund/public_html/adm/sms_admin/auto_sms_smtnt.php on line 6

Warning: mysqli_query() expects parameter 1 to be mysqli, boolean given in /home/crowdfund/public_html/adm/sms_admin/auto_sms_smtnt.php on line 7
live

Warning: mysqli_query() expects parameter 1 to be mysqli, boolean given in /home/crowdfund/public_html/adm/sms_admin/auto_sms_smtnt.php on line 21

Warning: mysqli_fetch_array() expects parameter 1 to be mysqli_result, null given in /home/crowdfund/public_html/adm/sms_admin/auto_sms_smtnt.php on line 22

Warning: mysqli_query() expects parameter 1 to be mysqli, boolean given in /home/crowdfund/public_html/adm/sms_admin/auto_sms_smtnt.php on line 34

Warning: mysqli_fetch_array() expects parameter 1 to be mysqli_result, null given in /home/crowdfund/public_html/adm/sms_admin/auto_sms_smtnt.php on line 35

Warning: mysqli_query() expects parameter 1 to be mysqli, boolean given in /home/crowdfund/public_html/adm/sms_admin/auto_sms_smtnt.php on line 50

Warning: mysqli_fetch_array() expects parameter 1 to be mysqli_result, null given in /home/crowdfund/public_html/adm/sms_admin/auto_sms_smtnt.php on line 51
총  개 데이타 이동

Warning: mysqli_close() expects parameter 1 to be mysqli, boolean given in /home/crowdfund/public_html/adm/sms_admin/auto_sms_smtnt.php on line 96
END   2022-11-15 17:40:02 --------------------------


START 2022-11-15 17:50:01 --------------------------
live
총 0 개 데이타 이동
END   2022-11-15 17:50:01 --------------------------


START 2022-11-15 18:00:01 --------------------------
live
총 0 개 데이타 이동
END   2022-11-15 18:00:01 --------------------------


START 2022-11-15 18:10:01 --------------------------

Warning: mysqli_connect(): (HY000/2003): Can't connect to MySQL server on '10.22.164.33' (111) in /home/crowdfund/public_html/adm/sms_admin/auto_sms_smtnt.php on line 6

Warning: mysqli_query() expects parameter 1 to be mysqli, boolean given in /home/crowdfund/public_html/adm/sms_admin/auto_sms_smtnt.php on line 7
live

Warning: mysqli_query() expects parameter 1 to be mysqli, boolean given in /home/crowdfund/public_html/adm/sms_admin/auto_sms_smtnt.php on line 21

Warning: mysqli_fetch_array() expects parameter 1 to be mysqli_result, null given in /home/crowdfund/public_html/adm/sms_admin/auto_sms_smtnt.php on line 22

Warning: mysqli_query() expects parameter 1 to be mysqli, boolean given in /home/crowdfund/public_html/adm/sms_admin/auto_sms_smtnt.php on line 34

Warning: mysqli_fetch_array() expects parameter 1 to be mysqli_result, null given in /home/crowdfund/public_html/adm/sms_admin/auto_sms_smtnt.php on line 35

Warning: mysqli_query() expects parameter 1 to be mysqli, boolean given in /home/crowdfund/public_html/adm/sms_admin/auto_sms_smtnt.php on line 50

Warning: mysqli_fetch_array() expects parameter 1 to be mysqli_result, null given in /home/crowdfund/public_html/adm/sms_admin/auto_sms_smtnt.php on line 51
총  개 데이타 이동

Warning: mysqli_close() expects parameter 1 to be mysqli, boolean given in /home/crowdfund/public_html/adm/sms_admin/auto_sms_smtnt.php on line 96
END   2022-11-15 18:10:01 --------------------------


START 2022-11-15 18:20:01 --------------------------
live
총 0 개 데이타 이동
END   2022-11-15 18:20:01 --------------------------


START 2022-11-15 18:30:01 --------------------------
live
총 0 개 데이타 이동
END   2022-11-15 18:30:01 --------------------------


START 2022-11-15 18:40:01 --------------------------
live
총 0 개 데이타 이동
END   2022-11-15 18:40:01 --------------------------


START 2022-11-15 18:50:01 --------------------------
live
총 0 개 데이타 이동
END   2022-11-15 18:50:01 --------------------------


START 2022-11-15 19:00:01 --------------------------
live
총 0 개 데이타 이동
END   2022-11-15 19:00:01 --------------------------


START 2022-11-15 19:10:01 --------------------------
live
총 0 개 데이타 이동
END   2022-11-15 19:10:01 --------------------------


START 2022-11-15 19:20:02 --------------------------
live
총 0 개 데이타 이동
END   2022-11-15 19:20:02 --------------------------


START 2022-11-15 19:30:01 --------------------------
live
총 0 개 데이타 이동
END   2022-11-15 19:30:01 --------------------------


START 2022-11-15 19:40:01 --------------------------
live
총 0 개 데이타 이동
END   2022-11-15 19:40:01 --------------------------


START 2022-11-15 19:50:02 --------------------------
live
총 0 개 데이타 이동
END   2022-11-15 19:50:02 --------------------------


START 2022-11-15 20:00:01 --------------------------
live
총 0 개 데이타 이동
END   2022-11-15 20:00:01 --------------------------


START 2022-11-15 20:10:01 --------------------------
live
총 0 개 데이타 이동
END   2022-11-15 20:10:01 --------------------------


START 2022-11-15 20:20:01 --------------------------
live
총 0 개 데이타 이동
END   2022-11-15 20:20:01 --------------------------


START 2022-11-15 20:30:01 --------------------------
live
총 0 개 데이타 이동
END   2022-11-15 20:30:01 --------------------------


START 2022-11-15 20:40:01 --------------------------
live
총 0 개 데이타 이동
END   2022-11-15 20:40:01 --------------------------


START 2022-11-15 20:50:02 --------------------------
live
총 0 개 데이타 이동
END   2022-11-15 20:50:02 --------------------------


START 2022-11-15 21:00:01 --------------------------
live
총 0 개 데이타 이동
END   2022-11-15 21:00:01 --------------------------


START 2022-11-15 21:10:01 --------------------------
live
총 0 개 데이타 이동
END   2022-11-15 21:10:01 --------------------------


START 2022-11-15 21:20:01 --------------------------
live
총 0 개 데이타 이동
END   2022-11-15 21:20:01 --------------------------


START 2022-11-15 21:30:01 --------------------------
live
총 0 개 데이타 이동
END   2022-11-15 21:30:01 --------------------------


START 2022-11-15 21:40:01 --------------------------
live
총 0 개 데이타 이동
END   2022-11-15 21:40:01 --------------------------


START 2022-11-15 21:50:02 --------------------------
live
총 0 개 데이타 이동
END   2022-11-15 21:50:02 --------------------------


START 2022-11-15 22:00:01 --------------------------
live
총 0 개 데이타 이동
END   2022-11-15 22:00:01 --------------------------


START 2022-11-15 22:10:01 --------------------------
live
총 0 개 데이타 이동
END   2022-11-15 22:10:01 --------------------------


START 2022-11-15 22:20:01 --------------------------
live
총 0 개 데이타 이동
END   2022-11-15 22:20:01 --------------------------


START 2022-11-15 22:30:01 --------------------------
live
총 0 개 데이타 이동
END   2022-11-15 22:30:01 --------------------------


START 2022-11-15 22:40:01 --------------------------
live
총 0 개 데이타 이동
END   2022-11-15 22:40:01 --------------------------


START 2022-11-15 22:50:01 --------------------------
live
총 0 개 데이타 이동
END   2022-11-15 22:50:01 --------------------------


START 2022-11-15 23:00:01 --------------------------
live
총 0 개 데이타 이동
END   2022-11-15 23:00:01 --------------------------


START 2022-11-15 23:10:01 --------------------------
live
총 0 개 데이타 이동
END   2022-11-15 23:10:01 --------------------------


START 2022-11-15 23:20:01 --------------------------
live
총 0 개 데이타 이동
END   2022-11-15 23:20:01 --------------------------


START 2022-11-15 23:30:01 --------------------------
live
총 0 개 데이타 이동
END   2022-11-15 23:30:01 --------------------------


START 2022-11-15 23:40:01 --------------------------
live
총 0 개 데이타 이동
END   2022-11-15 23:40:01 --------------------------


START 2022-11-15 23:50:01 --------------------------
live
총 0 개 데이타 이동
END   2022-11-15 23:50:01 --------------------------


