START 2022-01-26 00:00:01 --------------------------
live
총 0 개 데이타 이동
END   2022-01-26 00:00:03 --------------------------


START 2022-01-26 00:10:01 --------------------------
live
총 0 개 데이타 이동
END   2022-01-26 00:10:03 --------------------------


START 2022-01-26 00:20:02 --------------------------
live
총 0 개 데이타 이동
END   2022-01-26 00:20:03 --------------------------


START 2022-01-26 00:30:01 --------------------------
live
총 0 개 데이타 이동
END   2022-01-26 00:30:03 --------------------------


START 2022-01-26 00:40:02 --------------------------
live
총 0 개 데이타 이동
END   2022-01-26 00:40:04 --------------------------


START 2022-01-26 00:50:01 --------------------------
live
총 0 개 데이타 이동
END   2022-01-26 00:50:03 --------------------------


START 2022-01-26 01:00:01 --------------------------
live
총 0 개 데이타 이동
END   2022-01-26 01:00:03 --------------------------


START 2022-01-26 01:10:01 --------------------------
live
총 0 개 데이타 이동
END   2022-01-26 01:10:03 --------------------------


START 2022-01-26 01:20:01 --------------------------
live
총 0 개 데이타 이동
END   2022-01-26 01:20:03 --------------------------


START 2022-01-26 01:30:02 --------------------------
live
총 0 개 데이타 이동
END   2022-01-26 01:30:03 --------------------------


START 2022-01-26 01:40:02 --------------------------
live
총 0 개 데이타 이동
END   2022-01-26 01:40:03 --------------------------


START 2022-01-26 01:50:01 --------------------------
live
총 0 개 데이타 이동
END   2022-01-26 01:50:03 --------------------------


START 2022-01-26 02:00:01 --------------------------
live
총 0 개 데이타 이동
END   2022-01-26 02:00:03 --------------------------


START 2022-01-26 02:10:02 --------------------------
live
총 0 개 데이타 이동
END   2022-01-26 02:10:03 --------------------------


START 2022-01-26 02:20:01 --------------------------
live
총 0 개 데이타 이동
END   2022-01-26 02:20:03 --------------------------


START 2022-01-26 02:30:01 --------------------------
live
총 0 개 데이타 이동
END   2022-01-26 02:30:03 --------------------------


START 2022-01-26 02:40:02 --------------------------
live
총 0 개 데이타 이동
END   2022-01-26 02:40:03 --------------------------


START 2022-01-26 02:50:01 --------------------------
live
총 0 개 데이타 이동
END   2022-01-26 02:50:03 --------------------------


START 2022-01-26 03:00:01 --------------------------
live
총 0 개 데이타 이동
END   2022-01-26 03:00:03 --------------------------


START 2022-01-26 03:10:01 --------------------------
live
총 0 개 데이타 이동
END   2022-01-26 03:10:03 --------------------------


START 2022-01-26 03:20:02 --------------------------
live
총 0 개 데이타 이동
END   2022-01-26 03:20:03 --------------------------


START 2022-01-26 03:30:01 --------------------------
live
총 0 개 데이타 이동
END   2022-01-26 03:30:03 --------------------------


START 2022-01-26 03:40:01 --------------------------
live
총 0 개 데이타 이동
END   2022-01-26 03:40:03 --------------------------


START 2022-01-26 03:50:01 --------------------------
live
총 0 개 데이타 이동
END   2022-01-26 03:50:03 --------------------------


START 2022-01-26 04:00:02 --------------------------
live
총 0 개 데이타 이동
END   2022-01-26 04:00:03 --------------------------


START 2022-01-26 04:10:02 --------------------------
live
총 0 개 데이타 이동
END   2022-01-26 04:10:03 --------------------------


START 2022-01-26 04:20:02 --------------------------
live
총 0 개 데이타 이동
END   2022-01-26 04:20:03 --------------------------


START 2022-01-26 04:30:01 --------------------------
live
총 0 개 데이타 이동
END   2022-01-26 04:30:03 --------------------------


START 2022-01-26 04:40:01 --------------------------
live
총 0 개 데이타 이동
END   2022-01-26 04:40:03 --------------------------


START 2022-01-26 04:50:01 --------------------------
live
총 0 개 데이타 이동
END   2022-01-26 04:50:03 --------------------------


START 2022-01-26 05:00:01 --------------------------
live
총 0 개 데이타 이동
END   2022-01-26 05:00:03 --------------------------


START 2022-01-26 05:10:01 --------------------------
live
총 0 개 데이타 이동
END   2022-01-26 05:10:03 --------------------------


START 2022-01-26 05:20:02 --------------------------
live
총 0 개 데이타 이동
END   2022-01-26 05:20:03 --------------------------


START 2022-01-26 05:30:01 --------------------------
live
총 0 개 데이타 이동
END   2022-01-26 05:30:03 --------------------------


START 2022-01-26 05:40:01 --------------------------
live
총 0 개 데이타 이동
END   2022-01-26 05:40:03 --------------------------


START 2022-01-26 05:50:02 --------------------------
live
총 0 개 데이타 이동
END   2022-01-26 05:50:03 --------------------------


START 2022-01-26 06:00:01 --------------------------
live
총 0 개 데이타 이동
END   2022-01-26 06:00:03 --------------------------


START 2022-01-26 06:10:01 --------------------------
live
총 0 개 데이타 이동
END   2022-01-26 06:10:03 --------------------------


START 2022-01-26 06:20:01 --------------------------
live
총 0 개 데이타 이동
END   2022-01-26 06:20:03 --------------------------


START 2022-01-26 06:30:01 --------------------------
live
총 0 개 데이타 이동
END   2022-01-26 06:30:03 --------------------------


START 2022-01-26 06:40:02 --------------------------
live
총 0 개 데이타 이동
END   2022-01-26 06:40:03 --------------------------


START 2022-01-26 06:50:01 --------------------------
live
총 0 개 데이타 이동
END   2022-01-26 06:50:03 --------------------------


START 2022-01-26 07:00:01 --------------------------
live
총 0 개 데이타 이동
END   2022-01-26 07:00:03 --------------------------


START 2022-01-26 07:10:01 --------------------------
live
총 0 개 데이타 이동
END   2022-01-26 07:10:03 --------------------------


START 2022-01-26 07:20:01 --------------------------
live
총 0 개 데이타 이동
END   2022-01-26 07:20:03 --------------------------


START 2022-01-26 07:30:01 --------------------------
live
총 0 개 데이타 이동
END   2022-01-26 07:30:03 --------------------------


START 2022-01-26 07:40:01 --------------------------
live
총 0 개 데이타 이동
END   2022-01-26 07:40:03 --------------------------


START 2022-01-26 07:50:01 --------------------------
live
총 0 개 데이타 이동
END   2022-01-26 07:50:03 --------------------------


START 2022-01-26 08:00:02 --------------------------
live
총 0 개 데이타 이동
END   2022-01-26 08:00:03 --------------------------


START 2022-01-26 08:10:02 --------------------------
live
총 0 개 데이타 이동
END   2022-01-26 08:10:03 --------------------------


START 2022-01-26 08:20:01 --------------------------
live
총 0 개 데이타 이동
END   2022-01-26 08:20:03 --------------------------


START 2022-01-26 08:30:01 --------------------------
live
총 0 개 데이타 이동
END   2022-01-26 08:30:03 --------------------------


START 2022-01-26 08:40:01 --------------------------
live
총 0 개 데이타 이동
END   2022-01-26 08:40:03 --------------------------


START 2022-01-26 08:50:01 --------------------------
live
총 0 개 데이타 이동
END   2022-01-26 08:50:03 --------------------------


START 2022-01-26 09:00:01 --------------------------
live
총 0 개 데이타 이동
END   2022-01-26 09:00:03 --------------------------


START 2022-01-26 09:10:01 --------------------------
live
총 0 개 데이타 이동
END   2022-01-26 09:10:03 --------------------------


START 2022-01-26 09:20:01 --------------------------
live
총 0 개 데이타 이동
END   2022-01-26 09:20:03 --------------------------


START 2022-01-26 09:30:01 --------------------------
live
총 0 개 데이타 이동
END   2022-01-26 09:30:03 --------------------------


START 2022-01-26 09:40:01 --------------------------
live
총 0 개 데이타 이동
END   2022-01-26 09:40:03 --------------------------


START 2022-01-26 09:50:01 --------------------------
live
총 0 개 데이타 이동
END   2022-01-26 09:50:03 --------------------------


START 2022-01-26 10:00:01 --------------------------
live
총 0 개 데이타 이동
END   2022-01-26 10:00:03 --------------------------


START 2022-01-26 10:10:01 --------------------------
live
총 0 개 데이타 이동
END   2022-01-26 10:10:03 --------------------------


START 2022-01-26 10:20:01 --------------------------
live
총 0 개 데이타 이동
END   2022-01-26 10:20:03 --------------------------


START 2022-01-26 10:30:01 --------------------------
live
총 0 개 데이타 이동
END   2022-01-26 10:30:03 --------------------------


START 2022-01-26 10:40:01 --------------------------
live
총 0 개 데이타 이동
END   2022-01-26 10:40:03 --------------------------


START 2022-01-26 10:50:01 --------------------------
live
총 0 개 데이타 이동
END   2022-01-26 10:50:03 --------------------------


START 2022-01-26 11:00:01 --------------------------
live
총 0 개 데이타 이동
END   2022-01-26 11:00:03 --------------------------


START 2022-01-26 11:10:02 --------------------------
live
총 0 개 데이타 이동
END   2022-01-26 11:10:03 --------------------------


START 2022-01-26 11:20:01 --------------------------
live
총 0 개 데이타 이동
END   2022-01-26 11:20:03 --------------------------


START 2022-01-26 11:30:01 --------------------------
live
총 0 개 데이타 이동
END   2022-01-26 11:30:03 --------------------------


START 2022-01-26 11:40:02 --------------------------
live
총 2 개 데이타 이동
데이타 이동 시작 *****
3047479 01024568888 -- 3047480 01088944740 -- 
END   2022-01-26 11:40:05 --------------------------


START 2022-01-26 11:50:02 --------------------------
live
총 0 개 데이타 이동
END   2022-01-26 11:50:03 --------------------------


START 2022-01-26 12:00:02 --------------------------
live
총 0 개 데이타 이동
END   2022-01-26 12:00:03 --------------------------


START 2022-01-26 12:10:02 --------------------------
live
총 0 개 데이타 이동
END   2022-01-26 12:10:04 --------------------------


START 2022-01-26 12:20:02 --------------------------
live
총 0 개 데이타 이동
END   2022-01-26 12:20:03 --------------------------


START 2022-01-26 12:30:02 --------------------------
live
총 0 개 데이타 이동
END   2022-01-26 12:30:03 --------------------------


START 2022-01-26 12:40:01 --------------------------
live
총 0 개 데이타 이동
END   2022-01-26 12:40:03 --------------------------


START 2022-01-26 12:50:01 --------------------------
live
총 0 개 데이타 이동
END   2022-01-26 12:50:03 --------------------------


START 2022-01-26 13:00:01 --------------------------
live
총 0 개 데이타 이동
END   2022-01-26 13:00:03 --------------------------


START 2022-01-26 13:10:01 --------------------------
live
총 0 개 데이타 이동
END   2022-01-26 13:10:04 --------------------------


START 2022-01-26 13:20:01 --------------------------
live
총 0 개 데이타 이동
END   2022-01-26 13:20:03 --------------------------


START 2022-01-26 13:30:01 --------------------------
live
총 0 개 데이타 이동
END   2022-01-26 13:30:03 --------------------------


START 2022-01-26 13:40:01 --------------------------
live
총 0 개 데이타 이동
END   2022-01-26 13:40:03 --------------------------


START 2022-01-26 13:50:01 --------------------------
live
총 0 개 데이타 이동
END   2022-01-26 13:50:03 --------------------------


START 2022-01-26 14:00:01 --------------------------
live
총 0 개 데이타 이동
END   2022-01-26 14:00:03 --------------------------


START 2022-01-26 14:10:01 --------------------------
live
총 2 개 데이타 이동
데이타 이동 시작 *****
3047481 01024568888 -- 3047482 01088944740 -- 
END   2022-01-26 14:10:05 --------------------------


START 2022-01-26 14:20:01 --------------------------
live
총 0 개 데이타 이동
END   2022-01-26 14:20:03 --------------------------


START 2022-01-26 14:30:01 --------------------------
live
총 0 개 데이타 이동
END   2022-01-26 14:30:03 --------------------------


START 2022-01-26 14:40:01 --------------------------
live
총 0 개 데이타 이동
END   2022-01-26 14:40:03 --------------------------


START 2022-01-26 14:50:02 --------------------------
live
총 0 개 데이타 이동
END   2022-01-26 14:50:03 --------------------------


START 2022-01-26 15:00:02 --------------------------
live
총 0 개 데이타 이동
END   2022-01-26 15:00:03 --------------------------


START 2022-01-26 15:10:02 --------------------------
live
총 0 개 데이타 이동
END   2022-01-26 15:10:05 --------------------------


START 2022-01-26 15:20:01 --------------------------
live
총 0 개 데이타 이동
END   2022-01-26 15:20:03 --------------------------


START 2022-01-26 15:30:01 --------------------------
live
총 0 개 데이타 이동
END   2022-01-26 15:30:03 --------------------------


START 2022-01-26 15:40:01 --------------------------
live
총 0 개 데이타 이동
END   2022-01-26 15:40:03 --------------------------


START 2022-01-26 15:50:01 --------------------------
live
총 0 개 데이타 이동
END   2022-01-26 15:50:03 --------------------------


START 2022-01-26 16:00:01 --------------------------
live
총 0 개 데이타 이동
END   2022-01-26 16:00:03 --------------------------


START 2022-01-26 16:10:01 --------------------------
live
총 0 개 데이타 이동
END   2022-01-26 16:10:04 --------------------------


START 2022-01-26 16:20:01 --------------------------
live
총 0 개 데이타 이동
END   2022-01-26 16:20:03 --------------------------


START 2022-01-26 16:30:02 --------------------------
live
총 0 개 데이타 이동
END   2022-01-26 16:30:04 --------------------------


START 2022-01-26 16:40:02 --------------------------
live
총 0 개 데이타 이동
END   2022-01-26 16:40:04 --------------------------


START 2022-01-26 16:50:02 --------------------------
live
총 0 개 데이타 이동
END   2022-01-26 16:50:04 --------------------------


START 2022-01-26 17:00:01 --------------------------
live
총 0 개 데이타 이동
END   2022-01-26 17:00:03 --------------------------


START 2022-01-26 17:10:01 --------------------------
live
총 0 개 데이타 이동
END   2022-01-26 17:10:03 --------------------------


START 2022-01-26 17:20:01 --------------------------
live
총 0 개 데이타 이동
END   2022-01-26 17:20:02 --------------------------


START 2022-01-26 17:30:02 --------------------------
live
총 0 개 데이타 이동
END   2022-01-26 17:30:03 --------------------------


START 2022-01-26 17:40:01 --------------------------
live
총 0 개 데이타 이동
END   2022-01-26 17:40:03 --------------------------


START 2022-01-26 17:50:01 --------------------------
live
총 0 개 데이타 이동
END   2022-01-26 17:50:03 --------------------------


START 2022-01-26 18:00:01 --------------------------
live
총 0 개 데이타 이동
END   2022-01-26 18:00:03 --------------------------


START 2022-01-26 18:10:01 --------------------------
live
총 0 개 데이타 이동
END   2022-01-26 18:10:03 --------------------------


START 2022-01-26 18:20:01 --------------------------
live
총 2 개 데이타 이동
데이타 이동 시작 *****
3047483 01024568888 -- 3047484 01088944740 -- 
END   2022-01-26 18:20:05 --------------------------


START 2022-01-26 18:30:01 --------------------------
live
총 0 개 데이타 이동
END   2022-01-26 18:30:09 --------------------------


START 2022-01-26 18:40:01 --------------------------
live
총 0 개 데이타 이동
END   2022-01-26 18:40:03 --------------------------


START 2022-01-26 18:50:01 --------------------------
live
총 0 개 데이타 이동
END   2022-01-26 18:50:03 --------------------------


START 2022-01-26 19:00:01 --------------------------
live
총 0 개 데이타 이동
END   2022-01-26 19:00:03 --------------------------


START 2022-01-26 19:10:02 --------------------------
live
총 0 개 데이타 이동
END   2022-01-26 19:10:03 --------------------------


START 2022-01-26 19:20:01 --------------------------
live
총 0 개 데이타 이동
END   2022-01-26 19:20:03 --------------------------


START 2022-01-26 19:30:01 --------------------------
live
총 0 개 데이타 이동
END   2022-01-26 19:30:09 --------------------------


START 2022-01-26 19:40:01 --------------------------
live
총 0 개 데이타 이동
END   2022-01-26 19:40:03 --------------------------


START 2022-01-26 19:50:01 --------------------------
live
총 0 개 데이타 이동
END   2022-01-26 19:50:03 --------------------------


START 2022-01-26 20:00:01 --------------------------
live
총 0 개 데이타 이동
END   2022-01-26 20:00:03 --------------------------


START 2022-01-26 20:10:01 --------------------------
live
총 0 개 데이타 이동
END   2022-01-26 20:10:03 --------------------------


START 2022-01-26 20:20:01 --------------------------
live
총 0 개 데이타 이동
END   2022-01-26 20:20:03 --------------------------


START 2022-01-26 20:30:01 --------------------------
live
총 0 개 데이타 이동
END   2022-01-26 20:30:03 --------------------------


START 2022-01-26 20:40:02 --------------------------
live
총 0 개 데이타 이동
END   2022-01-26 20:40:04 --------------------------


START 2022-01-26 20:50:02 --------------------------
live
총 0 개 데이타 이동
END   2022-01-26 20:50:03 --------------------------


START 2022-01-26 21:00:02 --------------------------
live
총 0 개 데이타 이동
END   2022-01-26 21:00:03 --------------------------


START 2022-01-26 21:10:01 --------------------------
live
총 0 개 데이타 이동
END   2022-01-26 21:10:03 --------------------------


START 2022-01-26 21:20:01 --------------------------
live
총 0 개 데이타 이동
END   2022-01-26 21:20:03 --------------------------


START 2022-01-26 21:30:01 --------------------------
live
총 0 개 데이타 이동
END   2022-01-26 21:30:03 --------------------------


START 2022-01-26 21:40:01 --------------------------
live
총 0 개 데이타 이동
END   2022-01-26 21:40:03 --------------------------


START 2022-01-26 21:50:01 --------------------------
live
총 0 개 데이타 이동
END   2022-01-26 21:50:03 --------------------------


START 2022-01-26 22:00:01 --------------------------
live
총 0 개 데이타 이동
END   2022-01-26 22:00:03 --------------------------


START 2022-01-26 22:10:02 --------------------------
live
총 0 개 데이타 이동
END   2022-01-26 22:10:04 --------------------------


START 2022-01-26 22:20:02 --------------------------
live
총 0 개 데이타 이동
END   2022-01-26 22:20:03 --------------------------


START 2022-01-26 22:30:02 --------------------------
live
총 0 개 데이타 이동
END   2022-01-26 22:30:03 --------------------------


START 2022-01-26 22:40:01 --------------------------
live
총 0 개 데이타 이동
END   2022-01-26 22:40:03 --------------------------


START 2022-01-26 22:50:01 --------------------------
live
총 0 개 데이타 이동
END   2022-01-26 22:50:03 --------------------------


START 2022-01-26 23:00:01 --------------------------
live
총 0 개 데이타 이동
END   2022-01-26 23:00:03 --------------------------


START 2022-01-26 23:10:01 --------------------------
live
총 0 개 데이타 이동
END   2022-01-26 23:10:03 --------------------------


START 2022-01-26 23:20:01 --------------------------
live
총 0 개 데이타 이동
END   2022-01-26 23:20:03 --------------------------


START 2022-01-26 23:30:01 --------------------------
live
총 0 개 데이타 이동
END   2022-01-26 23:30:03 --------------------------


START 2022-01-26 23:40:02 --------------------------
live
총 0 개 데이타 이동
END   2022-01-26 23:40:03 --------------------------


START 2022-01-26 23:50:01 --------------------------
live
총 0 개 데이타 이동
END   2022-01-26 23:50:03 --------------------------


