START 2022-06-21 00:00:01 --------------------------
live
총 0 개 데이타 이동
END   2022-06-21 00:00:01 --------------------------


START 2022-06-21 00:10:01 --------------------------
live
총 0 개 데이타 이동
END   2022-06-21 00:10:01 --------------------------


START 2022-06-21 00:20:01 --------------------------
live
총 0 개 데이타 이동
END   2022-06-21 00:20:01 --------------------------


START 2022-06-21 00:30:01 --------------------------
live
총 0 개 데이타 이동
END   2022-06-21 00:30:01 --------------------------


START 2022-06-21 00:40:01 --------------------------
live
총 0 개 데이타 이동
END   2022-06-21 00:40:01 --------------------------


START 2022-06-21 00:50:01 --------------------------
live
총 0 개 데이타 이동
END   2022-06-21 00:50:01 --------------------------


START 2022-06-21 01:00:01 --------------------------
live
총 0 개 데이타 이동
END   2022-06-21 01:00:01 --------------------------


START 2022-06-21 01:10:01 --------------------------
live
총 0 개 데이타 이동
END   2022-06-21 01:10:01 --------------------------


START 2022-06-21 01:20:01 --------------------------
live
총 0 개 데이타 이동
END   2022-06-21 01:20:01 --------------------------


START 2022-06-21 01:30:01 --------------------------
live
총 0 개 데이타 이동
END   2022-06-21 01:30:01 --------------------------


START 2022-06-21 01:40:01 --------------------------
live
총 0 개 데이타 이동
END   2022-06-21 01:40:01 --------------------------


START 2022-06-21 01:50:01 --------------------------
live
총 0 개 데이타 이동
END   2022-06-21 01:50:01 --------------------------


START 2022-06-21 02:00:01 --------------------------
live
총 0 개 데이타 이동
END   2022-06-21 02:00:01 --------------------------


START 2022-06-21 02:10:02 --------------------------
live
총 0 개 데이타 이동
END   2022-06-21 02:10:02 --------------------------


START 2022-06-21 02:20:01 --------------------------
live
총 0 개 데이타 이동
END   2022-06-21 02:20:01 --------------------------


START 2022-06-21 02:30:01 --------------------------
live
총 0 개 데이타 이동
END   2022-06-21 02:30:01 --------------------------


START 2022-06-21 02:40:01 --------------------------
live
총 0 개 데이타 이동
END   2022-06-21 02:40:01 --------------------------


START 2022-06-21 02:50:01 --------------------------
live
총 0 개 데이타 이동
END   2022-06-21 02:50:01 --------------------------


START 2022-06-21 03:00:01 --------------------------
live
총 0 개 데이타 이동
END   2022-06-21 03:00:01 --------------------------


START 2022-06-21 03:10:01 --------------------------
live
총 0 개 데이타 이동
END   2022-06-21 03:10:01 --------------------------


START 2022-06-21 03:20:01 --------------------------
live
총 0 개 데이타 이동
END   2022-06-21 03:20:01 --------------------------


START 2022-06-21 03:30:01 --------------------------
live
총 0 개 데이타 이동
END   2022-06-21 03:30:01 --------------------------


START 2022-06-21 03:40:01 --------------------------
live
총 0 개 데이타 이동
END   2022-06-21 03:40:01 --------------------------


START 2022-06-21 03:50:01 --------------------------
live
총 0 개 데이타 이동
END   2022-06-21 03:50:01 --------------------------


START 2022-06-21 04:00:01 --------------------------
live
총 0 개 데이타 이동
END   2022-06-21 04:00:01 --------------------------


START 2022-06-21 04:10:01 --------------------------
live
총 0 개 데이타 이동
END   2022-06-21 04:10:01 --------------------------


START 2022-06-21 04:20:01 --------------------------
live
총 0 개 데이타 이동
END   2022-06-21 04:20:01 --------------------------


START 2022-06-21 04:30:01 --------------------------
live
총 0 개 데이타 이동
END   2022-06-21 04:30:01 --------------------------


START 2022-06-21 04:40:01 --------------------------
live
총 0 개 데이타 이동
END   2022-06-21 04:40:01 --------------------------


START 2022-06-21 04:50:01 --------------------------
live
총 0 개 데이타 이동
END   2022-06-21 04:50:01 --------------------------


START 2022-06-21 05:00:01 --------------------------
live
총 0 개 데이타 이동
END   2022-06-21 05:00:02 --------------------------


START 2022-06-21 05:10:01 --------------------------
live
총 0 개 데이타 이동
END   2022-06-21 05:10:01 --------------------------


START 2022-06-21 05:20:01 --------------------------
live
총 0 개 데이타 이동
END   2022-06-21 05:20:01 --------------------------


START 2022-06-21 05:30:01 --------------------------
live
총 0 개 데이타 이동
END   2022-06-21 05:30:01 --------------------------


START 2022-06-21 05:40:01 --------------------------
live
총 0 개 데이타 이동
END   2022-06-21 05:40:01 --------------------------


START 2022-06-21 05:50:01 --------------------------
live
총 0 개 데이타 이동
END   2022-06-21 05:50:02 --------------------------


START 2022-06-21 06:00:01 --------------------------
live
총 0 개 데이타 이동
END   2022-06-21 06:00:01 --------------------------


START 2022-06-21 06:10:01 --------------------------
live
총 0 개 데이타 이동
END   2022-06-21 06:10:01 --------------------------


START 2022-06-21 06:20:01 --------------------------
live
총 0 개 데이타 이동
END   2022-06-21 06:20:01 --------------------------


START 2022-06-21 06:30:01 --------------------------
live
총 0 개 데이타 이동
END   2022-06-21 06:30:01 --------------------------


START 2022-06-21 06:40:01 --------------------------
live
총 0 개 데이타 이동
END   2022-06-21 06:40:01 --------------------------


START 2022-06-21 06:50:01 --------------------------
live
총 0 개 데이타 이동
END   2022-06-21 06:50:01 --------------------------


START 2022-06-21 07:00:01 --------------------------
live
총 0 개 데이타 이동
END   2022-06-21 07:00:02 --------------------------


START 2022-06-21 07:10:01 --------------------------
live
총 0 개 데이타 이동
END   2022-06-21 07:10:01 --------------------------


START 2022-06-21 07:20:01 --------------------------
live
총 0 개 데이타 이동
END   2022-06-21 07:20:01 --------------------------


START 2022-06-21 07:30:01 --------------------------
live
총 0 개 데이타 이동
END   2022-06-21 07:30:01 --------------------------


START 2022-06-21 07:40:01 --------------------------
live
총 0 개 데이타 이동
END   2022-06-21 07:40:01 --------------------------


START 2022-06-21 07:50:01 --------------------------
live
총 0 개 데이타 이동
END   2022-06-21 07:50:01 --------------------------


START 2022-06-21 08:00:01 --------------------------
live
총 0 개 데이타 이동
END   2022-06-21 08:00:01 --------------------------


START 2022-06-21 08:10:01 --------------------------
live
총 0 개 데이타 이동
END   2022-06-21 08:10:01 --------------------------


START 2022-06-21 08:20:01 --------------------------
live
총 0 개 데이타 이동
END   2022-06-21 08:20:01 --------------------------


START 2022-06-21 08:30:01 --------------------------
live
총 0 개 데이타 이동
END   2022-06-21 08:30:01 --------------------------


START 2022-06-21 08:40:01 --------------------------
live
총 0 개 데이타 이동
END   2022-06-21 08:40:01 --------------------------


START 2022-06-21 08:50:01 --------------------------
live
총 0 개 데이타 이동
END   2022-06-21 08:50:01 --------------------------


START 2022-06-21 09:00:01 --------------------------
live
총 0 개 데이타 이동
END   2022-06-21 09:00:01 --------------------------


START 2022-06-21 09:10:01 --------------------------
live
총 0 개 데이타 이동
END   2022-06-21 09:10:01 --------------------------


START 2022-06-21 09:20:01 --------------------------
live
총 0 개 데이타 이동
END   2022-06-21 09:20:01 --------------------------


START 2022-06-21 09:30:01 --------------------------
live
총 0 개 데이타 이동
END   2022-06-21 09:30:01 --------------------------


START 2022-06-21 09:40:01 --------------------------
live
총 0 개 데이타 이동
END   2022-06-21 09:40:01 --------------------------


START 2022-06-21 09:50:02 --------------------------
live
총 0 개 데이타 이동
END   2022-06-21 09:50:02 --------------------------


START 2022-06-21 10:00:02 --------------------------
live
총 0 개 데이타 이동
END   2022-06-21 10:00:02 --------------------------


START 2022-06-21 10:10:01 --------------------------
live
총 0 개 데이타 이동
END   2022-06-21 10:10:01 --------------------------


START 2022-06-21 10:20:02 --------------------------
live
총 0 개 데이타 이동
END   2022-06-21 10:20:02 --------------------------


START 2022-06-21 10:30:02 --------------------------
live
총 0 개 데이타 이동
END   2022-06-21 10:30:02 --------------------------


START 2022-06-21 10:40:01 --------------------------
live
총 0 개 데이타 이동
END   2022-06-21 10:40:01 --------------------------


START 2022-06-21 10:50:01 --------------------------
live
총 0 개 데이타 이동
END   2022-06-21 10:50:01 --------------------------


START 2022-06-21 11:00:01 --------------------------
live
총 0 개 데이타 이동
END   2022-06-21 11:00:01 --------------------------


START 2022-06-21 11:10:01 --------------------------
live
총 0 개 데이타 이동
END   2022-06-21 11:10:01 --------------------------


START 2022-06-21 11:20:01 --------------------------
live
총 0 개 데이타 이동
END   2022-06-21 11:20:01 --------------------------


START 2022-06-21 11:30:01 --------------------------
live
총 0 개 데이타 이동
END   2022-06-21 11:30:01 --------------------------


START 2022-06-21 11:40:01 --------------------------
live
총 0 개 데이타 이동
END   2022-06-21 11:40:01 --------------------------


START 2022-06-21 11:50:01 --------------------------
live
총 0 개 데이타 이동
END   2022-06-21 11:50:01 --------------------------


START 2022-06-21 12:00:01 --------------------------
live
총 0 개 데이타 이동
END   2022-06-21 12:00:01 --------------------------


START 2022-06-21 12:10:01 --------------------------
live
총 4 개 데이타 이동
데이타 이동 시작 *****
3107729 01024568888 -- 3107730 01088944740 -- 3107731 01067241409 -- 3107732 01086246176 -- 
END   2022-06-21 12:10:01 --------------------------


START 2022-06-21 12:20:01 --------------------------
live
총 0 개 데이타 이동
END   2022-06-21 12:20:01 --------------------------


START 2022-06-21 12:30:01 --------------------------
live
총 0 개 데이타 이동
END   2022-06-21 12:30:01 --------------------------


START 2022-06-21 12:40:01 --------------------------
live
총 0 개 데이타 이동
END   2022-06-21 12:40:01 --------------------------


START 2022-06-21 12:50:01 --------------------------
live
총 0 개 데이타 이동
END   2022-06-21 12:50:01 --------------------------


START 2022-06-21 13:00:01 --------------------------
live
총 0 개 데이타 이동
END   2022-06-21 13:00:01 --------------------------


START 2022-06-21 13:10:01 --------------------------
live
총 0 개 데이타 이동
END   2022-06-21 13:10:01 --------------------------


START 2022-06-21 13:20:01 --------------------------
live
총 0 개 데이타 이동
END   2022-06-21 13:20:01 --------------------------


START 2022-06-21 13:30:01 --------------------------
live
총 0 개 데이타 이동
END   2022-06-21 13:30:01 --------------------------


START 2022-06-21 13:40:01 --------------------------
live
총 0 개 데이타 이동
END   2022-06-21 13:40:01 --------------------------


START 2022-06-21 13:50:01 --------------------------
live
총 0 개 데이타 이동
END   2022-06-21 13:50:01 --------------------------


START 2022-06-21 14:00:01 --------------------------
live
총 0 개 데이타 이동
END   2022-06-21 14:00:01 --------------------------


START 2022-06-21 14:10:01 --------------------------
live
총 0 개 데이타 이동
END   2022-06-21 14:10:01 --------------------------


START 2022-06-21 14:20:02 --------------------------
live
총 0 개 데이타 이동
END   2022-06-21 14:20:02 --------------------------


START 2022-06-21 14:30:01 --------------------------
live
총 0 개 데이타 이동
END   2022-06-21 14:30:01 --------------------------


START 2022-06-21 14:40:01 --------------------------
live
총 0 개 데이타 이동
END   2022-06-21 14:40:01 --------------------------


START 2022-06-21 14:50:01 --------------------------
live
총 0 개 데이타 이동
END   2022-06-21 14:50:01 --------------------------


START 2022-06-21 15:00:01 --------------------------
live
총 0 개 데이타 이동
END   2022-06-21 15:00:01 --------------------------


START 2022-06-21 15:10:01 --------------------------
live
총 0 개 데이타 이동
END   2022-06-21 15:10:01 --------------------------


START 2022-06-21 15:20:01 --------------------------
live
총 0 개 데이타 이동
END   2022-06-21 15:20:01 --------------------------


START 2022-06-21 15:30:01 --------------------------
live
총 0 개 데이타 이동
END   2022-06-21 15:30:01 --------------------------


START 2022-06-21 15:40:01 --------------------------
live
총 0 개 데이타 이동
END   2022-06-21 15:40:01 --------------------------


START 2022-06-21 15:50:01 --------------------------
live
총 0 개 데이타 이동
END   2022-06-21 15:50:01 --------------------------


START 2022-06-21 16:00:01 --------------------------
live
총 0 개 데이타 이동
END   2022-06-21 16:00:01 --------------------------


START 2022-06-21 16:10:01 --------------------------
live
총 0 개 데이타 이동
END   2022-06-21 16:10:01 --------------------------


START 2022-06-21 16:20:01 --------------------------
live
총 0 개 데이타 이동
END   2022-06-21 16:20:01 --------------------------


START 2022-06-21 16:30:01 --------------------------
live
총 0 개 데이타 이동
END   2022-06-21 16:30:01 --------------------------


START 2022-06-21 16:40:01 --------------------------
live
총 0 개 데이타 이동
END   2022-06-21 16:40:01 --------------------------


START 2022-06-21 16:50:01 --------------------------
live
총 0 개 데이타 이동
END   2022-06-21 16:50:01 --------------------------


START 2022-06-21 17:00:01 --------------------------
live
총 0 개 데이타 이동
END   2022-06-21 17:00:01 --------------------------


START 2022-06-21 17:10:01 --------------------------
live
총 0 개 데이타 이동
END   2022-06-21 17:10:01 --------------------------


START 2022-06-21 17:20:01 --------------------------
live
총 0 개 데이타 이동
END   2022-06-21 17:20:01 --------------------------


START 2022-06-21 17:30:01 --------------------------
live
총 0 개 데이타 이동
END   2022-06-21 17:30:01 --------------------------


START 2022-06-21 17:40:01 --------------------------
live
총 0 개 데이타 이동
END   2022-06-21 17:40:01 --------------------------


START 2022-06-21 17:50:01 --------------------------
live
총 0 개 데이타 이동
END   2022-06-21 17:50:01 --------------------------


START 2022-06-21 18:00:02 --------------------------
live
총 0 개 데이타 이동
END   2022-06-21 18:00:02 --------------------------


START 2022-06-21 18:10:01 --------------------------
live
총 0 개 데이타 이동
END   2022-06-21 18:10:01 --------------------------


START 2022-06-21 18:20:01 --------------------------
live
총 0 개 데이타 이동
END   2022-06-21 18:20:01 --------------------------


START 2022-06-21 18:30:01 --------------------------
live
총 0 개 데이타 이동
END   2022-06-21 18:30:01 --------------------------


START 2022-06-21 18:40:01 --------------------------
live
총 1 개 데이타 이동
데이타 이동 시작 *****
3107733 01099132729 -- 
END   2022-06-21 18:40:01 --------------------------


START 2022-06-21 18:50:01 --------------------------
live
총 0 개 데이타 이동
END   2022-06-21 18:50:01 --------------------------


START 2022-06-21 19:00:01 --------------------------
live
총 0 개 데이타 이동
END   2022-06-21 19:00:01 --------------------------


START 2022-06-21 19:10:01 --------------------------
live
총 0 개 데이타 이동
END   2022-06-21 19:10:01 --------------------------


START 2022-06-21 19:20:01 --------------------------
live
총 0 개 데이타 이동
END   2022-06-21 19:20:01 --------------------------


START 2022-06-21 19:30:01 --------------------------
live
총 0 개 데이타 이동
END   2022-06-21 19:30:01 --------------------------


START 2022-06-21 19:40:01 --------------------------
live
총 0 개 데이타 이동
END   2022-06-21 19:40:01 --------------------------


START 2022-06-21 19:50:01 --------------------------
live
총 0 개 데이타 이동
END   2022-06-21 19:50:01 --------------------------


START 2022-06-21 20:00:01 --------------------------
live
총 0 개 데이타 이동
END   2022-06-21 20:00:01 --------------------------


START 2022-06-21 20:10:01 --------------------------
live
총 0 개 데이타 이동
END   2022-06-21 20:10:01 --------------------------


START 2022-06-21 20:20:01 --------------------------
live
총 0 개 데이타 이동
END   2022-06-21 20:20:01 --------------------------


START 2022-06-21 20:30:02 --------------------------
live
총 0 개 데이타 이동
END   2022-06-21 20:30:02 --------------------------


START 2022-06-21 20:40:01 --------------------------
live
총 0 개 데이타 이동
END   2022-06-21 20:40:01 --------------------------


START 2022-06-21 20:50:01 --------------------------
live
총 0 개 데이타 이동
END   2022-06-21 20:50:01 --------------------------


START 2022-06-21 21:00:01 --------------------------
live
총 0 개 데이타 이동
END   2022-06-21 21:00:01 --------------------------


START 2022-06-21 21:10:01 --------------------------
live
총 0 개 데이타 이동
END   2022-06-21 21:10:01 --------------------------


START 2022-06-21 21:20:01 --------------------------
live
총 0 개 데이타 이동
END   2022-06-21 21:20:01 --------------------------


START 2022-06-21 21:30:01 --------------------------
live
총 0 개 데이타 이동
END   2022-06-21 21:30:01 --------------------------


START 2022-06-21 21:40:01 --------------------------
live
총 0 개 데이타 이동
END   2022-06-21 21:40:01 --------------------------


START 2022-06-21 21:50:01 --------------------------
live
총 0 개 데이타 이동
END   2022-06-21 21:50:01 --------------------------


START 2022-06-21 22:00:01 --------------------------
live
총 0 개 데이타 이동
END   2022-06-21 22:00:01 --------------------------


START 2022-06-21 22:10:01 --------------------------
live
총 0 개 데이타 이동
END   2022-06-21 22:10:01 --------------------------


START 2022-06-21 22:20:01 --------------------------
live
총 0 개 데이타 이동
END   2022-06-21 22:20:01 --------------------------


START 2022-06-21 22:30:01 --------------------------
live
총 0 개 데이타 이동
END   2022-06-21 22:30:01 --------------------------


START 2022-06-21 22:40:01 --------------------------
live
총 0 개 데이타 이동
END   2022-06-21 22:40:01 --------------------------


START 2022-06-21 22:50:01 --------------------------
live
총 0 개 데이타 이동
END   2022-06-21 22:50:01 --------------------------


START 2022-06-21 23:00:02 --------------------------
live
총 0 개 데이타 이동
END   2022-06-21 23:00:02 --------------------------


START 2022-06-21 23:10:01 --------------------------
live
총 0 개 데이타 이동
END   2022-06-21 23:10:01 --------------------------


START 2022-06-21 23:20:01 --------------------------
live
총 0 개 데이타 이동
END   2022-06-21 23:20:01 --------------------------


START 2022-06-21 23:30:01 --------------------------
live
총 0 개 데이타 이동
END   2022-06-21 23:30:01 --------------------------


START 2022-06-21 23:40:01 --------------------------
live
총 0 개 데이타 이동
END   2022-06-21 23:40:01 --------------------------


START 2022-06-21 23:50:01 --------------------------
live
총 0 개 데이타 이동
END   2022-06-21 23:50:01 --------------------------


