START 2022-10-05 00:00:02 --------------------------
live
총 0 개 데이타 이동
END   2022-10-05 00:00:02 --------------------------


START 2022-10-05 00:10:01 --------------------------
live
총 0 개 데이타 이동
END   2022-10-05 00:10:01 --------------------------


START 2022-10-05 00:20:01 --------------------------
live
총 0 개 데이타 이동
END   2022-10-05 00:20:01 --------------------------


START 2022-10-05 00:30:01 --------------------------
live
총 0 개 데이타 이동
END   2022-10-05 00:30:01 --------------------------


START 2022-10-05 00:40:02 --------------------------
live
총 0 개 데이타 이동
END   2022-10-05 00:40:02 --------------------------


START 2022-10-05 00:50:01 --------------------------
live
총 0 개 데이타 이동
END   2022-10-05 00:50:01 --------------------------


START 2022-10-05 01:00:01 --------------------------
live
총 0 개 데이타 이동
END   2022-10-05 01:00:01 --------------------------


START 2022-10-05 01:10:01 --------------------------
live
총 0 개 데이타 이동
END   2022-10-05 01:10:01 --------------------------


START 2022-10-05 01:20:01 --------------------------
live
총 0 개 데이타 이동
END   2022-10-05 01:20:01 --------------------------


START 2022-10-05 01:30:01 --------------------------
live
총 0 개 데이타 이동
END   2022-10-05 01:30:01 --------------------------


START 2022-10-05 01:40:01 --------------------------
live
총 0 개 데이타 이동
END   2022-10-05 01:40:01 --------------------------


START 2022-10-05 01:50:01 --------------------------
live
총 0 개 데이타 이동
END   2022-10-05 01:50:01 --------------------------


START 2022-10-05 02:00:01 --------------------------
live
총 0 개 데이타 이동
END   2022-10-05 02:00:02 --------------------------


START 2022-10-05 02:10:01 --------------------------
live
총 0 개 데이타 이동
END   2022-10-05 02:10:01 --------------------------


START 2022-10-05 02:20:01 --------------------------
live
총 0 개 데이타 이동
END   2022-10-05 02:20:01 --------------------------


START 2022-10-05 02:30:01 --------------------------
live
총 0 개 데이타 이동
END   2022-10-05 02:30:01 --------------------------


START 2022-10-05 02:40:01 --------------------------
live
총 0 개 데이타 이동
END   2022-10-05 02:40:01 --------------------------


START 2022-10-05 02:50:01 --------------------------
live
총 0 개 데이타 이동
END   2022-10-05 02:50:01 --------------------------


START 2022-10-05 03:00:01 --------------------------
live
총 0 개 데이타 이동
END   2022-10-05 03:00:01 --------------------------


START 2022-10-05 03:10:02 --------------------------
live
총 0 개 데이타 이동
END   2022-10-05 03:10:02 --------------------------


START 2022-10-05 03:20:01 --------------------------
live
총 0 개 데이타 이동
END   2022-10-05 03:20:01 --------------------------


START 2022-10-05 03:30:01 --------------------------
live
총 0 개 데이타 이동
END   2022-10-05 03:30:01 --------------------------


START 2022-10-05 03:40:01 --------------------------
live
총 0 개 데이타 이동
END   2022-10-05 03:40:01 --------------------------


START 2022-10-05 03:50:01 --------------------------
live
총 0 개 데이타 이동
END   2022-10-05 03:50:01 --------------------------


START 2022-10-05 04:00:01 --------------------------
live
총 0 개 데이타 이동
END   2022-10-05 04:00:01 --------------------------


START 2022-10-05 04:10:01 --------------------------
live
총 0 개 데이타 이동
END   2022-10-05 04:10:01 --------------------------


START 2022-10-05 04:20:02 --------------------------
live
총 0 개 데이타 이동
END   2022-10-05 04:20:02 --------------------------


START 2022-10-05 04:30:01 --------------------------
live
총 0 개 데이타 이동
END   2022-10-05 04:30:01 --------------------------


START 2022-10-05 04:40:01 --------------------------
live
총 0 개 데이타 이동
END   2022-10-05 04:40:01 --------------------------


START 2022-10-05 04:50:01 --------------------------
live
총 0 개 데이타 이동
END   2022-10-05 04:50:01 --------------------------


START 2022-10-05 05:00:01 --------------------------
live
총 0 개 데이타 이동
END   2022-10-05 05:00:01 --------------------------


START 2022-10-05 05:10:01 --------------------------
live
총 0 개 데이타 이동
END   2022-10-05 05:10:01 --------------------------


START 2022-10-05 05:20:01 --------------------------
live
총 0 개 데이타 이동
END   2022-10-05 05:20:01 --------------------------


START 2022-10-05 05:30:01 --------------------------
live
총 0 개 데이타 이동
END   2022-10-05 05:30:01 --------------------------


START 2022-10-05 05:40:02 --------------------------
live
총 0 개 데이타 이동
END   2022-10-05 05:40:02 --------------------------


START 2022-10-05 05:50:01 --------------------------
live
총 0 개 데이타 이동
END   2022-10-05 05:50:01 --------------------------


START 2022-10-05 06:00:01 --------------------------
live
총 0 개 데이타 이동
END   2022-10-05 06:00:01 --------------------------


START 2022-10-05 06:10:01 --------------------------
live
총 0 개 데이타 이동
END   2022-10-05 06:10:01 --------------------------


START 2022-10-05 06:20:01 --------------------------
live
총 0 개 데이타 이동
END   2022-10-05 06:20:01 --------------------------


START 2022-10-05 06:30:01 --------------------------
live
총 0 개 데이타 이동
END   2022-10-05 06:30:01 --------------------------


START 2022-10-05 06:40:01 --------------------------
live
총 0 개 데이타 이동
END   2022-10-05 06:40:01 --------------------------


START 2022-10-05 06:50:01 --------------------------
live
총 0 개 데이타 이동
END   2022-10-05 06:50:01 --------------------------


START 2022-10-05 07:00:02 --------------------------
live
총 0 개 데이타 이동
END   2022-10-05 07:00:02 --------------------------


START 2022-10-05 07:10:01 --------------------------
live
총 0 개 데이타 이동
END   2022-10-05 07:10:01 --------------------------


START 2022-10-05 07:20:01 --------------------------
live
총 0 개 데이타 이동
END   2022-10-05 07:20:01 --------------------------


START 2022-10-05 07:30:01 --------------------------
live
총 0 개 데이타 이동
END   2022-10-05 07:30:01 --------------------------


START 2022-10-05 07:40:01 --------------------------
live
총 0 개 데이타 이동
END   2022-10-05 07:40:01 --------------------------


START 2022-10-05 07:50:01 --------------------------
live
총 0 개 데이타 이동
END   2022-10-05 07:50:02 --------------------------


START 2022-10-05 08:00:01 --------------------------
live
총 0 개 데이타 이동
END   2022-10-05 08:00:01 --------------------------


START 2022-10-05 08:10:01 --------------------------
live
총 0 개 데이타 이동
END   2022-10-05 08:10:01 --------------------------


START 2022-10-05 08:20:01 --------------------------
live
총 0 개 데이타 이동
END   2022-10-05 08:20:01 --------------------------


START 2022-10-05 08:30:01 --------------------------
live
총 0 개 데이타 이동
END   2022-10-05 08:30:01 --------------------------


START 2022-10-05 08:40:01 --------------------------
live
총 0 개 데이타 이동
END   2022-10-05 08:40:01 --------------------------


START 2022-10-05 08:50:01 --------------------------
live
총 0 개 데이타 이동
END   2022-10-05 08:50:01 --------------------------


START 2022-10-05 09:00:01 --------------------------
live
총 0 개 데이타 이동
END   2022-10-05 09:00:01 --------------------------


START 2022-10-05 09:10:01 --------------------------
live
총 0 개 데이타 이동
END   2022-10-05 09:10:01 --------------------------


START 2022-10-05 09:20:01 --------------------------
live
총 0 개 데이타 이동
END   2022-10-05 09:20:01 --------------------------


START 2022-10-05 09:30:01 --------------------------
live
총 0 개 데이타 이동
END   2022-10-05 09:30:01 --------------------------


START 2022-10-05 09:40:01 --------------------------
live
총 0 개 데이타 이동
END   2022-10-05 09:40:01 --------------------------


START 2022-10-05 09:50:01 --------------------------
live
총 0 개 데이타 이동
END   2022-10-05 09:50:01 --------------------------


START 2022-10-05 10:00:01 --------------------------
live
총 0 개 데이타 이동
END   2022-10-05 10:00:01 --------------------------


START 2022-10-05 10:10:01 --------------------------
live
총 0 개 데이타 이동
END   2022-10-05 10:10:01 --------------------------


START 2022-10-05 10:20:01 --------------------------
live
3 개의 삭제대상 레코드 발견
delete from cf_Msg_Tran where moved='Y' and Send_Time < now() - interval 30 DAY
3 개 삭제

총 0 개 데이타 이동
END   2022-10-05 10:20:01 --------------------------


START 2022-10-05 10:30:01 --------------------------
live
총 0 개 데이타 이동
END   2022-10-05 10:30:01 --------------------------


START 2022-10-05 10:40:01 --------------------------
live
총 7 개 데이타 이동
데이타 이동 시작 *****
3110625 01056642444 -- 3110626 01056070130 -- 3110627 01056070130 -- 3110628 01082300118 -- 3110629 01037808203 -- 3110630 01067466580 -- 3110631 01088372069 -- 
END   2022-10-05 10:40:01 --------------------------


START 2022-10-05 10:50:01 --------------------------
live
총 0 개 데이타 이동
END   2022-10-05 10:50:01 --------------------------


START 2022-10-05 11:00:01 --------------------------
live
10 개의 삭제대상 레코드 발견
delete from cf_Msg_Tran where moved='Y' and Send_Time < now() - interval 30 DAY
10 개 삭제

총 0 개 데이타 이동
END   2022-10-05 11:00:01 --------------------------


START 2022-10-05 11:10:01 --------------------------
live
총 0 개 데이타 이동
END   2022-10-05 11:10:01 --------------------------


START 2022-10-05 11:20:01 --------------------------
live
총 0 개 데이타 이동
END   2022-10-05 11:20:01 --------------------------


START 2022-10-05 11:30:01 --------------------------
live
총 0 개 데이타 이동
END   2022-10-05 11:30:01 --------------------------


START 2022-10-05 11:40:01 --------------------------
live
총 0 개 데이타 이동
END   2022-10-05 11:40:01 --------------------------


START 2022-10-05 11:50:01 --------------------------
live
총 0 개 데이타 이동
END   2022-10-05 11:50:01 --------------------------


START 2022-10-05 12:00:02 --------------------------
live
총 0 개 데이타 이동
END   2022-10-05 12:00:02 --------------------------


START 2022-10-05 12:10:01 --------------------------
live
총 0 개 데이타 이동
END   2022-10-05 12:10:01 --------------------------


START 2022-10-05 12:20:01 --------------------------
live
총 0 개 데이타 이동
END   2022-10-05 12:20:01 --------------------------


START 2022-10-05 12:30:01 --------------------------
live
4 개의 삭제대상 레코드 발견
delete from cf_Msg_Tran where moved='Y' and Send_Time < now() - interval 30 DAY
4 개 삭제

총 0 개 데이타 이동
END   2022-10-05 12:30:01 --------------------------


START 2022-10-05 12:40:01 --------------------------
live
총 0 개 데이타 이동
END   2022-10-05 12:40:01 --------------------------


START 2022-10-05 12:50:01 --------------------------
live
총 0 개 데이타 이동
END   2022-10-05 12:50:01 --------------------------


START 2022-10-05 13:00:01 --------------------------
live
총 0 개 데이타 이동
END   2022-10-05 13:00:01 --------------------------


START 2022-10-05 13:10:01 --------------------------
live
총 0 개 데이타 이동
END   2022-10-05 13:10:01 --------------------------


START 2022-10-05 13:20:01 --------------------------
live
총 0 개 데이타 이동
END   2022-10-05 13:20:01 --------------------------


START 2022-10-05 13:30:02 --------------------------
live
총 0 개 데이타 이동
END   2022-10-05 13:30:02 --------------------------


START 2022-10-05 13:40:01 --------------------------
live
총 0 개 데이타 이동
END   2022-10-05 13:40:01 --------------------------


START 2022-10-05 13:50:01 --------------------------
live
총 0 개 데이타 이동
END   2022-10-05 13:50:01 --------------------------


START 2022-10-05 14:00:01 --------------------------
live
총 0 개 데이타 이동
END   2022-10-05 14:00:01 --------------------------


START 2022-10-05 14:10:01 --------------------------
live
총 0 개 데이타 이동
END   2022-10-05 14:10:01 --------------------------


START 2022-10-05 14:20:01 --------------------------
live
총 0 개 데이타 이동
END   2022-10-05 14:20:01 --------------------------


START 2022-10-05 14:30:01 --------------------------
live
총 0 개 데이타 이동
END   2022-10-05 14:30:01 --------------------------


START 2022-10-05 14:40:01 --------------------------
live
총 0 개 데이타 이동
END   2022-10-05 14:40:01 --------------------------


START 2022-10-05 14:50:01 --------------------------
live
총 0 개 데이타 이동
END   2022-10-05 14:50:01 --------------------------


START 2022-10-05 15:00:01 --------------------------
live
총 0 개 데이타 이동
END   2022-10-05 15:00:01 --------------------------


START 2022-10-05 15:10:01 --------------------------
live
총 0 개 데이타 이동
END   2022-10-05 15:10:01 --------------------------


START 2022-10-05 15:20:01 --------------------------
live
총 0 개 데이타 이동
END   2022-10-05 15:20:02 --------------------------


START 2022-10-05 15:30:01 --------------------------
live
총 0 개 데이타 이동
END   2022-10-05 15:30:01 --------------------------


START 2022-10-05 15:40:01 --------------------------
live
총 0 개 데이타 이동
END   2022-10-05 15:40:01 --------------------------


START 2022-10-05 15:50:01 --------------------------
live
총 0 개 데이타 이동
END   2022-10-05 15:50:01 --------------------------


START 2022-10-05 16:00:01 --------------------------
live
499 개의 삭제대상 레코드 발견
delete from cf_Msg_Tran where moved='Y' and Send_Time < now() - interval 30 DAY
499 개 삭제

총 9 개 데이타 이동
데이타 이동 시작 *****
3110632 01024568888 -- 3110633 01056179090 -- 3110634 01080060401 -- 3110635 01032809295 -- 3110636 01088944740 -- 3110637 01067241409 -- 3110638 01086246176 -- 3110639 01047693024 -- 3110640 01048474041 -- 
END   2022-10-05 16:00:02 --------------------------


START 2022-10-05 16:10:01 --------------------------
live
245 개의 삭제대상 레코드 발견
delete from cf_Msg_Tran where moved='Y' and Send_Time < now() - interval 30 DAY
245 개 삭제

총 499 개 데이타 이동
데이타 이동 시작 *****
3110641 01089809500 -- 3110642 01056179090 -- 3110643 01088944740 -- 3110644 01071406426 -- 3110645 01000000000 -- 3110646 01048559998 -- 3110647 01084853722 -- 3110648 01024255580 -- 3110649 01032080480 -- 3110650 01038456171 -- 3110651 01032767136 -- 3110652 01036290086 -- 3110653 01025965960 -- 3110654 01054337079 -- 3110655 01033233635 -- 3110656 01085254425 -- 3110657 01067365836 -- 3110658 01052581559 -- 3110659 01098103929 -- 3110660 01039225011 -- 3110661 01099078005 -- 3110662 01037680656 -- 3110663 01085457377 -- 3110664 01024418408 -- 3110665 01090541722 -- 3110666 01051355998 -- 3110667 01040785648 -- 3110668 01047611419 -- 3110669 01091586988 -- 3110670 01025331799 -- 3110671 01062981205 -- 3110672 01040755648 -- 3110673 01020118660 -- 3110674 01024684144 -- 3110675 01090591729 -- 3110676 01045838082 -- 3110677 01090841316 -- 3110678 01056385648 -- 3110679 01031055066 -- 3110680 01026620156 -- 3110681 01074563414 -- 3110682 01080060401 -- 3110683 01036221041 -- 3110684 01038781568 -- 3110685 01066021240 -- 3110686 01096244049 -- 3110687 01055811130 -- 3110688 01034387161 -- 3110689 01054769598 -- 3110690 01072024436 -- 3110691 01077744787 -- 3110692 01048000840 -- 3110693 01029402275 -- 3110694 01077377161 -- 3110695 01083556311 -- 3110696 01050744659 -- 3110697 01035670357 -- 3110698 01052511526 -- 3110699 01036536333 -- 3110700 01077458838 -- 3110701 01028383596 -- 3110702 01074861150 -- 3110703 01084955266 -- 3110704 01099987089 -- 3110705 01047669598 -- 3110706 01088104271 -- 3110707 01062129669 -- 3110708 01090250170 -- 3110709 01044111900 -- 3110710 01020702785 -- 3110711 01024632493 -- 3110712 01099220633 -- 3110713 01023852877 -- 3110714 01097211289 -- 3110715 01050048613 -- 3110716 01071112791 -- 3110717 01032928539 -- 3110718 01028181790 -- 3110719 01037111425 -- 3110720 01055784182 -- 3110721 01084524840 -- 3110722 01028758714 -- 3110723 01020298660 -- 3110724 01087168273 -- 3110725 01022823751 -- 3110726 01022440387 -- 3110727 01063366397 -- 3110728 01090008350 -- 3110729 01096602954 -- 3110730 01077640833 -- 3110731 01033034049 -- 3110732 01052796394 -- 3110733 01026768031 -- 3110734 01052872887 -- 3110735 01096953357 -- 3110736 01023391280 -- 3110737 01027048101 -- 3110738 01022277891 -- 3110739 01025038030 -- 3110740 01025253503 -- 3110741 01090449305 -- 3110742 01025822921 -- 3110743 01099305802 -- 3110744 01088709476 -- 3110745 01029486029 -- 3110746 01040072088 -- 3110747 01084413000 -- 3110748 01051908890 -- 3110749 01063442658 -- 3110750 01023820582 -- 3110751 01047440100 -- 3110752 01099983715 -- 3110753 01032627534 -- 3110754 01085250212 -- 3110755 01028327161 -- 3110756 01089853574 -- 3110757 01053885985 -- 3110758 01086314114 -- 3110759 01025839599 -- 3110760 01088070154 -- 3110761 01054145128 -- 3110762 01087512991 -- 3110763 01058369318 -- 3110764 01075970656 -- 3110765 01054691828 -- 3110766 01067728938 -- 3110767 01030658164 -- 3110768 01023866074 -- 3110769 01044092225 -- 3110770 01073621715 -- 3110771 01032034634 -- 3110772 01094920122 -- 3110773 01035102076 -- 3110774 01040795037 -- 3110775 01041034080 -- 3110776 01084857840 -- 3110777 01046056227 -- 3110778 01035202480 -- 3110779 01066909834 -- 3110780 01022796394 -- 3110781 01091477152 -- 3110782 01086151037 -- 3110783 01043116359 -- 3110784 01035208378 -- 3110785 01023684895 -- 3110786 01077233161 -- 3110787 01096777325 -- 3110788 01049282796 -- 3110789 01032720989 -- 3110790 01076657952 -- 3110791 01076021122 -- 3110792 01025819094 -- 3110793 01090606815 -- 3110794 01025381304 -- 3110795 01024568888 -- 3110796 01089334297 -- 3110797 01099630157 -- 3110798 01025017195 -- 3110799 01092349512 -- 3110800 01085799305 -- 3110801 01027137503 -- 3110802 01022619132 -- 3110803 01031027072 -- 3110804 01029146096 -- 3110805 01045289126 -- 3110806 01028250112 -- 3110807 01083970192 -- 3110808 01090019235 -- 3110809 01092165126 -- 3110810 01056979638 -- 3110811 01088987263 -- 3110812 01052206332 -- 3110813 01089021506 -- 3110814 01034688843 -- 3110815 01025655404 -- 3110816 01097713688 -- 3110817 01047830619 -- 3110818 01087048288 -- 3110819 01093788481 -- 3110820 01054099303 -- 3110821 01033972369 -- 3110822 01087692979 -- 3110823 01042388189 -- 3110824 01055210995 -- 3110825 01035975643 -- 3110826 01094848016 -- 3110827 01027799335 -- 3110828 01025706902 -- 3110829 01051493879 -- 3110830 01063990887 -- 3110831 01044416217 -- 3110832 01036435392 -- 3110833 01054076652 -- 3110834 01023970315 -- 3110835 01028808605 -- 3110836 01042373665 -- 3110837 01091323462 -- 3110838 01055893949 -- 3110839 01049726470 -- 3110840 01045513315 -- 3110841 01027997799 -- 3110842 01054969174 -- 3110843 01041352130 -- 3110844 01057642217 -- 3110845 01027773525 -- 3110846 01033912044 -- 3110847 01053116649 -- 3110848 01086369429 -- 3110849 01096048604 -- 3110850 01027571542 -- 3110851 01052906157 -- 3110852 01028027476 -- 3110853 01034337439 -- 3110854 01042761570 -- 3110855 01095290938 -- 3110856 01028557650 -- 3110857 01053041688 -- 3110858 01040700202 -- 3110859 01024727203 -- 3110860 01062786450 -- 3110861 01040187776 -- 3110862 01027787557 -- 3110863 01066651862 -- 3110864 01021020978 -- 3110865 01087364460 -- 3110866 01065203794 -- 3110867 01096800874 -- 3110868 01087350259 -- 3110869 01054300038 -- 3110870 01037462659 -- 3110871 01072258476 -- 3110872 01036641211 -- 3110873 01031770250 -- 3110874 01056483112 -- 3110875 01035674295 -- 3110876 01089827320 -- 3110877 01023635295 -- 3110878 01022542509 -- 3110879 01032373258 -- 3110880 01039805463 -- 3110881 01025961001 -- 3110882 01051391737 -- 3110883 01033672340 -- 3110884 01026324415 -- 3110885 01031442535 -- 3110886 01099669600 -- 3110887 01064679762 -- 3110888 01068750929 -- 3110889 01072270295 -- 3110890 01024375210 -- 3110891 01062925621 -- 3110892 01073550219 -- 3110893 01063571889 -- 3110894 01093638288 -- 3110895 01097445368 -- 3110896 01088673215 -- 3110897 01041833462 -- 3110898 01068255510 -- 3110899 01024988765 -- 3110900 01062887276 -- 3110901 01023187244 -- 3110902 01094545621 -- 3110903 01051556259 -- 3110904 01053000348 -- 3110905 01091348432 -- 3110906 01087650610 -- 3110907 01027101386 -- 3110908 01022715862 -- 3110909 01032809295 -- 3110910 01044879879 -- 3110911 01083020559 -- 3110912 01096670997 -- 3110913 01083122081 -- 3110914 01068475560 -- 3110915 01026914627 -- 3110916 01030998284 -- 3110917 01096018531 -- 3110918 01029670755 -- 3110919 01046170852 -- 3110920 01047269700 -- 3110921 01052866394 -- 3110922 01035734223 -- 3110923 01099562500 -- 3110924 01022864746 -- 3110925 01041333080 -- 3110926 01030227413 -- 3110927 01094045733 -- 3110928 01034185354 -- 3110929 01024811200 -- 3110930 01047034590 -- 3110931 01043210974 -- 3110932 01094568404 -- 3110933 01042521915 -- 3110934 01034008792 -- 3110935 01083252396 -- 3110936 01098890488 -- 3110937 01025919018 -- 3110938 01022210415 -- 3110939 01065607135 -- 3110940 01023139786 -- 3110941 01032400200 -- 3110942 01051905575 -- 3110943 01094151896 -- 3110944 01065042304 -- 3110945 01086095231 -- 3110946 01024898844 -- 3110947 01032790929 -- 3110948 01025225354 -- 3110949 01046283805 -- 3110950 01020091678 -- 3110951 01054913305 -- 3110952 01029631262 -- 3110953 01062345410 -- 3110954 01063673137 -- 3110955 01095633266 -- 3110956 01072079866 -- 3110957 01022889796 -- 3110958 01087426059 -- 3110959 01068058683 -- 3110960 01085792779 -- 3110961 01075620917 -- 3110962 01027838087 -- 3110963 01050185287 -- 3110964 01092624545 -- 3110965 01090053771 -- 3110966 01083801663 -- 3110967 01034708482 -- 3110968 01063602648 -- 3110969 01050804347 -- 3110970 01047045067 -- 3110971 01047339337 -- 3110972 01051151065 -- 3110973 01056278166 -- 3110974 01020469568 -- 3110975 01050998610 -- 3110976 01040585435 -- 3110977 01080282963 -- 3110978 01062266691 -- 3110979 01094650618 -- 3110980 01044323663 -- 3110981 01035331835 -- 3110982 01099840755 -- 3110983 01090227821 -- 3110984 01027256329 -- 3110985 01086217981 -- 3110986 01026419303 -- 3110987 01027978166 -- 3110988 01025933461 -- 3110989 01072334588 -- 3110990 01066977881 -- 3110991 01088127855 -- 3110992 01089503805 -- 3110993 01089261174 -- 3110994 01084189654 -- 3110995 01055875696 -- 3110996 01022932078 -- 3110997 01020654940 -- 3110998 01037506140 -- 3110999 01034307549 -- 3111000 01059335739 -- 3111001 01090546780 -- 3111002 01043691761 -- 3111003 01093534183 -- 3111004 01032851333 -- 3111005 01089325845 -- 3111006 01037273581 -- 3111007 01092710236 -- 3111008 01030028136 -- 3111009 01077131745 -- 3111010 01093090693 -- 3111011 01053162585 -- 3111012 01072742904 -- 3111013 01022210755 -- 3111014 01071759336 -- 3111015 01074119954 -- 3111016 01093654800 -- 3111017 01090661005 -- 3111018 01034331545 -- 3111019 01045494089 -- 3111020 01020437387 -- 3111021 01095161304 -- 3111022 01054437171 -- 3111023 01028174058 -- 3111024 01094964330 -- 3111025 01073121901 -- 3111026 01055181938 -- 3111027 01034687707 -- 3111028 01041220436 -- 3111029 01032075660 -- 3111030 01041068053 -- 3111031 01027874654 -- 3111032 01087860890 -- 3111033 01055689281 -- 3111034 01076385066 -- 3111035 01065230787 -- 3111036 01067837877 -- 3111037 01066362892 -- 3111038 01045073888 -- 3111039 01086425892 -- 3111040 01091226861 -- 3111041 01056246783 -- 3111042 01042525021 -- 3111043 01025628526 -- 3111044 01092900411 -- 3111045 01091447778 -- 3111046 01048716457 -- 3111047 01056050509 -- 3111048 01026684196 -- 3111049 01055282947 -- 3111050 01022945466 -- 3111051 01028553925 -- 3111052 01092509504 -- 3111053 01090577511 -- 3111054 01022657795 -- 3111055 01088320080 -- 3111056 01091340552 -- 3111057 01031996406 -- 3111058 01057333333 -- 3111059 01052940580 -- 3111060 01039096091 -- 3111061 01038285532 -- 3111062 01071383930 -- 3111063 01044216187 -- 3111064 01090683044 -- 3111065 01090617472 -- 3111066 01088531571 -- 3111067 01030908969 -- 3111068 01045203700 -- 3111069 01093216562 -- 3111070 01062389863 -- 3111071 01056446916 -- 3111072 01022810314 -- 3111073 01086192778 -- 3111074 01034520874 -- 3111075 01062471127 -- 3111076 01072210359 -- 3111077 01085424473 -- 3111078 01055003148 -- 3111079 01027588518 -- 3111080 01062654092 -- 3111081 01092652159 -- 3111082 01067573149 -- 3111083 01088965210 -- 3111084 01056470098 -- 3111085 01023557912 -- 3111086 01086028404 -- 3111087 01044950424 -- 3111088 01089080903 -- 3111089 01046322021 -- 3111090 01033875689 -- 3111091 01035935827 -- 3111092 01063583990 -- 3111093 01096697317 -- 3111094 01050315370 -- 3111095 01024385210 -- 3111096 01022783635 -- 3111097 01024112531 -- 3111098 01089350355 -- 3111099 01024492822 -- 3111100 01047205891 -- 3111101 01072341608 -- 3111102 01042000264 -- 3111103 01020667912 -- 3111104 01042211466 -- 3111105 01033212058 -- 3111106 01032754498 -- 3111107 01023577720 -- 3111108 01097393095 -- 3111109 01057663103 -- 3111110 01033235579 -- 3111111 01025947606 -- 3111112 01035289425 -- 3111113 01027391248 -- 3111114 01030525090 -- 3111115 01035932373 -- 3111116 01033148053 -- 3111117 01075727519 -- 3111118 01048572879 -- 3111119 01083775694 -- 3111120 01092030690 -- 3111121 01066014010 -- 3111122 01062220403 -- 3111123 01052414305 -- 3111124 01049314200 -- 3111125 01066014624 -- 3111126 01045848128 -- 3111127 01032151549 -- 3111128 01042703665 -- 3111129 01096179212 -- 3111130 01099599705 -- 3111131 01022612509 -- 3111132 01028075348 -- 3111133 01049206007 -- 3111134 01075380509 -- 3111135 01085560961 -- 3111136 01056787050 -- 3111137 01057670199 -- 3111138 01082223613 -- 3111139 01040403182 -- 
END   2022-10-05 16:10:03 --------------------------


START 2022-10-05 16:20:01 --------------------------
live
총 171 개 데이타 이동
데이타 이동 시작 *****
3111140 01033786296 -- 3111141 01035848584 -- 3111142 01063654224 -- 3111143 01071021420 -- 3111144 01073304532 -- 3111145 01034139320 -- 3111146 01030528425 -- 3111147 01088495772 -- 3111148 01054601736 -- 3111149 01023551611 -- 3111150 01032954241 -- 3111151 01040567636 -- 3111152 01031851404 -- 3111153 01031872731 -- 3111154 01032252044 -- 3111155 01026351435 -- 3111156 01020106447 -- 3111157 01089355042 -- 3111158 01024780196 -- 3111159 01066013121 -- 3111160 01080806634 -- 3111161 01098823882 -- 3111162 01097523261 -- 3111163 01029558574 -- 3111164 01047078352 -- 3111165 01090409624 -- 3111166 01089966776 -- 3111167 01032595971 -- 3111168 01089172924 -- 3111169 01088215370 -- 3111170 01026188223 -- 3111171 01089704980 -- 3111172 01091011469 -- 3111173 01091979434 -- 3111174 01037398881 -- 3111175 01064377199 -- 3111176 01074402954 -- 3111177 01020418268 -- 3111178 01091792960 -- 3111179 01063725368 -- 3111180 01093883634 -- 3111181 01056831689 -- 3111182 01023626155 -- 3111183 01087894932 -- 3111184 01087298539 -- 3111185 01066365527 -- 3111186 01031674732 -- 3111187 01026174665 -- 3111188 01023455756 -- 3111189 01031047401 -- 3111190 01051202887 -- 3111191 01072261030 -- 3111192 01020021543 -- 3111193 01047688113 -- 3111194 01041809484 -- 3111195 01093680255 -- 3111196 01032175051 -- 3111197 01055781514 -- 3111198 01055826457 -- 3111199 01026935368 -- 3111200 01092767871 -- 3111201 01065927747 -- 3111202 01065617749 -- 3111203 01082552329 -- 3111204 01043797237 -- 3111205 01025075825 -- 3111206 01057451130 -- 3111207 01044184204 -- 3111208 01055269856 -- 3111209 01023017446 -- 3111210 01076341224 -- 3111211 01093160364 -- 3111212 01035583972 -- 3111213 01025556691 -- 3111214 01034519597 -- 3111215 01023993530 -- 3111216 01075679210 -- 3111217 01022492977 -- 3111218 01085881834 -- 3111219 01088592943 -- 3111220 01047011720 -- 3111221 01095728704 -- 3111222 01045278102 -- 3111223 01053929134 -- 3111224 01029500864 -- 3111225 01034347966 -- 3111226 01050981100 -- 3111227 01037496322 -- 3111228 01089888202 -- 3111229 01098079920 -- 3111230 01047669084 -- 3111231 01075590739 -- 3111232 01088790591 -- 3111233 01032147886 -- 3111234 01090838172 -- 3111235 01046101285 -- 3111236 01055407522 -- 3111237 01092745957 -- 3111238 01085237531 -- 3111239 01023613230 -- 3111240 01072847779 -- 3111241 01023178270 -- 3111242 01076669831 -- 3111243 01068990302 -- 3111244 01058500582 -- 3111245 01084675870 -- 3111246 01029238915 -- 3111247 01055765687 -- 3111248 01027455687 -- 3111249 01032849691 -- 3111250 01029071565 -- 3111251 01034434244 -- 3111252 01056052249 -- 3111253 01090088090 -- 3111254 01074121719 -- 3111255 01029090143 -- 3111256 01098389056 -- 3111257 01020117120 -- 3111258 01042177188 -- 3111259 01045116445 -- 3111260 01040718867 -- 3111261 01020275966 -- 3111262 01049229137 -- 3111263 01087134836 -- 3111264 01055115551 -- 3111265 01071355278 -- 3111266 01026423571 -- 3111267 01089167950 -- 3111268 01067230604 -- 3111269 01075690304 -- 3111270 01087209332 -- 3111271 01047847611 -- 3111272 01073309633 -- 3111273 01050451201 -- 3111274 01039415332 -- 3111275 01066025332 -- 3111276 01051544288 -- 3111277 01039471196 -- 3111278 01030000949 -- 3111279 01023301554 -- 3111280 01025783682 -- 3111281 01073773655 -- 3111282 01064125260 -- 3111283 01068482436 -- 3111284 01090088699 -- 3111285 01020389627 -- 3111286 01089621534 -- 3111287 01087256000 -- 3111288 01064337180 -- 3111289 01095620039 -- 3111290 01096002006 -- 3111291 01071667532 -- 3111292 01045559122 -- 3111293 01056601359 -- 3111294 01071941589 -- 3111295 01068781339 -- 3111296 01099867456 -- 3111297 01053307870 -- 3111298 01034853662 -- 3111299 01026387945 -- 3111300 01081208184 -- 3111301 01029595831 -- 3111302 01094800107 -- 3111303 01045052001 -- 3111304 01066634217 -- 3111305 01045898241 -- 3111306 01032622501 -- 3111307 01071413793 -- 3111308 01021016352 -- 3111309 01085468873 -- 3111310 01087569959 -- 
END   2022-10-05 16:20:02 --------------------------


START 2022-10-05 16:30:01 --------------------------
live
총 0 개 데이타 이동
END   2022-10-05 16:30:02 --------------------------


START 2022-10-05 16:40:01 --------------------------
live
총 0 개 데이타 이동
END   2022-10-05 16:40:01 --------------------------


START 2022-10-05 16:50:01 --------------------------
live
총 0 개 데이타 이동
END   2022-10-05 16:50:01 --------------------------


START 2022-10-05 17:00:01 --------------------------
live
총 0 개 데이타 이동
END   2022-10-05 17:00:01 --------------------------


START 2022-10-05 17:10:01 --------------------------
live
총 0 개 데이타 이동
END   2022-10-05 17:10:01 --------------------------


START 2022-10-05 17:20:01 --------------------------
live
총 0 개 데이타 이동
END   2022-10-05 17:20:01 --------------------------


START 2022-10-05 17:30:01 --------------------------
live
총 0 개 데이타 이동
END   2022-10-05 17:30:01 --------------------------


START 2022-10-05 17:40:01 --------------------------
live
총 0 개 데이타 이동
END   2022-10-05 17:40:01 --------------------------


START 2022-10-05 17:50:01 --------------------------
live
총 0 개 데이타 이동
END   2022-10-05 17:50:01 --------------------------


START 2022-10-05 18:00:02 --------------------------
live
총 0 개 데이타 이동
END   2022-10-05 18:00:02 --------------------------


START 2022-10-05 18:10:01 --------------------------
live
총 0 개 데이타 이동
END   2022-10-05 18:10:01 --------------------------


START 2022-10-05 18:20:01 --------------------------
live
총 0 개 데이타 이동
END   2022-10-05 18:20:01 --------------------------


START 2022-10-05 18:30:01 --------------------------
live
총 0 개 데이타 이동
END   2022-10-05 18:30:01 --------------------------


START 2022-10-05 18:40:01 --------------------------
live
총 0 개 데이타 이동
END   2022-10-05 18:40:01 --------------------------


START 2022-10-05 18:50:02 --------------------------
live
총 0 개 데이타 이동
END   2022-10-05 18:50:02 --------------------------


START 2022-10-05 19:00:01 --------------------------
live
총 0 개 데이타 이동
END   2022-10-05 19:00:01 --------------------------


START 2022-10-05 19:10:01 --------------------------
live
총 0 개 데이타 이동
END   2022-10-05 19:10:01 --------------------------


START 2022-10-05 19:20:01 --------------------------
live
총 0 개 데이타 이동
END   2022-10-05 19:20:01 --------------------------


START 2022-10-05 19:30:01 --------------------------
live
총 0 개 데이타 이동
END   2022-10-05 19:30:01 --------------------------


START 2022-10-05 19:40:01 --------------------------
live
총 0 개 데이타 이동
END   2022-10-05 19:40:01 --------------------------


START 2022-10-05 19:50:01 --------------------------
live
총 0 개 데이타 이동
END   2022-10-05 19:50:01 --------------------------


START 2022-10-05 20:00:01 --------------------------
live
총 0 개 데이타 이동
END   2022-10-05 20:00:01 --------------------------


START 2022-10-05 20:10:01 --------------------------
live
총 0 개 데이타 이동
END   2022-10-05 20:10:01 --------------------------


START 2022-10-05 20:20:01 --------------------------
live
총 0 개 데이타 이동
END   2022-10-05 20:20:01 --------------------------


START 2022-10-05 20:30:01 --------------------------
live
총 0 개 데이타 이동
END   2022-10-05 20:30:01 --------------------------


START 2022-10-05 20:40:01 --------------------------
live
총 0 개 데이타 이동
END   2022-10-05 20:40:01 --------------------------


START 2022-10-05 20:50:01 --------------------------
live
총 0 개 데이타 이동
END   2022-10-05 20:50:01 --------------------------


START 2022-10-05 21:00:01 --------------------------
live
총 0 개 데이타 이동
END   2022-10-05 21:00:01 --------------------------


START 2022-10-05 21:10:01 --------------------------
live
총 0 개 데이타 이동
END   2022-10-05 21:10:01 --------------------------


START 2022-10-05 21:20:01 --------------------------
live
총 0 개 데이타 이동
END   2022-10-05 21:20:01 --------------------------


START 2022-10-05 21:30:01 --------------------------
live
총 0 개 데이타 이동
END   2022-10-05 21:30:01 --------------------------


START 2022-10-05 21:40:01 --------------------------
live
총 0 개 데이타 이동
END   2022-10-05 21:40:01 --------------------------


START 2022-10-05 21:50:01 --------------------------
live
총 0 개 데이타 이동
END   2022-10-05 21:50:01 --------------------------


START 2022-10-05 22:00:01 --------------------------
live
총 0 개 데이타 이동
END   2022-10-05 22:00:01 --------------------------


START 2022-10-05 22:10:01 --------------------------
live
총 0 개 데이타 이동
END   2022-10-05 22:10:01 --------------------------


START 2022-10-05 22:20:02 --------------------------
live
총 0 개 데이타 이동
END   2022-10-05 22:20:02 --------------------------


START 2022-10-05 22:30:01 --------------------------
live
총 0 개 데이타 이동
END   2022-10-05 22:30:01 --------------------------


START 2022-10-05 22:40:02 --------------------------
live
총 0 개 데이타 이동
END   2022-10-05 22:40:02 --------------------------


START 2022-10-05 22:50:01 --------------------------
live
총 0 개 데이타 이동
END   2022-10-05 22:50:01 --------------------------


START 2022-10-05 23:00:01 --------------------------
live
총 0 개 데이타 이동
END   2022-10-05 23:00:02 --------------------------


START 2022-10-05 23:10:01 --------------------------
live
총 0 개 데이타 이동
END   2022-10-05 23:10:01 --------------------------


START 2022-10-05 23:20:03 --------------------------
live
총 0 개 데이타 이동
END   2022-10-05 23:20:03 --------------------------


START 2022-10-05 23:30:02 --------------------------
live
총 0 개 데이타 이동
END   2022-10-05 23:30:02 --------------------------


START 2022-10-05 23:40:01 --------------------------
live
총 0 개 데이타 이동
END   2022-10-05 23:40:01 --------------------------


START 2022-10-05 23:50:01 --------------------------
live
총 0 개 데이타 이동
END   2022-10-05 23:50:01 --------------------------


