START 2022-05-08 00:00:01 --------------------------
live
총 0 개 데이타 이동
END   2022-05-08 00:00:01 --------------------------


START 2022-05-08 00:10:01 --------------------------
live
총 0 개 데이타 이동
END   2022-05-08 00:10:01 --------------------------


START 2022-05-08 00:20:02 --------------------------
live
총 0 개 데이타 이동
END   2022-05-08 00:20:02 --------------------------


START 2022-05-08 00:30:02 --------------------------
live
총 0 개 데이타 이동
END   2022-05-08 00:30:02 --------------------------


START 2022-05-08 00:40:02 --------------------------
live
총 0 개 데이타 이동
END   2022-05-08 00:40:02 --------------------------


START 2022-05-08 00:50:01 --------------------------
live
총 0 개 데이타 이동
END   2022-05-08 00:50:01 --------------------------


START 2022-05-08 01:00:01 --------------------------
live
총 0 개 데이타 이동
END   2022-05-08 01:00:01 --------------------------


START 2022-05-08 01:10:01 --------------------------
live
총 0 개 데이타 이동
END   2022-05-08 01:10:01 --------------------------


START 2022-05-08 01:20:02 --------------------------
live
총 0 개 데이타 이동
END   2022-05-08 01:20:02 --------------------------


START 2022-05-08 01:30:01 --------------------------
live
총 0 개 데이타 이동
END   2022-05-08 01:30:01 --------------------------


START 2022-05-08 01:40:02 --------------------------
live
총 0 개 데이타 이동
END   2022-05-08 01:40:02 --------------------------


START 2022-05-08 01:50:01 --------------------------
live
총 0 개 데이타 이동
END   2022-05-08 01:50:01 --------------------------


START 2022-05-08 02:00:01 --------------------------
live
총 0 개 데이타 이동
END   2022-05-08 02:00:01 --------------------------


START 2022-05-08 02:10:02 --------------------------
live
총 0 개 데이타 이동
END   2022-05-08 02:10:02 --------------------------


START 2022-05-08 02:20:02 --------------------------
live
총 0 개 데이타 이동
END   2022-05-08 02:20:02 --------------------------


START 2022-05-08 02:30:01 --------------------------
live
총 0 개 데이타 이동
END   2022-05-08 02:30:01 --------------------------


START 2022-05-08 02:40:01 --------------------------
live
총 0 개 데이타 이동
END   2022-05-08 02:40:01 --------------------------


START 2022-05-08 02:50:01 --------------------------
live
총 0 개 데이타 이동
END   2022-05-08 02:50:01 --------------------------


START 2022-05-08 03:00:02 --------------------------
live
총 0 개 데이타 이동
END   2022-05-08 03:00:02 --------------------------


START 2022-05-08 03:10:01 --------------------------
live
총 0 개 데이타 이동
END   2022-05-08 03:10:01 --------------------------


START 2022-05-08 03:20:01 --------------------------
live
총 0 개 데이타 이동
END   2022-05-08 03:20:01 --------------------------


START 2022-05-08 03:30:01 --------------------------
live
총 0 개 데이타 이동
END   2022-05-08 03:30:01 --------------------------


START 2022-05-08 03:40:01 --------------------------
live
총 0 개 데이타 이동
END   2022-05-08 03:40:01 --------------------------


START 2022-05-08 03:50:02 --------------------------
live
총 0 개 데이타 이동
END   2022-05-08 03:50:02 --------------------------


START 2022-05-08 04:00:02 --------------------------
live
총 0 개 데이타 이동
END   2022-05-08 04:00:02 --------------------------


START 2022-05-08 04:10:01 --------------------------
live
총 0 개 데이타 이동
END   2022-05-08 04:10:01 --------------------------


START 2022-05-08 04:20:02 --------------------------
live
총 0 개 데이타 이동
END   2022-05-08 04:20:02 --------------------------


START 2022-05-08 04:30:02 --------------------------
live
총 0 개 데이타 이동
END   2022-05-08 04:30:02 --------------------------


START 2022-05-08 04:40:02 --------------------------
live
총 0 개 데이타 이동
END   2022-05-08 04:40:02 --------------------------


START 2022-05-08 04:50:01 --------------------------
live
총 0 개 데이타 이동
END   2022-05-08 04:50:01 --------------------------


START 2022-05-08 05:00:01 --------------------------
live
총 0 개 데이타 이동
END   2022-05-08 05:00:01 --------------------------


START 2022-05-08 05:10:01 --------------------------
live
총 0 개 데이타 이동
END   2022-05-08 05:10:02 --------------------------


START 2022-05-08 05:20:01 --------------------------
live
총 0 개 데이타 이동
END   2022-05-08 05:20:01 --------------------------


START 2022-05-08 05:30:01 --------------------------
live
총 0 개 데이타 이동
END   2022-05-08 05:30:01 --------------------------


START 2022-05-08 05:40:01 --------------------------
live
총 0 개 데이타 이동
END   2022-05-08 05:40:01 --------------------------


START 2022-05-08 05:50:01 --------------------------
live
총 0 개 데이타 이동
END   2022-05-08 05:50:01 --------------------------


START 2022-05-08 06:00:01 --------------------------
live
총 0 개 데이타 이동
END   2022-05-08 06:00:01 --------------------------


START 2022-05-08 06:10:01 --------------------------
live
총 0 개 데이타 이동
END   2022-05-08 06:10:01 --------------------------


START 2022-05-08 06:20:01 --------------------------
live
총 0 개 데이타 이동
END   2022-05-08 06:20:01 --------------------------


START 2022-05-08 06:30:01 --------------------------
live
총 0 개 데이타 이동
END   2022-05-08 06:30:01 --------------------------


START 2022-05-08 06:40:01 --------------------------
live
총 0 개 데이타 이동
END   2022-05-08 06:40:01 --------------------------


START 2022-05-08 06:50:02 --------------------------
live
총 0 개 데이타 이동
END   2022-05-08 06:50:02 --------------------------


START 2022-05-08 07:00:02 --------------------------
live
총 0 개 데이타 이동
END   2022-05-08 07:00:02 --------------------------


START 2022-05-08 07:10:02 --------------------------
live
총 0 개 데이타 이동
END   2022-05-08 07:10:02 --------------------------


START 2022-05-08 07:20:02 --------------------------
live
총 0 개 데이타 이동
END   2022-05-08 07:20:02 --------------------------


START 2022-05-08 07:30:02 --------------------------
live
총 0 개 데이타 이동
END   2022-05-08 07:30:02 --------------------------


START 2022-05-08 07:40:02 --------------------------
live
총 0 개 데이타 이동
END   2022-05-08 07:40:02 --------------------------


START 2022-05-08 07:50:02 --------------------------
live
총 0 개 데이타 이동
END   2022-05-08 07:50:02 --------------------------


START 2022-05-08 08:00:02 --------------------------
live
총 0 개 데이타 이동
END   2022-05-08 08:00:02 --------------------------


START 2022-05-08 08:10:01 --------------------------
live
총 0 개 데이타 이동
END   2022-05-08 08:10:01 --------------------------


START 2022-05-08 08:20:01 --------------------------
live
총 0 개 데이타 이동
END   2022-05-08 08:20:01 --------------------------


START 2022-05-08 08:30:01 --------------------------
live
총 0 개 데이타 이동
END   2022-05-08 08:30:01 --------------------------


START 2022-05-08 08:40:01 --------------------------
live
총 0 개 데이타 이동
END   2022-05-08 08:40:01 --------------------------


START 2022-05-08 08:50:01 --------------------------
live
총 0 개 데이타 이동
END   2022-05-08 08:50:01 --------------------------


START 2022-05-08 09:00:02 --------------------------
live
총 0 개 데이타 이동
END   2022-05-08 09:00:02 --------------------------


START 2022-05-08 09:10:02 --------------------------
live
총 0 개 데이타 이동
END   2022-05-08 09:10:02 --------------------------


START 2022-05-08 09:20:02 --------------------------
live
총 0 개 데이타 이동
END   2022-05-08 09:20:02 --------------------------


START 2022-05-08 09:30:02 --------------------------
live
총 0 개 데이타 이동
END   2022-05-08 09:30:02 --------------------------


START 2022-05-08 09:40:01 --------------------------
live
총 0 개 데이타 이동
END   2022-05-08 09:40:01 --------------------------


START 2022-05-08 09:50:01 --------------------------
live
총 0 개 데이타 이동
END   2022-05-08 09:50:01 --------------------------


START 2022-05-08 10:00:01 --------------------------
live
총 0 개 데이타 이동
END   2022-05-08 10:00:01 --------------------------


START 2022-05-08 10:10:01 --------------------------
live
총 0 개 데이타 이동
END   2022-05-08 10:10:01 --------------------------


START 2022-05-08 10:20:02 --------------------------
live
총 0 개 데이타 이동
END   2022-05-08 10:20:02 --------------------------


START 2022-05-08 10:30:02 --------------------------
live
총 0 개 데이타 이동
END   2022-05-08 10:30:02 --------------------------


START 2022-05-08 10:40:02 --------------------------
live
총 0 개 데이타 이동
END   2022-05-08 10:40:02 --------------------------


START 2022-05-08 10:50:02 --------------------------
live
총 0 개 데이타 이동
END   2022-05-08 10:50:02 --------------------------


START 2022-05-08 11:00:01 --------------------------
live
총 0 개 데이타 이동
END   2022-05-08 11:00:02 --------------------------


START 2022-05-08 11:10:01 --------------------------
live
총 0 개 데이타 이동
END   2022-05-08 11:10:01 --------------------------


START 2022-05-08 11:20:01 --------------------------
live
총 0 개 데이타 이동
END   2022-05-08 11:20:01 --------------------------


START 2022-05-08 11:30:01 --------------------------
live
총 0 개 데이타 이동
END   2022-05-08 11:30:01 --------------------------


START 2022-05-08 11:40:01 --------------------------
live
총 0 개 데이타 이동
END   2022-05-08 11:40:01 --------------------------


START 2022-05-08 11:50:02 --------------------------
live
총 0 개 데이타 이동
END   2022-05-08 11:50:02 --------------------------


START 2022-05-08 12:00:02 --------------------------
live
총 0 개 데이타 이동
END   2022-05-08 12:00:02 --------------------------


START 2022-05-08 12:10:02 --------------------------
live
총 0 개 데이타 이동
END   2022-05-08 12:10:02 --------------------------


START 2022-05-08 12:20:01 --------------------------
live
총 0 개 데이타 이동
END   2022-05-08 12:20:01 --------------------------


START 2022-05-08 12:30:01 --------------------------
live
총 0 개 데이타 이동
END   2022-05-08 12:30:01 --------------------------


START 2022-05-08 12:40:01 --------------------------
live
총 0 개 데이타 이동
END   2022-05-08 12:40:01 --------------------------


START 2022-05-08 12:50:01 --------------------------
live
1 개의 삭제대상 레코드 발견
delete from cf_Msg_Tran where moved='Y' and Send_Time < now() - interval 30 DAY
1 개 삭제

총 0 개 데이타 이동
END   2022-05-08 12:50:01 --------------------------


START 2022-05-08 13:00:01 --------------------------
live
총 0 개 데이타 이동
END   2022-05-08 13:00:01 --------------------------


START 2022-05-08 13:10:01 --------------------------
live
총 0 개 데이타 이동
END   2022-05-08 13:10:01 --------------------------


START 2022-05-08 13:20:02 --------------------------
live
총 0 개 데이타 이동
END   2022-05-08 13:20:02 --------------------------


START 2022-05-08 13:30:02 --------------------------
live
총 0 개 데이타 이동
END   2022-05-08 13:30:02 --------------------------


START 2022-05-08 13:40:02 --------------------------
live
총 0 개 데이타 이동
END   2022-05-08 13:40:02 --------------------------


START 2022-05-08 13:50:02 --------------------------
live
총 0 개 데이타 이동
END   2022-05-08 13:50:02 --------------------------


START 2022-05-08 14:00:01 --------------------------
live
총 0 개 데이타 이동
END   2022-05-08 14:00:01 --------------------------


START 2022-05-08 14:10:01 --------------------------
live
총 0 개 데이타 이동
END   2022-05-08 14:10:01 --------------------------


START 2022-05-08 14:20:01 --------------------------
live
총 0 개 데이타 이동
END   2022-05-08 14:20:01 --------------------------


START 2022-05-08 14:30:01 --------------------------
live
총 0 개 데이타 이동
END   2022-05-08 14:30:01 --------------------------


START 2022-05-08 14:40:02 --------------------------
live
총 0 개 데이타 이동
END   2022-05-08 14:40:02 --------------------------


START 2022-05-08 14:50:02 --------------------------
live
총 0 개 데이타 이동
END   2022-05-08 14:50:02 --------------------------


START 2022-05-08 15:00:02 --------------------------
live
총 0 개 데이타 이동
END   2022-05-08 15:00:02 --------------------------


START 2022-05-08 15:10:02 --------------------------
live
총 0 개 데이타 이동
END   2022-05-08 15:10:02 --------------------------


START 2022-05-08 15:20:01 --------------------------
live
총 0 개 데이타 이동
END   2022-05-08 15:20:01 --------------------------


START 2022-05-08 15:30:01 --------------------------
live
총 0 개 데이타 이동
END   2022-05-08 15:30:01 --------------------------


START 2022-05-08 15:40:01 --------------------------
live
총 0 개 데이타 이동
END   2022-05-08 15:40:01 --------------------------


START 2022-05-08 15:50:01 --------------------------
live
총 0 개 데이타 이동
END   2022-05-08 15:50:01 --------------------------


START 2022-05-08 16:00:02 --------------------------
live
총 0 개 데이타 이동
END   2022-05-08 16:00:02 --------------------------


START 2022-05-08 16:10:02 --------------------------
live
748 개의 삭제대상 레코드 발견
delete from cf_Msg_Tran where moved='Y' and Send_Time < now() - interval 30 DAY
748 개 삭제

총 0 개 데이타 이동
END   2022-05-08 16:10:02 --------------------------


START 2022-05-08 16:20:02 --------------------------
live
420 개의 삭제대상 레코드 발견
delete from cf_Msg_Tran where moved='Y' and Send_Time < now() - interval 30 DAY
420 개 삭제

총 0 개 데이타 이동
END   2022-05-08 16:20:02 --------------------------


START 2022-05-08 16:30:01 --------------------------
live
총 0 개 데이타 이동
END   2022-05-08 16:30:01 --------------------------


START 2022-05-08 16:40:01 --------------------------
live
총 0 개 데이타 이동
END   2022-05-08 16:40:01 --------------------------


START 2022-05-08 16:50:01 --------------------------
live
총 0 개 데이타 이동
END   2022-05-08 16:50:01 --------------------------


START 2022-05-08 17:00:01 --------------------------
live
총 0 개 데이타 이동
END   2022-05-08 17:00:01 --------------------------


START 2022-05-08 17:10:01 --------------------------
live
총 0 개 데이타 이동
END   2022-05-08 17:10:01 --------------------------


START 2022-05-08 17:20:02 --------------------------
live
총 0 개 데이타 이동
END   2022-05-08 17:20:02 --------------------------


START 2022-05-08 17:30:02 --------------------------
live
총 0 개 데이타 이동
END   2022-05-08 17:30:02 --------------------------


START 2022-05-08 17:40:02 --------------------------
live
총 0 개 데이타 이동
END   2022-05-08 17:40:02 --------------------------


START 2022-05-08 17:50:02 --------------------------
live
총 0 개 데이타 이동
END   2022-05-08 17:50:02 --------------------------


START 2022-05-08 18:00:01 --------------------------
live
총 0 개 데이타 이동
END   2022-05-08 18:00:01 --------------------------


START 2022-05-08 18:10:01 --------------------------
live
총 0 개 데이타 이동
END   2022-05-08 18:10:01 --------------------------


START 2022-05-08 18:20:01 --------------------------
live
총 0 개 데이타 이동
END   2022-05-08 18:20:01 --------------------------


START 2022-05-08 18:30:01 --------------------------
live
총 0 개 데이타 이동
END   2022-05-08 18:30:01 --------------------------


START 2022-05-08 18:40:02 --------------------------
live
총 0 개 데이타 이동
END   2022-05-08 18:40:02 --------------------------


START 2022-05-08 18:50:02 --------------------------
live
총 0 개 데이타 이동
END   2022-05-08 18:50:02 --------------------------


START 2022-05-08 19:00:02 --------------------------
live
총 0 개 데이타 이동
END   2022-05-08 19:00:02 --------------------------


START 2022-05-08 19:10:01 --------------------------
live
총 0 개 데이타 이동
END   2022-05-08 19:10:01 --------------------------


START 2022-05-08 19:20:01 --------------------------
live
총 0 개 데이타 이동
END   2022-05-08 19:20:01 --------------------------


START 2022-05-08 19:30:01 --------------------------
live
총 0 개 데이타 이동
END   2022-05-08 19:30:01 --------------------------


START 2022-05-08 19:40:01 --------------------------
live
총 0 개 데이타 이동
END   2022-05-08 19:40:01 --------------------------


START 2022-05-08 19:50:01 --------------------------
live
총 0 개 데이타 이동
END   2022-05-08 19:50:01 --------------------------


START 2022-05-08 20:00:01 --------------------------
live
총 0 개 데이타 이동
END   2022-05-08 20:00:01 --------------------------


START 2022-05-08 20:10:02 --------------------------
live
총 0 개 데이타 이동
END   2022-05-08 20:10:02 --------------------------


START 2022-05-08 20:20:02 --------------------------
live
총 0 개 데이타 이동
END   2022-05-08 20:20:02 --------------------------


START 2022-05-08 20:30:02 --------------------------
live
총 0 개 데이타 이동
END   2022-05-08 20:30:02 --------------------------


START 2022-05-08 20:40:01 --------------------------
live
총 0 개 데이타 이동
END   2022-05-08 20:40:01 --------------------------


START 2022-05-08 20:50:01 --------------------------
live
총 0 개 데이타 이동
END   2022-05-08 20:50:01 --------------------------


START 2022-05-08 21:00:01 --------------------------
live
총 0 개 데이타 이동
END   2022-05-08 21:00:01 --------------------------


START 2022-05-08 21:10:02 --------------------------
live
총 0 개 데이타 이동
END   2022-05-08 21:10:02 --------------------------


START 2022-05-08 21:20:02 --------------------------
live
총 0 개 데이타 이동
END   2022-05-08 21:20:02 --------------------------


START 2022-05-08 21:30:02 --------------------------
live
총 0 개 데이타 이동
END   2022-05-08 21:30:02 --------------------------


START 2022-05-08 21:40:02 --------------------------
live
총 0 개 데이타 이동
END   2022-05-08 21:40:02 --------------------------


START 2022-05-08 21:50:01 --------------------------
live
총 0 개 데이타 이동
END   2022-05-08 21:50:01 --------------------------


START 2022-05-08 22:00:02 --------------------------
live
총 0 개 데이타 이동
END   2022-05-08 22:00:02 --------------------------


START 2022-05-08 22:10:01 --------------------------
live
총 0 개 데이타 이동
END   2022-05-08 22:10:01 --------------------------


START 2022-05-08 22:20:01 --------------------------
live
총 0 개 데이타 이동
END   2022-05-08 22:20:01 --------------------------


START 2022-05-08 22:30:01 --------------------------
live
총 0 개 데이타 이동
END   2022-05-08 22:30:01 --------------------------


START 2022-05-08 22:40:01 --------------------------
live
총 0 개 데이타 이동
END   2022-05-08 22:40:01 --------------------------


START 2022-05-08 22:50:02 --------------------------
live
총 0 개 데이타 이동
END   2022-05-08 22:50:02 --------------------------


START 2022-05-08 23:00:02 --------------------------
live
총 0 개 데이타 이동
END   2022-05-08 23:00:02 --------------------------


START 2022-05-08 23:10:01 --------------------------
live
총 0 개 데이타 이동
END   2022-05-08 23:10:01 --------------------------


START 2022-05-08 23:20:01 --------------------------
live
총 0 개 데이타 이동
END   2022-05-08 23:20:01 --------------------------


START 2022-05-08 23:30:01 --------------------------
live
총 0 개 데이타 이동
END   2022-05-08 23:30:01 --------------------------


START 2022-05-08 23:40:01 --------------------------
live
총 0 개 데이타 이동
END   2022-05-08 23:40:01 --------------------------


START 2022-05-08 23:50:01 --------------------------
live
총 0 개 데이타 이동
END   2022-05-08 23:50:01 --------------------------


