START 2022-11-02 00:00:01 --------------------------
live
총 0 개 데이타 이동
END   2022-11-02 00:00:01 --------------------------


START 2022-11-02 00:10:02 --------------------------
live
총 0 개 데이타 이동
END   2022-11-02 00:10:02 --------------------------


START 2022-11-02 00:20:01 --------------------------
live
총 0 개 데이타 이동
END   2022-11-02 00:20:01 --------------------------


START 2022-11-02 00:30:01 --------------------------
live
총 0 개 데이타 이동
END   2022-11-02 00:30:01 --------------------------


START 2022-11-02 00:40:01 --------------------------
live
총 0 개 데이타 이동
END   2022-11-02 00:40:01 --------------------------


START 2022-11-02 00:50:01 --------------------------
live
총 0 개 데이타 이동
END   2022-11-02 00:50:01 --------------------------


START 2022-11-02 01:00:03 --------------------------
live
총 0 개 데이타 이동
END   2022-11-02 01:00:03 --------------------------


START 2022-11-02 01:10:01 --------------------------
live
총 0 개 데이타 이동
END   2022-11-02 01:10:01 --------------------------


START 2022-11-02 01:20:01 --------------------------
live
총 0 개 데이타 이동
END   2022-11-02 01:20:01 --------------------------


START 2022-11-02 01:30:01 --------------------------
live
총 0 개 데이타 이동
END   2022-11-02 01:30:01 --------------------------


START 2022-11-02 01:40:01 --------------------------
live
총 0 개 데이타 이동
END   2022-11-02 01:40:01 --------------------------


START 2022-11-02 01:50:01 --------------------------
live
총 0 개 데이타 이동
END   2022-11-02 01:50:01 --------------------------


START 2022-11-02 02:00:03 --------------------------
live
총 0 개 데이타 이동
END   2022-11-02 02:00:03 --------------------------


START 2022-11-02 02:10:01 --------------------------
live
총 0 개 데이타 이동
END   2022-11-02 02:10:01 --------------------------


START 2022-11-02 02:20:01 --------------------------
live
총 0 개 데이타 이동
END   2022-11-02 02:20:01 --------------------------


START 2022-11-02 02:30:01 --------------------------
live
총 0 개 데이타 이동
END   2022-11-02 02:30:01 --------------------------


START 2022-11-02 02:40:01 --------------------------
live
총 0 개 데이타 이동
END   2022-11-02 02:40:01 --------------------------


START 2022-11-02 02:50:01 --------------------------
live
총 0 개 데이타 이동
END   2022-11-02 02:50:01 --------------------------


START 2022-11-02 03:00:03 --------------------------
live
총 0 개 데이타 이동
END   2022-11-02 03:00:03 --------------------------


START 2022-11-02 03:10:01 --------------------------
live
총 0 개 데이타 이동
END   2022-11-02 03:10:01 --------------------------


START 2022-11-02 03:20:01 --------------------------
live
총 0 개 데이타 이동
END   2022-11-02 03:20:01 --------------------------


START 2022-11-02 03:30:01 --------------------------
live
총 0 개 데이타 이동
END   2022-11-02 03:30:02 --------------------------


START 2022-11-02 03:40:01 --------------------------
live
총 0 개 데이타 이동
END   2022-11-02 03:40:01 --------------------------


START 2022-11-02 03:50:01 --------------------------
live
총 0 개 데이타 이동
END   2022-11-02 03:50:01 --------------------------


START 2022-11-02 04:00:04 --------------------------
live
총 0 개 데이타 이동
END   2022-11-02 04:00:04 --------------------------


START 2022-11-02 04:10:01 --------------------------
live
총 0 개 데이타 이동
END   2022-11-02 04:10:01 --------------------------


START 2022-11-02 04:20:01 --------------------------
live
총 0 개 데이타 이동
END   2022-11-02 04:20:01 --------------------------


START 2022-11-02 04:30:01 --------------------------
live
총 0 개 데이타 이동
END   2022-11-02 04:30:01 --------------------------


START 2022-11-02 04:40:01 --------------------------
live
총 0 개 데이타 이동
END   2022-11-02 04:40:01 --------------------------


START 2022-11-02 04:50:01 --------------------------
live
총 0 개 데이타 이동
END   2022-11-02 04:50:01 --------------------------


START 2022-11-02 05:00:01 --------------------------
live
총 0 개 데이타 이동
END   2022-11-02 05:00:01 --------------------------


START 2022-11-02 05:10:01 --------------------------
live
총 0 개 데이타 이동
END   2022-11-02 05:10:01 --------------------------


START 2022-11-02 05:20:01 --------------------------
live
총 0 개 데이타 이동
END   2022-11-02 05:20:01 --------------------------


START 2022-11-02 05:30:02 --------------------------
live
총 0 개 데이타 이동
END   2022-11-02 05:30:02 --------------------------


START 2022-11-02 05:40:04 --------------------------
live
총 0 개 데이타 이동
END   2022-11-02 05:40:04 --------------------------


START 2022-11-02 05:50:01 --------------------------
live
총 0 개 데이타 이동
END   2022-11-02 05:50:01 --------------------------


START 2022-11-02 06:00:01 --------------------------
live
총 0 개 데이타 이동
END   2022-11-02 06:00:01 --------------------------


START 2022-11-02 06:10:01 --------------------------
live
총 0 개 데이타 이동
END   2022-11-02 06:10:01 --------------------------


START 2022-11-02 06:20:01 --------------------------
live
총 0 개 데이타 이동
END   2022-11-02 06:20:01 --------------------------


START 2022-11-02 06:30:01 --------------------------
live
총 0 개 데이타 이동
END   2022-11-02 06:30:01 --------------------------


START 2022-11-02 06:40:01 --------------------------
live
총 0 개 데이타 이동
END   2022-11-02 06:40:01 --------------------------


START 2022-11-02 06:50:01 --------------------------
live
총 0 개 데이타 이동
END   2022-11-02 06:50:01 --------------------------


START 2022-11-02 07:00:01 --------------------------
live
총 0 개 데이타 이동
END   2022-11-02 07:00:01 --------------------------


START 2022-11-02 07:10:01 --------------------------
live
총 0 개 데이타 이동
END   2022-11-02 07:10:01 --------------------------


START 2022-11-02 07:20:01 --------------------------
live
총 0 개 데이타 이동
END   2022-11-02 07:20:01 --------------------------


START 2022-11-02 07:30:01 --------------------------
live
총 0 개 데이타 이동
END   2022-11-02 07:30:01 --------------------------


START 2022-11-02 07:40:01 --------------------------
live
총 0 개 데이타 이동
END   2022-11-02 07:40:01 --------------------------


START 2022-11-02 07:50:01 --------------------------
live
총 0 개 데이타 이동
END   2022-11-02 07:50:01 --------------------------


START 2022-11-02 08:00:01 --------------------------
live
총 0 개 데이타 이동
END   2022-11-02 08:00:01 --------------------------


START 2022-11-02 08:10:01 --------------------------
live
총 0 개 데이타 이동
END   2022-11-02 08:10:01 --------------------------


START 2022-11-02 08:20:01 --------------------------
live
총 0 개 데이타 이동
END   2022-11-02 08:20:01 --------------------------


START 2022-11-02 08:30:01 --------------------------
live
총 0 개 데이타 이동
END   2022-11-02 08:30:01 --------------------------


START 2022-11-02 08:40:01 --------------------------
live
총 0 개 데이타 이동
END   2022-11-02 08:40:01 --------------------------


START 2022-11-02 08:50:02 --------------------------
live
총 0 개 데이타 이동
END   2022-11-02 08:50:02 --------------------------


START 2022-11-02 09:00:01 --------------------------
live
총 0 개 데이타 이동
END   2022-11-02 09:00:01 --------------------------


START 2022-11-02 09:10:01 --------------------------
live
총 0 개 데이타 이동
END   2022-11-02 09:10:01 --------------------------


START 2022-11-02 09:20:01 --------------------------
live
총 0 개 데이타 이동
END   2022-11-02 09:20:01 --------------------------


START 2022-11-02 09:30:01 --------------------------
live
총 0 개 데이타 이동
END   2022-11-02 09:30:01 --------------------------


START 2022-11-02 09:40:01 --------------------------
live
총 0 개 데이타 이동
END   2022-11-02 09:40:01 --------------------------


START 2022-11-02 09:50:01 --------------------------
live
총 0 개 데이타 이동
END   2022-11-02 09:50:01 --------------------------


START 2022-11-02 10:00:01 --------------------------
live
총 0 개 데이타 이동
END   2022-11-02 10:00:01 --------------------------


START 2022-11-02 10:10:01 --------------------------
live
총 0 개 데이타 이동
END   2022-11-02 10:10:01 --------------------------


START 2022-11-02 10:20:01 --------------------------
live
총 0 개 데이타 이동
END   2022-11-02 10:20:01 --------------------------


START 2022-11-02 10:30:01 --------------------------
live
총 0 개 데이타 이동
END   2022-11-02 10:30:01 --------------------------


START 2022-11-02 10:40:01 --------------------------
live
총 0 개 데이타 이동
END   2022-11-02 10:40:01 --------------------------


START 2022-11-02 10:50:01 --------------------------
live
총 0 개 데이타 이동
END   2022-11-02 10:50:01 --------------------------


START 2022-11-02 11:00:01 --------------------------
live
총 0 개 데이타 이동
END   2022-11-02 11:00:01 --------------------------


START 2022-11-02 11:10:02 --------------------------
live
총 0 개 데이타 이동
END   2022-11-02 11:10:02 --------------------------


START 2022-11-02 11:20:01 --------------------------
live
총 0 개 데이타 이동
END   2022-11-02 11:20:01 --------------------------


START 2022-11-02 11:30:01 --------------------------
live
총 0 개 데이타 이동
END   2022-11-02 11:30:01 --------------------------


START 2022-11-02 11:40:01 --------------------------
live
총 14 개 데이타 이동
데이타 이동 시작 *****
3111591 01024568888 -- 3111592 01056179090 -- 3111593 01080060401 -- 3111594 01032809295 -- 3111595 01088944740 -- 3111596 01067241409 -- 3111597 01064063972 -- 3111598 01086246176 -- 3111599 01047693024 -- 3111600 01048474041 -- 3111601 01090838172 -- 3111602 01050297528 -- 3111603 01082299622 -- 3111604 01033358065 -- 
END   2022-11-02 11:40:02 --------------------------


START 2022-11-02 11:50:01 --------------------------
live
총 0 개 데이타 이동
END   2022-11-02 11:50:01 --------------------------


START 2022-11-02 12:00:01 --------------------------
live
총 0 개 데이타 이동
END   2022-11-02 12:00:01 --------------------------


START 2022-11-02 12:10:01 --------------------------
live
총 0 개 데이타 이동
END   2022-11-02 12:10:01 --------------------------


START 2022-11-02 12:20:01 --------------------------
live
총 0 개 데이타 이동
END   2022-11-02 12:20:01 --------------------------


START 2022-11-02 12:30:01 --------------------------
live
총 0 개 데이타 이동
END   2022-11-02 12:30:01 --------------------------


START 2022-11-02 12:40:01 --------------------------
live
총 0 개 데이타 이동
END   2022-11-02 12:40:01 --------------------------


START 2022-11-02 12:50:01 --------------------------
live
총 0 개 데이타 이동
END   2022-11-02 12:50:01 --------------------------


START 2022-11-02 13:00:01 --------------------------
live
총 0 개 데이타 이동
END   2022-11-02 13:00:01 --------------------------


START 2022-11-02 13:10:02 --------------------------
live
총 0 개 데이타 이동
END   2022-11-02 13:10:02 --------------------------


START 2022-11-02 13:20:01 --------------------------
live
총 0 개 데이타 이동
END   2022-11-02 13:20:01 --------------------------


START 2022-11-02 13:30:01 --------------------------
live
총 0 개 데이타 이동
END   2022-11-02 13:30:01 --------------------------


START 2022-11-02 13:40:01 --------------------------
live
총 0 개 데이타 이동
END   2022-11-02 13:40:01 --------------------------


START 2022-11-02 13:50:01 --------------------------
live
총 0 개 데이타 이동
END   2022-11-02 13:50:01 --------------------------


START 2022-11-02 14:00:01 --------------------------
live
총 0 개 데이타 이동
END   2022-11-02 14:00:01 --------------------------


START 2022-11-02 14:10:01 --------------------------
live
총 0 개 데이타 이동
END   2022-11-02 14:10:01 --------------------------


START 2022-11-02 14:20:01 --------------------------
live
총 0 개 데이타 이동
END   2022-11-02 14:20:01 --------------------------


START 2022-11-02 14:30:02 --------------------------
live
총 0 개 데이타 이동
END   2022-11-02 14:30:02 --------------------------


START 2022-11-02 14:40:03 --------------------------
live
총 0 개 데이타 이동
END   2022-11-02 14:40:03 --------------------------


START 2022-11-02 14:50:01 --------------------------
live
총 0 개 데이타 이동
END   2022-11-02 14:50:01 --------------------------


START 2022-11-02 15:00:01 --------------------------
live
총 0 개 데이타 이동
END   2022-11-02 15:00:01 --------------------------


START 2022-11-02 15:10:02 --------------------------
live
총 0 개 데이타 이동
END   2022-11-02 15:10:02 --------------------------


START 2022-11-02 15:20:01 --------------------------
live
총 0 개 데이타 이동
END   2022-11-02 15:20:01 --------------------------


START 2022-11-02 15:30:01 --------------------------
live
총 0 개 데이타 이동
END   2022-11-02 15:30:01 --------------------------


START 2022-11-02 15:40:01 --------------------------
live
총 0 개 데이타 이동
END   2022-11-02 15:40:01 --------------------------


START 2022-11-02 15:50:01 --------------------------
live
총 0 개 데이타 이동
END   2022-11-02 15:50:01 --------------------------


START 2022-11-02 16:00:01 --------------------------
live
총 0 개 데이타 이동
END   2022-11-02 16:00:01 --------------------------


START 2022-11-02 16:10:01 --------------------------
live
총 0 개 데이타 이동
END   2022-11-02 16:10:01 --------------------------


START 2022-11-02 16:20:01 --------------------------
live
총 0 개 데이타 이동
END   2022-11-02 16:20:01 --------------------------


START 2022-11-02 16:30:01 --------------------------
live
총 0 개 데이타 이동
END   2022-11-02 16:30:01 --------------------------


START 2022-11-02 16:40:04 --------------------------
live
총 0 개 데이타 이동
END   2022-11-02 16:40:04 --------------------------


START 2022-11-02 16:50:01 --------------------------
live
총 0 개 데이타 이동
END   2022-11-02 16:50:01 --------------------------


START 2022-11-02 17:00:01 --------------------------
live
총 0 개 데이타 이동
END   2022-11-02 17:00:01 --------------------------


START 2022-11-02 17:10:02 --------------------------
live
총 0 개 데이타 이동
END   2022-11-02 17:10:02 --------------------------


START 2022-11-02 17:20:01 --------------------------
live
총 0 개 데이타 이동
END   2022-11-02 17:20:01 --------------------------


START 2022-11-02 17:30:01 --------------------------
live
총 0 개 데이타 이동
END   2022-11-02 17:30:01 --------------------------


START 2022-11-02 17:40:01 --------------------------
live
총 0 개 데이타 이동
END   2022-11-02 17:40:01 --------------------------


START 2022-11-02 17:50:01 --------------------------
live
총 0 개 데이타 이동
END   2022-11-02 17:50:01 --------------------------


START 2022-11-02 18:00:01 --------------------------
live
총 0 개 데이타 이동
END   2022-11-02 18:00:01 --------------------------


START 2022-11-02 18:10:01 --------------------------
live
총 0 개 데이타 이동
END   2022-11-02 18:10:01 --------------------------


START 2022-11-02 18:20:01 --------------------------
live
총 0 개 데이타 이동
END   2022-11-02 18:20:01 --------------------------


START 2022-11-02 18:30:01 --------------------------
live
총 0 개 데이타 이동
END   2022-11-02 18:30:01 --------------------------


START 2022-11-02 18:40:01 --------------------------
live
총 0 개 데이타 이동
END   2022-11-02 18:40:01 --------------------------


START 2022-11-02 18:50:01 --------------------------
live
총 0 개 데이타 이동
END   2022-11-02 18:50:01 --------------------------


START 2022-11-02 19:00:03 --------------------------
live
총 0 개 데이타 이동
END   2022-11-02 19:00:03 --------------------------


START 2022-11-02 19:10:01 --------------------------
live
총 0 개 데이타 이동
END   2022-11-02 19:10:01 --------------------------


START 2022-11-02 19:20:01 --------------------------
live
총 0 개 데이타 이동
END   2022-11-02 19:20:01 --------------------------


START 2022-11-02 19:30:01 --------------------------
live
총 0 개 데이타 이동
END   2022-11-02 19:30:01 --------------------------


START 2022-11-02 19:40:01 --------------------------
live
총 0 개 데이타 이동
END   2022-11-02 19:40:01 --------------------------


START 2022-11-02 19:50:02 --------------------------
live
총 0 개 데이타 이동
END   2022-11-02 19:50:02 --------------------------


START 2022-11-02 20:00:04 --------------------------
live
총 0 개 데이타 이동
END   2022-11-02 20:00:04 --------------------------


START 2022-11-02 20:10:02 --------------------------
live
총 0 개 데이타 이동
END   2022-11-02 20:10:02 --------------------------


START 2022-11-02 20:20:01 --------------------------
live
총 0 개 데이타 이동
END   2022-11-02 20:20:01 --------------------------


START 2022-11-02 20:30:01 --------------------------
live
총 0 개 데이타 이동
END   2022-11-02 20:30:01 --------------------------


START 2022-11-02 20:40:01 --------------------------
live
총 0 개 데이타 이동
END   2022-11-02 20:40:01 --------------------------


START 2022-11-02 20:50:01 --------------------------
live
총 0 개 데이타 이동
END   2022-11-02 20:50:01 --------------------------


START 2022-11-02 21:00:01 --------------------------
live
총 0 개 데이타 이동
END   2022-11-02 21:00:01 --------------------------


START 2022-11-02 21:10:01 --------------------------
live
총 0 개 데이타 이동
END   2022-11-02 21:10:01 --------------------------


START 2022-11-02 21:20:03 --------------------------
live
총 0 개 데이타 이동
END   2022-11-02 21:20:03 --------------------------


START 2022-11-02 21:30:01 --------------------------
live
총 0 개 데이타 이동
END   2022-11-02 21:30:01 --------------------------


START 2022-11-02 21:40:01 --------------------------
live
총 0 개 데이타 이동
END   2022-11-02 21:40:01 --------------------------


START 2022-11-02 21:50:01 --------------------------
live
총 0 개 데이타 이동
END   2022-11-02 21:50:01 --------------------------


START 2022-11-02 22:00:01 --------------------------
live
총 0 개 데이타 이동
END   2022-11-02 22:00:01 --------------------------


START 2022-11-02 22:10:01 --------------------------
live
총 0 개 데이타 이동
END   2022-11-02 22:10:01 --------------------------


START 2022-11-02 22:20:03 --------------------------
live
총 0 개 데이타 이동
END   2022-11-02 22:20:03 --------------------------


START 2022-11-02 22:30:01 --------------------------
live
총 0 개 데이타 이동
END   2022-11-02 22:30:01 --------------------------


START 2022-11-02 22:40:01 --------------------------
live
총 0 개 데이타 이동
END   2022-11-02 22:40:01 --------------------------


START 2022-11-02 22:50:01 --------------------------
live
총 0 개 데이타 이동
END   2022-11-02 22:50:01 --------------------------


START 2022-11-02 23:00:02 --------------------------
live
총 0 개 데이타 이동
END   2022-11-02 23:00:02 --------------------------


START 2022-11-02 23:10:01 --------------------------
live
총 0 개 데이타 이동
END   2022-11-02 23:10:01 --------------------------


START 2022-11-02 23:20:04 --------------------------
live
총 0 개 데이타 이동
END   2022-11-02 23:20:04 --------------------------


START 2022-11-02 23:30:01 --------------------------
live
총 0 개 데이타 이동
END   2022-11-02 23:30:01 --------------------------


START 2022-11-02 23:40:01 --------------------------
live
총 0 개 데이타 이동
END   2022-11-02 23:40:01 --------------------------


START 2022-11-02 23:50:01 --------------------------
live
총 0 개 데이타 이동
END   2022-11-02 23:50:01 --------------------------


