START 2022-02-11 00:00:02 --------------------------
live
총 0 개 데이타 이동
END   2022-02-11 00:00:04 --------------------------


START 2022-02-11 00:10:01 --------------------------
live
총 0 개 데이타 이동
END   2022-02-11 00:10:03 --------------------------


START 2022-02-11 00:20:01 --------------------------
live
총 0 개 데이타 이동
END   2022-02-11 00:20:03 --------------------------


START 2022-02-11 00:30:02 --------------------------
live
총 0 개 데이타 이동
END   2022-02-11 00:30:04 --------------------------


START 2022-02-11 00:40:01 --------------------------
live
총 0 개 데이타 이동
END   2022-02-11 00:40:03 --------------------------


START 2022-02-11 00:50:01 --------------------------
live
총 0 개 데이타 이동
END   2022-02-11 00:50:03 --------------------------


START 2022-02-11 01:00:01 --------------------------
live
총 0 개 데이타 이동
END   2022-02-11 01:00:03 --------------------------


START 2022-02-11 01:10:02 --------------------------
live
총 0 개 데이타 이동
END   2022-02-11 01:10:04 --------------------------


START 2022-02-11 01:20:01 --------------------------
live
총 0 개 데이타 이동
END   2022-02-11 01:20:03 --------------------------


START 2022-02-11 01:30:01 --------------------------
live
총 0 개 데이타 이동
END   2022-02-11 01:30:03 --------------------------


START 2022-02-11 01:40:02 --------------------------
live
총 0 개 데이타 이동
END   2022-02-11 01:40:04 --------------------------


START 2022-02-11 01:50:01 --------------------------
live
총 0 개 데이타 이동
END   2022-02-11 01:50:03 --------------------------


START 2022-02-11 02:00:01 --------------------------
live
총 0 개 데이타 이동
END   2022-02-11 02:00:03 --------------------------


START 2022-02-11 02:10:01 --------------------------
live
총 0 개 데이타 이동
END   2022-02-11 02:10:03 --------------------------


START 2022-02-11 02:20:02 --------------------------
live
총 0 개 데이타 이동
END   2022-02-11 02:20:04 --------------------------


START 2022-02-11 02:30:01 --------------------------
live
총 0 개 데이타 이동
END   2022-02-11 02:30:03 --------------------------


START 2022-02-11 02:40:01 --------------------------
live
총 0 개 데이타 이동
END   2022-02-11 02:40:03 --------------------------


START 2022-02-11 02:50:02 --------------------------
live
총 0 개 데이타 이동
END   2022-02-11 02:50:04 --------------------------


START 2022-02-11 03:00:01 --------------------------
live
총 0 개 데이타 이동
END   2022-02-11 03:00:03 --------------------------


START 2022-02-11 03:10:01 --------------------------
live
총 0 개 데이타 이동
END   2022-02-11 03:10:03 --------------------------


START 2022-02-11 03:20:01 --------------------------
live
총 0 개 데이타 이동
END   2022-02-11 03:20:03 --------------------------


START 2022-02-11 03:30:02 --------------------------
live
총 0 개 데이타 이동
END   2022-02-11 03:30:04 --------------------------


START 2022-02-11 03:40:01 --------------------------
live
총 0 개 데이타 이동
END   2022-02-11 03:40:03 --------------------------


START 2022-02-11 03:50:01 --------------------------
live
총 0 개 데이타 이동
END   2022-02-11 03:50:03 --------------------------


START 2022-02-11 04:00:01 --------------------------
live
총 0 개 데이타 이동
END   2022-02-11 04:00:03 --------------------------


START 2022-02-11 04:10:01 --------------------------
live
총 0 개 데이타 이동
END   2022-02-11 04:10:03 --------------------------


START 2022-02-11 04:20:01 --------------------------
live
총 0 개 데이타 이동
END   2022-02-11 04:20:04 --------------------------


START 2022-02-11 04:30:01 --------------------------
live
총 0 개 데이타 이동
END   2022-02-11 04:30:03 --------------------------


START 2022-02-11 04:40:01 --------------------------
live
총 0 개 데이타 이동
END   2022-02-11 04:40:03 --------------------------


START 2022-02-11 04:50:01 --------------------------
live
총 0 개 데이타 이동
END   2022-02-11 04:50:03 --------------------------


START 2022-02-11 05:00:01 --------------------------
live
총 0 개 데이타 이동
END   2022-02-11 05:00:03 --------------------------


START 2022-02-11 05:10:01 --------------------------
live
총 0 개 데이타 이동
END   2022-02-11 05:10:03 --------------------------


START 2022-02-11 05:20:01 --------------------------
live
총 0 개 데이타 이동
END   2022-02-11 05:20:03 --------------------------


START 2022-02-11 05:30:02 --------------------------
live
총 0 개 데이타 이동
END   2022-02-11 05:30:04 --------------------------


START 2022-02-11 05:40:01 --------------------------
live
총 0 개 데이타 이동
END   2022-02-11 05:40:04 --------------------------


START 2022-02-11 05:50:01 --------------------------
live
총 0 개 데이타 이동
END   2022-02-11 05:50:03 --------------------------


START 2022-02-11 06:00:01 --------------------------
live
총 0 개 데이타 이동
END   2022-02-11 06:00:03 --------------------------


START 2022-02-11 06:10:01 --------------------------
live
총 0 개 데이타 이동
END   2022-02-11 06:10:03 --------------------------


START 2022-02-11 06:20:01 --------------------------
live
총 0 개 데이타 이동
END   2022-02-11 06:20:03 --------------------------


START 2022-02-11 06:30:01 --------------------------
live
총 0 개 데이타 이동
END   2022-02-11 06:30:03 --------------------------


START 2022-02-11 06:40:01 --------------------------
live
총 0 개 데이타 이동
END   2022-02-11 06:40:03 --------------------------


START 2022-02-11 06:50:01 --------------------------
live
총 0 개 데이타 이동
END   2022-02-11 06:50:03 --------------------------


START 2022-02-11 07:00:01 --------------------------
live
총 0 개 데이타 이동
END   2022-02-11 07:00:03 --------------------------


START 2022-02-11 07:10:01 --------------------------
live
총 0 개 데이타 이동
END   2022-02-11 07:10:03 --------------------------


START 2022-02-11 07:20:01 --------------------------
live
총 0 개 데이타 이동
END   2022-02-11 07:20:03 --------------------------


START 2022-02-11 07:30:02 --------------------------
live
총 0 개 데이타 이동
END   2022-02-11 07:30:04 --------------------------


START 2022-02-11 07:40:02 --------------------------
live
총 0 개 데이타 이동
END   2022-02-11 07:40:04 --------------------------


START 2022-02-11 07:50:02 --------------------------
live
총 0 개 데이타 이동
END   2022-02-11 07:50:04 --------------------------


START 2022-02-11 08:00:02 --------------------------
live
총 0 개 데이타 이동
END   2022-02-11 08:00:04 --------------------------


START 2022-02-11 08:10:01 --------------------------
live
총 0 개 데이타 이동
END   2022-02-11 08:10:03 --------------------------


START 2022-02-11 08:20:01 --------------------------
live
총 0 개 데이타 이동
END   2022-02-11 08:20:03 --------------------------


START 2022-02-11 08:30:01 --------------------------
live
총 0 개 데이타 이동
END   2022-02-11 08:30:03 --------------------------


START 2022-02-11 08:40:01 --------------------------
live
총 0 개 데이타 이동
END   2022-02-11 08:40:03 --------------------------


START 2022-02-11 08:50:01 --------------------------
live
총 0 개 데이타 이동
END   2022-02-11 08:50:03 --------------------------


START 2022-02-11 09:00:01 --------------------------
live
총 0 개 데이타 이동
END   2022-02-11 09:00:03 --------------------------


START 2022-02-11 09:10:01 --------------------------
live
총 0 개 데이타 이동
END   2022-02-11 09:10:03 --------------------------


START 2022-02-11 09:20:01 --------------------------
live
총 0 개 데이타 이동
END   2022-02-11 09:20:03 --------------------------


START 2022-02-11 09:30:01 --------------------------
live
총 0 개 데이타 이동
END   2022-02-11 09:30:03 --------------------------


START 2022-02-11 09:40:01 --------------------------
live
총 0 개 데이타 이동
END   2022-02-11 09:40:03 --------------------------


START 2022-02-11 09:50:01 --------------------------
live
총 0 개 데이타 이동
END   2022-02-11 09:50:03 --------------------------


START 2022-02-11 10:00:02 --------------------------
live
총 0 개 데이타 이동
END   2022-02-11 10:00:04 --------------------------


START 2022-02-11 10:10:01 --------------------------
live
총 0 개 데이타 이동
END   2022-02-11 10:10:03 --------------------------


START 2022-02-11 10:20:01 --------------------------
live
총 0 개 데이타 이동
END   2022-02-11 10:20:03 --------------------------


START 2022-02-11 10:30:02 --------------------------
live
총 0 개 데이타 이동
END   2022-02-11 10:30:04 --------------------------


START 2022-02-11 10:40:02 --------------------------
live
총 0 개 데이타 이동
END   2022-02-11 10:40:04 --------------------------


START 2022-02-11 10:50:02 --------------------------
live
총 0 개 데이타 이동
END   2022-02-11 10:50:04 --------------------------


START 2022-02-11 11:00:02 --------------------------
live
총 0 개 데이타 이동
END   2022-02-11 11:00:04 --------------------------


START 2022-02-11 11:10:02 --------------------------
live
총 0 개 데이타 이동
END   2022-02-11 11:10:04 --------------------------


START 2022-02-11 11:20:01 --------------------------
live
총 0 개 데이타 이동
END   2022-02-11 11:20:03 --------------------------


START 2022-02-11 11:30:01 --------------------------
live
총 0 개 데이타 이동
END   2022-02-11 11:30:03 --------------------------


START 2022-02-11 11:40:02 --------------------------
live
총 0 개 데이타 이동
END   2022-02-11 11:40:04 --------------------------


START 2022-02-11 11:50:02 --------------------------
live
총 0 개 데이타 이동
END   2022-02-11 11:50:03 --------------------------


START 2022-02-11 12:00:02 --------------------------
live
총 0 개 데이타 이동
END   2022-02-11 12:00:04 --------------------------


START 2022-02-11 12:10:02 --------------------------
live
총 0 개 데이타 이동
END   2022-02-11 12:10:05 --------------------------


START 2022-02-11 12:20:02 --------------------------
live
총 0 개 데이타 이동
END   2022-02-11 12:20:04 --------------------------


START 2022-02-11 12:30:02 --------------------------
live
총 0 개 데이타 이동
END   2022-02-11 12:30:04 --------------------------


START 2022-02-11 12:40:02 --------------------------
live
총 0 개 데이타 이동
END   2022-02-11 12:40:04 --------------------------


START 2022-02-11 12:50:02 --------------------------
live
총 0 개 데이타 이동
END   2022-02-11 12:50:04 --------------------------


START 2022-02-11 13:00:02 --------------------------
live
총 0 개 데이타 이동
END   2022-02-11 13:00:04 --------------------------


START 2022-02-11 13:10:02 --------------------------
live
총 0 개 데이타 이동
END   2022-02-11 13:10:05 --------------------------


START 2022-02-11 13:20:02 --------------------------
live
총 0 개 데이타 이동
END   2022-02-11 13:20:04 --------------------------


START 2022-02-11 13:30:02 --------------------------
live
총 1 개 데이타 이동
데이타 이동 시작 *****
3048652 01064063972 -- 
END   2022-02-11 13:30:06 --------------------------


START 2022-02-11 13:40:01 --------------------------
live
총 2000 개 데이타 이동
데이타 이동 시작 *****
3048653 01072395689 -- 3048654 01082423260 -- 3048655 01034012248 -- 3048656 01021319195 -- 3048657 01042226669 -- 3048658 01030402443 -- 3048659 01044944324 -- 3048660 01022701517 -- 3048661 01085089987 -- 3048662 01023154929 -- 3048663 01033927795 -- 3048664 01039268353 -- 3048665 01041620881 -- 3048666 01081263850 -- 3048667 01050029097 -- 3048668 01074336552 -- 3048669 01092298773 -- 3048670 01077975892 -- 3048671 01021897976 -- 3048672 01032356650 -- 3048673 01043200326 -- 3048674 01043367497 -- 3048675 01066591396 -- 3048676 01025825801 -- 3048677 01046240102 -- 3048678 01097018711 -- 3048679 01049105016 -- 3048680 01032763158 -- 3048681 01045187749 -- 3048682 01025311837 -- 3048683 01038067774 -- 3048684 01087732956 -- 3048685 01052300634 -- 3048686 01053611627 -- 3048687 01037093290 -- 3048688 01054232417 -- 3048689 01050997541 -- 3048690 01049794918 -- 3048691 01021032212 -- 3048692 01084454533 -- 3048693 01041232416 -- 3048694 01063455017 -- 3048695 01046976128 -- 3048696 01045155250 -- 3048697 01091695795 -- 3048698 01032930533 -- 3048699 01067012826 -- 3048700 01082842663 -- 3048701 01044236231 -- 3048702 01084646339 -- 3048703 01031146975 -- 3048704 01023894546 -- 3048705 01084050246 -- 3048706 01044415002 -- 3048707 01029224214 -- 3048708 01065080332 -- 3048709 01093629460 -- 3048710 01064672735 -- 3048711 01028207803 -- 3048712 01032442031 -- 3048713 01022908475 -- 3048714 01075745201 -- 3048715 01072553253 -- 3048716 01021268268 -- 3048717 01041393285 -- 3048718 01094827007 -- 3048719 01059681245 -- 3048720 01028336150 -- 3048721 01071788478 -- 3048722 01056052249 -- 3048723 01094884577 -- 3048724 01039079293 -- 3048725 01093101004 -- 3048726 01023830996 -- 3048727 01079070826 -- 3048728 01029782049 -- 3048729 01026780639 -- 3048730 01066124084 -- 3048731 01099413368 -- 3048732 01075417598 -- 3048733 01028395130 -- 3048734 01047456696 -- 3048735 01092980845 -- 3048736 01037040233 -- 3048737 01028711007 -- 3048738 01033679427 -- 3048739 01073185081 -- 3048740 01050011140 -- 3048741 01021151990 -- 3048742 01067817487 -- 3048743 01036863146 -- 3048744 01091320841 -- 3048745 01065899535 -- 3048746 01093237961 -- 3048747 01053835809 -- 3048748 01024830922 -- 3048749 01067486139 -- 3048750 01033671713 -- 3048751 01086401292 -- 3048752 01055171754 -- 3048753 01036608778 -- 3048754 01065001142 -- 3048755 01045712579 -- 3048756 01082138833 -- 3048757 01042013938 -- 3048758 01031133334 -- 3048759 01050055596 -- 3048760 01022657017 -- 3048761 01095847766 -- 3048762 01028290335 -- 3048763 01043562627 -- 3048764 01075958600 -- 3048765 01034221116 -- 3048766 01056495296 -- 3048767 01051951188 -- 3048768 01076390893 -- 3048769 01043030904 -- 3048770 01023527547 -- 3048771 01047720038 -- 3048772 01033804877 -- 3048773 01077148298 -- 3048774 01023780204 -- 3048775 01033188799 -- 3048776 01072046245 -- 3048777 01063750351 -- 3048778 01032683161 -- 3048779 01083467452 -- 3048780 01087925987 -- 3048781 01062266546 -- 3048782 01049248772 -- 3048783 01050566944 -- 3048784 01063013183 -- 3048785 01094857899 -- 3048786 01024331327 -- 3048787 01038920208 -- 3048788 01058250582 -- 3048789 01099023648 -- 3048790 01028063890 -- 3048791 01045451669 -- 3048792 01023699135 -- 3048793 01062144331 -- 3048794 01055715484 -- 3048795 01047332436 -- 3048796 01049213714 -- 3048797 01049057184 -- 3048798 01036682804 -- 3048799 01079062740 -- 3048800 01086324833 -- 3048801 01085951971 -- 3048802 01027115449 -- 3048803 01097627580 -- 3048804 01089287942 -- 3048805 01033941933 -- 3048806 01064109224 -- 3048807 01091464114 -- 3048808 01034828228 -- 3048809 01094594302 -- 3048810 01022038265 -- 3048811 01065171165 -- 3048812 01037660017 -- 3048813 01041375925 -- 3048814 01028650490 -- 3048815 01027647456 -- 3048816 01096764866 -- 3048817 01041040917 -- 3048818 01042301685 -- 3048819 01023880536 -- 3048820 01031853442 -- 3048821 01027871518 -- 3048822 01040895990 -- 3048823 01099500719 -- 3048824 01059506515 -- 3048825 01057712083 -- 3048826 01028463164 -- 3048827 01095651048 -- 3048828 01043094047 -- 3048829 01077658329 -- 3048830 01032280249 -- 3048831 01057129582 -- 3048832 01088656293 -- 3048833 01074559456 -- 3048834 01025650287 -- 3048835 01075702488 -- 3048836 01094049930 -- 3048837 01085079908 -- 3048838 01094656100 -- 3048839 01091055995 -- 3048840 01053281663 -- 3048841 01052345607 -- 3048842 01056802956 -- 3048843 01099865645 -- 3048844 01082437802 -- 3048845 01027243896 -- 3048846 01048795451 -- 3048847 01023432716 -- 3048848 01072414239 -- 3048849 01050882792 -- 3048850 01067501533 -- 3048851 01085081209 -- 3048852 01081206405 -- 3048853 01051342993 -- 3048854 01025964996 -- 3048855 01021514977 -- 3048856 01040730314 -- 3048857 01042843232 -- 3048858 01040111378 -- 3048859 01025666945 -- 3048860 01052170747 -- 3048861 01057495819 -- 3048862 01092493721 -- 3048863 01022938112 -- 3048864 01042891881 -- 3048865 01045168572 -- 3048866 01027133284 -- 3048867 01083711407 -- 3048868 01093887144 -- 3048869 01033121897 -- 3048870 01092605115 -- 3048871 01053653337 -- 3048872 01034737767 -- 3048873 01088201647 -- 3048874 01071173627 -- 3048875 01089551902 -- 3048876 01056656510 -- 3048877 01094952408 -- 3048878 01040769488 -- 3048879 01024954184 -- 3048880 01094852816 -- 3048881 01026271366 -- 3048882 01024770517 -- 3048883 01052974518 -- 3048884 01027058417 -- 3048885 01032621723 -- 3048886 01036037720 -- 3048887 01087990641 -- 3048888 01073684657 -- 3048889 01024121210 -- 3048890 01082382007 -- 3048891 01055325190 -- 3048892 01050502178 -- 3048893 01085238302 -- 3048894 01080282828 -- 3048895 01096921841 -- 3048896 01031259341 -- 3048897 01092988234 -- 3048898 01092032436 -- 3048899 01041049083 -- 3048900 01024345444 -- 3048901 01026272384 -- 3048902 01064806091 -- 3048903 01032375058 -- 3048904 01052471936 -- 3048905 01055965495 -- 3048906 01051437573 -- 3048907 01090411943 -- 3048908 01074121719 -- 3048909 01025059262 -- 3048910 01090016555 -- 3048911 01050672185 -- 3048912 01026835086 -- 3048913 01093349538 -- 3048914 01039279735 -- 3048915 01039390784 -- 3048916 01024939115 -- 3048917 01095224131 -- 3048918 01053217709 -- 3048919 01027650234 -- 3048920 01093063591 -- 3048921 01028976946 -- 3048922 01092921357 -- 3048923 01084122515 -- 3048924 01048110936 -- 3048925 01032567778 -- 3048926 01046414868 -- 3048927 01074292800 -- 3048928 01042905222 -- 3048929 01024559494 -- 3048930 01064611178 -- 3048931 01041671131 -- 3048932 01099285931 -- 3048933 01021544584 -- 3048934 01064783970 -- 3048935 01077490808 -- 3048936 01062115686 -- 3048937 01032912472 -- 3048938 01021903375 -- 3048939 01052099664 -- 3048940 01032853109 -- 3048941 01089007701 -- 3048942 01066164204 -- 3048943 01038622891 -- 3048944 01037221625 -- 3048945 01026407553 -- 3048946 01022270792 -- 3048947 01064827755 -- 3048948 01044939339 -- 3048949 01028066788 -- 3048950 01095555371 -- 3048951 01090618441 -- 3048952 01084423691 -- 3048953 01043260805 -- 3048954 01036811062 -- 3048955 01054709354 -- 3048956 01062329968 -- 3048957 01026991320 -- 3048958 01028101089 -- 3048959 01066886045 -- 3048960 01045930853 -- 3048961 01046815340 -- 3048962 01062704947 -- 3048963 01041312373 -- 3048964 01087079762 -- 3048965 01040844173 -- 3048966 01041903421 -- 3048967 01087870741 -- 3048968 01021949086 -- 3048969 01086877999 -- 3048970 01065907510 -- 3048971 01088368555 -- 3048972 01089258665 -- 3048973 01062012351 -- 3048974 01031177424 -- 3048975 01048581663 -- 3048976 01029911728 -- 3048977 01045987166 -- 3048978 01099349484 -- 3048979 01021562023 -- 3048980 01066474511 -- 3048981 01038771913 -- 3048982 01063677466 -- 3048983 01063904712 -- 3048984 01088859123 -- 3048985 01079132253 -- 3048986 01023533770 -- 3048987 01089375532 -- 3048988 01074546789 -- 3048989 01092650906 -- 3048990 01063073651 -- 3048991 01036796610 -- 3048992 01026682281 -- 3048993 01055510812 -- 3048994 01037470979 -- 3048995 01024289523 -- 3048996 01075104225 -- 3048997 01052646677 -- 3048998 01091292120 -- 3048999 01037084242 -- 3049000 01025260366 -- 3049001 01023207248 -- 3049002 01021820049 -- 3049003 01045173355 -- 3049004 01035359351 -- 3049005 01023949866 -- 3049006 01029090143 -- 3049007 01071344017 -- 3049008 01095405137 -- 3049009 01033909213 -- 3049010 01029234994 -- 3049011 01052626030 -- 3049012 01072087912 -- 3049013 01053093729 -- 3049014 01093005842 -- 3049015 01056122301 -- 3049016 01035180089 -- 3049017 01080138420 -- 3049018 01094812310 -- 3049019 01023159729 -- 3049020 01040520881 -- 3049021 01087999303 -- 3049022 01072126746 -- 3049023 01035835473 -- 3049024 01096395630 -- 3049025 01082354022 -- 3049026 01054768678 -- 3049027 01091042668 -- 3049028 01067635686 -- 3049029 01023548453 -- 3049030 01085661517 -- 3049031 01063505686 -- 3049032 01045892821 -- 3049033 01027365381 -- 3049034 01029633792 -- 3049035 01094607004 -- 3049036 01049655335 -- 3049037 01039500534 -- 3049038 01027099853 -- 3049039 01090783205 -- 3049040 01068722644 -- 3049041 01085070743 -- 3049042 01066565832 -- 3049043 01065153012 -- 3049044 01087315420 -- 3049045 01099083980 -- 3049046 01041922609 -- 3049047 01082239211 -- 3049048 01082211879 -- 3049049 01058368217 -- 3049050 01052782346 -- 3049051 01045472077 -- 3049052 01049395568 -- 3049053 01064978984 -- 3049054 01073697220 -- 3049055 01038892100 -- 3049056 01023704677 -- 3049057 01045419905 -- 3049058 01067377756 -- 3049059 01051752327 -- 3049060 01092307282 -- 3049061 01021028375 -- 3049062 01053014345 -- 3049063 01089573593 -- 3049064 01083678043 -- 3049065 01071477572 -- 3049066 01049097288 -- 3049067 01021774197 -- 3049068 01084466887 -- 3049069 01037340967 -- 3049070 01036348539 -- 3049071 01045129860 -- 3049072 01045699863 -- 3049073 01053495731 -- 3049074 01054342817 -- 3049075 01056169860 -- 3049076 01042623450 -- 3049077 01099401485 -- 3049078 01048357931 -- 3049079 01050476060 -- 3049080 01066206305 -- 3049081 01082957221 -- 3049082 01051071861 -- 3049083 01075433501 -- 3049084 01050457856 -- 3049085 01091754684 -- 3049086 01094790081 -- 3049087 01073118578 -- 3049088 01032805067 -- 3049089 01045575398 -- 3049090 01041892634 -- 3049091 01093493488 -- 3049092 01091501417 -- 3049093 01048433031 -- 3049094 01057974007 -- 3049095 01087156849 -- 3049096 01099742659 -- 3049097 01035049690 -- 3049098 01030258533 -- 3049099 01042750008 -- 3049100 01068264967 -- 3049101 01044150072 -- 3049102 01086163367 -- 3049103 01046046829 -- 3049104 01098389056 -- 3049105 01068622803 -- 3049106 01094036711 -- 3049107 01056137742 -- 3049108 01082733423 -- 3049109 01036442905 -- 3049110 01055106024 -- 3049111 01066751022 -- 3049112 01090288310 -- 3049113 01058956892 -- 3049114 01036559833 -- 3049115 01031336610 -- 3049116 01084036140 -- 3049117 01033872435 -- 3049118 01039498494 -- 3049119 01030473396 -- 3049120 01086719863 -- 3049121 01084701905 -- 3049122 01047680853 -- 3049123 01030219280 -- 3049124 01025789794 -- 3049125 01022017334 -- 3049126 01075403098 -- 3049127 01031943033 -- 3049128 01064731557 -- 3049129 01045662706 -- 3049130 01035906723 -- 3049131 01096620290 -- 3049132 01035130292 -- 3049133 01040319267 -- 3049134 01099489636 -- 3049135 01089792114 -- 3049136 01027544832 -- 3049137 01076809939 -- 3049138 01055575455 -- 3049139 01047854227 -- 3049140 01023149635 -- 3049141 01027484704 -- 3049142 01027417104 -- 3049143 01087050595 -- 3049144 01098734624 -- 3049145 01073259293 -- 3049146 01093496820 -- 3049147 01077942908 -- 3049148 01084679211 -- 3049149 01055121071 -- 3049150 01084051767 -- 3049151 01076137590 -- 3049152 01026615125 -- 3049153 01088582246 -- 3049154 01076268101 -- 3049155 01057736006 -- 3049156 01088312830 -- 3049157 01086311536 -- 3049158 01055347981 -- 3049159 01050333196 -- 3049160 01034584896 -- 3049161 01039141191 -- 3049162 01036995953 -- 3049163 01025290525 -- 3049164 01050361338 -- 3049165 01052498044 -- 3049166 01083565015 -- 3049167 01045162030 -- 3049168 01084025720 -- 3049169 01097546050 -- 3049170 01033544817 -- 3049171 01095487543 -- 3049172 01033700913 -- 3049173 01085372604 -- 3049174 01027878022 -- 3049175 01044454891 -- 3049176 01074651704 -- 3049177 01058005612 -- 3049178 01088712688 -- 3049179 01027708010 -- 3049180 01093397016 -- 3049181 01025823550 -- 3049182 01047824323 -- 3049183 01055337016 -- 3049184 01023439593 -- 3049185 01048043418 -- 3049186 01076080535 -- 3049187 01048160301 -- 3049188 01022221609 -- 3049189 01055540812 -- 3049190 01045703205 -- 3049191 01026425950 -- 3049192 01025114882 -- 3049193 01030209953 -- 3049194 01055670939 -- 3049195 01068755437 -- 3049196 01082153869 -- 3049197 01058837959 -- 3049198 01040325039 -- 3049199 01076257942 -- 3049200 01067434546 -- 3049201 01052884254 -- 3049202 01085507558 -- 3049203 01021850486 -- 3049204 01039021013 -- 3049205 01056802834 -- 3049206 01087262823 -- 3049207 01088465319 -- 3049208 01083698052 -- 3049209 01090056336 -- 3049210 01075564807 -- 3049211 01022362751 -- 3049212 01022635129 -- 3049213 01039495552 -- 3049214 01088459943 -- 3049215 01033032420 -- 3049216 01021920302 -- 3049217 01093362667 -- 3049218 01036851211 -- 3049219 01020532024 -- 3049220 01059264860 -- 3049221 01022362577 -- 3049222 01058541971 -- 3049223 01050355647 -- 3049224 01075183341 -- 3049225 01028309673 -- 3049226 01093723001 -- 3049227 01075987672 -- 3049228 01079177407 -- 3049229 01081937757 -- 3049230 01029426778 -- 3049231 01071103705 -- 3049232 01094313433 -- 3049233 01080004403 -- 3049234 01029374544 -- 3049235 01065931544 -- 3049236 01038542144 -- 3049237 01055741953 -- 3049238 01098565758 -- 3049239 01048312011 -- 3049240 01047563939 -- 3049241 01099967982 -- 3049242 01053851423 -- 3049243 01027404668 -- 3049244 01041263561 -- 3049245 01024489635 -- 3049246 01027396398 -- 3049247 01056227623 -- 3049248 01021170612 -- 3049249 01043560277 -- 3049250 01080807580 -- 3049251 01035501504 -- 3049252 01091429966 -- 3049253 01089182536 -- 3049254 01045348201 -- 3049255 01024901504 -- 3049256 01099106970 -- 3049257 01063171744 -- 3049258 01026338839 -- 3049259 01028053458 -- 3049260 01034132355 -- 3049261 01040248128 -- 3049262 01085556242 -- 3049263 01089603820 -- 3049264 01098865105 -- 3049265 01071264720 -- 3049266 01054650335 -- 3049267 01032862141 -- 3049268 01023247369 -- 3049269 01046336477 -- 3049270 01083359013 -- 3049271 01027293390 -- 3049272 01030096223 -- 3049273 01083588963 -- 3049274 01059105305 -- 3049275 01053899391 -- 3049276 01043647478 -- 3049277 01025570703 -- 3049278 01025455130 -- 3049279 01086924555 -- 3049280 01098873652 -- 3049281 01025256423 -- 3049282 01034133985 -- 3049283 01022472019 -- 3049284 01095073220 -- 3049285 01095527437 -- 3049286 01036038554 -- 3049287 01072717892 -- 3049288 01087038825 -- 3049289 01047445762 -- 3049290 01022898663 -- 3049291 01083392093 -- 3049292 01052680021 -- 3049293 01084820299 -- 3049294 01028181041 -- 3049295 01076120997 -- 3049296 01047112617 -- 3049297 01034657290 -- 3049298 01052196719 -- 3049299 01036517942 -- 3049300 01031607184 -- 3049301 01036983178 -- 3049302 01085718601 -- 3049303 01091888671 -- 3049304 01067730606 -- 3049305 01053518565 -- 3049306 01072087783 -- 3049307 01052534088 -- 3049308 01076170488 -- 3049309 01075288581 -- 3049310 01025878994 -- 3049311 01055182427 -- 3049312 01063373632 -- 3049313 01088889399 -- 3049314 01037099982 -- 3049315 01097968086 -- 3049316 01097548733 -- 3049317 01055055854 -- 3049318 01043694388 -- 3049319 01073776895 -- 3049320 01027964442 -- 3049321 01022213787 -- 3049322 01020357727 -- 3049323 01038076168 -- 3049324 01064272800 -- 3049325 01064744469 -- 3049326 01066909979 -- 3049327 01022940776 -- 3049328 01081095752 -- 3049329 01052448901 -- 3049330 01029018085 -- 3049331 01094305219 -- 3049332 01025740980 -- 3049333 01035417758 -- 3049334 01042827181 -- 3049335 01023034182 -- 3049336 01063749435 -- 3049337 01091454004 -- 3049338 01087464658 -- 3049339 01083063994 -- 3049340 01037834157 -- 3049341 01026350271 -- 3049342 01028187425 -- 3049343 01090913081 -- 3049344 01046235022 -- 3049345 01041503045 -- 3049346 01076281656 -- 3049347 01041357090 -- 3049348 01098187076 -- 3049349 01039156969 -- 3049350 01036961747 -- 3049351 01051928392 -- 3049352 01054048749 -- 3049353 01053922132 -- 3049354 01057673616 -- 3049355 01086241484 -- 3049356 01042168440 -- 3049357 01090402345 -- 3049358 01087828103 -- 3049359 01053663884 -- 3049360 01051750589 -- 3049361 01074334338 -- 3049362 01099230317 -- 3049363 01090890928 -- 3049364 01058650237 -- 3049365 01040897024 -- 3049366 01050346615 -- 3049367 01057891800 -- 3049368 01030472487 -- 3049369 01035711482 -- 3049370 01094023761 -- 3049371 01084811206 -- 3049372 01077686288 -- 3049373 01086868218 -- 3049374 01037584724 -- 3049375 01048527489 -- 3049376 01031016067 -- 3049377 01037774027 -- 3049378 01094087731 -- 3049379 01054691776 -- 3049380 01021689995 -- 3049381 01045217451 -- 3049382 01020003864 -- 3049383 01032210275 -- 3049384 01093401027 -- 3049385 01063522981 -- 3049386 01043173438 -- 3049387 01023231082 -- 3049388 01057072992 -- 3049389 01089069279 -- 3049390 01074711579 -- 3049391 01058528260 -- 3049392 01074372222 -- 3049393 01034282222 -- 3049394 01036854556 -- 3049395 01051854743 -- 3049396 01093748892 -- 3049397 01094657591 -- 3049398 01033945748 -- 3049399 01052760793 -- 3049400 01068611522 -- 3049401 01099308736 -- 3049402 01023024627 -- 3049403 01026245240 -- 3049404 01084851489 -- 3049405 01056114129 -- 3049406 01081813465 -- 3049407 01072970757 -- 3049408 01032696479 -- 3049409 01022406262 -- 3049410 01039815727 -- 3049411 01084550610 -- 3049412 01040362800 -- 3049413 01054320725 -- 3049414 01021161318 -- 3049415 01020202887 -- 3049416 01040799594 -- 3049417 01040802671 -- 3049418 01066685626 -- 3049419 01049311177 -- 3049420 01076617972 -- 3049421 01033909907 -- 3049422 01062738877 -- 3049423 01047515806 -- 3049424 01062287561 -- 3049425 01089242003 -- 3049426 01049311535 -- 3049427 01074471383 -- 3049428 01035456054 -- 3049429 01090812017 -- 3049430 01087540774 -- 3049431 01093902513 -- 3049432 01053794814 -- 3049433 01073773452 -- 3049434 01075887700 -- 3049435 01032296441 -- 3049436 01092937426 -- 3049437 01056717511 -- 3049438 01077792112 -- 3049439 01099859007 -- 3049440 01053455019 -- 3049441 01043156675 -- 3049442 01053120942 -- 3049443 01063553631 -- 3049444 01028524165 -- 3049445 01071896065 -- 3049446 01035900369 -- 3049447 01091499520 -- 3049448 01052378386 -- 3049449 01091322129 -- 3049450 01067695106 -- 3049451 01031777842 -- 3049452 01059337872 -- 3049453 01083163960 -- 3049454 01092510499 -- 3049455 01030044686 -- 3049456 01079345015 -- 3049457 01064495447 -- 3049458 01043181481 -- 3049459 01045354023 -- 3049460 01022269761 -- 3049461 01031891396 -- 3049462 01046479839 -- 3049463 01085098928 -- 3049464 01087239511 -- 3049465 01044989912 -- 3049466 01092123292 -- 3049467 01088507016 -- 3049468 01052638732 -- 3049469 01047029841 -- 3049470 01054428613 -- 3049471 01035218890 -- 3049472 01065738582 -- 3049473 01056910675 -- 3049474 01096729015 -- 3049475 01020028595 -- 3049476 01054363212 -- 3049477 01092188731 -- 3049478 01093147650 -- 3049479 01086004440 -- 3049480 01087068114 -- 3049481 01090380400 -- 3049482 01058168584 -- 3049483 01022060151 -- 3049484 01092888926 -- 3049485 01037499339 -- 3049486 01025256555 -- 3049487 01038881102 -- 3049488 01090801422 -- 3049489 01084175420 -- 3049490 01054393200 -- 3049491 01026762363 -- 3049492 01037595425 -- 3049493 01058532329 -- 3049494 01049408278 -- 3049495 01087312915 -- 3049496 01072326165 -- 3049497 01028470667 -- 3049498 01026608591 -- 3049499 01028071645 -- 3049500 01063548578 -- 3049501 01052547838 -- 3049502 01040718867 -- 3049503 01036905464 -- 3049504 01088114394 -- 3049505 01058107895 -- 3049506 01082282861 -- 3049507 01050767264 -- 3049508 01027008278 -- 3049509 01050350231 -- 3049510 01034083200 -- 3049511 01085057588 -- 3049512 01030211241 -- 3049513 01038850722 -- 3049514 01099386936 -- 3049515 01066981121 -- 3049516 01035200739 -- 3049517 01058371600 -- 3049518 01050301963 -- 3049519 01090908609 -- 3049520 01063075455 -- 3049521 01092737067 -- 3049522 01026073783 -- 3049523 01047045047 -- 3049524 01065017608 -- 3049525 01053943063 -- 3049526 01088526543 -- 3049527 01020605736 -- 3049528 01053616394 -- 3049529 01074794340 -- 3049530 01027694072 -- 3049531 01027626350 -- 3049532 01039770694 -- 3049533 01089522796 -- 3049534 01031649191 -- 3049535 01075875441 -- 3049536 01026533543 -- 3049537 01027126046 -- 3049538 01094919127 -- 3049539 01075387725 -- 3049540 01085236959 -- 3049541 01066339435 -- 3049542 01092198675 -- 3049543 01056103083 -- 3049544 01066902886 -- 3049545 01067035783 -- 3049546 01032957718 -- 3049547 01083979038 -- 3049548 01099311717 -- 3049549 01022459914 -- 3049550 01072190715 -- 3049551 01028771274 -- 3049552 01098665624 -- 3049553 01056301876 -- 3049554 01037043457 -- 3049555 01024933293 -- 3049556 01084920802 -- 3049557 01054949814 -- 3049558 01041580128 -- 3049559 01062075679 -- 3049560 01054140563 -- 3049561 01020223344 -- 3049562 01053705671 -- 3049563 01082357293 -- 3049564 01092280802 -- 3049565 01082016464 -- 3049566 01077149143 -- 3049567 01099477609 -- 3049568 01048294817 -- 3049569 01047881127 -- 3049570 01035322563 -- 3049571 01020502217 -- 3049572 01066411818 -- 3049573 01050731476 -- 3049574 01046235480 -- 3049575 01051144005 -- 3049576 01037468557 -- 3049577 01059198814 -- 3049578 01089518888 -- 3049579 01037851568 -- 3049580 01032505615 -- 3049581 01087887468 -- 3049582 01033173392 -- 3049583 01092493819 -- 3049584 01089272004 -- 3049585 01036871281 -- 3049586 01090057031 -- 3049587 01094821770 -- 3049588 01048786064 -- 3049589 01053452874 -- 3049590 01043657176 -- 3049591 01052125537 -- 3049592 01029823549 -- 3049593 01090640887 -- 3049594 01050578307 -- 3049595 01030245953 -- 3049596 01044210400 -- 3049597 01041681404 -- 3049598 01043522079 -- 3049599 01028265532 -- 3049600 01092665112 -- 3049601 01032515003 -- 3049602 01091174605 -- 3049603 01086898307 -- 3049604 01088888779 -- 3049605 01084812234 -- 3049606 01062833034 -- 3049607 01088296030 -- 3049608 01087689405 -- 3049609 01076888307 -- 3049610 01053311078 -- 3049611 01090393968 -- 3049612 01043205315 -- 3049613 01038820387 -- 3049614 01027027757 -- 3049615 01022271545 -- 3049616 01029811336 -- 3049617 01093233511 -- 3049618 01033624419 -- 3049619 01052881916 -- 3049620 01041076966 -- 3049621 01041647699 -- 3049622 01086514626 -- 3049623 01095407666 -- 3049624 01049073165 -- 3049625 01022121446 -- 3049626 01072333670 -- 3049627 01041831456 -- 3049628 01084547866 -- 3049629 01039381933 -- 3049630 01035452519 -- 3049631 01050045580 -- 3049632 01030656912 -- 3049633 01086874243 -- 3049634 01031191249 -- 3049635 01064094805 -- 3049636 01057051137 -- 3049637 01089899134 -- 3049638 01056557996 -- 3049639 01092790919 -- 3049640 01044458017 -- 3049641 01085081837 -- 3049642 01087036198 -- 3049643 01020275966 -- 3049644 01049077824 -- 3049645 01022239423 -- 3049646 01087409993 -- 3049647 01067390081 -- 3049648 01020702636 -- 3049649 01032751824 -- 3049650 01088873183 -- 3049651 01084093844 -- 3049652 01033309097 -- 3049653 01072619963 -- 3049654 01055038264 -- 3049655 01083537630 -- 3049656 01062260088 -- 3049657 01033706136 -- 3049658 01091747812 -- 3049659 01085741101 -- 3049660 01080214173 -- 3049661 01097975982 -- 3049662 01064087151 -- 3049663 01093389912 -- 3049664 01032664550 -- 3049665 01082908525 -- 3049666 01097382013 -- 3049667 01046717270 -- 3049668 01064165015 -- 3049669 01050960001 -- 3049670 01035565701 -- 3049671 01067772605 -- 3049672 01031917182 -- 3049673 01063446336 -- 3049674 01029784567 -- 3049675 01052127727 -- 3049676 01031302006 -- 3049677 01020050414 -- 3049678 01066222728 -- 3049679 01022597825 -- 3049680 01063288742 -- 3049681 01084904556 -- 3049682 01083586743 -- 3049683 01066492534 -- 3049684 01022371280 -- 3049685 01099730950 -- 3049686 01038104145 -- 3049687 01023386004 -- 3049688 01041351456 -- 3049689 01056708552 -- 3049690 01023487700 -- 3049691 01092481089 -- 3049692 01040106559 -- 3049693 01031333069 -- 3049694 01025991080 -- 3049695 01085796598 -- 3049696 01053251832 -- 3049697 01063196785 -- 3049698 01032567267 -- 3049699 01042595363 -- 3049700 01047543454 -- 3049701 01094792066 -- 3049702 01021258312 -- 3049703 01056640071 -- 3049704 01024872347 -- 3049705 01023161197 -- 3049706 01034217546 -- 3049707 01065001763 -- 3049708 01037486785 -- 3049709 01040451288 -- 3049710 01056525394 -- 3049711 01046034473 -- 3049712 01030549630 -- 3049713 01042707747 -- 3049714 01055182703 -- 3049715 01059678836 -- 3049716 01087448536 -- 3049717 01065549612 -- 3049718 01044367161 -- 3049719 01086551705 -- 3049720 01082557410 -- 3049721 01029690119 -- 3049722 01062791419 -- 3049723 01052227127 -- 3049724 01068007662 -- 3049725 01074715558 -- 3049726 01031711877 -- 3049727 01091112302 -- 3049728 01038026947 -- 3049729 01091917415 -- 3049730 01031736657 -- 3049731 01087605000 -- 3049732 01039207779 -- 3049733 01062514627 -- 3049734 01048694119 -- 3049735 01099286831 -- 3049736 01046427745 -- 3049737 01076813080 -- 3049738 01033729227 -- 3049739 01026091986 -- 3049740 01091026113 -- 3049741 01091705454 -- 3049742 01043999795 -- 3049743 01046266224 -- 3049744 01087307472 -- 3049745 01029355077 -- 3049746 01027766647 -- 3049747 01059429802 -- 3049748 01073142611 -- 3049749 01059175734 -- 3049750 01053740808 -- 3049751 01099237646 -- 3049752 01063201304 -- 3049753 01033430378 -- 3049754 01065705550 -- 3049755 01058096359 -- 3049756 01030455034 -- 3049757 01064202614 -- 3049758 01063460642 -- 3049759 01024873035 -- 3049760 01095168027 -- 3049761 01036861967 -- 3049762 01079238599 -- 3049763 01083082308 -- 3049764 01020184344 -- 3049765 01038443690 -- 3049766 01023448181 -- 3049767 01033802483 -- 3049768 01088968173 -- 3049769 01042213395 -- 3049770 01047147101 -- 3049771 01052826237 -- 3049772 01041396995 -- 3049773 01055700738 -- 3049774 01033726370 -- 3049775 01047166995 -- 3049776 01075012606 -- 3049777 01098034548 -- 3049778 01091880041 -- 3049779 01049083323 -- 3049780 01092837327 -- 3049781 01027087623 -- 3049782 01072253236 -- 3049783 01055035446 -- 3049784 01034522313 -- 3049785 01064938642 -- 3049786 01064556807 -- 3049787 01039683882 -- 3049788 01075537194 -- 3049789 01024336353 -- 3049790 01028800547 -- 3049791 01090188270 -- 3049792 01092299300 -- 3049793 01055829974 -- 3049794 01046225630 -- 3049795 01030858455 -- 3049796 01063514755 -- 3049797 01047415982 -- 3049798 01025223050 -- 3049799 01039969858 -- 3049800 01076607134 -- 3049801 01022402920 -- 3049802 01084016363 -- 3049803 01055586858 -- 3049804 01025638270 -- 3049805 01089141242 -- 3049806 01098892463 -- 3049807 01087842481 -- 3049808 01051513514 -- 3049809 01055482949 -- 3049810 01096012463 -- 3049811 01062060258 -- 3049812 01036375505 -- 3049813 01092727077 -- 3049814 01085916304 -- 3049815 01027763529 -- 3049816 01098503533 -- 3049817 01031378130 -- 3049818 01031657173 -- 3049819 01056832656 -- 3049820 01055747014 -- 3049821 01031471524 -- 3049822 01096704588 -- 3049823 01082237817 -- 3049824 01046980525 -- 3049825 01030042108 -- 3049826 01071402172 -- 3049827 01065241014 -- 3049828 01052445886 -- 3049829 01099363537 -- 3049830 01028765520 -- 3049831 01047276408 -- 3049832 01071852368 -- 3049833 01096114955 -- 3049834 01085600629 -- 3049835 01049827843 -- 3049836 01086113769 -- 3049837 01098851387 -- 3049838 01089992116 -- 3049839 01092344102 -- 3049840 01049015005 -- 3049841 01067800071 -- 3049842 01094121480 -- 3049843 01057167052 -- 3049844 01032626442 -- 3049845 01049229137 -- 3049846 01075212716 -- 3049847 01077610622 -- 3049848 01071707287 -- 3049849 01097660260 -- 3049850 01083866967 -- 3049851 01093215397 -- 3049852 01054000850 -- 3049853 01048419661 -- 3049854 01021587023 -- 3049855 01039322700 -- 3049856 01036505074 -- 3049857 01076301664 -- 3049858 01096967240 -- 3049859 01066755015 -- 3049860 01084908170 -- 3049861 01032221284 -- 3049862 01063035035 -- 3049863 01041305706 -- 3049864 01076010827 -- 3049865 01036831010 -- 3049866 01090923837 -- 3049867 01037585140 -- 3049868 01062913335 -- 3049869 01024135377 -- 3049870 01087444717 -- 3049871 01080713698 -- 3049872 01044191189 -- 3049873 01041442974 -- 3049874 01025451059 -- 3049875 01066615448 -- 3049876 01027273845 -- 3049877 01065290411 -- 3049878 01075319107 -- 3049879 01048580435 -- 3049880 01030534918 -- 3049881 01038468242 -- 3049882 01080815199 -- 3049883 01038832846 -- 3049884 01057443212 -- 3049885 01047754775 -- 3049886 01088793684 -- 3049887 01045779497 -- 3049888 01095188067 -- 3049889 01033957040 -- 3049890 01081412268 -- 3049891 01080776263 -- 3049892 01076645509 -- 3049893 01095253026 -- 3049894 01063940172 -- 3049895 01071794542 -- 3049896 01062094071 -- 3049897 01027144427 -- 3049898 01043891889 -- 3049899 01058774080 -- 3049900 01030644553 -- 3049901 01046457164 -- 3049902 01034034407 -- 3049903 01063122330 -- 3049904 01035686166 -- 3049905 01067021305 -- 3049906 01062701367 -- 3049907 01074690254 -- 3049908 01036787784 -- 3049909 01032772277 -- 3049910 01075571403 -- 3049911 01050258776 -- 3049912 01031683212 -- 3049913 01049022266 -- 3049914 01058053091 -- 3049915 01098202635 -- 3049916 01090718265 -- 3049917 01028368265 -- 3049918 01036420672 -- 3049919 01076587728 -- 3049920 01029074861 -- 3049921 01038034103 -- 3049922 01052976240 -- 3049923 01031641393 -- 3049924 01056707433 -- 3049925 01073511153 -- 3049926 01042776593 -- 3049927 01046540441 -- 3049928 01071647866 -- 3049929 01037526541 -- 3049930 01034881135 -- 3049931 01074993035 -- 3049932 01045419482 -- 3049933 01095316800 -- 3049934 01030665862 -- 3049935 01057516033 -- 3049936 01020029450 -- 3049937 01039482101 -- 3049938 01084804407 -- 3049939 01082208522 -- 3049940 01087548881 -- 3049941 01042780008 -- 3049942 01034108467 -- 3049943 01064300148 -- 3049944 01074986970 -- 3049945 01022911457 -- 3049946 01052478568 -- 3049947 01023408912 -- 3049948 01055821777 -- 3049949 01083933538 -- 3049950 01022209442 -- 3049951 01022311904 -- 3049952 01057361961 -- 3049953 01056883893 -- 3049954 01073693530 -- 3049955 01051476926 -- 3049956 01037291138 -- 3049957 01033232464 -- 3049958 01082081333 -- 3049959 01071165360 -- 3049960 01097864449 -- 3049961 01076266121 -- 3049962 01091554070 -- 3049963 01064040581 -- 3049964 01062051911 -- 3049965 01025359674 -- 3049966 01023020383 -- 3049967 01063095716 -- 3049968 01032436418 -- 3049969 01055714958 -- 3049970 01026007574 -- 3049971 01095110316 -- 3049972 01096977150 -- 3049973 01059580979 -- 3049974 01048548169 -- 3049975 01096961086 -- 3049976 01032610737 -- 3049977 01090748594 -- 3049978 01076312558 -- 3049979 01063793599 -- 3049980 01053151846 -- 3049981 01062882782 -- 3049982 01088649097 -- 3049983 01085327706 -- 3049984 01058510327 -- 3049985 01095043423 -- 3049986 01096454890 -- 3049987 01088876535 -- 3049988 01029672216 -- 3049989 01051718612 -- 3049990 01030479803 -- 3049991 01059605793 -- 3049992 01059563393 -- 3049993 01042990209 -- 3049994 01020098554 -- 3049995 01074026676 -- 3049996 01055855433 -- 3049997 01064008390 -- 3049998 01058575542 -- 3049999 01025427783 -- 3050000 01097002233 -- 3050001 01042796557 -- 3050002 01026912493 -- 3050003 01034427783 -- 3050004 01040996222 -- 3050005 01085441586 -- 3050006 01048543639 -- 3050007 01047650273 -- 3050008 01040655948 -- 3050009 01066745210 -- 3050010 01064611823 -- 3050011 01042680845 -- 3050012 01039996303 -- 3050013 01035240982 -- 3050014 01026043991 -- 3050015 01037395388 -- 3050016 01034556227 -- 3050017 01084554331 -- 3050018 01081817079 -- 3050019 01048760550 -- 3050020 01046717641 -- 3050021 01072380249 -- 3050022 01086551092 -- 3050023 01099439155 -- 3050024 01097119513 -- 3050025 01032908457 -- 3050026 01053092894 -- 3050027 01071760748 -- 3050028 01021532277 -- 3050029 01064346727 -- 3050030 01037430982 -- 3050031 01034077300 -- 3050032 01064257900 -- 3050033 01034074281 -- 3050034 01034825870 -- 3050035 01036639152 -- 3050036 01088678166 -- 3050037 01059557262 -- 3050038 01073677100 -- 3050039 01087001557 -- 3050040 01032659939 -- 3050041 01093475552 -- 3050042 01099656720 -- 3050043 01074984088 -- 3050044 01041767484 -- 3050045 01083297358 -- 3050046 01032252018 -- 3050047 01041452836 -- 3050048 01054434362 -- 3050049 01036667565 -- 3050050 01088823821 -- 3050051 01062351737 -- 3050052 01077653345 -- 3050053 01052512836 -- 3050054 01071939538 -- 3050055 01050282938 -- 3050056 01067903566 -- 3050057 01089481347 -- 3050058 01073921912 -- 3050059 01035119714 -- 3050060 01027772517 -- 3050061 01074462431 -- 3050062 01086429387 -- 3050063 01073567306 -- 3050064 01087514031 -- 3050065 01046746081 -- 3050066 01050901145 -- 3050067 01066568065 -- 3050068 01020154988 -- 3050069 01057917070 -- 3050070 01052494632 -- 3050071 01025305625 -- 3050072 01032757613 -- 3050073 01096065866 -- 3050074 01082557030 -- 3050075 01075576804 -- 3050076 01021177379 -- 3050077 01074701212 -- 3050078 01085381523 -- 3050079 01095285473 -- 3050080 01082531662 -- 3050081 01048484126 -- 3050082 01079423335 -- 3050083 01035731558 -- 3050084 01035218098 -- 3050085 01085744918 -- 3050086 01083709909 -- 3050087 01096462231 -- 3050088 01025676017 -- 3050089 01086137667 -- 3050090 01082855444 -- 3050091 01090239690 -- 3050092 01072360998 -- 3050093 01091239957 -- 3050094 01066952393 -- 3050095 01091908415 -- 3050096 01089329655 -- 3050097 01044885118 -- 3050098 01066559908 -- 3050099 01033490231 -- 3050100 01090391024 -- 3050101 01039289005 -- 3050102 01063651731 -- 3050103 01097111152 -- 3050104 01083762059 -- 3050105 01079281361 -- 3050106 01063816319 -- 3050107 01084011514 -- 3050108 01091009972 -- 3050109 01023905503 -- 3050110 01098170082 -- 3050111 01057680087 -- 3050112 01052964948 -- 3050113 01066171139 -- 3050114 01090725703 -- 3050115 01023919620 -- 3050116 01027351108 -- 3050117 01026007335 -- 3050118 01031435339 -- 3050119 01020358238 -- 3050120 01044672887 -- 3050121 01071535718 -- 3050122 01040079659 -- 3050123 01067828741 -- 3050124 01027303904 -- 3050125 01099289765 -- 3050126 01033032618 -- 3050127 01027473579 -- 3050128 01053410976 -- 3050129 01038891073 -- 3050130 01062265396 -- 3050131 01035908040 -- 3050132 01020287185 -- 3050133 01092475296 -- 3050134 01033655839 -- 3050135 01038687183 -- 3050136 01043924794 -- 3050137 01082507708 -- 3050138 01062367634 -- 3050139 01022611186 -- 3050140 01021120930 -- 3050141 01047109711 -- 3050142 01031278946 -- 3050143 01063914659 -- 3050144 01049138383 -- 3050145 01074233812 -- 3050146 01064793475 -- 3050147 01058619943 -- 3050148 01074328614 -- 3050149 01025892239 -- 3050150 01032487931 -- 3050151 01034100881 -- 3050152 01052631152 -- 3050153 01086267275 -- 3050154 01048010548 -- 3050155 01033773934 -- 3050156 01065132889 -- 3050157 01093510991 -- 3050158 01062707270 -- 3050159 01087575681 -- 3050160 01072912279 -- 3050161 01088972652 -- 3050162 01047450612 -- 3050163 01088061418 -- 3050164 01037202408 -- 3050165 01055308842 -- 3050166 01089304624 -- 3050167 01041401781 -- 3050168 01093230587 -- 3050169 01052499434 -- 3050170 01024209680 -- 3050171 01032733355 -- 3050172 01086216406 -- 3050173 01031381868 -- 3050174 01074176850 -- 3050175 01087062484 -- 3050176 01073362557 -- 3050177 01063954303 -- 3050178 01038653789 -- 3050179 01022147676 -- 3050180 01049305975 -- 3050181 01075369181 -- 3050182 01035715070 -- 3050183 01025616487 -- 3050184 01067413141 -- 3050185 01037492864 -- 3050186 01088062365 -- 3050187 01086469937 -- 3050188 01087182545 -- 3050189 01048189622 -- 3050190 01024854798 -- 3050191 01084500504 -- 3050192 01021999742 -- 3050193 01092579494 -- 3050194 01086217302 -- 3050195 01053754253 -- 3050196 01050002202 -- 3050197 01075310881 -- 3050198 01033280686 -- 3050199 01097819740 -- 3050200 01082650654 -- 3050201 01033352607 -- 3050202 01056431019 -- 3050203 01040586363 -- 3050204 01085224689 -- 3050205 01084501284 -- 3050206 01075473026 -- 3050207 01023807243 -- 3050208 01052854354 -- 3050209 01052764907 -- 3050210 01024126671 -- 3050211 01036064599 -- 3050212 01022815379 -- 3050213 01062297927 -- 3050214 01029230295 -- 3050215 01032475957 -- 3050216 01036788595 -- 3050217 01071280012 -- 3050218 01031565030 -- 3050219 01041346467 -- 3050220 01086803940 -- 3050221 01071106737 -- 3050222 01031949743 -- 3050223 01027549025 -- 3050224 01099956202 -- 3050225 01031721867 -- 3050226 01072770276 -- 3050227 01038475979 -- 3050228 01037719163 -- 3050229 01024944418 -- 3050230 01056121935 -- 3050231 01046647974 -- 3050232 01048184147 -- 3050233 01052062499 -- 3050234 01031780147 -- 3050235 01053655861 -- 3050236 01085593266 -- 3050237 01068721230 -- 3050238 01093095113 -- 3050239 01098870246 -- 3050240 01051137265 -- 3050241 01094369038 -- 3050242 01090582860 -- 3050243 01084285446 -- 3050244 01042681038 -- 3050245 01091074890 -- 3050246 01053634842 -- 3050247 01075418444 -- 3050248 01073230741 -- 3050249 01037388320 -- 3050250 01046533588 -- 3050251 01064297256 -- 3050252 01067387881 -- 3050253 01039933816 -- 3050254 01045963724 -- 3050255 01022229637 -- 3050256 01026430265 -- 3050257 01050922102 -- 3050258 01091181220 -- 3050259 01076802914 -- 3050260 01048730186 -- 3050261 01045958301 -- 3050262 01084013927 -- 3050263 01026951713 -- 3050264 01037930657 -- 3050265 01099593250 -- 3050266 01096673740 -- 3050267 01027448988 -- 3050268 01023068349 -- 3050269 01025839087 -- 3050270 01020295677 -- 3050271 01053698513 -- 3050272 01037768964 -- 3050273 01088251690 -- 3050274 01091273815 -- 3050275 01062907705 -- 3050276 01054808682 -- 3050277 01037039410 -- 3050278 01090649286 -- 3050279 01066853378 -- 3050280 01033214785 -- 3050281 01040259004 -- 3050282 01035982460 -- 3050283 01043121016 -- 3050284 01027472966 -- 3050285 01091676826 -- 3050286 01089653069 -- 3050287 01030994752 -- 3050288 01051686859 -- 3050289 01073546789 -- 3050290 01046409057 -- 3050291 01050752142 -- 3050292 01089541709 -- 3050293 01052361501 -- 3050294 01099128407 -- 3050295 01036438988 -- 3050296 01082773301 -- 3050297 01082792589 -- 3050298 01044303239 -- 3050299 01081677777 -- 3050300 01066250052 -- 3050301 01063969022 -- 3050302 01028385331 -- 3050303 01026986690 -- 3050304 01026647008 -- 3050305 01089192913 -- 3050306 01096180990 -- 3050307 01041262327 -- 3050308 01026659253 -- 3050309 01087081880 -- 3050310 01020036533 -- 3050311 01037515150 -- 3050312 01031122859 -- 3050313 01075882008 -- 3050314 01029444641 -- 3050315 01086663221 -- 3050316 01050347548 -- 3050317 01025623455 -- 3050318 01057367963 -- 3050319 01057077461 -- 3050320 01053753154 -- 3050321 01082833328 -- 3050322 01087911257 -- 3050323 01086345136 -- 3050324 01023455360 -- 3050325 01036899614 -- 3050326 01063378839 -- 3050327 01090734413 -- 3050328 01047286631 -- 3050329 01088285511 -- 3050330 01023306628 -- 3050331 01093485581 -- 3050332 01054402199 -- 3050333 01053242398 -- 3050334 01030591970 -- 3050335 01025492812 -- 3050336 01044015785 -- 3050337 01058918080 -- 3050338 01045613865 -- 3050339 01029509838 -- 3050340 01083867947 -- 3050341 01045529016 -- 3050342 01085314443 -- 3050343 01028943367 -- 3050344 01027846742 -- 3050345 01041852129 -- 3050346 01088582489 -- 3050347 01034522122 -- 3050348 01032338750 -- 3050349 01023080876 -- 3050350 01022118901 -- 3050351 01036987356 -- 3050352 01038177974 -- 3050353 01090589403 -- 3050354 01083591009 -- 3050355 01088874962 -- 3050356 01072985146 -- 3050357 01039431885 -- 3050358 01093334238 -- 3050359 01038846622 -- 3050360 01027457679 -- 3050361 01040045671 -- 3050362 01089510729 -- 3050363 01052255179 -- 3050364 01032058806 -- 3050365 01098175931 -- 3050366 01030407706 -- 3050367 01090462456 -- 3050368 01033652793 -- 3050369 01081510000 -- 3050370 01023638536 -- 3050371 01081205223 -- 3050372 01053087100 -- 3050373 01037170976 -- 3050374 01092888065 -- 3050375 01021737156 -- 3050376 01082814004 -- 3050377 01028445736 -- 3050378 01028205669 -- 3050379 01023748211 -- 3050380 01095623227 -- 3050381 01022872709 -- 3050382 01054565490 -- 3050383 01091798392 -- 3050384 01050873121 -- 3050385 01093882625 -- 3050386 01037663767 -- 3050387 01048421322 -- 3050388 01056598363 -- 3050389 01090776997 -- 3050390 01067884388 -- 3050391 01050691815 -- 3050392 01086088455 -- 3050393 01092583546 -- 3050394 01074237305 -- 3050395 01062068684 -- 3050396 01084838012 -- 3050397 01038095177 -- 3050398 01020289648 -- 3050399 01089001193 -- 3050400 01075279517 -- 3050401 01067341982 -- 3050402 01047460602 -- 3050403 01054098332 -- 3050404 01052756564 -- 3050405 01090904095 -- 3050406 01077741001 -- 3050407 01047814391 -- 3050408 01056063770 -- 3050409 01073845197 -- 3050410 01033084698 -- 3050411 01066371446 -- 3050412 01065941007 -- 3050413 01068752233 -- 3050414 01072160977 -- 3050415 01087409913 -- 3050416 01094158958 -- 3050417 01091238006 -- 3050418 01077606673 -- 3050419 01097513189 -- 3050420 01056432805 -- 3050421 01042250125 -- 3050422 01064624370 -- 3050423 01076185911 -- 3050424 01080580358 -- 3050425 01022240980 -- 3050426 01050439365 -- 3050427 01029921076 -- 3050428 01039979584 -- 3050429 01035253564 -- 3050430 01033647127 -- 3050431 01049853555 -- 3050432 01041194001 -- 3050433 01033676034 -- 3050434 01047392349 -- 3050435 01023350733 -- 3050436 01073379802 -- 3050437 01052240312 -- 3050438 01057316145 -- 3050439 01025435628 -- 3050440 01028645784 -- 3050441 01045689629 -- 3050442 01057067090 -- 3050443 01089130522 -- 3050444 01034852060 -- 3050445 01032827173 -- 3050446 01024701866 -- 3050447 01041148360 -- 3050448 01093987449 -- 3050449 01057663380 -- 3050450 01027641766 -- 3050451 01039966636 -- 3050452 01024218224 -- 3050453 01086511294 -- 3050454 01063046252 -- 3050455 01033384604 -- 3050456 01084664046 -- 3050457 01027474147 -- 3050458 01063980687 -- 3050459 01037132030 -- 3050460 01032195427 -- 3050461 01036625137 -- 3050462 01022300741 -- 3050463 01082432225 -- 3050464 01086840636 -- 3050465 01065878807 -- 3050466 01048665680 -- 3050467 01062164773 -- 3050468 01091508824 -- 3050469 01075675395 -- 3050470 01098636485 -- 3050471 01048300977 -- 3050472 01084410977 -- 3050473 01094987645 -- 3050474 01023024878 -- 3050475 01085927780 -- 3050476 01076735117 -- 3050477 01045873714 -- 3050478 01071036536 -- 3050479 01086310001 -- 3050480 01022608136 -- 3050481 01058238115 -- 3050482 01059197218 -- 3050483 01084460704 -- 3050484 01041797464 -- 3050485 01028058061 -- 3050486 01029367292 -- 3050487 01033064027 -- 3050488 01038736635 -- 3050489 01071005736 -- 3050490 01088062849 -- 3050491 01095302845 -- 3050492 01090239450 -- 3050493 01041920863 -- 3050494 01055967561 -- 3050495 01028570925 -- 3050496 01075037385 -- 3050497 01063743736 -- 3050498 01068903120 -- 3050499 01028352666 -- 3050500 01024914738 -- 3050501 01022549760 -- 3050502 01042558249 -- 3050503 01087742742 -- 3050504 01052424295 -- 3050505 01045872547 -- 3050506 01065400789 -- 3050507 01090536473 -- 3050508 01064172825 -- 3050509 01081387925 -- 3050510 01024131820 -- 3050511 01040153534 -- 3050512 01099019414 -- 3050513 01029064885 -- 3050514 01052597927 -- 3050515 01079177327 -- 3050516 01027552983 -- 3050517 01076412961 -- 3050518 01057810719 -- 3050519 01020867246 -- 3050520 01047825980 -- 3050521 01094617558 -- 3050522 01032614723 -- 3050523 01098103059 -- 3050524 01089090468 -- 3050525 01024627411 -- 3050526 01032775644 -- 3050527 01084359345 -- 3050528 01098783506 -- 3050529 01056163566 -- 3050530 01051843812 -- 3050531 01031756969 -- 3050532 01039009804 -- 3050533 01073789706 -- 3050534 01054303599 -- 3050535 01066703355 -- 3050536 01048249615 -- 3050537 01055677402 -- 3050538 01037070740 -- 3050539 01088355266 -- 3050540 01027239417 -- 3050541 01053012219 -- 3050542 01044668063 -- 3050543 01044713756 -- 3050544 01093070650 -- 3050545 01025237659 -- 3050546 01082030468 -- 3050547 01046609528 -- 3050548 01047126918 -- 3050549 01090921238 -- 3050550 01055176299 -- 3050551 01021773301 -- 3050552 01025931481 -- 3050553 01025684631 -- 3050554 01058727199 -- 3050555 01076131202 -- 3050556 01073761155 -- 3050557 01092593678 -- 3050558 01053111977 -- 3050559 01086550897 -- 3050560 01083123037 -- 3050561 01099052761 -- 3050562 01090749045 -- 3050563 01090042314 -- 3050564 01089346311 -- 3050565 01027176910 -- 3050566 01042134518 -- 3050567 01025966099 -- 3050568 01071305882 -- 3050569 01041986081 -- 3050570 01071187670 -- 3050571 01097792121 -- 3050572 01024390420 -- 3050573 01043115397 -- 3050574 01037837809 -- 3050575 01043640160 -- 3050576 01094789090 -- 3050577 01053544451 -- 3050578 01034650303 -- 3050579 01082870164 -- 3050580 01031577051 -- 3050581 01054342562 -- 3050582 01097737559 -- 3050583 01048550452 -- 3050584 01088990584 -- 3050585 01062359522 -- 3050586 01022650964 -- 3050587 01025130318 -- 3050588 01022707942 -- 3050589 01091844253 -- 3050590 01082061762 -- 3050591 01064017525 -- 3050592 01085452567 -- 3050593 01050630940 -- 3050594 01041451293 -- 3050595 01094737487 -- 3050596 01027485280 -- 3050597 01043211896 -- 3050598 01029781947 -- 3050599 01037019457 -- 3050600 01058392952 -- 3050601 01092676719 -- 3050602 01023991966 -- 3050603 01027585903 -- 3050604 01051429994 -- 3050605 01053532350 -- 3050606 01059326871 -- 3050607 01086161723 -- 3050608 01093631890 -- 3050609 01077629949 -- 3050610 01041286520 -- 3050611 01036228627 -- 3050612 01030103661 -- 3050613 01023630455 -- 3050614 01021745770 -- 3050615 01085120719 -- 3050616 01091954980 -- 3050617 01055878423 -- 3050618 01050372145 -- 3050619 01046462178 -- 3050620 01082246139 -- 3050621 01037421042 -- 3050622 01022460100 -- 3050623 01057152230 -- 3050624 01089327333 -- 3050625 01032859596 -- 3050626 01071384812 -- 3050627 01072277062 -- 3050628 01048584733 -- 3050629 01048899142 -- 3050630 01050631735 -- 3050631 01099793896 -- 3050632 01057815164 -- 3050633 01025675878 -- 3050634 01088741463 -- 3050635 01063035886 -- 3050636 01099134483 -- 3050637 01028217396 -- 3050638 01089476667 -- 3050639 01074358632 -- 3050640 01055670801 -- 3050641 01091135409 -- 3050642 01038983947 -- 3050643 01084644644 -- 3050644 01050227382 -- 3050645 01041124676 -- 3050646 01076887133 -- 3050647 01071159146 -- 3050648 01054569475 -- 3050649 01057878790 -- 3050650 01045768111 -- 3050651 01021021598 -- 3050652 01026737236 -- 
END   2022-02-11 13:40:14 --------------------------


START 2022-02-11 13:50:03 --------------------------
live
총 217 개 데이타 이동
데이타 이동 시작 *****
3050653 01037270357 -- 3050654 01077516362 -- 3050655 01088060756 -- 3050656 01049272580 -- 3050657 01092943018 -- 3050658 01090151772 -- 3050659 01052106599 -- 3050660 01054265124 -- 3050661 01096994870 -- 3050662 01035910541 -- 3050663 01096554699 -- 3050664 01094019911 -- 3050665 01071978254 -- 3050666 01086353114 -- 3050667 01040409555 -- 3050668 01079387732 -- 3050669 01038522642 -- 3050670 01026735742 -- 3050671 01029366308 -- 3050672 01094495270 -- 3050673 01096928281 -- 3050674 01025554416 -- 3050675 01037771410 -- 3050676 01073453151 -- 3050677 01083530121 -- 3050678 01029683536 -- 3050679 01076857925 -- 3050680 01093463845 -- 3050681 01089851597 -- 3050682 01026676739 -- 3050683 01022710777 -- 3050684 01043962713 -- 3050685 01064501441 -- 3050686 01034407845 -- 3050687 01022201840 -- 3050688 01099561970 -- 3050689 01023451511 -- 3050690 01083298910 -- 3050691 01065059861 -- 3050692 01055218490 -- 3050693 01031710917 -- 3050694 01054486807 -- 3050695 01028898188 -- 3050696 01044190054 -- 3050697 01057091277 -- 3050698 01099000626 -- 3050699 01059415669 -- 3050700 01048751397 -- 3050701 01093471434 -- 3050702 01092478454 -- 3050703 01052591160 -- 3050704 01092986018 -- 3050705 01031610932 -- 3050706 01088021569 -- 3050707 01096677295 -- 3050708 01057114824 -- 3050709 01046450628 -- 3050710 01042744547 -- 3050711 01098898440 -- 3050712 01044856670 -- 3050713 01098305559 -- 3050714 01052049933 -- 3050715 01072462330 -- 3050716 01080244730 -- 3050717 01087291278 -- 3050718 01023799698 -- 3050719 01099347255 -- 3050720 01083901147 -- 3050721 01091010690 -- 3050722 01097678378 -- 3050723 01039688880 -- 3050724 01029626003 -- 3050725 01023596365 -- 3050726 01087350521 -- 3050727 01099171292 -- 3050728 01031447245 -- 3050729 01039092119 -- 3050730 01023571243 -- 3050731 01025772471 -- 3050732 01026433539 -- 3050733 01059588273 -- 3050734 01054012940 -- 3050735 01045240825 -- 3050736 01089338783 -- 3050737 01027262605 -- 3050738 01062405634 -- 3050739 01073409733 -- 3050740 01046047990 -- 3050741 01022363622 -- 3050742 01047333053 -- 3050743 01033472037 -- 3050744 01074888976 -- 3050745 01097444161 -- 3050746 01064332266 -- 3050747 01063459600 -- 3050748 01081813492 -- 3050749 01053810968 -- 3050750 01088617082 -- 3050751 01071227216 -- 3050752 01099903505 -- 3050753 01031752741 -- 3050754 01029101541 -- 3050755 01022458489 -- 3050756 01084684912 -- 3050757 01046805263 -- 3050758 01045693379 -- 3050759 01027968028 -- 3050760 01099853398 -- 3050761 01089367060 -- 3050762 01096353160 -- 3050763 01035202074 -- 3050764 01099890006 -- 3050765 01024130295 -- 3050766 01071133786 -- 3050767 01023454042 -- 3050768 01088185368 -- 3050769 01055514521 -- 3050770 01045041155 -- 3050771 01021950213 -- 3050772 01086190736 -- 3050773 01043248935 -- 3050774 01062137772 -- 3050775 01092831319 -- 3050776 01094318615 -- 3050777 01077284815 -- 3050778 01071210217 -- 3050779 01094481326 -- 3050780 01042327850 -- 3050781 01087862682 -- 3050782 01057461119 -- 3050783 01081214292 -- 3050784 01084381730 -- 3050785 01055582151 -- 3050786 01088831942 -- 3050787 01029498085 -- 3050788 01045643802 -- 3050789 01072667244 -- 3050790 01024632023 -- 3050791 01089959266 -- 3050792 01055944327 -- 3050793 01071209074 -- 3050794 01033096619 -- 3050795 01093285419 -- 3050796 01048352317 -- 3050797 01047540255 -- 3050798 01042095553 -- 3050799 01075296000 -- 3050800 01035370827 -- 3050801 01067951721 -- 3050802 01029967288 -- 3050803 01071760641 -- 3050804 01039336301 -- 3050805 01030334876 -- 3050806 01034944047 -- 3050807 01090777113 -- 3050808 01055002970 -- 3050809 01083432053 -- 3050810 01047013082 -- 3050811 01037683174 -- 3050812 01042119084 -- 3050813 01067387477 -- 3050814 01097786911 -- 3050815 01021983772 -- 3050816 01072081946 -- 3050817 01056792594 -- 3050818 01097413002 -- 3050819 01052563877 -- 3050820 01080882819 -- 3050821 01031140123 -- 3050822 01063250479 -- 3050823 01026580157 -- 3050824 01058362168 -- 3050825 01055890654 -- 3050826 01089863491 -- 3050827 01064632955 -- 3050828 01024140665 -- 3050829 01047800909 -- 3050830 01090372844 -- 3050831 01024001814 -- 3050832 01045388368 -- 3050833 01079791636 -- 3050834 01050643672 -- 3050835 01049239285 -- 3050836 01028015641 -- 3050837 01055164978 -- 3050838 01047948203 -- 3050839 01027318630 -- 3050840 01039979290 -- 3050841 01058255021 -- 3050842 01075964178 -- 3050843 01043518508 -- 3050844 01041078411 -- 3050845 01072920108 -- 3050846 01074722633 -- 3050847 01066812735 -- 3050848 01073798933 -- 3050849 01063856529 -- 3050850 01062698856 -- 3050851 01037949364 -- 3050852 01094710483 -- 3050853 01074275129 -- 3050854 01056983123 -- 3050855 01042055056 -- 3050856 01059429656 -- 3050857 01089831500 -- 3050858 01089655683 -- 3050859 01055062813 -- 3050860 01066981603 -- 3050861 01093737267 -- 3050862 01042191290 -- 3050863 01093851883 -- 3050864 01029699233 -- 3050865 01037965471 -- 3050866 01030032307 -- 3050867 01094501473 -- 3050868 01067338336 -- 3050869 01045749227 -- 
END   2022-02-11 13:50:08 --------------------------


START 2022-02-11 14:00:01 --------------------------
live
총 0 개 데이타 이동
END   2022-02-11 14:00:03 --------------------------


START 2022-02-11 14:10:01 --------------------------
live
총 0 개 데이타 이동
END   2022-02-11 14:10:04 --------------------------


START 2022-02-11 14:20:01 --------------------------
live
총 0 개 데이타 이동
END   2022-02-11 14:20:03 --------------------------


START 2022-02-11 14:30:01 --------------------------
live
총 0 개 데이타 이동
END   2022-02-11 14:30:03 --------------------------


START 2022-02-11 14:40:01 --------------------------
live
총 0 개 데이타 이동
END   2022-02-11 14:40:03 --------------------------


START 2022-02-11 14:50:01 --------------------------
live
총 0 개 데이타 이동
END   2022-02-11 14:50:03 --------------------------


START 2022-02-11 15:00:01 --------------------------
live
총 0 개 데이타 이동
END   2022-02-11 15:00:03 --------------------------


START 2022-02-11 15:10:01 --------------------------
live
총 0 개 데이타 이동
END   2022-02-11 15:10:05 --------------------------


START 2022-02-11 15:20:02 --------------------------
live
총 0 개 데이타 이동
END   2022-02-11 15:20:04 --------------------------


START 2022-02-11 15:30:02 --------------------------
live
총 0 개 데이타 이동
END   2022-02-11 15:30:04 --------------------------


START 2022-02-11 15:40:02 --------------------------
live
총 0 개 데이타 이동
END   2022-02-11 15:40:04 --------------------------


START 2022-02-11 15:50:02 --------------------------
live
총 0 개 데이타 이동
END   2022-02-11 15:50:04 --------------------------


START 2022-02-11 16:00:02 --------------------------
live
총 0 개 데이타 이동
END   2022-02-11 16:00:04 --------------------------


START 2022-02-11 16:10:02 --------------------------
live
총 0 개 데이타 이동
END   2022-02-11 16:10:05 --------------------------


START 2022-02-11 16:20:02 --------------------------
live
총 0 개 데이타 이동
END   2022-02-11 16:20:04 --------------------------


START 2022-02-11 16:30:02 --------------------------
live
총 0 개 데이타 이동
END   2022-02-11 16:30:04 --------------------------


START 2022-02-11 16:40:02 --------------------------
live
총 0 개 데이타 이동
END   2022-02-11 16:40:04 --------------------------


START 2022-02-11 16:50:02 --------------------------
live
총 0 개 데이타 이동
END   2022-02-11 16:50:04 --------------------------


START 2022-02-11 17:00:02 --------------------------
live
총 0 개 데이타 이동
END   2022-02-11 17:00:04 --------------------------


START 2022-02-11 17:10:02 --------------------------
live
총 0 개 데이타 이동
END   2022-02-11 17:10:04 --------------------------


START 2022-02-11 17:20:02 --------------------------
live
총 0 개 데이타 이동
END   2022-02-11 17:20:04 --------------------------


START 2022-02-11 17:30:02 --------------------------
live
총 0 개 데이타 이동
END   2022-02-11 17:30:04 --------------------------


START 2022-02-11 17:40:02 --------------------------
live
총 0 개 데이타 이동
END   2022-02-11 17:40:04 --------------------------


START 2022-02-11 17:50:02 --------------------------
live
총 0 개 데이타 이동
END   2022-02-11 17:50:04 --------------------------


START 2022-02-11 18:00:02 --------------------------
live
총 0 개 데이타 이동
END   2022-02-11 18:00:04 --------------------------


START 2022-02-11 18:10:02 --------------------------
live
총 0 개 데이타 이동
END   2022-02-11 18:10:04 --------------------------


START 2022-02-11 18:20:02 --------------------------
live
총 0 개 데이타 이동
END   2022-02-11 18:20:04 --------------------------


START 2022-02-11 18:30:02 --------------------------
live
총 0 개 데이타 이동
END   2022-02-11 18:30:04 --------------------------


START 2022-02-11 18:40:02 --------------------------
live
총 0 개 데이타 이동
END   2022-02-11 18:40:04 --------------------------


START 2022-02-11 18:50:02 --------------------------
live
총 0 개 데이타 이동
END   2022-02-11 18:50:04 --------------------------


START 2022-02-11 19:00:01 --------------------------
live
총 0 개 데이타 이동
END   2022-02-11 19:00:04 --------------------------


START 2022-02-11 19:10:01 --------------------------
live
총 0 개 데이타 이동
END   2022-02-11 19:10:03 --------------------------


START 2022-02-11 19:20:01 --------------------------
live
총 0 개 데이타 이동
END   2022-02-11 19:20:03 --------------------------


START 2022-02-11 19:30:01 --------------------------
live
총 0 개 데이타 이동
END   2022-02-11 19:30:03 --------------------------


START 2022-02-11 19:40:01 --------------------------
live
총 0 개 데이타 이동
END   2022-02-11 19:40:03 --------------------------


START 2022-02-11 19:50:01 --------------------------
live
총 0 개 데이타 이동
END   2022-02-11 19:50:03 --------------------------


START 2022-02-11 20:00:01 --------------------------
live
총 0 개 데이타 이동
END   2022-02-11 20:00:03 --------------------------


START 2022-02-11 20:10:01 --------------------------
live
총 0 개 데이타 이동
END   2022-02-11 20:10:03 --------------------------


START 2022-02-11 20:20:01 --------------------------
live
총 0 개 데이타 이동
END   2022-02-11 20:20:03 --------------------------


START 2022-02-11 20:30:02 --------------------------
live
총 0 개 데이타 이동
END   2022-02-11 20:30:04 --------------------------


START 2022-02-11 20:40:02 --------------------------
live
총 0 개 데이타 이동
END   2022-02-11 20:40:04 --------------------------


START 2022-02-11 20:50:02 --------------------------
live
총 0 개 데이타 이동
END   2022-02-11 20:50:04 --------------------------


START 2022-02-11 21:00:02 --------------------------
live
총 0 개 데이타 이동
END   2022-02-11 21:00:04 --------------------------


START 2022-02-11 21:10:02 --------------------------
live
총 0 개 데이타 이동
END   2022-02-11 21:10:04 --------------------------


START 2022-02-11 21:20:02 --------------------------
live
총 0 개 데이타 이동
END   2022-02-11 21:20:04 --------------------------


START 2022-02-11 21:30:01 --------------------------
live
총 0 개 데이타 이동
END   2022-02-11 21:30:03 --------------------------


START 2022-02-11 21:40:01 --------------------------
live
총 0 개 데이타 이동
END   2022-02-11 21:40:04 --------------------------


START 2022-02-11 21:50:01 --------------------------
live
총 0 개 데이타 이동
END   2022-02-11 21:50:03 --------------------------


START 2022-02-11 22:00:01 --------------------------
live
총 0 개 데이타 이동
END   2022-02-11 22:00:03 --------------------------


START 2022-02-11 22:10:01 --------------------------
live
총 0 개 데이타 이동
END   2022-02-11 22:10:03 --------------------------


START 2022-02-11 22:20:01 --------------------------
live
총 0 개 데이타 이동
END   2022-02-11 22:20:03 --------------------------


START 2022-02-11 22:30:01 --------------------------
live
총 0 개 데이타 이동
END   2022-02-11 22:30:03 --------------------------


START 2022-02-11 22:40:02 --------------------------
live
총 0 개 데이타 이동
END   2022-02-11 22:40:04 --------------------------


START 2022-02-11 22:50:02 --------------------------
live
총 0 개 데이타 이동
END   2022-02-11 22:50:04 --------------------------


START 2022-02-11 23:00:01 --------------------------
live
총 0 개 데이타 이동
END   2022-02-11 23:00:03 --------------------------


START 2022-02-11 23:10:01 --------------------------
live
총 0 개 데이타 이동
END   2022-02-11 23:10:03 --------------------------


START 2022-02-11 23:20:01 --------------------------
live
총 0 개 데이타 이동
END   2022-02-11 23:20:03 --------------------------


START 2022-02-11 23:30:01 --------------------------
live
총 0 개 데이타 이동
END   2022-02-11 23:30:03 --------------------------


START 2022-02-11 23:40:02 --------------------------
live
총 0 개 데이타 이동
END   2022-02-11 23:40:04 --------------------------


START 2022-02-11 23:50:02 --------------------------
live
총 0 개 데이타 이동
END   2022-02-11 23:50:04 --------------------------


