START 2022-12-07 00:00:01 --------------------------
live
총 0 개 데이타 이동
END   2022-12-07 00:00:01 --------------------------


START 2022-12-07 00:10:02 --------------------------
live
총 0 개 데이타 이동
END   2022-12-07 00:10:02 --------------------------


START 2022-12-07 00:20:01 --------------------------
live
총 0 개 데이타 이동
END   2022-12-07 00:20:01 --------------------------


START 2022-12-07 00:30:01 --------------------------
live
총 0 개 데이타 이동
END   2022-12-07 00:30:01 --------------------------


START 2022-12-07 00:40:01 --------------------------
live
총 0 개 데이타 이동
END   2022-12-07 00:40:01 --------------------------


START 2022-12-07 00:50:01 --------------------------
live
총 0 개 데이타 이동
END   2022-12-07 00:50:01 --------------------------


START 2022-12-07 01:00:01 --------------------------
live
총 0 개 데이타 이동
END   2022-12-07 01:00:01 --------------------------


START 2022-12-07 01:10:01 --------------------------
live
총 0 개 데이타 이동
END   2022-12-07 01:10:01 --------------------------


START 2022-12-07 01:20:01 --------------------------
live
총 0 개 데이타 이동
END   2022-12-07 01:20:01 --------------------------


START 2022-12-07 01:30:01 --------------------------
live
총 0 개 데이타 이동
END   2022-12-07 01:30:01 --------------------------


START 2022-12-07 01:40:01 --------------------------
live
총 0 개 데이타 이동
END   2022-12-07 01:40:01 --------------------------


START 2022-12-07 01:50:01 --------------------------
live
총 0 개 데이타 이동
END   2022-12-07 01:50:01 --------------------------


START 2022-12-07 02:00:01 --------------------------
live
총 0 개 데이타 이동
END   2022-12-07 02:00:01 --------------------------


START 2022-12-07 02:10:01 --------------------------
live
총 0 개 데이타 이동
END   2022-12-07 02:10:01 --------------------------


START 2022-12-07 02:20:01 --------------------------
live
총 0 개 데이타 이동
END   2022-12-07 02:20:01 --------------------------


START 2022-12-07 02:30:01 --------------------------
live
총 0 개 데이타 이동
END   2022-12-07 02:30:01 --------------------------


START 2022-12-07 02:40:01 --------------------------
live
총 0 개 데이타 이동
END   2022-12-07 02:40:01 --------------------------


START 2022-12-07 02:50:01 --------------------------
live
총 0 개 데이타 이동
END   2022-12-07 02:50:01 --------------------------


START 2022-12-07 03:00:01 --------------------------
live
총 0 개 데이타 이동
END   2022-12-07 03:00:01 --------------------------


START 2022-12-07 03:10:01 --------------------------
live
총 0 개 데이타 이동
END   2022-12-07 03:10:01 --------------------------


START 2022-12-07 03:20:01 --------------------------
live
총 0 개 데이타 이동
END   2022-12-07 03:20:01 --------------------------


START 2022-12-07 03:30:01 --------------------------
live
총 0 개 데이타 이동
END   2022-12-07 03:30:01 --------------------------


START 2022-12-07 03:40:02 --------------------------
live
총 0 개 데이타 이동
END   2022-12-07 03:40:02 --------------------------


START 2022-12-07 03:50:01 --------------------------
live
총 0 개 데이타 이동
END   2022-12-07 03:50:01 --------------------------


START 2022-12-07 04:00:01 --------------------------
live
총 0 개 데이타 이동
END   2022-12-07 04:00:01 --------------------------


START 2022-12-07 04:10:01 --------------------------
live
총 0 개 데이타 이동
END   2022-12-07 04:10:01 --------------------------


START 2022-12-07 04:20:01 --------------------------
live
총 0 개 데이타 이동
END   2022-12-07 04:20:01 --------------------------


START 2022-12-07 04:30:01 --------------------------
live
총 0 개 데이타 이동
END   2022-12-07 04:30:01 --------------------------


START 2022-12-07 04:40:01 --------------------------
live
총 0 개 데이타 이동
END   2022-12-07 04:40:01 --------------------------


START 2022-12-07 04:50:01 --------------------------
live
총 0 개 데이타 이동
END   2022-12-07 04:50:01 --------------------------


START 2022-12-07 05:00:01 --------------------------
live
총 0 개 데이타 이동
END   2022-12-07 05:00:01 --------------------------


START 2022-12-07 05:10:01 --------------------------
live
총 0 개 데이타 이동
END   2022-12-07 05:10:01 --------------------------


START 2022-12-07 05:20:01 --------------------------
live
총 0 개 데이타 이동
END   2022-12-07 05:20:01 --------------------------


START 2022-12-07 05:30:01 --------------------------
live
총 0 개 데이타 이동
END   2022-12-07 05:30:01 --------------------------


START 2022-12-07 05:40:01 --------------------------
live
총 0 개 데이타 이동
END   2022-12-07 05:40:01 --------------------------


START 2022-12-07 05:50:01 --------------------------
live
총 0 개 데이타 이동
END   2022-12-07 05:50:01 --------------------------


START 2022-12-07 06:00:01 --------------------------
live
총 0 개 데이타 이동
END   2022-12-07 06:00:01 --------------------------


START 2022-12-07 06:10:01 --------------------------
live
총 0 개 데이타 이동
END   2022-12-07 06:10:01 --------------------------


START 2022-12-07 06:20:01 --------------------------
live
총 0 개 데이타 이동
END   2022-12-07 06:20:01 --------------------------


START 2022-12-07 06:30:01 --------------------------
live
총 0 개 데이타 이동
END   2022-12-07 06:30:01 --------------------------


START 2022-12-07 06:40:01 --------------------------
live
총 0 개 데이타 이동
END   2022-12-07 06:40:01 --------------------------


START 2022-12-07 06:50:01 --------------------------
live
총 0 개 데이타 이동
END   2022-12-07 06:50:01 --------------------------


START 2022-12-07 07:00:01 --------------------------
live
총 0 개 데이타 이동
END   2022-12-07 07:00:01 --------------------------


START 2022-12-07 07:10:01 --------------------------
live
총 0 개 데이타 이동
END   2022-12-07 07:10:01 --------------------------


START 2022-12-07 07:20:01 --------------------------
live
총 0 개 데이타 이동
END   2022-12-07 07:20:01 --------------------------


START 2022-12-07 07:30:01 --------------------------
live
총 0 개 데이타 이동
END   2022-12-07 07:30:01 --------------------------


START 2022-12-07 07:40:02 --------------------------
live
총 0 개 데이타 이동
END   2022-12-07 07:40:02 --------------------------


START 2022-12-07 07:50:01 --------------------------
live
총 0 개 데이타 이동
END   2022-12-07 07:50:01 --------------------------


START 2022-12-07 08:00:01 --------------------------
live
총 0 개 데이타 이동
END   2022-12-07 08:00:01 --------------------------


START 2022-12-07 08:10:01 --------------------------
live
총 0 개 데이타 이동
END   2022-12-07 08:10:01 --------------------------


START 2022-12-07 08:20:01 --------------------------
live
총 0 개 데이타 이동
END   2022-12-07 08:20:01 --------------------------


START 2022-12-07 08:30:01 --------------------------
live
총 0 개 데이타 이동
END   2022-12-07 08:30:01 --------------------------


START 2022-12-07 08:40:01 --------------------------
live
총 0 개 데이타 이동
END   2022-12-07 08:40:01 --------------------------


START 2022-12-07 08:50:01 --------------------------
live
총 0 개 데이타 이동
END   2022-12-07 08:50:01 --------------------------


START 2022-12-07 09:00:01 --------------------------
live
총 0 개 데이타 이동
END   2022-12-07 09:00:01 --------------------------


START 2022-12-07 09:10:01 --------------------------
live
총 0 개 데이타 이동
END   2022-12-07 09:10:01 --------------------------


START 2022-12-07 09:20:01 --------------------------
live
총 0 개 데이타 이동
END   2022-12-07 09:20:01 --------------------------


START 2022-12-07 09:30:01 --------------------------
live
총 0 개 데이타 이동
END   2022-12-07 09:30:01 --------------------------


START 2022-12-07 09:40:01 --------------------------
live
총 0 개 데이타 이동
END   2022-12-07 09:40:01 --------------------------


START 2022-12-07 09:50:01 --------------------------
live
총 0 개 데이타 이동
END   2022-12-07 09:50:01 --------------------------


START 2022-12-07 10:00:01 --------------------------
live
총 0 개 데이타 이동
END   2022-12-07 10:00:01 --------------------------


START 2022-12-07 10:10:02 --------------------------
live
총 0 개 데이타 이동
END   2022-12-07 10:10:02 --------------------------


START 2022-12-07 10:20:01 --------------------------
live
총 0 개 데이타 이동
END   2022-12-07 10:20:02 --------------------------


START 2022-12-07 10:30:01 --------------------------
live
총 0 개 데이타 이동
END   2022-12-07 10:30:01 --------------------------


START 2022-12-07 10:40:01 --------------------------
live
3 개의 삭제대상 레코드 발견
delete from cf_Msg_Tran where moved='Y' and Send_Time < now() - interval 30 DAY
3 개 삭제

총 0 개 데이타 이동
END   2022-12-07 10:40:01 --------------------------


START 2022-12-07 10:50:01 --------------------------
live
총 0 개 데이타 이동
END   2022-12-07 10:50:01 --------------------------


START 2022-12-07 11:00:01 --------------------------
live
총 0 개 데이타 이동
END   2022-12-07 11:00:01 --------------------------


START 2022-12-07 11:10:01 --------------------------
live
총 0 개 데이타 이동
END   2022-12-07 11:10:01 --------------------------


START 2022-12-07 11:20:01 --------------------------
live
총 0 개 데이타 이동
END   2022-12-07 11:20:01 --------------------------


START 2022-12-07 11:30:01 --------------------------
live
총 0 개 데이타 이동
END   2022-12-07 11:30:01 --------------------------


START 2022-12-07 11:40:01 --------------------------
live
총 0 개 데이타 이동
END   2022-12-07 11:40:01 --------------------------


START 2022-12-07 11:50:01 --------------------------
live
14 개의 삭제대상 레코드 발견
delete from cf_Msg_Tran where moved='Y' and Send_Time < now() - interval 30 DAY
14 개 삭제

총 2 개 데이타 이동
데이타 이동 시작 *****
3112040 01037213621 -- 3112041 01082300118 -- 
END   2022-12-07 11:50:01 --------------------------


START 2022-12-07 12:00:04 --------------------------
live
총 0 개 데이타 이동
END   2022-12-07 12:00:04 --------------------------


START 2022-12-07 12:10:01 --------------------------
live
총 0 개 데이타 이동
END   2022-12-07 12:10:01 --------------------------


START 2022-12-07 12:20:01 --------------------------
live
총 0 개 데이타 이동
END   2022-12-07 12:20:01 --------------------------


START 2022-12-07 12:30:01 --------------------------
live
총 0 개 데이타 이동
END   2022-12-07 12:30:01 --------------------------


START 2022-12-07 12:40:03 --------------------------
live
총 0 개 데이타 이동
END   2022-12-07 12:40:03 --------------------------


START 2022-12-07 12:50:01 --------------------------
live
총 0 개 데이타 이동
END   2022-12-07 12:50:01 --------------------------


START 2022-12-07 13:00:01 --------------------------
live
총 0 개 데이타 이동
END   2022-12-07 13:00:01 --------------------------


START 2022-12-07 13:10:01 --------------------------
live
총 0 개 데이타 이동
END   2022-12-07 13:10:01 --------------------------


START 2022-12-07 13:20:01 --------------------------
live
총 0 개 데이타 이동
END   2022-12-07 13:20:01 --------------------------


START 2022-12-07 13:30:02 --------------------------
live
총 0 개 데이타 이동
END   2022-12-07 13:30:02 --------------------------


START 2022-12-07 13:40:01 --------------------------
live
총 0 개 데이타 이동
END   2022-12-07 13:40:01 --------------------------


START 2022-12-07 13:50:01 --------------------------
live
총 0 개 데이타 이동
END   2022-12-07 13:50:01 --------------------------


START 2022-12-07 14:00:04 --------------------------
live
총 0 개 데이타 이동
END   2022-12-07 14:00:04 --------------------------


START 2022-12-07 14:10:01 --------------------------
live
총 0 개 데이타 이동
END   2022-12-07 14:10:02 --------------------------


START 2022-12-07 14:20:01 --------------------------
live
총 0 개 데이타 이동
END   2022-12-07 14:20:01 --------------------------


START 2022-12-07 14:30:01 --------------------------
live
총 0 개 데이타 이동
END   2022-12-07 14:30:01 --------------------------


START 2022-12-07 14:40:01 --------------------------
live
총 0 개 데이타 이동
END   2022-12-07 14:40:01 --------------------------


START 2022-12-07 14:50:01 --------------------------
live
총 0 개 데이타 이동
END   2022-12-07 14:50:01 --------------------------


START 2022-12-07 15:00:01 --------------------------
live
총 1 개 데이타 이동
데이타 이동 시작 *****
3112042 01041676677 -- 
END   2022-12-07 15:00:01 --------------------------


START 2022-12-07 15:10:02 --------------------------
live
총 0 개 데이타 이동
END   2022-12-07 15:10:02 --------------------------


START 2022-12-07 15:20:01 --------------------------
live
총 0 개 데이타 이동
END   2022-12-07 15:20:01 --------------------------


START 2022-12-07 15:30:01 --------------------------
live
총 0 개 데이타 이동
END   2022-12-07 15:30:01 --------------------------


START 2022-12-07 15:40:01 --------------------------
live
총 0 개 데이타 이동
END   2022-12-07 15:40:01 --------------------------


START 2022-12-07 15:50:01 --------------------------
live
총 0 개 데이타 이동
END   2022-12-07 15:50:01 --------------------------


START 2022-12-07 16:00:01 --------------------------
live
총 0 개 데이타 이동
END   2022-12-07 16:00:01 --------------------------


START 2022-12-07 16:10:01 --------------------------
live
총 0 개 데이타 이동
END   2022-12-07 16:10:01 --------------------------


START 2022-12-07 16:20:01 --------------------------
live
총 0 개 데이타 이동
END   2022-12-07 16:20:01 --------------------------


START 2022-12-07 16:30:01 --------------------------
live
총 0 개 데이타 이동
END   2022-12-07 16:30:01 --------------------------


START 2022-12-07 16:40:01 --------------------------
live
총 0 개 데이타 이동
END   2022-12-07 16:40:01 --------------------------


START 2022-12-07 16:50:01 --------------------------
live
총 0 개 데이타 이동
END   2022-12-07 16:50:02 --------------------------


START 2022-12-07 17:00:01 --------------------------
live
총 0 개 데이타 이동
END   2022-12-07 17:00:01 --------------------------


START 2022-12-07 17:10:01 --------------------------
live
총 0 개 데이타 이동
END   2022-12-07 17:10:01 --------------------------


START 2022-12-07 17:20:02 --------------------------
live
총 0 개 데이타 이동
END   2022-12-07 17:20:02 --------------------------


START 2022-12-07 17:30:01 --------------------------
live
총 0 개 데이타 이동
END   2022-12-07 17:30:01 --------------------------


START 2022-12-07 17:40:01 --------------------------
live
총 0 개 데이타 이동
END   2022-12-07 17:40:01 --------------------------


START 2022-12-07 17:50:01 --------------------------
live
총 0 개 데이타 이동
END   2022-12-07 17:50:01 --------------------------


START 2022-12-07 18:00:04 --------------------------
live
총 0 개 데이타 이동
END   2022-12-07 18:00:04 --------------------------


START 2022-12-07 18:10:01 --------------------------
live
총 0 개 데이타 이동
END   2022-12-07 18:10:01 --------------------------


START 2022-12-07 18:20:02 --------------------------
live
총 0 개 데이타 이동
END   2022-12-07 18:20:02 --------------------------


START 2022-12-07 18:30:01 --------------------------
live
총 0 개 데이타 이동
END   2022-12-07 18:30:01 --------------------------


START 2022-12-07 18:40:01 --------------------------
live
총 0 개 데이타 이동
END   2022-12-07 18:40:01 --------------------------


START 2022-12-07 18:50:01 --------------------------
live
총 0 개 데이타 이동
END   2022-12-07 18:50:01 --------------------------


START 2022-12-07 19:00:01 --------------------------
live
총 0 개 데이타 이동
END   2022-12-07 19:00:01 --------------------------


START 2022-12-07 19:10:01 --------------------------
live
총 0 개 데이타 이동
END   2022-12-07 19:10:01 --------------------------


START 2022-12-07 19:20:01 --------------------------
live
총 0 개 데이타 이동
END   2022-12-07 19:20:01 --------------------------


START 2022-12-07 19:30:01 --------------------------
live
총 0 개 데이타 이동
END   2022-12-07 19:30:01 --------------------------


START 2022-12-07 19:40:01 --------------------------
live
총 0 개 데이타 이동
END   2022-12-07 19:40:01 --------------------------


START 2022-12-07 19:50:01 --------------------------
live
총 0 개 데이타 이동
END   2022-12-07 19:50:01 --------------------------


START 2022-12-07 20:00:04 --------------------------
live
총 0 개 데이타 이동
END   2022-12-07 20:00:04 --------------------------


START 2022-12-07 20:10:01 --------------------------
live
총 0 개 데이타 이동
END   2022-12-07 20:10:01 --------------------------


START 2022-12-07 20:20:01 --------------------------
live
총 0 개 데이타 이동
END   2022-12-07 20:20:01 --------------------------


START 2022-12-07 20:30:01 --------------------------
live
총 0 개 데이타 이동
END   2022-12-07 20:30:01 --------------------------


START 2022-12-07 20:40:01 --------------------------
live
총 0 개 데이타 이동
END   2022-12-07 20:40:01 --------------------------


START 2022-12-07 20:50:01 --------------------------
live
총 0 개 데이타 이동
END   2022-12-07 20:50:01 --------------------------


START 2022-12-07 21:00:01 --------------------------
live
총 0 개 데이타 이동
END   2022-12-07 21:00:01 --------------------------


START 2022-12-07 21:10:01 --------------------------
live
총 0 개 데이타 이동
END   2022-12-07 21:10:01 --------------------------


START 2022-12-07 21:20:01 --------------------------
live
총 0 개 데이타 이동
END   2022-12-07 21:20:01 --------------------------


START 2022-12-07 21:30:01 --------------------------
live
총 0 개 데이타 이동
END   2022-12-07 21:30:02 --------------------------


START 2022-12-07 21:40:01 --------------------------
live
총 0 개 데이타 이동
END   2022-12-07 21:40:01 --------------------------


START 2022-12-07 21:50:01 --------------------------
live
총 0 개 데이타 이동
END   2022-12-07 21:50:01 --------------------------


START 2022-12-07 22:00:01 --------------------------
live
총 0 개 데이타 이동
END   2022-12-07 22:00:01 --------------------------


START 2022-12-07 22:10:01 --------------------------
live
총 0 개 데이타 이동
END   2022-12-07 22:10:01 --------------------------


START 2022-12-07 22:20:01 --------------------------
live
총 0 개 데이타 이동
END   2022-12-07 22:20:01 --------------------------


START 2022-12-07 22:30:01 --------------------------
live
총 0 개 데이타 이동
END   2022-12-07 22:30:01 --------------------------


START 2022-12-07 22:40:01 --------------------------
live
총 0 개 데이타 이동
END   2022-12-07 22:40:01 --------------------------


START 2022-12-07 22:50:01 --------------------------
live
총 0 개 데이타 이동
END   2022-12-07 22:50:01 --------------------------


START 2022-12-07 23:00:01 --------------------------
live
총 0 개 데이타 이동
END   2022-12-07 23:00:01 --------------------------


START 2022-12-07 23:10:01 --------------------------
live
총 0 개 데이타 이동
END   2022-12-07 23:10:01 --------------------------


START 2022-12-07 23:20:01 --------------------------
live
총 0 개 데이타 이동
END   2022-12-07 23:20:01 --------------------------


START 2022-12-07 23:30:01 --------------------------
live
총 0 개 데이타 이동
END   2022-12-07 23:30:01 --------------------------


START 2022-12-07 23:40:01 --------------------------
live
총 0 개 데이타 이동
END   2022-12-07 23:40:01 --------------------------


START 2022-12-07 23:50:01 --------------------------
live
총 0 개 데이타 이동
END   2022-12-07 23:50:01 --------------------------


