START 2022-03-07 00:00:01 --------------------------
live
총 0 개 데이타 이동
END   2022-03-07 00:00:03 --------------------------


START 2022-03-07 00:10:02 --------------------------
live
총 0 개 데이타 이동
END   2022-03-07 00:10:04 --------------------------


START 2022-03-07 00:20:01 --------------------------
live
총 0 개 데이타 이동
END   2022-03-07 00:20:03 --------------------------


START 2022-03-07 00:30:01 --------------------------
live
총 0 개 데이타 이동
END   2022-03-07 00:30:03 --------------------------


START 2022-03-07 00:40:02 --------------------------
live
총 0 개 데이타 이동
END   2022-03-07 00:40:04 --------------------------


START 2022-03-07 00:50:01 --------------------------
live
총 0 개 데이타 이동
END   2022-03-07 00:50:04 --------------------------


START 2022-03-07 01:00:01 --------------------------
live
총 0 개 데이타 이동
END   2022-03-07 01:00:03 --------------------------


START 2022-03-07 01:10:01 --------------------------
live
총 0 개 데이타 이동
END   2022-03-07 01:10:03 --------------------------


START 2022-03-07 01:20:01 --------------------------
live
총 0 개 데이타 이동
END   2022-03-07 01:20:03 --------------------------


START 2022-03-07 01:30:01 --------------------------
live
총 0 개 데이타 이동
END   2022-03-07 01:30:03 --------------------------


START 2022-03-07 01:40:01 --------------------------
live
총 0 개 데이타 이동
END   2022-03-07 01:40:03 --------------------------


START 2022-03-07 01:50:01 --------------------------
live
총 0 개 데이타 이동
END   2022-03-07 01:50:04 --------------------------


START 2022-03-07 02:00:01 --------------------------
live
총 0 개 데이타 이동
END   2022-03-07 02:00:04 --------------------------


START 2022-03-07 02:10:01 --------------------------
live
총 0 개 데이타 이동
END   2022-03-07 02:10:03 --------------------------


START 2022-03-07 02:20:01 --------------------------
live
총 0 개 데이타 이동
END   2022-03-07 02:20:03 --------------------------


START 2022-03-07 02:30:01 --------------------------
live
총 0 개 데이타 이동
END   2022-03-07 02:30:03 --------------------------


START 2022-03-07 02:40:01 --------------------------
live
총 0 개 데이타 이동
END   2022-03-07 02:40:03 --------------------------


START 2022-03-07 02:50:02 --------------------------
live
총 0 개 데이타 이동
END   2022-03-07 02:50:04 --------------------------


START 2022-03-07 03:00:02 --------------------------
live
총 0 개 데이타 이동
END   2022-03-07 03:00:04 --------------------------


START 2022-03-07 03:10:01 --------------------------
live
총 0 개 데이타 이동
END   2022-03-07 03:10:03 --------------------------


START 2022-03-07 03:20:01 --------------------------
live
총 0 개 데이타 이동
END   2022-03-07 03:20:03 --------------------------


START 2022-03-07 03:30:01 --------------------------
live
총 0 개 데이타 이동
END   2022-03-07 03:30:03 --------------------------


START 2022-03-07 03:40:01 --------------------------
live
총 0 개 데이타 이동
END   2022-03-07 03:40:03 --------------------------


START 2022-03-07 03:50:02 --------------------------
live
총 0 개 데이타 이동
END   2022-03-07 03:50:04 --------------------------


START 2022-03-07 04:00:01 --------------------------
live
총 0 개 데이타 이동
END   2022-03-07 04:00:04 --------------------------


START 2022-03-07 04:10:02 --------------------------
live
총 0 개 데이타 이동
END   2022-03-07 04:10:04 --------------------------


START 2022-03-07 04:20:01 --------------------------
live
총 0 개 데이타 이동
END   2022-03-07 04:20:04 --------------------------


START 2022-03-07 04:30:01 --------------------------
live
총 0 개 데이타 이동
END   2022-03-07 04:30:04 --------------------------


START 2022-03-07 04:40:01 --------------------------
live
총 0 개 데이타 이동
END   2022-03-07 04:40:03 --------------------------


START 2022-03-07 04:50:01 --------------------------
live
총 0 개 데이타 이동
END   2022-03-07 04:50:03 --------------------------


START 2022-03-07 05:00:02 --------------------------
live
총 0 개 데이타 이동
END   2022-03-07 05:00:04 --------------------------


START 2022-03-07 05:10:02 --------------------------
live
총 0 개 데이타 이동
END   2022-03-07 05:10:04 --------------------------


START 2022-03-07 05:20:01 --------------------------
live
총 0 개 데이타 이동
END   2022-03-07 05:20:03 --------------------------


START 2022-03-07 05:30:01 --------------------------
live
총 0 개 데이타 이동
END   2022-03-07 05:30:03 --------------------------


START 2022-03-07 05:40:01 --------------------------
live
총 0 개 데이타 이동
END   2022-03-07 05:40:03 --------------------------


START 2022-03-07 05:50:01 --------------------------
live
총 0 개 데이타 이동
END   2022-03-07 05:50:03 --------------------------


START 2022-03-07 06:00:02 --------------------------
live
총 0 개 데이타 이동
END   2022-03-07 06:00:04 --------------------------


START 2022-03-07 06:10:01 --------------------------
live
총 0 개 데이타 이동
END   2022-03-07 06:10:04 --------------------------


START 2022-03-07 06:20:01 --------------------------
live
총 0 개 데이타 이동
END   2022-03-07 06:20:03 --------------------------


START 2022-03-07 06:30:01 --------------------------
live
총 0 개 데이타 이동
END   2022-03-07 06:30:03 --------------------------


START 2022-03-07 06:40:01 --------------------------
live
총 0 개 데이타 이동
END   2022-03-07 06:40:03 --------------------------


START 2022-03-07 06:50:01 --------------------------
live
총 0 개 데이타 이동
END   2022-03-07 06:50:03 --------------------------


START 2022-03-07 07:00:01 --------------------------
live
총 0 개 데이타 이동
END   2022-03-07 07:00:04 --------------------------


START 2022-03-07 07:10:01 --------------------------
live
총 0 개 데이타 이동
END   2022-03-07 07:10:04 --------------------------


START 2022-03-07 07:20:01 --------------------------
live
총 0 개 데이타 이동
END   2022-03-07 07:20:04 --------------------------


START 2022-03-07 07:30:01 --------------------------
live
총 0 개 데이타 이동
END   2022-03-07 07:30:04 --------------------------


START 2022-03-07 07:40:02 --------------------------
live
총 0 개 데이타 이동
END   2022-03-07 07:40:04 --------------------------


START 2022-03-07 07:50:02 --------------------------
live
총 0 개 데이타 이동
END   2022-03-07 07:50:04 --------------------------


START 2022-03-07 08:00:02 --------------------------
live
총 0 개 데이타 이동
END   2022-03-07 08:00:04 --------------------------


START 2022-03-07 08:10:02 --------------------------
live
총 0 개 데이타 이동
END   2022-03-07 08:10:04 --------------------------


START 2022-03-07 08:20:01 --------------------------
live
총 0 개 데이타 이동
END   2022-03-07 08:20:04 --------------------------


START 2022-03-07 08:30:01 --------------------------
live
총 0 개 데이타 이동
END   2022-03-07 08:30:04 --------------------------


START 2022-03-07 08:40:02 --------------------------
live
총 0 개 데이타 이동
END   2022-03-07 08:40:04 --------------------------


START 2022-03-07 08:50:02 --------------------------
live
총 0 개 데이타 이동
END   2022-03-07 08:50:04 --------------------------


START 2022-03-07 09:00:02 --------------------------
live
총 0 개 데이타 이동
END   2022-03-07 09:00:04 --------------------------


START 2022-03-07 09:10:02 --------------------------
live
총 0 개 데이타 이동
END   2022-03-07 09:10:04 --------------------------


START 2022-03-07 09:20:01 --------------------------
live
총 0 개 데이타 이동
END   2022-03-07 09:20:03 --------------------------


START 2022-03-07 09:30:01 --------------------------
live
총 0 개 데이타 이동
END   2022-03-07 09:30:03 --------------------------


START 2022-03-07 09:40:01 --------------------------
live
총 0 개 데이타 이동
END   2022-03-07 09:40:03 --------------------------


START 2022-03-07 09:50:01 --------------------------
live
총 0 개 데이타 이동
END   2022-03-07 09:50:03 --------------------------


START 2022-03-07 10:00:01 --------------------------
live
총 0 개 데이타 이동
END   2022-03-07 10:00:04 --------------------------


START 2022-03-07 10:10:02 --------------------------
live
총 0 개 데이타 이동
END   2022-03-07 10:10:04 --------------------------


START 2022-03-07 10:20:02 --------------------------
live
총 0 개 데이타 이동
END   2022-03-07 10:20:04 --------------------------


START 2022-03-07 10:30:02 --------------------------
live
총 0 개 데이타 이동
END   2022-03-07 10:30:04 --------------------------


START 2022-03-07 10:40:01 --------------------------
live
총 0 개 데이타 이동
END   2022-03-07 10:40:03 --------------------------


START 2022-03-07 10:50:01 --------------------------
live
총 0 개 데이타 이동
END   2022-03-07 10:50:04 --------------------------


START 2022-03-07 11:00:01 --------------------------
live
총 0 개 데이타 이동
END   2022-03-07 11:00:04 --------------------------


START 2022-03-07 11:10:02 --------------------------
live
총 0 개 데이타 이동
END   2022-03-07 11:10:04 --------------------------


START 2022-03-07 11:20:01 --------------------------
live
총 0 개 데이타 이동
END   2022-03-07 11:20:04 --------------------------


START 2022-03-07 11:30:01 --------------------------
live
총 0 개 데이타 이동
END   2022-03-07 11:30:03 --------------------------


START 2022-03-07 11:40:01 --------------------------
live
총 0 개 데이타 이동
END   2022-03-07 11:40:03 --------------------------


START 2022-03-07 11:50:01 --------------------------
live
총 0 개 데이타 이동
END   2022-03-07 11:50:03 --------------------------


START 2022-03-07 12:00:01 --------------------------
live
총 0 개 데이타 이동
END   2022-03-07 12:00:03 --------------------------


START 2022-03-07 12:10:01 --------------------------
live
총 0 개 데이타 이동
END   2022-03-07 12:10:05 --------------------------


START 2022-03-07 12:20:01 --------------------------
live
총 0 개 데이타 이동
END   2022-03-07 12:20:03 --------------------------


START 2022-03-07 12:30:01 --------------------------
live
총 0 개 데이타 이동
END   2022-03-07 12:30:04 --------------------------


START 2022-03-07 12:40:02 --------------------------
live
총 0 개 데이타 이동
END   2022-03-07 12:40:04 --------------------------


START 2022-03-07 12:50:02 --------------------------
live
총 0 개 데이타 이동
END   2022-03-07 12:50:04 --------------------------


START 2022-03-07 13:00:02 --------------------------
live
총 0 개 데이타 이동
END   2022-03-07 13:00:04 --------------------------


START 2022-03-07 13:10:01 --------------------------
live
총 0 개 데이타 이동
END   2022-03-07 13:10:05 --------------------------


START 2022-03-07 13:20:01 --------------------------
live
총 0 개 데이타 이동
END   2022-03-07 13:20:03 --------------------------


START 2022-03-07 13:30:01 --------------------------
live
총 0 개 데이타 이동
END   2022-03-07 13:30:03 --------------------------


START 2022-03-07 13:40:01 --------------------------
live
총 0 개 데이타 이동
END   2022-03-07 13:40:03 --------------------------


START 2022-03-07 13:50:02 --------------------------
live
총 0 개 데이타 이동
END   2022-03-07 13:50:04 --------------------------


START 2022-03-07 14:00:02 --------------------------
live
총 0 개 데이타 이동
END   2022-03-07 14:00:03 --------------------------


START 2022-03-07 14:10:02 --------------------------
live
총 0 개 데이타 이동
END   2022-03-07 14:10:04 --------------------------


START 2022-03-07 14:20:02 --------------------------
live
총 499 개 데이타 이동
데이타 이동 시작 *****
3100401 01089809500 -- 3100402 01088944740 -- 3100403 01099221433 -- 3100404 01000000000 -- 3100405 01043380580 -- 3100406 01033088839 -- 3100407 01088725819 -- 3100408 01024255580 -- 3100409 01032080480 -- 3100410 01038456171 -- 3100411 01091579725 -- 3100412 01055454867 -- 3100413 01042957170 -- 3100414 01025738859 -- 3100415 01036290086 -- 3100416 01025965960 -- 3100417 01033233635 -- 3100418 01091328939 -- 3100419 01043433329 -- 3100420 01085254425 -- 3100421 01067365836 -- 3100422 01052581559 -- 3100423 01039225011 -- 3100424 01099078005 -- 3100425 01037680656 -- 3100426 01085457377 -- 3100427 01090120040 -- 3100428 01071309695 -- 3100429 01024418408 -- 3100430 01090541722 -- 3100431 01036534552 -- 3100432 01051355998 -- 3100433 01040785648 -- 3100434 01047611419 -- 3100435 01044110957 -- 3100436 01025331799 -- 3100437 01091695994 -- 3100438 01062981205 -- 3100439 01090283502 -- 3100440 01099294471 -- 3100441 01043383770 -- 3100442 01020118660 -- 3100443 01084803449 -- 3100444 01024684144 -- 3100445 01091153060 -- 3100446 01090938373 -- 3100447 01038241849 -- 3100448 01048033610 -- 3100449 01090591729 -- 3100450 01045838082 -- 3100451 01036684195 -- 3100452 01031055066 -- 3100453 01099698779 -- 3100454 01026620156 -- 3100455 01072742661 -- 3100456 01067448422 -- 3100457 01074563414 -- 3100458 01080060401 -- 3100459 01035970682 -- 3100460 01039082240 -- 3100461 01023928429 -- 3100462 01066021240 -- 3100463 01022700916 -- 3100464 01096244049 -- 3100465 01055811130 -- 3100466 01034387161 -- 3100467 01063471218 -- 3100468 01072024436 -- 3100469 01027983027 -- 3100470 01077744787 -- 3100471 01040711761 -- 3100472 01077520549 -- 3100473 01048000840 -- 3100474 01040740508 -- 3100475 01042592000 -- 3100476 01029402275 -- 3100477 01083556311 -- 3100478 01035670357 -- 3100479 01082220092 -- 3100480 01088070154 -- 3100481 01036562161 -- 3100482 01046711526 -- 3100483 01036536333 -- 3100484 01098855699 -- 3100485 01077458838 -- 3100486 01028383596 -- 3100487 01074861150 -- 3100488 01084955266 -- 3100489 01099987089 -- 3100490 01090827265 -- 3100491 01074440009 -- 3100492 01088104271 -- 3100493 01029570188 -- 3100494 01030252495 -- 3100495 01062129669 -- 3100496 01043107512 -- 3100497 01044111900 -- 3100498 01033593360 -- 3100499 01052481432 -- 3100500 01020702785 -- 3100501 01024632493 -- 3100502 01021890633 -- 3100503 01086250427 -- 3100504 01023852877 -- 3100505 01037549694 -- 3100506 01050048613 -- 3100507 01093216407 -- 3100508 01032928539 -- 3100509 01028181790 -- 3100510 01090589704 -- 3100511 01063697532 -- 3100512 01037111425 -- 3100513 01055784182 -- 3100514 01084524840 -- 3100515 01028758714 -- 3100516 01020298660 -- 3100517 01087168273 -- 3100518 01045516932 -- 3100519 01063366397 -- 3100520 01090008350 -- 3100521 01020850827 -- 3100522 01096602954 -- 3100523 01077640833 -- 3100524 01099763993 -- 3100525 01033034049 -- 3100526 01052796394 -- 3100527 01086479088 -- 3100528 01026768031 -- 3100529 01090010252 -- 3100530 01052872887 -- 3100531 01096953357 -- 3100532 01023391280 -- 3100533 01044642523 -- 3100534 01038891418 -- 3100535 01027048101 -- 3100536 01067808432 -- 3100537 01073892306 -- 3100538 01022277891 -- 3100539 01036124694 -- 3100540 01062311085 -- 3100541 01025255559 -- 3100542 01087086336 -- 3100543 01072664319 -- 3100544 01051664417 -- 3100545 01090449305 -- 3100546 01025822921 -- 3100547 01029449852 -- 3100548 01099305802 -- 3100549 01088709476 -- 3100550 01029486029 -- 3100551 01089550045 -- 3100552 01040072088 -- 3100553 01084413000 -- 3100554 01090919811 -- 3100555 01063624802 -- 3100556 01051143921 -- 3100557 01087858020 -- 3100558 01051908890 -- 3100559 01063442658 -- 3100560 01062585425 -- 3100561 01066108164 -- 3100562 01023820582 -- 3100563 01047440100 -- 3100564 01099983715 -- 3100565 01032627534 -- 3100566 01085250212 -- 3100567 01028327161 -- 3100568 01071884204 -- 3100569 01053885985 -- 3100570 01086314114 -- 3100571 01032247714 -- 3100572 01025839599 -- 3100573 01054145128 -- 3100574 01087512991 -- 3100575 01058369318 -- 3100576 01087195978 -- 3100577 01075970656 -- 3100578 01054691828 -- 3100579 01043903145 -- 3100580 01067728938 -- 3100581 01030658164 -- 3100582 01023866074 -- 3100583 01081851085 -- 3100584 01044092225 -- 3100585 01073621715 -- 3100586 01036013545 -- 3100587 01045848664 -- 3100588 01032034634 -- 3100589 01094920122 -- 3100590 01035102076 -- 3100591 01043055088 -- 3100592 01040795037 -- 3100593 01041034080 -- 3100594 01031391758 -- 3100595 01055648540 -- 3100596 01058787894 -- 3100597 01084857840 -- 3100598 01046056227 -- 3100599 01023529643 -- 3100600 01087207206 -- 3100601 01063644250 -- 3100602 01029105133 -- 3100603 01033967100 -- 3100604 01093626805 -- 3100605 01035202480 -- 3100606 01027977992 -- 3100607 01066909834 -- 3100608 01051074132 -- 3100609 01091477152 -- 3100610 01032413123 -- 3100611 01038781568 -- 3100612 01086151037 -- 3100613 01056036106 -- 3100614 01023684895 -- 3100615 01067717340 -- 3100616 01077958087 -- 3100617 01032242021 -- 3100618 01049282796 -- 3100619 01032720989 -- 3100620 01099159643 -- 3100621 01076547012 -- 3100622 01038236738 -- 3100623 01027471373 -- 3100624 01091350638 -- 3100625 01076657952 -- 3100626 01076021122 -- 3100627 01089559947 -- 3100628 01025819094 -- 3100629 01091649833 -- 3100630 01040761798 -- 3100631 01093773953 -- 3100632 01090606815 -- 3100633 01024568888 -- 3100634 01044564436 -- 3100635 01089334297 -- 3100636 01099630157 -- 3100637 01053911629 -- 3100638 01084862825 -- 3100639 01023054092 -- 3100640 01025017195 -- 3100641 01092349512 -- 3100642 01085799305 -- 3100643 01041888579 -- 3100644 01027137503 -- 3100645 01025746043 -- 3100646 01034461396 -- 3100647 01057729182 -- 3100648 01029146096 -- 3100649 01045289126 -- 3100650 01021257800 -- 3100651 01047288137 -- 3100652 01025787584 -- 3100653 01029557857 -- 3100654 01028250112 -- 3100655 01083970192 -- 3100656 01099747009 -- 3100657 01090019235 -- 3100658 01092165126 -- 3100659 01056979638 -- 3100660 01088987263 -- 3100661 01089021506 -- 3100662 01025655404 -- 3100663 01097713688 -- 3100664 01047830619 -- 3100665 01035121057 -- 3100666 01087048288 -- 3100667 01033972369 -- 3100668 01087692979 -- 3100669 01021225089 -- 3100670 01042388189 -- 3100671 01084637779 -- 3100672 01028882528 -- 3100673 01035975643 -- 3100674 01045739075 -- 3100675 01047428589 -- 3100676 01089324981 -- 3100677 01027799335 -- 3100678 01050503327 -- 3100679 01043256321 -- 3100680 01025706902 -- 3100681 01051493879 -- 3100682 01045582442 -- 3100683 01099726428 -- 3100684 01033441725 -- 3100685 01022988970 -- 3100686 01054500622 -- 3100687 01086467106 -- 3100688 01041375789 -- 3100689 01088212610 -- 3100690 01063990887 -- 3100691 01036399113 -- 3100692 01022637643 -- 3100693 01054076652 -- 3100694 01023970315 -- 3100695 01028808605 -- 3100696 01045139714 -- 3100697 01042373665 -- 3100698 01068523587 -- 3100699 01040526902 -- 3100700 01066128756 -- 3100701 01068117501 -- 3100702 01091323462 -- 3100703 01055893949 -- 3100704 01037504430 -- 3100705 01049726470 -- 3100706 01045513315 -- 3100707 01027997799 -- 3100708 01089630640 -- 3100709 01044979947 -- 3100710 01024357074 -- 3100711 01030185347 -- 3100712 01054969174 -- 3100713 01041352130 -- 3100714 01098103929 -- 3100715 01083138877 -- 3100716 01055499974 -- 3100717 01057642217 -- 3100718 01074079212 -- 3100719 01027773525 -- 3100720 01089077799 -- 3100721 01033912044 -- 3100722 01053116649 -- 3100723 01086369429 -- 3100724 01096048604 -- 3100725 01027571542 -- 3100726 01047303599 -- 3100727 01092443539 -- 3100728 01039158018 -- 3100729 01052906157 -- 3100730 01034337439 -- 3100731 01042761570 -- 3100732 01095290938 -- 3100733 01055423745 -- 3100734 01028557650 -- 3100735 01044547680 -- 3100736 01053041688 -- 3100737 01077496340 -- 3100738 01084253769 -- 3100739 01040700202 -- 3100740 01057905463 -- 3100741 01062786450 -- 3100742 01099313117 -- 3100743 01079061224 -- 3100744 01089204854 -- 3100745 01066651862 -- 3100746 01021020978 -- 3100747 01030264003 -- 3100748 01028122605 -- 3100749 01050766663 -- 3100750 01098803653 -- 3100751 01087781627 -- 3100752 01042695200 -- 3100753 01087162509 -- 3100754 01197364460 -- 3100755 01065203794 -- 3100756 01087350259 -- 3100757 01054300038 -- 3100758 01037462659 -- 3100759 01099675356 -- 3100760 01043854371 -- 3100761 01036641211 -- 3100762 01072328708 -- 3100763 01088016067 -- 3100764 01093990386 -- 3100765 01072948780 -- 3100766 01049177563 -- 3100767 01088448734 -- 3100768 01056483112 -- 3100769 01035674295 -- 3100770 01089827320 -- 3100771 01099423201 -- 3100772 01023635295 -- 3100773 01022542509 -- 3100774 01032373258 -- 3100775 01091522665 -- 3100776 01082773856 -- 3100777 01033672340 -- 3100778 01026324415 -- 3100779 01088049578 -- 3100780 01077016123 -- 3100781 01074743084 -- 3100782 01031442535 -- 3100783 01088006407 -- 3100784 01039322243 -- 3100785 01032086837 -- 3100786 01064679762 -- 3100787 01024375210 -- 3100788 01062925621 -- 3100789 01065225905 -- 3100790 01073550219 -- 3100791 01063571889 -- 3100792 01093638288 -- 3100793 01097445368 -- 3100794 01088673215 -- 3100795 01042067414 -- 3100796 01041833462 -- 3100797 01068255510 -- 3100798 01024988765 -- 3100799 01085279243 -- 3100800 01091706457 -- 3100801 01023376520 -- 3100802 01051505134 -- 3100803 01033574706 -- 3100804 01045719698 -- 3100805 01085617474 -- 3100806 01062887276 -- 3100807 01023187244 -- 3100808 01094545621 -- 3100809 01094259414 -- 3100810 01031070185 -- 3100811 01053000348 -- 3100812 01091348432 -- 3100813 01050010883 -- 3100814 01068484020 -- 3100815 01056013266 -- 3100816 01082402077 -- 3100817 01075700848 -- 3100818 01027101386 -- 3100819 01022715862 -- 3100820 01044879879 -- 3100821 01083020559 -- 3100822 01086380313 -- 3100823 01096670997 -- 3100824 01045224371 -- 3100825 01024904443 -- 3100826 01090762797 -- 3100827 01071208106 -- 3100828 01068475560 -- 3100829 01026914627 -- 3100830 01066627770 -- 3100831 01088820538 -- 3100832 01066935621 -- 3100833 01030887524 -- 3100834 01036271242 -- 3100835 01054637667 -- 3100836 01096018531 -- 3100837 01080142335 -- 3100838 01029670755 -- 3100839 01046170852 -- 3100840 01062700087 -- 3100841 01053833316 -- 3100842 01048714006 -- 3100843 01052866394 -- 3100844 01024314163 -- 3100845 01023620311 -- 3100846 01035734223 -- 3100847 01047947329 -- 3100848 01099562500 -- 3100849 01022864746 -- 3100850 01041333080 -- 3100851 01091412819 -- 3100852 01089751471 -- 3100853 01030227413 -- 3100854 01094045733 -- 3100855 01034185354 -- 3100856 01062878512 -- 3100857 01062076656 -- 3100858 01024811200 -- 3100859 01071095865 -- 3100860 01026682048 -- 3100861 01023378788 -- 3100862 01071953671 -- 3100863 01043210974 -- 3100864 01034008792 -- 3100865 01083252396 -- 3100866 01029309331 -- 3100867 01098890488 -- 3100868 01022210415 -- 3100869 01064349680 -- 3100870 01041950631 -- 3100871 01097706260 -- 3100872 01047045655 -- 3100873 01055155153 -- 3100874 01023139786 -- 3100875 01031286424 -- 3100876 01055268932 -- 3100877 01066909569 -- 3100878 01032400200 -- 3100879 01055046338 -- 3100880 01094151896 -- 3100881 01065042304 -- 3100882 01086095231 -- 3100883 01035127467 -- 3100884 01024898844 -- 3100885 01033844527 -- 3100886 01020121219 -- 3100887 01025225354 -- 3100888 01029935442 -- 3100889 01046283805 -- 3100890 01020091678 -- 3100891 01094256595 -- 3100892 01029631262 -- 3100893 01062345410 -- 3100894 01063673137 -- 3100895 01039037047 -- 3100896 01095633266 -- 3100897 01046534014 -- 3100898 01072079866 -- 3100899 01096781038 -- 
END   2022-03-07 14:20:08 --------------------------


START 2022-03-07 14:30:02 --------------------------
live
총 604 개 데이타 이동
데이타 이동 시작 *****
3100900 01022889796 -- 3100901 01065196996 -- 3100902 01087426059 -- 3100903 01044649198 -- 3100904 01068058683 -- 3100905 01085792779 -- 3100906 01075620917 -- 3100907 01050807201 -- 3100908 01027838087 -- 3100909 01050185287 -- 3100910 01030870359 -- 3100911 01092624545 -- 3100912 01090053771 -- 3100913 01083801663 -- 3100914 01041444658 -- 3100915 01051061248 -- 3100916 01029983245 -- 3100917 01055263400 -- 3100918 01034708482 -- 3100919 01049468832 -- 3100920 01028303397 -- 3100921 01063602648 -- 3100922 01050804347 -- 3100923 01047045067 -- 3100924 01027950415 -- 3100925 01093363908 -- 3100926 01031673746 -- 3100927 01051151065 -- 3100928 01056278166 -- 3100929 01094862825 -- 3100930 01020469568 -- 3100931 01050998610 -- 3100932 01056621150 -- 3100933 01032178262 -- 3100934 01044452304 -- 3100935 01054474371 -- 3100936 01072330311 -- 3100937 01071699317 -- 3100938 01080282963 -- 3100939 01026042823 -- 3100940 01062266691 -- 3100941 01045142992 -- 3100942 01094650618 -- 3100943 01048778345 -- 3100944 01022108970 -- 3100945 01044323663 -- 3100946 01035331835 -- 3100947 01091431443 -- 3100948 01099840755 -- 3100949 01083244496 -- 3100950 01090227821 -- 3100951 01032872832 -- 3100952 01088388624 -- 3100953 01027256329 -- 3100954 01026419303 -- 3100955 01052511526 -- 3100956 01081889188 -- 3100957 01027978166 -- 3100958 01025933461 -- 3100959 01040825027 -- 3100960 01072334588 -- 3100961 01066977881 -- 3100962 01054809356 -- 3100963 01089261174 -- 3100964 01089924839 -- 3100965 01087590070 -- 3100966 01055482799 -- 3100967 01037259232 -- 3100968 01043359639 -- 3100969 01084189654 -- 3100970 01055875696 -- 3100971 01025149478 -- 3100972 01022932078 -- 3100973 01063681962 -- 3100974 01093818604 -- 3100975 01033709470 -- 3100976 01020654940 -- 3100977 01089726029 -- 3100978 01034307549 -- 3100979 01059335739 -- 3100980 01034650885 -- 3100981 01045807042 -- 3100982 01037417425 -- 3100983 01090546780 -- 3100984 01096025700 -- 3100985 01020231107 -- 3100986 01098873623 -- 3100987 01062559928 -- 3100988 01051834262 -- 3100989 01045429580 -- 3100990 01062098594 -- 3100991 01086852501 -- 3100992 01046527684 -- 3100993 01093641054 -- 3100994 01022823751 -- 3100995 01043691761 -- 3100996 01093534183 -- 3100997 01083364701 -- 3100998 01063287407 -- 3100999 01083540638 -- 3101000 01062160638 -- 3101001 01032851333 -- 3101002 01063004392 -- 3101003 01073928429 -- 3101004 01089325845 -- 3101005 01023974467 -- 3101006 01063777414 -- 3101007 01022240820 -- 3101008 01092710236 -- 3101009 01053879232 -- 3101010 01030028136 -- 3101011 01090261255 -- 3101012 01034564847 -- 3101013 01090246890 -- 3101014 01036901882 -- 3101015 01066650015 -- 3101016 01098760869 -- 3101017 01093090693 -- 3101018 01045894204 -- 3101019 01051495700 -- 3101020 01053162585 -- 3101021 01072742904 -- 3101022 01087143839 -- 3101023 01047841223 -- 3101024 01046282174 -- 3101025 01025758671 -- 3101026 01022210755 -- 3101027 01085244457 -- 3101028 01071759336 -- 3101029 01028952278 -- 3101030 01074119954 -- 3101031 01099387588 -- 3101032 01093654800 -- 3101033 01093474992 -- 3101034 01044507622 -- 3101035 01090661005 -- 3101036 01034331545 -- 3101037 01045494089 -- 3101038 01093414262 -- 3101039 01020437387 -- 3101040 01095161304 -- 3101041 01054437171 -- 3101042 01028174058 -- 3101043 01028821797 -- 3101044 01094964330 -- 3101045 01073121901 -- 3101046 01044901962 -- 3101047 01034687707 -- 3101048 01033255229 -- 3101049 01041220436 -- 3101050 01050597443 -- 3101051 01032075660 -- 3101052 01041068053 -- 3101053 01062246240 -- 3101054 01035807242 -- 3101055 01055689281 -- 3101056 01032993576 -- 3101057 01054918182 -- 3101058 01041324020 -- 3101059 01091466214 -- 3101060 01065230787 -- 3101061 01066362892 -- 3101062 01040194059 -- 3101063 01098980185 -- 3101064 01024775180 -- 3101065 01045073888 -- 3101066 01086425892 -- 3101067 01091226861 -- 3101068 01056246783 -- 3101069 01021235310 -- 3101070 01042525021 -- 3101071 01062498195 -- 3101072 01092900411 -- 3101073 01056140428 -- 3101074 01059452745 -- 3101075 01028123266 -- 3101076 01057080504 -- 3101077 01037201195 -- 3101078 01051022906 -- 3101079 01048850419 -- 3101080 01053049857 -- 3101081 01025726990 -- 3101082 01091888967 -- 3101083 01091447778 -- 3101084 01048716457 -- 3101085 01056050509 -- 3101086 01026684196 -- 3101087 01046967927 -- 3101088 01022534424 -- 3101089 01090876385 -- 3101090 01055282947 -- 3101091 01028553925 -- 3101092 01092509504 -- 3101093 01036208432 -- 3101094 01030228248 -- 3101095 01093867172 -- 3101096 01022657795 -- 3101097 01091340552 -- 3101098 01049077876 -- 3101099 01055671439 -- 3101100 01087767624 -- 3101101 01088327623 -- 3101102 01031996406 -- 3101103 01032197110 -- 3101104 01022347885 -- 3101105 01052194789 -- 3101106 01057333333 -- 3101107 01052940580 -- 3101108 01039096091 -- 3101109 01038285532 -- 3101110 01071383930 -- 3101111 01074521233 -- 3101112 01045767859 -- 3101113 01096999149 -- 3101114 01044216187 -- 3101115 01090683044 -- 3101116 01035566009 -- 3101117 01090617472 -- 3101118 01021200925 -- 3101119 01088531571 -- 3101120 01028189242 -- 3101121 01030908969 -- 3101122 01087529004 -- 3101123 01045203700 -- 3101124 01056067748 -- 3101125 01096822380 -- 3101126 01026050779 -- 3101127 01062389863 -- 3101128 01056446916 -- 3101129 01022810314 -- 3101130 01086192778 -- 3101131 01034520874 -- 3101132 01042077414 -- 3101133 01045960896 -- 3101134 01092447387 -- 3101135 01093155373 -- 3101136 01072210359 -- 3101137 01085424473 -- 3101138 01022621389 -- 3101139 01055003148 -- 3101140 01045385604 -- 3101141 01027125800 -- 3101142 01062654092 -- 3101143 01050375814 -- 3101144 01044641864 -- 3101145 01054536248 -- 3101146 01092652159 -- 3101147 01067573149 -- 3101148 01088965210 -- 3101149 01056470098 -- 3101150 01023557912 -- 3101151 01032560986 -- 3101152 01043518584 -- 3101153 01086028404 -- 3101154 01044950424 -- 3101155 01089080903 -- 3101156 01037056296 -- 3101157 01076751345 -- 3101158 01046322021 -- 3101159 01033875689 -- 3101160 01094591086 -- 3101161 01035935827 -- 3101162 01063583990 -- 3101163 01096697317 -- 3101164 01024385210 -- 3101165 01040571704 -- 3101166 01046432974 -- 3101167 01029024088 -- 3101168 01022783635 -- 3101169 01089350355 -- 3101170 01029915604 -- 3101171 01024492822 -- 3101172 01072341608 -- 3101173 01083638488 -- 3101174 01029783133 -- 3101175 01020667912 -- 3101176 01042211466 -- 3101177 01055677232 -- 3101178 01056102190 -- 3101179 01022527544 -- 3101180 01031577933 -- 3101181 01032754498 -- 3101182 01023577720 -- 3101183 01030454260 -- 3101184 01087168268 -- 3101185 01063947511 -- 3101186 01097393095 -- 3101187 01022622571 -- 3101188 01057663103 -- 3101189 01050974882 -- 3101190 01087118907 -- 3101191 01047114735 -- 3101192 01039403227 -- 3101193 01033235579 -- 3101194 01077883763 -- 3101195 01025947606 -- 3101196 01027391248 -- 3101197 01021361355 -- 3101198 01032766455 -- 3101199 01086078183 -- 3101200 01030525090 -- 3101201 01022673935 -- 3101202 01044758201 -- 3101203 01026491379 -- 3101204 01035932373 -- 3101205 01043050334 -- 3101206 01033148053 -- 3101207 01075727519 -- 3101208 01048572879 -- 3101209 01083775694 -- 3101210 01092030690 -- 3101211 01066014010 -- 3101212 01062220403 -- 3101213 01096950717 -- 3101214 01083682381 -- 3101215 01027907146 -- 3101216 01049314200 -- 3101217 01077229906 -- 3101218 01073602326 -- 3101219 01073031027 -- 3101220 01045192190 -- 3101221 01066953123 -- 3101222 01095228262 -- 3101223 01055447896 -- 3101224 01067478183 -- 3101225 01052085730 -- 3101226 01025482605 -- 3101227 01066014624 -- 3101228 01047274833 -- 3101229 01027158405 -- 3101230 01056518597 -- 3101231 01026368733 -- 3101232 01094531051 -- 3101233 01089060132 -- 3101234 01023127546 -- 3101235 01045848128 -- 3101236 01032151549 -- 3101237 01042703665 -- 3101238 01038634983 -- 3101239 01096179212 -- 3101240 01099599705 -- 3101241 01022612509 -- 3101242 01045858341 -- 3101243 01028075348 -- 3101244 01049206007 -- 3101245 01075380509 -- 3101246 01094227007 -- 3101247 01094626738 -- 3101248 01085560961 -- 3101249 01088617608 -- 3101250 01092823904 -- 3101251 01056787050 -- 3101252 01046619058 -- 3101253 01057670199 -- 3101254 01050122962 -- 3101255 01040403182 -- 3101256 01033786296 -- 3101257 01082742512 -- 3101258 01063654224 -- 3101259 01071021420 -- 3101260 01028292284 -- 3101261 01023388425 -- 3101262 01077779543 -- 3101263 01030528425 -- 3101264 01054601736 -- 3101265 01025572277 -- 3101266 01077574756 -- 3101267 01032954241 -- 3101268 01024390369 -- 3101269 01040567636 -- 3101270 01042057414 -- 3101271 01031851404 -- 3101272 01031872731 -- 3101273 01025680401 -- 3101274 01054655170 -- 3101275 01097803455 -- 3101276 01091312139 -- 3101277 01055771466 -- 3101278 01075223024 -- 3101279 01082110664 -- 3101280 01026351435 -- 3101281 01025402026 -- 3101282 01092218085 -- 3101283 01052056026 -- 3101284 01045182635 -- 3101285 01027766842 -- 3101286 01050349258 -- 3101287 01080806585 -- 3101288 01091072522 -- 3101289 01092262284 -- 3101290 01024780196 -- 3101291 01066013121 -- 3101292 01020645706 -- 3101293 01080806634 -- 3101294 01095085594 -- 3101295 01098823882 -- 3101296 01021165229 -- 3101297 01041233509 -- 3101298 01097523261 -- 3101299 01029558574 -- 3101300 01088337056 -- 3101301 01022517976 -- 3101302 01028800196 -- 3101303 01047078352 -- 3101304 01052585235 -- 3101305 01071623410 -- 3101306 01055791131 -- 3101307 01045407143 -- 3101308 01090409624 -- 3101309 01073881667 -- 3101310 01046785582 -- 3101311 01035564723 -- 3101312 01089966776 -- 3101313 01032595971 -- 3101314 01084837749 -- 3101315 01089172924 -- 3101316 01028488111 -- 3101317 01029400061 -- 3101318 01033076808 -- 3101319 01057569434 -- 3101320 01032251981 -- 3101321 01080076226 -- 3101322 01056433626 -- 3101323 01090039259 -- 3101324 01075178300 -- 3101325 01076001098 -- 3101326 01062065966 -- 3101327 01089704980 -- 3101328 01091979434 -- 3101329 01037398881 -- 3101330 01064377199 -- 3101331 01074402954 -- 3101332 01046804302 -- 3101333 01038951048 -- 3101334 01032898584 -- 3101335 01028850699 -- 3101336 01030445817 -- 3101337 01020418268 -- 3101338 01091792960 -- 3101339 01042179578 -- 3101340 01088903430 -- 3101341 01063725368 -- 3101342 01054809338 -- 3101343 01028341116 -- 3101344 01054936344 -- 3101345 01091726189 -- 3101346 01093883634 -- 3101347 01042477345 -- 3101348 01039943094 -- 3101349 01040709436 -- 3101350 01063284839 -- 3101351 01085420387 -- 3101352 01030308800 -- 3101353 01065624859 -- 3101354 01039681535 -- 3101355 01093523879 -- 3101356 01098712773 -- 3101357 01063152771 -- 3101358 01045943473 -- 3101359 01027769447 -- 3101360 01050912270 -- 3101361 01091838624 -- 3101362 01033834537 -- 3101363 01028435811 -- 3101364 01056076887 -- 3101365 01029491820 -- 3101366 01024296572 -- 3101367 01046447753 -- 3101368 01042212887 -- 3101369 01032386218 -- 3101370 01023626155 -- 3101371 01087894932 -- 3101372 01087298539 -- 3101373 01028037476 -- 3101374 01066365527 -- 3101375 01031674732 -- 3101376 01026174665 -- 3101377 01031047401 -- 3101378 01051202887 -- 3101379 01041068877 -- 3101380 01049156954 -- 3101381 01030455817 -- 3101382 01062462803 -- 3101383 01072261030 -- 3101384 01047688113 -- 3101385 01041809484 -- 3101386 01021447040 -- 3101387 01028364988 -- 3101388 01093680255 -- 3101389 01066867256 -- 3101390 01032175051 -- 3101391 01055781514 -- 3101392 01094216933 -- 3101393 01026935368 -- 3101394 01092767871 -- 3101395 01089614510 -- 3101396 01029571745 -- 3101397 01065927747 -- 3101398 01065617749 -- 3101399 01082552329 -- 3101400 01034176943 -- 3101401 01058223832 -- 3101402 01032746053 -- 3101403 01049426394 -- 3101404 01071156227 -- 3101405 01057451130 -- 3101406 01050526112 -- 3101407 01034642408 -- 3101408 01076432472 -- 3101409 01034212921 -- 3101410 01044184204 -- 3101411 01091147045 -- 3101412 01050806988 -- 3101413 01055269856 -- 3101414 01071517753 -- 3101415 01053348277 -- 3101416 01047571047 -- 3101417 01026987866 -- 3101418 01041794758 -- 3101419 01022809414 -- 3101420 01025644024 -- 3101421 01093876922 -- 3101422 01093364565 -- 3101423 01046219291 -- 3101424 01029405124 -- 3101425 01076341224 -- 3101426 01032688584 -- 3101427 01082582362 -- 3101428 01099759144 -- 3101429 01030242551 -- 3101430 01085758572 -- 3101431 01093242442 -- 3101432 01025878518 -- 3101433 01091160080 -- 3101434 01021262380 -- 3101435 01094260877 -- 3101436 01037112352 -- 3101437 01022786456 -- 3101438 01084255814 -- 3101439 01041339390 -- 3101440 01045577524 -- 3101441 01030765845 -- 3101442 01095450680 -- 3101443 01099814097 -- 3101444 01035583972 -- 3101445 01040075403 -- 3101446 01025556691 -- 3101447 01034519597 -- 3101448 01062896223 -- 3101449 01023993530 -- 3101450 01075679210 -- 3101451 01022492977 -- 3101452 01085881834 -- 3101453 01088592943 -- 3101454 01026093340 -- 3101455 01047011720 -- 3101456 01046456608 -- 3101457 01052998571 -- 3101458 01041142980 -- 3101459 01056420123 -- 3101460 01095728704 -- 3101461 01045278102 -- 3101462 01029500864 -- 3101463 01034347966 -- 3101464 01037496322 -- 3101465 01098079920 -- 3101466 01043580920 -- 3101467 01047669084 -- 3101468 01075590739 -- 3101469 01088790591 -- 3101470 01035419810 -- 3101471 01096249879 -- 3101472 01031364200 -- 3101473 01046101285 -- 3101474 01074313685 -- 3101475 01063317085 -- 3101476 01055407522 -- 3101477 01092745957 -- 3101478 01085237531 -- 3101479 01094902984 -- 3101480 01034119302 -- 3101481 01023613230 -- 3101482 01075720831 -- 3101483 01072847779 -- 3101484 01023178270 -- 3101485 01076669831 -- 3101486 01098649872 -- 3101487 01068990302 -- 3101488 01058500582 -- 3101489 01084675870 -- 3101490 01029238915 -- 3101491 01055765687 -- 3101492 01027455687 -- 3101493 01032849691 -- 3101494 01029071565 -- 3101495 01034434244 -- 3101496 01056052249 -- 3101497 01090088090 -- 3101498 01042177188 -- 3101499 01045116445 -- 3101500 01040718867 -- 3101501 01026423571 -- 3101502 01047847611 -- 3101503 01073309633 -- 
END   2022-03-07 14:30:09 --------------------------


START 2022-03-07 14:40:02 --------------------------
live
총 0 개 데이타 이동
END   2022-03-07 14:40:04 --------------------------


START 2022-03-07 14:50:02 --------------------------
live
총 0 개 데이타 이동
END   2022-03-07 14:50:04 --------------------------


START 2022-03-07 15:00:02 --------------------------
live
총 0 개 데이타 이동
END   2022-03-07 15:00:04 --------------------------


START 2022-03-07 15:10:01 --------------------------
live
총 0 개 데이타 이동
END   2022-03-07 15:10:03 --------------------------


START 2022-03-07 15:20:01 --------------------------
live
총 0 개 데이타 이동
END   2022-03-07 15:20:03 --------------------------


START 2022-03-07 15:30:01 --------------------------
live
총 0 개 데이타 이동
END   2022-03-07 15:30:03 --------------------------


START 2022-03-07 15:40:01 --------------------------
live
총 0 개 데이타 이동
END   2022-03-07 15:40:04 --------------------------


START 2022-03-07 15:50:02 --------------------------
live
총 0 개 데이타 이동
END   2022-03-07 15:50:03 --------------------------


START 2022-03-07 16:00:02 --------------------------
live
총 0 개 데이타 이동
END   2022-03-07 16:00:04 --------------------------


START 2022-03-07 16:10:01 --------------------------
live
총 0 개 데이타 이동
END   2022-03-07 16:10:03 --------------------------


START 2022-03-07 16:20:01 --------------------------
live
총 0 개 데이타 이동
END   2022-03-07 16:20:03 --------------------------


START 2022-03-07 16:30:01 --------------------------
live
총 0 개 데이타 이동
END   2022-03-07 16:30:03 --------------------------


START 2022-03-07 16:40:01 --------------------------
live
총 0 개 데이타 이동
END   2022-03-07 16:40:03 --------------------------


START 2022-03-07 16:50:02 --------------------------
live
총 0 개 데이타 이동
END   2022-03-07 16:50:04 --------------------------


START 2022-03-07 17:00:02 --------------------------
live
총 0 개 데이타 이동
END   2022-03-07 17:00:04 --------------------------


START 2022-03-07 17:10:02 --------------------------
live
총 0 개 데이타 이동
END   2022-03-07 17:10:04 --------------------------


START 2022-03-07 17:20:01 --------------------------
live
총 0 개 데이타 이동
END   2022-03-07 17:20:03 --------------------------


START 2022-03-07 17:30:01 --------------------------
live
총 0 개 데이타 이동
END   2022-03-07 17:30:03 --------------------------


START 2022-03-07 17:40:01 --------------------------
live
총 0 개 데이타 이동
END   2022-03-07 17:40:03 --------------------------


START 2022-03-07 17:50:02 --------------------------
live
총 0 개 데이타 이동
END   2022-03-07 17:50:04 --------------------------


START 2022-03-07 18:00:01 --------------------------
live
총 0 개 데이타 이동
END   2022-03-07 18:00:03 --------------------------


START 2022-03-07 18:10:01 --------------------------
live
총 0 개 데이타 이동
END   2022-03-07 18:10:03 --------------------------


START 2022-03-07 18:20:01 --------------------------
live
총 0 개 데이타 이동
END   2022-03-07 18:20:03 --------------------------


START 2022-03-07 18:30:01 --------------------------
live
총 0 개 데이타 이동
END   2022-03-07 18:30:04 --------------------------


START 2022-03-07 18:40:02 --------------------------
live
총 0 개 데이타 이동
END   2022-03-07 18:40:04 --------------------------


START 2022-03-07 18:50:02 --------------------------
live
총 0 개 데이타 이동
END   2022-03-07 18:50:04 --------------------------


START 2022-03-07 19:00:02 --------------------------
live
총 0 개 데이타 이동
END   2022-03-07 19:00:04 --------------------------


START 2022-03-07 19:10:01 --------------------------
live
총 0 개 데이타 이동
END   2022-03-07 19:10:03 --------------------------


START 2022-03-07 19:20:01 --------------------------
live
총 0 개 데이타 이동
END   2022-03-07 19:20:03 --------------------------


START 2022-03-07 19:30:01 --------------------------
live
총 0 개 데이타 이동
END   2022-03-07 19:30:03 --------------------------


START 2022-03-07 19:40:01 --------------------------
live
총 0 개 데이타 이동
END   2022-03-07 19:40:03 --------------------------


START 2022-03-07 19:50:01 --------------------------
live
총 0 개 데이타 이동
END   2022-03-07 19:50:03 --------------------------


START 2022-03-07 20:00:02 --------------------------
live
총 0 개 데이타 이동
END   2022-03-07 20:00:04 --------------------------


START 2022-03-07 20:10:02 --------------------------
live
총 0 개 데이타 이동
END   2022-03-07 20:10:04 --------------------------


START 2022-03-07 20:20:02 --------------------------
live
총 0 개 데이타 이동
END   2022-03-07 20:20:04 --------------------------


START 2022-03-07 20:30:01 --------------------------
live
총 0 개 데이타 이동
END   2022-03-07 20:30:03 --------------------------


START 2022-03-07 20:40:01 --------------------------
live
총 0 개 데이타 이동
END   2022-03-07 20:40:03 --------------------------


START 2022-03-07 20:50:01 --------------------------
live
총 0 개 데이타 이동
END   2022-03-07 20:50:03 --------------------------


START 2022-03-07 21:00:01 --------------------------
live
총 0 개 데이타 이동
END   2022-03-07 21:00:04 --------------------------


START 2022-03-07 21:10:01 --------------------------
live
총 0 개 데이타 이동
END   2022-03-07 21:10:04 --------------------------


START 2022-03-07 21:20:01 --------------------------
live
총 0 개 데이타 이동
END   2022-03-07 21:20:03 --------------------------


START 2022-03-07 21:30:01 --------------------------
live
총 0 개 데이타 이동
END   2022-03-07 21:30:04 --------------------------


START 2022-03-07 21:40:01 --------------------------
live
총 0 개 데이타 이동
END   2022-03-07 21:40:04 --------------------------


START 2022-03-07 21:50:02 --------------------------
live
총 0 개 데이타 이동
END   2022-03-07 21:50:04 --------------------------


START 2022-03-07 22:00:01 --------------------------
live
총 0 개 데이타 이동
END   2022-03-07 22:00:03 --------------------------


START 2022-03-07 22:10:01 --------------------------
live
총 0 개 데이타 이동
END   2022-03-07 22:10:03 --------------------------


START 2022-03-07 22:20:01 --------------------------
live
총 0 개 데이타 이동
END   2022-03-07 22:20:03 --------------------------


START 2022-03-07 22:30:01 --------------------------
live
총 0 개 데이타 이동
END   2022-03-07 22:30:03 --------------------------


START 2022-03-07 22:40:01 --------------------------
live
총 0 개 데이타 이동
END   2022-03-07 22:40:03 --------------------------


START 2022-03-07 22:50:01 --------------------------
live
총 0 개 데이타 이동
END   2022-03-07 22:50:03 --------------------------


START 2022-03-07 23:00:01 --------------------------
live
총 0 개 데이타 이동
END   2022-03-07 23:00:04 --------------------------


START 2022-03-07 23:10:01 --------------------------
live
총 0 개 데이타 이동
END   2022-03-07 23:10:04 --------------------------


START 2022-03-07 23:20:01 --------------------------
live
총 0 개 데이타 이동
END   2022-03-07 23:20:03 --------------------------


START 2022-03-07 23:30:01 --------------------------
live
총 0 개 데이타 이동
END   2022-03-07 23:30:03 --------------------------


START 2022-03-07 23:40:01 --------------------------
live
총 0 개 데이타 이동
END   2022-03-07 23:40:03 --------------------------


START 2022-03-07 23:50:01 --------------------------
live
총 0 개 데이타 이동
END   2022-03-07 23:50:03 --------------------------


