START 2022-12-02 00:00:01 --------------------------
live
총 0 개 데이타 이동
END   2022-12-02 00:00:01 --------------------------


START 2022-12-02 00:10:02 --------------------------
live
총 0 개 데이타 이동
END   2022-12-02 00:10:02 --------------------------


START 2022-12-02 00:20:01 --------------------------
live
총 0 개 데이타 이동
END   2022-12-02 00:20:01 --------------------------


START 2022-12-02 00:30:01 --------------------------
live
총 0 개 데이타 이동
END   2022-12-02 00:30:01 --------------------------


START 2022-12-02 00:40:01 --------------------------
live
총 0 개 데이타 이동
END   2022-12-02 00:40:01 --------------------------


START 2022-12-02 00:50:01 --------------------------
live
총 0 개 데이타 이동
END   2022-12-02 00:50:01 --------------------------


START 2022-12-02 01:00:02 --------------------------
live
총 0 개 데이타 이동
END   2022-12-02 01:00:02 --------------------------


START 2022-12-02 01:10:01 --------------------------
live
총 0 개 데이타 이동
END   2022-12-02 01:10:01 --------------------------


START 2022-12-02 01:20:01 --------------------------
live
총 0 개 데이타 이동
END   2022-12-02 01:20:01 --------------------------


START 2022-12-02 01:30:01 --------------------------
live
총 0 개 데이타 이동
END   2022-12-02 01:30:01 --------------------------


START 2022-12-02 01:40:01 --------------------------
live
총 0 개 데이타 이동
END   2022-12-02 01:40:01 --------------------------


START 2022-12-02 01:50:01 --------------------------
live
총 0 개 데이타 이동
END   2022-12-02 01:50:01 --------------------------


START 2022-12-02 02:00:01 --------------------------
live
총 0 개 데이타 이동
END   2022-12-02 02:00:01 --------------------------


START 2022-12-02 02:10:01 --------------------------
live
총 0 개 데이타 이동
END   2022-12-02 02:10:01 --------------------------


START 2022-12-02 02:20:01 --------------------------
live
총 0 개 데이타 이동
END   2022-12-02 02:20:01 --------------------------


START 2022-12-02 02:30:01 --------------------------
live
총 0 개 데이타 이동
END   2022-12-02 02:30:01 --------------------------


START 2022-12-02 02:40:01 --------------------------
live
총 0 개 데이타 이동
END   2022-12-02 02:40:01 --------------------------


START 2022-12-02 02:50:01 --------------------------
live
총 0 개 데이타 이동
END   2022-12-02 02:50:01 --------------------------


START 2022-12-02 03:00:01 --------------------------
live
총 0 개 데이타 이동
END   2022-12-02 03:00:01 --------------------------


START 2022-12-02 03:10:01 --------------------------
live
총 0 개 데이타 이동
END   2022-12-02 03:10:01 --------------------------


START 2022-12-02 03:20:01 --------------------------
live
총 0 개 데이타 이동
END   2022-12-02 03:20:01 --------------------------


START 2022-12-02 03:30:01 --------------------------
live
총 0 개 데이타 이동
END   2022-12-02 03:30:01 --------------------------


START 2022-12-02 03:40:01 --------------------------
live
총 0 개 데이타 이동
END   2022-12-02 03:40:01 --------------------------


START 2022-12-02 03:50:01 --------------------------
live
총 0 개 데이타 이동
END   2022-12-02 03:50:01 --------------------------


START 2022-12-02 04:00:01 --------------------------
live
총 0 개 데이타 이동
END   2022-12-02 04:00:01 --------------------------


START 2022-12-02 04:10:02 --------------------------
live
총 0 개 데이타 이동
END   2022-12-02 04:10:02 --------------------------


START 2022-12-02 04:20:01 --------------------------
live
총 0 개 데이타 이동
END   2022-12-02 04:20:01 --------------------------


START 2022-12-02 04:30:01 --------------------------
live
총 0 개 데이타 이동
END   2022-12-02 04:30:01 --------------------------


START 2022-12-02 04:40:01 --------------------------
live
총 0 개 데이타 이동
END   2022-12-02 04:40:01 --------------------------


START 2022-12-02 04:50:01 --------------------------
live
총 0 개 데이타 이동
END   2022-12-02 04:50:01 --------------------------


START 2022-12-02 05:00:01 --------------------------
live
총 0 개 데이타 이동
END   2022-12-02 05:00:01 --------------------------


START 2022-12-02 05:10:01 --------------------------
live
총 0 개 데이타 이동
END   2022-12-02 05:10:01 --------------------------


START 2022-12-02 05:20:01 --------------------------
live
총 0 개 데이타 이동
END   2022-12-02 05:20:01 --------------------------


START 2022-12-02 05:30:01 --------------------------
live
총 0 개 데이타 이동
END   2022-12-02 05:30:01 --------------------------


START 2022-12-02 05:40:02 --------------------------
live
총 0 개 데이타 이동
END   2022-12-02 05:40:02 --------------------------


START 2022-12-02 05:50:01 --------------------------
live
총 0 개 데이타 이동
END   2022-12-02 05:50:01 --------------------------


START 2022-12-02 06:00:01 --------------------------
live
총 0 개 데이타 이동
END   2022-12-02 06:00:01 --------------------------


START 2022-12-02 06:10:01 --------------------------
live
총 0 개 데이타 이동
END   2022-12-02 06:10:01 --------------------------


START 2022-12-02 06:20:01 --------------------------
live
총 0 개 데이타 이동
END   2022-12-02 06:20:01 --------------------------


START 2022-12-02 06:30:01 --------------------------
live
총 0 개 데이타 이동
END   2022-12-02 06:30:01 --------------------------


START 2022-12-02 06:40:01 --------------------------
live
총 0 개 데이타 이동
END   2022-12-02 06:40:01 --------------------------


START 2022-12-02 06:50:01 --------------------------
live
총 0 개 데이타 이동
END   2022-12-02 06:50:01 --------------------------


START 2022-12-02 07:00:01 --------------------------
live
총 0 개 데이타 이동
END   2022-12-02 07:00:01 --------------------------


START 2022-12-02 07:10:01 --------------------------
live
총 0 개 데이타 이동
END   2022-12-02 07:10:01 --------------------------


START 2022-12-02 07:20:02 --------------------------
live
총 0 개 데이타 이동
END   2022-12-02 07:20:02 --------------------------


START 2022-12-02 07:30:01 --------------------------
live
총 0 개 데이타 이동
END   2022-12-02 07:30:01 --------------------------


START 2022-12-02 07:40:01 --------------------------
live
총 0 개 데이타 이동
END   2022-12-02 07:40:01 --------------------------


START 2022-12-02 07:50:01 --------------------------
live
총 0 개 데이타 이동
END   2022-12-02 07:50:01 --------------------------


START 2022-12-02 08:00:01 --------------------------
live
총 0 개 데이타 이동
END   2022-12-02 08:00:01 --------------------------


START 2022-12-02 08:10:01 --------------------------
live
총 0 개 데이타 이동
END   2022-12-02 08:10:01 --------------------------


START 2022-12-02 08:20:01 --------------------------
live
총 0 개 데이타 이동
END   2022-12-02 08:20:01 --------------------------


START 2022-12-02 08:30:01 --------------------------
live
총 0 개 데이타 이동
END   2022-12-02 08:30:01 --------------------------


START 2022-12-02 08:40:01 --------------------------
live
총 0 개 데이타 이동
END   2022-12-02 08:40:01 --------------------------


START 2022-12-02 08:50:01 --------------------------
live
총 0 개 데이타 이동
END   2022-12-02 08:50:01 --------------------------


START 2022-12-02 09:00:01 --------------------------
live
총 0 개 데이타 이동
END   2022-12-02 09:00:01 --------------------------


START 2022-12-02 09:10:01 --------------------------
live
총 0 개 데이타 이동
END   2022-12-02 09:10:01 --------------------------


START 2022-12-02 09:20:01 --------------------------
live
총 0 개 데이타 이동
END   2022-12-02 09:20:01 --------------------------


START 2022-12-02 09:30:01 --------------------------
live
총 0 개 데이타 이동
END   2022-12-02 09:30:01 --------------------------


START 2022-12-02 09:40:01 --------------------------
live
총 0 개 데이타 이동
END   2022-12-02 09:40:01 --------------------------


START 2022-12-02 09:50:01 --------------------------
live
총 0 개 데이타 이동
END   2022-12-02 09:50:01 --------------------------


START 2022-12-02 10:00:01 --------------------------
live
총 0 개 데이타 이동
END   2022-12-02 10:00:01 --------------------------


START 2022-12-02 10:10:02 --------------------------
live
총 0 개 데이타 이동
END   2022-12-02 10:10:02 --------------------------


START 2022-12-02 10:20:01 --------------------------
live
총 0 개 데이타 이동
END   2022-12-02 10:20:01 --------------------------


START 2022-12-02 10:30:01 --------------------------
live
총 0 개 데이타 이동
END   2022-12-02 10:30:01 --------------------------


START 2022-12-02 10:40:01 --------------------------
live
총 0 개 데이타 이동
END   2022-12-02 10:40:01 --------------------------


START 2022-12-02 10:50:01 --------------------------
live
총 0 개 데이타 이동
END   2022-12-02 10:50:01 --------------------------


START 2022-12-02 11:00:01 --------------------------
live
총 0 개 데이타 이동
END   2022-12-02 11:00:01 --------------------------


START 2022-12-02 11:10:01 --------------------------
live
총 0 개 데이타 이동
END   2022-12-02 11:10:01 --------------------------


START 2022-12-02 11:20:01 --------------------------
live
총 0 개 데이타 이동
END   2022-12-02 11:20:01 --------------------------


START 2022-12-02 11:30:01 --------------------------
live
총 0 개 데이타 이동
END   2022-12-02 11:30:01 --------------------------


START 2022-12-02 11:40:02 --------------------------
live
총 0 개 데이타 이동
END   2022-12-02 11:40:02 --------------------------


START 2022-12-02 11:50:01 --------------------------
live
14 개의 삭제대상 레코드 발견
delete from cf_Msg_Tran where moved='Y' and Send_Time < now() - interval 30 DAY
14 개 삭제

총 0 개 데이타 이동
END   2022-12-02 11:50:01 --------------------------


START 2022-12-02 12:00:01 --------------------------
live
총 0 개 데이타 이동
END   2022-12-02 12:00:01 --------------------------


START 2022-12-02 12:10:01 --------------------------
live
총 0 개 데이타 이동
END   2022-12-02 12:10:01 --------------------------


START 2022-12-02 12:20:01 --------------------------
live
총 14 개 데이타 이동
데이타 이동 시작 *****
3111994 01024568888 -- 3111995 01056179090 -- 3111996 01080060401 -- 3111997 01032809295 -- 3111998 01088944740 -- 3111999 01067241409 -- 3112000 01064063972 -- 3112001 01086246176 -- 3112002 01047693024 -- 3112003 01048474041 -- 3112004 01090838172 -- 3112005 01050297528 -- 3112006 01082299622 -- 3112007 01033358065 -- 
END   2022-12-02 12:20:02 --------------------------


START 2022-12-02 12:30:01 --------------------------
live
총 0 개 데이타 이동
END   2022-12-02 12:30:01 --------------------------


START 2022-12-02 12:40:01 --------------------------
live
총 0 개 데이타 이동
END   2022-12-02 12:40:01 --------------------------


START 2022-12-02 12:50:01 --------------------------
live
총 0 개 데이타 이동
END   2022-12-02 12:50:01 --------------------------


START 2022-12-02 13:00:01 --------------------------
live
총 0 개 데이타 이동
END   2022-12-02 13:00:01 --------------------------


START 2022-12-02 13:10:01 --------------------------
live
총 0 개 데이타 이동
END   2022-12-02 13:10:01 --------------------------


START 2022-12-02 13:20:01 --------------------------
live
총 0 개 데이타 이동
END   2022-12-02 13:20:01 --------------------------


START 2022-12-02 13:30:01 --------------------------
live
총 0 개 데이타 이동
END   2022-12-02 13:30:02 --------------------------


START 2022-12-02 13:40:01 --------------------------
live
총 0 개 데이타 이동
END   2022-12-02 13:40:01 --------------------------


START 2022-12-02 13:50:01 --------------------------
live
총 0 개 데이타 이동
END   2022-12-02 13:50:01 --------------------------


START 2022-12-02 14:00:01 --------------------------
live
총 0 개 데이타 이동
END   2022-12-02 14:00:01 --------------------------


START 2022-12-02 14:10:01 --------------------------
live
총 0 개 데이타 이동
END   2022-12-02 14:10:01 --------------------------


START 2022-12-02 14:20:01 --------------------------
live
총 0 개 데이타 이동
END   2022-12-02 14:20:01 --------------------------


START 2022-12-02 14:30:01 --------------------------
live
총 0 개 데이타 이동
END   2022-12-02 14:30:01 --------------------------


START 2022-12-02 14:40:01 --------------------------
live
총 0 개 데이타 이동
END   2022-12-02 14:40:01 --------------------------


START 2022-12-02 14:50:01 --------------------------
live
총 0 개 데이타 이동
END   2022-12-02 14:50:01 --------------------------


START 2022-12-02 15:00:01 --------------------------
live
총 0 개 데이타 이동
END   2022-12-02 15:00:01 --------------------------


START 2022-12-02 15:10:01 --------------------------
live
총 0 개 데이타 이동
END   2022-12-02 15:10:01 --------------------------


START 2022-12-02 15:20:01 --------------------------
live
총 0 개 데이타 이동
END   2022-12-02 15:20:01 --------------------------


START 2022-12-02 15:30:02 --------------------------
live
총 0 개 데이타 이동
END   2022-12-02 15:30:02 --------------------------


START 2022-12-02 15:40:01 --------------------------
live
총 0 개 데이타 이동
END   2022-12-02 15:40:01 --------------------------


START 2022-12-02 15:50:01 --------------------------
live
총 0 개 데이타 이동
END   2022-12-02 15:50:01 --------------------------


START 2022-12-02 16:00:01 --------------------------
live
총 0 개 데이타 이동
END   2022-12-02 16:00:01 --------------------------


START 2022-12-02 16:10:01 --------------------------
live
총 0 개 데이타 이동
END   2022-12-02 16:10:01 --------------------------


START 2022-12-02 16:20:01 --------------------------
live
총 0 개 데이타 이동
END   2022-12-02 16:20:01 --------------------------


START 2022-12-02 16:30:01 --------------------------
live
총 0 개 데이타 이동
END   2022-12-02 16:30:01 --------------------------


START 2022-12-02 16:40:01 --------------------------
live
총 0 개 데이타 이동
END   2022-12-02 16:40:01 --------------------------


START 2022-12-02 16:50:01 --------------------------
live
총 0 개 데이타 이동
END   2022-12-02 16:50:01 --------------------------


START 2022-12-02 17:00:02 --------------------------
live
총 0 개 데이타 이동
END   2022-12-02 17:00:02 --------------------------


START 2022-12-02 17:10:01 --------------------------
live
총 0 개 데이타 이동
END   2022-12-02 17:10:01 --------------------------


START 2022-12-02 17:20:01 --------------------------
live
총 14 개 데이타 이동
데이타 이동 시작 *****
3112008 01024568888 -- 3112009 01056179090 -- 3112010 01080060401 -- 3112011 01032809295 -- 3112012 01088944740 -- 3112013 01067241409 -- 3112014 01064063972 -- 3112015 01086246176 -- 3112016 01047693024 -- 3112017 01048474041 -- 3112018 01090838172 -- 3112019 01050297528 -- 3112020 01082299622 -- 3112021 01033358065 -- 
END   2022-12-02 17:20:01 --------------------------


START 2022-12-02 17:30:01 --------------------------
live
총 0 개 데이타 이동
END   2022-12-02 17:30:01 --------------------------


START 2022-12-02 17:40:01 --------------------------
live
총 0 개 데이타 이동
END   2022-12-02 17:40:01 --------------------------


START 2022-12-02 17:50:01 --------------------------
live
총 0 개 데이타 이동
END   2022-12-02 17:50:01 --------------------------


START 2022-12-02 18:00:01 --------------------------
live
총 0 개 데이타 이동
END   2022-12-02 18:00:01 --------------------------


START 2022-12-02 18:10:01 --------------------------
live
총 0 개 데이타 이동
END   2022-12-02 18:10:01 --------------------------


START 2022-12-02 18:20:01 --------------------------
live
총 0 개 데이타 이동
END   2022-12-02 18:20:01 --------------------------


START 2022-12-02 18:30:01 --------------------------
live
총 0 개 데이타 이동
END   2022-12-02 18:30:01 --------------------------


START 2022-12-02 18:40:01 --------------------------
live
총 0 개 데이타 이동
END   2022-12-02 18:40:01 --------------------------


START 2022-12-02 18:50:01 --------------------------
live
총 0 개 데이타 이동
END   2022-12-02 18:50:01 --------------------------


START 2022-12-02 19:00:01 --------------------------
live
총 0 개 데이타 이동
END   2022-12-02 19:00:01 --------------------------


START 2022-12-02 19:10:01 --------------------------
live
총 0 개 데이타 이동
END   2022-12-02 19:10:01 --------------------------


START 2022-12-02 19:20:01 --------------------------
live
총 0 개 데이타 이동
END   2022-12-02 19:20:01 --------------------------


START 2022-12-02 19:30:02 --------------------------
live
총 0 개 데이타 이동
END   2022-12-02 19:30:02 --------------------------


START 2022-12-02 19:40:01 --------------------------
live
총 0 개 데이타 이동
END   2022-12-02 19:40:01 --------------------------


START 2022-12-02 19:50:01 --------------------------
live
총 0 개 데이타 이동
END   2022-12-02 19:50:01 --------------------------


START 2022-12-02 20:00:01 --------------------------
live
총 0 개 데이타 이동
END   2022-12-02 20:00:01 --------------------------


START 2022-12-02 20:10:01 --------------------------
live
총 0 개 데이타 이동
END   2022-12-02 20:10:01 --------------------------


START 2022-12-02 20:20:01 --------------------------
live
총 0 개 데이타 이동
END   2022-12-02 20:20:01 --------------------------


START 2022-12-02 20:30:01 --------------------------
live
총 0 개 데이타 이동
END   2022-12-02 20:30:01 --------------------------


START 2022-12-02 20:40:01 --------------------------
live
총 0 개 데이타 이동
END   2022-12-02 20:40:01 --------------------------


START 2022-12-02 20:50:01 --------------------------
live
총 0 개 데이타 이동
END   2022-12-02 20:50:01 --------------------------


START 2022-12-02 21:00:04 --------------------------
live
총 0 개 데이타 이동
END   2022-12-02 21:00:04 --------------------------


START 2022-12-02 21:10:01 --------------------------
live
총 0 개 데이타 이동
END   2022-12-02 21:10:01 --------------------------


START 2022-12-02 21:20:01 --------------------------
live
총 0 개 데이타 이동
END   2022-12-02 21:20:01 --------------------------


START 2022-12-02 21:30:01 --------------------------
live
총 0 개 데이타 이동
END   2022-12-02 21:30:01 --------------------------


START 2022-12-02 21:40:01 --------------------------
live
총 0 개 데이타 이동
END   2022-12-02 21:40:01 --------------------------


START 2022-12-02 21:50:01 --------------------------
live
총 0 개 데이타 이동
END   2022-12-02 21:50:01 --------------------------


START 2022-12-02 22:00:02 --------------------------
live
총 0 개 데이타 이동
END   2022-12-02 22:00:02 --------------------------


START 2022-12-02 22:10:01 --------------------------
live
총 0 개 데이타 이동
END   2022-12-02 22:10:01 --------------------------


START 2022-12-02 22:20:01 --------------------------
live
총 0 개 데이타 이동
END   2022-12-02 22:20:01 --------------------------


START 2022-12-02 22:30:01 --------------------------
live
총 0 개 데이타 이동
END   2022-12-02 22:30:01 --------------------------


START 2022-12-02 22:40:01 --------------------------
live
총 0 개 데이타 이동
END   2022-12-02 22:40:01 --------------------------


START 2022-12-02 22:50:01 --------------------------
live
총 0 개 데이타 이동
END   2022-12-02 22:50:01 --------------------------


START 2022-12-02 23:00:01 --------------------------
live
총 0 개 데이타 이동
END   2022-12-02 23:00:01 --------------------------


START 2022-12-02 23:10:01 --------------------------
live
총 0 개 데이타 이동
END   2022-12-02 23:10:01 --------------------------


START 2022-12-02 23:20:01 --------------------------
live
총 0 개 데이타 이동
END   2022-12-02 23:20:01 --------------------------


START 2022-12-02 23:30:01 --------------------------
live
총 0 개 데이타 이동
END   2022-12-02 23:30:01 --------------------------


START 2022-12-02 23:40:01 --------------------------
live
총 0 개 데이타 이동
END   2022-12-02 23:40:01 --------------------------


START 2022-12-02 23:50:01 --------------------------
live
총 0 개 데이타 이동
END   2022-12-02 23:50:01 --------------------------


