START 2022-08-04 00:00:01 --------------------------
live
총 0 개 데이타 이동
END   2022-08-04 00:00:01 --------------------------


START 2022-08-04 00:10:01 --------------------------
live
총 0 개 데이타 이동
END   2022-08-04 00:10:01 --------------------------


START 2022-08-04 00:20:01 --------------------------
live
총 0 개 데이타 이동
END   2022-08-04 00:20:01 --------------------------


START 2022-08-04 00:30:02 --------------------------
live
총 0 개 데이타 이동
END   2022-08-04 00:30:02 --------------------------


START 2022-08-04 00:40:01 --------------------------
live
총 0 개 데이타 이동
END   2022-08-04 00:40:01 --------------------------


START 2022-08-04 00:50:01 --------------------------
live
총 0 개 데이타 이동
END   2022-08-04 00:50:01 --------------------------


START 2022-08-04 01:00:01 --------------------------
live
총 0 개 데이타 이동
END   2022-08-04 01:00:01 --------------------------


START 2022-08-04 01:10:01 --------------------------
live
총 0 개 데이타 이동
END   2022-08-04 01:10:01 --------------------------


START 2022-08-04 01:20:01 --------------------------
live
총 0 개 데이타 이동
END   2022-08-04 01:20:01 --------------------------


START 2022-08-04 01:30:01 --------------------------
live
총 0 개 데이타 이동
END   2022-08-04 01:30:01 --------------------------


START 2022-08-04 01:40:01 --------------------------
live
총 0 개 데이타 이동
END   2022-08-04 01:40:01 --------------------------


START 2022-08-04 01:50:01 --------------------------
live
총 0 개 데이타 이동
END   2022-08-04 01:50:01 --------------------------


START 2022-08-04 02:00:01 --------------------------
live
총 0 개 데이타 이동
END   2022-08-04 02:00:01 --------------------------


START 2022-08-04 02:10:01 --------------------------
live
총 0 개 데이타 이동
END   2022-08-04 02:10:01 --------------------------


START 2022-08-04 02:20:01 --------------------------
live
총 0 개 데이타 이동
END   2022-08-04 02:20:01 --------------------------


START 2022-08-04 02:30:01 --------------------------
live
총 0 개 데이타 이동
END   2022-08-04 02:30:01 --------------------------


START 2022-08-04 02:40:01 --------------------------
live
총 0 개 데이타 이동
END   2022-08-04 02:40:01 --------------------------


START 2022-08-04 02:50:01 --------------------------
live
총 0 개 데이타 이동
END   2022-08-04 02:50:01 --------------------------


START 2022-08-04 03:00:01 --------------------------
live
총 0 개 데이타 이동
END   2022-08-04 03:00:01 --------------------------


START 2022-08-04 03:10:02 --------------------------
live
총 0 개 데이타 이동
END   2022-08-04 03:10:02 --------------------------


START 2022-08-04 03:20:01 --------------------------
live
총 0 개 데이타 이동
END   2022-08-04 03:20:01 --------------------------


START 2022-08-04 03:30:01 --------------------------
live
총 0 개 데이타 이동
END   2022-08-04 03:30:01 --------------------------


START 2022-08-04 03:40:01 --------------------------
live
총 0 개 데이타 이동
END   2022-08-04 03:40:01 --------------------------


START 2022-08-04 03:50:01 --------------------------
live
총 0 개 데이타 이동
END   2022-08-04 03:50:01 --------------------------


START 2022-08-04 04:00:01 --------------------------
live
총 0 개 데이타 이동
END   2022-08-04 04:00:01 --------------------------


START 2022-08-04 04:10:01 --------------------------
live
총 0 개 데이타 이동
END   2022-08-04 04:10:01 --------------------------


START 2022-08-04 04:20:01 --------------------------
live
총 0 개 데이타 이동
END   2022-08-04 04:20:01 --------------------------


START 2022-08-04 04:30:02 --------------------------
live
총 0 개 데이타 이동
END   2022-08-04 04:30:02 --------------------------


START 2022-08-04 04:40:01 --------------------------
live
총 0 개 데이타 이동
END   2022-08-04 04:40:01 --------------------------


START 2022-08-04 04:50:01 --------------------------
live
총 0 개 데이타 이동
END   2022-08-04 04:50:01 --------------------------


START 2022-08-04 05:00:01 --------------------------
live
총 0 개 데이타 이동
END   2022-08-04 05:00:01 --------------------------


START 2022-08-04 05:10:02 --------------------------
live
총 0 개 데이타 이동
END   2022-08-04 05:10:02 --------------------------


START 2022-08-04 05:20:01 --------------------------
live
총 0 개 데이타 이동
END   2022-08-04 05:20:01 --------------------------


START 2022-08-04 05:30:01 --------------------------
live
총 0 개 데이타 이동
END   2022-08-04 05:30:01 --------------------------


START 2022-08-04 05:40:01 --------------------------
live
총 0 개 데이타 이동
END   2022-08-04 05:40:01 --------------------------


START 2022-08-04 05:50:01 --------------------------
live
총 0 개 데이타 이동
END   2022-08-04 05:50:01 --------------------------


START 2022-08-04 06:00:01 --------------------------
live
총 0 개 데이타 이동
END   2022-08-04 06:00:01 --------------------------


START 2022-08-04 06:10:01 --------------------------
live
총 0 개 데이타 이동
END   2022-08-04 06:10:01 --------------------------


START 2022-08-04 06:20:01 --------------------------
live
총 0 개 데이타 이동
END   2022-08-04 06:20:01 --------------------------


START 2022-08-04 06:30:01 --------------------------
live
총 0 개 데이타 이동
END   2022-08-04 06:30:01 --------------------------


START 2022-08-04 06:40:01 --------------------------
live
총 0 개 데이타 이동
END   2022-08-04 06:40:01 --------------------------


START 2022-08-04 06:50:01 --------------------------
live
총 0 개 데이타 이동
END   2022-08-04 06:50:01 --------------------------


START 2022-08-04 07:00:01 --------------------------
live
총 0 개 데이타 이동
END   2022-08-04 07:00:01 --------------------------


START 2022-08-04 07:10:01 --------------------------
live
총 0 개 데이타 이동
END   2022-08-04 07:10:01 --------------------------


START 2022-08-04 07:20:01 --------------------------
live
총 0 개 데이타 이동
END   2022-08-04 07:20:01 --------------------------


START 2022-08-04 07:30:01 --------------------------
live
총 0 개 데이타 이동
END   2022-08-04 07:30:01 --------------------------


START 2022-08-04 07:40:01 --------------------------
live
총 0 개 데이타 이동
END   2022-08-04 07:40:01 --------------------------


START 2022-08-04 07:50:01 --------------------------
live
총 0 개 데이타 이동
END   2022-08-04 07:50:01 --------------------------


START 2022-08-04 08:00:01 --------------------------
live
총 0 개 데이타 이동
END   2022-08-04 08:00:01 --------------------------


START 2022-08-04 08:10:01 --------------------------
live
총 0 개 데이타 이동
END   2022-08-04 08:10:01 --------------------------


START 2022-08-04 08:20:01 --------------------------
live
총 0 개 데이타 이동
END   2022-08-04 08:20:01 --------------------------


START 2022-08-04 08:30:01 --------------------------
live
총 0 개 데이타 이동
END   2022-08-04 08:30:01 --------------------------


START 2022-08-04 08:40:01 --------------------------
live
총 0 개 데이타 이동
END   2022-08-04 08:40:01 --------------------------


START 2022-08-04 08:50:02 --------------------------
live
총 0 개 데이타 이동
END   2022-08-04 08:50:02 --------------------------


START 2022-08-04 09:00:01 --------------------------
live
총 0 개 데이타 이동
END   2022-08-04 09:00:01 --------------------------


START 2022-08-04 09:10:01 --------------------------
live
총 0 개 데이타 이동
END   2022-08-04 09:10:01 --------------------------


START 2022-08-04 09:20:01 --------------------------
live
총 0 개 데이타 이동
END   2022-08-04 09:20:01 --------------------------


START 2022-08-04 09:30:01 --------------------------
live
총 0 개 데이타 이동
END   2022-08-04 09:30:01 --------------------------


START 2022-08-04 09:40:01 --------------------------
live
총 0 개 데이타 이동
END   2022-08-04 09:40:01 --------------------------


START 2022-08-04 09:50:01 --------------------------
live
총 0 개 데이타 이동
END   2022-08-04 09:50:01 --------------------------


START 2022-08-04 10:00:01 --------------------------
live
총 0 개 데이타 이동
END   2022-08-04 10:00:01 --------------------------


START 2022-08-04 10:10:01 --------------------------
live
총 0 개 데이타 이동
END   2022-08-04 10:10:01 --------------------------


START 2022-08-04 10:20:01 --------------------------
live
총 5 개 데이타 이동
데이타 이동 시작 *****
3108800 01030906908 -- 3108801 01030906908 -- 3108802 01030906908 -- 3108803 01067466580 -- 3108804 01082300118 -- 
END   2022-08-04 10:20:02 --------------------------


START 2022-08-04 10:30:01 --------------------------
live
총 0 개 데이타 이동
END   2022-08-04 10:30:01 --------------------------


START 2022-08-04 10:40:01 --------------------------
live
총 0 개 데이타 이동
END   2022-08-04 10:40:01 --------------------------


START 2022-08-04 10:50:02 --------------------------
live
7 개의 삭제대상 레코드 발견
delete from cf_Msg_Tran where moved='Y' and Send_Time < now() - interval 30 DAY
7 개 삭제

총 0 개 데이타 이동
END   2022-08-04 10:50:02 --------------------------


START 2022-08-04 11:00:01 --------------------------
live
총 0 개 데이타 이동
END   2022-08-04 11:00:01 --------------------------


START 2022-08-04 11:10:01 --------------------------
live
총 0 개 데이타 이동
END   2022-08-04 11:10:01 --------------------------


START 2022-08-04 11:20:01 --------------------------
live
총 0 개 데이타 이동
END   2022-08-04 11:20:01 --------------------------


START 2022-08-04 11:30:01 --------------------------
live
총 0 개 데이타 이동
END   2022-08-04 11:30:01 --------------------------


START 2022-08-04 11:40:01 --------------------------
live
총 0 개 데이타 이동
END   2022-08-04 11:40:01 --------------------------


START 2022-08-04 11:50:01 --------------------------
live
총 0 개 데이타 이동
END   2022-08-04 11:50:01 --------------------------


START 2022-08-04 12:00:01 --------------------------
live
총 0 개 데이타 이동
END   2022-08-04 12:00:01 --------------------------


START 2022-08-04 12:10:02 --------------------------
live
총 0 개 데이타 이동
END   2022-08-04 12:10:02 --------------------------


START 2022-08-04 12:20:01 --------------------------
live
총 0 개 데이타 이동
END   2022-08-04 12:20:01 --------------------------


START 2022-08-04 12:30:01 --------------------------
live
총 0 개 데이타 이동
END   2022-08-04 12:30:01 --------------------------


START 2022-08-04 12:40:01 --------------------------
live
총 0 개 데이타 이동
END   2022-08-04 12:40:01 --------------------------


START 2022-08-04 12:50:01 --------------------------
live
2 개의 삭제대상 레코드 발견
delete from cf_Msg_Tran where moved='Y' and Send_Time < now() - interval 30 DAY
2 개 삭제

총 0 개 데이타 이동
END   2022-08-04 12:50:01 --------------------------


START 2022-08-04 13:00:01 --------------------------
live
총 0 개 데이타 이동
END   2022-08-04 13:00:01 --------------------------


START 2022-08-04 13:10:01 --------------------------
live
총 0 개 데이타 이동
END   2022-08-04 13:10:01 --------------------------


START 2022-08-04 13:20:01 --------------------------
live
총 0 개 데이타 이동
END   2022-08-04 13:20:01 --------------------------


START 2022-08-04 13:30:01 --------------------------
live
총 0 개 데이타 이동
END   2022-08-04 13:30:01 --------------------------


START 2022-08-04 13:40:01 --------------------------
live
총 0 개 데이타 이동
END   2022-08-04 13:40:01 --------------------------


START 2022-08-04 13:50:01 --------------------------
live
총 0 개 데이타 이동
END   2022-08-04 13:50:01 --------------------------


START 2022-08-04 14:00:01 --------------------------
live
총 0 개 데이타 이동
END   2022-08-04 14:00:01 --------------------------


START 2022-08-04 14:10:01 --------------------------
live
총 0 개 데이타 이동
END   2022-08-04 14:10:01 --------------------------


START 2022-08-04 14:20:01 --------------------------
live
총 0 개 데이타 이동
END   2022-08-04 14:20:01 --------------------------


START 2022-08-04 14:30:01 --------------------------
live
총 0 개 데이타 이동
END   2022-08-04 14:30:01 --------------------------


START 2022-08-04 14:40:01 --------------------------
live
총 0 개 데이타 이동
END   2022-08-04 14:40:01 --------------------------


START 2022-08-04 14:50:01 --------------------------
live
총 0 개 데이타 이동
END   2022-08-04 14:50:01 --------------------------


START 2022-08-04 15:00:01 --------------------------
live
총 0 개 데이타 이동
END   2022-08-04 15:00:01 --------------------------


START 2022-08-04 15:10:02 --------------------------
live
총 0 개 데이타 이동
END   2022-08-04 15:10:02 --------------------------


START 2022-08-04 15:20:01 --------------------------
live
총 0 개 데이타 이동
END   2022-08-04 15:20:01 --------------------------


START 2022-08-04 15:30:01 --------------------------
live
총 0 개 데이타 이동
END   2022-08-04 15:30:01 --------------------------


START 2022-08-04 15:40:01 --------------------------
live
총 0 개 데이타 이동
END   2022-08-04 15:40:01 --------------------------


START 2022-08-04 15:50:01 --------------------------
live
총 0 개 데이타 이동
END   2022-08-04 15:50:01 --------------------------


START 2022-08-04 16:00:01 --------------------------
live
499 개의 삭제대상 레코드 발견
delete from cf_Msg_Tran where moved='Y' and Send_Time < now() - interval 30 DAY
499 개 삭제

총 0 개 데이타 이동
END   2022-08-04 16:00:03 --------------------------


START 2022-08-04 16:10:01 --------------------------
live
385 개의 삭제대상 레코드 발견
delete from cf_Msg_Tran where moved='Y' and Send_Time < now() - interval 30 DAY
385 개 삭제

총 0 개 데이타 이동
END   2022-08-04 16:10:01 --------------------------


START 2022-08-04 16:20:01 --------------------------
live
총 0 개 데이타 이동
END   2022-08-04 16:20:01 --------------------------


START 2022-08-04 16:30:01 --------------------------
live
총 0 개 데이타 이동
END   2022-08-04 16:30:01 --------------------------


START 2022-08-04 16:40:01 --------------------------
live
총 0 개 데이타 이동
END   2022-08-04 16:40:01 --------------------------


START 2022-08-04 16:50:01 --------------------------
live
총 0 개 데이타 이동
END   2022-08-04 16:50:01 --------------------------


START 2022-08-04 17:00:01 --------------------------
live
총 0 개 데이타 이동
END   2022-08-04 17:00:01 --------------------------


START 2022-08-04 17:10:01 --------------------------
live
총 0 개 데이타 이동
END   2022-08-04 17:10:01 --------------------------


START 2022-08-04 17:20:01 --------------------------
live
총 0 개 데이타 이동
END   2022-08-04 17:20:01 --------------------------


START 2022-08-04 17:30:01 --------------------------
live
총 0 개 데이타 이동
END   2022-08-04 17:30:01 --------------------------


START 2022-08-04 17:40:02 --------------------------
live
총 0 개 데이타 이동
END   2022-08-04 17:40:02 --------------------------


START 2022-08-04 17:50:01 --------------------------
live
총 0 개 데이타 이동
END   2022-08-04 17:50:01 --------------------------


START 2022-08-04 18:00:01 --------------------------
live
총 0 개 데이타 이동
END   2022-08-04 18:00:01 --------------------------


START 2022-08-04 18:10:01 --------------------------
live
총 0 개 데이타 이동
END   2022-08-04 18:10:01 --------------------------


START 2022-08-04 18:20:01 --------------------------
live
총 0 개 데이타 이동
END   2022-08-04 18:20:01 --------------------------


START 2022-08-04 18:30:01 --------------------------
live
총 0 개 데이타 이동
END   2022-08-04 18:30:01 --------------------------


START 2022-08-04 18:40:01 --------------------------
live
총 0 개 데이타 이동
END   2022-08-04 18:40:01 --------------------------


START 2022-08-04 18:50:01 --------------------------
live
총 0 개 데이타 이동
END   2022-08-04 18:50:01 --------------------------


START 2022-08-04 19:00:01 --------------------------
live
총 0 개 데이타 이동
END   2022-08-04 19:00:01 --------------------------


START 2022-08-04 19:10:01 --------------------------
live
총 0 개 데이타 이동
END   2022-08-04 19:10:01 --------------------------


START 2022-08-04 19:20:01 --------------------------
live
총 0 개 데이타 이동
END   2022-08-04 19:20:01 --------------------------


START 2022-08-04 19:30:01 --------------------------
live
총 0 개 데이타 이동
END   2022-08-04 19:30:01 --------------------------


START 2022-08-04 19:40:01 --------------------------
live
총 0 개 데이타 이동
END   2022-08-04 19:40:01 --------------------------


START 2022-08-04 19:50:01 --------------------------
live
총 0 개 데이타 이동
END   2022-08-04 19:50:01 --------------------------


START 2022-08-04 20:00:01 --------------------------
live
총 0 개 데이타 이동
END   2022-08-04 20:00:01 --------------------------


START 2022-08-04 20:10:01 --------------------------
live
총 0 개 데이타 이동
END   2022-08-04 20:10:01 --------------------------


START 2022-08-04 20:20:01 --------------------------
live
총 0 개 데이타 이동
END   2022-08-04 20:20:01 --------------------------


START 2022-08-04 20:30:01 --------------------------
live
총 0 개 데이타 이동
END   2022-08-04 20:30:01 --------------------------


START 2022-08-04 20:40:01 --------------------------
live
총 0 개 데이타 이동
END   2022-08-04 20:40:01 --------------------------


START 2022-08-04 20:50:01 --------------------------
live
총 0 개 데이타 이동
END   2022-08-04 20:50:01 --------------------------


START 2022-08-04 21:00:01 --------------------------
live
총 0 개 데이타 이동
END   2022-08-04 21:00:02 --------------------------


START 2022-08-04 21:10:01 --------------------------
live
총 0 개 데이타 이동
END   2022-08-04 21:10:01 --------------------------


START 2022-08-04 21:20:01 --------------------------
live
총 0 개 데이타 이동
END   2022-08-04 21:20:01 --------------------------


START 2022-08-04 21:30:01 --------------------------
live
총 0 개 데이타 이동
END   2022-08-04 21:30:01 --------------------------


START 2022-08-04 21:40:01 --------------------------
live
총 0 개 데이타 이동
END   2022-08-04 21:40:01 --------------------------


START 2022-08-04 21:50:01 --------------------------
live
총 0 개 데이타 이동
END   2022-08-04 21:50:01 --------------------------


START 2022-08-04 22:00:01 --------------------------
live
총 0 개 데이타 이동
END   2022-08-04 22:00:01 --------------------------


START 2022-08-04 22:10:01 --------------------------
live
총 0 개 데이타 이동
END   2022-08-04 22:10:01 --------------------------


START 2022-08-04 22:20:01 --------------------------
live
총 0 개 데이타 이동
END   2022-08-04 22:20:01 --------------------------


START 2022-08-04 22:30:01 --------------------------
live
총 0 개 데이타 이동
END   2022-08-04 22:30:01 --------------------------


START 2022-08-04 22:40:01 --------------------------
live
총 0 개 데이타 이동
END   2022-08-04 22:40:01 --------------------------


START 2022-08-04 22:50:01 --------------------------
live
총 0 개 데이타 이동
END   2022-08-04 22:50:01 --------------------------


START 2022-08-04 23:00:01 --------------------------
live
총 0 개 데이타 이동
END   2022-08-04 23:00:01 --------------------------


START 2022-08-04 23:10:01 --------------------------
live
총 0 개 데이타 이동
END   2022-08-04 23:10:01 --------------------------


START 2022-08-04 23:20:02 --------------------------
live
총 0 개 데이타 이동
END   2022-08-04 23:20:02 --------------------------


START 2022-08-04 23:30:01 --------------------------
live
총 0 개 데이타 이동
END   2022-08-04 23:30:01 --------------------------


START 2022-08-04 23:40:01 --------------------------
live
총 0 개 데이타 이동
END   2022-08-04 23:40:01 --------------------------


START 2022-08-04 23:50:01 --------------------------
live
총 0 개 데이타 이동
END   2022-08-04 23:50:01 --------------------------


