START 2022-04-24 00:00:01 --------------------------
live
총 0 개 데이타 이동
END   2022-04-24 00:00:01 --------------------------


START 2022-04-24 00:10:01 --------------------------
live
총 0 개 데이타 이동
END   2022-04-24 00:10:01 --------------------------


START 2022-04-24 00:20:02 --------------------------
live
총 0 개 데이타 이동
END   2022-04-24 00:20:02 --------------------------


START 2022-04-24 00:30:02 --------------------------
live
총 0 개 데이타 이동
END   2022-04-24 00:30:02 --------------------------


START 2022-04-24 00:40:02 --------------------------
live
총 0 개 데이타 이동
END   2022-04-24 00:40:02 --------------------------


START 2022-04-24 00:50:02 --------------------------
live
총 0 개 데이타 이동
END   2022-04-24 00:50:02 --------------------------


START 2022-04-24 01:00:01 --------------------------
live
총 0 개 데이타 이동
END   2022-04-24 01:00:01 --------------------------


START 2022-04-24 01:10:01 --------------------------
live
총 0 개 데이타 이동
END   2022-04-24 01:10:01 --------------------------


START 2022-04-24 01:20:01 --------------------------
live
총 0 개 데이타 이동
END   2022-04-24 01:20:01 --------------------------


START 2022-04-24 01:30:02 --------------------------
live
총 0 개 데이타 이동
END   2022-04-24 01:30:02 --------------------------


START 2022-04-24 01:40:01 --------------------------
live
총 0 개 데이타 이동
END   2022-04-24 01:40:01 --------------------------


START 2022-04-24 01:50:01 --------------------------
live
총 0 개 데이타 이동
END   2022-04-24 01:50:01 --------------------------


START 2022-04-24 02:00:01 --------------------------
live
총 0 개 데이타 이동
END   2022-04-24 02:00:01 --------------------------


START 2022-04-24 02:10:02 --------------------------
live
총 0 개 데이타 이동
END   2022-04-24 02:10:02 --------------------------


START 2022-04-24 02:20:01 --------------------------
live
총 0 개 데이타 이동
END   2022-04-24 02:20:01 --------------------------


START 2022-04-24 02:30:01 --------------------------
live
총 0 개 데이타 이동
END   2022-04-24 02:30:01 --------------------------


START 2022-04-24 02:40:01 --------------------------
live
총 0 개 데이타 이동
END   2022-04-24 02:40:01 --------------------------


START 2022-04-24 02:50:01 --------------------------
live
총 0 개 데이타 이동
END   2022-04-24 02:50:01 --------------------------


START 2022-04-24 03:00:01 --------------------------
live
총 0 개 데이타 이동
END   2022-04-24 03:00:01 --------------------------


START 2022-04-24 03:10:01 --------------------------
live
총 0 개 데이타 이동
END   2022-04-24 03:10:01 --------------------------


START 2022-04-24 03:20:02 --------------------------
live
총 0 개 데이타 이동
END   2022-04-24 03:20:02 --------------------------


START 2022-04-24 03:30:02 --------------------------
live
총 0 개 데이타 이동
END   2022-04-24 03:30:02 --------------------------


START 2022-04-24 03:40:01 --------------------------
live
총 0 개 데이타 이동
END   2022-04-24 03:40:01 --------------------------


START 2022-04-24 03:50:01 --------------------------
live
총 0 개 데이타 이동
END   2022-04-24 03:50:01 --------------------------


START 2022-04-24 04:00:01 --------------------------
live
총 0 개 데이타 이동
END   2022-04-24 04:00:01 --------------------------


START 2022-04-24 04:10:02 --------------------------
live
총 0 개 데이타 이동
END   2022-04-24 04:10:02 --------------------------


START 2022-04-24 04:20:01 --------------------------
live
총 0 개 데이타 이동
END   2022-04-24 04:20:01 --------------------------


START 2022-04-24 04:30:01 --------------------------
live
총 0 개 데이타 이동
END   2022-04-24 04:30:01 --------------------------


START 2022-04-24 04:40:01 --------------------------
live
총 0 개 데이타 이동
END   2022-04-24 04:40:01 --------------------------


START 2022-04-24 04:50:01 --------------------------
live
총 0 개 데이타 이동
END   2022-04-24 04:50:01 --------------------------


START 2022-04-24 05:00:01 --------------------------
live
총 0 개 데이타 이동
END   2022-04-24 05:00:01 --------------------------


START 2022-04-24 05:10:01 --------------------------
live
총 0 개 데이타 이동
END   2022-04-24 05:10:01 --------------------------


START 2022-04-24 05:20:01 --------------------------
live
총 0 개 데이타 이동
END   2022-04-24 05:20:01 --------------------------


START 2022-04-24 05:30:01 --------------------------
live
총 0 개 데이타 이동
END   2022-04-24 05:30:01 --------------------------


START 2022-04-24 05:40:01 --------------------------
live
총 0 개 데이타 이동
END   2022-04-24 05:40:01 --------------------------


START 2022-04-24 05:50:02 --------------------------
live
총 0 개 데이타 이동
END   2022-04-24 05:50:02 --------------------------


START 2022-04-24 06:00:02 --------------------------
live
총 0 개 데이타 이동
END   2022-04-24 06:00:02 --------------------------


START 2022-04-24 06:10:02 --------------------------
live
총 0 개 데이타 이동
END   2022-04-24 06:10:02 --------------------------


START 2022-04-24 06:20:02 --------------------------
live
총 0 개 데이타 이동
END   2022-04-24 06:20:02 --------------------------


START 2022-04-24 06:30:02 --------------------------
live
총 0 개 데이타 이동
END   2022-04-24 06:30:02 --------------------------


START 2022-04-24 06:40:01 --------------------------
live
총 0 개 데이타 이동
END   2022-04-24 06:40:01 --------------------------


START 2022-04-24 06:50:01 --------------------------
live
총 0 개 데이타 이동
END   2022-04-24 06:50:01 --------------------------


START 2022-04-24 07:00:01 --------------------------
live
총 0 개 데이타 이동
END   2022-04-24 07:00:01 --------------------------


START 2022-04-24 07:10:01 --------------------------
live
총 0 개 데이타 이동
END   2022-04-24 07:10:01 --------------------------


START 2022-04-24 07:20:01 --------------------------
live
총 0 개 데이타 이동
END   2022-04-24 07:20:01 --------------------------


START 2022-04-24 07:30:01 --------------------------
live
총 0 개 데이타 이동
END   2022-04-24 07:30:01 --------------------------


START 2022-04-24 07:40:02 --------------------------
live
총 0 개 데이타 이동
END   2022-04-24 07:40:02 --------------------------


START 2022-04-24 07:50:02 --------------------------
live
총 0 개 데이타 이동
END   2022-04-24 07:50:02 --------------------------


START 2022-04-24 08:00:02 --------------------------
live
총 0 개 데이타 이동
END   2022-04-24 08:00:02 --------------------------


START 2022-04-24 08:10:01 --------------------------
live
총 0 개 데이타 이동
END   2022-04-24 08:10:01 --------------------------


START 2022-04-24 08:20:01 --------------------------
live
총 0 개 데이타 이동
END   2022-04-24 08:20:01 --------------------------


START 2022-04-24 08:30:01 --------------------------
live
총 0 개 데이타 이동
END   2022-04-24 08:30:01 --------------------------


START 2022-04-24 08:40:01 --------------------------
live
총 0 개 데이타 이동
END   2022-04-24 08:40:01 --------------------------


START 2022-04-24 08:50:01 --------------------------
live
총 0 개 데이타 이동
END   2022-04-24 08:50:01 --------------------------


START 2022-04-24 09:00:02 --------------------------
live
총 0 개 데이타 이동
END   2022-04-24 09:00:02 --------------------------


START 2022-04-24 09:10:02 --------------------------
live
총 0 개 데이타 이동
END   2022-04-24 09:10:02 --------------------------


START 2022-04-24 09:20:01 --------------------------
live
총 0 개 데이타 이동
END   2022-04-24 09:20:01 --------------------------


START 2022-04-24 09:30:01 --------------------------
live
총 0 개 데이타 이동
END   2022-04-24 09:30:01 --------------------------


START 2022-04-24 09:40:01 --------------------------
live
총 0 개 데이타 이동
END   2022-04-24 09:40:01 --------------------------


START 2022-04-24 09:50:01 --------------------------
live
총 0 개 데이타 이동
END   2022-04-24 09:50:01 --------------------------


START 2022-04-24 10:00:01 --------------------------
live
총 0 개 데이타 이동
END   2022-04-24 10:00:01 --------------------------


START 2022-04-24 10:10:02 --------------------------
live
총 0 개 데이타 이동
END   2022-04-24 10:10:02 --------------------------


START 2022-04-24 10:20:02 --------------------------
live
총 0 개 데이타 이동
END   2022-04-24 10:20:02 --------------------------


START 2022-04-24 10:30:01 --------------------------
live
총 0 개 데이타 이동
END   2022-04-24 10:30:01 --------------------------


START 2022-04-24 10:40:01 --------------------------
live
총 0 개 데이타 이동
END   2022-04-24 10:40:01 --------------------------


START 2022-04-24 10:50:01 --------------------------
live
총 0 개 데이타 이동
END   2022-04-24 10:50:01 --------------------------


START 2022-04-24 11:00:01 --------------------------
live
총 0 개 데이타 이동
END   2022-04-24 11:00:01 --------------------------


START 2022-04-24 11:10:01 --------------------------
live
총 0 개 데이타 이동
END   2022-04-24 11:10:01 --------------------------


START 2022-04-24 11:20:02 --------------------------
live
총 0 개 데이타 이동
END   2022-04-24 11:20:02 --------------------------


START 2022-04-24 11:30:02 --------------------------
live
총 0 개 데이타 이동
END   2022-04-24 11:30:02 --------------------------


START 2022-04-24 11:40:01 --------------------------
live
총 0 개 데이타 이동
END   2022-04-24 11:40:02 --------------------------


START 2022-04-24 11:50:01 --------------------------
live
2 개의 삭제대상 레코드 발견
delete from cf_Msg_Tran where moved='Y' and Send_Time < now() - interval 30 DAY
2 개 삭제

총 0 개 데이타 이동
END   2022-04-24 11:50:01 --------------------------


START 2022-04-24 12:00:01 --------------------------
live
총 0 개 데이타 이동
END   2022-04-24 12:00:01 --------------------------


START 2022-04-24 12:10:01 --------------------------
live
총 0 개 데이타 이동
END   2022-04-24 12:10:01 --------------------------


START 2022-04-24 12:20:01 --------------------------
live
총 0 개 데이타 이동
END   2022-04-24 12:20:01 --------------------------


START 2022-04-24 12:30:01 --------------------------
live
총 0 개 데이타 이동
END   2022-04-24 12:30:01 --------------------------


START 2022-04-24 12:40:01 --------------------------
live
총 0 개 데이타 이동
END   2022-04-24 12:40:01 --------------------------


START 2022-04-24 12:50:02 --------------------------
live
총 0 개 데이타 이동
END   2022-04-24 12:50:02 --------------------------


START 2022-04-24 13:00:02 --------------------------
live
총 0 개 데이타 이동
END   2022-04-24 13:00:02 --------------------------


START 2022-04-24 13:10:01 --------------------------
live
총 0 개 데이타 이동
END   2022-04-24 13:10:01 --------------------------


START 2022-04-24 13:20:02 --------------------------
live
총 0 개 데이타 이동
END   2022-04-24 13:20:02 --------------------------


START 2022-04-24 13:30:01 --------------------------
live
총 0 개 데이타 이동
END   2022-04-24 13:30:01 --------------------------


START 2022-04-24 13:40:02 --------------------------
live
총 0 개 데이타 이동
END   2022-04-24 13:40:02 --------------------------


START 2022-04-24 13:50:01 --------------------------
live
총 0 개 데이타 이동
END   2022-04-24 13:50:01 --------------------------


START 2022-04-24 14:00:01 --------------------------
live
총 0 개 데이타 이동
END   2022-04-24 14:00:01 --------------------------


START 2022-04-24 14:10:02 --------------------------
live
총 0 개 데이타 이동
END   2022-04-24 14:10:02 --------------------------


START 2022-04-24 14:20:01 --------------------------
live
총 0 개 데이타 이동
END   2022-04-24 14:20:01 --------------------------


START 2022-04-24 14:30:02 --------------------------
live
총 0 개 데이타 이동
END   2022-04-24 14:30:02 --------------------------


START 2022-04-24 14:40:01 --------------------------
live
총 0 개 데이타 이동
END   2022-04-24 14:40:01 --------------------------


START 2022-04-24 14:50:01 --------------------------
live
총 0 개 데이타 이동
END   2022-04-24 14:50:01 --------------------------


START 2022-04-24 15:00:01 --------------------------
live
총 0 개 데이타 이동
END   2022-04-24 15:00:01 --------------------------


START 2022-04-24 15:10:01 --------------------------
live
총 0 개 데이타 이동
END   2022-04-24 15:10:01 --------------------------


START 2022-04-24 15:20:02 --------------------------
live
총 0 개 데이타 이동
END   2022-04-24 15:20:02 --------------------------


START 2022-04-24 15:30:01 --------------------------
live
총 0 개 데이타 이동
END   2022-04-24 15:30:01 --------------------------


START 2022-04-24 15:40:01 --------------------------
live
총 0 개 데이타 이동
END   2022-04-24 15:40:01 --------------------------


START 2022-04-24 15:50:02 --------------------------
live
총 0 개 데이타 이동
END   2022-04-24 15:50:02 --------------------------


START 2022-04-24 16:00:02 --------------------------
live
총 0 개 데이타 이동
END   2022-04-24 16:00:02 --------------------------


START 2022-04-24 16:10:01 --------------------------
live
총 0 개 데이타 이동
END   2022-04-24 16:10:01 --------------------------


START 2022-04-24 16:20:01 --------------------------
live
총 0 개 데이타 이동
END   2022-04-24 16:20:01 --------------------------


START 2022-04-24 16:30:02 --------------------------
live
총 0 개 데이타 이동
END   2022-04-24 16:30:02 --------------------------


START 2022-04-24 16:40:02 --------------------------
live
총 0 개 데이타 이동
END   2022-04-24 16:40:02 --------------------------


START 2022-04-24 16:50:01 --------------------------
live
총 0 개 데이타 이동
END   2022-04-24 16:50:01 --------------------------


START 2022-04-24 17:00:01 --------------------------
live
총 0 개 데이타 이동
END   2022-04-24 17:00:01 --------------------------


START 2022-04-24 17:10:01 --------------------------
live
총 0 개 데이타 이동
END   2022-04-24 17:10:01 --------------------------


START 2022-04-24 17:20:01 --------------------------
live
총 0 개 데이타 이동
END   2022-04-24 17:20:01 --------------------------


START 2022-04-24 17:30:01 --------------------------
live
총 0 개 데이타 이동
END   2022-04-24 17:30:01 --------------------------


START 2022-04-24 17:40:02 --------------------------
live
총 0 개 데이타 이동
END   2022-04-24 17:40:02 --------------------------


START 2022-04-24 17:50:02 --------------------------
live
총 0 개 데이타 이동
END   2022-04-24 17:50:02 --------------------------


START 2022-04-24 18:00:01 --------------------------
live
총 0 개 데이타 이동
END   2022-04-24 18:00:01 --------------------------


START 2022-04-24 18:10:01 --------------------------
live
총 0 개 데이타 이동
END   2022-04-24 18:10:01 --------------------------


START 2022-04-24 18:20:02 --------------------------
live
총 0 개 데이타 이동
END   2022-04-24 18:20:02 --------------------------


START 2022-04-24 18:30:02 --------------------------
live
총 0 개 데이타 이동
END   2022-04-24 18:30:02 --------------------------


START 2022-04-24 18:40:02 --------------------------
live
총 0 개 데이타 이동
END   2022-04-24 18:40:02 --------------------------


START 2022-04-24 18:50:01 --------------------------
live
총 0 개 데이타 이동
END   2022-04-24 18:50:01 --------------------------


START 2022-04-24 19:00:01 --------------------------
live
총 0 개 데이타 이동
END   2022-04-24 19:00:01 --------------------------


START 2022-04-24 19:10:01 --------------------------
live
총 0 개 데이타 이동
END   2022-04-24 19:10:01 --------------------------


START 2022-04-24 19:20:01 --------------------------
live
총 0 개 데이타 이동
END   2022-04-24 19:20:01 --------------------------


START 2022-04-24 19:30:02 --------------------------
live
총 0 개 데이타 이동
END   2022-04-24 19:30:02 --------------------------


START 2022-04-24 19:40:01 --------------------------
live
총 0 개 데이타 이동
END   2022-04-24 19:40:02 --------------------------


START 2022-04-24 19:50:01 --------------------------
live
총 0 개 데이타 이동
END   2022-04-24 19:50:01 --------------------------


START 2022-04-24 20:00:01 --------------------------
live
총 0 개 데이타 이동
END   2022-04-24 20:00:01 --------------------------


START 2022-04-24 20:10:01 --------------------------
live
총 0 개 데이타 이동
END   2022-04-24 20:10:01 --------------------------


START 2022-04-24 20:20:02 --------------------------
live
총 0 개 데이타 이동
END   2022-04-24 20:20:02 --------------------------


START 2022-04-24 20:30:01 --------------------------
live
총 0 개 데이타 이동
END   2022-04-24 20:30:01 --------------------------


START 2022-04-24 20:40:02 --------------------------
live
총 0 개 데이타 이동
END   2022-04-24 20:40:02 --------------------------


START 2022-04-24 20:50:02 --------------------------
live
총 0 개 데이타 이동
END   2022-04-24 20:50:02 --------------------------


START 2022-04-24 21:00:01 --------------------------
live
총 0 개 데이타 이동
END   2022-04-24 21:00:01 --------------------------


START 2022-04-24 21:10:01 --------------------------
live
총 0 개 데이타 이동
END   2022-04-24 21:10:01 --------------------------


START 2022-04-24 21:20:02 --------------------------
live
총 0 개 데이타 이동
END   2022-04-24 21:20:02 --------------------------


START 2022-04-24 21:30:01 --------------------------
live
총 0 개 데이타 이동
END   2022-04-24 21:30:01 --------------------------


START 2022-04-24 21:40:01 --------------------------
live
총 0 개 데이타 이동
END   2022-04-24 21:40:01 --------------------------


START 2022-04-24 21:50:02 --------------------------
live
총 0 개 데이타 이동
END   2022-04-24 21:50:02 --------------------------


START 2022-04-24 22:00:01 --------------------------
live
총 0 개 데이타 이동
END   2022-04-24 22:00:01 --------------------------


START 2022-04-24 22:10:01 --------------------------
live
총 0 개 데이타 이동
END   2022-04-24 22:10:01 --------------------------


START 2022-04-24 22:20:02 --------------------------
live
총 0 개 데이타 이동
END   2022-04-24 22:20:02 --------------------------


START 2022-04-24 22:30:01 --------------------------
live
총 0 개 데이타 이동
END   2022-04-24 22:30:01 --------------------------


START 2022-04-24 22:40:01 --------------------------
live
총 0 개 데이타 이동
END   2022-04-24 22:40:01 --------------------------


START 2022-04-24 22:50:01 --------------------------
live
총 0 개 데이타 이동
END   2022-04-24 22:50:01 --------------------------


START 2022-04-24 23:00:01 --------------------------
live
총 0 개 데이타 이동
END   2022-04-24 23:00:01 --------------------------


START 2022-04-24 23:10:02 --------------------------
live
총 0 개 데이타 이동
END   2022-04-24 23:10:02 --------------------------


START 2022-04-24 23:20:02 --------------------------
live
총 0 개 데이타 이동
END   2022-04-24 23:20:02 --------------------------


START 2022-04-24 23:30:02 --------------------------
live
총 0 개 데이타 이동
END   2022-04-24 23:30:02 --------------------------


START 2022-04-24 23:40:01 --------------------------
live
총 0 개 데이타 이동
END   2022-04-24 23:40:01 --------------------------


START 2022-04-24 23:50:01 --------------------------
live
총 0 개 데이타 이동
END   2022-04-24 23:50:01 --------------------------


