START 2022-11-07 00:00:01 --------------------------
live
총 0 개 데이타 이동
END   2022-11-07 00:00:01 --------------------------


START 2022-11-07 00:10:01 --------------------------
live
총 0 개 데이타 이동
END   2022-11-07 00:10:01 --------------------------


START 2022-11-07 00:20:01 --------------------------
live
총 0 개 데이타 이동
END   2022-11-07 00:20:01 --------------------------


START 2022-11-07 00:30:01 --------------------------
live
총 0 개 데이타 이동
END   2022-11-07 00:30:01 --------------------------


START 2022-11-07 00:40:01 --------------------------
live
총 0 개 데이타 이동
END   2022-11-07 00:40:01 --------------------------


START 2022-11-07 00:50:01 --------------------------
live
총 0 개 데이타 이동
END   2022-11-07 00:50:01 --------------------------


START 2022-11-07 01:00:01 --------------------------
live
총 0 개 데이타 이동
END   2022-11-07 01:00:01 --------------------------


START 2022-11-07 01:10:02 --------------------------
live
총 0 개 데이타 이동
END   2022-11-07 01:10:02 --------------------------


START 2022-11-07 01:20:01 --------------------------
live
총 0 개 데이타 이동
END   2022-11-07 01:20:01 --------------------------


START 2022-11-07 01:30:01 --------------------------
live
총 0 개 데이타 이동
END   2022-11-07 01:30:01 --------------------------


START 2022-11-07 01:40:01 --------------------------
live
총 0 개 데이타 이동
END   2022-11-07 01:40:01 --------------------------


START 2022-11-07 01:50:01 --------------------------
live
총 0 개 데이타 이동
END   2022-11-07 01:50:01 --------------------------


START 2022-11-07 02:00:01 --------------------------
live
총 0 개 데이타 이동
END   2022-11-07 02:00:01 --------------------------


START 2022-11-07 02:10:02 --------------------------
live
총 0 개 데이타 이동
END   2022-11-07 02:10:02 --------------------------


START 2022-11-07 02:20:01 --------------------------
live
총 0 개 데이타 이동
END   2022-11-07 02:20:01 --------------------------


START 2022-11-07 02:30:01 --------------------------
live
총 0 개 데이타 이동
END   2022-11-07 02:30:01 --------------------------


START 2022-11-07 02:40:01 --------------------------
live
총 0 개 데이타 이동
END   2022-11-07 02:40:01 --------------------------


START 2022-11-07 02:50:01 --------------------------
live
총 0 개 데이타 이동
END   2022-11-07 02:50:01 --------------------------


START 2022-11-07 03:00:01 --------------------------
live
총 0 개 데이타 이동
END   2022-11-07 03:00:01 --------------------------


START 2022-11-07 03:10:02 --------------------------
live
총 0 개 데이타 이동
END   2022-11-07 03:10:02 --------------------------


START 2022-11-07 03:20:01 --------------------------
live
총 0 개 데이타 이동
END   2022-11-07 03:20:01 --------------------------


START 2022-11-07 03:30:01 --------------------------
live
총 0 개 데이타 이동
END   2022-11-07 03:30:01 --------------------------


START 2022-11-07 03:40:01 --------------------------
live
총 0 개 데이타 이동
END   2022-11-07 03:40:01 --------------------------


START 2022-11-07 03:50:01 --------------------------
live
총 0 개 데이타 이동
END   2022-11-07 03:50:01 --------------------------


START 2022-11-07 04:00:01 --------------------------
live
총 0 개 데이타 이동
END   2022-11-07 04:00:01 --------------------------


START 2022-11-07 04:10:02 --------------------------
live
총 0 개 데이타 이동
END   2022-11-07 04:10:02 --------------------------


START 2022-11-07 04:20:01 --------------------------
live
총 0 개 데이타 이동
END   2022-11-07 04:20:01 --------------------------


START 2022-11-07 04:30:01 --------------------------
live
총 0 개 데이타 이동
END   2022-11-07 04:30:01 --------------------------


START 2022-11-07 04:40:01 --------------------------
live
총 0 개 데이타 이동
END   2022-11-07 04:40:01 --------------------------


START 2022-11-07 04:50:01 --------------------------
live
총 0 개 데이타 이동
END   2022-11-07 04:50:01 --------------------------


START 2022-11-07 05:00:01 --------------------------
live
총 0 개 데이타 이동
END   2022-11-07 05:00:01 --------------------------


START 2022-11-07 05:10:01 --------------------------
live
총 0 개 데이타 이동
END   2022-11-07 05:10:01 --------------------------


START 2022-11-07 05:20:01 --------------------------
live
총 0 개 데이타 이동
END   2022-11-07 05:20:01 --------------------------


START 2022-11-07 05:30:01 --------------------------
live
총 0 개 데이타 이동
END   2022-11-07 05:30:01 --------------------------


START 2022-11-07 05:40:04 --------------------------
live
총 0 개 데이타 이동
END   2022-11-07 05:40:04 --------------------------


START 2022-11-07 05:50:01 --------------------------
live
총 0 개 데이타 이동
END   2022-11-07 05:50:01 --------------------------


START 2022-11-07 06:00:01 --------------------------
live
총 0 개 데이타 이동
END   2022-11-07 06:00:01 --------------------------


START 2022-11-07 06:10:01 --------------------------
live
총 0 개 데이타 이동
END   2022-11-07 06:10:01 --------------------------


START 2022-11-07 06:20:01 --------------------------
live
총 0 개 데이타 이동
END   2022-11-07 06:20:01 --------------------------


START 2022-11-07 06:30:01 --------------------------
live
총 0 개 데이타 이동
END   2022-11-07 06:30:01 --------------------------


START 2022-11-07 06:40:02 --------------------------
live
총 0 개 데이타 이동
END   2022-11-07 06:40:02 --------------------------


START 2022-11-07 06:50:01 --------------------------
live
총 0 개 데이타 이동
END   2022-11-07 06:50:01 --------------------------


START 2022-11-07 07:00:01 --------------------------
live
총 0 개 데이타 이동
END   2022-11-07 07:00:01 --------------------------


START 2022-11-07 07:10:01 --------------------------
live
총 0 개 데이타 이동
END   2022-11-07 07:10:01 --------------------------


START 2022-11-07 07:20:01 --------------------------
live
총 0 개 데이타 이동
END   2022-11-07 07:20:01 --------------------------


START 2022-11-07 07:30:01 --------------------------
live
총 0 개 데이타 이동
END   2022-11-07 07:30:01 --------------------------


START 2022-11-07 07:40:01 --------------------------
live
총 0 개 데이타 이동
END   2022-11-07 07:40:01 --------------------------


START 2022-11-07 07:50:01 --------------------------
live
총 0 개 데이타 이동
END   2022-11-07 07:50:01 --------------------------


START 2022-11-07 08:00:01 --------------------------
live
총 0 개 데이타 이동
END   2022-11-07 08:00:01 --------------------------


START 2022-11-07 08:10:01 --------------------------
live
총 0 개 데이타 이동
END   2022-11-07 08:10:01 --------------------------


START 2022-11-07 08:20:01 --------------------------
live
총 0 개 데이타 이동
END   2022-11-07 08:20:01 --------------------------


START 2022-11-07 08:30:01 --------------------------
live
총 0 개 데이타 이동
END   2022-11-07 08:30:01 --------------------------


START 2022-11-07 08:40:03 --------------------------
live
총 0 개 데이타 이동
END   2022-11-07 08:40:03 --------------------------


START 2022-11-07 08:50:01 --------------------------
live
총 0 개 데이타 이동
END   2022-11-07 08:50:01 --------------------------


START 2022-11-07 09:00:01 --------------------------
live
총 0 개 데이타 이동
END   2022-11-07 09:00:01 --------------------------


START 2022-11-07 09:10:01 --------------------------
live
총 0 개 데이타 이동
END   2022-11-07 09:10:01 --------------------------


START 2022-11-07 09:20:01 --------------------------
live
총 0 개 데이타 이동
END   2022-11-07 09:20:01 --------------------------


START 2022-11-07 09:30:01 --------------------------
live
총 0 개 데이타 이동
END   2022-11-07 09:30:01 --------------------------


START 2022-11-07 09:40:01 --------------------------
live
총 0 개 데이타 이동
END   2022-11-07 09:40:01 --------------------------


START 2022-11-07 09:50:02 --------------------------
live
총 0 개 데이타 이동
END   2022-11-07 09:50:02 --------------------------


START 2022-11-07 10:00:01 --------------------------
live
총 0 개 데이타 이동
END   2022-11-07 10:00:01 --------------------------


START 2022-11-07 10:10:01 --------------------------
live
총 0 개 데이타 이동
END   2022-11-07 10:10:01 --------------------------


START 2022-11-07 10:20:01 --------------------------
live
총 0 개 데이타 이동
END   2022-11-07 10:20:01 --------------------------


START 2022-11-07 10:30:01 --------------------------
live
총 3 개 데이타 이동
데이타 이동 시작 *****
3111643 01037213621 -- 3111644 01082300118 -- 3111645 01088372069 -- 
END   2022-11-07 10:30:02 --------------------------


START 2022-11-07 10:40:01 --------------------------
live
총 0 개 데이타 이동
END   2022-11-07 10:40:01 --------------------------


START 2022-11-07 10:50:01 --------------------------
live
총 0 개 데이타 이동
END   2022-11-07 10:50:01 --------------------------


START 2022-11-07 11:00:01 --------------------------
live
총 0 개 데이타 이동
END   2022-11-07 11:00:01 --------------------------


START 2022-11-07 11:10:01 --------------------------
live
총 0 개 데이타 이동
END   2022-11-07 11:10:01 --------------------------


START 2022-11-07 11:20:01 --------------------------
live
총 0 개 데이타 이동
END   2022-11-07 11:20:01 --------------------------


START 2022-11-07 11:30:01 --------------------------
live
총 0 개 데이타 이동
END   2022-11-07 11:30:01 --------------------------


START 2022-11-07 11:40:02 --------------------------
live
총 14 개 데이타 이동
데이타 이동 시작 *****
3111646 01024568888 -- 3111647 01056179090 -- 3111648 01080060401 -- 3111649 01032809295 -- 3111650 01088944740 -- 3111651 01067241409 -- 3111652 01064063972 -- 3111653 01086246176 -- 3111654 01047693024 -- 3111655 01048474041 -- 3111656 01090838172 -- 3111657 01050297528 -- 3111658 01082299622 -- 3111659 01033358065 -- 
END   2022-11-07 11:40:02 --------------------------


START 2022-11-07 11:50:01 --------------------------
live
총 0 개 데이타 이동
END   2022-11-07 11:50:01 --------------------------


START 2022-11-07 12:00:01 --------------------------
live
총 0 개 데이타 이동
END   2022-11-07 12:00:01 --------------------------


START 2022-11-07 12:10:01 --------------------------
live
총 0 개 데이타 이동
END   2022-11-07 12:10:01 --------------------------


START 2022-11-07 12:20:01 --------------------------
live
총 0 개 데이타 이동
END   2022-11-07 12:20:01 --------------------------


START 2022-11-07 12:30:01 --------------------------
live
총 0 개 데이타 이동
END   2022-11-07 12:30:01 --------------------------


START 2022-11-07 12:40:02 --------------------------
live
총 0 개 데이타 이동
END   2022-11-07 12:40:02 --------------------------


START 2022-11-07 12:50:01 --------------------------
live
총 0 개 데이타 이동
END   2022-11-07 12:50:01 --------------------------


START 2022-11-07 13:00:01 --------------------------
live
총 0 개 데이타 이동
END   2022-11-07 13:00:01 --------------------------


START 2022-11-07 13:10:01 --------------------------
live
총 0 개 데이타 이동
END   2022-11-07 13:10:01 --------------------------


START 2022-11-07 13:20:01 --------------------------
live
총 0 개 데이타 이동
END   2022-11-07 13:20:01 --------------------------


START 2022-11-07 13:30:01 --------------------------
live
총 0 개 데이타 이동
END   2022-11-07 13:30:01 --------------------------


START 2022-11-07 13:40:01 --------------------------
live
총 0 개 데이타 이동
END   2022-11-07 13:40:01 --------------------------


START 2022-11-07 13:50:01 --------------------------
live
총 0 개 데이타 이동
END   2022-11-07 13:50:01 --------------------------


START 2022-11-07 14:00:01 --------------------------
live
총 0 개 데이타 이동
END   2022-11-07 14:00:01 --------------------------


START 2022-11-07 14:10:01 --------------------------
live
총 0 개 데이타 이동
END   2022-11-07 14:10:01 --------------------------


START 2022-11-07 14:20:01 --------------------------
live
총 0 개 데이타 이동
END   2022-11-07 14:20:01 --------------------------


START 2022-11-07 14:30:01 --------------------------
live
총 0 개 데이타 이동
END   2022-11-07 14:30:01 --------------------------


START 2022-11-07 14:40:01 --------------------------
live
총 0 개 데이타 이동
END   2022-11-07 14:40:01 --------------------------


START 2022-11-07 14:50:01 --------------------------
live
총 0 개 데이타 이동
END   2022-11-07 14:50:01 --------------------------


START 2022-11-07 15:00:01 --------------------------
live
총 0 개 데이타 이동
END   2022-11-07 15:00:01 --------------------------


START 2022-11-07 15:10:01 --------------------------
live
총 0 개 데이타 이동
END   2022-11-07 15:10:01 --------------------------


START 2022-11-07 15:20:01 --------------------------
live
총 0 개 데이타 이동
END   2022-11-07 15:20:01 --------------------------


START 2022-11-07 15:30:01 --------------------------
live
총 0 개 데이타 이동
END   2022-11-07 15:30:01 --------------------------


START 2022-11-07 15:40:04 --------------------------
live
총 0 개 데이타 이동
END   2022-11-07 15:40:04 --------------------------


START 2022-11-07 15:50:02 --------------------------
live
총 0 개 데이타 이동
END   2022-11-07 15:50:02 --------------------------


START 2022-11-07 16:00:01 --------------------------
live
총 0 개 데이타 이동
END   2022-11-07 16:00:01 --------------------------


START 2022-11-07 16:10:01 --------------------------
live
총 0 개 데이타 이동
END   2022-11-07 16:10:01 --------------------------


START 2022-11-07 16:20:01 --------------------------
live
총 0 개 데이타 이동
END   2022-11-07 16:20:01 --------------------------


START 2022-11-07 16:30:01 --------------------------
live
총 0 개 데이타 이동
END   2022-11-07 16:30:01 --------------------------


START 2022-11-07 16:40:04 --------------------------
live
총 0 개 데이타 이동
END   2022-11-07 16:40:04 --------------------------


START 2022-11-07 16:50:01 --------------------------
live
총 0 개 데이타 이동
END   2022-11-07 16:50:01 --------------------------


START 2022-11-07 17:00:01 --------------------------
live
총 0 개 데이타 이동
END   2022-11-07 17:00:01 --------------------------


START 2022-11-07 17:10:01 --------------------------
live
총 0 개 데이타 이동
END   2022-11-07 17:10:01 --------------------------


START 2022-11-07 17:20:01 --------------------------
live
총 0 개 데이타 이동
END   2022-11-07 17:20:01 --------------------------


START 2022-11-07 17:30:02 --------------------------
live
총 0 개 데이타 이동
END   2022-11-07 17:30:02 --------------------------


START 2022-11-07 17:40:01 --------------------------
live
총 0 개 데이타 이동
END   2022-11-07 17:40:01 --------------------------


START 2022-11-07 17:50:01 --------------------------
live
총 0 개 데이타 이동
END   2022-11-07 17:50:01 --------------------------


START 2022-11-07 18:00:01 --------------------------
live
총 0 개 데이타 이동
END   2022-11-07 18:00:01 --------------------------


START 2022-11-07 18:10:02 --------------------------
live
총 0 개 데이타 이동
END   2022-11-07 18:10:02 --------------------------


START 2022-11-07 18:20:01 --------------------------
live
총 0 개 데이타 이동
END   2022-11-07 18:20:01 --------------------------


START 2022-11-07 18:30:01 --------------------------
live
총 0 개 데이타 이동
END   2022-11-07 18:30:01 --------------------------


START 2022-11-07 18:40:01 --------------------------
live
총 0 개 데이타 이동
END   2022-11-07 18:40:01 --------------------------


START 2022-11-07 18:50:01 --------------------------
live
총 0 개 데이타 이동
END   2022-11-07 18:50:01 --------------------------


START 2022-11-07 19:00:01 --------------------------
live
총 0 개 데이타 이동
END   2022-11-07 19:00:01 --------------------------


START 2022-11-07 19:10:02 --------------------------
live
총 0 개 데이타 이동
END   2022-11-07 19:10:02 --------------------------


START 2022-11-07 19:20:01 --------------------------
live
총 0 개 데이타 이동
END   2022-11-07 19:20:01 --------------------------


START 2022-11-07 19:30:01 --------------------------
live
총 0 개 데이타 이동
END   2022-11-07 19:30:01 --------------------------


START 2022-11-07 19:40:01 --------------------------
live
총 0 개 데이타 이동
END   2022-11-07 19:40:01 --------------------------


START 2022-11-07 19:50:01 --------------------------
live
총 0 개 데이타 이동
END   2022-11-07 19:50:01 --------------------------


START 2022-11-07 20:00:01 --------------------------
live
총 0 개 데이타 이동
END   2022-11-07 20:00:01 --------------------------


START 2022-11-07 20:10:01 --------------------------
live
총 0 개 데이타 이동
END   2022-11-07 20:10:01 --------------------------


START 2022-11-07 20:20:01 --------------------------
live
총 0 개 데이타 이동
END   2022-11-07 20:20:01 --------------------------


START 2022-11-07 20:30:01 --------------------------
live
총 0 개 데이타 이동
END   2022-11-07 20:30:01 --------------------------


START 2022-11-07 20:40:01 --------------------------
live
총 0 개 데이타 이동
END   2022-11-07 20:40:01 --------------------------


START 2022-11-07 20:50:01 --------------------------
live
총 0 개 데이타 이동
END   2022-11-07 20:50:01 --------------------------


START 2022-11-07 21:00:01 --------------------------
live
총 0 개 데이타 이동
END   2022-11-07 21:00:01 --------------------------


START 2022-11-07 21:10:01 --------------------------
live
총 0 개 데이타 이동
END   2022-11-07 21:10:01 --------------------------


START 2022-11-07 21:20:01 --------------------------
live
총 0 개 데이타 이동
END   2022-11-07 21:20:01 --------------------------


START 2022-11-07 21:30:01 --------------------------
live
총 0 개 데이타 이동
END   2022-11-07 21:30:01 --------------------------


START 2022-11-07 21:40:04 --------------------------
live
총 0 개 데이타 이동
END   2022-11-07 21:40:04 --------------------------


START 2022-11-07 21:50:01 --------------------------
live
총 0 개 데이타 이동
END   2022-11-07 21:50:01 --------------------------


START 2022-11-07 22:00:01 --------------------------
live
총 0 개 데이타 이동
END   2022-11-07 22:00:01 --------------------------


START 2022-11-07 22:10:01 --------------------------
live
총 0 개 데이타 이동
END   2022-11-07 22:10:01 --------------------------


START 2022-11-07 22:20:01 --------------------------
live
총 0 개 데이타 이동
END   2022-11-07 22:20:01 --------------------------


START 2022-11-07 22:30:01 --------------------------
live
총 0 개 데이타 이동
END   2022-11-07 22:30:01 --------------------------


START 2022-11-07 22:40:04 --------------------------
live
총 0 개 데이타 이동
END   2022-11-07 22:40:04 --------------------------


START 2022-11-07 22:50:01 --------------------------
live
총 0 개 데이타 이동
END   2022-11-07 22:50:01 --------------------------


START 2022-11-07 23:00:01 --------------------------
live
총 0 개 데이타 이동
END   2022-11-07 23:00:01 --------------------------


START 2022-11-07 23:10:01 --------------------------
live
총 0 개 데이타 이동
END   2022-11-07 23:10:01 --------------------------


START 2022-11-07 23:20:01 --------------------------
live
총 0 개 데이타 이동
END   2022-11-07 23:20:01 --------------------------


START 2022-11-07 23:30:01 --------------------------
live
총 0 개 데이타 이동
END   2022-11-07 23:30:01 --------------------------


START 2022-11-07 23:40:01 --------------------------
live
총 0 개 데이타 이동
END   2022-11-07 23:40:01 --------------------------


START 2022-11-07 23:50:03 --------------------------
live
총 0 개 데이타 이동
END   2022-11-07 23:50:03 --------------------------


