START 2022-01-05 00:00:02 --------------------------
live
총 0 개 데이타 이동
END   2022-01-05 00:00:03 --------------------------


START 2022-01-05 00:10:02 --------------------------
live
총 0 개 데이타 이동
END   2022-01-05 00:10:04 --------------------------


START 2022-01-05 00:20:01 --------------------------
live
총 0 개 데이타 이동
END   2022-01-05 00:20:03 --------------------------


START 2022-01-05 00:30:02 --------------------------
live
총 0 개 데이타 이동
END   2022-01-05 00:30:03 --------------------------


START 2022-01-05 00:40:01 --------------------------
live
총 0 개 데이타 이동
END   2022-01-05 00:40:03 --------------------------


START 2022-01-05 00:50:01 --------------------------
live
총 0 개 데이타 이동
END   2022-01-05 00:50:03 --------------------------


START 2022-01-05 01:00:01 --------------------------
live
총 0 개 데이타 이동
END   2022-01-05 01:00:03 --------------------------


START 2022-01-05 01:10:01 --------------------------
live
총 0 개 데이타 이동
END   2022-01-05 01:10:03 --------------------------


START 2022-01-05 01:20:01 --------------------------
live
총 0 개 데이타 이동
END   2022-01-05 01:20:03 --------------------------


START 2022-01-05 01:30:01 --------------------------
live
총 0 개 데이타 이동
END   2022-01-05 01:30:03 --------------------------


START 2022-01-05 01:40:01 --------------------------
live
총 0 개 데이타 이동
END   2022-01-05 01:40:03 --------------------------


START 2022-01-05 01:50:01 --------------------------
live
총 0 개 데이타 이동
END   2022-01-05 01:50:03 --------------------------


START 2022-01-05 02:00:01 --------------------------
live
총 0 개 데이타 이동
END   2022-01-05 02:00:03 --------------------------


START 2022-01-05 02:10:01 --------------------------
live
총 0 개 데이타 이동
END   2022-01-05 02:10:03 --------------------------


START 2022-01-05 02:20:01 --------------------------
live
총 0 개 데이타 이동
END   2022-01-05 02:20:03 --------------------------


START 2022-01-05 02:30:02 --------------------------
live
총 0 개 데이타 이동
END   2022-01-05 02:30:03 --------------------------


START 2022-01-05 02:40:01 --------------------------
live
총 0 개 데이타 이동
END   2022-01-05 02:40:03 --------------------------


START 2022-01-05 02:50:01 --------------------------
live
총 0 개 데이타 이동
END   2022-01-05 02:50:03 --------------------------


START 2022-01-05 03:00:02 --------------------------
live
총 0 개 데이타 이동
END   2022-01-05 03:00:04 --------------------------


START 2022-01-05 03:10:01 --------------------------
live
총 0 개 데이타 이동
END   2022-01-05 03:10:03 --------------------------


START 2022-01-05 03:20:01 --------------------------
live
총 0 개 데이타 이동
END   2022-01-05 03:20:03 --------------------------


START 2022-01-05 03:30:01 --------------------------
live
총 0 개 데이타 이동
END   2022-01-05 03:30:03 --------------------------


START 2022-01-05 03:40:02 --------------------------
live
총 0 개 데이타 이동
END   2022-01-05 03:40:03 --------------------------


START 2022-01-05 03:50:01 --------------------------
live
총 0 개 데이타 이동
END   2022-01-05 03:50:03 --------------------------


START 2022-01-05 04:00:01 --------------------------
live
총 0 개 데이타 이동
END   2022-01-05 04:00:03 --------------------------


START 2022-01-05 04:10:01 --------------------------
live
총 0 개 데이타 이동
END   2022-01-05 04:10:03 --------------------------


START 2022-01-05 04:20:01 --------------------------
live
총 0 개 데이타 이동
END   2022-01-05 04:20:03 --------------------------


START 2022-01-05 04:30:02 --------------------------
live
총 0 개 데이타 이동
END   2022-01-05 04:30:03 --------------------------


START 2022-01-05 04:40:01 --------------------------
live
총 0 개 데이타 이동
END   2022-01-05 04:40:03 --------------------------


START 2022-01-05 04:50:01 --------------------------
live
총 0 개 데이타 이동
END   2022-01-05 04:50:03 --------------------------


START 2022-01-05 05:00:02 --------------------------
live
총 0 개 데이타 이동
END   2022-01-05 05:00:04 --------------------------


START 2022-01-05 05:10:01 --------------------------
live
총 0 개 데이타 이동
END   2022-01-05 05:10:03 --------------------------


START 2022-01-05 05:20:01 --------------------------
live
총 0 개 데이타 이동
END   2022-01-05 05:20:03 --------------------------


START 2022-01-05 05:30:02 --------------------------
live
총 0 개 데이타 이동
END   2022-01-05 05:30:03 --------------------------


START 2022-01-05 05:40:01 --------------------------
live
총 0 개 데이타 이동
END   2022-01-05 05:40:03 --------------------------


START 2022-01-05 05:50:01 --------------------------
live
총 0 개 데이타 이동
END   2022-01-05 05:50:03 --------------------------


START 2022-01-05 06:00:02 --------------------------
live
총 0 개 데이타 이동
END   2022-01-05 06:00:04 --------------------------


START 2022-01-05 06:10:01 --------------------------
live
총 0 개 데이타 이동
END   2022-01-05 06:10:03 --------------------------


START 2022-01-05 06:20:01 --------------------------
live
총 0 개 데이타 이동
END   2022-01-05 06:20:03 --------------------------


START 2022-01-05 06:30:01 --------------------------
live
총 0 개 데이타 이동
END   2022-01-05 06:30:03 --------------------------


START 2022-01-05 06:40:01 --------------------------
live
총 0 개 데이타 이동
END   2022-01-05 06:40:03 --------------------------


START 2022-01-05 06:50:02 --------------------------
live
총 0 개 데이타 이동
END   2022-01-05 06:50:03 --------------------------


START 2022-01-05 07:00:01 --------------------------
live
총 0 개 데이타 이동
END   2022-01-05 07:00:03 --------------------------


START 2022-01-05 07:10:01 --------------------------
live
총 0 개 데이타 이동
END   2022-01-05 07:10:03 --------------------------


START 2022-01-05 07:20:01 --------------------------
live
총 0 개 데이타 이동
END   2022-01-05 07:20:03 --------------------------


START 2022-01-05 07:30:01 --------------------------
live
총 0 개 데이타 이동
END   2022-01-05 07:30:03 --------------------------


START 2022-01-05 07:40:01 --------------------------
live
총 0 개 데이타 이동
END   2022-01-05 07:40:03 --------------------------


START 2022-01-05 07:50:01 --------------------------
live
총 0 개 데이타 이동
END   2022-01-05 07:50:03 --------------------------


START 2022-01-05 08:00:01 --------------------------
live
총 0 개 데이타 이동
END   2022-01-05 08:00:03 --------------------------


START 2022-01-05 08:10:01 --------------------------
live
총 0 개 데이타 이동
END   2022-01-05 08:10:03 --------------------------


START 2022-01-05 08:20:02 --------------------------
live
총 0 개 데이타 이동
END   2022-01-05 08:20:03 --------------------------


START 2022-01-05 08:30:02 --------------------------
live
총 0 개 데이타 이동
END   2022-01-05 08:30:03 --------------------------


START 2022-01-05 08:40:01 --------------------------
live
총 0 개 데이타 이동
END   2022-01-05 08:40:03 --------------------------


START 2022-01-05 08:50:01 --------------------------
live
총 0 개 데이타 이동
END   2022-01-05 08:50:03 --------------------------


START 2022-01-05 09:00:01 --------------------------
live
총 0 개 데이타 이동
END   2022-01-05 09:00:03 --------------------------


START 2022-01-05 09:10:01 --------------------------
live
총 0 개 데이타 이동
END   2022-01-05 09:10:03 --------------------------


START 2022-01-05 09:20:01 --------------------------
live
총 0 개 데이타 이동
END   2022-01-05 09:20:03 --------------------------


START 2022-01-05 09:30:01 --------------------------
live
총 0 개 데이타 이동
END   2022-01-05 09:30:03 --------------------------


START 2022-01-05 09:40:01 --------------------------
live
총 0 개 데이타 이동
END   2022-01-05 09:40:03 --------------------------


START 2022-01-05 09:50:01 --------------------------
live
총 0 개 데이타 이동
END   2022-01-05 09:50:03 --------------------------


START 2022-01-05 10:00:01 --------------------------
live
총 0 개 데이타 이동
END   2022-01-05 10:00:03 --------------------------


START 2022-01-05 10:10:01 --------------------------
live
총 0 개 데이타 이동
END   2022-01-05 10:10:03 --------------------------


START 2022-01-05 10:20:01 --------------------------
live
총 0 개 데이타 이동
END   2022-01-05 10:20:03 --------------------------


START 2022-01-05 10:30:01 --------------------------
live
총 0 개 데이타 이동
END   2022-01-05 10:30:03 --------------------------


START 2022-01-05 10:40:01 --------------------------
live
총 0 개 데이타 이동
END   2022-01-05 10:40:03 --------------------------


START 2022-01-05 10:50:01 --------------------------
live
총 0 개 데이타 이동
END   2022-01-05 10:50:03 --------------------------


START 2022-01-05 11:00:01 --------------------------
live
총 0 개 데이타 이동
END   2022-01-05 11:00:03 --------------------------


START 2022-01-05 11:10:01 --------------------------
live
총 0 개 데이타 이동
END   2022-01-05 11:10:03 --------------------------


START 2022-01-05 11:20:03 --------------------------
live
총 0 개 데이타 이동
END   2022-01-05 11:20:05 --------------------------


START 2022-01-05 11:30:03 --------------------------
live
총 0 개 데이타 이동
END   2022-01-05 11:30:04 --------------------------


START 2022-01-05 11:40:02 --------------------------
live
총 0 개 데이타 이동
END   2022-01-05 11:40:03 --------------------------


START 2022-01-05 11:50:02 --------------------------
live
총 0 개 데이타 이동
END   2022-01-05 11:50:04 --------------------------


START 2022-01-05 12:00:02 --------------------------
live
총 0 개 데이타 이동
END   2022-01-05 12:00:04 --------------------------


START 2022-01-05 12:10:01 --------------------------
live
총 0 개 데이타 이동
END   2022-01-05 12:10:03 --------------------------


START 2022-01-05 12:20:01 --------------------------
live
총 0 개 데이타 이동
END   2022-01-05 12:20:03 --------------------------


START 2022-01-05 12:30:01 --------------------------
live
총 0 개 데이타 이동
END   2022-01-05 12:30:03 --------------------------


START 2022-01-05 12:40:01 --------------------------
live
총 0 개 데이타 이동
END   2022-01-05 12:40:03 --------------------------


START 2022-01-05 12:50:01 --------------------------
live
총 0 개 데이타 이동
END   2022-01-05 12:50:03 --------------------------


START 2022-01-05 13:00:01 --------------------------
live
총 0 개 데이타 이동
END   2022-01-05 13:00:03 --------------------------


START 2022-01-05 13:10:01 --------------------------
live
총 0 개 데이타 이동
END   2022-01-05 13:10:03 --------------------------


START 2022-01-05 13:20:01 --------------------------
live
총 0 개 데이타 이동
END   2022-01-05 13:20:03 --------------------------


START 2022-01-05 13:30:01 --------------------------
live
총 0 개 데이타 이동
END   2022-01-05 13:30:03 --------------------------


START 2022-01-05 13:40:01 --------------------------
live
총 0 개 데이타 이동
END   2022-01-05 13:40:03 --------------------------


START 2022-01-05 13:50:01 --------------------------
live
총 0 개 데이타 이동
END   2022-01-05 13:50:03 --------------------------


START 2022-01-05 14:00:03 --------------------------
live
총 0 개 데이타 이동
END   2022-01-05 14:00:05 --------------------------


START 2022-01-05 14:10:02 --------------------------
live
총 2 개 데이타 이동
데이타 이동 시작 *****
3045995 01024568888 -- 3045996 01088944740 -- 
END   2022-01-05 14:10:06 --------------------------


START 2022-01-05 14:20:02 --------------------------
live
총 0 개 데이타 이동
END   2022-01-05 14:20:03 --------------------------


START 2022-01-05 14:30:02 --------------------------
live
총 0 개 데이타 이동
END   2022-01-05 14:30:03 --------------------------


START 2022-01-05 14:40:02 --------------------------
live
총 0 개 데이타 이동
END   2022-01-05 14:40:04 --------------------------


START 2022-01-05 14:50:02 --------------------------
live
총 0 개 데이타 이동
END   2022-01-05 14:50:04 --------------------------


START 2022-01-05 15:00:01 --------------------------
live
총 0 개 데이타 이동
END   2022-01-05 15:00:03 --------------------------


START 2022-01-05 15:10:02 --------------------------
live
총 0 개 데이타 이동
END   2022-01-05 15:10:05 --------------------------


START 2022-01-05 15:20:02 --------------------------
live
총 0 개 데이타 이동
END   2022-01-05 15:20:03 --------------------------


START 2022-01-05 15:30:02 --------------------------
live
총 0 개 데이타 이동
END   2022-01-05 15:30:03 --------------------------


START 2022-01-05 15:40:02 --------------------------
live
총 0 개 데이타 이동
END   2022-01-05 15:40:03 --------------------------


START 2022-01-05 15:50:02 --------------------------
live
총 0 개 데이타 이동
END   2022-01-05 15:50:04 --------------------------


START 2022-01-05 16:00:02 --------------------------
live
총 0 개 데이타 이동
END   2022-01-05 16:00:03 --------------------------


START 2022-01-05 16:10:02 --------------------------
live
총 0 개 데이타 이동
END   2022-01-05 16:10:05 --------------------------


START 2022-01-05 16:20:02 --------------------------
live
총 0 개 데이타 이동
END   2022-01-05 16:20:04 --------------------------


START 2022-01-05 16:30:01 --------------------------
live
총 0 개 데이타 이동
END   2022-01-05 16:30:03 --------------------------


START 2022-01-05 16:40:01 --------------------------
live
총 0 개 데이타 이동
END   2022-01-05 16:40:03 --------------------------


START 2022-01-05 16:50:01 --------------------------
live
총 0 개 데이타 이동
END   2022-01-05 16:50:03 --------------------------


START 2022-01-05 17:00:01 --------------------------
live
총 0 개 데이타 이동
END   2022-01-05 17:00:03 --------------------------


START 2022-01-05 17:10:01 --------------------------
live
총 0 개 데이타 이동
END   2022-01-05 17:10:03 --------------------------


START 2022-01-05 17:20:01 --------------------------
live
총 0 개 데이타 이동
END   2022-01-05 17:20:09 --------------------------


START 2022-01-05 17:30:01 --------------------------
live
총 0 개 데이타 이동
END   2022-01-05 17:30:03 --------------------------


START 2022-01-05 17:40:01 --------------------------
live
총 0 개 데이타 이동
END   2022-01-05 17:40:03 --------------------------


START 2022-01-05 17:50:01 --------------------------
live
총 0 개 데이타 이동
END   2022-01-05 17:50:03 --------------------------


START 2022-01-05 18:00:01 --------------------------
live
총 0 개 데이타 이동
END   2022-01-05 18:00:03 --------------------------


START 2022-01-05 18:10:01 --------------------------
live
총 0 개 데이타 이동
END   2022-01-05 18:10:03 --------------------------


START 2022-01-05 18:20:01 --------------------------
live
총 0 개 데이타 이동
END   2022-01-05 18:20:03 --------------------------


START 2022-01-05 18:30:01 --------------------------
live
총 0 개 데이타 이동
END   2022-01-05 18:30:03 --------------------------


START 2022-01-05 18:40:01 --------------------------
live
총 0 개 데이타 이동
END   2022-01-05 18:40:03 --------------------------


START 2022-01-05 18:50:01 --------------------------
live
총 0 개 데이타 이동
END   2022-01-05 18:50:02 --------------------------


START 2022-01-05 19:00:02 --------------------------
live
총 0 개 데이타 이동
END   2022-01-05 19:00:03 --------------------------


START 2022-01-05 19:10:02 --------------------------
live
총 0 개 데이타 이동
END   2022-01-05 19:10:04 --------------------------


START 2022-01-05 19:20:01 --------------------------
live
총 0 개 데이타 이동
END   2022-01-05 19:20:03 --------------------------


START 2022-01-05 19:30:02 --------------------------
live
총 0 개 데이타 이동
END   2022-01-05 19:30:03 --------------------------


START 2022-01-05 19:40:01 --------------------------
live
총 0 개 데이타 이동
END   2022-01-05 19:40:03 --------------------------


START 2022-01-05 19:50:01 --------------------------
live
총 0 개 데이타 이동
END   2022-01-05 19:50:03 --------------------------


START 2022-01-05 20:00:01 --------------------------
live
총 0 개 데이타 이동
END   2022-01-05 20:00:03 --------------------------


START 2022-01-05 20:10:01 --------------------------
live
총 0 개 데이타 이동
END   2022-01-05 20:10:03 --------------------------


START 2022-01-05 20:20:01 --------------------------
live
총 0 개 데이타 이동
END   2022-01-05 20:20:03 --------------------------


START 2022-01-05 20:30:01 --------------------------
live
총 0 개 데이타 이동
END   2022-01-05 20:30:03 --------------------------


START 2022-01-05 20:40:02 --------------------------
live
총 0 개 데이타 이동
END   2022-01-05 20:40:04 --------------------------


START 2022-01-05 20:50:02 --------------------------
live
총 0 개 데이타 이동
END   2022-01-05 20:50:03 --------------------------


START 2022-01-05 21:00:02 --------------------------
live
총 0 개 데이타 이동
END   2022-01-05 21:00:03 --------------------------


START 2022-01-05 21:10:01 --------------------------
live
총 0 개 데이타 이동
END   2022-01-05 21:10:03 --------------------------


START 2022-01-05 21:20:01 --------------------------
live
총 0 개 데이타 이동
END   2022-01-05 21:20:03 --------------------------


START 2022-01-05 21:30:01 --------------------------
live
총 0 개 데이타 이동
END   2022-01-05 21:30:03 --------------------------


START 2022-01-05 21:40:01 --------------------------
live
총 0 개 데이타 이동
END   2022-01-05 21:40:03 --------------------------


START 2022-01-05 21:50:01 --------------------------
live
총 0 개 데이타 이동
END   2022-01-05 21:50:03 --------------------------


START 2022-01-05 22:00:02 --------------------------
live
총 0 개 데이타 이동
END   2022-01-05 22:00:03 --------------------------


START 2022-01-05 22:10:01 --------------------------
live
총 0 개 데이타 이동
END   2022-01-05 22:10:03 --------------------------


START 2022-01-05 22:20:01 --------------------------
live
총 0 개 데이타 이동
END   2022-01-05 22:20:03 --------------------------


START 2022-01-05 22:30:01 --------------------------
live
총 0 개 데이타 이동
END   2022-01-05 22:30:03 --------------------------


START 2022-01-05 22:40:01 --------------------------
live
총 0 개 데이타 이동
END   2022-01-05 22:40:03 --------------------------


START 2022-01-05 22:50:01 --------------------------
live
총 0 개 데이타 이동
END   2022-01-05 22:50:03 --------------------------


START 2022-01-05 23:00:01 --------------------------
live
총 0 개 데이타 이동
END   2022-01-05 23:00:03 --------------------------


START 2022-01-05 23:10:02 --------------------------
live
총 0 개 데이타 이동
END   2022-01-05 23:10:03 --------------------------


START 2022-01-05 23:20:01 --------------------------
live
총 0 개 데이타 이동
END   2022-01-05 23:20:03 --------------------------


START 2022-01-05 23:30:01 --------------------------
live
총 0 개 데이타 이동
END   2022-01-05 23:30:03 --------------------------


START 2022-01-05 23:40:01 --------------------------
live
총 0 개 데이타 이동
END   2022-01-05 23:40:03 --------------------------


START 2022-01-05 23:50:01 --------------------------
live
총 0 개 데이타 이동
END   2022-01-05 23:50:03 --------------------------


