START 2022-12-05 00:00:01 --------------------------
live
총 0 개 데이타 이동
END   2022-12-05 00:00:01 --------------------------


START 2022-12-05 00:10:02 --------------------------
live
총 0 개 데이타 이동
END   2022-12-05 00:10:02 --------------------------


START 2022-12-05 00:20:01 --------------------------
live
총 0 개 데이타 이동
END   2022-12-05 00:20:01 --------------------------


START 2022-12-05 00:30:01 --------------------------
live
총 0 개 데이타 이동
END   2022-12-05 00:30:01 --------------------------


START 2022-12-05 00:40:01 --------------------------
live
총 0 개 데이타 이동
END   2022-12-05 00:40:01 --------------------------


START 2022-12-05 00:50:01 --------------------------
live
총 0 개 데이타 이동
END   2022-12-05 00:50:01 --------------------------


START 2022-12-05 01:00:01 --------------------------
live
총 0 개 데이타 이동
END   2022-12-05 01:00:01 --------------------------


START 2022-12-05 01:10:01 --------------------------
live
총 0 개 데이타 이동
END   2022-12-05 01:10:01 --------------------------


START 2022-12-05 01:20:01 --------------------------
live
총 0 개 데이타 이동
END   2022-12-05 01:20:01 --------------------------


START 2022-12-05 01:30:01 --------------------------
live
총 0 개 데이타 이동
END   2022-12-05 01:30:01 --------------------------


START 2022-12-05 01:40:01 --------------------------
live
총 0 개 데이타 이동
END   2022-12-05 01:40:01 --------------------------


START 2022-12-05 01:50:01 --------------------------
live
총 0 개 데이타 이동
END   2022-12-05 01:50:01 --------------------------


START 2022-12-05 02:00:01 --------------------------
live
총 0 개 데이타 이동
END   2022-12-05 02:00:01 --------------------------


START 2022-12-05 02:10:01 --------------------------
live
총 0 개 데이타 이동
END   2022-12-05 02:10:01 --------------------------


START 2022-12-05 02:20:01 --------------------------
live
총 0 개 데이타 이동
END   2022-12-05 02:20:01 --------------------------


START 2022-12-05 02:30:01 --------------------------
live
총 0 개 데이타 이동
END   2022-12-05 02:30:01 --------------------------


START 2022-12-05 02:40:01 --------------------------
live
총 0 개 데이타 이동
END   2022-12-05 02:40:01 --------------------------


START 2022-12-05 02:50:01 --------------------------
live
총 0 개 데이타 이동
END   2022-12-05 02:50:02 --------------------------


START 2022-12-05 03:00:01 --------------------------
live
총 0 개 데이타 이동
END   2022-12-05 03:00:01 --------------------------


START 2022-12-05 03:10:01 --------------------------
live
총 0 개 데이타 이동
END   2022-12-05 03:10:01 --------------------------


START 2022-12-05 03:20:01 --------------------------
live
총 0 개 데이타 이동
END   2022-12-05 03:20:01 --------------------------


START 2022-12-05 03:30:01 --------------------------
live
총 0 개 데이타 이동
END   2022-12-05 03:30:01 --------------------------


START 2022-12-05 03:40:01 --------------------------
live
총 0 개 데이타 이동
END   2022-12-05 03:40:01 --------------------------


START 2022-12-05 03:50:01 --------------------------
live
총 0 개 데이타 이동
END   2022-12-05 03:50:01 --------------------------


START 2022-12-05 04:00:01 --------------------------
live
총 0 개 데이타 이동
END   2022-12-05 04:00:01 --------------------------


START 2022-12-05 04:10:02 --------------------------
live
총 0 개 데이타 이동
END   2022-12-05 04:10:02 --------------------------


START 2022-12-05 04:20:01 --------------------------
live
총 0 개 데이타 이동
END   2022-12-05 04:20:01 --------------------------


START 2022-12-05 04:30:01 --------------------------
live
총 0 개 데이타 이동
END   2022-12-05 04:30:01 --------------------------


START 2022-12-05 04:40:02 --------------------------
live
총 0 개 데이타 이동
END   2022-12-05 04:40:02 --------------------------


START 2022-12-05 04:50:01 --------------------------
live
총 0 개 데이타 이동
END   2022-12-05 04:50:01 --------------------------


START 2022-12-05 05:00:01 --------------------------
live
총 0 개 데이타 이동
END   2022-12-05 05:00:01 --------------------------


START 2022-12-05 05:10:01 --------------------------
live
총 0 개 데이타 이동
END   2022-12-05 05:10:01 --------------------------


START 2022-12-05 05:20:01 --------------------------
live
총 0 개 데이타 이동
END   2022-12-05 05:20:01 --------------------------


START 2022-12-05 05:30:01 --------------------------
live
총 0 개 데이타 이동
END   2022-12-05 05:30:01 --------------------------


START 2022-12-05 05:40:01 --------------------------
live
총 0 개 데이타 이동
END   2022-12-05 05:40:01 --------------------------


START 2022-12-05 05:50:01 --------------------------
live
총 0 개 데이타 이동
END   2022-12-05 05:50:01 --------------------------


START 2022-12-05 06:00:01 --------------------------
live
총 0 개 데이타 이동
END   2022-12-05 06:00:02 --------------------------


START 2022-12-05 06:10:01 --------------------------
live
총 0 개 데이타 이동
END   2022-12-05 06:10:01 --------------------------


START 2022-12-05 06:20:01 --------------------------
live
총 0 개 데이타 이동
END   2022-12-05 06:20:01 --------------------------


START 2022-12-05 06:30:01 --------------------------
live
총 0 개 데이타 이동
END   2022-12-05 06:30:01 --------------------------


START 2022-12-05 06:40:01 --------------------------
live
총 0 개 데이타 이동
END   2022-12-05 06:40:01 --------------------------


START 2022-12-05 06:50:01 --------------------------
live
총 0 개 데이타 이동
END   2022-12-05 06:50:01 --------------------------


START 2022-12-05 07:00:01 --------------------------
live
총 0 개 데이타 이동
END   2022-12-05 07:00:01 --------------------------


START 2022-12-05 07:10:01 --------------------------
live
총 0 개 데이타 이동
END   2022-12-05 07:10:01 --------------------------


START 2022-12-05 07:20:01 --------------------------
live
총 0 개 데이타 이동
END   2022-12-05 07:20:01 --------------------------


START 2022-12-05 07:30:01 --------------------------
live
총 0 개 데이타 이동
END   2022-12-05 07:30:01 --------------------------


START 2022-12-05 07:40:02 --------------------------
live
총 0 개 데이타 이동
END   2022-12-05 07:40:02 --------------------------


START 2022-12-05 07:50:01 --------------------------
live
총 0 개 데이타 이동
END   2022-12-05 07:50:01 --------------------------


START 2022-12-05 08:00:01 --------------------------
live
총 0 개 데이타 이동
END   2022-12-05 08:00:01 --------------------------


START 2022-12-05 08:10:01 --------------------------
live
총 0 개 데이타 이동
END   2022-12-05 08:10:01 --------------------------


START 2022-12-05 08:20:01 --------------------------
live
총 0 개 데이타 이동
END   2022-12-05 08:20:01 --------------------------


START 2022-12-05 08:30:01 --------------------------
live
총 0 개 데이타 이동
END   2022-12-05 08:30:02 --------------------------


START 2022-12-05 08:40:01 --------------------------
live
총 0 개 데이타 이동
END   2022-12-05 08:40:01 --------------------------


START 2022-12-05 08:50:01 --------------------------
live
총 0 개 데이타 이동
END   2022-12-05 08:50:01 --------------------------


START 2022-12-05 09:00:01 --------------------------
live
총 0 개 데이타 이동
END   2022-12-05 09:00:01 --------------------------


START 2022-12-05 09:10:01 --------------------------
live
총 0 개 데이타 이동
END   2022-12-05 09:10:01 --------------------------


START 2022-12-05 09:20:01 --------------------------
live
총 0 개 데이타 이동
END   2022-12-05 09:20:01 --------------------------


START 2022-12-05 09:30:01 --------------------------
live
총 0 개 데이타 이동
END   2022-12-05 09:30:01 --------------------------


START 2022-12-05 09:40:01 --------------------------
live
총 0 개 데이타 이동
END   2022-12-05 09:40:01 --------------------------


START 2022-12-05 09:50:01 --------------------------
live
총 0 개 데이타 이동
END   2022-12-05 09:50:01 --------------------------


START 2022-12-05 10:00:02 --------------------------
live
총 0 개 데이타 이동
END   2022-12-05 10:00:02 --------------------------


START 2022-12-05 10:10:01 --------------------------
live
총 0 개 데이타 이동
END   2022-12-05 10:10:01 --------------------------


START 2022-12-05 10:20:01 --------------------------
live
총 0 개 데이타 이동
END   2022-12-05 10:20:01 --------------------------


START 2022-12-05 10:30:01 --------------------------
live
총 0 개 데이타 이동
END   2022-12-05 10:30:01 --------------------------


START 2022-12-05 10:40:01 --------------------------
live
총 4 개 데이타 이동
데이타 이동 시작 *****
3112022 01037213621 -- 3112023 01056070130 -- 3112024 01056070130 -- 3112025 01082300118 -- 
END   2022-12-05 10:40:01 --------------------------


START 2022-12-05 10:50:02 --------------------------
live
총 0 개 데이타 이동
END   2022-12-05 10:50:02 --------------------------


START 2022-12-05 11:00:01 --------------------------
live
총 0 개 데이타 이동
END   2022-12-05 11:00:01 --------------------------


START 2022-12-05 11:10:01 --------------------------
live
총 0 개 데이타 이동
END   2022-12-05 11:10:01 --------------------------


START 2022-12-05 11:20:01 --------------------------
live
총 0 개 데이타 이동
END   2022-12-05 11:20:01 --------------------------


START 2022-12-05 11:30:01 --------------------------
live
총 0 개 데이타 이동
END   2022-12-05 11:30:01 --------------------------


START 2022-12-05 11:40:01 --------------------------
live
총 0 개 데이타 이동
END   2022-12-05 11:40:01 --------------------------


START 2022-12-05 11:50:01 --------------------------
live
총 0 개 데이타 이동
END   2022-12-05 11:50:01 --------------------------


START 2022-12-05 12:00:01 --------------------------
live
총 0 개 데이타 이동
END   2022-12-05 12:00:01 --------------------------


START 2022-12-05 12:10:01 --------------------------
live
총 0 개 데이타 이동
END   2022-12-05 12:10:01 --------------------------


START 2022-12-05 12:20:01 --------------------------
live
총 14 개 데이타 이동
데이타 이동 시작 *****
3112026 01024568888 -- 3112027 01056179090 -- 3112028 01080060401 -- 3112029 01032809295 -- 3112030 01088944740 -- 3112031 01067241409 -- 3112032 01064063972 -- 3112033 01086246176 -- 3112034 01047693024 -- 3112035 01048474041 -- 3112036 01090838172 -- 3112037 01050297528 -- 3112038 01082299622 -- 3112039 01033358065 -- 
END   2022-12-05 12:20:02 --------------------------


START 2022-12-05 12:30:01 --------------------------
live
총 0 개 데이타 이동
END   2022-12-05 12:30:01 --------------------------


START 2022-12-05 12:40:02 --------------------------
live
총 0 개 데이타 이동
END   2022-12-05 12:40:02 --------------------------


START 2022-12-05 12:50:01 --------------------------
live
총 0 개 데이타 이동
END   2022-12-05 12:50:02 --------------------------


START 2022-12-05 13:00:01 --------------------------
live
총 0 개 데이타 이동
END   2022-12-05 13:00:01 --------------------------


START 2022-12-05 13:10:01 --------------------------
live
총 0 개 데이타 이동
END   2022-12-05 13:10:01 --------------------------


START 2022-12-05 13:20:01 --------------------------
live
총 0 개 데이타 이동
END   2022-12-05 13:20:01 --------------------------


START 2022-12-05 13:30:01 --------------------------
live
총 0 개 데이타 이동
END   2022-12-05 13:30:01 --------------------------


START 2022-12-05 13:40:01 --------------------------
live
총 0 개 데이타 이동
END   2022-12-05 13:40:01 --------------------------


START 2022-12-05 13:50:01 --------------------------
live
총 0 개 데이타 이동
END   2022-12-05 13:50:01 --------------------------


START 2022-12-05 14:00:02 --------------------------
live
총 0 개 데이타 이동
END   2022-12-05 14:00:02 --------------------------


START 2022-12-05 14:10:01 --------------------------
live
총 0 개 데이타 이동
END   2022-12-05 14:10:01 --------------------------


START 2022-12-05 14:20:01 --------------------------
live
총 0 개 데이타 이동
END   2022-12-05 14:20:01 --------------------------


START 2022-12-05 14:30:01 --------------------------
live
총 0 개 데이타 이동
END   2022-12-05 14:30:01 --------------------------


START 2022-12-05 14:40:01 --------------------------
live
총 0 개 데이타 이동
END   2022-12-05 14:40:01 --------------------------


START 2022-12-05 14:50:01 --------------------------
live
총 0 개 데이타 이동
END   2022-12-05 14:50:01 --------------------------


START 2022-12-05 15:00:01 --------------------------
live
총 0 개 데이타 이동
END   2022-12-05 15:00:01 --------------------------


START 2022-12-05 15:10:01 --------------------------
live
총 0 개 데이타 이동
END   2022-12-05 15:10:01 --------------------------


START 2022-12-05 15:20:01 --------------------------
live
총 0 개 데이타 이동
END   2022-12-05 15:20:01 --------------------------


START 2022-12-05 15:30:02 --------------------------
live
총 0 개 데이타 이동
END   2022-12-05 15:30:02 --------------------------


START 2022-12-05 15:40:01 --------------------------
live
총 0 개 데이타 이동
END   2022-12-05 15:40:01 --------------------------


START 2022-12-05 15:50:01 --------------------------
live
총 0 개 데이타 이동
END   2022-12-05 15:50:01 --------------------------


START 2022-12-05 16:00:01 --------------------------
live
총 0 개 데이타 이동
END   2022-12-05 16:00:01 --------------------------


START 2022-12-05 16:10:01 --------------------------
live
총 0 개 데이타 이동
END   2022-12-05 16:10:01 --------------------------


START 2022-12-05 16:20:01 --------------------------
live
총 0 개 데이타 이동
END   2022-12-05 16:20:01 --------------------------


START 2022-12-05 16:30:01 --------------------------
live
총 0 개 데이타 이동
END   2022-12-05 16:30:01 --------------------------


START 2022-12-05 16:40:01 --------------------------
live
총 0 개 데이타 이동
END   2022-12-05 16:40:01 --------------------------


START 2022-12-05 16:50:01 --------------------------
live
총 0 개 데이타 이동
END   2022-12-05 16:50:01 --------------------------


START 2022-12-05 17:00:01 --------------------------
live
총 0 개 데이타 이동
END   2022-12-05 17:00:01 --------------------------


START 2022-12-05 17:10:01 --------------------------
live
총 0 개 데이타 이동
END   2022-12-05 17:10:01 --------------------------


START 2022-12-05 17:20:01 --------------------------
live
총 0 개 데이타 이동
END   2022-12-05 17:20:01 --------------------------


START 2022-12-05 17:30:01 --------------------------
live
총 0 개 데이타 이동
END   2022-12-05 17:30:01 --------------------------


START 2022-12-05 17:40:01 --------------------------
live
총 0 개 데이타 이동
END   2022-12-05 17:40:01 --------------------------


START 2022-12-05 17:50:01 --------------------------
live
총 0 개 데이타 이동
END   2022-12-05 17:50:01 --------------------------


START 2022-12-05 18:00:01 --------------------------
live
총 0 개 데이타 이동
END   2022-12-05 18:00:01 --------------------------


START 2022-12-05 18:10:01 --------------------------
live
총 0 개 데이타 이동
END   2022-12-05 18:10:01 --------------------------


START 2022-12-05 18:20:01 --------------------------
live
총 0 개 데이타 이동
END   2022-12-05 18:20:01 --------------------------


START 2022-12-05 18:30:01 --------------------------
live
총 0 개 데이타 이동
END   2022-12-05 18:30:01 --------------------------


START 2022-12-05 18:40:01 --------------------------
live
총 0 개 데이타 이동
END   2022-12-05 18:40:01 --------------------------


START 2022-12-05 18:50:01 --------------------------
live
총 0 개 데이타 이동
END   2022-12-05 18:50:01 --------------------------


START 2022-12-05 19:00:01 --------------------------
live
총 0 개 데이타 이동
END   2022-12-05 19:00:01 --------------------------


START 2022-12-05 19:10:01 --------------------------
live
총 0 개 데이타 이동
END   2022-12-05 19:10:01 --------------------------


START 2022-12-05 19:20:01 --------------------------
live
총 0 개 데이타 이동
END   2022-12-05 19:20:01 --------------------------


START 2022-12-05 19:30:01 --------------------------
live
총 0 개 데이타 이동
END   2022-12-05 19:30:01 --------------------------


START 2022-12-05 19:40:01 --------------------------
live
총 0 개 데이타 이동
END   2022-12-05 19:40:01 --------------------------


START 2022-12-05 19:50:01 --------------------------
live
총 0 개 데이타 이동
END   2022-12-05 19:50:01 --------------------------


START 2022-12-05 20:00:01 --------------------------
live
총 0 개 데이타 이동
END   2022-12-05 20:00:01 --------------------------


START 2022-12-05 20:10:01 --------------------------
live
총 0 개 데이타 이동
END   2022-12-05 20:10:01 --------------------------


START 2022-12-05 20:20:01 --------------------------
live
총 0 개 데이타 이동
END   2022-12-05 20:20:01 --------------------------


START 2022-12-05 20:30:01 --------------------------
live
총 0 개 데이타 이동
END   2022-12-05 20:30:01 --------------------------


START 2022-12-05 20:40:01 --------------------------
live
총 0 개 데이타 이동
END   2022-12-05 20:40:01 --------------------------


START 2022-12-05 20:50:01 --------------------------
live
총 0 개 데이타 이동
END   2022-12-05 20:50:01 --------------------------


START 2022-12-05 21:00:01 --------------------------
live
총 0 개 데이타 이동
END   2022-12-05 21:00:01 --------------------------


START 2022-12-05 21:10:01 --------------------------
live
총 0 개 데이타 이동
END   2022-12-05 21:10:01 --------------------------


START 2022-12-05 21:20:01 --------------------------
live
총 0 개 데이타 이동
END   2022-12-05 21:20:01 --------------------------


START 2022-12-05 21:30:02 --------------------------
live
총 0 개 데이타 이동
END   2022-12-05 21:30:02 --------------------------


START 2022-12-05 21:40:01 --------------------------
live
총 0 개 데이타 이동
END   2022-12-05 21:40:02 --------------------------


START 2022-12-05 21:50:02 --------------------------
live
총 0 개 데이타 이동
END   2022-12-05 21:50:02 --------------------------


START 2022-12-05 22:00:04 --------------------------
live
총 0 개 데이타 이동
END   2022-12-05 22:00:04 --------------------------


START 2022-12-05 22:10:01 --------------------------
live
총 0 개 데이타 이동
END   2022-12-05 22:10:01 --------------------------


START 2022-12-05 22:20:01 --------------------------
live
총 0 개 데이타 이동
END   2022-12-05 22:20:01 --------------------------


START 2022-12-05 22:30:01 --------------------------
live
총 0 개 데이타 이동
END   2022-12-05 22:30:01 --------------------------


START 2022-12-05 22:40:01 --------------------------
live
총 0 개 데이타 이동
END   2022-12-05 22:40:01 --------------------------


START 2022-12-05 22:50:01 --------------------------
live
총 0 개 데이타 이동
END   2022-12-05 22:50:01 --------------------------


START 2022-12-05 23:00:01 --------------------------
live
총 0 개 데이타 이동
END   2022-12-05 23:00:01 --------------------------


START 2022-12-05 23:10:01 --------------------------
live
총 0 개 데이타 이동
END   2022-12-05 23:10:01 --------------------------


START 2022-12-05 23:20:01 --------------------------
live
총 0 개 데이타 이동
END   2022-12-05 23:20:01 --------------------------


START 2022-12-05 23:30:01 --------------------------
live
총 0 개 데이타 이동
END   2022-12-05 23:30:01 --------------------------


START 2022-12-05 23:40:01 --------------------------
live
총 0 개 데이타 이동
END   2022-12-05 23:40:01 --------------------------


START 2022-12-05 23:50:02 --------------------------
live
총 0 개 데이타 이동
END   2022-12-05 23:50:02 --------------------------


