START 2022-11-09 00:00:01 --------------------------
live
총 0 개 데이타 이동
END   2022-11-09 00:00:01 --------------------------


START 2022-11-09 00:10:01 --------------------------
live
총 0 개 데이타 이동
END   2022-11-09 00:10:01 --------------------------


START 2022-11-09 00:20:01 --------------------------
live
총 0 개 데이타 이동
END   2022-11-09 00:20:01 --------------------------


START 2022-11-09 00:30:02 --------------------------
live
총 0 개 데이타 이동
END   2022-11-09 00:30:02 --------------------------


START 2022-11-09 00:40:01 --------------------------
live
총 0 개 데이타 이동
END   2022-11-09 00:40:01 --------------------------


START 2022-11-09 00:50:01 --------------------------
live
총 0 개 데이타 이동
END   2022-11-09 00:50:01 --------------------------


START 2022-11-09 01:00:02 --------------------------
live
총 0 개 데이타 이동
END   2022-11-09 01:00:02 --------------------------


START 2022-11-09 01:10:01 --------------------------
live
총 0 개 데이타 이동
END   2022-11-09 01:10:01 --------------------------


START 2022-11-09 01:20:01 --------------------------
live
총 0 개 데이타 이동
END   2022-11-09 01:20:01 --------------------------


START 2022-11-09 01:30:01 --------------------------
live
총 0 개 데이타 이동
END   2022-11-09 01:30:01 --------------------------


START 2022-11-09 01:40:01 --------------------------
live
총 0 개 데이타 이동
END   2022-11-09 01:40:01 --------------------------


START 2022-11-09 01:50:01 --------------------------
live
총 0 개 데이타 이동
END   2022-11-09 01:50:01 --------------------------


START 2022-11-09 02:00:01 --------------------------
live
총 0 개 데이타 이동
END   2022-11-09 02:00:01 --------------------------


START 2022-11-09 02:10:01 --------------------------
live
총 0 개 데이타 이동
END   2022-11-09 02:10:01 --------------------------


START 2022-11-09 02:20:01 --------------------------
live
총 0 개 데이타 이동
END   2022-11-09 02:20:01 --------------------------


START 2022-11-09 02:30:01 --------------------------
live
총 0 개 데이타 이동
END   2022-11-09 02:30:01 --------------------------


START 2022-11-09 02:40:01 --------------------------
live
총 0 개 데이타 이동
END   2022-11-09 02:40:01 --------------------------


START 2022-11-09 02:50:01 --------------------------
live
총 0 개 데이타 이동
END   2022-11-09 02:50:01 --------------------------


START 2022-11-09 03:00:01 --------------------------
live
총 0 개 데이타 이동
END   2022-11-09 03:00:01 --------------------------


START 2022-11-09 03:10:01 --------------------------
live
총 0 개 데이타 이동
END   2022-11-09 03:10:01 --------------------------


START 2022-11-09 03:20:01 --------------------------
live
총 0 개 데이타 이동
END   2022-11-09 03:20:01 --------------------------


START 2022-11-09 03:30:01 --------------------------
live
총 0 개 데이타 이동
END   2022-11-09 03:30:01 --------------------------


START 2022-11-09 03:40:01 --------------------------
live
총 0 개 데이타 이동
END   2022-11-09 03:40:01 --------------------------


START 2022-11-09 03:50:01 --------------------------
live
총 0 개 데이타 이동
END   2022-11-09 03:50:01 --------------------------


START 2022-11-09 04:00:01 --------------------------
live
총 0 개 데이타 이동
END   2022-11-09 04:00:01 --------------------------


START 2022-11-09 04:10:01 --------------------------
live
총 0 개 데이타 이동
END   2022-11-09 04:10:01 --------------------------


START 2022-11-09 04:20:01 --------------------------
live
총 0 개 데이타 이동
END   2022-11-09 04:20:01 --------------------------


START 2022-11-09 04:30:01 --------------------------
live
총 0 개 데이타 이동
END   2022-11-09 04:30:01 --------------------------


START 2022-11-09 04:40:01 --------------------------
live
총 0 개 데이타 이동
END   2022-11-09 04:40:01 --------------------------


START 2022-11-09 04:50:01 --------------------------
live
총 0 개 데이타 이동
END   2022-11-09 04:50:01 --------------------------


START 2022-11-09 05:00:01 --------------------------
live
총 0 개 데이타 이동
END   2022-11-09 05:00:01 --------------------------


START 2022-11-09 05:10:01 --------------------------
live
총 0 개 데이타 이동
END   2022-11-09 05:10:01 --------------------------


START 2022-11-09 05:20:01 --------------------------
live
총 0 개 데이타 이동
END   2022-11-09 05:20:01 --------------------------


START 2022-11-09 05:30:01 --------------------------
live
총 0 개 데이타 이동
END   2022-11-09 05:30:01 --------------------------


START 2022-11-09 05:40:01 --------------------------
live
총 0 개 데이타 이동
END   2022-11-09 05:40:01 --------------------------


START 2022-11-09 05:50:01 --------------------------
live
총 0 개 데이타 이동
END   2022-11-09 05:50:01 --------------------------


START 2022-11-09 06:00:01 --------------------------
live
총 0 개 데이타 이동
END   2022-11-09 06:00:01 --------------------------


START 2022-11-09 06:10:01 --------------------------
live
총 0 개 데이타 이동
END   2022-11-09 06:10:01 --------------------------


START 2022-11-09 06:20:01 --------------------------
live
총 0 개 데이타 이동
END   2022-11-09 06:20:01 --------------------------


START 2022-11-09 06:30:01 --------------------------
live
총 0 개 데이타 이동
END   2022-11-09 06:30:01 --------------------------


START 2022-11-09 06:40:01 --------------------------
live
총 0 개 데이타 이동
END   2022-11-09 06:40:01 --------------------------


START 2022-11-09 06:50:01 --------------------------
live
총 0 개 데이타 이동
END   2022-11-09 06:50:01 --------------------------


START 2022-11-09 07:00:01 --------------------------
live
총 0 개 데이타 이동
END   2022-11-09 07:00:01 --------------------------


START 2022-11-09 07:10:01 --------------------------
live
총 0 개 데이타 이동
END   2022-11-09 07:10:01 --------------------------


START 2022-11-09 07:20:01 --------------------------
live
총 0 개 데이타 이동
END   2022-11-09 07:20:01 --------------------------


START 2022-11-09 07:30:01 --------------------------
live
총 0 개 데이타 이동
END   2022-11-09 07:30:01 --------------------------


START 2022-11-09 07:40:01 --------------------------
live
총 0 개 데이타 이동
END   2022-11-09 07:40:01 --------------------------


START 2022-11-09 07:50:02 --------------------------
live
총 0 개 데이타 이동
END   2022-11-09 07:50:02 --------------------------


START 2022-11-09 08:00:01 --------------------------
live
총 0 개 데이타 이동
END   2022-11-09 08:00:01 --------------------------


START 2022-11-09 08:10:01 --------------------------
live
총 0 개 데이타 이동
END   2022-11-09 08:10:01 --------------------------


START 2022-11-09 08:20:01 --------------------------
live
총 0 개 데이타 이동
END   2022-11-09 08:20:01 --------------------------


START 2022-11-09 08:30:02 --------------------------
live
총 0 개 데이타 이동
END   2022-11-09 08:30:02 --------------------------


START 2022-11-09 08:40:01 --------------------------
live
총 0 개 데이타 이동
END   2022-11-09 08:40:01 --------------------------


START 2022-11-09 08:50:01 --------------------------
live
총 0 개 데이타 이동
END   2022-11-09 08:50:01 --------------------------


START 2022-11-09 09:00:01 --------------------------
live
총 0 개 데이타 이동
END   2022-11-09 09:00:01 --------------------------


START 2022-11-09 09:10:01 --------------------------
live
총 0 개 데이타 이동
END   2022-11-09 09:10:01 --------------------------


START 2022-11-09 09:20:01 --------------------------
live
총 0 개 데이타 이동
END   2022-11-09 09:20:01 --------------------------


START 2022-11-09 09:30:01 --------------------------
live
총 0 개 데이타 이동
END   2022-11-09 09:30:01 --------------------------


START 2022-11-09 09:40:01 --------------------------
live
총 0 개 데이타 이동
END   2022-11-09 09:40:01 --------------------------


START 2022-11-09 09:50:01 --------------------------
live
총 0 개 데이타 이동
END   2022-11-09 09:50:01 --------------------------


START 2022-11-09 10:00:01 --------------------------
live
총 0 개 데이타 이동
END   2022-11-09 10:00:01 --------------------------


START 2022-11-09 10:10:01 --------------------------
live
총 0 개 데이타 이동
END   2022-11-09 10:10:01 --------------------------


START 2022-11-09 10:20:01 --------------------------
live
총 0 개 데이타 이동
END   2022-11-09 10:20:01 --------------------------


START 2022-11-09 10:30:01 --------------------------
live
총 4 개 데이타 이동
데이타 이동 시작 *****
3111674 01082300118 -- 3111675 01088372069 -- 3111676 01067466580 -- 3111677 01067466580 -- 
END   2022-11-09 10:30:01 --------------------------


START 2022-11-09 10:40:01 --------------------------
live
총 0 개 데이타 이동
END   2022-11-09 10:40:01 --------------------------


START 2022-11-09 10:50:01 --------------------------
live
총 0 개 데이타 이동
END   2022-11-09 10:50:01 --------------------------


START 2022-11-09 11:00:01 --------------------------
live
총 0 개 데이타 이동
END   2022-11-09 11:00:01 --------------------------


START 2022-11-09 11:10:01 --------------------------
live
총 0 개 데이타 이동
END   2022-11-09 11:10:01 --------------------------


START 2022-11-09 11:20:01 --------------------------
live
총 0 개 데이타 이동
END   2022-11-09 11:20:01 --------------------------


START 2022-11-09 11:30:01 --------------------------
live
총 0 개 데이타 이동
END   2022-11-09 11:30:01 --------------------------


START 2022-11-09 11:40:01 --------------------------
live
총 0 개 데이타 이동
END   2022-11-09 11:40:01 --------------------------


START 2022-11-09 11:50:01 --------------------------
live
총 0 개 데이타 이동
END   2022-11-09 11:50:01 --------------------------


START 2022-11-09 12:00:01 --------------------------
live
총 0 개 데이타 이동
END   2022-11-09 12:00:01 --------------------------


START 2022-11-09 12:10:01 --------------------------
live
총 0 개 데이타 이동
END   2022-11-09 12:10:01 --------------------------


START 2022-11-09 12:20:01 --------------------------
live
총 0 개 데이타 이동
END   2022-11-09 12:20:01 --------------------------


START 2022-11-09 12:30:01 --------------------------
live
총 0 개 데이타 이동
END   2022-11-09 12:30:01 --------------------------


START 2022-11-09 12:40:01 --------------------------
live
총 14 개 데이타 이동
데이타 이동 시작 *****
3111678 01024568888 -- 3111679 01056179090 -- 3111680 01080060401 -- 3111681 01032809295 -- 3111682 01088944740 -- 3111683 01067241409 -- 3111684 01064063972 -- 3111685 01086246176 -- 3111686 01047693024 -- 3111687 01048474041 -- 3111688 01090838172 -- 3111689 01050297528 -- 3111690 01082299622 -- 3111691 01033358065 -- 
END   2022-11-09 12:40:02 --------------------------


START 2022-11-09 12:50:01 --------------------------
live
총 0 개 데이타 이동
END   2022-11-09 12:50:01 --------------------------


START 2022-11-09 13:00:01 --------------------------
live
총 0 개 데이타 이동
END   2022-11-09 13:00:01 --------------------------


START 2022-11-09 13:10:01 --------------------------
live
총 0 개 데이타 이동
END   2022-11-09 13:10:01 --------------------------


START 2022-11-09 13:20:01 --------------------------
live
총 0 개 데이타 이동
END   2022-11-09 13:20:01 --------------------------


START 2022-11-09 13:30:01 --------------------------
live
총 0 개 데이타 이동
END   2022-11-09 13:30:01 --------------------------


START 2022-11-09 13:40:01 --------------------------
live
총 0 개 데이타 이동
END   2022-11-09 13:40:01 --------------------------


START 2022-11-09 13:50:01 --------------------------
live
총 0 개 데이타 이동
END   2022-11-09 13:50:01 --------------------------


START 2022-11-09 14:00:01 --------------------------
live
총 0 개 데이타 이동
END   2022-11-09 14:00:01 --------------------------


START 2022-11-09 14:10:01 --------------------------
live
총 0 개 데이타 이동
END   2022-11-09 14:10:01 --------------------------


START 2022-11-09 14:20:01 --------------------------
live
총 0 개 데이타 이동
END   2022-11-09 14:20:01 --------------------------


START 2022-11-09 14:30:02 --------------------------
live
총 0 개 데이타 이동
END   2022-11-09 14:30:02 --------------------------


START 2022-11-09 14:40:01 --------------------------
live
총 0 개 데이타 이동
END   2022-11-09 14:40:01 --------------------------


START 2022-11-09 14:50:01 --------------------------
live
총 0 개 데이타 이동
END   2022-11-09 14:50:01 --------------------------


START 2022-11-09 15:00:02 --------------------------
live
총 0 개 데이타 이동
END   2022-11-09 15:00:02 --------------------------


START 2022-11-09 15:10:01 --------------------------
live
총 0 개 데이타 이동
END   2022-11-09 15:10:01 --------------------------


START 2022-11-09 15:20:01 --------------------------
live
총 0 개 데이타 이동
END   2022-11-09 15:20:01 --------------------------


START 2022-11-09 15:30:01 --------------------------
live
총 0 개 데이타 이동
END   2022-11-09 15:30:01 --------------------------


START 2022-11-09 15:40:01 --------------------------
live
총 0 개 데이타 이동
END   2022-11-09 15:40:01 --------------------------


START 2022-11-09 15:50:01 --------------------------
live
총 0 개 데이타 이동
END   2022-11-09 15:50:01 --------------------------


START 2022-11-09 16:00:01 --------------------------
live
총 0 개 데이타 이동
END   2022-11-09 16:00:01 --------------------------


START 2022-11-09 16:10:01 --------------------------
live
총 0 개 데이타 이동
END   2022-11-09 16:10:01 --------------------------


START 2022-11-09 16:20:01 --------------------------
live
총 0 개 데이타 이동
END   2022-11-09 16:20:01 --------------------------


START 2022-11-09 16:30:02 --------------------------
live
총 0 개 데이타 이동
END   2022-11-09 16:30:02 --------------------------


START 2022-11-09 16:40:01 --------------------------
live
총 0 개 데이타 이동
END   2022-11-09 16:40:01 --------------------------


START 2022-11-09 16:50:01 --------------------------
live
총 0 개 데이타 이동
END   2022-11-09 16:50:01 --------------------------


START 2022-11-09 17:00:01 --------------------------
live
총 0 개 데이타 이동
END   2022-11-09 17:00:02 --------------------------


START 2022-11-09 17:10:01 --------------------------
live
총 0 개 데이타 이동
END   2022-11-09 17:10:01 --------------------------


START 2022-11-09 17:20:01 --------------------------
live
총 0 개 데이타 이동
END   2022-11-09 17:20:01 --------------------------


START 2022-11-09 17:30:01 --------------------------
live
총 0 개 데이타 이동
END   2022-11-09 17:30:01 --------------------------


START 2022-11-09 17:40:01 --------------------------
live
총 0 개 데이타 이동
END   2022-11-09 17:40:01 --------------------------


START 2022-11-09 17:50:01 --------------------------
live
총 0 개 데이타 이동
END   2022-11-09 17:50:01 --------------------------


START 2022-11-09 18:00:01 --------------------------
live
총 0 개 데이타 이동
END   2022-11-09 18:00:01 --------------------------


START 2022-11-09 18:10:01 --------------------------
live
총 0 개 데이타 이동
END   2022-11-09 18:10:01 --------------------------


START 2022-11-09 18:20:04 --------------------------
live
총 0 개 데이타 이동
END   2022-11-09 18:20:04 --------------------------


START 2022-11-09 18:30:01 --------------------------
live
총 0 개 데이타 이동
END   2022-11-09 18:30:01 --------------------------


START 2022-11-09 18:40:01 --------------------------
live
총 0 개 데이타 이동
END   2022-11-09 18:40:01 --------------------------


START 2022-11-09 18:50:01 --------------------------
live
총 0 개 데이타 이동
END   2022-11-09 18:50:01 --------------------------


START 2022-11-09 19:00:01 --------------------------
live
총 0 개 데이타 이동
END   2022-11-09 19:00:01 --------------------------


START 2022-11-09 19:10:01 --------------------------
live
총 0 개 데이타 이동
END   2022-11-09 19:10:01 --------------------------


START 2022-11-09 19:20:01 --------------------------
live
총 0 개 데이타 이동
END   2022-11-09 19:20:01 --------------------------


START 2022-11-09 19:30:01 --------------------------
live
총 0 개 데이타 이동
END   2022-11-09 19:30:01 --------------------------


START 2022-11-09 19:40:01 --------------------------
live
총 0 개 데이타 이동
END   2022-11-09 19:40:01 --------------------------


START 2022-11-09 19:50:01 --------------------------
live
총 0 개 데이타 이동
END   2022-11-09 19:50:01 --------------------------


START 2022-11-09 20:00:01 --------------------------
live
총 0 개 데이타 이동
END   2022-11-09 20:00:02 --------------------------


START 2022-11-09 20:10:01 --------------------------
live
총 0 개 데이타 이동
END   2022-11-09 20:10:01 --------------------------


START 2022-11-09 20:20:01 --------------------------
live
총 0 개 데이타 이동
END   2022-11-09 20:20:01 --------------------------


START 2022-11-09 20:30:01 --------------------------
live
총 0 개 데이타 이동
END   2022-11-09 20:30:01 --------------------------


START 2022-11-09 20:40:01 --------------------------
live
총 0 개 데이타 이동
END   2022-11-09 20:40:01 --------------------------


START 2022-11-09 20:50:01 --------------------------
live
총 0 개 데이타 이동
END   2022-11-09 20:50:01 --------------------------


START 2022-11-09 21:00:01 --------------------------
live
총 0 개 데이타 이동
END   2022-11-09 21:00:01 --------------------------


START 2022-11-09 21:10:02 --------------------------
live
총 0 개 데이타 이동
END   2022-11-09 21:10:02 --------------------------


START 2022-11-09 21:20:01 --------------------------
live
총 0 개 데이타 이동
END   2022-11-09 21:20:01 --------------------------


START 2022-11-09 21:30:01 --------------------------
live
총 0 개 데이타 이동
END   2022-11-09 21:30:01 --------------------------


START 2022-11-09 21:40:01 --------------------------
live
총 0 개 데이타 이동
END   2022-11-09 21:40:01 --------------------------


START 2022-11-09 21:50:01 --------------------------
live
총 0 개 데이타 이동
END   2022-11-09 21:50:01 --------------------------


START 2022-11-09 22:00:01 --------------------------
live
총 0 개 데이타 이동
END   2022-11-09 22:00:01 --------------------------


START 2022-11-09 22:10:01 --------------------------
live
총 0 개 데이타 이동
END   2022-11-09 22:10:01 --------------------------


START 2022-11-09 22:20:01 --------------------------
live
총 0 개 데이타 이동
END   2022-11-09 22:20:01 --------------------------


START 2022-11-09 22:30:02 --------------------------
live
총 0 개 데이타 이동
END   2022-11-09 22:30:02 --------------------------


START 2022-11-09 22:40:01 --------------------------
live
총 0 개 데이타 이동
END   2022-11-09 22:40:01 --------------------------


START 2022-11-09 22:50:01 --------------------------
live
총 0 개 데이타 이동
END   2022-11-09 22:50:01 --------------------------


START 2022-11-09 23:00:01 --------------------------
live
총 0 개 데이타 이동
END   2022-11-09 23:00:01 --------------------------


START 2022-11-09 23:10:01 --------------------------
live
총 0 개 데이타 이동
END   2022-11-09 23:10:01 --------------------------


START 2022-11-09 23:20:01 --------------------------
live
총 0 개 데이타 이동
END   2022-11-09 23:20:01 --------------------------


START 2022-11-09 23:30:01 --------------------------
live
총 0 개 데이타 이동
END   2022-11-09 23:30:01 --------------------------


START 2022-11-09 23:40:01 --------------------------
live
총 0 개 데이타 이동
END   2022-11-09 23:40:01 --------------------------


START 2022-11-09 23:50:01 --------------------------
live
총 0 개 데이타 이동
END   2022-11-09 23:50:01 --------------------------


