START 2022-04-13 00:00:01 --------------------------
live
총 0 개 데이타 이동
END   2022-04-13 00:00:01 --------------------------


START 2022-04-13 00:10:01 --------------------------
live
총 0 개 데이타 이동
END   2022-04-13 00:10:01 --------------------------


START 2022-04-13 00:20:01 --------------------------
live
총 0 개 데이타 이동
END   2022-04-13 00:20:01 --------------------------


START 2022-04-13 00:30:01 --------------------------
live
총 0 개 데이타 이동
END   2022-04-13 00:30:01 --------------------------


START 2022-04-13 00:40:01 --------------------------
live
총 0 개 데이타 이동
END   2022-04-13 00:40:01 --------------------------


START 2022-04-13 00:50:01 --------------------------
live
총 0 개 데이타 이동
END   2022-04-13 00:50:01 --------------------------


START 2022-04-13 01:00:02 --------------------------
live
총 0 개 데이타 이동
END   2022-04-13 01:00:02 --------------------------


START 2022-04-13 01:10:01 --------------------------
live
총 0 개 데이타 이동
END   2022-04-13 01:10:01 --------------------------


START 2022-04-13 01:20:01 --------------------------
live
총 0 개 데이타 이동
END   2022-04-13 01:20:01 --------------------------


START 2022-04-13 01:30:02 --------------------------
live
총 0 개 데이타 이동
END   2022-04-13 01:30:02 --------------------------


START 2022-04-13 01:40:01 --------------------------
live
총 0 개 데이타 이동
END   2022-04-13 01:40:01 --------------------------


START 2022-04-13 01:50:02 --------------------------
live
총 0 개 데이타 이동
END   2022-04-13 01:50:02 --------------------------


START 2022-04-13 02:00:02 --------------------------
live
총 0 개 데이타 이동
END   2022-04-13 02:00:02 --------------------------


START 2022-04-13 02:10:02 --------------------------
live
총 0 개 데이타 이동
END   2022-04-13 02:10:02 --------------------------


START 2022-04-13 02:20:01 --------------------------
live
총 0 개 데이타 이동
END   2022-04-13 02:20:01 --------------------------


START 2022-04-13 02:30:01 --------------------------
live
총 0 개 데이타 이동
END   2022-04-13 02:30:01 --------------------------


START 2022-04-13 02:40:01 --------------------------
live
총 0 개 데이타 이동
END   2022-04-13 02:40:01 --------------------------


START 2022-04-13 02:50:01 --------------------------
live
총 0 개 데이타 이동
END   2022-04-13 02:50:01 --------------------------


START 2022-04-13 03:00:02 --------------------------
live
총 0 개 데이타 이동
END   2022-04-13 03:00:02 --------------------------


START 2022-04-13 03:10:02 --------------------------
live
총 0 개 데이타 이동
END   2022-04-13 03:10:02 --------------------------


START 2022-04-13 03:20:01 --------------------------
live
총 0 개 데이타 이동
END   2022-04-13 03:20:01 --------------------------


START 2022-04-13 03:30:01 --------------------------
live
총 0 개 데이타 이동
END   2022-04-13 03:30:01 --------------------------


START 2022-04-13 03:40:01 --------------------------
live
총 0 개 데이타 이동
END   2022-04-13 03:40:01 --------------------------


START 2022-04-13 03:50:01 --------------------------
live
총 0 개 데이타 이동
END   2022-04-13 03:50:01 --------------------------


START 2022-04-13 04:00:01 --------------------------
live
총 0 개 데이타 이동
END   2022-04-13 04:00:01 --------------------------


START 2022-04-13 04:10:01 --------------------------
live
총 0 개 데이타 이동
END   2022-04-13 04:10:01 --------------------------


START 2022-04-13 04:20:01 --------------------------
live
총 0 개 데이타 이동
END   2022-04-13 04:20:01 --------------------------


START 2022-04-13 04:30:02 --------------------------
live
총 0 개 데이타 이동
END   2022-04-13 04:30:02 --------------------------


START 2022-04-13 04:40:02 --------------------------
live
총 0 개 데이타 이동
END   2022-04-13 04:40:02 --------------------------


START 2022-04-13 04:50:02 --------------------------
live
총 0 개 데이타 이동
END   2022-04-13 04:50:02 --------------------------


START 2022-04-13 05:00:02 --------------------------
live
총 0 개 데이타 이동
END   2022-04-13 05:00:02 --------------------------


START 2022-04-13 05:10:01 --------------------------
live
총 0 개 데이타 이동
END   2022-04-13 05:10:01 --------------------------


START 2022-04-13 05:20:01 --------------------------
live
총 0 개 데이타 이동
END   2022-04-13 05:20:01 --------------------------


START 2022-04-13 05:30:01 --------------------------
live
총 0 개 데이타 이동
END   2022-04-13 05:30:01 --------------------------


START 2022-04-13 05:40:01 --------------------------
live
총 0 개 데이타 이동
END   2022-04-13 05:40:01 --------------------------


START 2022-04-13 05:50:01 --------------------------
live
총 0 개 데이타 이동
END   2022-04-13 05:50:01 --------------------------


START 2022-04-13 06:00:01 --------------------------
live
총 0 개 데이타 이동
END   2022-04-13 06:00:01 --------------------------


START 2022-04-13 06:10:02 --------------------------
live
총 0 개 데이타 이동
END   2022-04-13 06:10:02 --------------------------


START 2022-04-13 06:20:02 --------------------------
live
총 0 개 데이타 이동
END   2022-04-13 06:20:02 --------------------------


START 2022-04-13 06:30:02 --------------------------
live
총 0 개 데이타 이동
END   2022-04-13 06:30:02 --------------------------


START 2022-04-13 06:40:01 --------------------------
live
총 0 개 데이타 이동
END   2022-04-13 06:40:01 --------------------------


START 2022-04-13 06:50:01 --------------------------
live
총 0 개 데이타 이동
END   2022-04-13 06:50:01 --------------------------


START 2022-04-13 07:00:01 --------------------------
live
총 0 개 데이타 이동
END   2022-04-13 07:00:01 --------------------------


START 2022-04-13 07:10:02 --------------------------
live
총 0 개 데이타 이동
END   2022-04-13 07:10:02 --------------------------


START 2022-04-13 07:20:02 --------------------------
live
총 0 개 데이타 이동
END   2022-04-13 07:20:02 --------------------------


START 2022-04-13 07:30:01 --------------------------
live
총 0 개 데이타 이동
END   2022-04-13 07:30:01 --------------------------


START 2022-04-13 07:40:01 --------------------------
live
총 0 개 데이타 이동
END   2022-04-13 07:40:01 --------------------------


START 2022-04-13 07:50:01 --------------------------
live
총 0 개 데이타 이동
END   2022-04-13 07:50:01 --------------------------


START 2022-04-13 08:00:01 --------------------------
live
총 0 개 데이타 이동
END   2022-04-13 08:00:01 --------------------------


START 2022-04-13 08:10:01 --------------------------
live
총 0 개 데이타 이동
END   2022-04-13 08:10:01 --------------------------


START 2022-04-13 08:20:02 --------------------------
live
총 0 개 데이타 이동
END   2022-04-13 08:20:02 --------------------------


START 2022-04-13 08:30:02 --------------------------
live
총 0 개 데이타 이동
END   2022-04-13 08:30:02 --------------------------


START 2022-04-13 08:40:02 --------------------------
live
총 0 개 데이타 이동
END   2022-04-13 08:40:02 --------------------------


START 2022-04-13 08:50:02 --------------------------
live
총 0 개 데이타 이동
END   2022-04-13 08:50:02 --------------------------


START 2022-04-13 09:00:02 --------------------------
live
총 0 개 데이타 이동
END   2022-04-13 09:00:02 --------------------------


START 2022-04-13 09:10:01 --------------------------
live
총 0 개 데이타 이동
END   2022-04-13 09:10:01 --------------------------


START 2022-04-13 09:20:01 --------------------------
live
총 0 개 데이타 이동
END   2022-04-13 09:20:01 --------------------------


START 2022-04-13 09:30:01 --------------------------
live
총 0 개 데이타 이동
END   2022-04-13 09:30:01 --------------------------


START 2022-04-13 09:40:01 --------------------------
live
총 0 개 데이타 이동
END   2022-04-13 09:40:01 --------------------------


START 2022-04-13 09:50:01 --------------------------
live
총 0 개 데이타 이동
END   2022-04-13 09:50:01 --------------------------


START 2022-04-13 10:00:01 --------------------------
live
총 0 개 데이타 이동
END   2022-04-13 10:00:01 --------------------------


START 2022-04-13 10:10:02 --------------------------
live
총 0 개 데이타 이동
END   2022-04-13 10:10:02 --------------------------


START 2022-04-13 10:20:02 --------------------------
live
총 0 개 데이타 이동
END   2022-04-13 10:20:02 --------------------------


START 2022-04-13 10:30:02 --------------------------
live
총 0 개 데이타 이동
END   2022-04-13 10:30:02 --------------------------


START 2022-04-13 10:40:01 --------------------------
live
총 0 개 데이타 이동
END   2022-04-13 10:40:01 --------------------------


START 2022-04-13 10:50:02 --------------------------
live
총 0 개 데이타 이동
END   2022-04-13 10:50:02 --------------------------


START 2022-04-13 11:00:01 --------------------------
live
총 0 개 데이타 이동
END   2022-04-13 11:00:01 --------------------------


START 2022-04-13 11:10:02 --------------------------
live
총 0 개 데이타 이동
END   2022-04-13 11:10:02 --------------------------


START 2022-04-13 11:20:02 --------------------------
live
총 0 개 데이타 이동
END   2022-04-13 11:20:02 --------------------------


START 2022-04-13 11:30:01 --------------------------
live
총 0 개 데이타 이동
END   2022-04-13 11:30:01 --------------------------


START 2022-04-13 11:40:01 --------------------------
live
총 2 개 데이타 이동
데이타 이동 시작 *****
3105440 01024568888 -- 3105441 01088944740 -- 
END   2022-04-13 11:40:01 --------------------------


START 2022-04-13 11:50:01 --------------------------
live
총 0 개 데이타 이동
END   2022-04-13 11:50:01 --------------------------


START 2022-04-13 12:00:01 --------------------------
live
총 0 개 데이타 이동
END   2022-04-13 12:00:01 --------------------------


START 2022-04-13 12:10:01 --------------------------
live
총 0 개 데이타 이동
END   2022-04-13 12:10:01 --------------------------


START 2022-04-13 12:20:01 --------------------------
live
총 0 개 데이타 이동
END   2022-04-13 12:20:01 --------------------------


START 2022-04-13 12:30:01 --------------------------
live
총 0 개 데이타 이동
END   2022-04-13 12:30:01 --------------------------


START 2022-04-13 12:40:01 --------------------------
live
총 0 개 데이타 이동
END   2022-04-13 12:40:01 --------------------------


START 2022-04-13 12:50:01 --------------------------
live
총 0 개 데이타 이동
END   2022-04-13 12:50:01 --------------------------


START 2022-04-13 13:00:01 --------------------------
live
총 0 개 데이타 이동
END   2022-04-13 13:00:01 --------------------------


START 2022-04-13 13:10:01 --------------------------
live
총 0 개 데이타 이동
END   2022-04-13 13:10:01 --------------------------


START 2022-04-13 13:20:01 --------------------------
live
총 0 개 데이타 이동
END   2022-04-13 13:20:01 --------------------------


START 2022-04-13 13:30:01 --------------------------
live
총 0 개 데이타 이동
END   2022-04-13 13:30:01 --------------------------


START 2022-04-13 13:40:01 --------------------------
live
총 0 개 데이타 이동
END   2022-04-13 13:40:01 --------------------------


START 2022-04-13 13:50:02 --------------------------
live
총 0 개 데이타 이동
END   2022-04-13 13:50:02 --------------------------


START 2022-04-13 14:00:01 --------------------------
live
총 0 개 데이타 이동
END   2022-04-13 14:00:01 --------------------------


START 2022-04-13 14:10:01 --------------------------
live
총 0 개 데이타 이동
END   2022-04-13 14:10:01 --------------------------


START 2022-04-13 14:20:01 --------------------------
live
총 0 개 데이타 이동
END   2022-04-13 14:20:01 --------------------------


START 2022-04-13 14:30:01 --------------------------
live
총 0 개 데이타 이동
END   2022-04-13 14:30:01 --------------------------


START 2022-04-13 14:40:01 --------------------------
live
총 0 개 데이타 이동
END   2022-04-13 14:40:01 --------------------------


START 2022-04-13 14:50:01 --------------------------
live
총 0 개 데이타 이동
END   2022-04-13 14:50:01 --------------------------


START 2022-04-13 15:00:02 --------------------------
live
총 0 개 데이타 이동
END   2022-04-13 15:00:02 --------------------------


START 2022-04-13 15:10:02 --------------------------
live
총 0 개 데이타 이동
END   2022-04-13 15:10:02 --------------------------


START 2022-04-13 15:20:02 --------------------------
live
총 0 개 데이타 이동
END   2022-04-13 15:20:02 --------------------------


START 2022-04-13 15:30:02 --------------------------
live
총 0 개 데이타 이동
END   2022-04-13 15:30:02 --------------------------


START 2022-04-13 15:40:02 --------------------------
live
총 0 개 데이타 이동
END   2022-04-13 15:40:02 --------------------------


START 2022-04-13 15:50:01 --------------------------
live
총 0 개 데이타 이동
END   2022-04-13 15:50:01 --------------------------


START 2022-04-13 16:00:02 --------------------------
live
총 0 개 데이타 이동
END   2022-04-13 16:00:02 --------------------------


START 2022-04-13 16:10:01 --------------------------
live
총 0 개 데이타 이동
END   2022-04-13 16:10:01 --------------------------


START 2022-04-13 16:20:01 --------------------------
live
총 0 개 데이타 이동
END   2022-04-13 16:20:01 --------------------------


START 2022-04-13 16:30:01 --------------------------
live
총 0 개 데이타 이동
END   2022-04-13 16:30:01 --------------------------


START 2022-04-13 16:40:01 --------------------------
live
총 0 개 데이타 이동
END   2022-04-13 16:40:01 --------------------------


START 2022-04-13 16:50:02 --------------------------
live
총 0 개 데이타 이동
END   2022-04-13 16:50:02 --------------------------


START 2022-04-13 17:00:01 --------------------------
live
총 0 개 데이타 이동
END   2022-04-13 17:00:01 --------------------------


START 2022-04-13 17:10:02 --------------------------
live
총 0 개 데이타 이동
END   2022-04-13 17:10:02 --------------------------


START 2022-04-13 17:20:02 --------------------------
live
총 0 개 데이타 이동
END   2022-04-13 17:20:02 --------------------------


START 2022-04-13 17:30:01 --------------------------
live
총 0 개 데이타 이동
END   2022-04-13 17:30:01 --------------------------


START 2022-04-13 17:40:01 --------------------------
live
총 0 개 데이타 이동
END   2022-04-13 17:40:02 --------------------------


START 2022-04-13 17:50:02 --------------------------
live
총 0 개 데이타 이동
END   2022-04-13 17:50:02 --------------------------


START 2022-04-13 18:00:01 --------------------------
live
총 0 개 데이타 이동
END   2022-04-13 18:00:01 --------------------------


START 2022-04-13 18:10:01 --------------------------
live
총 0 개 데이타 이동
END   2022-04-13 18:10:01 --------------------------


START 2022-04-13 18:20:02 --------------------------
live
총 0 개 데이타 이동
END   2022-04-13 18:20:02 --------------------------


START 2022-04-13 18:30:01 --------------------------
live
총 0 개 데이타 이동
END   2022-04-13 18:30:01 --------------------------


START 2022-04-13 18:40:01 --------------------------
live
총 0 개 데이타 이동
END   2022-04-13 18:40:02 --------------------------


START 2022-04-13 18:50:02 --------------------------
live
총 0 개 데이타 이동
END   2022-04-13 18:50:02 --------------------------


START 2022-04-13 19:00:01 --------------------------
live
총 0 개 데이타 이동
END   2022-04-13 19:00:01 --------------------------


START 2022-04-13 19:10:01 --------------------------
live
총 0 개 데이타 이동
END   2022-04-13 19:10:01 --------------------------


START 2022-04-13 19:20:01 --------------------------
live
총 0 개 데이타 이동
END   2022-04-13 19:20:01 --------------------------


START 2022-04-13 19:30:01 --------------------------
live
총 0 개 데이타 이동
END   2022-04-13 19:30:01 --------------------------


START 2022-04-13 19:40:01 --------------------------
live
총 0 개 데이타 이동
END   2022-04-13 19:40:01 --------------------------


START 2022-04-13 19:50:01 --------------------------
live
총 0 개 데이타 이동
END   2022-04-13 19:50:01 --------------------------


START 2022-04-13 20:00:01 --------------------------
live
총 0 개 데이타 이동
END   2022-04-13 20:00:01 --------------------------


START 2022-04-13 20:10:02 --------------------------
live
총 0 개 데이타 이동
END   2022-04-13 20:10:02 --------------------------


START 2022-04-13 20:20:01 --------------------------
live
총 0 개 데이타 이동
END   2022-04-13 20:20:01 --------------------------


START 2022-04-13 20:30:01 --------------------------
live
총 0 개 데이타 이동
END   2022-04-13 20:30:01 --------------------------


START 2022-04-13 20:40:01 --------------------------
live
총 0 개 데이타 이동
END   2022-04-13 20:40:01 --------------------------


START 2022-04-13 20:50:01 --------------------------
live
총 0 개 데이타 이동
END   2022-04-13 20:50:01 --------------------------


START 2022-04-13 21:00:02 --------------------------
live
총 0 개 데이타 이동
END   2022-04-13 21:00:02 --------------------------


START 2022-04-13 21:10:02 --------------------------
live
총 0 개 데이타 이동
END   2022-04-13 21:10:02 --------------------------


START 2022-04-13 21:20:02 --------------------------
live
총 0 개 데이타 이동
END   2022-04-13 21:20:02 --------------------------


START 2022-04-13 21:30:02 --------------------------
live
총 0 개 데이타 이동
END   2022-04-13 21:30:02 --------------------------


START 2022-04-13 21:40:02 --------------------------
live
총 0 개 데이타 이동
END   2022-04-13 21:40:02 --------------------------


START 2022-04-13 21:50:02 --------------------------
live
총 0 개 데이타 이동
END   2022-04-13 21:50:02 --------------------------


START 2022-04-13 22:00:01 --------------------------
live
총 0 개 데이타 이동
END   2022-04-13 22:00:01 --------------------------


START 2022-04-13 22:10:02 --------------------------
live
총 0 개 데이타 이동
END   2022-04-13 22:10:02 --------------------------


START 2022-04-13 22:20:01 --------------------------
live
총 0 개 데이타 이동
END   2022-04-13 22:20:01 --------------------------


START 2022-04-13 22:30:01 --------------------------
live
총 0 개 데이타 이동
END   2022-04-13 22:30:01 --------------------------


START 2022-04-13 22:40:01 --------------------------
live
총 0 개 데이타 이동
END   2022-04-13 22:40:01 --------------------------


START 2022-04-13 22:50:01 --------------------------
live
총 0 개 데이타 이동
END   2022-04-13 22:50:01 --------------------------


START 2022-04-13 23:00:01 --------------------------
live
총 0 개 데이타 이동
END   2022-04-13 23:00:01 --------------------------


START 2022-04-13 23:10:01 --------------------------
live
총 0 개 데이타 이동
END   2022-04-13 23:10:01 --------------------------


START 2022-04-13 23:20:01 --------------------------
live
총 0 개 데이타 이동
END   2022-04-13 23:20:01 --------------------------


START 2022-04-13 23:30:01 --------------------------
live
총 0 개 데이타 이동
END   2022-04-13 23:30:01 --------------------------


START 2022-04-13 23:40:02 --------------------------
live
총 0 개 데이타 이동
END   2022-04-13 23:40:02 --------------------------


START 2022-04-13 23:50:02 --------------------------
live
총 0 개 데이타 이동
END   2022-04-13 23:50:02 --------------------------


