START 2022-11-29 00:00:01 --------------------------
live
총 0 개 데이타 이동
END   2022-11-29 00:00:01 --------------------------


START 2022-11-29 00:10:02 --------------------------
live
총 0 개 데이타 이동
END   2022-11-29 00:10:02 --------------------------


START 2022-11-29 00:20:01 --------------------------
live
총 0 개 데이타 이동
END   2022-11-29 00:20:01 --------------------------


START 2022-11-29 00:30:01 --------------------------
live
총 0 개 데이타 이동
END   2022-11-29 00:30:01 --------------------------


START 2022-11-29 00:40:01 --------------------------
live
총 0 개 데이타 이동
END   2022-11-29 00:40:01 --------------------------


START 2022-11-29 00:50:01 --------------------------
live
총 0 개 데이타 이동
END   2022-11-29 00:50:01 --------------------------


START 2022-11-29 01:00:01 --------------------------
live
총 0 개 데이타 이동
END   2022-11-29 01:00:01 --------------------------


START 2022-11-29 01:10:01 --------------------------
live
총 0 개 데이타 이동
END   2022-11-29 01:10:01 --------------------------


START 2022-11-29 01:20:01 --------------------------
live
총 0 개 데이타 이동
END   2022-11-29 01:20:01 --------------------------


START 2022-11-29 01:30:01 --------------------------
live
총 0 개 데이타 이동
END   2022-11-29 01:30:01 --------------------------


START 2022-11-29 01:40:01 --------------------------
live
총 0 개 데이타 이동
END   2022-11-29 01:40:01 --------------------------


START 2022-11-29 01:50:01 --------------------------
live
총 0 개 데이타 이동
END   2022-11-29 01:50:01 --------------------------


START 2022-11-29 02:00:01 --------------------------
live
총 0 개 데이타 이동
END   2022-11-29 02:00:01 --------------------------


START 2022-11-29 02:10:01 --------------------------
live
총 0 개 데이타 이동
END   2022-11-29 02:10:01 --------------------------


START 2022-11-29 02:20:01 --------------------------
live
총 0 개 데이타 이동
END   2022-11-29 02:20:01 --------------------------


START 2022-11-29 02:30:01 --------------------------
live
총 0 개 데이타 이동
END   2022-11-29 02:30:01 --------------------------


START 2022-11-29 02:40:01 --------------------------
live
총 0 개 데이타 이동
END   2022-11-29 02:40:01 --------------------------


START 2022-11-29 02:50:01 --------------------------
live
총 0 개 데이타 이동
END   2022-11-29 02:50:01 --------------------------


START 2022-11-29 03:00:01 --------------------------
live
총 0 개 데이타 이동
END   2022-11-29 03:00:01 --------------------------


START 2022-11-29 03:10:01 --------------------------
live
총 0 개 데이타 이동
END   2022-11-29 03:10:01 --------------------------


START 2022-11-29 03:20:01 --------------------------
live
총 0 개 데이타 이동
END   2022-11-29 03:20:01 --------------------------


START 2022-11-29 03:30:01 --------------------------
live
총 0 개 데이타 이동
END   2022-11-29 03:30:01 --------------------------


START 2022-11-29 03:40:01 --------------------------
live
총 0 개 데이타 이동
END   2022-11-29 03:40:01 --------------------------


START 2022-11-29 03:50:01 --------------------------
live
총 0 개 데이타 이동
END   2022-11-29 03:50:01 --------------------------


START 2022-11-29 04:00:01 --------------------------
live
총 0 개 데이타 이동
END   2022-11-29 04:00:01 --------------------------


START 2022-11-29 04:10:01 --------------------------
live
총 0 개 데이타 이동
END   2022-11-29 04:10:01 --------------------------


START 2022-11-29 04:20:01 --------------------------
live
총 0 개 데이타 이동
END   2022-11-29 04:20:01 --------------------------


START 2022-11-29 04:30:01 --------------------------
live
총 0 개 데이타 이동
END   2022-11-29 04:30:01 --------------------------


START 2022-11-29 04:40:01 --------------------------
live
총 0 개 데이타 이동
END   2022-11-29 04:40:01 --------------------------


START 2022-11-29 04:50:01 --------------------------
live
총 0 개 데이타 이동
END   2022-11-29 04:50:01 --------------------------


START 2022-11-29 05:00:01 --------------------------
live
총 0 개 데이타 이동
END   2022-11-29 05:00:01 --------------------------


START 2022-11-29 05:10:01 --------------------------
live
총 0 개 데이타 이동
END   2022-11-29 05:10:01 --------------------------


START 2022-11-29 05:20:01 --------------------------
live
총 0 개 데이타 이동
END   2022-11-29 05:20:01 --------------------------


START 2022-11-29 05:30:01 --------------------------
live
총 0 개 데이타 이동
END   2022-11-29 05:30:01 --------------------------


START 2022-11-29 05:40:01 --------------------------
live
총 0 개 데이타 이동
END   2022-11-29 05:40:01 --------------------------


START 2022-11-29 05:50:01 --------------------------
live
총 0 개 데이타 이동
END   2022-11-29 05:50:01 --------------------------


START 2022-11-29 06:00:01 --------------------------
live
총 0 개 데이타 이동
END   2022-11-29 06:00:01 --------------------------


START 2022-11-29 06:10:01 --------------------------
live
총 0 개 데이타 이동
END   2022-11-29 06:10:01 --------------------------


START 2022-11-29 06:20:01 --------------------------
live
총 0 개 데이타 이동
END   2022-11-29 06:20:01 --------------------------


START 2022-11-29 06:30:01 --------------------------
live
총 0 개 데이타 이동
END   2022-11-29 06:30:01 --------------------------


START 2022-11-29 06:40:01 --------------------------
live
총 0 개 데이타 이동
END   2022-11-29 06:40:01 --------------------------


START 2022-11-29 06:50:01 --------------------------
live
총 0 개 데이타 이동
END   2022-11-29 06:50:01 --------------------------


START 2022-11-29 07:00:02 --------------------------
live
총 0 개 데이타 이동
END   2022-11-29 07:00:02 --------------------------


START 2022-11-29 07:10:01 --------------------------
live
총 0 개 데이타 이동
END   2022-11-29 07:10:01 --------------------------


START 2022-11-29 07:20:01 --------------------------
live
총 0 개 데이타 이동
END   2022-11-29 07:20:01 --------------------------


START 2022-11-29 07:30:01 --------------------------
live
총 0 개 데이타 이동
END   2022-11-29 07:30:01 --------------------------


START 2022-11-29 07:40:01 --------------------------
live
총 0 개 데이타 이동
END   2022-11-29 07:40:01 --------------------------


START 2022-11-29 07:50:01 --------------------------
live
총 0 개 데이타 이동
END   2022-11-29 07:50:01 --------------------------


START 2022-11-29 08:00:01 --------------------------
live
총 0 개 데이타 이동
END   2022-11-29 08:00:01 --------------------------


START 2022-11-29 08:10:01 --------------------------
live
총 0 개 데이타 이동
END   2022-11-29 08:10:01 --------------------------


START 2022-11-29 08:20:01 --------------------------
live
총 0 개 데이타 이동
END   2022-11-29 08:20:01 --------------------------


START 2022-11-29 08:30:01 --------------------------
live
총 0 개 데이타 이동
END   2022-11-29 08:30:01 --------------------------


START 2022-11-29 08:40:01 --------------------------
live
총 0 개 데이타 이동
END   2022-11-29 08:40:01 --------------------------


START 2022-11-29 08:50:01 --------------------------
live
총 0 개 데이타 이동
END   2022-11-29 08:50:01 --------------------------


START 2022-11-29 09:00:01 --------------------------
live
총 0 개 데이타 이동
END   2022-11-29 09:00:01 --------------------------


START 2022-11-29 09:10:01 --------------------------
live
총 0 개 데이타 이동
END   2022-11-29 09:10:01 --------------------------


START 2022-11-29 09:20:01 --------------------------
live
총 0 개 데이타 이동
END   2022-11-29 09:20:01 --------------------------


START 2022-11-29 09:30:01 --------------------------
live
총 0 개 데이타 이동
END   2022-11-29 09:30:01 --------------------------


START 2022-11-29 09:40:01 --------------------------
live
총 0 개 데이타 이동
END   2022-11-29 09:40:01 --------------------------


START 2022-11-29 09:50:02 --------------------------
live
총 0 개 데이타 이동
END   2022-11-29 09:50:02 --------------------------


START 2022-11-29 10:00:01 --------------------------
live
총 0 개 데이타 이동
END   2022-11-29 10:00:01 --------------------------


START 2022-11-29 10:10:01 --------------------------
live
총 0 개 데이타 이동
END   2022-11-29 10:10:01 --------------------------


START 2022-11-29 10:20:01 --------------------------
live
총 0 개 데이타 이동
END   2022-11-29 10:20:01 --------------------------


START 2022-11-29 10:30:02 --------------------------
live
총 0 개 데이타 이동
END   2022-11-29 10:30:02 --------------------------


START 2022-11-29 10:40:01 --------------------------
live
총 0 개 데이타 이동
END   2022-11-29 10:40:01 --------------------------


START 2022-11-29 10:50:01 --------------------------
live
총 0 개 데이타 이동
END   2022-11-29 10:50:01 --------------------------


START 2022-11-29 11:00:01 --------------------------
live
총 0 개 데이타 이동
END   2022-11-29 11:00:01 --------------------------


START 2022-11-29 11:10:01 --------------------------
live
총 0 개 데이타 이동
END   2022-11-29 11:10:01 --------------------------


START 2022-11-29 11:20:01 --------------------------
live
총 0 개 데이타 이동
END   2022-11-29 11:20:01 --------------------------


START 2022-11-29 11:30:01 --------------------------
live
총 0 개 데이타 이동
END   2022-11-29 11:30:01 --------------------------


START 2022-11-29 11:40:01 --------------------------
live
총 0 개 데이타 이동
END   2022-11-29 11:40:01 --------------------------


START 2022-11-29 11:50:01 --------------------------
live
총 0 개 데이타 이동
END   2022-11-29 11:50:01 --------------------------


START 2022-11-29 12:00:01 --------------------------
live
총 0 개 데이타 이동
END   2022-11-29 12:00:01 --------------------------


START 2022-11-29 12:10:01 --------------------------
live
총 0 개 데이타 이동
END   2022-11-29 12:10:01 --------------------------


START 2022-11-29 12:20:01 --------------------------
live
총 0 개 데이타 이동
END   2022-11-29 12:20:01 --------------------------


START 2022-11-29 12:30:01 --------------------------
live
총 0 개 데이타 이동
END   2022-11-29 12:30:01 --------------------------


START 2022-11-29 12:40:02 --------------------------
live
총 0 개 데이타 이동
END   2022-11-29 12:40:02 --------------------------


START 2022-11-29 12:50:02 --------------------------
live
총 0 개 데이타 이동
END   2022-11-29 12:50:02 --------------------------


START 2022-11-29 13:00:02 --------------------------
live
총 0 개 데이타 이동
END   2022-11-29 13:00:02 --------------------------


START 2022-11-29 13:10:01 --------------------------
live
총 0 개 데이타 이동
END   2022-11-29 13:10:01 --------------------------


START 2022-11-29 13:20:01 --------------------------
live
총 0 개 데이타 이동
END   2022-11-29 13:20:01 --------------------------


START 2022-11-29 13:30:01 --------------------------
live
총 0 개 데이타 이동
END   2022-11-29 13:30:01 --------------------------


START 2022-11-29 13:40:01 --------------------------
live
총 0 개 데이타 이동
END   2022-11-29 13:40:01 --------------------------


START 2022-11-29 13:50:01 --------------------------
live
총 0 개 데이타 이동
END   2022-11-29 13:50:01 --------------------------


START 2022-11-29 14:00:04 --------------------------
live
총 0 개 데이타 이동
END   2022-11-29 14:00:04 --------------------------


START 2022-11-29 14:10:01 --------------------------
live
총 0 개 데이타 이동
END   2022-11-29 14:10:02 --------------------------


START 2022-11-29 14:20:01 --------------------------
live
총 0 개 데이타 이동
END   2022-11-29 14:20:01 --------------------------


START 2022-11-29 14:30:01 --------------------------
live
총 0 개 데이타 이동
END   2022-11-29 14:30:01 --------------------------


START 2022-11-29 14:40:01 --------------------------
live
총 0 개 데이타 이동
END   2022-11-29 14:40:01 --------------------------


START 2022-11-29 14:50:01 --------------------------
live
총 0 개 데이타 이동
END   2022-11-29 14:50:01 --------------------------


START 2022-11-29 15:00:01 --------------------------
live
총 0 개 데이타 이동
END   2022-11-29 15:00:02 --------------------------


START 2022-11-29 15:10:01 --------------------------
live
총 0 개 데이타 이동
END   2022-11-29 15:10:01 --------------------------


START 2022-11-29 15:20:01 --------------------------
live
총 0 개 데이타 이동
END   2022-11-29 15:20:01 --------------------------


START 2022-11-29 15:30:01 --------------------------
live
총 0 개 데이타 이동
END   2022-11-29 15:30:01 --------------------------


START 2022-11-29 15:40:02 --------------------------
live
총 0 개 데이타 이동
END   2022-11-29 15:40:02 --------------------------


START 2022-11-29 15:50:01 --------------------------
live
총 0 개 데이타 이동
END   2022-11-29 15:50:01 --------------------------


START 2022-11-29 16:00:01 --------------------------
live
총 14 개 데이타 이동
데이타 이동 시작 *****
3111950 01024568888 -- 3111951 01056179090 -- 3111952 01080060401 -- 3111953 01032809295 -- 3111954 01088944740 -- 3111955 01067241409 -- 3111956 01064063972 -- 3111957 01086246176 -- 3111958 01047693024 -- 3111959 01048474041 -- 3111960 01090838172 -- 3111961 01050297528 -- 3111962 01082299622 -- 3111963 01033358065 -- 
END   2022-11-29 16:00:01 --------------------------


START 2022-11-29 16:10:01 --------------------------
live
총 0 개 데이타 이동
END   2022-11-29 16:10:01 --------------------------


START 2022-11-29 16:20:01 --------------------------
live
총 0 개 데이타 이동
END   2022-11-29 16:20:01 --------------------------


START 2022-11-29 16:30:01 --------------------------
live
총 0 개 데이타 이동
END   2022-11-29 16:30:01 --------------------------


START 2022-11-29 16:40:01 --------------------------
live
총 0 개 데이타 이동
END   2022-11-29 16:40:01 --------------------------


START 2022-11-29 16:50:01 --------------------------
live
총 0 개 데이타 이동
END   2022-11-29 16:50:01 --------------------------


START 2022-11-29 17:00:01 --------------------------
live
총 0 개 데이타 이동
END   2022-11-29 17:00:01 --------------------------


START 2022-11-29 17:10:01 --------------------------
live
총 0 개 데이타 이동
END   2022-11-29 17:10:01 --------------------------


START 2022-11-29 17:20:01 --------------------------
live
총 0 개 데이타 이동
END   2022-11-29 17:20:01 --------------------------


START 2022-11-29 17:30:01 --------------------------
live
총 0 개 데이타 이동
END   2022-11-29 17:30:01 --------------------------


START 2022-11-29 17:40:01 --------------------------
live
총 0 개 데이타 이동
END   2022-11-29 17:40:01 --------------------------


START 2022-11-29 17:50:01 --------------------------
live
총 0 개 데이타 이동
END   2022-11-29 17:50:01 --------------------------


START 2022-11-29 18:00:02 --------------------------
live
총 0 개 데이타 이동
END   2022-11-29 18:00:02 --------------------------


START 2022-11-29 18:10:01 --------------------------
live
총 0 개 데이타 이동
END   2022-11-29 18:10:01 --------------------------


START 2022-11-29 18:20:01 --------------------------
live
총 0 개 데이타 이동
END   2022-11-29 18:20:01 --------------------------


START 2022-11-29 18:30:01 --------------------------
live
총 0 개 데이타 이동
END   2022-11-29 18:30:01 --------------------------


START 2022-11-29 18:40:01 --------------------------
live
총 0 개 데이타 이동
END   2022-11-29 18:40:01 --------------------------


START 2022-11-29 18:50:01 --------------------------
live
총 0 개 데이타 이동
END   2022-11-29 18:50:01 --------------------------


START 2022-11-29 19:00:01 --------------------------
live
총 0 개 데이타 이동
END   2022-11-29 19:00:01 --------------------------


START 2022-11-29 19:10:01 --------------------------
live
총 0 개 데이타 이동
END   2022-11-29 19:10:01 --------------------------


START 2022-11-29 19:20:01 --------------------------
live
총 0 개 데이타 이동
END   2022-11-29 19:20:01 --------------------------


START 2022-11-29 19:30:01 --------------------------
live
총 0 개 데이타 이동
END   2022-11-29 19:30:01 --------------------------


START 2022-11-29 19:40:01 --------------------------
live
총 0 개 데이타 이동
END   2022-11-29 19:40:01 --------------------------


START 2022-11-29 19:50:01 --------------------------
live
총 0 개 데이타 이동
END   2022-11-29 19:50:01 --------------------------


START 2022-11-29 20:00:01 --------------------------
live
총 0 개 데이타 이동
END   2022-11-29 20:00:01 --------------------------


START 2022-11-29 20:10:02 --------------------------
live
총 0 개 데이타 이동
END   2022-11-29 20:10:02 --------------------------


START 2022-11-29 20:20:01 --------------------------
live
총 0 개 데이타 이동
END   2022-11-29 20:20:01 --------------------------


START 2022-11-29 20:30:01 --------------------------
live
총 0 개 데이타 이동
END   2022-11-29 20:30:01 --------------------------


START 2022-11-29 20:40:01 --------------------------
live
총 0 개 데이타 이동
END   2022-11-29 20:40:01 --------------------------


START 2022-11-29 20:50:01 --------------------------
live
총 0 개 데이타 이동
END   2022-11-29 20:50:01 --------------------------


START 2022-11-29 21:00:03 --------------------------
live
총 0 개 데이타 이동
END   2022-11-29 21:00:03 --------------------------


START 2022-11-29 21:10:01 --------------------------
live
총 0 개 데이타 이동
END   2022-11-29 21:10:01 --------------------------


START 2022-11-29 21:20:01 --------------------------
live
총 0 개 데이타 이동
END   2022-11-29 21:20:01 --------------------------


START 2022-11-29 21:30:02 --------------------------
live
총 0 개 데이타 이동
END   2022-11-29 21:30:02 --------------------------


START 2022-11-29 21:40:01 --------------------------
live
총 0 개 데이타 이동
END   2022-11-29 21:40:01 --------------------------


START 2022-11-29 21:50:01 --------------------------
live
총 0 개 데이타 이동
END   2022-11-29 21:50:01 --------------------------


START 2022-11-29 22:00:01 --------------------------
live
총 0 개 데이타 이동
END   2022-11-29 22:00:01 --------------------------


START 2022-11-29 22:10:01 --------------------------
live
총 0 개 데이타 이동
END   2022-11-29 22:10:01 --------------------------


START 2022-11-29 22:20:01 --------------------------
live
총 0 개 데이타 이동
END   2022-11-29 22:20:01 --------------------------


START 2022-11-29 22:30:02 --------------------------
live
총 0 개 데이타 이동
END   2022-11-29 22:30:02 --------------------------


START 2022-11-29 22:40:01 --------------------------
live
총 0 개 데이타 이동
END   2022-11-29 22:40:01 --------------------------


START 2022-11-29 22:50:01 --------------------------
live
총 0 개 데이타 이동
END   2022-11-29 22:50:01 --------------------------


START 2022-11-29 23:00:01 --------------------------
live
총 0 개 데이타 이동
END   2022-11-29 23:00:01 --------------------------


START 2022-11-29 23:10:01 --------------------------
live
총 0 개 데이타 이동
END   2022-11-29 23:10:01 --------------------------


START 2022-11-29 23:20:01 --------------------------
live
총 0 개 데이타 이동
END   2022-11-29 23:20:01 --------------------------


START 2022-11-29 23:30:01 --------------------------
live
총 0 개 데이타 이동
END   2022-11-29 23:30:01 --------------------------


START 2022-11-29 23:40:01 --------------------------
live
총 0 개 데이타 이동
END   2022-11-29 23:40:01 --------------------------


START 2022-11-29 23:50:01 --------------------------
live
총 0 개 데이타 이동
END   2022-11-29 23:50:01 --------------------------


