START 2022-08-01 00:00:01 --------------------------
live
총 0 개 데이타 이동
END   2022-08-01 00:00:01 --------------------------


START 2022-08-01 00:10:02 --------------------------
live
총 0 개 데이타 이동
END   2022-08-01 00:10:02 --------------------------


START 2022-08-01 00:20:01 --------------------------
live
총 0 개 데이타 이동
END   2022-08-01 00:20:01 --------------------------


START 2022-08-01 00:30:01 --------------------------
live
총 0 개 데이타 이동
END   2022-08-01 00:30:01 --------------------------


START 2022-08-01 00:40:01 --------------------------
live
총 0 개 데이타 이동
END   2022-08-01 00:40:01 --------------------------


START 2022-08-01 00:50:01 --------------------------
live
총 0 개 데이타 이동
END   2022-08-01 00:50:01 --------------------------


START 2022-08-01 01:00:01 --------------------------
live
총 0 개 데이타 이동
END   2022-08-01 01:00:01 --------------------------


START 2022-08-01 01:10:01 --------------------------
live
총 0 개 데이타 이동
END   2022-08-01 01:10:01 --------------------------


START 2022-08-01 01:20:01 --------------------------
live
총 0 개 데이타 이동
END   2022-08-01 01:20:01 --------------------------


START 2022-08-01 01:30:01 --------------------------
live
총 0 개 데이타 이동
END   2022-08-01 01:30:01 --------------------------


START 2022-08-01 01:40:01 --------------------------
live
총 0 개 데이타 이동
END   2022-08-01 01:40:01 --------------------------


START 2022-08-01 01:50:01 --------------------------
live
총 0 개 데이타 이동
END   2022-08-01 01:50:01 --------------------------


START 2022-08-01 02:00:01 --------------------------
live
총 0 개 데이타 이동
END   2022-08-01 02:00:01 --------------------------


START 2022-08-01 02:10:01 --------------------------
live
총 0 개 데이타 이동
END   2022-08-01 02:10:01 --------------------------


START 2022-08-01 02:20:01 --------------------------
live
총 0 개 데이타 이동
END   2022-08-01 02:20:01 --------------------------


START 2022-08-01 02:30:01 --------------------------
live
총 0 개 데이타 이동
END   2022-08-01 02:30:01 --------------------------


START 2022-08-01 02:40:01 --------------------------
live
총 0 개 데이타 이동
END   2022-08-01 02:40:01 --------------------------


START 2022-08-01 02:50:01 --------------------------
live
총 0 개 데이타 이동
END   2022-08-01 02:50:01 --------------------------


START 2022-08-01 03:00:01 --------------------------
live
총 0 개 데이타 이동
END   2022-08-01 03:00:01 --------------------------


START 2022-08-01 03:10:01 --------------------------
live
총 0 개 데이타 이동
END   2022-08-01 03:10:01 --------------------------


START 2022-08-01 03:20:01 --------------------------
live
총 0 개 데이타 이동
END   2022-08-01 03:20:01 --------------------------


START 2022-08-01 03:30:01 --------------------------
live
총 0 개 데이타 이동
END   2022-08-01 03:30:01 --------------------------


START 2022-08-01 03:40:01 --------------------------
live
총 0 개 데이타 이동
END   2022-08-01 03:40:01 --------------------------


START 2022-08-01 03:50:01 --------------------------
live
총 0 개 데이타 이동
END   2022-08-01 03:50:01 --------------------------


START 2022-08-01 04:00:01 --------------------------
live
총 0 개 데이타 이동
END   2022-08-01 04:00:01 --------------------------


START 2022-08-01 04:10:01 --------------------------
live
총 0 개 데이타 이동
END   2022-08-01 04:10:01 --------------------------


START 2022-08-01 04:20:01 --------------------------
live
총 0 개 데이타 이동
END   2022-08-01 04:20:01 --------------------------


START 2022-08-01 04:30:01 --------------------------
live
총 0 개 데이타 이동
END   2022-08-01 04:30:02 --------------------------


START 2022-08-01 04:40:01 --------------------------
live
총 0 개 데이타 이동
END   2022-08-01 04:40:01 --------------------------


START 2022-08-01 04:50:01 --------------------------
live
총 0 개 데이타 이동
END   2022-08-01 04:50:01 --------------------------


START 2022-08-01 05:00:01 --------------------------
live
총 0 개 데이타 이동
END   2022-08-01 05:00:01 --------------------------


START 2022-08-01 05:10:01 --------------------------
live
총 0 개 데이타 이동
END   2022-08-01 05:10:01 --------------------------


START 2022-08-01 05:20:01 --------------------------
live
총 0 개 데이타 이동
END   2022-08-01 05:20:01 --------------------------


START 2022-08-01 05:30:01 --------------------------
live
총 0 개 데이타 이동
END   2022-08-01 05:30:01 --------------------------


START 2022-08-01 05:40:01 --------------------------
live
총 0 개 데이타 이동
END   2022-08-01 05:40:01 --------------------------


START 2022-08-01 05:50:01 --------------------------
live
총 0 개 데이타 이동
END   2022-08-01 05:50:01 --------------------------


START 2022-08-01 06:00:01 --------------------------
live
총 0 개 데이타 이동
END   2022-08-01 06:00:01 --------------------------


START 2022-08-01 06:10:01 --------------------------
live
총 0 개 데이타 이동
END   2022-08-01 06:10:01 --------------------------


START 2022-08-01 06:20:02 --------------------------
live
총 0 개 데이타 이동
END   2022-08-01 06:20:02 --------------------------


START 2022-08-01 06:30:01 --------------------------
live
총 0 개 데이타 이동
END   2022-08-01 06:30:01 --------------------------


START 2022-08-01 06:40:01 --------------------------
live
총 0 개 데이타 이동
END   2022-08-01 06:40:01 --------------------------


START 2022-08-01 06:50:01 --------------------------
live
총 0 개 데이타 이동
END   2022-08-01 06:50:01 --------------------------


START 2022-08-01 07:00:01 --------------------------
live
총 0 개 데이타 이동
END   2022-08-01 07:00:01 --------------------------


START 2022-08-01 07:10:02 --------------------------
live
총 0 개 데이타 이동
END   2022-08-01 07:10:02 --------------------------


START 2022-08-01 07:20:01 --------------------------
live
총 0 개 데이타 이동
END   2022-08-01 07:20:01 --------------------------


START 2022-08-01 07:30:01 --------------------------
live
총 0 개 데이타 이동
END   2022-08-01 07:30:01 --------------------------


START 2022-08-01 07:40:01 --------------------------
live
총 0 개 데이타 이동
END   2022-08-01 07:40:01 --------------------------


START 2022-08-01 07:50:01 --------------------------
live
총 0 개 데이타 이동
END   2022-08-01 07:50:01 --------------------------


START 2022-08-01 08:00:01 --------------------------
live
총 0 개 데이타 이동
END   2022-08-01 08:00:01 --------------------------


START 2022-08-01 08:10:01 --------------------------
live
총 0 개 데이타 이동
END   2022-08-01 08:10:01 --------------------------


START 2022-08-01 08:20:01 --------------------------
live
총 0 개 데이타 이동
END   2022-08-01 08:20:01 --------------------------


START 2022-08-01 08:30:01 --------------------------
live
총 0 개 데이타 이동
END   2022-08-01 08:30:01 --------------------------


START 2022-08-01 08:40:01 --------------------------
live
총 0 개 데이타 이동
END   2022-08-01 08:40:01 --------------------------


START 2022-08-01 08:50:02 --------------------------
live
총 0 개 데이타 이동
END   2022-08-01 08:50:02 --------------------------


START 2022-08-01 09:00:01 --------------------------
live
총 0 개 데이타 이동
END   2022-08-01 09:00:01 --------------------------


START 2022-08-01 09:10:01 --------------------------
live
총 0 개 데이타 이동
END   2022-08-01 09:10:01 --------------------------


START 2022-08-01 09:20:01 --------------------------
live
총 0 개 데이타 이동
END   2022-08-01 09:20:01 --------------------------


START 2022-08-01 09:30:01 --------------------------
live
총 0 개 데이타 이동
END   2022-08-01 09:30:01 --------------------------


START 2022-08-01 09:40:01 --------------------------
live
총 0 개 데이타 이동
END   2022-08-01 09:40:01 --------------------------


START 2022-08-01 09:50:01 --------------------------
live
총 0 개 데이타 이동
END   2022-08-01 09:50:01 --------------------------


START 2022-08-01 10:00:01 --------------------------
live
총 0 개 데이타 이동
END   2022-08-01 10:00:01 --------------------------


START 2022-08-01 10:10:01 --------------------------
live
총 0 개 데이타 이동
END   2022-08-01 10:10:01 --------------------------


START 2022-08-01 10:20:01 --------------------------
live
총 0 개 데이타 이동
END   2022-08-01 10:20:01 --------------------------


START 2022-08-01 10:30:01 --------------------------
live
총 0 개 데이타 이동
END   2022-08-01 10:30:01 --------------------------


START 2022-08-01 10:40:01 --------------------------
live
총 0 개 데이타 이동
END   2022-08-01 10:40:01 --------------------------


START 2022-08-01 10:50:01 --------------------------
live
총 0 개 데이타 이동
END   2022-08-01 10:50:01 --------------------------


START 2022-08-01 11:00:01 --------------------------
live
총 0 개 데이타 이동
END   2022-08-01 11:00:02 --------------------------


START 2022-08-01 11:10:01 --------------------------
live
총 0 개 데이타 이동
END   2022-08-01 11:10:01 --------------------------


START 2022-08-01 11:20:01 --------------------------
live
총 0 개 데이타 이동
END   2022-08-01 11:20:01 --------------------------


START 2022-08-01 11:30:01 --------------------------
live
총 0 개 데이타 이동
END   2022-08-01 11:30:01 --------------------------


START 2022-08-01 11:40:01 --------------------------
live
총 0 개 데이타 이동
END   2022-08-01 11:40:01 --------------------------


START 2022-08-01 11:50:01 --------------------------
live
총 4 개 데이타 이동
데이타 이동 시작 *****
3108774 01024568888 -- 3108775 01088944740 -- 3108776 01067241409 -- 3108777 01086246176 -- 
END   2022-08-01 11:50:01 --------------------------


START 2022-08-01 12:00:01 --------------------------
live
총 0 개 데이타 이동
END   2022-08-01 12:00:01 --------------------------


START 2022-08-01 12:10:01 --------------------------
live
총 0 개 데이타 이동
END   2022-08-01 12:10:01 --------------------------


START 2022-08-01 12:20:01 --------------------------
live
총 0 개 데이타 이동
END   2022-08-01 12:20:01 --------------------------


START 2022-08-01 12:30:01 --------------------------
live
총 0 개 데이타 이동
END   2022-08-01 12:30:01 --------------------------


START 2022-08-01 12:40:01 --------------------------
live
총 0 개 데이타 이동
END   2022-08-01 12:40:02 --------------------------


START 2022-08-01 12:50:01 --------------------------
live
총 0 개 데이타 이동
END   2022-08-01 12:50:01 --------------------------


START 2022-08-01 13:00:01 --------------------------
live
총 0 개 데이타 이동
END   2022-08-01 13:00:01 --------------------------


START 2022-08-01 13:10:01 --------------------------
live
총 0 개 데이타 이동
END   2022-08-01 13:10:01 --------------------------


START 2022-08-01 13:20:01 --------------------------
live
총 0 개 데이타 이동
END   2022-08-01 13:20:01 --------------------------


START 2022-08-01 13:30:01 --------------------------
live
총 0 개 데이타 이동
END   2022-08-01 13:30:01 --------------------------


START 2022-08-01 13:40:01 --------------------------
live
총 0 개 데이타 이동
END   2022-08-01 13:40:01 --------------------------


START 2022-08-01 13:50:01 --------------------------
live
총 0 개 데이타 이동
END   2022-08-01 13:50:01 --------------------------


START 2022-08-01 14:00:01 --------------------------
live
총 0 개 데이타 이동
END   2022-08-01 14:00:01 --------------------------


START 2022-08-01 14:10:01 --------------------------
live
총 0 개 데이타 이동
END   2022-08-01 14:10:01 --------------------------


START 2022-08-01 14:20:01 --------------------------
live
총 0 개 데이타 이동
END   2022-08-01 14:20:01 --------------------------


START 2022-08-01 14:30:01 --------------------------
live
총 0 개 데이타 이동
END   2022-08-01 14:30:01 --------------------------


START 2022-08-01 14:40:01 --------------------------
live
총 0 개 데이타 이동
END   2022-08-01 14:40:01 --------------------------


START 2022-08-01 14:50:01 --------------------------
live
총 0 개 데이타 이동
END   2022-08-01 14:50:01 --------------------------


START 2022-08-01 15:00:01 --------------------------
live
총 0 개 데이타 이동
END   2022-08-01 15:00:01 --------------------------


START 2022-08-01 15:10:01 --------------------------
live
총 0 개 데이타 이동
END   2022-08-01 15:10:01 --------------------------


START 2022-08-01 15:20:01 --------------------------
live
총 0 개 데이타 이동
END   2022-08-01 15:20:01 --------------------------


START 2022-08-01 15:30:01 --------------------------
live
총 0 개 데이타 이동
END   2022-08-01 15:30:01 --------------------------


START 2022-08-01 15:40:01 --------------------------
live
총 0 개 데이타 이동
END   2022-08-01 15:40:01 --------------------------


START 2022-08-01 15:50:02 --------------------------
live
총 0 개 데이타 이동
END   2022-08-01 15:50:02 --------------------------


START 2022-08-01 16:00:01 --------------------------
live
총 0 개 데이타 이동
END   2022-08-01 16:00:01 --------------------------


START 2022-08-01 16:10:01 --------------------------
live
총 0 개 데이타 이동
END   2022-08-01 16:10:01 --------------------------


START 2022-08-01 16:20:01 --------------------------
live
총 0 개 데이타 이동
END   2022-08-01 16:20:01 --------------------------


START 2022-08-01 16:30:01 --------------------------
live
총 0 개 데이타 이동
END   2022-08-01 16:30:01 --------------------------


START 2022-08-01 16:40:01 --------------------------
live
총 0 개 데이타 이동
END   2022-08-01 16:40:01 --------------------------


START 2022-08-01 16:50:01 --------------------------
live
총 0 개 데이타 이동
END   2022-08-01 16:50:01 --------------------------


START 2022-08-01 17:00:01 --------------------------
live
총 0 개 데이타 이동
END   2022-08-01 17:00:01 --------------------------


START 2022-08-01 17:10:01 --------------------------
live
총 0 개 데이타 이동
END   2022-08-01 17:10:01 --------------------------


START 2022-08-01 17:20:01 --------------------------
live
총 0 개 데이타 이동
END   2022-08-01 17:20:01 --------------------------


START 2022-08-01 17:30:01 --------------------------
live
총 0 개 데이타 이동
END   2022-08-01 17:30:01 --------------------------


START 2022-08-01 17:40:01 --------------------------
live
총 0 개 데이타 이동
END   2022-08-01 17:40:01 --------------------------


START 2022-08-01 17:50:01 --------------------------
live
총 0 개 데이타 이동
END   2022-08-01 17:50:01 --------------------------


START 2022-08-01 18:00:01 --------------------------
live
총 0 개 데이타 이동
END   2022-08-01 18:00:01 --------------------------


START 2022-08-01 18:10:01 --------------------------
live
총 0 개 데이타 이동
END   2022-08-01 18:10:01 --------------------------


START 2022-08-01 18:20:01 --------------------------
live
총 0 개 데이타 이동
END   2022-08-01 18:20:01 --------------------------


START 2022-08-01 18:30:01 --------------------------
live
총 0 개 데이타 이동
END   2022-08-01 18:30:01 --------------------------


START 2022-08-01 18:40:01 --------------------------
live
총 0 개 데이타 이동
END   2022-08-01 18:40:01 --------------------------


START 2022-08-01 18:50:01 --------------------------
live
총 0 개 데이타 이동
END   2022-08-01 18:50:01 --------------------------


START 2022-08-01 19:00:01 --------------------------
live
총 0 개 데이타 이동
END   2022-08-01 19:00:01 --------------------------


START 2022-08-01 19:10:01 --------------------------
live
총 0 개 데이타 이동
END   2022-08-01 19:10:01 --------------------------


START 2022-08-01 19:20:01 --------------------------
live
총 0 개 데이타 이동
END   2022-08-01 19:20:01 --------------------------


START 2022-08-01 19:30:01 --------------------------
live
총 0 개 데이타 이동
END   2022-08-01 19:30:01 --------------------------


START 2022-08-01 19:40:01 --------------------------
live
총 0 개 데이타 이동
END   2022-08-01 19:40:01 --------------------------


START 2022-08-01 19:50:01 --------------------------
live
총 0 개 데이타 이동
END   2022-08-01 19:50:01 --------------------------


START 2022-08-01 20:00:01 --------------------------
live
총 0 개 데이타 이동
END   2022-08-01 20:00:01 --------------------------


START 2022-08-01 20:10:01 --------------------------
live
총 0 개 데이타 이동
END   2022-08-01 20:10:01 --------------------------


START 2022-08-01 20:20:01 --------------------------
live
총 0 개 데이타 이동
END   2022-08-01 20:20:02 --------------------------


START 2022-08-01 20:30:01 --------------------------
live
총 0 개 데이타 이동
END   2022-08-01 20:30:01 --------------------------


START 2022-08-01 20:40:01 --------------------------
live
총 0 개 데이타 이동
END   2022-08-01 20:40:01 --------------------------


START 2022-08-01 20:50:01 --------------------------
live
총 0 개 데이타 이동
END   2022-08-01 20:50:01 --------------------------


START 2022-08-01 21:00:01 --------------------------
live
총 0 개 데이타 이동
END   2022-08-01 21:00:01 --------------------------


START 2022-08-01 21:10:02 --------------------------
live
총 0 개 데이타 이동
END   2022-08-01 21:10:02 --------------------------


START 2022-08-01 21:20:01 --------------------------
live
총 0 개 데이타 이동
END   2022-08-01 21:20:01 --------------------------


START 2022-08-01 21:30:01 --------------------------
live
총 0 개 데이타 이동
END   2022-08-01 21:30:01 --------------------------


START 2022-08-01 21:40:01 --------------------------
live
총 0 개 데이타 이동
END   2022-08-01 21:40:01 --------------------------


START 2022-08-01 21:50:01 --------------------------
live
총 0 개 데이타 이동
END   2022-08-01 21:50:01 --------------------------


START 2022-08-01 22:00:01 --------------------------
live
총 0 개 데이타 이동
END   2022-08-01 22:00:01 --------------------------


START 2022-08-01 22:10:01 --------------------------
live
총 0 개 데이타 이동
END   2022-08-01 22:10:01 --------------------------


START 2022-08-01 22:20:01 --------------------------
live
총 0 개 데이타 이동
END   2022-08-01 22:20:01 --------------------------


START 2022-08-01 22:30:01 --------------------------
live
총 0 개 데이타 이동
END   2022-08-01 22:30:01 --------------------------


START 2022-08-01 22:40:01 --------------------------
live
총 0 개 데이타 이동
END   2022-08-01 22:40:01 --------------------------


START 2022-08-01 22:50:01 --------------------------
live
총 0 개 데이타 이동
END   2022-08-01 22:50:01 --------------------------


START 2022-08-01 23:00:01 --------------------------
live
총 0 개 데이타 이동
END   2022-08-01 23:00:01 --------------------------


START 2022-08-01 23:10:01 --------------------------
live
총 0 개 데이타 이동
END   2022-08-01 23:10:01 --------------------------


START 2022-08-01 23:20:01 --------------------------
live
총 0 개 데이타 이동
END   2022-08-01 23:20:01 --------------------------


START 2022-08-01 23:30:01 --------------------------
live
총 0 개 데이타 이동
END   2022-08-01 23:30:01 --------------------------


START 2022-08-01 23:40:02 --------------------------
live
총 0 개 데이타 이동
END   2022-08-01 23:40:02 --------------------------


START 2022-08-01 23:50:01 --------------------------
live
총 0 개 데이타 이동
END   2022-08-01 23:50:01 --------------------------


