START 2022-08-02 00:00:01 --------------------------
live
총 0 개 데이타 이동
END   2022-08-02 00:00:01 --------------------------


START 2022-08-02 00:10:01 --------------------------
live
총 0 개 데이타 이동
END   2022-08-02 00:10:01 --------------------------


START 2022-08-02 00:20:01 --------------------------
live
총 0 개 데이타 이동
END   2022-08-02 00:20:01 --------------------------


START 2022-08-02 00:30:02 --------------------------
live
총 0 개 데이타 이동
END   2022-08-02 00:30:02 --------------------------


START 2022-08-02 00:40:01 --------------------------
live
총 0 개 데이타 이동
END   2022-08-02 00:40:01 --------------------------


START 2022-08-02 00:50:01 --------------------------
live
총 0 개 데이타 이동
END   2022-08-02 00:50:01 --------------------------


START 2022-08-02 01:00:01 --------------------------
live
총 0 개 데이타 이동
END   2022-08-02 01:00:01 --------------------------


START 2022-08-02 01:10:01 --------------------------
live
총 0 개 데이타 이동
END   2022-08-02 01:10:01 --------------------------


START 2022-08-02 01:20:01 --------------------------
live
총 0 개 데이타 이동
END   2022-08-02 01:20:01 --------------------------


START 2022-08-02 01:30:01 --------------------------
live
총 0 개 데이타 이동
END   2022-08-02 01:30:01 --------------------------


START 2022-08-02 01:40:01 --------------------------
live
총 0 개 데이타 이동
END   2022-08-02 01:40:01 --------------------------


START 2022-08-02 01:50:01 --------------------------
live
총 0 개 데이타 이동
END   2022-08-02 01:50:01 --------------------------


START 2022-08-02 02:00:01 --------------------------
live
총 0 개 데이타 이동
END   2022-08-02 02:00:01 --------------------------


START 2022-08-02 02:10:01 --------------------------
live
총 0 개 데이타 이동
END   2022-08-02 02:10:01 --------------------------


START 2022-08-02 02:20:01 --------------------------
live
총 0 개 데이타 이동
END   2022-08-02 02:20:01 --------------------------


START 2022-08-02 02:30:01 --------------------------
live
총 0 개 데이타 이동
END   2022-08-02 02:30:01 --------------------------


START 2022-08-02 02:40:01 --------------------------
live
총 0 개 데이타 이동
END   2022-08-02 02:40:01 --------------------------


START 2022-08-02 02:50:01 --------------------------
live
총 0 개 데이타 이동
END   2022-08-02 02:50:01 --------------------------


START 2022-08-02 03:00:01 --------------------------
live
총 0 개 데이타 이동
END   2022-08-02 03:00:01 --------------------------


START 2022-08-02 03:10:01 --------------------------
live
총 0 개 데이타 이동
END   2022-08-02 03:10:01 --------------------------


START 2022-08-02 03:20:01 --------------------------
live
총 0 개 데이타 이동
END   2022-08-02 03:20:01 --------------------------


START 2022-08-02 03:30:01 --------------------------
live
총 0 개 데이타 이동
END   2022-08-02 03:30:01 --------------------------


START 2022-08-02 03:40:02 --------------------------
live
총 0 개 데이타 이동
END   2022-08-02 03:40:02 --------------------------


START 2022-08-02 03:50:01 --------------------------
live
총 0 개 데이타 이동
END   2022-08-02 03:50:01 --------------------------


START 2022-08-02 04:00:01 --------------------------
live
총 0 개 데이타 이동
END   2022-08-02 04:00:01 --------------------------


START 2022-08-02 04:10:01 --------------------------
live
총 0 개 데이타 이동
END   2022-08-02 04:10:01 --------------------------


START 2022-08-02 04:20:01 --------------------------
live
총 0 개 데이타 이동
END   2022-08-02 04:20:01 --------------------------


START 2022-08-02 04:30:01 --------------------------
live
총 0 개 데이타 이동
END   2022-08-02 04:30:01 --------------------------


START 2022-08-02 04:40:01 --------------------------
live
총 0 개 데이타 이동
END   2022-08-02 04:40:01 --------------------------


START 2022-08-02 04:50:01 --------------------------
live
총 0 개 데이타 이동
END   2022-08-02 04:50:01 --------------------------


START 2022-08-02 05:00:01 --------------------------
live
총 0 개 데이타 이동
END   2022-08-02 05:00:01 --------------------------


START 2022-08-02 05:10:01 --------------------------
live
총 0 개 데이타 이동
END   2022-08-02 05:10:01 --------------------------


START 2022-08-02 05:20:01 --------------------------
live
총 0 개 데이타 이동
END   2022-08-02 05:20:01 --------------------------


START 2022-08-02 05:30:01 --------------------------
live
총 0 개 데이타 이동
END   2022-08-02 05:30:01 --------------------------


START 2022-08-02 05:40:01 --------------------------
live
총 0 개 데이타 이동
END   2022-08-02 05:40:01 --------------------------


START 2022-08-02 05:50:01 --------------------------
live
총 0 개 데이타 이동
END   2022-08-02 05:50:01 --------------------------


START 2022-08-02 06:00:01 --------------------------
live
총 0 개 데이타 이동
END   2022-08-02 06:00:01 --------------------------


START 2022-08-02 06:10:01 --------------------------
live
총 0 개 데이타 이동
END   2022-08-02 06:10:01 --------------------------


START 2022-08-02 06:20:01 --------------------------
live
총 0 개 데이타 이동
END   2022-08-02 06:20:01 --------------------------


START 2022-08-02 06:30:01 --------------------------
live
총 0 개 데이타 이동
END   2022-08-02 06:30:01 --------------------------


START 2022-08-02 06:40:01 --------------------------
live
총 0 개 데이타 이동
END   2022-08-02 06:40:01 --------------------------


START 2022-08-02 06:50:01 --------------------------
live
총 0 개 데이타 이동
END   2022-08-02 06:50:01 --------------------------


START 2022-08-02 07:00:01 --------------------------
live
총 0 개 데이타 이동
END   2022-08-02 07:00:01 --------------------------


START 2022-08-02 07:10:01 --------------------------
live
총 0 개 데이타 이동
END   2022-08-02 07:10:01 --------------------------


START 2022-08-02 07:20:01 --------------------------
live
총 0 개 데이타 이동
END   2022-08-02 07:20:01 --------------------------


START 2022-08-02 07:30:01 --------------------------
live
총 0 개 데이타 이동
END   2022-08-02 07:30:01 --------------------------


START 2022-08-02 07:40:01 --------------------------
live
총 0 개 데이타 이동
END   2022-08-02 07:40:01 --------------------------


START 2022-08-02 07:50:01 --------------------------
live
총 0 개 데이타 이동
END   2022-08-02 07:50:02 --------------------------


START 2022-08-02 08:00:02 --------------------------
live
총 0 개 데이타 이동
END   2022-08-02 08:00:02 --------------------------


START 2022-08-02 08:10:01 --------------------------
live
총 0 개 데이타 이동
END   2022-08-02 08:10:01 --------------------------


START 2022-08-02 08:20:01 --------------------------
live
총 0 개 데이타 이동
END   2022-08-02 08:20:01 --------------------------


START 2022-08-02 08:30:02 --------------------------
live
총 0 개 데이타 이동
END   2022-08-02 08:30:02 --------------------------


START 2022-08-02 08:40:01 --------------------------
live
총 0 개 데이타 이동
END   2022-08-02 08:40:01 --------------------------


START 2022-08-02 08:50:01 --------------------------
live
총 0 개 데이타 이동
END   2022-08-02 08:50:01 --------------------------


START 2022-08-02 09:00:01 --------------------------
live
총 0 개 데이타 이동
END   2022-08-02 09:00:01 --------------------------


START 2022-08-02 09:10:01 --------------------------
live
총 0 개 데이타 이동
END   2022-08-02 09:10:01 --------------------------


START 2022-08-02 09:20:01 --------------------------
live
총 0 개 데이타 이동
END   2022-08-02 09:20:01 --------------------------


START 2022-08-02 09:30:01 --------------------------
live
총 0 개 데이타 이동
END   2022-08-02 09:30:01 --------------------------


START 2022-08-02 09:40:01 --------------------------
live
총 0 개 데이타 이동
END   2022-08-02 09:40:01 --------------------------


START 2022-08-02 09:50:01 --------------------------
live
총 0 개 데이타 이동
END   2022-08-02 09:50:01 --------------------------


START 2022-08-02 10:00:01 --------------------------
live
총 0 개 데이타 이동
END   2022-08-02 10:00:01 --------------------------


START 2022-08-02 10:10:01 --------------------------
live
총 0 개 데이타 이동
END   2022-08-02 10:10:01 --------------------------


START 2022-08-02 10:20:01 --------------------------
live
총 0 개 데이타 이동
END   2022-08-02 10:20:01 --------------------------


START 2022-08-02 10:30:01 --------------------------
live
총 0 개 데이타 이동
END   2022-08-02 10:30:02 --------------------------


START 2022-08-02 10:40:01 --------------------------
live
총 0 개 데이타 이동
END   2022-08-02 10:40:01 --------------------------


START 2022-08-02 10:50:01 --------------------------
live
총 12 개 데이타 이동
데이타 이동 시작 *****
3108778 01030906908 -- 3108779 01030906908 -- 3108780 01030906908 -- 3108781 01067466580 -- 3108782 01056070130 -- 3108783 01056070130 -- 3108784 01025329904 -- 3108785 01082300118 -- 3108786 01037213621 -- 3108787 01037808203 -- 3108788 01088372069 -- 3108789 01039949371 -- 
END   2022-08-02 10:50:01 --------------------------


START 2022-08-02 11:00:01 --------------------------
live
총 0 개 데이타 이동
END   2022-08-02 11:00:01 --------------------------


START 2022-08-02 11:10:01 --------------------------
live
총 0 개 데이타 이동
END   2022-08-02 11:10:01 --------------------------


START 2022-08-02 11:20:01 --------------------------
live
총 0 개 데이타 이동
END   2022-08-02 11:20:01 --------------------------


START 2022-08-02 11:30:02 --------------------------
live
총 0 개 데이타 이동
END   2022-08-02 11:30:02 --------------------------


START 2022-08-02 11:40:01 --------------------------
live
총 0 개 데이타 이동
END   2022-08-02 11:40:01 --------------------------


START 2022-08-02 11:50:01 --------------------------
live
총 0 개 데이타 이동
END   2022-08-02 11:50:01 --------------------------


START 2022-08-02 12:00:02 --------------------------
live
총 0 개 데이타 이동
END   2022-08-02 12:00:02 --------------------------


START 2022-08-02 12:10:01 --------------------------
live
총 0 개 데이타 이동
END   2022-08-02 12:10:01 --------------------------


START 2022-08-02 12:20:02 --------------------------
live
총 0 개 데이타 이동
END   2022-08-02 12:20:02 --------------------------


START 2022-08-02 12:30:01 --------------------------
live
총 0 개 데이타 이동
END   2022-08-02 12:30:01 --------------------------


START 2022-08-02 12:40:02 --------------------------
live
총 0 개 데이타 이동
END   2022-08-02 12:40:02 --------------------------


START 2022-08-02 12:50:01 --------------------------
live
총 0 개 데이타 이동
END   2022-08-02 12:50:01 --------------------------


START 2022-08-02 13:00:01 --------------------------
live
총 0 개 데이타 이동
END   2022-08-02 13:00:02 --------------------------


START 2022-08-02 13:10:01 --------------------------
live
총 0 개 데이타 이동
END   2022-08-02 13:10:02 --------------------------


START 2022-08-02 13:20:01 --------------------------
live
총 0 개 데이타 이동
END   2022-08-02 13:20:01 --------------------------


START 2022-08-02 13:30:01 --------------------------
live
총 0 개 데이타 이동
END   2022-08-02 13:30:01 --------------------------


START 2022-08-02 13:40:01 --------------------------
live
총 0 개 데이타 이동
END   2022-08-02 13:40:01 --------------------------


START 2022-08-02 13:50:01 --------------------------
live
총 0 개 데이타 이동
END   2022-08-02 13:50:01 --------------------------


START 2022-08-02 14:00:01 --------------------------
live
총 0 개 데이타 이동
END   2022-08-02 14:00:01 --------------------------


START 2022-08-02 14:10:01 --------------------------
live
총 0 개 데이타 이동
END   2022-08-02 14:10:01 --------------------------


START 2022-08-02 14:20:01 --------------------------
live
총 0 개 데이타 이동
END   2022-08-02 14:20:01 --------------------------


START 2022-08-02 14:30:01 --------------------------
live
총 0 개 데이타 이동
END   2022-08-02 14:30:01 --------------------------


START 2022-08-02 14:40:01 --------------------------
live
총 0 개 데이타 이동
END   2022-08-02 14:40:01 --------------------------


START 2022-08-02 14:50:01 --------------------------
live
총 0 개 데이타 이동
END   2022-08-02 14:50:01 --------------------------


START 2022-08-02 15:00:02 --------------------------
live
총 0 개 데이타 이동
END   2022-08-02 15:00:02 --------------------------


START 2022-08-02 15:10:02 --------------------------
live
총 0 개 데이타 이동
END   2022-08-02 15:10:02 --------------------------


START 2022-08-02 15:20:01 --------------------------
live
총 0 개 데이타 이동
END   2022-08-02 15:20:01 --------------------------


START 2022-08-02 15:30:01 --------------------------
live
총 0 개 데이타 이동
END   2022-08-02 15:30:01 --------------------------


START 2022-08-02 15:40:02 --------------------------
live
총 0 개 데이타 이동
END   2022-08-02 15:40:02 --------------------------


START 2022-08-02 15:50:01 --------------------------
live
총 0 개 데이타 이동
END   2022-08-02 15:50:01 --------------------------


START 2022-08-02 16:00:01 --------------------------
live
총 0 개 데이타 이동
END   2022-08-02 16:00:01 --------------------------


START 2022-08-02 16:10:01 --------------------------
live
총 0 개 데이타 이동
END   2022-08-02 16:10:01 --------------------------


START 2022-08-02 16:20:01 --------------------------
live
총 0 개 데이타 이동
END   2022-08-02 16:20:01 --------------------------


START 2022-08-02 16:30:01 --------------------------
live
총 0 개 데이타 이동
END   2022-08-02 16:30:01 --------------------------


START 2022-08-02 16:40:01 --------------------------
live
총 0 개 데이타 이동
END   2022-08-02 16:40:01 --------------------------


START 2022-08-02 16:50:02 --------------------------
live
총 0 개 데이타 이동
END   2022-08-02 16:50:02 --------------------------


START 2022-08-02 17:00:01 --------------------------
live
총 0 개 데이타 이동
END   2022-08-02 17:00:01 --------------------------


START 2022-08-02 17:10:01 --------------------------
live
총 0 개 데이타 이동
END   2022-08-02 17:10:01 --------------------------


START 2022-08-02 17:20:01 --------------------------
live
1 개의 미처리 삭제대상 레코드 발견
delete from cf_Msg_Tran where moved='N' and Send_Time < now() - interval 60 DAY
1 개 삭제

총 0 개 데이타 이동
END   2022-08-02 17:20:01 --------------------------


START 2022-08-02 17:30:01 --------------------------
live
총 0 개 데이타 이동
END   2022-08-02 17:30:01 --------------------------


START 2022-08-02 17:40:01 --------------------------
live
총 0 개 데이타 이동
END   2022-08-02 17:40:01 --------------------------


START 2022-08-02 17:50:01 --------------------------
live
총 0 개 데이타 이동
END   2022-08-02 17:50:01 --------------------------


START 2022-08-02 18:00:01 --------------------------
live
총 0 개 데이타 이동
END   2022-08-02 18:00:01 --------------------------


START 2022-08-02 18:10:01 --------------------------
live
총 0 개 데이타 이동
END   2022-08-02 18:10:01 --------------------------


START 2022-08-02 18:20:01 --------------------------
live
총 0 개 데이타 이동
END   2022-08-02 18:20:01 --------------------------


START 2022-08-02 18:30:01 --------------------------
live
총 0 개 데이타 이동
END   2022-08-02 18:30:01 --------------------------


START 2022-08-02 18:40:01 --------------------------
live
총 0 개 데이타 이동
END   2022-08-02 18:40:01 --------------------------


START 2022-08-02 18:50:01 --------------------------
live
총 0 개 데이타 이동
END   2022-08-02 18:50:01 --------------------------


START 2022-08-02 19:00:01 --------------------------
live
총 0 개 데이타 이동
END   2022-08-02 19:00:01 --------------------------


START 2022-08-02 19:10:01 --------------------------
live
총 0 개 데이타 이동
END   2022-08-02 19:10:01 --------------------------


START 2022-08-02 19:20:01 --------------------------
live
총 0 개 데이타 이동
END   2022-08-02 19:20:01 --------------------------


START 2022-08-02 19:30:01 --------------------------
live
총 0 개 데이타 이동
END   2022-08-02 19:30:01 --------------------------


START 2022-08-02 19:40:01 --------------------------
live
총 0 개 데이타 이동
END   2022-08-02 19:40:01 --------------------------


START 2022-08-02 19:50:01 --------------------------
live
총 0 개 데이타 이동
END   2022-08-02 19:50:01 --------------------------


START 2022-08-02 20:00:01 --------------------------
live
총 0 개 데이타 이동
END   2022-08-02 20:00:01 --------------------------


START 2022-08-02 20:10:01 --------------------------
live
총 0 개 데이타 이동
END   2022-08-02 20:10:01 --------------------------


START 2022-08-02 20:20:01 --------------------------
live
총 0 개 데이타 이동
END   2022-08-02 20:20:01 --------------------------


START 2022-08-02 20:30:01 --------------------------
live
총 0 개 데이타 이동
END   2022-08-02 20:30:01 --------------------------


START 2022-08-02 20:40:01 --------------------------
live
총 0 개 데이타 이동
END   2022-08-02 20:40:01 --------------------------


START 2022-08-02 20:50:01 --------------------------
live
총 0 개 데이타 이동
END   2022-08-02 20:50:01 --------------------------


START 2022-08-02 21:00:01 --------------------------
live
총 0 개 데이타 이동
END   2022-08-02 21:00:01 --------------------------


START 2022-08-02 21:10:02 --------------------------
live
총 0 개 데이타 이동
END   2022-08-02 21:10:02 --------------------------


START 2022-08-02 21:20:01 --------------------------
live
총 0 개 데이타 이동
END   2022-08-02 21:20:01 --------------------------


START 2022-08-02 21:30:01 --------------------------
live
총 0 개 데이타 이동
END   2022-08-02 21:30:01 --------------------------


START 2022-08-02 21:40:01 --------------------------
live
총 0 개 데이타 이동
END   2022-08-02 21:40:01 --------------------------


START 2022-08-02 21:50:01 --------------------------
live
총 0 개 데이타 이동
END   2022-08-02 21:50:01 --------------------------


START 2022-08-02 22:00:01 --------------------------
live
총 0 개 데이타 이동
END   2022-08-02 22:00:01 --------------------------


START 2022-08-02 22:10:01 --------------------------
live
총 0 개 데이타 이동
END   2022-08-02 22:10:01 --------------------------


START 2022-08-02 22:20:01 --------------------------
live
총 0 개 데이타 이동
END   2022-08-02 22:20:01 --------------------------


START 2022-08-02 22:30:01 --------------------------
live
총 0 개 데이타 이동
END   2022-08-02 22:30:01 --------------------------


START 2022-08-02 22:40:01 --------------------------
live
총 0 개 데이타 이동
END   2022-08-02 22:40:01 --------------------------


START 2022-08-02 22:50:01 --------------------------
live
총 0 개 데이타 이동
END   2022-08-02 22:50:01 --------------------------


START 2022-08-02 23:00:01 --------------------------
live
총 0 개 데이타 이동
END   2022-08-02 23:00:01 --------------------------


START 2022-08-02 23:10:01 --------------------------
live
총 0 개 데이타 이동
END   2022-08-02 23:10:01 --------------------------


START 2022-08-02 23:20:01 --------------------------
live
총 0 개 데이타 이동
END   2022-08-02 23:20:01 --------------------------


START 2022-08-02 23:30:01 --------------------------
live
총 0 개 데이타 이동
END   2022-08-02 23:30:01 --------------------------


START 2022-08-02 23:40:01 --------------------------
live
총 0 개 데이타 이동
END   2022-08-02 23:40:01 --------------------------


START 2022-08-02 23:50:01 --------------------------
live
총 0 개 데이타 이동
END   2022-08-02 23:50:01 --------------------------


