START 2022-07-17 00:00:01 --------------------------
live
총 0 개 데이타 이동
END   2022-07-17 00:00:01 --------------------------


START 2022-07-17 00:10:01 --------------------------
live
총 0 개 데이타 이동
END   2022-07-17 00:10:01 --------------------------


START 2022-07-17 00:20:01 --------------------------
live
총 0 개 데이타 이동
END   2022-07-17 00:20:01 --------------------------


START 2022-07-17 00:30:01 --------------------------
live
총 0 개 데이타 이동
END   2022-07-17 00:30:01 --------------------------


START 2022-07-17 00:40:02 --------------------------
live
총 0 개 데이타 이동
END   2022-07-17 00:40:02 --------------------------


START 2022-07-17 00:50:01 --------------------------
live
총 0 개 데이타 이동
END   2022-07-17 00:50:01 --------------------------


START 2022-07-17 01:00:01 --------------------------
live
총 0 개 데이타 이동
END   2022-07-17 01:00:01 --------------------------


START 2022-07-17 01:10:01 --------------------------
live
총 0 개 데이타 이동
END   2022-07-17 01:10:01 --------------------------


START 2022-07-17 01:20:01 --------------------------
live
총 0 개 데이타 이동
END   2022-07-17 01:20:01 --------------------------


START 2022-07-17 01:30:01 --------------------------
live
총 0 개 데이타 이동
END   2022-07-17 01:30:01 --------------------------


START 2022-07-17 01:40:01 --------------------------
live
총 0 개 데이타 이동
END   2022-07-17 01:40:01 --------------------------


START 2022-07-17 01:50:01 --------------------------
live
총 0 개 데이타 이동
END   2022-07-17 01:50:01 --------------------------


START 2022-07-17 02:00:01 --------------------------
live
총 0 개 데이타 이동
END   2022-07-17 02:00:01 --------------------------


START 2022-07-17 02:10:01 --------------------------
live
총 0 개 데이타 이동
END   2022-07-17 02:10:01 --------------------------


START 2022-07-17 02:20:01 --------------------------
live
총 0 개 데이타 이동
END   2022-07-17 02:20:01 --------------------------


START 2022-07-17 02:30:01 --------------------------
live
총 0 개 데이타 이동
END   2022-07-17 02:30:01 --------------------------


START 2022-07-17 02:40:01 --------------------------
live
총 0 개 데이타 이동
END   2022-07-17 02:40:01 --------------------------


START 2022-07-17 02:50:01 --------------------------
live
총 0 개 데이타 이동
END   2022-07-17 02:50:01 --------------------------


START 2022-07-17 03:00:01 --------------------------
live
총 0 개 데이타 이동
END   2022-07-17 03:00:01 --------------------------


START 2022-07-17 03:10:01 --------------------------
live
총 0 개 데이타 이동
END   2022-07-17 03:10:01 --------------------------


START 2022-07-17 03:20:01 --------------------------
live
총 0 개 데이타 이동
END   2022-07-17 03:20:01 --------------------------


START 2022-07-17 03:30:01 --------------------------
live
총 0 개 데이타 이동
END   2022-07-17 03:30:01 --------------------------


START 2022-07-17 03:40:01 --------------------------
live
총 0 개 데이타 이동
END   2022-07-17 03:40:01 --------------------------


START 2022-07-17 03:50:01 --------------------------
live
총 0 개 데이타 이동
END   2022-07-17 03:50:01 --------------------------


START 2022-07-17 04:00:01 --------------------------
live
총 0 개 데이타 이동
END   2022-07-17 04:00:01 --------------------------


START 2022-07-17 04:10:02 --------------------------
live
총 0 개 데이타 이동
END   2022-07-17 04:10:02 --------------------------


START 2022-07-17 04:20:01 --------------------------
live
총 0 개 데이타 이동
END   2022-07-17 04:20:01 --------------------------


START 2022-07-17 04:30:01 --------------------------
live
총 0 개 데이타 이동
END   2022-07-17 04:30:01 --------------------------


START 2022-07-17 04:40:01 --------------------------
live
총 0 개 데이타 이동
END   2022-07-17 04:40:01 --------------------------


START 2022-07-17 04:50:01 --------------------------
live
총 0 개 데이타 이동
END   2022-07-17 04:50:01 --------------------------


START 2022-07-17 05:00:01 --------------------------
live
총 0 개 데이타 이동
END   2022-07-17 05:00:01 --------------------------


START 2022-07-17 05:10:01 --------------------------
live
총 0 개 데이타 이동
END   2022-07-17 05:10:01 --------------------------


START 2022-07-17 05:20:01 --------------------------
live
총 0 개 데이타 이동
END   2022-07-17 05:20:01 --------------------------


START 2022-07-17 05:30:01 --------------------------
live
총 0 개 데이타 이동
END   2022-07-17 05:30:01 --------------------------


START 2022-07-17 05:40:01 --------------------------
live
총 0 개 데이타 이동
END   2022-07-17 05:40:01 --------------------------


START 2022-07-17 05:50:01 --------------------------
live
총 0 개 데이타 이동
END   2022-07-17 05:50:01 --------------------------


START 2022-07-17 06:00:01 --------------------------
live
총 0 개 데이타 이동
END   2022-07-17 06:00:01 --------------------------


START 2022-07-17 06:10:01 --------------------------
live
총 0 개 데이타 이동
END   2022-07-17 06:10:01 --------------------------


START 2022-07-17 06:20:01 --------------------------
live
총 0 개 데이타 이동
END   2022-07-17 06:20:01 --------------------------


START 2022-07-17 06:30:01 --------------------------
live
총 0 개 데이타 이동
END   2022-07-17 06:30:01 --------------------------


START 2022-07-17 06:40:01 --------------------------
live
총 0 개 데이타 이동
END   2022-07-17 06:40:01 --------------------------


START 2022-07-17 06:50:01 --------------------------
live
총 0 개 데이타 이동
END   2022-07-17 06:50:01 --------------------------


START 2022-07-17 07:00:01 --------------------------
live
총 0 개 데이타 이동
END   2022-07-17 07:00:01 --------------------------


START 2022-07-17 07:10:01 --------------------------
live
총 0 개 데이타 이동
END   2022-07-17 07:10:01 --------------------------


START 2022-07-17 07:20:01 --------------------------
live
총 0 개 데이타 이동
END   2022-07-17 07:20:01 --------------------------


START 2022-07-17 07:30:01 --------------------------
live
총 0 개 데이타 이동
END   2022-07-17 07:30:01 --------------------------


START 2022-07-17 07:40:01 --------------------------
live
총 0 개 데이타 이동
END   2022-07-17 07:40:01 --------------------------


START 2022-07-17 07:50:01 --------------------------
live
총 0 개 데이타 이동
END   2022-07-17 07:50:01 --------------------------


START 2022-07-17 08:00:01 --------------------------
live
총 0 개 데이타 이동
END   2022-07-17 08:00:01 --------------------------


START 2022-07-17 08:10:01 --------------------------
live
총 0 개 데이타 이동
END   2022-07-17 08:10:01 --------------------------


START 2022-07-17 08:20:01 --------------------------
live
총 0 개 데이타 이동
END   2022-07-17 08:20:01 --------------------------


START 2022-07-17 08:30:01 --------------------------
live
총 0 개 데이타 이동
END   2022-07-17 08:30:01 --------------------------


START 2022-07-17 08:40:02 --------------------------
live
총 0 개 데이타 이동
END   2022-07-17 08:40:02 --------------------------


START 2022-07-17 08:50:01 --------------------------
live
총 0 개 데이타 이동
END   2022-07-17 08:50:01 --------------------------


START 2022-07-17 09:00:01 --------------------------
live
총 0 개 데이타 이동
END   2022-07-17 09:00:01 --------------------------


START 2022-07-17 09:10:01 --------------------------
live
총 0 개 데이타 이동
END   2022-07-17 09:10:01 --------------------------


START 2022-07-17 09:20:01 --------------------------
live
총 0 개 데이타 이동
END   2022-07-17 09:20:01 --------------------------


START 2022-07-17 09:30:01 --------------------------
live
총 0 개 데이타 이동
END   2022-07-17 09:30:01 --------------------------


START 2022-07-17 09:40:01 --------------------------
live
총 0 개 데이타 이동
END   2022-07-17 09:40:01 --------------------------


START 2022-07-17 09:50:01 --------------------------
live
총 0 개 데이타 이동
END   2022-07-17 09:50:01 --------------------------


START 2022-07-17 10:00:02 --------------------------
live
4 개의 삭제대상 레코드 발견
delete from cf_Msg_Tran where moved='Y' and Send_Time < now() - interval 30 DAY
4 개 삭제

총 0 개 데이타 이동
END   2022-07-17 10:00:02 --------------------------


START 2022-07-17 10:10:01 --------------------------
live
총 0 개 데이타 이동
END   2022-07-17 10:10:01 --------------------------


START 2022-07-17 10:20:01 --------------------------
live
총 0 개 데이타 이동
END   2022-07-17 10:20:01 --------------------------


START 2022-07-17 10:30:01 --------------------------
live
총 0 개 데이타 이동
END   2022-07-17 10:30:01 --------------------------


START 2022-07-17 10:40:01 --------------------------
live
총 0 개 데이타 이동
END   2022-07-17 10:40:01 --------------------------


START 2022-07-17 10:50:01 --------------------------
live
총 0 개 데이타 이동
END   2022-07-17 10:50:01 --------------------------


START 2022-07-17 11:00:01 --------------------------
live
총 0 개 데이타 이동
END   2022-07-17 11:00:01 --------------------------


START 2022-07-17 11:10:01 --------------------------
live
총 0 개 데이타 이동
END   2022-07-17 11:10:01 --------------------------


START 2022-07-17 11:20:01 --------------------------
live
총 0 개 데이타 이동
END   2022-07-17 11:20:01 --------------------------


START 2022-07-17 11:30:01 --------------------------
live
총 0 개 데이타 이동
END   2022-07-17 11:30:01 --------------------------


START 2022-07-17 11:40:01 --------------------------
live
총 0 개 데이타 이동
END   2022-07-17 11:40:01 --------------------------


START 2022-07-17 11:50:01 --------------------------
live
총 0 개 데이타 이동
END   2022-07-17 11:50:01 --------------------------


START 2022-07-17 12:00:01 --------------------------
live
총 0 개 데이타 이동
END   2022-07-17 12:00:01 --------------------------


START 2022-07-17 12:10:01 --------------------------
live
총 0 개 데이타 이동
END   2022-07-17 12:10:01 --------------------------


START 2022-07-17 12:20:01 --------------------------
live
총 0 개 데이타 이동
END   2022-07-17 12:20:01 --------------------------


START 2022-07-17 12:30:01 --------------------------
live
총 0 개 데이타 이동
END   2022-07-17 12:30:01 --------------------------


START 2022-07-17 12:40:01 --------------------------
live
총 0 개 데이타 이동
END   2022-07-17 12:40:01 --------------------------


START 2022-07-17 12:50:01 --------------------------
live
총 0 개 데이타 이동
END   2022-07-17 12:50:01 --------------------------


START 2022-07-17 13:00:01 --------------------------
live
총 0 개 데이타 이동
END   2022-07-17 13:00:01 --------------------------


START 2022-07-17 13:10:01 --------------------------
live
1 개의 삭제대상 레코드 발견
delete from cf_Msg_Tran where moved='Y' and Send_Time < now() - interval 30 DAY
1 개 삭제

총 0 개 데이타 이동
END   2022-07-17 13:10:01 --------------------------


START 2022-07-17 13:20:01 --------------------------
live
총 0 개 데이타 이동
END   2022-07-17 13:20:01 --------------------------


START 2022-07-17 13:30:01 --------------------------
live
총 0 개 데이타 이동
END   2022-07-17 13:30:01 --------------------------


START 2022-07-17 13:40:01 --------------------------
live
총 0 개 데이타 이동
END   2022-07-17 13:40:01 --------------------------


START 2022-07-17 13:50:01 --------------------------
live
총 0 개 데이타 이동
END   2022-07-17 13:50:01 --------------------------


START 2022-07-17 14:00:01 --------------------------
live
총 0 개 데이타 이동
END   2022-07-17 14:00:01 --------------------------


START 2022-07-17 14:10:01 --------------------------
live
총 0 개 데이타 이동
END   2022-07-17 14:10:01 --------------------------


START 2022-07-17 14:20:01 --------------------------
live
총 0 개 데이타 이동
END   2022-07-17 14:20:01 --------------------------


START 2022-07-17 14:30:01 --------------------------
live
총 0 개 데이타 이동
END   2022-07-17 14:30:01 --------------------------


START 2022-07-17 14:40:02 --------------------------
live
총 0 개 데이타 이동
END   2022-07-17 14:40:02 --------------------------


START 2022-07-17 14:50:01 --------------------------
live
총 0 개 데이타 이동
END   2022-07-17 14:50:01 --------------------------


START 2022-07-17 15:00:01 --------------------------
live
총 0 개 데이타 이동
END   2022-07-17 15:00:01 --------------------------


START 2022-07-17 15:10:01 --------------------------
live
총 0 개 데이타 이동
END   2022-07-17 15:10:01 --------------------------


START 2022-07-17 15:20:01 --------------------------
live
총 0 개 데이타 이동
END   2022-07-17 15:20:01 --------------------------


START 2022-07-17 15:30:01 --------------------------
live
총 0 개 데이타 이동
END   2022-07-17 15:30:01 --------------------------


START 2022-07-17 15:40:01 --------------------------
live
총 0 개 데이타 이동
END   2022-07-17 15:40:01 --------------------------


START 2022-07-17 15:50:01 --------------------------
live
총 0 개 데이타 이동
END   2022-07-17 15:50:01 --------------------------


START 2022-07-17 16:00:01 --------------------------
live
총 0 개 데이타 이동
END   2022-07-17 16:00:01 --------------------------


START 2022-07-17 16:10:01 --------------------------
live
총 0 개 데이타 이동
END   2022-07-17 16:10:01 --------------------------


START 2022-07-17 16:20:01 --------------------------
live
총 0 개 데이타 이동
END   2022-07-17 16:20:01 --------------------------


START 2022-07-17 16:30:02 --------------------------
live
총 0 개 데이타 이동
END   2022-07-17 16:30:02 --------------------------


START 2022-07-17 16:40:01 --------------------------
live
총 0 개 데이타 이동
END   2022-07-17 16:40:01 --------------------------


START 2022-07-17 16:50:01 --------------------------
live
총 0 개 데이타 이동
END   2022-07-17 16:50:01 --------------------------


START 2022-07-17 17:00:01 --------------------------
live
총 0 개 데이타 이동
END   2022-07-17 17:00:01 --------------------------


START 2022-07-17 17:10:01 --------------------------
live
총 0 개 데이타 이동
END   2022-07-17 17:10:01 --------------------------


START 2022-07-17 17:20:01 --------------------------
live
4 개의 삭제대상 레코드 발견
delete from cf_Msg_Tran where moved='Y' and Send_Time < now() - interval 30 DAY
4 개 삭제

총 0 개 데이타 이동
END   2022-07-17 17:20:01 --------------------------


START 2022-07-17 17:30:01 --------------------------
live
총 0 개 데이타 이동
END   2022-07-17 17:30:01 --------------------------


START 2022-07-17 17:40:01 --------------------------
live
총 0 개 데이타 이동
END   2022-07-17 17:40:01 --------------------------


START 2022-07-17 17:50:01 --------------------------
live
총 0 개 데이타 이동
END   2022-07-17 17:50:01 --------------------------


START 2022-07-17 18:00:01 --------------------------
live
총 0 개 데이타 이동
END   2022-07-17 18:00:01 --------------------------


START 2022-07-17 18:10:01 --------------------------
live
총 0 개 데이타 이동
END   2022-07-17 18:10:01 --------------------------


START 2022-07-17 18:20:01 --------------------------
live
총 0 개 데이타 이동
END   2022-07-17 18:20:01 --------------------------


START 2022-07-17 18:30:01 --------------------------
live
총 0 개 데이타 이동
END   2022-07-17 18:30:01 --------------------------


START 2022-07-17 18:40:01 --------------------------
live
총 0 개 데이타 이동
END   2022-07-17 18:40:01 --------------------------


START 2022-07-17 18:50:01 --------------------------
live
총 0 개 데이타 이동
END   2022-07-17 18:50:01 --------------------------


START 2022-07-17 19:00:01 --------------------------
live
총 0 개 데이타 이동
END   2022-07-17 19:00:01 --------------------------


START 2022-07-17 19:10:01 --------------------------
live
총 0 개 데이타 이동
END   2022-07-17 19:10:01 --------------------------


START 2022-07-17 19:20:01 --------------------------
live
총 0 개 데이타 이동
END   2022-07-17 19:20:01 --------------------------


START 2022-07-17 19:30:01 --------------------------
live
총 0 개 데이타 이동
END   2022-07-17 19:30:01 --------------------------


START 2022-07-17 19:40:01 --------------------------
live
총 0 개 데이타 이동
END   2022-07-17 19:40:01 --------------------------


START 2022-07-17 19:50:01 --------------------------
live
총 0 개 데이타 이동
END   2022-07-17 19:50:01 --------------------------


START 2022-07-17 20:00:01 --------------------------
live
총 0 개 데이타 이동
END   2022-07-17 20:00:01 --------------------------


START 2022-07-17 20:10:01 --------------------------
live
총 0 개 데이타 이동
END   2022-07-17 20:10:01 --------------------------


START 2022-07-17 20:20:01 --------------------------
live
총 0 개 데이타 이동
END   2022-07-17 20:20:01 --------------------------


START 2022-07-17 20:30:01 --------------------------
live
총 0 개 데이타 이동
END   2022-07-17 20:30:01 --------------------------


START 2022-07-17 20:40:01 --------------------------
live
총 0 개 데이타 이동
END   2022-07-17 20:40:01 --------------------------


START 2022-07-17 20:50:01 --------------------------
live
총 0 개 데이타 이동
END   2022-07-17 20:50:01 --------------------------


START 2022-07-17 21:00:01 --------------------------
live
총 0 개 데이타 이동
END   2022-07-17 21:00:01 --------------------------


START 2022-07-17 21:10:02 --------------------------
live
총 0 개 데이타 이동
END   2022-07-17 21:10:02 --------------------------


START 2022-07-17 21:20:01 --------------------------
live
총 0 개 데이타 이동
END   2022-07-17 21:20:01 --------------------------


START 2022-07-17 21:30:01 --------------------------
live
총 0 개 데이타 이동
END   2022-07-17 21:30:01 --------------------------


START 2022-07-17 21:40:01 --------------------------
live
총 0 개 데이타 이동
END   2022-07-17 21:40:01 --------------------------


START 2022-07-17 21:50:01 --------------------------
live
총 0 개 데이타 이동
END   2022-07-17 21:50:01 --------------------------


START 2022-07-17 22:00:01 --------------------------
live
총 0 개 데이타 이동
END   2022-07-17 22:00:01 --------------------------


START 2022-07-17 22:10:01 --------------------------
live
총 0 개 데이타 이동
END   2022-07-17 22:10:01 --------------------------


START 2022-07-17 22:20:01 --------------------------
live
총 0 개 데이타 이동
END   2022-07-17 22:20:01 --------------------------


START 2022-07-17 22:30:01 --------------------------
live
총 0 개 데이타 이동
END   2022-07-17 22:30:01 --------------------------


START 2022-07-17 22:40:01 --------------------------
live
총 0 개 데이타 이동
END   2022-07-17 22:40:01 --------------------------


START 2022-07-17 22:50:01 --------------------------
live
총 0 개 데이타 이동
END   2022-07-17 22:50:01 --------------------------


START 2022-07-17 23:00:01 --------------------------
live
총 0 개 데이타 이동
END   2022-07-17 23:00:01 --------------------------


START 2022-07-17 23:10:01 --------------------------
live
총 0 개 데이타 이동
END   2022-07-17 23:10:01 --------------------------


START 2022-07-17 23:20:01 --------------------------
live
총 0 개 데이타 이동
END   2022-07-17 23:20:01 --------------------------


START 2022-07-17 23:30:01 --------------------------
live
총 0 개 데이타 이동
END   2022-07-17 23:30:01 --------------------------


START 2022-07-17 23:40:01 --------------------------
live
총 0 개 데이타 이동
END   2022-07-17 23:40:01 --------------------------


START 2022-07-17 23:50:01 --------------------------
live
총 0 개 데이타 이동
END   2022-07-17 23:50:01 --------------------------


