START 2022-11-11 00:00:01 --------------------------
live
총 0 개 데이타 이동
END   2022-11-11 00:00:01 --------------------------


START 2022-11-11 00:10:01 --------------------------
live
총 0 개 데이타 이동
END   2022-11-11 00:10:01 --------------------------


START 2022-11-11 00:20:01 --------------------------
live
총 0 개 데이타 이동
END   2022-11-11 00:20:01 --------------------------


START 2022-11-11 00:30:02 --------------------------
live
총 0 개 데이타 이동
END   2022-11-11 00:30:02 --------------------------


START 2022-11-11 00:40:01 --------------------------
live
총 0 개 데이타 이동
END   2022-11-11 00:40:01 --------------------------


START 2022-11-11 00:50:01 --------------------------
live
총 0 개 데이타 이동
END   2022-11-11 00:50:01 --------------------------


START 2022-11-11 01:00:01 --------------------------
live
총 0 개 데이타 이동
END   2022-11-11 01:00:01 --------------------------


START 2022-11-11 01:10:01 --------------------------
live
총 0 개 데이타 이동
END   2022-11-11 01:10:01 --------------------------


START 2022-11-11 01:20:01 --------------------------
live
총 0 개 데이타 이동
END   2022-11-11 01:20:01 --------------------------


START 2022-11-11 01:30:01 --------------------------
live
총 0 개 데이타 이동
END   2022-11-11 01:30:01 --------------------------


START 2022-11-11 01:40:01 --------------------------
live
총 0 개 데이타 이동
END   2022-11-11 01:40:01 --------------------------


START 2022-11-11 01:50:01 --------------------------
live
총 0 개 데이타 이동
END   2022-11-11 01:50:01 --------------------------


START 2022-11-11 02:00:01 --------------------------
live
총 0 개 데이타 이동
END   2022-11-11 02:00:01 --------------------------


START 2022-11-11 02:10:01 --------------------------
live
총 0 개 데이타 이동
END   2022-11-11 02:10:01 --------------------------


START 2022-11-11 02:20:01 --------------------------
live
총 0 개 데이타 이동
END   2022-11-11 02:20:01 --------------------------


START 2022-11-11 02:30:01 --------------------------
live
총 0 개 데이타 이동
END   2022-11-11 02:30:01 --------------------------


START 2022-11-11 02:40:01 --------------------------
live
총 0 개 데이타 이동
END   2022-11-11 02:40:01 --------------------------


START 2022-11-11 02:50:01 --------------------------
live
총 0 개 데이타 이동
END   2022-11-11 02:50:01 --------------------------


START 2022-11-11 03:00:01 --------------------------
live
총 0 개 데이타 이동
END   2022-11-11 03:00:01 --------------------------


START 2022-11-11 03:10:01 --------------------------
live
총 0 개 데이타 이동
END   2022-11-11 03:10:01 --------------------------


START 2022-11-11 03:20:01 --------------------------
live
총 0 개 데이타 이동
END   2022-11-11 03:20:01 --------------------------


START 2022-11-11 03:30:01 --------------------------
live
총 0 개 데이타 이동
END   2022-11-11 03:30:01 --------------------------


START 2022-11-11 03:40:01 --------------------------
live
총 0 개 데이타 이동
END   2022-11-11 03:40:01 --------------------------


START 2022-11-11 03:50:01 --------------------------
live
총 0 개 데이타 이동
END   2022-11-11 03:50:01 --------------------------


START 2022-11-11 04:00:02 --------------------------
live
총 0 개 데이타 이동
END   2022-11-11 04:00:02 --------------------------


START 2022-11-11 04:10:01 --------------------------
live
총 0 개 데이타 이동
END   2022-11-11 04:10:01 --------------------------


START 2022-11-11 04:20:01 --------------------------
live
총 0 개 데이타 이동
END   2022-11-11 04:20:01 --------------------------


START 2022-11-11 04:30:01 --------------------------
live
총 0 개 데이타 이동
END   2022-11-11 04:30:01 --------------------------


START 2022-11-11 04:40:01 --------------------------
live
총 0 개 데이타 이동
END   2022-11-11 04:40:01 --------------------------


START 2022-11-11 04:50:01 --------------------------
live
총 0 개 데이타 이동
END   2022-11-11 04:50:01 --------------------------


START 2022-11-11 05:00:01 --------------------------
live
총 0 개 데이타 이동
END   2022-11-11 05:00:01 --------------------------


START 2022-11-11 05:10:01 --------------------------
live
총 0 개 데이타 이동
END   2022-11-11 05:10:01 --------------------------


START 2022-11-11 05:20:01 --------------------------
live
총 0 개 데이타 이동
END   2022-11-11 05:20:01 --------------------------


START 2022-11-11 05:30:01 --------------------------
live
총 0 개 데이타 이동
END   2022-11-11 05:30:01 --------------------------


START 2022-11-11 05:40:01 --------------------------
live
총 0 개 데이타 이동
END   2022-11-11 05:40:01 --------------------------


START 2022-11-11 05:50:01 --------------------------
live
총 0 개 데이타 이동
END   2022-11-11 05:50:01 --------------------------


START 2022-11-11 06:00:01 --------------------------
live
총 0 개 데이타 이동
END   2022-11-11 06:00:01 --------------------------


START 2022-11-11 06:10:01 --------------------------
live
총 0 개 데이타 이동
END   2022-11-11 06:10:01 --------------------------


START 2022-11-11 06:20:01 --------------------------
live
총 0 개 데이타 이동
END   2022-11-11 06:20:01 --------------------------


START 2022-11-11 06:30:01 --------------------------
live
총 0 개 데이타 이동
END   2022-11-11 06:30:01 --------------------------


START 2022-11-11 06:40:01 --------------------------
live
총 0 개 데이타 이동
END   2022-11-11 06:40:01 --------------------------


START 2022-11-11 06:50:01 --------------------------
live
총 0 개 데이타 이동
END   2022-11-11 06:50:01 --------------------------


START 2022-11-11 07:00:01 --------------------------
live
총 0 개 데이타 이동
END   2022-11-11 07:00:01 --------------------------


START 2022-11-11 07:10:01 --------------------------
live
총 0 개 데이타 이동
END   2022-11-11 07:10:01 --------------------------


START 2022-11-11 07:20:01 --------------------------
live
총 0 개 데이타 이동
END   2022-11-11 07:20:01 --------------------------


START 2022-11-11 07:30:01 --------------------------
live
총 0 개 데이타 이동
END   2022-11-11 07:30:01 --------------------------


START 2022-11-11 07:40:01 --------------------------
live
총 0 개 데이타 이동
END   2022-11-11 07:40:01 --------------------------


START 2022-11-11 07:50:01 --------------------------
live
총 0 개 데이타 이동
END   2022-11-11 07:50:01 --------------------------


START 2022-11-11 08:00:01 --------------------------
live
총 0 개 데이타 이동
END   2022-11-11 08:00:01 --------------------------


START 2022-11-11 08:10:01 --------------------------
live
총 0 개 데이타 이동
END   2022-11-11 08:10:01 --------------------------


START 2022-11-11 08:20:01 --------------------------
live
총 0 개 데이타 이동
END   2022-11-11 08:20:01 --------------------------


START 2022-11-11 08:30:01 --------------------------
live
총 0 개 데이타 이동
END   2022-11-11 08:30:01 --------------------------


START 2022-11-11 08:40:01 --------------------------
live
총 0 개 데이타 이동
END   2022-11-11 08:40:01 --------------------------


START 2022-11-11 08:50:01 --------------------------
live
총 0 개 데이타 이동
END   2022-11-11 08:50:01 --------------------------


START 2022-11-11 09:00:01 --------------------------
live
총 0 개 데이타 이동
END   2022-11-11 09:00:01 --------------------------


START 2022-11-11 09:10:01 --------------------------
live
총 0 개 데이타 이동
END   2022-11-11 09:10:01 --------------------------


START 2022-11-11 09:20:01 --------------------------
live
총 0 개 데이타 이동
END   2022-11-11 09:20:01 --------------------------


START 2022-11-11 09:30:01 --------------------------
live
총 0 개 데이타 이동
END   2022-11-11 09:30:01 --------------------------


START 2022-11-11 09:40:01 --------------------------
live
총 0 개 데이타 이동
END   2022-11-11 09:40:01 --------------------------


START 2022-11-11 09:50:01 --------------------------
live
총 0 개 데이타 이동
END   2022-11-11 09:50:01 --------------------------


START 2022-11-11 10:00:01 --------------------------
live
총 0 개 데이타 이동
END   2022-11-11 10:00:01 --------------------------


START 2022-11-11 10:10:02 --------------------------
live
총 0 개 데이타 이동
END   2022-11-11 10:10:02 --------------------------


START 2022-11-11 10:20:01 --------------------------
live
총 0 개 데이타 이동
END   2022-11-11 10:20:01 --------------------------


START 2022-11-11 10:30:01 --------------------------
live
총 0 개 데이타 이동
END   2022-11-11 10:30:01 --------------------------


START 2022-11-11 10:40:01 --------------------------
live
총 0 개 데이타 이동
END   2022-11-11 10:40:01 --------------------------


START 2022-11-11 10:50:01 --------------------------
live
총 0 개 데이타 이동
END   2022-11-11 10:50:01 --------------------------


START 2022-11-11 11:00:01 --------------------------
live
총 0 개 데이타 이동
END   2022-11-11 11:00:01 --------------------------


START 2022-11-11 11:10:02 --------------------------
live
총 0 개 데이타 이동
END   2022-11-11 11:10:02 --------------------------


START 2022-11-11 11:20:02 --------------------------
live
총 0 개 데이타 이동
END   2022-11-11 11:20:02 --------------------------


START 2022-11-11 11:30:01 --------------------------
live
총 0 개 데이타 이동
END   2022-11-11 11:30:01 --------------------------


START 2022-11-11 11:40:02 --------------------------
live
총 14 개 데이타 이동
데이타 이동 시작 *****
3111708 01024568888 -- 3111709 01056179090 -- 3111710 01080060401 -- 3111711 01032809295 -- 3111712 01088944740 -- 3111713 01067241409 -- 3111714 01064063972 -- 3111715 01086246176 -- 3111716 01047693024 -- 3111717 01048474041 -- 3111718 01090838172 -- 3111719 01050297528 -- 3111720 01082299622 -- 3111721 01033358065 -- 
END   2022-11-11 11:40:02 --------------------------


START 2022-11-11 11:50:01 --------------------------
live
총 0 개 데이타 이동
END   2022-11-11 11:50:01 --------------------------


START 2022-11-11 12:00:01 --------------------------
live
총 0 개 데이타 이동
END   2022-11-11 12:00:01 --------------------------


START 2022-11-11 12:10:01 --------------------------
live
총 0 개 데이타 이동
END   2022-11-11 12:10:01 --------------------------


START 2022-11-11 12:20:01 --------------------------
live
총 0 개 데이타 이동
END   2022-11-11 12:20:01 --------------------------


START 2022-11-11 12:30:01 --------------------------
live
총 0 개 데이타 이동
END   2022-11-11 12:30:01 --------------------------


START 2022-11-11 12:40:01 --------------------------
live
총 0 개 데이타 이동
END   2022-11-11 12:40:01 --------------------------


START 2022-11-11 12:50:01 --------------------------
live
총 0 개 데이타 이동
END   2022-11-11 12:50:01 --------------------------


START 2022-11-11 13:00:01 --------------------------
live
총 0 개 데이타 이동
END   2022-11-11 13:00:01 --------------------------


START 2022-11-11 13:10:01 --------------------------
live
총 0 개 데이타 이동
END   2022-11-11 13:10:01 --------------------------


START 2022-11-11 13:20:01 --------------------------
live
총 0 개 데이타 이동
END   2022-11-11 13:20:01 --------------------------


START 2022-11-11 13:30:01 --------------------------
live
총 0 개 데이타 이동
END   2022-11-11 13:30:01 --------------------------


START 2022-11-11 13:40:01 --------------------------
live
총 0 개 데이타 이동
END   2022-11-11 13:40:01 --------------------------


START 2022-11-11 13:50:01 --------------------------
live
총 0 개 데이타 이동
END   2022-11-11 13:50:01 --------------------------


START 2022-11-11 14:00:01 --------------------------
live
총 0 개 데이타 이동
END   2022-11-11 14:00:01 --------------------------


START 2022-11-11 14:10:01 --------------------------
live
총 0 개 데이타 이동
END   2022-11-11 14:10:01 --------------------------


START 2022-11-11 14:20:01 --------------------------
live
총 0 개 데이타 이동
END   2022-11-11 14:20:01 --------------------------


START 2022-11-11 14:30:01 --------------------------
live
총 0 개 데이타 이동
END   2022-11-11 14:30:01 --------------------------


START 2022-11-11 14:40:01 --------------------------
live
총 0 개 데이타 이동
END   2022-11-11 14:40:01 --------------------------


START 2022-11-11 14:50:01 --------------------------
live
총 0 개 데이타 이동
END   2022-11-11 14:50:01 --------------------------


START 2022-11-11 15:00:01 --------------------------
live
총 0 개 데이타 이동
END   2022-11-11 15:00:01 --------------------------


START 2022-11-11 15:10:01 --------------------------
live
총 0 개 데이타 이동
END   2022-11-11 15:10:01 --------------------------


START 2022-11-11 15:20:01 --------------------------
live
총 0 개 데이타 이동
END   2022-11-11 15:20:01 --------------------------


START 2022-11-11 15:30:01 --------------------------
live
총 0 개 데이타 이동
END   2022-11-11 15:30:01 --------------------------


START 2022-11-11 15:40:01 --------------------------
live
총 0 개 데이타 이동
END   2022-11-11 15:40:01 --------------------------


START 2022-11-11 15:50:01 --------------------------
live
총 0 개 데이타 이동
END   2022-11-11 15:50:01 --------------------------


START 2022-11-11 16:00:01 --------------------------
live
총 0 개 데이타 이동
END   2022-11-11 16:00:01 --------------------------


START 2022-11-11 16:10:01 --------------------------
live
총 0 개 데이타 이동
END   2022-11-11 16:10:01 --------------------------


START 2022-11-11 16:20:01 --------------------------
live
총 0 개 데이타 이동
END   2022-11-11 16:20:01 --------------------------


START 2022-11-11 16:30:01 --------------------------
live
총 0 개 데이타 이동
END   2022-11-11 16:30:01 --------------------------


START 2022-11-11 16:40:01 --------------------------
live
총 0 개 데이타 이동
END   2022-11-11 16:40:01 --------------------------


START 2022-11-11 16:50:01 --------------------------
live
총 0 개 데이타 이동
END   2022-11-11 16:50:01 --------------------------


START 2022-11-11 17:00:01 --------------------------
live
총 0 개 데이타 이동
END   2022-11-11 17:00:01 --------------------------


START 2022-11-11 17:10:01 --------------------------
live
총 0 개 데이타 이동
END   2022-11-11 17:10:01 --------------------------


START 2022-11-11 17:20:01 --------------------------
live
총 0 개 데이타 이동
END   2022-11-11 17:20:01 --------------------------


START 2022-11-11 17:30:01 --------------------------
live
13 개의 삭제대상 레코드 발견
delete from cf_Msg_Tran where moved='Y' and Send_Time < now() - interval 30 DAY
13 개 삭제

총 0 개 데이타 이동
END   2022-11-11 17:30:01 --------------------------


START 2022-11-11 17:40:01 --------------------------
live
총 0 개 데이타 이동
END   2022-11-11 17:40:01 --------------------------


START 2022-11-11 17:50:01 --------------------------
live
총 0 개 데이타 이동
END   2022-11-11 17:50:01 --------------------------


START 2022-11-11 18:00:01 --------------------------
live
총 0 개 데이타 이동
END   2022-11-11 18:00:01 --------------------------


START 2022-11-11 18:10:01 --------------------------
live
총 0 개 데이타 이동
END   2022-11-11 18:10:01 --------------------------


START 2022-11-11 18:20:01 --------------------------
live
총 0 개 데이타 이동
END   2022-11-11 18:20:01 --------------------------


START 2022-11-11 18:30:01 --------------------------
live
총 0 개 데이타 이동
END   2022-11-11 18:30:01 --------------------------


START 2022-11-11 18:40:01 --------------------------
live
총 0 개 데이타 이동
END   2022-11-11 18:40:01 --------------------------


START 2022-11-11 18:50:01 --------------------------
live
총 0 개 데이타 이동
END   2022-11-11 18:50:01 --------------------------


START 2022-11-11 19:00:01 --------------------------
live
총 0 개 데이타 이동
END   2022-11-11 19:00:01 --------------------------


START 2022-11-11 19:10:01 --------------------------
live
총 0 개 데이타 이동
END   2022-11-11 19:10:01 --------------------------


START 2022-11-11 19:20:02 --------------------------
live
총 0 개 데이타 이동
END   2022-11-11 19:20:02 --------------------------


START 2022-11-11 19:30:01 --------------------------
live
총 0 개 데이타 이동
END   2022-11-11 19:30:01 --------------------------


START 2022-11-11 19:40:01 --------------------------
live
총 0 개 데이타 이동
END   2022-11-11 19:40:01 --------------------------


START 2022-11-11 19:50:01 --------------------------
live
총 0 개 데이타 이동
END   2022-11-11 19:50:01 --------------------------


START 2022-11-11 20:00:01 --------------------------
live
총 0 개 데이타 이동
END   2022-11-11 20:00:01 --------------------------


START 2022-11-11 20:10:01 --------------------------
live
총 0 개 데이타 이동
END   2022-11-11 20:10:01 --------------------------


START 2022-11-11 20:20:01 --------------------------
live
총 0 개 데이타 이동
END   2022-11-11 20:20:01 --------------------------


START 2022-11-11 20:30:01 --------------------------
live
총 0 개 데이타 이동
END   2022-11-11 20:30:01 --------------------------


START 2022-11-11 20:40:01 --------------------------
live
총 0 개 데이타 이동
END   2022-11-11 20:40:01 --------------------------


START 2022-11-11 20:50:01 --------------------------
live
총 0 개 데이타 이동
END   2022-11-11 20:50:01 --------------------------


START 2022-11-11 21:00:01 --------------------------
live
총 0 개 데이타 이동
END   2022-11-11 21:00:01 --------------------------


START 2022-11-11 21:10:01 --------------------------
live
총 0 개 데이타 이동
END   2022-11-11 21:10:01 --------------------------


START 2022-11-11 21:20:01 --------------------------
live
총 0 개 데이타 이동
END   2022-11-11 21:20:01 --------------------------


START 2022-11-11 21:30:01 --------------------------
live
총 0 개 데이타 이동
END   2022-11-11 21:30:01 --------------------------


START 2022-11-11 21:40:04 --------------------------
live
총 0 개 데이타 이동
END   2022-11-11 21:40:04 --------------------------


START 2022-11-11 21:50:01 --------------------------
live
총 0 개 데이타 이동
END   2022-11-11 21:50:01 --------------------------


START 2022-11-11 22:00:01 --------------------------
live
총 0 개 데이타 이동
END   2022-11-11 22:00:01 --------------------------


START 2022-11-11 22:10:01 --------------------------
live
총 0 개 데이타 이동
END   2022-11-11 22:10:01 --------------------------


START 2022-11-11 22:20:01 --------------------------
live
총 0 개 데이타 이동
END   2022-11-11 22:20:01 --------------------------


START 2022-11-11 22:30:01 --------------------------
live
총 0 개 데이타 이동
END   2022-11-11 22:30:01 --------------------------


START 2022-11-11 22:40:01 --------------------------
live
총 0 개 데이타 이동
END   2022-11-11 22:40:01 --------------------------


START 2022-11-11 22:50:01 --------------------------
live
총 0 개 데이타 이동
END   2022-11-11 22:50:01 --------------------------


START 2022-11-11 23:00:01 --------------------------
live
총 0 개 데이타 이동
END   2022-11-11 23:00:01 --------------------------


START 2022-11-11 23:10:01 --------------------------
live
총 0 개 데이타 이동
END   2022-11-11 23:10:01 --------------------------


START 2022-11-11 23:20:01 --------------------------
live
총 0 개 데이타 이동
END   2022-11-11 23:20:01 --------------------------


START 2022-11-11 23:30:01 --------------------------
live
총 0 개 데이타 이동
END   2022-11-11 23:30:01 --------------------------


START 2022-11-11 23:40:01 --------------------------
live
총 0 개 데이타 이동
END   2022-11-11 23:40:01 --------------------------


START 2022-11-11 23:50:01 --------------------------
live
총 0 개 데이타 이동
END   2022-11-11 23:50:01 --------------------------


