START 2022-03-23 00:00:02 --------------------------
live
총 0 개 데이타 이동
END   2022-03-23 00:00:04 --------------------------


START 2022-03-23 00:10:01 --------------------------
live
총 0 개 데이타 이동
END   2022-03-23 00:10:03 --------------------------


START 2022-03-23 00:20:02 --------------------------
live
총 0 개 데이타 이동
END   2022-03-23 00:20:04 --------------------------


START 2022-03-23 00:30:02 --------------------------
live
총 0 개 데이타 이동
END   2022-03-23 00:30:04 --------------------------


START 2022-03-23 00:40:02 --------------------------
live
총 0 개 데이타 이동
END   2022-03-23 00:40:04 --------------------------


START 2022-03-23 00:50:01 --------------------------
live
총 0 개 데이타 이동
END   2022-03-23 00:50:04 --------------------------


START 2022-03-23 01:00:01 --------------------------
live
총 0 개 데이타 이동
END   2022-03-23 01:00:03 --------------------------


START 2022-03-23 01:10:02 --------------------------
live
총 0 개 데이타 이동
END   2022-03-23 01:10:04 --------------------------


START 2022-03-23 01:20:01 --------------------------
live
총 0 개 데이타 이동
END   2022-03-23 01:20:04 --------------------------


START 2022-03-23 01:30:01 --------------------------
live
총 0 개 데이타 이동
END   2022-03-23 01:30:04 --------------------------


START 2022-03-23 01:40:02 --------------------------
live
총 0 개 데이타 이동
END   2022-03-23 01:40:04 --------------------------


START 2022-03-23 01:50:02 --------------------------
live
총 0 개 데이타 이동
END   2022-03-23 01:50:04 --------------------------


START 2022-03-23 02:00:01 --------------------------
live
총 0 개 데이타 이동
END   2022-03-23 02:00:03 --------------------------


START 2022-03-23 02:10:01 --------------------------
live
총 0 개 데이타 이동
END   2022-03-23 02:10:03 --------------------------


START 2022-03-23 02:20:01 --------------------------
live
총 0 개 데이타 이동
END   2022-03-23 02:20:03 --------------------------


START 2022-03-23 02:30:02 --------------------------
live
총 0 개 데이타 이동
END   2022-03-23 02:30:04 --------------------------


START 2022-03-23 02:40:02 --------------------------
live
총 0 개 데이타 이동
END   2022-03-23 02:40:04 --------------------------


START 2022-03-23 02:50:01 --------------------------
live
총 0 개 데이타 이동
END   2022-03-23 02:50:04 --------------------------


START 2022-03-23 03:00:01 --------------------------
live
총 0 개 데이타 이동
END   2022-03-23 03:00:03 --------------------------


START 2022-03-23 03:10:01 --------------------------
live
총 0 개 데이타 이동
END   2022-03-23 03:10:03 --------------------------


START 2022-03-23 03:20:02 --------------------------
live
총 0 개 데이타 이동
END   2022-03-23 03:20:04 --------------------------


START 2022-03-23 03:30:02 --------------------------
live
총 0 개 데이타 이동
END   2022-03-23 03:30:04 --------------------------


START 2022-03-23 03:40:01 --------------------------
live
총 0 개 데이타 이동
END   2022-03-23 03:40:04 --------------------------


START 2022-03-23 03:50:01 --------------------------
live
총 0 개 데이타 이동
END   2022-03-23 03:50:03 --------------------------


START 2022-03-23 04:00:01 --------------------------
live
총 0 개 데이타 이동
END   2022-03-23 04:00:03 --------------------------


START 2022-03-23 04:10:01 --------------------------
live
총 0 개 데이타 이동
END   2022-03-23 04:10:03 --------------------------


START 2022-03-23 04:20:01 --------------------------
live
총 0 개 데이타 이동
END   2022-03-23 04:20:03 --------------------------


START 2022-03-23 04:30:01 --------------------------
live
총 0 개 데이타 이동
END   2022-03-23 04:30:03 --------------------------


START 2022-03-23 04:40:02 --------------------------
live
총 0 개 데이타 이동
END   2022-03-23 04:40:04 --------------------------


START 2022-03-23 04:50:01 --------------------------
live
총 0 개 데이타 이동
END   2022-03-23 04:50:03 --------------------------


START 2022-03-23 05:00:01 --------------------------
live
총 0 개 데이타 이동
END   2022-03-23 05:00:03 --------------------------


START 2022-03-23 05:10:01 --------------------------
live
총 0 개 데이타 이동
END   2022-03-23 05:10:03 --------------------------


START 2022-03-23 05:20:01 --------------------------
live
총 0 개 데이타 이동
END   2022-03-23 05:20:03 --------------------------


START 2022-03-23 05:30:02 --------------------------
live
총 0 개 데이타 이동
END   2022-03-23 05:30:04 --------------------------


START 2022-03-23 05:40:01 --------------------------
live
총 0 개 데이타 이동
END   2022-03-23 05:40:03 --------------------------


START 2022-03-23 05:50:01 --------------------------
live
총 0 개 데이타 이동
END   2022-03-23 05:50:03 --------------------------


START 2022-03-23 06:00:01 --------------------------
live
총 0 개 데이타 이동
END   2022-03-23 06:00:03 --------------------------


START 2022-03-23 06:10:01 --------------------------
live
총 0 개 데이타 이동
END   2022-03-23 06:10:03 --------------------------


START 2022-03-23 06:20:01 --------------------------
live
총 0 개 데이타 이동
END   2022-03-23 06:20:03 --------------------------


START 2022-03-23 06:30:02 --------------------------
live
총 0 개 데이타 이동
END   2022-03-23 06:30:04 --------------------------


START 2022-03-23 06:40:02 --------------------------
live
총 0 개 데이타 이동
END   2022-03-23 06:40:04 --------------------------


START 2022-03-23 06:50:02 --------------------------
live
총 0 개 데이타 이동
END   2022-03-23 06:50:04 --------------------------


START 2022-03-23 07:00:02 --------------------------
live
총 0 개 데이타 이동
END   2022-03-23 07:00:04 --------------------------


START 2022-03-23 07:10:02 --------------------------
live
총 0 개 데이타 이동
END   2022-03-23 07:10:04 --------------------------


START 2022-03-23 07:20:02 --------------------------
live
총 0 개 데이타 이동
END   2022-03-23 07:20:04 --------------------------


START 2022-03-23 07:30:02 --------------------------
live
총 0 개 데이타 이동
END   2022-03-23 07:30:04 --------------------------


START 2022-03-23 07:40:02 --------------------------
live
총 0 개 데이타 이동
END   2022-03-23 07:40:04 --------------------------


START 2022-03-23 07:50:02 --------------------------
live
총 0 개 데이타 이동
END   2022-03-23 07:50:04 --------------------------


START 2022-03-23 08:00:02 --------------------------
live
총 0 개 데이타 이동
END   2022-03-23 08:00:04 --------------------------


START 2022-03-23 08:10:02 --------------------------
live
총 0 개 데이타 이동
END   2022-03-23 08:10:04 --------------------------


START 2022-03-23 08:20:02 --------------------------
live
총 0 개 데이타 이동
END   2022-03-23 08:20:04 --------------------------


START 2022-03-23 08:30:02 --------------------------
live
총 0 개 데이타 이동
END   2022-03-23 08:30:04 --------------------------


START 2022-03-23 08:40:02 --------------------------
live
총 0 개 데이타 이동
END   2022-03-23 08:40:04 --------------------------


START 2022-03-23 08:50:02 --------------------------
live
총 0 개 데이타 이동
END   2022-03-23 08:50:04 --------------------------


START 2022-03-23 09:00:02 --------------------------
live
총 0 개 데이타 이동
END   2022-03-23 09:00:04 --------------------------


START 2022-03-23 09:10:02 --------------------------
live
총 0 개 데이타 이동
END   2022-03-23 09:10:04 --------------------------


START 2022-03-23 09:20:01 --------------------------
live
총 0 개 데이타 이동
END   2022-03-23 09:20:03 --------------------------


START 2022-03-23 09:30:01 --------------------------
live
총 0 개 데이타 이동
END   2022-03-23 09:30:03 --------------------------


START 2022-03-23 09:40:01 --------------------------
live
총 0 개 데이타 이동
END   2022-03-23 09:40:03 --------------------------


START 2022-03-23 09:50:01 --------------------------
live
총 0 개 데이타 이동
END   2022-03-23 09:50:03 --------------------------


START 2022-03-23 10:00:01 --------------------------
live
총 0 개 데이타 이동
END   2022-03-23 10:00:03 --------------------------


START 2022-03-23 10:10:02 --------------------------
live
총 0 개 데이타 이동
END   2022-03-23 10:10:04 --------------------------


START 2022-03-23 10:20:02 --------------------------
live
총 0 개 데이타 이동
END   2022-03-23 10:20:04 --------------------------


START 2022-03-23 10:30:02 --------------------------
live
총 0 개 데이타 이동
END   2022-03-23 10:30:04 --------------------------


START 2022-03-23 10:40:02 --------------------------
live
총 0 개 데이타 이동
END   2022-03-23 10:40:04 --------------------------


START 2022-03-23 10:50:01 --------------------------
live
총 0 개 데이타 이동
END   2022-03-23 10:50:03 --------------------------


START 2022-03-23 11:00:01 --------------------------
live
총 0 개 데이타 이동
END   2022-03-23 11:00:03 --------------------------


START 2022-03-23 11:10:01 --------------------------
live
총 0 개 데이타 이동
END   2022-03-23 11:10:03 --------------------------


START 2022-03-23 11:20:01 --------------------------
live
총 0 개 데이타 이동
END   2022-03-23 11:20:03 --------------------------


START 2022-03-23 11:30:01 --------------------------
live
총 0 개 데이타 이동
END   2022-03-23 11:30:04 --------------------------


START 2022-03-23 11:40:01 --------------------------
live
총 2 개 데이타 이동
데이타 이동 시작 *****
3102951 01024568888 -- 3102952 01088944740 -- 
END   2022-03-23 11:40:06 --------------------------


START 2022-03-23 11:50:01 --------------------------
live
총 0 개 데이타 이동
END   2022-03-23 11:50:04 --------------------------


START 2022-03-23 12:00:02 --------------------------
live
총 0 개 데이타 이동
END   2022-03-23 12:00:04 --------------------------


START 2022-03-23 12:10:02 --------------------------
live
총 0 개 데이타 이동
END   2022-03-23 12:10:05 --------------------------


START 2022-03-23 12:20:01 --------------------------
live
총 0 개 데이타 이동
END   2022-03-23 12:20:03 --------------------------


START 2022-03-23 12:30:01 --------------------------
live
총 0 개 데이타 이동
END   2022-03-23 12:30:04 --------------------------


START 2022-03-23 12:40:01 --------------------------
live
총 2 개 데이타 이동
데이타 이동 시작 *****
3102953 01024568888 -- 3102954 01088944740 -- 
END   2022-03-23 12:40:06 --------------------------


START 2022-03-23 12:50:01 --------------------------
live
총 0 개 데이타 이동
END   2022-03-23 12:50:04 --------------------------


START 2022-03-23 13:00:01 --------------------------
live
총 0 개 데이타 이동
END   2022-03-23 13:00:03 --------------------------


START 2022-03-23 13:10:01 --------------------------
live
총 0 개 데이타 이동
END   2022-03-23 13:10:05 --------------------------


START 2022-03-23 13:20:02 --------------------------
live
총 0 개 데이타 이동
END   2022-03-23 13:20:04 --------------------------


START 2022-03-23 13:30:02 --------------------------
live
총 0 개 데이타 이동
END   2022-03-23 13:30:04 --------------------------


START 2022-03-23 13:40:02 --------------------------
live
총 0 개 데이타 이동
END   2022-03-23 13:40:04 --------------------------


START 2022-03-23 13:50:02 --------------------------
live
총 0 개 데이타 이동
END   2022-03-23 13:50:04 --------------------------


START 2022-03-23 14:00:01 --------------------------
live
총 0 개 데이타 이동
END   2022-03-23 14:00:03 --------------------------


START 2022-03-23 14:10:01 --------------------------
live
총 0 개 데이타 이동
END   2022-03-23 14:10:03 --------------------------


START 2022-03-23 14:20:02 --------------------------
live
총 0 개 데이타 이동
END   2022-03-23 14:20:04 --------------------------


START 2022-03-23 14:30:02 --------------------------
live
총 0 개 데이타 이동
END   2022-03-23 14:30:04 --------------------------


START 2022-03-23 14:40:02 --------------------------
live
총 0 개 데이타 이동
END   2022-03-23 14:40:04 --------------------------


START 2022-03-23 14:50:01 --------------------------
live
총 0 개 데이타 이동
END   2022-03-23 14:50:03 --------------------------


START 2022-03-23 15:00:01 --------------------------
live
총 0 개 데이타 이동
END   2022-03-23 15:00:03 --------------------------


START 2022-03-23 15:10:02 --------------------------
live
총 0 개 데이타 이동
END   2022-03-23 15:10:04 --------------------------


START 2022-03-23 15:20:02 --------------------------
live
총 0 개 데이타 이동
END   2022-03-23 15:20:04 --------------------------


START 2022-03-23 15:30:02 --------------------------
live
총 0 개 데이타 이동
END   2022-03-23 15:30:04 --------------------------


START 2022-03-23 15:40:02 --------------------------
live
총 0 개 데이타 이동
END   2022-03-23 15:40:04 --------------------------


START 2022-03-23 15:50:02 --------------------------
live
총 0 개 데이타 이동
END   2022-03-23 15:50:04 --------------------------


START 2022-03-23 16:00:01 --------------------------
live
총 0 개 데이타 이동
END   2022-03-23 16:00:04 --------------------------


START 2022-03-23 16:10:01 --------------------------
live
총 0 개 데이타 이동
END   2022-03-23 16:10:04 --------------------------


START 2022-03-23 16:20:02 --------------------------
live
총 0 개 데이타 이동
END   2022-03-23 16:20:04 --------------------------


START 2022-03-23 16:30:02 --------------------------
live
총 0 개 데이타 이동
END   2022-03-23 16:30:04 --------------------------


START 2022-03-23 16:40:02 --------------------------
live
총 0 개 데이타 이동
END   2022-03-23 16:40:04 --------------------------


START 2022-03-23 16:50:02 --------------------------
live
총 0 개 데이타 이동
END   2022-03-23 16:50:04 --------------------------


START 2022-03-23 17:00:02 --------------------------
live
총 0 개 데이타 이동
END   2022-03-23 17:00:04 --------------------------


START 2022-03-23 17:10:02 --------------------------
live
총 0 개 데이타 이동
END   2022-03-23 17:10:04 --------------------------


START 2022-03-23 17:20:02 --------------------------
live
총 0 개 데이타 이동
END   2022-03-23 17:20:04 --------------------------


START 2022-03-23 17:30:02 --------------------------
live
총 0 개 데이타 이동
END   2022-03-23 17:30:04 --------------------------


START 2022-03-23 17:40:02 --------------------------
live
총 0 개 데이타 이동
END   2022-03-23 17:40:04 --------------------------


START 2022-03-23 17:50:02 --------------------------
live
총 0 개 데이타 이동
END   2022-03-23 17:50:04 --------------------------


START 2022-03-23 18:00:01 --------------------------
live
총 0 개 데이타 이동
END   2022-03-23 18:00:04 --------------------------


START 2022-03-23 18:10:01 --------------------------
live
총 0 개 데이타 이동
END   2022-03-23 18:10:04 --------------------------


START 2022-03-23 18:20:02 --------------------------
live
총 0 개 데이타 이동
END   2022-03-23 18:20:04 --------------------------


START 2022-03-23 18:30:02 --------------------------
live
총 0 개 데이타 이동
END   2022-03-23 18:30:04 --------------------------


START 2022-03-23 18:40:02 --------------------------
live
총 0 개 데이타 이동
END   2022-03-23 18:40:04 --------------------------


START 2022-03-23 18:50:02 --------------------------
live
총 0 개 데이타 이동
END   2022-03-23 18:50:04 --------------------------


START 2022-03-23 19:00:01 --------------------------
live
총 0 개 데이타 이동
END   2022-03-23 19:00:04 --------------------------


START 2022-03-23 19:10:01 --------------------------
live
총 0 개 데이타 이동
END   2022-03-23 19:10:04 --------------------------


START 2022-03-23 19:20:02 --------------------------
live
총 0 개 데이타 이동
END   2022-03-23 19:20:04 --------------------------


START 2022-03-23 19:30:02 --------------------------
live
총 0 개 데이타 이동
END   2022-03-23 19:30:04 --------------------------


START 2022-03-23 19:40:01 --------------------------
live
총 0 개 데이타 이동
END   2022-03-23 19:40:04 --------------------------


START 2022-03-23 19:50:01 --------------------------
live
총 0 개 데이타 이동
END   2022-03-23 19:50:03 --------------------------


START 2022-03-23 20:00:01 --------------------------
live
총 0 개 데이타 이동
END   2022-03-23 20:00:03 --------------------------


START 2022-03-23 20:10:01 --------------------------
live
총 0 개 데이타 이동
END   2022-03-23 20:10:03 --------------------------


START 2022-03-23 20:20:01 --------------------------
live
총 0 개 데이타 이동
END   2022-03-23 20:20:03 --------------------------


START 2022-03-23 20:30:01 --------------------------
live
총 0 개 데이타 이동
END   2022-03-23 20:30:03 --------------------------


START 2022-03-23 20:40:01 --------------------------
live
총 0 개 데이타 이동
END   2022-03-23 20:40:03 --------------------------


START 2022-03-23 20:50:01 --------------------------
live
총 0 개 데이타 이동
END   2022-03-23 20:50:03 --------------------------


START 2022-03-23 21:00:01 --------------------------
live
총 0 개 데이타 이동
END   2022-03-23 21:00:03 --------------------------


START 2022-03-23 21:10:01 --------------------------
live
총 0 개 데이타 이동
END   2022-03-23 21:10:03 --------------------------


START 2022-03-23 21:20:02 --------------------------
live
총 0 개 데이타 이동
END   2022-03-23 21:20:04 --------------------------


START 2022-03-23 21:30:02 --------------------------
live
총 0 개 데이타 이동
END   2022-03-23 21:30:04 --------------------------


START 2022-03-23 21:40:02 --------------------------
live
총 0 개 데이타 이동
END   2022-03-23 21:40:04 --------------------------


START 2022-03-23 21:50:02 --------------------------
live
총 0 개 데이타 이동
END   2022-03-23 21:50:04 --------------------------


START 2022-03-23 22:00:02 --------------------------
live
총 0 개 데이타 이동
END   2022-03-23 22:00:04 --------------------------


START 2022-03-23 22:10:02 --------------------------
live
총 0 개 데이타 이동
END   2022-03-23 22:10:04 --------------------------


START 2022-03-23 22:20:02 --------------------------
live
총 0 개 데이타 이동
END   2022-03-23 22:20:04 --------------------------


START 2022-03-23 22:30:02 --------------------------
live
총 0 개 데이타 이동
END   2022-03-23 22:30:04 --------------------------


START 2022-03-23 22:40:02 --------------------------
live
총 0 개 데이타 이동
END   2022-03-23 22:40:04 --------------------------


START 2022-03-23 22:50:02 --------------------------
live
총 0 개 데이타 이동
END   2022-03-23 22:50:04 --------------------------


START 2022-03-23 23:00:02 --------------------------
live
총 0 개 데이타 이동
END   2022-03-23 23:00:04 --------------------------


START 2022-03-23 23:10:01 --------------------------
live
총 0 개 데이타 이동
END   2022-03-23 23:10:04 --------------------------


START 2022-03-23 23:20:01 --------------------------
live
총 0 개 데이타 이동
END   2022-03-23 23:20:03 --------------------------


START 2022-03-23 23:30:01 --------------------------
live
총 0 개 데이타 이동
END   2022-03-23 23:30:03 --------------------------


START 2022-03-23 23:40:01 --------------------------
live
총 0 개 데이타 이동
END   2022-03-23 23:40:03 --------------------------


START 2022-03-23 23:50:01 --------------------------
live
총 0 개 데이타 이동
END   2022-03-23 23:50:03 --------------------------


