START 2022-10-13 00:00:01 --------------------------
live
총 0 개 데이타 이동
END   2022-10-13 00:00:01 --------------------------


START 2022-10-13 00:10:01 --------------------------
live
총 0 개 데이타 이동
END   2022-10-13 00:10:01 --------------------------


START 2022-10-13 00:20:01 --------------------------
live
총 0 개 데이타 이동
END   2022-10-13 00:20:01 --------------------------


START 2022-10-13 00:30:01 --------------------------
live
총 0 개 데이타 이동
END   2022-10-13 00:30:01 --------------------------


START 2022-10-13 00:40:01 --------------------------
live
총 0 개 데이타 이동
END   2022-10-13 00:40:01 --------------------------


START 2022-10-13 00:50:01 --------------------------
live
총 0 개 데이타 이동
END   2022-10-13 00:50:01 --------------------------


START 2022-10-13 01:00:01 --------------------------
live
총 0 개 데이타 이동
END   2022-10-13 01:00:01 --------------------------


START 2022-10-13 01:10:02 --------------------------
live
총 0 개 데이타 이동
END   2022-10-13 01:10:02 --------------------------


START 2022-10-13 01:20:01 --------------------------
live
총 0 개 데이타 이동
END   2022-10-13 01:20:01 --------------------------


START 2022-10-13 01:30:01 --------------------------
live
총 0 개 데이타 이동
END   2022-10-13 01:30:01 --------------------------


START 2022-10-13 01:40:01 --------------------------
live
총 0 개 데이타 이동
END   2022-10-13 01:40:01 --------------------------


START 2022-10-13 01:50:01 --------------------------
live
총 0 개 데이타 이동
END   2022-10-13 01:50:01 --------------------------


START 2022-10-13 02:00:03 --------------------------
live
총 0 개 데이타 이동
END   2022-10-13 02:00:03 --------------------------


START 2022-10-13 02:10:01 --------------------------
live
총 0 개 데이타 이동
END   2022-10-13 02:10:01 --------------------------


START 2022-10-13 02:20:01 --------------------------
live
총 0 개 데이타 이동
END   2022-10-13 02:20:01 --------------------------


START 2022-10-13 02:30:02 --------------------------
live
총 0 개 데이타 이동
END   2022-10-13 02:30:02 --------------------------


START 2022-10-13 02:40:01 --------------------------
live
총 0 개 데이타 이동
END   2022-10-13 02:40:01 --------------------------


START 2022-10-13 02:50:02 --------------------------
live
총 0 개 데이타 이동
END   2022-10-13 02:50:02 --------------------------


START 2022-10-13 03:00:03 --------------------------
live
총 0 개 데이타 이동
END   2022-10-13 03:00:03 --------------------------


START 2022-10-13 03:10:01 --------------------------
live
총 0 개 데이타 이동
END   2022-10-13 03:10:01 --------------------------


START 2022-10-13 03:20:01 --------------------------
live
총 0 개 데이타 이동
END   2022-10-13 03:20:01 --------------------------


START 2022-10-13 03:30:01 --------------------------
live
총 0 개 데이타 이동
END   2022-10-13 03:30:01 --------------------------


START 2022-10-13 03:40:01 --------------------------
live
총 0 개 데이타 이동
END   2022-10-13 03:40:01 --------------------------


START 2022-10-13 03:50:01 --------------------------
live
총 0 개 데이타 이동
END   2022-10-13 03:50:01 --------------------------


START 2022-10-13 04:00:04 --------------------------
live
총 0 개 데이타 이동
END   2022-10-13 04:00:04 --------------------------


START 2022-10-13 04:10:01 --------------------------
live
총 0 개 데이타 이동
END   2022-10-13 04:10:01 --------------------------


START 2022-10-13 04:20:01 --------------------------
live
총 0 개 데이타 이동
END   2022-10-13 04:20:01 --------------------------


START 2022-10-13 04:30:01 --------------------------
live
총 0 개 데이타 이동
END   2022-10-13 04:30:01 --------------------------


START 2022-10-13 04:40:01 --------------------------
live
총 0 개 데이타 이동
END   2022-10-13 04:40:01 --------------------------


START 2022-10-13 04:50:01 --------------------------
live
총 0 개 데이타 이동
END   2022-10-13 04:50:01 --------------------------


START 2022-10-13 05:00:01 --------------------------
live
총 0 개 데이타 이동
END   2022-10-13 05:00:01 --------------------------


START 2022-10-13 05:10:01 --------------------------
live
총 0 개 데이타 이동
END   2022-10-13 05:10:01 --------------------------


START 2022-10-13 05:20:01 --------------------------
live
총 0 개 데이타 이동
END   2022-10-13 05:20:01 --------------------------


START 2022-10-13 05:30:03 --------------------------
live
총 0 개 데이타 이동
END   2022-10-13 05:30:04 --------------------------


START 2022-10-13 05:40:01 --------------------------
live
총 0 개 데이타 이동
END   2022-10-13 05:40:01 --------------------------


START 2022-10-13 05:50:01 --------------------------
live
총 0 개 데이타 이동
END   2022-10-13 05:50:01 --------------------------


START 2022-10-13 06:00:01 --------------------------
live
총 0 개 데이타 이동
END   2022-10-13 06:00:01 --------------------------


START 2022-10-13 06:10:01 --------------------------
live
총 0 개 데이타 이동
END   2022-10-13 06:10:01 --------------------------


START 2022-10-13 06:20:01 --------------------------
live
총 0 개 데이타 이동
END   2022-10-13 06:20:01 --------------------------


START 2022-10-13 06:30:04 --------------------------
live
총 0 개 데이타 이동
END   2022-10-13 06:30:04 --------------------------


START 2022-10-13 06:40:01 --------------------------
live
총 0 개 데이타 이동
END   2022-10-13 06:40:01 --------------------------


START 2022-10-13 06:50:01 --------------------------
live
총 0 개 데이타 이동
END   2022-10-13 06:50:01 --------------------------


START 2022-10-13 07:00:01 --------------------------
live
총 0 개 데이타 이동
END   2022-10-13 07:00:01 --------------------------


START 2022-10-13 07:10:01 --------------------------
live
총 0 개 데이타 이동
END   2022-10-13 07:10:01 --------------------------


START 2022-10-13 07:20:01 --------------------------
live
총 0 개 데이타 이동
END   2022-10-13 07:20:01 --------------------------


START 2022-10-13 07:30:01 --------------------------
live
총 0 개 데이타 이동
END   2022-10-13 07:30:01 --------------------------


START 2022-10-13 07:40:01 --------------------------
live
총 0 개 데이타 이동
END   2022-10-13 07:40:01 --------------------------


START 2022-10-13 07:50:01 --------------------------
live
총 0 개 데이타 이동
END   2022-10-13 07:50:01 --------------------------


START 2022-10-13 08:00:01 --------------------------
live
총 0 개 데이타 이동
END   2022-10-13 08:00:01 --------------------------


START 2022-10-13 08:10:01 --------------------------
live
총 0 개 데이타 이동
END   2022-10-13 08:10:01 --------------------------


START 2022-10-13 08:20:01 --------------------------
live
총 0 개 데이타 이동
END   2022-10-13 08:20:01 --------------------------


START 2022-10-13 08:30:04 --------------------------
live
총 0 개 데이타 이동
END   2022-10-13 08:30:04 --------------------------


START 2022-10-13 08:40:01 --------------------------
live
총 0 개 데이타 이동
END   2022-10-13 08:40:01 --------------------------


START 2022-10-13 08:50:01 --------------------------
live
총 0 개 데이타 이동
END   2022-10-13 08:50:01 --------------------------


START 2022-10-13 09:00:01 --------------------------
live
총 0 개 데이타 이동
END   2022-10-13 09:00:01 --------------------------


START 2022-10-13 09:10:01 --------------------------
live
총 0 개 데이타 이동
END   2022-10-13 09:10:01 --------------------------


START 2022-10-13 09:20:01 --------------------------
live
총 0 개 데이타 이동
END   2022-10-13 09:20:01 --------------------------


START 2022-10-13 09:30:01 --------------------------
live
총 0 개 데이타 이동
END   2022-10-13 09:30:01 --------------------------


START 2022-10-13 09:40:01 --------------------------
live
총 0 개 데이타 이동
END   2022-10-13 09:40:01 --------------------------


START 2022-10-13 09:50:01 --------------------------
live
총 0 개 데이타 이동
END   2022-10-13 09:50:01 --------------------------


START 2022-10-13 10:00:01 --------------------------
live
총 0 개 데이타 이동
END   2022-10-13 10:00:01 --------------------------


START 2022-10-13 10:10:01 --------------------------
live
총 0 개 데이타 이동
END   2022-10-13 10:10:01 --------------------------


START 2022-10-13 10:20:01 --------------------------
live
총 0 개 데이타 이동
END   2022-10-13 10:20:01 --------------------------


START 2022-10-13 10:30:02 --------------------------
live
6 개의 삭제대상 레코드 발견
delete from cf_Msg_Tran where moved='Y' and Send_Time < now() - interval 30 DAY
6 개 삭제

총 0 개 데이타 이동
END   2022-10-13 10:30:02 --------------------------


START 2022-10-13 10:40:02 --------------------------
live
총 0 개 데이타 이동
END   2022-10-13 10:40:02 --------------------------


START 2022-10-13 10:50:01 --------------------------
live
총 0 개 데이타 이동
END   2022-10-13 10:50:01 --------------------------


START 2022-10-13 11:00:01 --------------------------
live
총 0 개 데이타 이동
END   2022-10-13 11:00:01 --------------------------


START 2022-10-13 11:10:01 --------------------------
live
총 0 개 데이타 이동
END   2022-10-13 11:10:01 --------------------------


START 2022-10-13 11:20:01 --------------------------
live
총 0 개 데이타 이동
END   2022-10-13 11:20:01 --------------------------


START 2022-10-13 11:30:01 --------------------------
live
총 0 개 데이타 이동
END   2022-10-13 11:30:01 --------------------------


START 2022-10-13 11:40:01 --------------------------
live
총 0 개 데이타 이동
END   2022-10-13 11:40:01 --------------------------


START 2022-10-13 11:50:01 --------------------------
live
총 0 개 데이타 이동
END   2022-10-13 11:50:01 --------------------------


START 2022-10-13 12:00:02 --------------------------
live
총 0 개 데이타 이동
END   2022-10-13 12:00:02 --------------------------


START 2022-10-13 12:10:01 --------------------------
live
총 0 개 데이타 이동
END   2022-10-13 12:10:01 --------------------------


START 2022-10-13 12:20:01 --------------------------
live
총 0 개 데이타 이동
END   2022-10-13 12:20:01 --------------------------


START 2022-10-13 12:30:02 --------------------------
live
총 0 개 데이타 이동
END   2022-10-13 12:30:02 --------------------------


START 2022-10-13 12:40:01 --------------------------
live
총 0 개 데이타 이동
END   2022-10-13 12:40:01 --------------------------


START 2022-10-13 12:50:01 --------------------------
live
총 0 개 데이타 이동
END   2022-10-13 12:50:01 --------------------------


START 2022-10-13 13:00:01 --------------------------
live
총 0 개 데이타 이동
END   2022-10-13 13:00:01 --------------------------


START 2022-10-13 13:10:01 --------------------------
live
총 0 개 데이타 이동
END   2022-10-13 13:10:01 --------------------------


START 2022-10-13 13:20:01 --------------------------
live
총 0 개 데이타 이동
END   2022-10-13 13:20:01 --------------------------


START 2022-10-13 13:30:02 --------------------------
live
총 0 개 데이타 이동
END   2022-10-13 13:30:02 --------------------------


START 2022-10-13 13:40:01 --------------------------
live
총 0 개 데이타 이동
END   2022-10-13 13:40:01 --------------------------


START 2022-10-13 13:50:02 --------------------------
live
총 0 개 데이타 이동
END   2022-10-13 13:50:02 --------------------------


START 2022-10-13 14:00:01 --------------------------
live
총 0 개 데이타 이동
END   2022-10-13 14:00:01 --------------------------


START 2022-10-13 14:10:01 --------------------------
live
총 0 개 데이타 이동
END   2022-10-13 14:10:01 --------------------------


START 2022-10-13 14:20:01 --------------------------
live
총 0 개 데이타 이동
END   2022-10-13 14:20:01 --------------------------


START 2022-10-13 14:30:01 --------------------------
live
총 0 개 데이타 이동
END   2022-10-13 14:30:01 --------------------------


START 2022-10-13 14:40:01 --------------------------
live
총 0 개 데이타 이동
END   2022-10-13 14:40:01 --------------------------


START 2022-10-13 14:50:01 --------------------------
live
총 0 개 데이타 이동
END   2022-10-13 14:50:01 --------------------------


START 2022-10-13 15:00:01 --------------------------
live
총 0 개 데이타 이동
END   2022-10-13 15:00:01 --------------------------


START 2022-10-13 15:10:02 --------------------------
live
총 0 개 데이타 이동
END   2022-10-13 15:10:02 --------------------------


START 2022-10-13 15:20:01 --------------------------
live
총 0 개 데이타 이동
END   2022-10-13 15:20:01 --------------------------


START 2022-10-13 15:30:01 --------------------------
live
총 0 개 데이타 이동
END   2022-10-13 15:30:01 --------------------------


START 2022-10-13 15:40:01 --------------------------
live
총 0 개 데이타 이동
END   2022-10-13 15:40:01 --------------------------


START 2022-10-13 15:50:01 --------------------------
live
총 0 개 데이타 이동
END   2022-10-13 15:50:01 --------------------------


START 2022-10-13 16:00:01 --------------------------
live
총 13 개 데이타 이동
데이타 이동 시작 *****
3111368 01024568888 -- 3111369 01056179090 -- 3111370 01080060401 -- 3111371 01032809295 -- 3111372 01088944740 -- 3111373 01067241409 -- 3111374 01064063972 -- 3111375 01086246176 -- 3111376 01047693024 -- 3111377 01048474041 -- 3111378 01090838172 -- 3111379 01050297528 -- 3111380 01082299622 -- 
END   2022-10-13 16:00:01 --------------------------


START 2022-10-13 16:10:01 --------------------------
live
총 0 개 데이타 이동
END   2022-10-13 16:10:01 --------------------------


START 2022-10-13 16:20:01 --------------------------
live
총 0 개 데이타 이동
END   2022-10-13 16:20:01 --------------------------


START 2022-10-13 16:30:01 --------------------------
live
총 0 개 데이타 이동
END   2022-10-13 16:30:01 --------------------------


START 2022-10-13 16:40:01 --------------------------
live
총 0 개 데이타 이동
END   2022-10-13 16:40:01 --------------------------


START 2022-10-13 16:50:01 --------------------------
live
총 0 개 데이타 이동
END   2022-10-13 16:50:01 --------------------------


START 2022-10-13 17:00:02 --------------------------
live
총 0 개 데이타 이동
END   2022-10-13 17:00:02 --------------------------


START 2022-10-13 17:10:01 --------------------------
live
총 0 개 데이타 이동
END   2022-10-13 17:10:01 --------------------------


START 2022-10-13 17:20:01 --------------------------
live
총 0 개 데이타 이동
END   2022-10-13 17:20:01 --------------------------


START 2022-10-13 17:30:01 --------------------------
live
총 0 개 데이타 이동
END   2022-10-13 17:30:01 --------------------------


START 2022-10-13 17:40:01 --------------------------
live
총 0 개 데이타 이동
END   2022-10-13 17:40:01 --------------------------


START 2022-10-13 17:50:03 --------------------------
live
총 0 개 데이타 이동
END   2022-10-13 17:50:03 --------------------------


START 2022-10-13 18:00:01 --------------------------
live
총 0 개 데이타 이동
END   2022-10-13 18:00:01 --------------------------


START 2022-10-13 18:10:01 --------------------------
live
총 0 개 데이타 이동
END   2022-10-13 18:10:01 --------------------------


START 2022-10-13 18:20:01 --------------------------
live
총 0 개 데이타 이동
END   2022-10-13 18:20:01 --------------------------


START 2022-10-13 18:30:01 --------------------------
live
총 0 개 데이타 이동
END   2022-10-13 18:30:01 --------------------------


START 2022-10-13 18:40:01 --------------------------
live
총 0 개 데이타 이동
END   2022-10-13 18:40:01 --------------------------


START 2022-10-13 18:50:04 --------------------------
live
총 0 개 데이타 이동
END   2022-10-13 18:50:04 --------------------------


START 2022-10-13 19:00:01 --------------------------
live
총 0 개 데이타 이동
END   2022-10-13 19:00:01 --------------------------


START 2022-10-13 19:10:01 --------------------------
live
총 0 개 데이타 이동
END   2022-10-13 19:10:01 --------------------------


START 2022-10-13 19:20:01 --------------------------
live
총 0 개 데이타 이동
END   2022-10-13 19:20:01 --------------------------


START 2022-10-13 19:30:01 --------------------------
live
총 0 개 데이타 이동
END   2022-10-13 19:30:01 --------------------------


START 2022-10-13 19:40:01 --------------------------
live
총 0 개 데이타 이동
END   2022-10-13 19:40:01 --------------------------


START 2022-10-13 19:50:04 --------------------------
live
총 0 개 데이타 이동
END   2022-10-13 19:50:04 --------------------------


START 2022-10-13 20:00:01 --------------------------
live
총 0 개 데이타 이동
END   2022-10-13 20:00:01 --------------------------


START 2022-10-13 20:10:01 --------------------------
live
총 0 개 데이타 이동
END   2022-10-13 20:10:01 --------------------------


START 2022-10-13 20:20:01 --------------------------
live
총 0 개 데이타 이동
END   2022-10-13 20:20:01 --------------------------


START 2022-10-13 20:30:01 --------------------------
live
총 0 개 데이타 이동
END   2022-10-13 20:30:01 --------------------------


START 2022-10-13 20:40:01 --------------------------
live
총 0 개 데이타 이동
END   2022-10-13 20:40:01 --------------------------


START 2022-10-13 20:50:01 --------------------------
live
총 0 개 데이타 이동
END   2022-10-13 20:50:01 --------------------------


START 2022-10-13 21:00:02 --------------------------
live
총 0 개 데이타 이동
END   2022-10-13 21:00:02 --------------------------


START 2022-10-13 21:10:02 --------------------------
live
총 0 개 데이타 이동
END   2022-10-13 21:10:02 --------------------------


START 2022-10-13 21:20:01 --------------------------
live
총 0 개 데이타 이동
END   2022-10-13 21:20:01 --------------------------


START 2022-10-13 21:30:01 --------------------------
live
총 0 개 데이타 이동
END   2022-10-13 21:30:01 --------------------------


START 2022-10-13 21:40:01 --------------------------
live
총 0 개 데이타 이동
END   2022-10-13 21:40:02 --------------------------


START 2022-10-13 21:50:01 --------------------------
live
총 0 개 데이타 이동
END   2022-10-13 21:50:01 --------------------------


START 2022-10-13 22:00:01 --------------------------
live
총 0 개 데이타 이동
END   2022-10-13 22:00:01 --------------------------


START 2022-10-13 22:10:02 --------------------------
live
총 0 개 데이타 이동
END   2022-10-13 22:10:02 --------------------------


START 2022-10-13 22:20:01 --------------------------
live
총 0 개 데이타 이동
END   2022-10-13 22:20:01 --------------------------


START 2022-10-13 22:30:01 --------------------------
live
총 0 개 데이타 이동
END   2022-10-13 22:30:01 --------------------------


START 2022-10-13 22:40:01 --------------------------
live
총 0 개 데이타 이동
END   2022-10-13 22:40:01 --------------------------


START 2022-10-13 22:50:01 --------------------------
live
총 0 개 데이타 이동
END   2022-10-13 22:50:01 --------------------------


START 2022-10-13 23:00:02 --------------------------
live
총 0 개 데이타 이동
END   2022-10-13 23:00:02 --------------------------


START 2022-10-13 23:10:02 --------------------------
live
총 0 개 데이타 이동
END   2022-10-13 23:10:02 --------------------------


START 2022-10-13 23:20:01 --------------------------
live
총 0 개 데이타 이동
END   2022-10-13 23:20:01 --------------------------


START 2022-10-13 23:30:01 --------------------------
live
총 0 개 데이타 이동
END   2022-10-13 23:30:01 --------------------------


START 2022-10-13 23:40:01 --------------------------
live
총 0 개 데이타 이동
END   2022-10-13 23:40:01 --------------------------


START 2022-10-13 23:50:01 --------------------------
live
총 0 개 데이타 이동
END   2022-10-13 23:50:01 --------------------------


