START 2022-10-07 00:00:01 --------------------------
live
총 0 개 데이타 이동
END   2022-10-07 00:00:01 --------------------------


START 2022-10-07 00:10:01 --------------------------
live
총 0 개 데이타 이동
END   2022-10-07 00:10:01 --------------------------


START 2022-10-07 00:20:01 --------------------------
live
총 0 개 데이타 이동
END   2022-10-07 00:20:01 --------------------------


START 2022-10-07 00:30:01 --------------------------
live
총 0 개 데이타 이동
END   2022-10-07 00:30:01 --------------------------


START 2022-10-07 00:40:01 --------------------------
live
총 0 개 데이타 이동
END   2022-10-07 00:40:01 --------------------------


START 2022-10-07 00:50:01 --------------------------
live
총 0 개 데이타 이동
END   2022-10-07 00:50:01 --------------------------


START 2022-10-07 01:00:01 --------------------------
live
총 0 개 데이타 이동
END   2022-10-07 01:00:01 --------------------------


START 2022-10-07 01:10:01 --------------------------
live
총 0 개 데이타 이동
END   2022-10-07 01:10:01 --------------------------


START 2022-10-07 01:20:01 --------------------------
live
총 0 개 데이타 이동
END   2022-10-07 01:20:01 --------------------------


START 2022-10-07 01:30:01 --------------------------
live
총 0 개 데이타 이동
END   2022-10-07 01:30:01 --------------------------


START 2022-10-07 01:40:01 --------------------------
live
총 0 개 데이타 이동
END   2022-10-07 01:40:01 --------------------------


START 2022-10-07 01:50:01 --------------------------
live
총 0 개 데이타 이동
END   2022-10-07 01:50:01 --------------------------


START 2022-10-07 02:00:01 --------------------------
live
총 0 개 데이타 이동
END   2022-10-07 02:00:01 --------------------------


START 2022-10-07 02:10:01 --------------------------
live
총 0 개 데이타 이동
END   2022-10-07 02:10:01 --------------------------


START 2022-10-07 02:20:01 --------------------------
live
총 0 개 데이타 이동
END   2022-10-07 02:20:01 --------------------------


START 2022-10-07 02:30:01 --------------------------
live
총 0 개 데이타 이동
END   2022-10-07 02:30:01 --------------------------


START 2022-10-07 02:40:01 --------------------------
live
총 0 개 데이타 이동
END   2022-10-07 02:40:01 --------------------------


START 2022-10-07 02:50:01 --------------------------
live
총 0 개 데이타 이동
END   2022-10-07 02:50:01 --------------------------


START 2022-10-07 03:00:01 --------------------------
live
총 0 개 데이타 이동
END   2022-10-07 03:00:01 --------------------------


START 2022-10-07 03:10:01 --------------------------
live
총 0 개 데이타 이동
END   2022-10-07 03:10:01 --------------------------


START 2022-10-07 03:20:01 --------------------------
live
총 0 개 데이타 이동
END   2022-10-07 03:20:01 --------------------------


START 2022-10-07 03:30:01 --------------------------
live
총 0 개 데이타 이동
END   2022-10-07 03:30:01 --------------------------


START 2022-10-07 03:40:02 --------------------------
live
총 0 개 데이타 이동
END   2022-10-07 03:40:02 --------------------------


START 2022-10-07 03:50:01 --------------------------
live
총 0 개 데이타 이동
END   2022-10-07 03:50:01 --------------------------


START 2022-10-07 04:00:01 --------------------------
live
총 0 개 데이타 이동
END   2022-10-07 04:00:01 --------------------------


START 2022-10-07 04:10:01 --------------------------
live
총 0 개 데이타 이동
END   2022-10-07 04:10:01 --------------------------


START 2022-10-07 04:20:01 --------------------------
live
총 0 개 데이타 이동
END   2022-10-07 04:20:01 --------------------------


START 2022-10-07 04:30:01 --------------------------
live
총 0 개 데이타 이동
END   2022-10-07 04:30:01 --------------------------


START 2022-10-07 04:40:01 --------------------------
live
총 0 개 데이타 이동
END   2022-10-07 04:40:01 --------------------------


START 2022-10-07 04:50:01 --------------------------
live
총 0 개 데이타 이동
END   2022-10-07 04:50:01 --------------------------


START 2022-10-07 05:00:01 --------------------------
live
총 0 개 데이타 이동
END   2022-10-07 05:00:01 --------------------------


START 2022-10-07 05:10:01 --------------------------
live
총 0 개 데이타 이동
END   2022-10-07 05:10:01 --------------------------


START 2022-10-07 05:20:01 --------------------------
live
총 0 개 데이타 이동
END   2022-10-07 05:20:01 --------------------------


START 2022-10-07 05:30:02 --------------------------
live
총 0 개 데이타 이동
END   2022-10-07 05:30:02 --------------------------


START 2022-10-07 05:40:01 --------------------------
live
총 0 개 데이타 이동
END   2022-10-07 05:40:01 --------------------------


START 2022-10-07 05:50:01 --------------------------
live
총 0 개 데이타 이동
END   2022-10-07 05:50:01 --------------------------


START 2022-10-07 06:00:01 --------------------------
live
총 0 개 데이타 이동
END   2022-10-07 06:00:01 --------------------------


START 2022-10-07 06:10:01 --------------------------
live
총 0 개 데이타 이동
END   2022-10-07 06:10:01 --------------------------


START 2022-10-07 06:20:01 --------------------------
live
총 0 개 데이타 이동
END   2022-10-07 06:20:01 --------------------------


START 2022-10-07 06:30:02 --------------------------
live
총 0 개 데이타 이동
END   2022-10-07 06:30:02 --------------------------


START 2022-10-07 06:40:01 --------------------------
live
총 0 개 데이타 이동
END   2022-10-07 06:40:01 --------------------------


START 2022-10-07 06:50:01 --------------------------
live
총 0 개 데이타 이동
END   2022-10-07 06:50:01 --------------------------


START 2022-10-07 07:00:01 --------------------------
live
총 0 개 데이타 이동
END   2022-10-07 07:00:01 --------------------------


START 2022-10-07 07:10:01 --------------------------
live
총 0 개 데이타 이동
END   2022-10-07 07:10:01 --------------------------


START 2022-10-07 07:20:01 --------------------------
live
총 0 개 데이타 이동
END   2022-10-07 07:20:01 --------------------------


START 2022-10-07 07:30:01 --------------------------
live
총 0 개 데이타 이동
END   2022-10-07 07:30:01 --------------------------


START 2022-10-07 07:40:01 --------------------------
live
총 0 개 데이타 이동
END   2022-10-07 07:40:01 --------------------------


START 2022-10-07 07:50:01 --------------------------
live
총 0 개 데이타 이동
END   2022-10-07 07:50:01 --------------------------


START 2022-10-07 08:00:01 --------------------------
live
총 0 개 데이타 이동
END   2022-10-07 08:00:01 --------------------------


START 2022-10-07 08:10:02 --------------------------
live
총 0 개 데이타 이동
END   2022-10-07 08:10:02 --------------------------


START 2022-10-07 08:20:01 --------------------------
live
총 0 개 데이타 이동
END   2022-10-07 08:20:01 --------------------------


START 2022-10-07 08:30:01 --------------------------
live
총 0 개 데이타 이동
END   2022-10-07 08:30:01 --------------------------


START 2022-10-07 08:40:01 --------------------------
live
총 0 개 데이타 이동
END   2022-10-07 08:40:01 --------------------------


START 2022-10-07 08:50:01 --------------------------
live
총 0 개 데이타 이동
END   2022-10-07 08:50:01 --------------------------


START 2022-10-07 09:00:01 --------------------------
live
총 0 개 데이타 이동
END   2022-10-07 09:00:01 --------------------------


START 2022-10-07 09:10:01 --------------------------
live
총 0 개 데이타 이동
END   2022-10-07 09:10:01 --------------------------


START 2022-10-07 09:20:02 --------------------------
live
총 0 개 데이타 이동
END   2022-10-07 09:20:02 --------------------------


START 2022-10-07 09:30:01 --------------------------
live
총 0 개 데이타 이동
END   2022-10-07 09:30:01 --------------------------


START 2022-10-07 09:40:01 --------------------------
live
총 0 개 데이타 이동
END   2022-10-07 09:40:02 --------------------------


START 2022-10-07 09:50:01 --------------------------
live
총 0 개 데이타 이동
END   2022-10-07 09:50:01 --------------------------


START 2022-10-07 10:00:01 --------------------------
live
총 0 개 데이타 이동
END   2022-10-07 10:00:01 --------------------------


START 2022-10-07 10:10:01 --------------------------
live
총 0 개 데이타 이동
END   2022-10-07 10:10:01 --------------------------


START 2022-10-07 10:20:01 --------------------------
live
총 0 개 데이타 이동
END   2022-10-07 10:20:01 --------------------------


START 2022-10-07 10:30:01 --------------------------
live
총 3 개 데이타 이동
데이타 이동 시작 *****
3111326 01082300118 -- 3111327 01067466580 -- 3111328 01088372069 -- 
END   2022-10-07 10:30:01 --------------------------


START 2022-10-07 10:40:01 --------------------------
live
9 개의 삭제대상 레코드 발견
delete from cf_Msg_Tran where moved='Y' and Send_Time < now() - interval 30 DAY
9 개 삭제

총 0 개 데이타 이동
END   2022-10-07 10:40:01 --------------------------


START 2022-10-07 10:50:01 --------------------------
live
총 0 개 데이타 이동
END   2022-10-07 10:50:01 --------------------------


START 2022-10-07 11:00:01 --------------------------
live
총 0 개 데이타 이동
END   2022-10-07 11:00:01 --------------------------


START 2022-10-07 11:10:01 --------------------------
live
총 0 개 데이타 이동
END   2022-10-07 11:10:01 --------------------------


START 2022-10-07 11:20:01 --------------------------
live
총 0 개 데이타 이동
END   2022-10-07 11:20:01 --------------------------


START 2022-10-07 11:30:01 --------------------------
live
총 0 개 데이타 이동
END   2022-10-07 11:30:01 --------------------------


START 2022-10-07 11:40:01 --------------------------
live
총 0 개 데이타 이동
END   2022-10-07 11:40:01 --------------------------


START 2022-10-07 11:50:01 --------------------------
live
총 0 개 데이타 이동
END   2022-10-07 11:50:01 --------------------------


START 2022-10-07 12:00:01 --------------------------
live
총 0 개 데이타 이동
END   2022-10-07 12:00:01 --------------------------


START 2022-10-07 12:10:02 --------------------------
live
총 0 개 데이타 이동
END   2022-10-07 12:10:02 --------------------------


START 2022-10-07 12:20:01 --------------------------
live
총 0 개 데이타 이동
END   2022-10-07 12:20:01 --------------------------


START 2022-10-07 12:30:02 --------------------------
live
총 0 개 데이타 이동
END   2022-10-07 12:30:02 --------------------------


START 2022-10-07 12:40:02 --------------------------
live
총 0 개 데이타 이동
END   2022-10-07 12:40:02 --------------------------


START 2022-10-07 12:50:01 --------------------------
live
총 0 개 데이타 이동
END   2022-10-07 12:50:01 --------------------------


START 2022-10-07 13:00:01 --------------------------
live
총 0 개 데이타 이동
END   2022-10-07 13:00:01 --------------------------


START 2022-10-07 13:10:01 --------------------------
live
총 13 개 데이타 이동
데이타 이동 시작 *****
3111329 01024568888 -- 3111330 01056179090 -- 3111331 01080060401 -- 3111332 01032809295 -- 3111333 01088944740 -- 3111334 01067241409 -- 3111335 01064063972 -- 3111336 01086246176 -- 3111337 01047693024 -- 3111338 01048474041 -- 3111339 01090838172 -- 3111340 01050297528 -- 3111341 01082299622 -- 
END   2022-10-07 13:10:01 --------------------------


START 2022-10-07 13:20:05 --------------------------
live
총 0 개 데이타 이동
END   2022-10-07 13:20:05 --------------------------


START 2022-10-07 13:30:02 --------------------------
live
총 0 개 데이타 이동
END   2022-10-07 13:30:02 --------------------------


START 2022-10-07 13:40:01 --------------------------
live
총 0 개 데이타 이동
END   2022-10-07 13:40:01 --------------------------


START 2022-10-07 13:50:01 --------------------------
live
총 0 개 데이타 이동
END   2022-10-07 13:50:01 --------------------------


START 2022-10-07 14:00:01 --------------------------
live
총 0 개 데이타 이동
END   2022-10-07 14:00:01 --------------------------


START 2022-10-07 14:10:01 --------------------------
live
총 0 개 데이타 이동
END   2022-10-07 14:10:01 --------------------------


START 2022-10-07 14:20:01 --------------------------
live
총 0 개 데이타 이동
END   2022-10-07 14:20:01 --------------------------


START 2022-10-07 14:30:01 --------------------------
live
총 0 개 데이타 이동
END   2022-10-07 14:30:01 --------------------------


START 2022-10-07 14:40:01 --------------------------
live
총 0 개 데이타 이동
END   2022-10-07 14:40:01 --------------------------


START 2022-10-07 14:50:01 --------------------------
live
총 0 개 데이타 이동
END   2022-10-07 14:50:01 --------------------------


START 2022-10-07 15:00:01 --------------------------
live
총 0 개 데이타 이동
END   2022-10-07 15:00:01 --------------------------


START 2022-10-07 15:10:01 --------------------------
live
총 0 개 데이타 이동
END   2022-10-07 15:10:01 --------------------------


START 2022-10-07 15:20:01 --------------------------
live
총 0 개 데이타 이동
END   2022-10-07 15:20:01 --------------------------


START 2022-10-07 15:30:01 --------------------------
live
총 0 개 데이타 이동
END   2022-10-07 15:30:01 --------------------------


START 2022-10-07 15:40:01 --------------------------
live
총 0 개 데이타 이동
END   2022-10-07 15:40:01 --------------------------


START 2022-10-07 15:50:01 --------------------------
live
총 0 개 데이타 이동
END   2022-10-07 15:50:01 --------------------------


START 2022-10-07 16:00:01 --------------------------
live
총 0 개 데이타 이동
END   2022-10-07 16:00:01 --------------------------


START 2022-10-07 16:10:01 --------------------------
live
총 0 개 데이타 이동
END   2022-10-07 16:10:01 --------------------------


START 2022-10-07 16:20:01 --------------------------
live
총 0 개 데이타 이동
END   2022-10-07 16:20:01 --------------------------


START 2022-10-07 16:30:01 --------------------------
live
총 0 개 데이타 이동
END   2022-10-07 16:30:01 --------------------------


START 2022-10-07 16:40:01 --------------------------
live
총 0 개 데이타 이동
END   2022-10-07 16:40:01 --------------------------


START 2022-10-07 16:50:01 --------------------------
live
총 0 개 데이타 이동
END   2022-10-07 16:50:01 --------------------------


START 2022-10-07 17:00:01 --------------------------
live
총 0 개 데이타 이동
END   2022-10-07 17:00:01 --------------------------


START 2022-10-07 17:10:01 --------------------------
live
총 0 개 데이타 이동
END   2022-10-07 17:10:01 --------------------------


START 2022-10-07 17:20:01 --------------------------
live
총 0 개 데이타 이동
END   2022-10-07 17:20:01 --------------------------


START 2022-10-07 17:30:01 --------------------------
live
총 0 개 데이타 이동
END   2022-10-07 17:30:01 --------------------------


START 2022-10-07 17:40:01 --------------------------
live
총 0 개 데이타 이동
END   2022-10-07 17:40:01 --------------------------


START 2022-10-07 17:50:01 --------------------------
live
총 0 개 데이타 이동
END   2022-10-07 17:50:01 --------------------------


START 2022-10-07 18:00:01 --------------------------
live
총 0 개 데이타 이동
END   2022-10-07 18:00:01 --------------------------


START 2022-10-07 18:10:01 --------------------------
live
총 0 개 데이타 이동
END   2022-10-07 18:10:01 --------------------------


START 2022-10-07 18:20:01 --------------------------
live
총 0 개 데이타 이동
END   2022-10-07 18:20:01 --------------------------


START 2022-10-07 18:30:01 --------------------------
live
총 0 개 데이타 이동
END   2022-10-07 18:30:01 --------------------------


START 2022-10-07 18:40:01 --------------------------
live
총 0 개 데이타 이동
END   2022-10-07 18:40:01 --------------------------


START 2022-10-07 18:50:01 --------------------------
live
총 0 개 데이타 이동
END   2022-10-07 18:50:01 --------------------------


START 2022-10-07 19:00:01 --------------------------
live
총 0 개 데이타 이동
END   2022-10-07 19:00:01 --------------------------


START 2022-10-07 19:10:01 --------------------------
live
총 0 개 데이타 이동
END   2022-10-07 19:10:01 --------------------------


START 2022-10-07 19:20:01 --------------------------
live
총 0 개 데이타 이동
END   2022-10-07 19:20:01 --------------------------


START 2022-10-07 19:30:01 --------------------------
live
총 0 개 데이타 이동
END   2022-10-07 19:30:01 --------------------------


START 2022-10-07 19:40:01 --------------------------
live
총 0 개 데이타 이동
END   2022-10-07 19:40:01 --------------------------


START 2022-10-07 19:50:01 --------------------------
live
총 0 개 데이타 이동
END   2022-10-07 19:50:01 --------------------------


START 2022-10-07 20:00:01 --------------------------
live
총 0 개 데이타 이동
END   2022-10-07 20:00:01 --------------------------


START 2022-10-07 20:10:01 --------------------------
live
총 0 개 데이타 이동
END   2022-10-07 20:10:01 --------------------------


START 2022-10-07 20:20:01 --------------------------
live
총 0 개 데이타 이동
END   2022-10-07 20:20:01 --------------------------


START 2022-10-07 20:30:01 --------------------------
live
총 0 개 데이타 이동
END   2022-10-07 20:30:01 --------------------------


START 2022-10-07 20:40:01 --------------------------
live
총 0 개 데이타 이동
END   2022-10-07 20:40:01 --------------------------


START 2022-10-07 20:50:01 --------------------------
live
총 0 개 데이타 이동
END   2022-10-07 20:50:01 --------------------------


START 2022-10-07 21:00:01 --------------------------
live
총 0 개 데이타 이동
END   2022-10-07 21:00:01 --------------------------


START 2022-10-07 21:10:01 --------------------------
live
총 0 개 데이타 이동
END   2022-10-07 21:10:01 --------------------------


START 2022-10-07 21:20:02 --------------------------
live
총 0 개 데이타 이동
END   2022-10-07 21:20:02 --------------------------


START 2022-10-07 21:30:01 --------------------------
live
총 0 개 데이타 이동
END   2022-10-07 21:30:01 --------------------------


START 2022-10-07 21:40:01 --------------------------
live
총 0 개 데이타 이동
END   2022-10-07 21:40:01 --------------------------


START 2022-10-07 21:50:01 --------------------------
live
총 0 개 데이타 이동
END   2022-10-07 21:50:01 --------------------------


START 2022-10-07 22:00:01 --------------------------
live
총 0 개 데이타 이동
END   2022-10-07 22:00:01 --------------------------


START 2022-10-07 22:10:01 --------------------------
live
총 0 개 데이타 이동
END   2022-10-07 22:10:01 --------------------------


START 2022-10-07 22:20:01 --------------------------
live
총 0 개 데이타 이동
END   2022-10-07 22:20:01 --------------------------


START 2022-10-07 22:30:02 --------------------------
live
총 0 개 데이타 이동
END   2022-10-07 22:30:02 --------------------------


START 2022-10-07 22:40:01 --------------------------
live
총 0 개 데이타 이동
END   2022-10-07 22:40:01 --------------------------


START 2022-10-07 22:50:01 --------------------------
live
총 0 개 데이타 이동
END   2022-10-07 22:50:01 --------------------------


START 2022-10-07 23:00:01 --------------------------
live
총 0 개 데이타 이동
END   2022-10-07 23:00:01 --------------------------


START 2022-10-07 23:10:01 --------------------------
live
총 0 개 데이타 이동
END   2022-10-07 23:10:01 --------------------------


START 2022-10-07 23:20:01 --------------------------
live
총 0 개 데이타 이동
END   2022-10-07 23:20:01 --------------------------


START 2022-10-07 23:30:01 --------------------------
live
총 0 개 데이타 이동
END   2022-10-07 23:30:01 --------------------------


START 2022-10-07 23:40:01 --------------------------
live
총 0 개 데이타 이동
END   2022-10-07 23:40:01 --------------------------


START 2022-10-07 23:50:01 --------------------------
live
총 0 개 데이타 이동
END   2022-10-07 23:50:01 --------------------------


