START 2022-01-25 00:00:01 --------------------------
live
총 0 개 데이타 이동
END   2022-01-25 00:00:03 --------------------------


START 2022-01-25 00:10:01 --------------------------
live
총 0 개 데이타 이동
END   2022-01-25 00:10:03 --------------------------


START 2022-01-25 00:20:02 --------------------------
live
총 0 개 데이타 이동
END   2022-01-25 00:20:03 --------------------------


START 2022-01-25 00:30:02 --------------------------
live
총 0 개 데이타 이동
END   2022-01-25 00:30:03 --------------------------


START 2022-01-25 00:40:01 --------------------------
live
총 0 개 데이타 이동
END   2022-01-25 00:40:03 --------------------------


START 2022-01-25 00:50:02 --------------------------
live
총 0 개 데이타 이동
END   2022-01-25 00:50:03 --------------------------


START 2022-01-25 01:00:01 --------------------------
live
총 0 개 데이타 이동
END   2022-01-25 01:00:03 --------------------------


START 2022-01-25 01:10:02 --------------------------
live
총 0 개 데이타 이동
END   2022-01-25 01:10:03 --------------------------


START 2022-01-25 01:20:01 --------------------------
live
총 0 개 데이타 이동
END   2022-01-25 01:20:03 --------------------------


START 2022-01-25 01:30:01 --------------------------
live
총 0 개 데이타 이동
END   2022-01-25 01:30:03 --------------------------


START 2022-01-25 01:40:01 --------------------------
live
총 0 개 데이타 이동
END   2022-01-25 01:40:03 --------------------------


START 2022-01-25 01:50:01 --------------------------
live
총 0 개 데이타 이동
END   2022-01-25 01:50:03 --------------------------


START 2022-01-25 02:00:02 --------------------------
live
총 0 개 데이타 이동
END   2022-01-25 02:00:04 --------------------------


START 2022-01-25 02:10:01 --------------------------
live
총 0 개 데이타 이동
END   2022-01-25 02:10:03 --------------------------


START 2022-01-25 02:20:01 --------------------------
live
총 0 개 데이타 이동
END   2022-01-25 02:20:03 --------------------------


START 2022-01-25 02:30:01 --------------------------
live
총 0 개 데이타 이동
END   2022-01-25 02:30:03 --------------------------


START 2022-01-25 02:40:02 --------------------------
live
총 0 개 데이타 이동
END   2022-01-25 02:40:03 --------------------------


START 2022-01-25 02:50:01 --------------------------
live
총 0 개 데이타 이동
END   2022-01-25 02:50:03 --------------------------


START 2022-01-25 03:00:01 --------------------------
live
총 0 개 데이타 이동
END   2022-01-25 03:00:03 --------------------------


START 2022-01-25 03:10:01 --------------------------
live
총 0 개 데이타 이동
END   2022-01-25 03:10:02 --------------------------


START 2022-01-25 03:20:01 --------------------------
live
총 0 개 데이타 이동
END   2022-01-25 03:20:03 --------------------------


START 2022-01-25 03:30:01 --------------------------
live
총 0 개 데이타 이동
END   2022-01-25 03:30:03 --------------------------


START 2022-01-25 03:40:01 --------------------------
live
총 0 개 데이타 이동
END   2022-01-25 03:40:03 --------------------------


START 2022-01-25 03:50:02 --------------------------
live
총 0 개 데이타 이동
END   2022-01-25 03:50:03 --------------------------


START 2022-01-25 04:00:01 --------------------------
live
총 0 개 데이타 이동
END   2022-01-25 04:00:03 --------------------------


START 2022-01-25 04:10:01 --------------------------
live
총 0 개 데이타 이동
END   2022-01-25 04:10:03 --------------------------


START 2022-01-25 04:20:01 --------------------------
live
총 0 개 데이타 이동
END   2022-01-25 04:20:03 --------------------------


START 2022-01-25 04:30:02 --------------------------
live
총 0 개 데이타 이동
END   2022-01-25 04:30:04 --------------------------


START 2022-01-25 04:40:01 --------------------------
live
총 0 개 데이타 이동
END   2022-01-25 04:40:03 --------------------------


START 2022-01-25 04:50:01 --------------------------
live
총 0 개 데이타 이동
END   2022-01-25 04:50:03 --------------------------


START 2022-01-25 05:00:01 --------------------------
live
총 0 개 데이타 이동
END   2022-01-25 05:00:03 --------------------------


START 2022-01-25 05:10:01 --------------------------
live
총 0 개 데이타 이동
END   2022-01-25 05:10:03 --------------------------


START 2022-01-25 05:20:01 --------------------------
live
총 0 개 데이타 이동
END   2022-01-25 05:20:03 --------------------------


START 2022-01-25 05:30:01 --------------------------
live
총 0 개 데이타 이동
END   2022-01-25 05:30:03 --------------------------


START 2022-01-25 05:40:02 --------------------------
live
총 0 개 데이타 이동
END   2022-01-25 05:40:03 --------------------------


START 2022-01-25 05:50:01 --------------------------
live
총 0 개 데이타 이동
END   2022-01-25 05:50:03 --------------------------


START 2022-01-25 06:00:01 --------------------------
live
총 0 개 데이타 이동
END   2022-01-25 06:00:03 --------------------------


START 2022-01-25 06:10:01 --------------------------
live
총 0 개 데이타 이동
END   2022-01-25 06:10:03 --------------------------


START 2022-01-25 06:20:01 --------------------------
live
총 0 개 데이타 이동
END   2022-01-25 06:20:03 --------------------------


START 2022-01-25 06:30:02 --------------------------
live
총 0 개 데이타 이동
END   2022-01-25 06:30:03 --------------------------


START 2022-01-25 06:40:01 --------------------------
live
총 0 개 데이타 이동
END   2022-01-25 06:40:03 --------------------------


START 2022-01-25 06:50:01 --------------------------
live
총 0 개 데이타 이동
END   2022-01-25 06:50:03 --------------------------


START 2022-01-25 07:00:02 --------------------------
live
총 0 개 데이타 이동
END   2022-01-25 07:00:04 --------------------------


START 2022-01-25 07:10:02 --------------------------
live
총 0 개 데이타 이동
END   2022-01-25 07:10:04 --------------------------


START 2022-01-25 07:20:02 --------------------------
live
총 0 개 데이타 이동
END   2022-01-25 07:20:03 --------------------------


START 2022-01-25 07:30:02 --------------------------
live
총 0 개 데이타 이동
END   2022-01-25 07:30:03 --------------------------


START 2022-01-25 07:40:01 --------------------------
live
총 0 개 데이타 이동
END   2022-01-25 07:40:03 --------------------------


START 2022-01-25 07:50:01 --------------------------
live
총 0 개 데이타 이동
END   2022-01-25 07:50:03 --------------------------


START 2022-01-25 08:00:01 --------------------------
live
총 0 개 데이타 이동
END   2022-01-25 08:00:03 --------------------------


START 2022-01-25 08:10:01 --------------------------
live
총 0 개 데이타 이동
END   2022-01-25 08:10:03 --------------------------


START 2022-01-25 08:20:01 --------------------------
live
총 0 개 데이타 이동
END   2022-01-25 08:20:03 --------------------------


START 2022-01-25 08:30:01 --------------------------
live
총 0 개 데이타 이동
END   2022-01-25 08:30:03 --------------------------


START 2022-01-25 08:40:01 --------------------------
live
총 0 개 데이타 이동
END   2022-01-25 08:40:03 --------------------------


START 2022-01-25 08:50:02 --------------------------
live
총 0 개 데이타 이동
END   2022-01-25 08:50:03 --------------------------


START 2022-01-25 09:00:02 --------------------------
live
총 0 개 데이타 이동
END   2022-01-25 09:00:04 --------------------------


START 2022-01-25 09:10:02 --------------------------
live
총 0 개 데이타 이동
END   2022-01-25 09:10:03 --------------------------


START 2022-01-25 09:20:01 --------------------------
live
총 0 개 데이타 이동
END   2022-01-25 09:20:03 --------------------------


START 2022-01-25 09:30:02 --------------------------
live
총 0 개 데이타 이동
END   2022-01-25 09:30:03 --------------------------


START 2022-01-25 09:40:01 --------------------------
live
총 0 개 데이타 이동
END   2022-01-25 09:40:03 --------------------------


START 2022-01-25 09:50:01 --------------------------
live
총 0 개 데이타 이동
END   2022-01-25 09:50:03 --------------------------


START 2022-01-25 10:00:01 --------------------------
live
총 0 개 데이타 이동
END   2022-01-25 10:00:03 --------------------------


START 2022-01-25 10:10:01 --------------------------
live
총 0 개 데이타 이동
END   2022-01-25 10:10:03 --------------------------


START 2022-01-25 10:20:01 --------------------------
live
총 0 개 데이타 이동
END   2022-01-25 10:20:03 --------------------------


START 2022-01-25 10:30:01 --------------------------
live
총 0 개 데이타 이동
END   2022-01-25 10:30:03 --------------------------


START 2022-01-25 10:40:01 --------------------------
live
총 0 개 데이타 이동
END   2022-01-25 10:40:03 --------------------------


START 2022-01-25 10:50:01 --------------------------
live
총 0 개 데이타 이동
END   2022-01-25 10:50:03 --------------------------


START 2022-01-25 11:00:01 --------------------------
live
총 0 개 데이타 이동
END   2022-01-25 11:00:03 --------------------------


START 2022-01-25 11:10:02 --------------------------
live
총 0 개 데이타 이동
END   2022-01-25 11:10:03 --------------------------


START 2022-01-25 11:20:01 --------------------------
live
총 0 개 데이타 이동
END   2022-01-25 11:20:03 --------------------------


START 2022-01-25 11:30:02 --------------------------
live
총 0 개 데이타 이동
END   2022-01-25 11:30:03 --------------------------


START 2022-01-25 11:40:02 --------------------------
live
총 2 개 데이타 이동
데이타 이동 시작 *****
3047475 01024568888 -- 3047476 01088944740 -- 
END   2022-01-25 11:40:05 --------------------------


START 2022-01-25 11:50:02 --------------------------
live
총 0 개 데이타 이동
END   2022-01-25 11:50:03 --------------------------


START 2022-01-25 12:00:02 --------------------------
live
총 0 개 데이타 이동
END   2022-01-25 12:00:03 --------------------------


START 2022-01-25 12:10:02 --------------------------
live
총 0 개 데이타 이동
END   2022-01-25 12:10:05 --------------------------


START 2022-01-25 12:20:01 --------------------------
live
총 0 개 데이타 이동
END   2022-01-25 12:20:03 --------------------------


START 2022-01-25 12:30:01 --------------------------
live
총 0 개 데이타 이동
END   2022-01-25 12:30:03 --------------------------


START 2022-01-25 12:40:01 --------------------------
live
총 0 개 데이타 이동
END   2022-01-25 12:40:03 --------------------------


START 2022-01-25 12:50:01 --------------------------
live
총 0 개 데이타 이동
END   2022-01-25 12:50:03 --------------------------


START 2022-01-25 13:00:02 --------------------------
live
총 0 개 데이타 이동
END   2022-01-25 13:00:03 --------------------------


START 2022-01-25 13:10:02 --------------------------
live
총 0 개 데이타 이동
END   2022-01-25 13:10:04 --------------------------


START 2022-01-25 13:20:01 --------------------------
live
총 0 개 데이타 이동
END   2022-01-25 13:20:03 --------------------------


START 2022-01-25 13:30:01 --------------------------
live
총 0 개 데이타 이동
END   2022-01-25 13:30:03 --------------------------


START 2022-01-25 13:40:01 --------------------------
live
총 0 개 데이타 이동
END   2022-01-25 13:40:03 --------------------------


START 2022-01-25 13:50:01 --------------------------
live
총 0 개 데이타 이동
END   2022-01-25 13:50:03 --------------------------


START 2022-01-25 14:00:01 --------------------------
live
총 0 개 데이타 이동
END   2022-01-25 14:00:02 --------------------------


START 2022-01-25 14:10:01 --------------------------
live
총 2 개 데이타 이동
데이타 이동 시작 *****
3047477 01024568888 -- 3047478 01088944740 -- 
END   2022-01-25 14:10:05 --------------------------


START 2022-01-25 14:20:01 --------------------------
live
총 0 개 데이타 이동
END   2022-01-25 14:20:03 --------------------------


START 2022-01-25 14:30:01 --------------------------
live
총 0 개 데이타 이동
END   2022-01-25 14:30:03 --------------------------


START 2022-01-25 14:40:01 --------------------------
live
총 0 개 데이타 이동
END   2022-01-25 14:40:03 --------------------------


START 2022-01-25 14:50:01 --------------------------
live
총 0 개 데이타 이동
END   2022-01-25 14:50:03 --------------------------


START 2022-01-25 15:00:01 --------------------------
live
총 0 개 데이타 이동
END   2022-01-25 15:00:03 --------------------------


START 2022-01-25 15:10:01 --------------------------
live
총 0 개 데이타 이동
END   2022-01-25 15:10:04 --------------------------


START 2022-01-25 15:20:01 --------------------------
live
총 0 개 데이타 이동
END   2022-01-25 15:20:03 --------------------------


START 2022-01-25 15:30:01 --------------------------
live
총 0 개 데이타 이동
END   2022-01-25 15:30:03 --------------------------


START 2022-01-25 15:40:02 --------------------------
live
총 0 개 데이타 이동
END   2022-01-25 15:40:04 --------------------------


START 2022-01-25 15:50:02 --------------------------
live
총 0 개 데이타 이동
END   2022-01-25 15:50:04 --------------------------


START 2022-01-25 16:00:02 --------------------------
live
총 0 개 데이타 이동
END   2022-01-25 16:00:04 --------------------------


START 2022-01-25 16:10:01 --------------------------
live
총 0 개 데이타 이동
END   2022-01-25 16:10:04 --------------------------


START 2022-01-25 16:20:01 --------------------------
live
총 0 개 데이타 이동
END   2022-01-25 16:20:03 --------------------------


START 2022-01-25 16:30:01 --------------------------
live
총 0 개 데이타 이동
END   2022-01-25 16:30:03 --------------------------


START 2022-01-25 16:40:01 --------------------------
live
총 0 개 데이타 이동
END   2022-01-25 16:40:03 --------------------------


START 2022-01-25 16:50:01 --------------------------
live
총 0 개 데이타 이동
END   2022-01-25 16:50:03 --------------------------


START 2022-01-25 17:00:01 --------------------------
live
총 0 개 데이타 이동
END   2022-01-25 17:00:03 --------------------------


START 2022-01-25 17:10:01 --------------------------
live
총 0 개 데이타 이동
END   2022-01-25 17:10:03 --------------------------


START 2022-01-25 17:20:01 --------------------------
live
총 0 개 데이타 이동
END   2022-01-25 17:20:03 --------------------------


START 2022-01-25 17:30:01 --------------------------
live
총 0 개 데이타 이동
END   2022-01-25 17:30:03 --------------------------


START 2022-01-25 17:40:01 --------------------------
live
총 0 개 데이타 이동
END   2022-01-25 17:40:03 --------------------------


START 2022-01-25 17:50:01 --------------------------
live
총 0 개 데이타 이동
END   2022-01-25 17:50:03 --------------------------


START 2022-01-25 18:00:01 --------------------------
live
총 0 개 데이타 이동
END   2022-01-25 18:00:03 --------------------------


START 2022-01-25 18:10:02 --------------------------
live
총 0 개 데이타 이동
END   2022-01-25 18:10:04 --------------------------


START 2022-01-25 18:20:02 --------------------------
live
총 0 개 데이타 이동
END   2022-01-25 18:20:03 --------------------------


START 2022-01-25 18:30:02 --------------------------
live
총 0 개 데이타 이동
END   2022-01-25 18:30:03 --------------------------


START 2022-01-25 18:40:02 --------------------------
live
총 0 개 데이타 이동
END   2022-01-25 18:40:04 --------------------------


START 2022-01-25 18:50:02 --------------------------
live
총 0 개 데이타 이동
END   2022-01-25 18:50:03 --------------------------


START 2022-01-25 19:00:02 --------------------------
live
총 0 개 데이타 이동
END   2022-01-25 19:00:03 --------------------------


START 2022-01-25 19:10:02 --------------------------
live
총 0 개 데이타 이동
END   2022-01-25 19:10:03 --------------------------


START 2022-01-25 19:20:02 --------------------------
live
총 0 개 데이타 이동
END   2022-01-25 19:20:03 --------------------------


START 2022-01-25 19:30:01 --------------------------
live
총 0 개 데이타 이동
END   2022-01-25 19:30:03 --------------------------


START 2022-01-25 19:40:01 --------------------------
live
총 0 개 데이타 이동
END   2022-01-25 19:40:03 --------------------------


START 2022-01-25 19:50:01 --------------------------
live
총 0 개 데이타 이동
END   2022-01-25 19:50:03 --------------------------


START 2022-01-25 20:00:01 --------------------------
live
총 0 개 데이타 이동
END   2022-01-25 20:00:03 --------------------------


START 2022-01-25 20:10:01 --------------------------
live
총 0 개 데이타 이동
END   2022-01-25 20:10:03 --------------------------


START 2022-01-25 20:20:01 --------------------------
live
총 0 개 데이타 이동
END   2022-01-25 20:20:03 --------------------------


START 2022-01-25 20:30:01 --------------------------
live
총 0 개 데이타 이동
END   2022-01-25 20:30:03 --------------------------


START 2022-01-25 20:40:02 --------------------------
live
총 0 개 데이타 이동
END   2022-01-25 20:40:04 --------------------------


START 2022-01-25 20:50:02 --------------------------
live
총 0 개 데이타 이동
END   2022-01-25 20:50:04 --------------------------


START 2022-01-25 21:00:02 --------------------------
live
총 0 개 데이타 이동
END   2022-01-25 21:00:03 --------------------------


START 2022-01-25 21:10:02 --------------------------
live
총 0 개 데이타 이동
END   2022-01-25 21:10:03 --------------------------


START 2022-01-25 21:20:01 --------------------------
live
총 0 개 데이타 이동
END   2022-01-25 21:20:03 --------------------------


START 2022-01-25 21:30:01 --------------------------
live
총 0 개 데이타 이동
END   2022-01-25 21:30:03 --------------------------


START 2022-01-25 21:40:01 --------------------------
live
총 0 개 데이타 이동
END   2022-01-25 21:40:03 --------------------------


START 2022-01-25 21:50:01 --------------------------
live
총 0 개 데이타 이동
END   2022-01-25 21:50:03 --------------------------


START 2022-01-25 22:00:01 --------------------------
live
총 0 개 데이타 이동
END   2022-01-25 22:00:03 --------------------------


START 2022-01-25 22:10:01 --------------------------
live
총 0 개 데이타 이동
END   2022-01-25 22:10:03 --------------------------


START 2022-01-25 22:20:01 --------------------------
live
총 0 개 데이타 이동
END   2022-01-25 22:20:03 --------------------------


START 2022-01-25 22:30:02 --------------------------
live
총 0 개 데이타 이동
END   2022-01-25 22:30:03 --------------------------


START 2022-01-25 22:40:02 --------------------------
live
총 0 개 데이타 이동
END   2022-01-25 22:40:03 --------------------------


START 2022-01-25 22:50:02 --------------------------
live
총 0 개 데이타 이동
END   2022-01-25 22:50:03 --------------------------


START 2022-01-25 23:00:01 --------------------------
live
총 0 개 데이타 이동
END   2022-01-25 23:00:03 --------------------------


START 2022-01-25 23:10:02 --------------------------
live
총 0 개 데이타 이동
END   2022-01-25 23:10:03 --------------------------


START 2022-01-25 23:20:01 --------------------------
live
총 0 개 데이타 이동
END   2022-01-25 23:20:03 --------------------------


START 2022-01-25 23:30:01 --------------------------
live
총 0 개 데이타 이동
END   2022-01-25 23:30:03 --------------------------


START 2022-01-25 23:40:01 --------------------------
live
총 0 개 데이타 이동
END   2022-01-25 23:40:03 --------------------------


START 2022-01-25 23:50:01 --------------------------
live
총 0 개 데이타 이동
END   2022-01-25 23:50:03 --------------------------


