START 2022-05-06 00:00:01 --------------------------
live
총 0 개 데이타 이동
END   2022-05-06 00:00:01 --------------------------


START 2022-05-06 00:10:01 --------------------------
live
총 0 개 데이타 이동
END   2022-05-06 00:10:01 --------------------------


START 2022-05-06 00:20:02 --------------------------
live
총 0 개 데이타 이동
END   2022-05-06 00:20:02 --------------------------


START 2022-05-06 00:30:02 --------------------------
live
총 0 개 데이타 이동
END   2022-05-06 00:30:02 --------------------------


START 2022-05-06 00:40:01 --------------------------
live
총 0 개 데이타 이동
END   2022-05-06 00:40:01 --------------------------


START 2022-05-06 00:50:01 --------------------------
live
총 0 개 데이타 이동
END   2022-05-06 00:50:01 --------------------------


START 2022-05-06 01:00:01 --------------------------
live
총 0 개 데이타 이동
END   2022-05-06 01:00:01 --------------------------


START 2022-05-06 01:10:02 --------------------------
live
총 0 개 데이타 이동
END   2022-05-06 01:10:02 --------------------------


START 2022-05-06 01:20:02 --------------------------
live
총 0 개 데이타 이동
END   2022-05-06 01:20:02 --------------------------


START 2022-05-06 01:30:01 --------------------------
live
총 0 개 데이타 이동
END   2022-05-06 01:30:01 --------------------------


START 2022-05-06 01:40:02 --------------------------
live
총 0 개 데이타 이동
END   2022-05-06 01:40:02 --------------------------


START 2022-05-06 01:50:01 --------------------------
live
총 0 개 데이타 이동
END   2022-05-06 01:50:01 --------------------------


START 2022-05-06 02:00:01 --------------------------
live
총 0 개 데이타 이동
END   2022-05-06 02:00:01 --------------------------


START 2022-05-06 02:10:01 --------------------------
live
총 0 개 데이타 이동
END   2022-05-06 02:10:01 --------------------------


START 2022-05-06 02:20:02 --------------------------
live
총 0 개 데이타 이동
END   2022-05-06 02:20:02 --------------------------


START 2022-05-06 02:30:02 --------------------------
live
총 0 개 데이타 이동
END   2022-05-06 02:30:02 --------------------------


START 2022-05-06 02:40:02 --------------------------
live
총 0 개 데이타 이동
END   2022-05-06 02:40:02 --------------------------


START 2022-05-06 02:50:01 --------------------------
live
총 0 개 데이타 이동
END   2022-05-06 02:50:01 --------------------------


START 2022-05-06 03:00:01 --------------------------
live
총 0 개 데이타 이동
END   2022-05-06 03:00:01 --------------------------


START 2022-05-06 03:10:01 --------------------------
live
총 0 개 데이타 이동
END   2022-05-06 03:10:01 --------------------------


START 2022-05-06 03:20:01 --------------------------
live
총 0 개 데이타 이동
END   2022-05-06 03:20:01 --------------------------


START 2022-05-06 03:30:01 --------------------------
live
총 0 개 데이타 이동
END   2022-05-06 03:30:01 --------------------------


START 2022-05-06 03:40:02 --------------------------
live
총 0 개 데이타 이동
END   2022-05-06 03:40:02 --------------------------


START 2022-05-06 03:50:01 --------------------------
live
총 0 개 데이타 이동
END   2022-05-06 03:50:01 --------------------------


START 2022-05-06 04:00:01 --------------------------
live
총 0 개 데이타 이동
END   2022-05-06 04:00:01 --------------------------


START 2022-05-06 04:10:01 --------------------------
live
총 0 개 데이타 이동
END   2022-05-06 04:10:01 --------------------------


START 2022-05-06 04:20:01 --------------------------
live
총 0 개 데이타 이동
END   2022-05-06 04:20:01 --------------------------


START 2022-05-06 04:30:01 --------------------------
live
총 0 개 데이타 이동
END   2022-05-06 04:30:01 --------------------------


START 2022-05-06 04:40:01 --------------------------
live
총 0 개 데이타 이동
END   2022-05-06 04:40:01 --------------------------


START 2022-05-06 04:50:02 --------------------------
live
총 0 개 데이타 이동
END   2022-05-06 04:50:02 --------------------------


START 2022-05-06 05:00:01 --------------------------
live
총 0 개 데이타 이동
END   2022-05-06 05:00:01 --------------------------


START 2022-05-06 05:10:02 --------------------------
live
총 0 개 데이타 이동
END   2022-05-06 05:10:02 --------------------------


START 2022-05-06 05:20:01 --------------------------
live
총 0 개 데이타 이동
END   2022-05-06 05:20:01 --------------------------


START 2022-05-06 05:30:01 --------------------------
live
총 0 개 데이타 이동
END   2022-05-06 05:30:01 --------------------------


START 2022-05-06 05:40:01 --------------------------
live
총 0 개 데이타 이동
END   2022-05-06 05:40:01 --------------------------


START 2022-05-06 05:50:02 --------------------------
live
총 0 개 데이타 이동
END   2022-05-06 05:50:02 --------------------------


START 2022-05-06 06:00:01 --------------------------
live
총 0 개 데이타 이동
END   2022-05-06 06:00:01 --------------------------


START 2022-05-06 06:10:01 --------------------------
live
총 0 개 데이타 이동
END   2022-05-06 06:10:01 --------------------------


START 2022-05-06 06:20:01 --------------------------
live
총 0 개 데이타 이동
END   2022-05-06 06:20:01 --------------------------


START 2022-05-06 06:30:01 --------------------------
live
총 0 개 데이타 이동
END   2022-05-06 06:30:01 --------------------------


START 2022-05-06 06:40:01 --------------------------
live
총 0 개 데이타 이동
END   2022-05-06 06:40:01 --------------------------


START 2022-05-06 06:50:02 --------------------------
live
총 0 개 데이타 이동
END   2022-05-06 06:50:02 --------------------------


START 2022-05-06 07:00:02 --------------------------
live
총 0 개 데이타 이동
END   2022-05-06 07:00:02 --------------------------


START 2022-05-06 07:10:01 --------------------------
live
총 0 개 데이타 이동
END   2022-05-06 07:10:01 --------------------------


START 2022-05-06 07:20:01 --------------------------
live
총 0 개 데이타 이동
END   2022-05-06 07:20:01 --------------------------


START 2022-05-06 07:30:01 --------------------------
live
총 0 개 데이타 이동
END   2022-05-06 07:30:01 --------------------------


START 2022-05-06 07:40:02 --------------------------
live
총 0 개 데이타 이동
END   2022-05-06 07:40:02 --------------------------


START 2022-05-06 07:50:02 --------------------------
live
총 0 개 데이타 이동
END   2022-05-06 07:50:02 --------------------------


START 2022-05-06 08:00:02 --------------------------
live
총 0 개 데이타 이동
END   2022-05-06 08:00:02 --------------------------


START 2022-05-06 08:10:01 --------------------------
live
총 0 개 데이타 이동
END   2022-05-06 08:10:01 --------------------------


START 2022-05-06 08:20:01 --------------------------
live
총 0 개 데이타 이동
END   2022-05-06 08:20:01 --------------------------


START 2022-05-06 08:30:02 --------------------------
live
총 0 개 데이타 이동
END   2022-05-06 08:30:02 --------------------------


START 2022-05-06 08:40:02 --------------------------
live
총 0 개 데이타 이동
END   2022-05-06 08:40:02 --------------------------


START 2022-05-06 08:50:01 --------------------------
live
총 0 개 데이타 이동
END   2022-05-06 08:50:01 --------------------------


START 2022-05-06 09:00:01 --------------------------
live
총 0 개 데이타 이동
END   2022-05-06 09:00:01 --------------------------


START 2022-05-06 09:10:02 --------------------------
live
총 0 개 데이타 이동
END   2022-05-06 09:10:02 --------------------------


START 2022-05-06 09:20:02 --------------------------
live
총 0 개 데이타 이동
END   2022-05-06 09:20:02 --------------------------


START 2022-05-06 09:30:02 --------------------------
live
총 0 개 데이타 이동
END   2022-05-06 09:30:02 --------------------------


START 2022-05-06 09:40:02 --------------------------
live
총 0 개 데이타 이동
END   2022-05-06 09:40:02 --------------------------


START 2022-05-06 09:50:01 --------------------------
live
총 0 개 데이타 이동
END   2022-05-06 09:50:01 --------------------------


START 2022-05-06 10:00:02 --------------------------
live
총 0 개 데이타 이동
END   2022-05-06 10:00:02 --------------------------


START 2022-05-06 10:10:01 --------------------------
live
총 0 개 데이타 이동
END   2022-05-06 10:10:01 --------------------------


START 2022-05-06 10:20:01 --------------------------
live
총 0 개 데이타 이동
END   2022-05-06 10:20:01 --------------------------


START 2022-05-06 10:30:02 --------------------------
live
총 0 개 데이타 이동
END   2022-05-06 10:30:02 --------------------------


START 2022-05-06 10:40:01 --------------------------
live
총 0 개 데이타 이동
END   2022-05-06 10:40:01 --------------------------


START 2022-05-06 10:50:01 --------------------------
live
총 0 개 데이타 이동
END   2022-05-06 10:50:01 --------------------------


START 2022-05-06 11:00:01 --------------------------
live
총 0 개 데이타 이동
END   2022-05-06 11:00:01 --------------------------


START 2022-05-06 11:10:01 --------------------------
live
1 개의 삭제대상 레코드 발견
delete from cf_Msg_Tran where moved='Y' and Send_Time < now() - interval 30 DAY
1 개 삭제

총 0 개 데이타 이동
END   2022-05-06 11:10:01 --------------------------


START 2022-05-06 11:20:02 --------------------------
live
총 0 개 데이타 이동
END   2022-05-06 11:20:02 --------------------------


START 2022-05-06 11:30:01 --------------------------
live
총 0 개 데이타 이동
END   2022-05-06 11:30:01 --------------------------


START 2022-05-06 11:40:01 --------------------------
live
총 2 개 데이타 이동
데이타 이동 시작 *****
3105474 01024568888 -- 3105475 01088944740 -- 
END   2022-05-06 11:40:01 --------------------------


START 2022-05-06 11:50:02 --------------------------
live
총 0 개 데이타 이동
END   2022-05-06 11:50:02 --------------------------


START 2022-05-06 12:00:01 --------------------------
live
총 0 개 데이타 이동
END   2022-05-06 12:00:01 --------------------------


START 2022-05-06 12:10:02 --------------------------
live
총 0 개 데이타 이동
END   2022-05-06 12:10:02 --------------------------


START 2022-05-06 12:20:02 --------------------------
live
총 0 개 데이타 이동
END   2022-05-06 12:20:02 --------------------------


START 2022-05-06 12:30:01 --------------------------
live
총 0 개 데이타 이동
END   2022-05-06 12:30:01 --------------------------


START 2022-05-06 12:40:01 --------------------------
live
총 0 개 데이타 이동
END   2022-05-06 12:40:02 --------------------------


START 2022-05-06 12:50:02 --------------------------
live
총 0 개 데이타 이동
END   2022-05-06 12:50:02 --------------------------


START 2022-05-06 13:00:01 --------------------------
live
총 0 개 데이타 이동
END   2022-05-06 13:00:01 --------------------------


START 2022-05-06 13:10:01 --------------------------
live
총 0 개 데이타 이동
END   2022-05-06 13:10:01 --------------------------


START 2022-05-06 13:20:01 --------------------------
live
총 0 개 데이타 이동
END   2022-05-06 13:20:01 --------------------------


START 2022-05-06 13:30:01 --------------------------
live
총 0 개 데이타 이동
END   2022-05-06 13:30:01 --------------------------


START 2022-05-06 13:40:01 --------------------------
live
총 0 개 데이타 이동
END   2022-05-06 13:40:01 --------------------------


START 2022-05-06 13:50:01 --------------------------
live
총 0 개 데이타 이동
END   2022-05-06 13:50:01 --------------------------


START 2022-05-06 14:00:01 --------------------------
live
총 0 개 데이타 이동
END   2022-05-06 14:00:01 --------------------------


START 2022-05-06 14:10:01 --------------------------
live
총 0 개 데이타 이동
END   2022-05-06 14:10:01 --------------------------


START 2022-05-06 14:20:02 --------------------------
live
총 0 개 데이타 이동
END   2022-05-06 14:20:02 --------------------------


START 2022-05-06 14:30:01 --------------------------
live
총 0 개 데이타 이동
END   2022-05-06 14:30:01 --------------------------


START 2022-05-06 14:40:01 --------------------------
live
총 0 개 데이타 이동
END   2022-05-06 14:40:01 --------------------------


START 2022-05-06 14:50:01 --------------------------
live
총 0 개 데이타 이동
END   2022-05-06 14:50:01 --------------------------


START 2022-05-06 15:00:01 --------------------------
live
총 0 개 데이타 이동
END   2022-05-06 15:00:01 --------------------------


START 2022-05-06 15:10:02 --------------------------
live
총 0 개 데이타 이동
END   2022-05-06 15:10:02 --------------------------


START 2022-05-06 15:20:01 --------------------------
live
총 0 개 데이타 이동
END   2022-05-06 15:20:01 --------------------------


START 2022-05-06 15:30:01 --------------------------
live
총 0 개 데이타 이동
END   2022-05-06 15:30:01 --------------------------


START 2022-05-06 15:40:01 --------------------------
live
총 0 개 데이타 이동
END   2022-05-06 15:40:01 --------------------------


START 2022-05-06 15:50:02 --------------------------
live
총 999 개 데이타 이동
데이타 이동 시작 *****
3105476 01089809500 -- 3105477 01056179090 -- 3105478 01088944740 -- 3105479 01099221433 -- 3105480 01071406426 -- 3105481 01000000000 -- 3105482 01043380580 -- 3105483 01048559998 -- 3105484 01084853722 -- 3105485 01033088839 -- 3105486 01088725819 -- 3105487 01024255580 -- 3105488 01032080480 -- 3105489 01038456171 -- 3105490 01091579725 -- 3105491 01055454867 -- 3105492 01042957170 -- 3105493 01025738859 -- 3105494 01032767136 -- 3105495 01025965960 -- 3105496 01054337079 -- 3105497 01033233635 -- 3105498 01091328939 -- 3105499 01043433329 -- 3105500 01085254425 -- 3105501 01067365836 -- 3105502 01052581559 -- 3105503 01098103929 -- 3105504 01039225011 -- 3105505 01099078005 -- 3105506 01037680656 -- 3105507 01085457377 -- 3105508 01053307870 -- 3105509 01071309695 -- 3105510 01024418408 -- 3105511 01090541722 -- 3105512 01023455756 -- 3105513 01036534552 -- 3105514 01051355998 -- 3105515 01040785648 -- 3105516 01047611419 -- 3105517 01091586988 -- 3105518 01044110957 -- 3105519 01025331799 -- 3105520 01091695994 -- 3105521 01062981205 -- 3105522 01090283502 -- 3105523 01099294471 -- 3105524 01040755648 -- 3105525 01043383770 -- 3105526 01020118660 -- 3105527 01024684144 -- 3105528 01091153060 -- 3105529 01090938373 -- 3105530 01048033610 -- 3105531 01090591729 -- 3105532 01045838082 -- 3105533 01090841316 -- 3105534 01056385648 -- 3105535 01036684195 -- 3105536 01031055066 -- 3105537 01099698779 -- 3105538 01026620156 -- 3105539 01067448422 -- 3105540 01074563414 -- 3105541 01080060401 -- 3105542 01035970682 -- 3105543 01039082240 -- 3105544 01023928429 -- 3105545 01038781568 -- 3105546 01066021240 -- 3105547 01022700916 -- 3105548 01096244049 -- 3105549 01093356144 -- 3105550 01055811130 -- 3105551 01034387161 -- 3105552 01063471218 -- 3105553 01054769598 -- 3105554 01072024436 -- 3105555 01027983027 -- 3105556 01077744787 -- 3105557 01040711761 -- 3105558 01077520549 -- 3105559 01048000840 -- 3105560 01042592000 -- 3105561 01029402275 -- 3105562 01077377161 -- 3105563 01083556311 -- 3105564 01050744659 -- 3105565 01035670357 -- 3105566 01082220092 -- 3105567 01088070154 -- 3105568 01036562161 -- 3105569 01046711526 -- 3105570 01036536333 -- 3105571 01098855699 -- 3105572 01077458838 -- 3105573 01074861150 -- 3105574 01084955266 -- 3105575 01099987089 -- 3105576 01090827265 -- 3105577 01047669598 -- 3105578 01074440009 -- 3105579 01088104271 -- 3105580 01029570188 -- 3105581 01030252495 -- 3105582 01062129669 -- 3105583 01043107512 -- 3105584 01090250170 -- 3105585 01044111900 -- 3105586 01033593360 -- 3105587 01052481432 -- 3105588 01020702785 -- 3105589 01024632493 -- 3105590 01086250427 -- 3105591 01023852877 -- 3105592 01037549694 -- 3105593 01050048613 -- 3105594 01093216407 -- 3105595 01032928539 -- 3105596 01028181790 -- 3105597 01090589704 -- 3105598 01037111425 -- 3105599 01055784182 -- 3105600 01084524840 -- 3105601 01028758714 -- 3105602 01020298660 -- 3105603 01087168273 -- 3105604 01022823751 -- 3105605 01045516932 -- 3105606 01022440387 -- 3105607 01063366397 -- 3105608 01090008350 -- 3105609 01020850827 -- 3105610 01096602954 -- 3105611 01077640833 -- 3105612 01099763993 -- 3105613 01033034049 -- 3105614 01052796394 -- 3105615 01086479088 -- 3105616 01026768031 -- 3105617 01090010252 -- 3105618 01052872887 -- 3105619 01096953357 -- 3105620 01023391280 -- 3105621 01044642523 -- 3105622 01038891418 -- 3105623 01027048101 -- 3105624 01067808432 -- 3105625 01073892306 -- 3105626 01022277891 -- 3105627 01036124694 -- 3105628 01025038030 -- 3105629 01025253503 -- 3105630 01062311085 -- 3105631 01087086336 -- 3105632 01072664319 -- 3105633 01051664417 -- 3105634 01090449305 -- 3105635 01025822921 -- 3105636 01099305802 -- 3105637 01088709476 -- 3105638 01029486029 -- 3105639 01089550045 -- 3105640 01040072088 -- 3105641 01084413000 -- 3105642 01090919811 -- 3105643 01063624802 -- 3105644 01087858020 -- 3105645 01051908890 -- 3105646 01063442658 -- 3105647 01062585425 -- 3105648 01066108164 -- 3105649 01023820582 -- 3105650 01047440100 -- 3105651 01099983715 -- 3105652 01032627534 -- 3105653 01085250212 -- 3105654 01028327161 -- 3105655 01071884204 -- 3105656 01053885985 -- 3105657 01086314114 -- 3105658 01032247714 -- 3105659 01025839599 -- 3105660 01054145128 -- 3105661 01087512991 -- 3105662 01058369318 -- 3105663 01087195978 -- 3105664 01075970656 -- 3105665 01054691828 -- 3105666 01043903145 -- 3105667 01067728938 -- 3105668 01030658164 -- 3105669 01023866074 -- 3105670 01081851085 -- 3105671 01044092225 -- 3105672 01073621715 -- 3105673 01036013545 -- 3105674 01032034634 -- 3105675 01094920122 -- 3105676 01035102076 -- 3105677 01043055088 -- 3105678 01040795037 -- 3105679 01041034080 -- 3105680 01031391758 -- 3105681 01055648540 -- 3105682 01058787894 -- 3105683 01084857840 -- 3105684 01046056227 -- 3105685 01023529643 -- 3105686 01087207206 -- 3105687 01093626805 -- 3105688 01035202480 -- 3105689 01066909834 -- 3105690 01091477152 -- 3105691 01032413123 -- 3105692 01086151037 -- 3105693 01043116359 -- 3105694 01035208378 -- 3105695 01056036106 -- 3105696 01023684895 -- 3105697 01077233161 -- 3105698 01096777325 -- 3105699 01077958087 -- 3105700 01049282796 -- 3105701 01032720989 -- 3105702 01099159643 -- 3105703 01076547012 -- 3105704 01038236738 -- 3105705 01027471373 -- 3105706 01091350638 -- 3105707 01076657952 -- 3105708 01076021122 -- 3105709 01089559947 -- 3105710 01025819094 -- 3105711 01091649833 -- 3105712 01040761798 -- 3105713 01090606815 -- 3105714 01024568888 -- 3105715 01044564436 -- 3105716 01089334297 -- 3105717 01099630157 -- 3105718 01084862825 -- 3105719 01023054092 -- 3105720 01025017195 -- 3105721 01092349512 -- 3105722 01085799305 -- 3105723 01041888579 -- 3105724 01027137503 -- 3105725 01022619132 -- 3105726 01025746043 -- 3105727 01034461396 -- 3105728 01057729182 -- 3105729 01029146096 -- 3105730 01045289126 -- 3105731 01047288137 -- 3105732 01029938320 -- 3105733 01025787584 -- 3105734 01028250112 -- 3105735 01083970192 -- 3105736 01099747009 -- 3105737 01090019235 -- 3105738 01092165126 -- 3105739 01056979638 -- 3105740 01088987263 -- 3105741 01052206332 -- 3105742 01089021506 -- 3105743 01034688843 -- 3105744 01025655404 -- 3105745 01097713688 -- 3105746 01047830619 -- 3105747 01035121057 -- 3105748 01087048288 -- 3105749 01093788481 -- 3105750 01054099303 -- 3105751 01033972369 -- 3105752 01087692979 -- 3105753 01021225089 -- 3105754 01042388189 -- 3105755 01084637779 -- 3105756 01028882528 -- 3105757 01055210995 -- 3105758 01035975643 -- 3105759 01045739075 -- 3105760 01047428589 -- 3105761 01094848016 -- 3105762 01027799335 -- 3105763 01050503327 -- 3105764 01043256321 -- 3105765 01025706902 -- 3105766 01051493879 -- 3105767 01045582442 -- 3105768 01033441725 -- 3105769 01022988970 -- 3105770 01054500622 -- 3105771 01086467106 -- 3105772 01041375789 -- 3105773 01088212610 -- 3105774 01063990887 -- 3105775 01022637643 -- 3105776 01036435392 -- 3105777 01054076652 -- 3105778 01023970315 -- 3105779 01028808605 -- 3105780 01045139714 -- 3105781 01042373665 -- 3105782 01068523587 -- 3105783 01066128756 -- 3105784 01068117501 -- 3105785 01091323462 -- 3105786 01055893949 -- 3105787 01049726470 -- 3105788 01028123266 -- 3105789 01045513315 -- 3105790 01027997799 -- 3105791 01089630640 -- 3105792 01044979947 -- 3105793 01024357074 -- 3105794 01030185347 -- 3105795 01054969174 -- 3105796 01041352130 -- 3105797 01083138877 -- 3105798 01055499974 -- 3105799 01057642217 -- 3105800 01074079212 -- 3105801 01027773525 -- 3105802 01033912044 -- 3105803 01053116649 -- 3105804 01086369429 -- 3105805 01096048604 -- 3105806 01027571542 -- 3105807 01047303599 -- 3105808 01092443539 -- 3105809 01039158018 -- 3105810 01052906157 -- 3105811 01028027476 -- 3105812 01034337439 -- 3105813 01042761570 -- 3105814 01095290938 -- 3105815 01055423745 -- 3105816 01028557650 -- 3105817 01044547680 -- 3105818 01053041688 -- 3105819 01084253769 -- 3105820 01040700202 -- 3105821 01040526902 -- 3105822 01024727203 -- 3105823 01057905463 -- 3105824 01062786450 -- 3105825 01099313117 -- 3105826 01027787557 -- 3105827 01079061224 -- 3105828 01089204854 -- 3105829 01066651862 -- 3105830 01021020978 -- 3105831 01030264003 -- 3105832 01098803653 -- 3105833 01042695200 -- 3105834 01087162509 -- 3105835 01087364460 -- 3105836 01065203794 -- 3105837 01096800874 -- 3105838 01087350259 -- 3105839 01054300038 -- 3105840 01037462659 -- 3105841 01099675356 -- 3105842 01043854371 -- 3105843 01036641211 -- 3105844 01031770250 -- 3105845 01093990386 -- 3105846 01049177563 -- 3105847 01056483112 -- 3105848 01035674295 -- 3105849 01089827320 -- 3105850 01099423201 -- 3105851 01023635295 -- 3105852 01022542509 -- 3105853 01032373258 -- 3105854 01091522665 -- 3105855 01025961001 -- 3105856 01051391737 -- 3105857 01033672340 -- 3105858 01026324415 -- 3105859 01088049578 -- 3105860 01074743084 -- 3105861 01031442535 -- 3105862 01099669600 -- 3105863 01088006407 -- 3105864 01039322243 -- 3105865 01064679762 -- 3105866 01068750929 -- 3105867 01024375210 -- 3105868 01062925621 -- 3105869 01073550219 -- 3105870 01063571889 -- 3105871 01093638288 -- 3105872 01097445368 -- 3105873 01088673215 -- 3105874 01042067414 -- 3105875 01041833462 -- 3105876 01068255510 -- 3105877 01024988765 -- 3105878 01023376520 -- 3105879 01051505134 -- 3105880 01033574706 -- 3105881 01045719698 -- 3105882 01085617474 -- 3105883 01062887276 -- 3105884 01023187244 -- 3105885 01094545621 -- 3105886 01094259414 -- 3105887 01031070185 -- 3105888 01091348432 -- 3105889 01068484020 -- 3105890 01056013266 -- 3105891 01082402077 -- 3105892 01087650610 -- 3105893 01027101386 -- 3105894 01022715862 -- 3105895 01032809295 -- 3105896 01044879879 -- 3105897 01083020559 -- 3105898 01086380313 -- 3105899 01096670997 -- 3105900 01083122081 -- 3105901 01045224371 -- 3105902 01024904443 -- 3105903 01090762797 -- 3105904 01071208106 -- 3105905 01068475560 -- 3105906 01026914627 -- 3105907 01086505892 -- 3105908 01066627770 -- 3105909 01088820538 -- 3105910 01066935621 -- 3105911 01083326066 -- 3105912 01030998284 -- 3105913 01054637667 -- 3105914 01096018531 -- 3105915 01080142335 -- 3105916 01029670755 -- 3105917 01046170852 -- 3105918 01053833316 -- 3105919 01048714006 -- 3105920 01047269700 -- 3105921 01052866394 -- 3105922 01023620311 -- 3105923 01035734223 -- 3105924 01099562500 -- 3105925 01022864746 -- 3105926 01041333080 -- 3105927 01091412819 -- 3105928 01030227413 -- 3105929 01094045733 -- 3105930 01034185354 -- 3105931 01062878512 -- 3105932 01062076656 -- 3105933 01024811200 -- 3105934 01026682048 -- 3105935 01023378788 -- 3105936 01047034590 -- 3105937 01071953671 -- 3105938 01043210974 -- 3105939 01094568404 -- 3105940 01042521915 -- 3105941 01034008792 -- 3105942 01083252396 -- 3105943 01029309331 -- 3105944 01098890488 -- 3105945 01025919018 -- 3105946 01022210415 -- 3105947 01041950631 -- 3105948 01097706260 -- 3105949 01055155153 -- 3105950 01054248463 -- 3105951 01023139786 -- 3105952 01055268932 -- 3105953 01066909569 -- 3105954 01051905575 -- 3105955 01094151896 -- 3105956 01065042304 -- 3105957 01086095231 -- 3105958 01035127467 -- 3105959 01024898844 -- 3105960 01033844527 -- 3105961 01032790929 -- 3105962 01020121219 -- 3105963 01025225354 -- 3105964 01046283805 -- 3105965 01020091678 -- 3105966 01054913305 -- 3105967 01029631262 -- 3105968 01062345410 -- 3105969 01063673137 -- 3105970 01095633266 -- 3105971 01072079866 -- 3105972 01096781038 -- 3105973 01022889796 -- 3105974 01065196996 -- 3105975 01087426059 -- 3105976 01044649198 -- 3105977 01068058683 -- 3105978 01085792779 -- 3105979 01075620917 -- 3105980 01050807201 -- 3105981 01027838087 -- 3105982 01050185287 -- 3105983 01030870359 -- 3105984 01092624545 -- 3105985 01090053771 -- 3105986 01083801663 -- 3105987 01041444658 -- 3105988 01051061248 -- 3105989 01055263400 -- 3105990 01034708482 -- 3105991 01028303397 -- 3105992 01063602648 -- 3105993 01050804347 -- 3105994 01047045067 -- 3105995 01054225942 -- 3105996 01027950415 -- 3105997 01093363908 -- 3105998 01051151065 -- 3105999 01056278166 -- 3106000 01094862825 -- 3106001 01020469568 -- 3106002 01050998610 -- 3106003 01040585435 -- 3106004 01044452304 -- 3106005 01054474371 -- 3106006 01071699317 -- 3106007 01080282963 -- 3106008 01026042823 -- 3106009 01062266691 -- 3106010 01094650618 -- 3106011 01022108970 -- 3106012 01044323663 -- 3106013 01035331835 -- 3106014 01091431443 -- 3106015 01099840755 -- 3106016 01083244496 -- 3106017 01090227821 -- 3106018 01073767190 -- 3106019 01067981659 -- 3106020 01032872832 -- 3106021 01027256329 -- 3106022 01086217981 -- 3106023 01026419303 -- 3106024 01052511526 -- 3106025 01081889188 -- 3106026 01027978166 -- 3106027 01025933461 -- 3106028 01040825027 -- 3106029 01072334588 -- 3106030 01066977881 -- 3106031 01088127855 -- 3106032 01089503805 -- 3106033 01089261174 -- 3106034 01089924839 -- 3106035 01087590070 -- 3106036 01037259232 -- 3106037 01043359639 -- 3106038 01084189654 -- 3106039 01055875696 -- 3106040 01025149478 -- 3106041 01022932078 -- 3106042 01033709470 -- 3106043 01020654940 -- 3106044 01089726029 -- 3106045 01037506140 -- 3106046 01034307549 -- 3106047 01075460014 -- 3106048 01059335739 -- 3106049 01045807042 -- 3106050 01037417425 -- 3106051 01090546780 -- 3106052 01096025700 -- 3106053 01062559928 -- 3106054 01051834262 -- 3106055 01062098594 -- 3106056 01046527684 -- 3106057 01093641054 -- 3106058 01043691761 -- 3106059 01093534183 -- 3106060 01083364701 -- 3106061 01063287407 -- 3106062 01083540638 -- 3106063 01062160638 -- 3106064 01032851333 -- 3106065 01063004392 -- 3106066 01073928429 -- 3106067 01089325845 -- 3106068 01023974467 -- 3106069 01037273581 -- 3106070 01022240820 -- 3106071 01092710236 -- 3106072 01053879232 -- 3106073 01030028136 -- 3106074 01090261255 -- 3106075 01090246890 -- 3106076 01036901882 -- 3106077 01077131745 -- 3106078 01093090693 -- 3106079 01045894204 -- 3106080 01053162585 -- 3106081 01072742904 -- 3106082 01087143839 -- 3106083 01047841223 -- 3106084 01046282174 -- 3106085 01025758671 -- 3106086 01022210755 -- 3106087 01085244457 -- 3106088 01071759336 -- 3106089 01028952278 -- 3106090 01074119954 -- 3106091 01099387588 -- 3106092 01093654800 -- 3106093 01093474992 -- 3106094 01044507622 -- 3106095 01090661005 -- 3106096 01034331545 -- 3106097 01045494089 -- 3106098 01093414262 -- 3106099 01020437387 -- 3106100 01095161304 -- 3106101 01054437171 -- 3106102 01028174058 -- 3106103 01028821797 -- 3106104 01094964330 -- 3106105 01073121901 -- 3106106 01044901962 -- 3106107 01034687707 -- 3106108 01033255229 -- 3106109 01041220436 -- 3106110 01050597443 -- 3106111 01032075660 -- 3106112 01041068053 -- 3106113 01027874654 -- 3106114 01087860890 -- 3106115 01055689281 -- 3106116 01032993576 -- 3106117 01076385066 -- 3106118 01053493305 -- 3106119 01054918182 -- 3106120 01041324020 -- 3106121 01091466214 -- 3106122 01065230787 -- 3106123 01067837877 -- 3106124 01066362892 -- 3106125 01040194059 -- 3106126 01098980185 -- 3106127 01024775180 -- 3106128 01045073888 -- 3106129 01086425892 -- 3106130 01091226861 -- 3106131 01056246783 -- 3106132 01021235310 -- 3106133 01042525021 -- 3106134 01025628526 -- 3106135 01029709519 -- 3106136 01062498195 -- 3106137 01092900411 -- 3106138 01056140428 -- 3106139 01059452745 -- 3106140 01057080504 -- 3106141 01037201195 -- 3106142 01051022906 -- 3106143 01048850419 -- 3106144 01025726990 -- 3106145 01091888967 -- 3106146 01091447778 -- 3106147 01048716457 -- 3106148 01056050509 -- 3106149 01026684196 -- 3106150 01046967927 -- 3106151 01090876385 -- 3106152 01055282947 -- 3106153 01022945466 -- 3106154 01028553925 -- 3106155 01092509504 -- 3106156 01093867172 -- 3106157 01090577511 -- 3106158 01023125539 -- 3106159 01022657795 -- 3106160 01088320080 -- 3106161 01091340552 -- 3106162 01049077876 -- 3106163 01055671439 -- 3106164 01031996406 -- 3106165 01032197110 -- 3106166 01022347885 -- 3106167 01052194789 -- 3106168 01057333333 -- 3106169 01052940580 -- 3106170 01039096091 -- 3106171 01038285532 -- 3106172 01071383930 -- 3106173 01074521233 -- 3106174 01045767859 -- 3106175 01044216187 -- 3106176 01090683044 -- 3106177 01035566009 -- 3106178 01090617472 -- 3106179 01021200925 -- 3106180 01088531571 -- 3106181 01028189242 -- 3106182 01030908969 -- 3106183 01087529004 -- 3106184 01045203700 -- 3106185 01096822380 -- 3106186 01026050779 -- 3106187 01093216562 -- 3106188 01062389863 -- 3106189 01056446916 -- 3106190 01022810314 -- 3106191 01086192778 -- 3106192 01034520874 -- 3106193 01042077414 -- 3106194 01045960896 -- 3106195 01092447387 -- 3106196 01093155373 -- 3106197 01062471127 -- 3106198 01072210359 -- 3106199 01085424473 -- 3106200 01022621389 -- 3106201 01055003148 -- 3106202 01045385604 -- 3106203 01027125800 -- 3106204 01062654092 -- 3106205 01050375814 -- 3106206 01044641864 -- 3106207 01092652159 -- 3106208 01067573149 -- 3106209 01088965210 -- 3106210 01056470098 -- 3106211 01023557912 -- 3106212 01043518584 -- 3106213 01086028404 -- 3106214 01044950424 -- 3106215 01089080903 -- 3106216 01076751345 -- 3106217 01046322021 -- 3106218 01033875689 -- 3106219 01094591086 -- 3106220 01035935827 -- 3106221 01063583990 -- 3106222 01096697317 -- 3106223 01024385210 -- 3106224 01046432974 -- 3106225 01029024088 -- 3106226 01022783635 -- 3106227 01089350355 -- 3106228 01029915604 -- 3106229 01024492822 -- 3106230 01047205891 -- 3106231 01072341608 -- 3106232 01083638488 -- 3106233 01048207935 -- 3106234 01029783133 -- 3106235 01042000264 -- 3106236 01020667912 -- 3106237 01042211466 -- 3106238 01055677232 -- 3106239 01022527544 -- 3106240 01031577933 -- 3106241 01033212058 -- 3106242 01032754498 -- 3106243 01023577720 -- 3106244 01063947511 -- 3106245 01097393095 -- 3106246 01022622571 -- 3106247 01057663103 -- 3106248 01050974882 -- 3106249 01087118907 -- 3106250 01047114735 -- 3106251 01077883763 -- 3106252 01025947606 -- 3106253 01035289425 -- 3106254 01027391248 -- 3106255 01021361355 -- 3106256 01032766455 -- 3106257 01086078183 -- 3106258 01030525090 -- 3106259 01022673935 -- 3106260 01044758201 -- 3106261 01026491379 -- 3106262 01035932373 -- 3106263 01033148053 -- 3106264 01075727519 -- 3106265 01048572879 -- 3106266 01083775694 -- 3106267 01092030690 -- 3106268 01066014010 -- 3106269 01062220403 -- 3106270 01096950717 -- 3106271 01083682381 -- 3106272 01027907146 -- 3106273 01052414305 -- 3106274 01034608404 -- 3106275 01049314200 -- 3106276 01077229906 -- 3106277 01073602326 -- 3106278 01073031027 -- 3106279 01066953123 -- 3106280 01095228262 -- 3106281 01055447896 -- 3106282 01067478183 -- 3106283 01066014624 -- 3106284 01027158405 -- 3106285 01056518597 -- 3106286 01026368733 -- 3106287 01094531051 -- 3106288 01089060132 -- 3106289 01023127546 -- 3106290 01045848128 -- 3106291 01032151549 -- 3106292 01042703665 -- 3106293 01038634983 -- 3106294 01096179212 -- 3106295 01099599705 -- 3106296 01022612509 -- 3106297 01045858341 -- 3106298 01028075348 -- 3106299 01049206007 -- 3106300 01075380509 -- 3106301 01094227007 -- 3106302 01094626738 -- 3106303 01085560961 -- 3106304 01088617608 -- 3106305 01056787050 -- 3106306 01057670199 -- 3106307 01082223613 -- 3106308 01040403182 -- 3106309 01033786296 -- 3106310 01056184802 -- 3106311 01063654224 -- 3106312 01071021420 -- 3106313 01073304532 -- 3106314 01028292284 -- 3106315 01023388425 -- 3106316 01077779543 -- 3106317 01030528425 -- 3106318 01088495772 -- 3106319 01054601736 -- 3106320 01077574756 -- 3106321 01032954241 -- 3106322 01024390369 -- 3106323 01040567636 -- 3106324 01042057414 -- 3106325 01031851404 -- 3106326 01031872731 -- 3106327 01025680401 -- 3106328  -- 3106329 01097803455 -- 3106330 01091312139 -- 3106331 01055771466 -- 3106332 01075223024 -- 3106333 01082110664 -- 3106334 01032252044 -- 3106335 01026351435 -- 3106336 01025402026 -- 3106337 01092218085 -- 3106338 01020106447 -- 3106339 01089355042 -- 3106340 01080806585 -- 3106341 01091072522 -- 3106342 01092262284 -- 3106343 01024780196 -- 3106344 01066013121 -- 3106345 01020645706 -- 3106346 01080806634 -- 3106347 01095085594 -- 3106348 01098823882 -- 3106349 01021165229 -- 3106350 01041233509 -- 3106351 01097523261 -- 3106352 01029558574 -- 3106353 01028800196 -- 3106354 01047078352 -- 3106355 01068305376 -- 3106356 01071623410 -- 3106357 01055791131 -- 3106358 01045407143 -- 3106359 01090409624 -- 3106360 01035564723 -- 3106361 01089966776 -- 3106362 01032595971 -- 3106363 01084837749 -- 3106364 01089172924 -- 3106365 01029400061 -- 3106366 01057569434 -- 3106367 01056433626 -- 3106368 01026188223 -- 3106369 01075178300 -- 3106370 01089704980 -- 3106371 01091011469 -- 3106372 01091979434 -- 3106373 01037398881 -- 3106374 01064377199 -- 3106375 01074402954 -- 3106376 01038951048 -- 3106377 01032898584 -- 3106378 01028850699 -- 3106379 01020418268 -- 3106380 01091792960 -- 3106381 01088903430 -- 3106382 01063725368 -- 3106383 01093883634 -- 3106384 01063284839 -- 3106385 01056831689 -- 3106386 01098712773 -- 3106387 01063152771 -- 3106388 01027769447 -- 3106389 01091838624 -- 3106390 01056076887 -- 3106391 01042212887 -- 3106392 01032386218 -- 3106393 01023626155 -- 3106394 01087894932 -- 3106395 01087298539 -- 3106396 01028037476 -- 3106397 01066365527 -- 3106398 01031674732 -- 3106399 01026174665 -- 3106400 01031047401 -- 3106401 01051202887 -- 3106402 01041068877 -- 3106403 01049156954 -- 3106404 01030455817 -- 3106405 01072261030 -- 3106406 01020021543 -- 3106407 01047688113 -- 3106408 01041809484 -- 3106409 01021447040 -- 3106410 01028364988 -- 3106411 01093680255 -- 3106412 01066867256 -- 3106413 01032175051 -- 3106414 01055781514 -- 3106415 01055826457 -- 3106416 01026935368 -- 3106417 01092767871 -- 3106418 01089614510 -- 3106419 01029571745 -- 3106420 01065927747 -- 3106421 01065617749 -- 3106422 01082552329 -- 3106423 01034176943 -- 3106424 01058223832 -- 3106425 01043797237 -- 3106426 01025075825 -- 3106427 01032746053 -- 3106428 01049426394 -- 3106429 01071156227 -- 3106430 01057451130 -- 3106431 01050526112 -- 3106432 01034642408 -- 3106433 01076432472 -- 3106434 01034212921 -- 3106435 01044184204 -- 3106436 01091147045 -- 3106437 01050806988 -- 3106438 01055269856 -- 3106439 01071517753 -- 3106440 01053348277 -- 3106441 01047571047 -- 3106442 01026987866 -- 3106443 01041794758 -- 3106444 01022809414 -- 3106445 01025644024 -- 3106446 01093876922 -- 3106447 01093364565 -- 3106448 01023017446 -- 3106449 01046219291 -- 3106450 01029405124 -- 3106451 01076341224 -- 3106452 01032688584 -- 3106453 01075820195 -- 3106454 01099759144 -- 3106455 01030242551 -- 3106456 01085758572 -- 3106457 01093242442 -- 3106458 01025878518 -- 3106459 01021262380 -- 3106460 01031471205 -- 3106461 01022786456 -- 3106462 01045577524 -- 3106463 01030765845 -- 3106464 01095450680 -- 3106465 01093160364 -- 3106466 01099814097 -- 3106467 01035583972 -- 3106468 01040075403 -- 3106469 01025556691 -- 3106470 01034519597 -- 3106471 01062896223 -- 3106472 01023993530 -- 3106473 01075679210 -- 3106474 01022492977 -- 
END   2022-05-06 15:50:07 --------------------------


START 2022-05-06 16:00:01 --------------------------
live
총 98 개 데이타 이동
데이타 이동 시작 *****
3106475 01085881834 -- 3106476 01088592943 -- 3106477 01026093340 -- 3106478 01047011720 -- 3106479 01046456608 -- 3106480 01052998571 -- 3106481 01041142980 -- 3106482 01056420123 -- 3106483 01095728704 -- 3106484 01045278102 -- 3106485 01029500864 -- 3106486 01034347966 -- 3106487 01050981100 -- 3106488 01037496322 -- 3106489 01089888202 -- 3106490 01098079920 -- 3106491 01043580920 -- 3106492 01047669084 -- 3106493 01075590739 -- 3106494 01088790591 -- 3106495 01035419810 -- 3106496 01096249879 -- 3106497 01032147886 -- 3106498 01090838172 -- 3106499 01046101285 -- 3106500 01055407522 -- 3106501 01092745957 -- 3106502 01085237531 -- 3106503 01023613230 -- 3106504 01072847779 -- 3106505 01023178270 -- 3106506 01076669831 -- 3106507 01098649872 -- 3106508 01068990302 -- 3106509 01058500582 -- 3106510 01084675870 -- 3106511 01029238915 -- 3106512 01055765687 -- 3106513 01027455687 -- 3106514 01087527754 -- 3106515 01032849691 -- 3106516 01029071565 -- 3106517 01034434244 -- 3106518 01056052249 -- 3106519 01090088090 -- 3106520 01027647456 -- 3106521 01074121719 -- 3106522 01098389056 -- 3106523 01020117120 -- 3106524 01042177188 -- 3106525 01094023761 -- 3106526 01045116445 -- 3106527 01040718867 -- 3106528 01049229137 -- 3106529 01087134836 -- 3106530 01055115551 -- 3106531 01071355278 -- 3106532 01026423571 -- 3106533 01089167950 -- 3106534 01067230604 -- 3106535 01075690304 -- 3106536 01047847611 -- 3106537 01073309633 -- 3106538 01050451201 -- 3106539 01082645332 -- 3106540 01039415332 -- 3106541 01074115453 -- 3106542 01051544288 -- 3106543 01039471196 -- 3106544 01030000949 -- 3106545 01023301554 -- 3106546 01066202639 -- 3106547 01022653254 -- 3106548 01072370696 -- 3106549 01025783682 -- 3106550 01073773655 -- 3106551 01064125260 -- 3106552 01068482436 -- 3106553 01090088699 -- 3106554 01020389627 -- 3106555 01089621534 -- 3106556 01064337180 -- 3106557 01095620039 -- 3106558 01076750528 -- 3106559 01096002006 -- 3106560 01071667532 -- 3106561 01045559122 -- 3106562 01056601359 -- 3106563 01068781339 -- 3106564 01099867456 -- 3106565 01034853662 -- 3106566 01026387945 -- 3106567 01081208184 -- 3106568 01039803761 -- 3106569 01025193761 -- 3106570 01039413115 -- 3106571 01072920704 -- 3106572 01026331784 -- 
END   2022-05-06 16:00:02 --------------------------


START 2022-05-06 16:10:01 --------------------------
live
총 0 개 데이타 이동
END   2022-05-06 16:10:01 --------------------------


START 2022-05-06 16:20:02 --------------------------
live
총 0 개 데이타 이동
END   2022-05-06 16:20:02 --------------------------


START 2022-05-06 16:30:01 --------------------------
live
총 0 개 데이타 이동
END   2022-05-06 16:30:01 --------------------------


START 2022-05-06 16:40:02 --------------------------
live
총 0 개 데이타 이동
END   2022-05-06 16:40:02 --------------------------


START 2022-05-06 16:50:02 --------------------------
live
총 0 개 데이타 이동
END   2022-05-06 16:50:02 --------------------------


START 2022-05-06 17:00:02 --------------------------
live
총 0 개 데이타 이동
END   2022-05-06 17:00:02 --------------------------


START 2022-05-06 17:10:01 --------------------------
live
총 0 개 데이타 이동
END   2022-05-06 17:10:01 --------------------------


START 2022-05-06 17:20:01 --------------------------
live
총 0 개 데이타 이동
END   2022-05-06 17:20:02 --------------------------


START 2022-05-06 17:30:02 --------------------------
live
총 0 개 데이타 이동
END   2022-05-06 17:30:02 --------------------------


START 2022-05-06 17:40:01 --------------------------
live
총 0 개 데이타 이동
END   2022-05-06 17:40:01 --------------------------


START 2022-05-06 17:50:02 --------------------------
live
총 0 개 데이타 이동
END   2022-05-06 17:50:02 --------------------------


START 2022-05-06 18:00:02 --------------------------
live
총 0 개 데이타 이동
END   2022-05-06 18:00:02 --------------------------


START 2022-05-06 18:10:01 --------------------------
live
총 0 개 데이타 이동
END   2022-05-06 18:10:01 --------------------------


START 2022-05-06 18:20:01 --------------------------
live
총 0 개 데이타 이동
END   2022-05-06 18:20:01 --------------------------


START 2022-05-06 18:30:02 --------------------------
live
총 0 개 데이타 이동
END   2022-05-06 18:30:02 --------------------------


START 2022-05-06 18:40:02 --------------------------
live
총 0 개 데이타 이동
END   2022-05-06 18:40:02 --------------------------


START 2022-05-06 18:50:02 --------------------------
live
총 0 개 데이타 이동
END   2022-05-06 18:50:02 --------------------------


START 2022-05-06 19:00:01 --------------------------
live
총 0 개 데이타 이동
END   2022-05-06 19:00:01 --------------------------


START 2022-05-06 19:10:02 --------------------------
live
총 0 개 데이타 이동
END   2022-05-06 19:10:02 --------------------------


START 2022-05-06 19:20:02 --------------------------
live
총 0 개 데이타 이동
END   2022-05-06 19:20:02 --------------------------


START 2022-05-06 19:30:01 --------------------------
live
총 0 개 데이타 이동
END   2022-05-06 19:30:01 --------------------------


START 2022-05-06 19:40:02 --------------------------
live
총 0 개 데이타 이동
END   2022-05-06 19:40:02 --------------------------


START 2022-05-06 19:50:02 --------------------------
live
총 0 개 데이타 이동
END   2022-05-06 19:50:02 --------------------------


START 2022-05-06 20:00:02 --------------------------
live
총 0 개 데이타 이동
END   2022-05-06 20:00:02 --------------------------


START 2022-05-06 20:10:01 --------------------------
live
총 0 개 데이타 이동
END   2022-05-06 20:10:01 --------------------------


START 2022-05-06 20:20:01 --------------------------
live
총 0 개 데이타 이동
END   2022-05-06 20:20:01 --------------------------


START 2022-05-06 20:30:01 --------------------------
live
총 0 개 데이타 이동
END   2022-05-06 20:30:01 --------------------------


START 2022-05-06 20:40:01 --------------------------
live
총 0 개 데이타 이동
END   2022-05-06 20:40:01 --------------------------


START 2022-05-06 20:50:01 --------------------------
live
총 0 개 데이타 이동
END   2022-05-06 20:50:01 --------------------------


START 2022-05-06 21:00:02 --------------------------
live
총 0 개 데이타 이동
END   2022-05-06 21:00:02 --------------------------


START 2022-05-06 21:10:02 --------------------------
live
총 0 개 데이타 이동
END   2022-05-06 21:10:02 --------------------------


START 2022-05-06 21:20:02 --------------------------
live
총 0 개 데이타 이동
END   2022-05-06 21:20:02 --------------------------


START 2022-05-06 21:30:02 --------------------------
live
총 0 개 데이타 이동
END   2022-05-06 21:30:02 --------------------------


START 2022-05-06 21:40:01 --------------------------
live
총 0 개 데이타 이동
END   2022-05-06 21:40:01 --------------------------


START 2022-05-06 21:50:01 --------------------------
live
총 0 개 데이타 이동
END   2022-05-06 21:50:01 --------------------------


START 2022-05-06 22:00:01 --------------------------
live
총 0 개 데이타 이동
END   2022-05-06 22:00:01 --------------------------


START 2022-05-06 22:10:01 --------------------------
live
총 0 개 데이타 이동
END   2022-05-06 22:10:01 --------------------------


START 2022-05-06 22:20:01 --------------------------
live
총 0 개 데이타 이동
END   2022-05-06 22:20:01 --------------------------


START 2022-05-06 22:30:01 --------------------------
live
총 0 개 데이타 이동
END   2022-05-06 22:30:01 --------------------------


START 2022-05-06 22:40:01 --------------------------
live
총 0 개 데이타 이동
END   2022-05-06 22:40:01 --------------------------


START 2022-05-06 22:50:01 --------------------------
live
총 0 개 데이타 이동
END   2022-05-06 22:50:01 --------------------------


START 2022-05-06 23:00:01 --------------------------
live
총 0 개 데이타 이동
END   2022-05-06 23:00:01 --------------------------


START 2022-05-06 23:10:02 --------------------------
live
총 0 개 데이타 이동
END   2022-05-06 23:10:02 --------------------------


START 2022-05-06 23:20:01 --------------------------
live
총 0 개 데이타 이동
END   2022-05-06 23:20:01 --------------------------


START 2022-05-06 23:30:01 --------------------------
live
총 0 개 데이타 이동
END   2022-05-06 23:30:01 --------------------------


START 2022-05-06 23:40:01 --------------------------
live
총 0 개 데이타 이동
END   2022-05-06 23:40:01 --------------------------


START 2022-05-06 23:50:01 --------------------------
live
총 0 개 데이타 이동
END   2022-05-06 23:50:01 --------------------------


