START 2022-11-16 00:00:01 --------------------------
live
총 0 개 데이타 이동
END   2022-11-16 00:00:01 --------------------------


START 2022-11-16 00:10:01 --------------------------
live
총 0 개 데이타 이동
END   2022-11-16 00:10:01 --------------------------


START 2022-11-16 00:20:01 --------------------------
live
총 0 개 데이타 이동
END   2022-11-16 00:20:01 --------------------------


START 2022-11-16 00:30:02 --------------------------
live
총 0 개 데이타 이동
END   2022-11-16 00:30:02 --------------------------


START 2022-11-16 00:40:01 --------------------------
live
총 0 개 데이타 이동
END   2022-11-16 00:40:01 --------------------------


START 2022-11-16 00:50:01 --------------------------
live
총 0 개 데이타 이동
END   2022-11-16 00:50:01 --------------------------


START 2022-11-16 01:00:01 --------------------------
live
총 0 개 데이타 이동
END   2022-11-16 01:00:01 --------------------------


START 2022-11-16 01:10:01 --------------------------
live
총 0 개 데이타 이동
END   2022-11-16 01:10:01 --------------------------


START 2022-11-16 01:20:01 --------------------------
live
총 0 개 데이타 이동
END   2022-11-16 01:20:01 --------------------------


START 2022-11-16 01:30:01 --------------------------
live
총 0 개 데이타 이동
END   2022-11-16 01:30:01 --------------------------


START 2022-11-16 01:40:01 --------------------------
live
총 0 개 데이타 이동
END   2022-11-16 01:40:01 --------------------------


START 2022-11-16 01:50:01 --------------------------
live
총 0 개 데이타 이동
END   2022-11-16 01:50:01 --------------------------


START 2022-11-16 02:00:01 --------------------------
live
총 0 개 데이타 이동
END   2022-11-16 02:00:01 --------------------------


START 2022-11-16 02:10:01 --------------------------
live
총 0 개 데이타 이동
END   2022-11-16 02:10:01 --------------------------


START 2022-11-16 02:20:01 --------------------------
live
총 0 개 데이타 이동
END   2022-11-16 02:20:01 --------------------------


START 2022-11-16 02:30:01 --------------------------
live
총 0 개 데이타 이동
END   2022-11-16 02:30:01 --------------------------


START 2022-11-16 02:40:01 --------------------------
live
총 0 개 데이타 이동
END   2022-11-16 02:40:01 --------------------------


START 2022-11-16 02:50:01 --------------------------
live
총 0 개 데이타 이동
END   2022-11-16 02:50:01 --------------------------


START 2022-11-16 03:00:01 --------------------------
live
총 0 개 데이타 이동
END   2022-11-16 03:00:01 --------------------------


START 2022-11-16 03:10:02 --------------------------
live
총 0 개 데이타 이동
END   2022-11-16 03:10:02 --------------------------


START 2022-11-16 03:20:01 --------------------------
live
총 0 개 데이타 이동
END   2022-11-16 03:20:01 --------------------------


START 2022-11-16 03:30:01 --------------------------
live
총 0 개 데이타 이동
END   2022-11-16 03:30:01 --------------------------


START 2022-11-16 03:40:01 --------------------------
live
총 0 개 데이타 이동
END   2022-11-16 03:40:01 --------------------------


START 2022-11-16 03:50:01 --------------------------
live
총 0 개 데이타 이동
END   2022-11-16 03:50:01 --------------------------


START 2022-11-16 04:00:01 --------------------------
live
총 0 개 데이타 이동
END   2022-11-16 04:00:01 --------------------------


START 2022-11-16 04:10:01 --------------------------
live
총 0 개 데이타 이동
END   2022-11-16 04:10:01 --------------------------


START 2022-11-16 04:20:01 --------------------------
live
총 0 개 데이타 이동
END   2022-11-16 04:20:01 --------------------------


START 2022-11-16 04:30:01 --------------------------
live
총 0 개 데이타 이동
END   2022-11-16 04:30:01 --------------------------


START 2022-11-16 04:40:01 --------------------------
live
총 0 개 데이타 이동
END   2022-11-16 04:40:01 --------------------------


START 2022-11-16 04:50:01 --------------------------
live
총 0 개 데이타 이동
END   2022-11-16 04:50:01 --------------------------


START 2022-11-16 05:00:01 --------------------------
live
총 0 개 데이타 이동
END   2022-11-16 05:00:01 --------------------------


START 2022-11-16 05:10:01 --------------------------
live
총 0 개 데이타 이동
END   2022-11-16 05:10:01 --------------------------


START 2022-11-16 05:20:01 --------------------------
live
총 0 개 데이타 이동
END   2022-11-16 05:20:01 --------------------------


START 2022-11-16 05:30:01 --------------------------
live
총 0 개 데이타 이동
END   2022-11-16 05:30:02 --------------------------


START 2022-11-16 05:40:01 --------------------------
live
총 0 개 데이타 이동
END   2022-11-16 05:40:01 --------------------------


START 2022-11-16 05:50:01 --------------------------
live
총 0 개 데이타 이동
END   2022-11-16 05:50:01 --------------------------


START 2022-11-16 06:00:01 --------------------------
live
총 0 개 데이타 이동
END   2022-11-16 06:00:01 --------------------------


START 2022-11-16 06:10:01 --------------------------
live
총 0 개 데이타 이동
END   2022-11-16 06:10:01 --------------------------


START 2022-11-16 06:20:02 --------------------------
live
총 0 개 데이타 이동
END   2022-11-16 06:20:02 --------------------------


START 2022-11-16 06:30:02 --------------------------
live
총 0 개 데이타 이동
END   2022-11-16 06:30:02 --------------------------


START 2022-11-16 06:40:01 --------------------------
live
총 0 개 데이타 이동
END   2022-11-16 06:40:01 --------------------------


START 2022-11-16 06:50:01 --------------------------
live
총 0 개 데이타 이동
END   2022-11-16 06:50:01 --------------------------


START 2022-11-16 07:00:01 --------------------------
live
총 0 개 데이타 이동
END   2022-11-16 07:00:01 --------------------------


START 2022-11-16 07:10:01 --------------------------
live
총 0 개 데이타 이동
END   2022-11-16 07:10:01 --------------------------


START 2022-11-16 07:20:01 --------------------------
live
총 0 개 데이타 이동
END   2022-11-16 07:20:01 --------------------------


START 2022-11-16 07:30:01 --------------------------
live
총 0 개 데이타 이동
END   2022-11-16 07:30:01 --------------------------


START 2022-11-16 07:40:01 --------------------------
live
총 0 개 데이타 이동
END   2022-11-16 07:40:01 --------------------------


START 2022-11-16 07:50:01 --------------------------
live
총 0 개 데이타 이동
END   2022-11-16 07:50:01 --------------------------


START 2022-11-16 08:00:01 --------------------------
live
총 0 개 데이타 이동
END   2022-11-16 08:00:01 --------------------------


START 2022-11-16 08:10:01 --------------------------
live
총 0 개 데이타 이동
END   2022-11-16 08:10:01 --------------------------


START 2022-11-16 08:20:02 --------------------------
live
총 0 개 데이타 이동
END   2022-11-16 08:20:02 --------------------------


START 2022-11-16 08:30:02 --------------------------
live
총 0 개 데이타 이동
END   2022-11-16 08:30:02 --------------------------


START 2022-11-16 08:40:01 --------------------------
live
총 0 개 데이타 이동
END   2022-11-16 08:40:01 --------------------------


START 2022-11-16 08:50:01 --------------------------
live
총 0 개 데이타 이동
END   2022-11-16 08:50:01 --------------------------


START 2022-11-16 09:00:01 --------------------------
live
총 0 개 데이타 이동
END   2022-11-16 09:00:01 --------------------------


START 2022-11-16 09:10:01 --------------------------
live
총 0 개 데이타 이동
END   2022-11-16 09:10:01 --------------------------


START 2022-11-16 09:20:01 --------------------------
live
총 0 개 데이타 이동
END   2022-11-16 09:20:01 --------------------------


START 2022-11-16 09:30:01 --------------------------
live
총 0 개 데이타 이동
END   2022-11-16 09:30:01 --------------------------


START 2022-11-16 09:40:01 --------------------------
live
총 0 개 데이타 이동
END   2022-11-16 09:40:01 --------------------------


START 2022-11-16 09:50:01 --------------------------
live
총 0 개 데이타 이동
END   2022-11-16 09:50:01 --------------------------


START 2022-11-16 10:00:01 --------------------------
live
총 0 개 데이타 이동
END   2022-11-16 10:00:01 --------------------------


START 2022-11-16 10:10:01 --------------------------
live
총 0 개 데이타 이동
END   2022-11-16 10:10:02 --------------------------


START 2022-11-16 10:20:01 --------------------------
live
총 0 개 데이타 이동
END   2022-11-16 10:20:01 --------------------------


START 2022-11-16 10:30:01 --------------------------
live
총 0 개 데이타 이동
END   2022-11-16 10:30:01 --------------------------


START 2022-11-16 10:40:01 --------------------------
live
총 0 개 데이타 이동
END   2022-11-16 10:40:01 --------------------------


START 2022-11-16 10:50:01 --------------------------
live
총 0 개 데이타 이동
END   2022-11-16 10:50:01 --------------------------


START 2022-11-16 11:00:01 --------------------------
live
총 0 개 데이타 이동
END   2022-11-16 11:00:01 --------------------------


START 2022-11-16 11:10:01 --------------------------
live
총 0 개 데이타 이동
END   2022-11-16 11:10:01 --------------------------


START 2022-11-16 11:20:01 --------------------------
live
총 0 개 데이타 이동
END   2022-11-16 11:20:01 --------------------------


START 2022-11-16 11:30:01 --------------------------
live
총 0 개 데이타 이동
END   2022-11-16 11:30:01 --------------------------


START 2022-11-16 11:40:01 --------------------------
live
총 0 개 데이타 이동
END   2022-11-16 11:40:01 --------------------------


START 2022-11-16 11:50:01 --------------------------
live
총 14 개 데이타 이동
데이타 이동 시작 *****
3111788 01024568888 -- 3111789 01056179090 -- 3111790 01080060401 -- 3111791 01032809295 -- 3111792 01088944740 -- 3111793 01067241409 -- 3111794 01064063972 -- 3111795 01086246176 -- 3111796 01047693024 -- 3111797 01048474041 -- 3111798 01090838172 -- 3111799 01050297528 -- 3111800 01082299622 -- 3111801 01033358065 -- 
END   2022-11-16 11:50:01 --------------------------


START 2022-11-16 12:00:01 --------------------------
live
총 0 개 데이타 이동
END   2022-11-16 12:00:01 --------------------------


START 2022-11-16 12:10:01 --------------------------
live
총 0 개 데이타 이동
END   2022-11-16 12:10:01 --------------------------


START 2022-11-16 12:20:01 --------------------------
live
총 0 개 데이타 이동
END   2022-11-16 12:20:01 --------------------------


START 2022-11-16 12:30:01 --------------------------
live
총 0 개 데이타 이동
END   2022-11-16 12:30:01 --------------------------


START 2022-11-16 12:40:01 --------------------------
live
총 0 개 데이타 이동
END   2022-11-16 12:40:01 --------------------------


START 2022-11-16 12:50:01 --------------------------
live
총 0 개 데이타 이동
END   2022-11-16 12:50:01 --------------------------


START 2022-11-16 13:00:01 --------------------------
live
총 0 개 데이타 이동
END   2022-11-16 13:00:01 --------------------------


START 2022-11-16 13:10:02 --------------------------
live
총 0 개 데이타 이동
END   2022-11-16 13:10:02 --------------------------


START 2022-11-16 13:20:01 --------------------------
live
총 0 개 데이타 이동
END   2022-11-16 13:20:01 --------------------------


START 2022-11-16 13:30:01 --------------------------
live
총 0 개 데이타 이동
END   2022-11-16 13:30:01 --------------------------


START 2022-11-16 13:40:01 --------------------------
live
총 0 개 데이타 이동
END   2022-11-16 13:40:01 --------------------------


START 2022-11-16 13:50:01 --------------------------
live
총 0 개 데이타 이동
END   2022-11-16 13:50:01 --------------------------


START 2022-11-16 14:00:03 --------------------------
live
총 0 개 데이타 이동
END   2022-11-16 14:00:03 --------------------------


START 2022-11-16 14:10:01 --------------------------
live
총 0 개 데이타 이동
END   2022-11-16 14:10:01 --------------------------


START 2022-11-16 14:20:01 --------------------------
live
총 0 개 데이타 이동
END   2022-11-16 14:20:01 --------------------------


START 2022-11-16 14:30:01 --------------------------
live
총 0 개 데이타 이동
END   2022-11-16 14:30:01 --------------------------


START 2022-11-16 14:40:01 --------------------------
live
총 0 개 데이타 이동
END   2022-11-16 14:40:01 --------------------------


START 2022-11-16 14:50:01 --------------------------
live
총 0 개 데이타 이동
END   2022-11-16 14:50:01 --------------------------


START 2022-11-16 15:00:01 --------------------------
live
총 0 개 데이타 이동
END   2022-11-16 15:00:01 --------------------------


START 2022-11-16 15:10:01 --------------------------
live
총 0 개 데이타 이동
END   2022-11-16 15:10:01 --------------------------


START 2022-11-16 15:20:02 --------------------------
live
총 0 개 데이타 이동
END   2022-11-16 15:20:02 --------------------------


START 2022-11-16 15:30:01 --------------------------
live
총 0 개 데이타 이동
END   2022-11-16 15:30:01 --------------------------


START 2022-11-16 15:40:01 --------------------------
live
총 0 개 데이타 이동
END   2022-11-16 15:40:01 --------------------------


START 2022-11-16 15:50:01 --------------------------
live
총 0 개 데이타 이동
END   2022-11-16 15:50:01 --------------------------


START 2022-11-16 16:00:01 --------------------------
live
총 0 개 데이타 이동
END   2022-11-16 16:00:01 --------------------------


START 2022-11-16 16:10:01 --------------------------
live
총 0 개 데이타 이동
END   2022-11-16 16:10:01 --------------------------


START 2022-11-16 16:20:01 --------------------------
live
13 개의 삭제대상 레코드 발견
delete from cf_Msg_Tran where moved='Y' and Send_Time < now() - interval 30 DAY
13 개 삭제

총 0 개 데이타 이동
END   2022-11-16 16:20:01 --------------------------


START 2022-11-16 16:30:01 --------------------------
live
총 0 개 데이타 이동
END   2022-11-16 16:30:01 --------------------------


START 2022-11-16 16:40:01 --------------------------
live
총 0 개 데이타 이동
END   2022-11-16 16:40:01 --------------------------


START 2022-11-16 16:50:01 --------------------------
live
총 0 개 데이타 이동
END   2022-11-16 16:50:01 --------------------------


START 2022-11-16 17:00:01 --------------------------
live
총 0 개 데이타 이동
END   2022-11-16 17:00:01 --------------------------


START 2022-11-16 17:10:01 --------------------------
live
총 0 개 데이타 이동
END   2022-11-16 17:10:01 --------------------------


START 2022-11-16 17:20:01 --------------------------
live
총 0 개 데이타 이동
END   2022-11-16 17:20:01 --------------------------


START 2022-11-16 17:30:01 --------------------------
live
총 0 개 데이타 이동
END   2022-11-16 17:30:01 --------------------------


START 2022-11-16 17:40:01 --------------------------
live
총 0 개 데이타 이동
END   2022-11-16 17:40:01 --------------------------


START 2022-11-16 17:50:01 --------------------------
live
총 0 개 데이타 이동
END   2022-11-16 17:50:01 --------------------------


START 2022-11-16 18:00:01 --------------------------
live
총 0 개 데이타 이동
END   2022-11-16 18:00:01 --------------------------


START 2022-11-16 18:10:02 --------------------------
live
총 0 개 데이타 이동
END   2022-11-16 18:10:02 --------------------------


START 2022-11-16 18:20:01 --------------------------
live
총 0 개 데이타 이동
END   2022-11-16 18:20:01 --------------------------


START 2022-11-16 18:30:01 --------------------------
live
총 0 개 데이타 이동
END   2022-11-16 18:30:01 --------------------------


START 2022-11-16 18:40:01 --------------------------
live
총 0 개 데이타 이동
END   2022-11-16 18:40:01 --------------------------


START 2022-11-16 18:50:02 --------------------------
live
총 0 개 데이타 이동
END   2022-11-16 18:50:02 --------------------------


START 2022-11-16 19:00:01 --------------------------
live
총 0 개 데이타 이동
END   2022-11-16 19:00:01 --------------------------


START 2022-11-16 19:10:01 --------------------------
live
총 0 개 데이타 이동
END   2022-11-16 19:10:01 --------------------------


START 2022-11-16 19:20:01 --------------------------
live
총 0 개 데이타 이동
END   2022-11-16 19:20:01 --------------------------


START 2022-11-16 19:30:01 --------------------------
live
총 0 개 데이타 이동
END   2022-11-16 19:30:01 --------------------------


START 2022-11-16 19:40:01 --------------------------
live
총 0 개 데이타 이동
END   2022-11-16 19:40:01 --------------------------


START 2022-11-16 19:50:01 --------------------------
live
총 0 개 데이타 이동
END   2022-11-16 19:50:01 --------------------------


START 2022-11-16 20:00:01 --------------------------
live
총 0 개 데이타 이동
END   2022-11-16 20:00:01 --------------------------


START 2022-11-16 20:10:01 --------------------------
live
총 0 개 데이타 이동
END   2022-11-16 20:10:01 --------------------------


START 2022-11-16 20:20:01 --------------------------
live
총 0 개 데이타 이동
END   2022-11-16 20:20:01 --------------------------


START 2022-11-16 20:30:01 --------------------------
live
총 0 개 데이타 이동
END   2022-11-16 20:30:01 --------------------------


START 2022-11-16 20:40:01 --------------------------
live
총 0 개 데이타 이동
END   2022-11-16 20:40:01 --------------------------


START 2022-11-16 20:50:01 --------------------------
live
총 0 개 데이타 이동
END   2022-11-16 20:50:01 --------------------------


START 2022-11-16 21:00:01 --------------------------
live
총 0 개 데이타 이동
END   2022-11-16 21:00:01 --------------------------


START 2022-11-16 21:10:01 --------------------------
live
총 0 개 데이타 이동
END   2022-11-16 21:10:01 --------------------------


START 2022-11-16 21:20:01 --------------------------
live
총 0 개 데이타 이동
END   2022-11-16 21:20:01 --------------------------


START 2022-11-16 21:30:04 --------------------------
live
총 0 개 데이타 이동
END   2022-11-16 21:30:04 --------------------------


START 2022-11-16 21:40:01 --------------------------
live
총 0 개 데이타 이동
END   2022-11-16 21:40:01 --------------------------


START 2022-11-16 21:50:01 --------------------------
live
총 0 개 데이타 이동
END   2022-11-16 21:50:01 --------------------------


START 2022-11-16 22:00:01 --------------------------
live
총 0 개 데이타 이동
END   2022-11-16 22:00:01 --------------------------


START 2022-11-16 22:10:02 --------------------------
live
총 0 개 데이타 이동
END   2022-11-16 22:10:02 --------------------------


START 2022-11-16 22:20:02 --------------------------
live
총 0 개 데이타 이동
END   2022-11-16 22:20:02 --------------------------


START 2022-11-16 22:30:01 --------------------------
live
총 0 개 데이타 이동
END   2022-11-16 22:30:01 --------------------------


START 2022-11-16 22:40:01 --------------------------
live
총 0 개 데이타 이동
END   2022-11-16 22:40:01 --------------------------


START 2022-11-16 22:50:01 --------------------------
live
총 0 개 데이타 이동
END   2022-11-16 22:50:01 --------------------------


START 2022-11-16 23:00:01 --------------------------
live
총 0 개 데이타 이동
END   2022-11-16 23:00:01 --------------------------


START 2022-11-16 23:10:01 --------------------------
live
총 0 개 데이타 이동
END   2022-11-16 23:10:01 --------------------------


START 2022-11-16 23:20:01 --------------------------
live
총 0 개 데이타 이동
END   2022-11-16 23:20:02 --------------------------


START 2022-11-16 23:30:01 --------------------------
live
총 0 개 데이타 이동
END   2022-11-16 23:30:01 --------------------------


START 2022-11-16 23:40:01 --------------------------
live
총 0 개 데이타 이동
END   2022-11-16 23:40:01 --------------------------


START 2022-11-16 23:50:01 --------------------------
live
총 0 개 데이타 이동
END   2022-11-16 23:50:01 --------------------------


