START 2022-05-26 00:00:01 --------------------------
live
총 0 개 데이타 이동
END   2022-05-26 00:00:01 --------------------------


START 2022-05-26 00:10:01 --------------------------
live
총 0 개 데이타 이동
END   2022-05-26 00:10:01 --------------------------


START 2022-05-26 00:20:01 --------------------------
live
총 0 개 데이타 이동
END   2022-05-26 00:20:01 --------------------------


START 2022-05-26 00:30:01 --------------------------
live
총 0 개 데이타 이동
END   2022-05-26 00:30:01 --------------------------


START 2022-05-26 00:40:01 --------------------------
live
총 0 개 데이타 이동
END   2022-05-26 00:40:01 --------------------------


START 2022-05-26 00:50:01 --------------------------
live
총 0 개 데이타 이동
END   2022-05-26 00:50:01 --------------------------


START 2022-05-26 01:00:01 --------------------------
live
총 0 개 데이타 이동
END   2022-05-26 01:00:01 --------------------------


START 2022-05-26 01:10:01 --------------------------
live
총 0 개 데이타 이동
END   2022-05-26 01:10:01 --------------------------


START 2022-05-26 01:20:01 --------------------------
live
총 0 개 데이타 이동
END   2022-05-26 01:20:01 --------------------------


START 2022-05-26 01:30:01 --------------------------
live
총 0 개 데이타 이동
END   2022-05-26 01:30:01 --------------------------


START 2022-05-26 01:40:01 --------------------------
live
총 0 개 데이타 이동
END   2022-05-26 01:40:01 --------------------------


START 2022-05-26 01:50:01 --------------------------
live
총 0 개 데이타 이동
END   2022-05-26 01:50:01 --------------------------


START 2022-05-26 02:00:01 --------------------------
live
총 0 개 데이타 이동
END   2022-05-26 02:00:01 --------------------------


START 2022-05-26 02:10:01 --------------------------
live
총 0 개 데이타 이동
END   2022-05-26 02:10:01 --------------------------


START 2022-05-26 02:20:01 --------------------------
live
총 0 개 데이타 이동
END   2022-05-26 02:20:01 --------------------------


START 2022-05-26 02:30:01 --------------------------
live
총 0 개 데이타 이동
END   2022-05-26 02:30:01 --------------------------


START 2022-05-26 02:40:01 --------------------------
live
총 0 개 데이타 이동
END   2022-05-26 02:40:01 --------------------------


START 2022-05-26 02:50:02 --------------------------
live
총 0 개 데이타 이동
END   2022-05-26 02:50:02 --------------------------


START 2022-05-26 03:00:01 --------------------------
live
총 0 개 데이타 이동
END   2022-05-26 03:00:01 --------------------------


START 2022-05-26 03:10:01 --------------------------
live
총 0 개 데이타 이동
END   2022-05-26 03:10:01 --------------------------


START 2022-05-26 03:20:01 --------------------------
live
총 0 개 데이타 이동
END   2022-05-26 03:20:01 --------------------------


START 2022-05-26 03:30:01 --------------------------
live
총 0 개 데이타 이동
END   2022-05-26 03:30:01 --------------------------


START 2022-05-26 03:40:01 --------------------------
live
총 0 개 데이타 이동
END   2022-05-26 03:40:01 --------------------------


START 2022-05-26 03:50:01 --------------------------
live
총 0 개 데이타 이동
END   2022-05-26 03:50:01 --------------------------


START 2022-05-26 04:00:01 --------------------------
live
총 0 개 데이타 이동
END   2022-05-26 04:00:02 --------------------------


START 2022-05-26 04:10:01 --------------------------
live
총 0 개 데이타 이동
END   2022-05-26 04:10:01 --------------------------


START 2022-05-26 04:20:01 --------------------------
live
총 0 개 데이타 이동
END   2022-05-26 04:20:01 --------------------------


START 2022-05-26 04:30:01 --------------------------
live
총 0 개 데이타 이동
END   2022-05-26 04:30:01 --------------------------


START 2022-05-26 04:40:01 --------------------------
live
총 0 개 데이타 이동
END   2022-05-26 04:40:02 --------------------------


START 2022-05-26 04:50:01 --------------------------
live
총 0 개 데이타 이동
END   2022-05-26 04:50:01 --------------------------


START 2022-05-26 05:00:01 --------------------------
live
총 0 개 데이타 이동
END   2022-05-26 05:00:01 --------------------------


START 2022-05-26 05:10:01 --------------------------
live
총 0 개 데이타 이동
END   2022-05-26 05:10:01 --------------------------


START 2022-05-26 05:20:01 --------------------------
live
총 0 개 데이타 이동
END   2022-05-26 05:20:01 --------------------------


START 2022-05-26 05:30:01 --------------------------
live
총 0 개 데이타 이동
END   2022-05-26 05:30:01 --------------------------


START 2022-05-26 05:40:01 --------------------------
live
총 0 개 데이타 이동
END   2022-05-26 05:40:01 --------------------------


START 2022-05-26 05:50:01 --------------------------
live
총 0 개 데이타 이동
END   2022-05-26 05:50:01 --------------------------


START 2022-05-26 06:00:01 --------------------------
live
총 0 개 데이타 이동
END   2022-05-26 06:00:01 --------------------------


START 2022-05-26 06:10:02 --------------------------
live
총 0 개 데이타 이동
END   2022-05-26 06:10:02 --------------------------


START 2022-05-26 06:20:01 --------------------------
live
총 0 개 데이타 이동
END   2022-05-26 06:20:01 --------------------------


START 2022-05-26 06:30:01 --------------------------
live
총 0 개 데이타 이동
END   2022-05-26 06:30:01 --------------------------


START 2022-05-26 06:40:02 --------------------------
live
총 0 개 데이타 이동
END   2022-05-26 06:40:02 --------------------------


START 2022-05-26 06:50:01 --------------------------
live
총 0 개 데이타 이동
END   2022-05-26 06:50:01 --------------------------


START 2022-05-26 07:00:02 --------------------------
live
총 0 개 데이타 이동
END   2022-05-26 07:00:02 --------------------------


START 2022-05-26 07:10:01 --------------------------
live
총 0 개 데이타 이동
END   2022-05-26 07:10:01 --------------------------


START 2022-05-26 07:20:01 --------------------------
live
총 0 개 데이타 이동
END   2022-05-26 07:20:01 --------------------------


START 2022-05-26 07:30:01 --------------------------
live
총 0 개 데이타 이동
END   2022-05-26 07:30:01 --------------------------


START 2022-05-26 07:40:01 --------------------------
live
총 0 개 데이타 이동
END   2022-05-26 07:40:01 --------------------------


START 2022-05-26 07:50:01 --------------------------
live
총 0 개 데이타 이동
END   2022-05-26 07:50:01 --------------------------


START 2022-05-26 08:00:01 --------------------------
live
총 0 개 데이타 이동
END   2022-05-26 08:00:01 --------------------------


START 2022-05-26 08:10:01 --------------------------
live
총 0 개 데이타 이동
END   2022-05-26 08:10:01 --------------------------


START 2022-05-26 08:20:01 --------------------------
live
총 0 개 데이타 이동
END   2022-05-26 08:20:01 --------------------------


START 2022-05-26 08:30:01 --------------------------
live
총 0 개 데이타 이동
END   2022-05-26 08:30:01 --------------------------


START 2022-05-26 08:40:01 --------------------------
live
총 0 개 데이타 이동
END   2022-05-26 08:40:01 --------------------------


START 2022-05-26 08:50:02 --------------------------
live
총 0 개 데이타 이동
END   2022-05-26 08:50:02 --------------------------


START 2022-05-26 09:00:01 --------------------------
live
총 0 개 데이타 이동
END   2022-05-26 09:00:01 --------------------------


START 2022-05-26 09:10:02 --------------------------
live
총 0 개 데이타 이동
END   2022-05-26 09:10:02 --------------------------


START 2022-05-26 09:20:01 --------------------------
live
총 0 개 데이타 이동
END   2022-05-26 09:20:01 --------------------------


START 2022-05-26 09:30:01 --------------------------
live
총 0 개 데이타 이동
END   2022-05-26 09:30:01 --------------------------


START 2022-05-26 09:40:01 --------------------------
live
총 0 개 데이타 이동
END   2022-05-26 09:40:01 --------------------------


START 2022-05-26 09:50:01 --------------------------
live
총 0 개 데이타 이동
END   2022-05-26 09:50:01 --------------------------


START 2022-05-26 10:00:01 --------------------------
live
총 0 개 데이타 이동
END   2022-05-26 10:00:01 --------------------------


START 2022-05-26 10:10:01 --------------------------
live
총 0 개 데이타 이동
END   2022-05-26 10:10:01 --------------------------


START 2022-05-26 10:20:02 --------------------------
live
총 0 개 데이타 이동
END   2022-05-26 10:20:02 --------------------------


START 2022-05-26 10:30:01 --------------------------
live
총 0 개 데이타 이동
END   2022-05-26 10:30:01 --------------------------


START 2022-05-26 10:40:01 --------------------------
live
총 0 개 데이타 이동
END   2022-05-26 10:40:01 --------------------------


START 2022-05-26 10:50:01 --------------------------
live
총 0 개 데이타 이동
END   2022-05-26 10:50:02 --------------------------


START 2022-05-26 11:00:01 --------------------------
live
총 0 개 데이타 이동
END   2022-05-26 11:00:01 --------------------------


START 2022-05-26 11:10:01 --------------------------
live
총 0 개 데이타 이동
END   2022-05-26 11:10:01 --------------------------


START 2022-05-26 11:20:01 --------------------------
live
총 0 개 데이타 이동
END   2022-05-26 11:20:01 --------------------------


START 2022-05-26 11:30:01 --------------------------
live
총 0 개 데이타 이동
END   2022-05-26 11:30:01 --------------------------


START 2022-05-26 11:40:01 --------------------------
live
총 2 개 데이타 이동
데이타 이동 시작 *****
3106616 01024568888 -- 3106617 01088944740 -- 
END   2022-05-26 11:40:01 --------------------------


START 2022-05-26 11:50:01 --------------------------
live
총 0 개 데이타 이동
END   2022-05-26 11:50:01 --------------------------


START 2022-05-26 12:00:01 --------------------------
live
총 0 개 데이타 이동
END   2022-05-26 12:00:01 --------------------------


START 2022-05-26 12:10:01 --------------------------
live
2 개의 삭제대상 레코드 발견
delete from cf_Msg_Tran where moved='Y' and Send_Time < now() - interval 30 DAY
2 개 삭제

총 0 개 데이타 이동
END   2022-05-26 12:10:01 --------------------------


START 2022-05-26 12:20:01 --------------------------
live
총 0 개 데이타 이동
END   2022-05-26 12:20:01 --------------------------


START 2022-05-26 12:30:02 --------------------------
live
총 0 개 데이타 이동
END   2022-05-26 12:30:02 --------------------------


START 2022-05-26 12:40:01 --------------------------
live
총 0 개 데이타 이동
END   2022-05-26 12:40:01 --------------------------


START 2022-05-26 12:50:01 --------------------------
live
총 0 개 데이타 이동
END   2022-05-26 12:50:01 --------------------------


START 2022-05-26 13:00:01 --------------------------
live
총 0 개 데이타 이동
END   2022-05-26 13:00:01 --------------------------


START 2022-05-26 13:10:01 --------------------------
live
총 0 개 데이타 이동
END   2022-05-26 13:10:01 --------------------------


START 2022-05-26 13:20:01 --------------------------
live
총 0 개 데이타 이동
END   2022-05-26 13:20:01 --------------------------


START 2022-05-26 13:30:01 --------------------------
live
총 0 개 데이타 이동
END   2022-05-26 13:30:01 --------------------------


START 2022-05-26 13:40:01 --------------------------
live
총 0 개 데이타 이동
END   2022-05-26 13:40:01 --------------------------


START 2022-05-26 13:50:02 --------------------------
live
총 0 개 데이타 이동
END   2022-05-26 13:50:02 --------------------------


START 2022-05-26 14:00:01 --------------------------
live
총 0 개 데이타 이동
END   2022-05-26 14:00:01 --------------------------


START 2022-05-26 14:10:01 --------------------------
live
총 0 개 데이타 이동
END   2022-05-26 14:10:01 --------------------------


START 2022-05-26 14:20:01 --------------------------
live
총 0 개 데이타 이동
END   2022-05-26 14:20:01 --------------------------


START 2022-05-26 14:30:01 --------------------------
live
총 0 개 데이타 이동
END   2022-05-26 14:30:01 --------------------------


START 2022-05-26 14:40:01 --------------------------
live
총 0 개 데이타 이동
END   2022-05-26 14:40:01 --------------------------


START 2022-05-26 14:50:02 --------------------------
live
총 0 개 데이타 이동
END   2022-05-26 14:50:02 --------------------------


START 2022-05-26 15:00:01 --------------------------
live
총 0 개 데이타 이동
END   2022-05-26 15:00:01 --------------------------


START 2022-05-26 15:10:01 --------------------------
live
총 0 개 데이타 이동
END   2022-05-26 15:10:01 --------------------------


START 2022-05-26 15:20:02 --------------------------
live
총 0 개 데이타 이동
END   2022-05-26 15:20:02 --------------------------


START 2022-05-26 15:30:01 --------------------------
live
총 0 개 데이타 이동
END   2022-05-26 15:30:01 --------------------------


START 2022-05-26 15:40:01 --------------------------
live
총 0 개 데이타 이동
END   2022-05-26 15:40:01 --------------------------


START 2022-05-26 15:50:02 --------------------------
live
총 0 개 데이타 이동
END   2022-05-26 15:50:02 --------------------------


START 2022-05-26 16:00:01 --------------------------
live
총 0 개 데이타 이동
END   2022-05-26 16:00:01 --------------------------


START 2022-05-26 16:10:02 --------------------------
live
총 0 개 데이타 이동
END   2022-05-26 16:10:02 --------------------------


START 2022-05-26 16:20:01 --------------------------
live
총 0 개 데이타 이동
END   2022-05-26 16:20:01 --------------------------


START 2022-05-26 16:30:02 --------------------------
live
총 0 개 데이타 이동
END   2022-05-26 16:30:02 --------------------------


START 2022-05-26 16:40:02 --------------------------
live
총 0 개 데이타 이동
END   2022-05-26 16:40:02 --------------------------


START 2022-05-26 16:50:01 --------------------------
live
총 0 개 데이타 이동
END   2022-05-26 16:50:01 --------------------------


START 2022-05-26 17:00:01 --------------------------
live
총 0 개 데이타 이동
END   2022-05-26 17:00:01 --------------------------


START 2022-05-26 17:10:01 --------------------------
live
총 0 개 데이타 이동
END   2022-05-26 17:10:01 --------------------------


START 2022-05-26 17:20:01 --------------------------
live
총 0 개 데이타 이동
END   2022-05-26 17:20:01 --------------------------


START 2022-05-26 17:30:01 --------------------------
live
총 0 개 데이타 이동
END   2022-05-26 17:30:01 --------------------------


START 2022-05-26 17:40:01 --------------------------
live
총 0 개 데이타 이동
END   2022-05-26 17:40:01 --------------------------


START 2022-05-26 17:50:02 --------------------------
live
총 0 개 데이타 이동
END   2022-05-26 17:50:02 --------------------------


START 2022-05-26 18:00:01 --------------------------
live
총 0 개 데이타 이동
END   2022-05-26 18:00:01 --------------------------


START 2022-05-26 18:10:01 --------------------------
live
총 0 개 데이타 이동
END   2022-05-26 18:10:01 --------------------------


START 2022-05-26 18:20:01 --------------------------
live
총 0 개 데이타 이동
END   2022-05-26 18:20:01 --------------------------


START 2022-05-26 18:30:02 --------------------------
live
총 0 개 데이타 이동
END   2022-05-26 18:30:02 --------------------------


START 2022-05-26 18:40:02 --------------------------
live
총 0 개 데이타 이동
END   2022-05-26 18:40:02 --------------------------


START 2022-05-26 18:50:01 --------------------------
live
총 0 개 데이타 이동
END   2022-05-26 18:50:01 --------------------------


START 2022-05-26 19:00:01 --------------------------
live
총 0 개 데이타 이동
END   2022-05-26 19:00:01 --------------------------


START 2022-05-26 19:10:01 --------------------------
live
총 0 개 데이타 이동
END   2022-05-26 19:10:01 --------------------------


START 2022-05-26 19:20:01 --------------------------
live
총 0 개 데이타 이동
END   2022-05-26 19:20:01 --------------------------


START 2022-05-26 19:30:02 --------------------------
live
총 0 개 데이타 이동
END   2022-05-26 19:30:02 --------------------------


START 2022-05-26 19:40:02 --------------------------
live
총 0 개 데이타 이동
END   2022-05-26 19:40:02 --------------------------


START 2022-05-26 19:50:01 --------------------------
live
총 0 개 데이타 이동
END   2022-05-26 19:50:01 --------------------------


START 2022-05-26 20:00:01 --------------------------
live
총 0 개 데이타 이동
END   2022-05-26 20:00:01 --------------------------


START 2022-05-26 20:10:02 --------------------------
live
총 0 개 데이타 이동
END   2022-05-26 20:10:02 --------------------------


START 2022-05-26 20:20:01 --------------------------
live
총 0 개 데이타 이동
END   2022-05-26 20:20:01 --------------------------


START 2022-05-26 20:30:01 --------------------------
live
총 0 개 데이타 이동
END   2022-05-26 20:30:01 --------------------------


START 2022-05-26 20:40:02 --------------------------
live
총 0 개 데이타 이동
END   2022-05-26 20:40:02 --------------------------


START 2022-05-26 20:50:02 --------------------------
live
총 0 개 데이타 이동
END   2022-05-26 20:50:02 --------------------------


START 2022-05-26 21:00:02 --------------------------
live
총 0 개 데이타 이동
END   2022-05-26 21:00:02 --------------------------


START 2022-05-26 21:10:02 --------------------------
live
총 0 개 데이타 이동
END   2022-05-26 21:10:02 --------------------------


START 2022-05-26 21:20:02 --------------------------
live
총 0 개 데이타 이동
END   2022-05-26 21:20:02 --------------------------


START 2022-05-26 21:30:02 --------------------------
live
총 0 개 데이타 이동
END   2022-05-26 21:30:02 --------------------------


START 2022-05-26 21:40:01 --------------------------
live
총 0 개 데이타 이동
END   2022-05-26 21:40:01 --------------------------


START 2022-05-26 21:50:01 --------------------------
live
총 0 개 데이타 이동
END   2022-05-26 21:50:01 --------------------------


START 2022-05-26 22:00:02 --------------------------
live
총 0 개 데이타 이동
END   2022-05-26 22:00:02 --------------------------


START 2022-05-26 22:10:02 --------------------------
live
총 0 개 데이타 이동
END   2022-05-26 22:10:02 --------------------------


START 2022-05-26 22:20:01 --------------------------
live
총 0 개 데이타 이동
END   2022-05-26 22:20:02 --------------------------


START 2022-05-26 22:30:01 --------------------------
live
총 0 개 데이타 이동
END   2022-05-26 22:30:01 --------------------------


START 2022-05-26 22:40:01 --------------------------
live
총 0 개 데이타 이동
END   2022-05-26 22:40:01 --------------------------


START 2022-05-26 22:50:01 --------------------------
live
총 0 개 데이타 이동
END   2022-05-26 22:50:01 --------------------------


START 2022-05-26 23:00:01 --------------------------
live
총 0 개 데이타 이동
END   2022-05-26 23:00:01 --------------------------


START 2022-05-26 23:10:01 --------------------------
live
총 0 개 데이타 이동
END   2022-05-26 23:10:01 --------------------------


START 2022-05-26 23:20:01 --------------------------
live
총 0 개 데이타 이동
END   2022-05-26 23:20:01 --------------------------


START 2022-05-26 23:30:01 --------------------------
live
총 0 개 데이타 이동
END   2022-05-26 23:30:01 --------------------------


START 2022-05-26 23:40:01 --------------------------
live
총 0 개 데이타 이동
END   2022-05-26 23:40:01 --------------------------


START 2022-05-26 23:50:01 --------------------------
live
총 0 개 데이타 이동
END   2022-05-26 23:50:01 --------------------------


