START 2022-01-27 00:00:02 --------------------------
live
총 0 개 데이타 이동
END   2022-01-27 00:00:03 --------------------------


START 2022-01-27 00:10:02 --------------------------
live
총 0 개 데이타 이동
END   2022-01-27 00:10:04 --------------------------


START 2022-01-27 00:20:01 --------------------------
live
총 0 개 데이타 이동
END   2022-01-27 00:20:03 --------------------------


START 2022-01-27 00:30:01 --------------------------
live
총 0 개 데이타 이동
END   2022-01-27 00:30:03 --------------------------


START 2022-01-27 00:40:02 --------------------------
live
총 0 개 데이타 이동
END   2022-01-27 00:40:03 --------------------------


START 2022-01-27 00:50:01 --------------------------
live
총 0 개 데이타 이동
END   2022-01-27 00:50:03 --------------------------


START 2022-01-27 01:00:02 --------------------------
live
총 0 개 데이타 이동
END   2022-01-27 01:00:04 --------------------------


START 2022-01-27 01:10:02 --------------------------
live
총 0 개 데이타 이동
END   2022-01-27 01:10:03 --------------------------


START 2022-01-27 01:20:01 --------------------------
live
총 0 개 데이타 이동
END   2022-01-27 01:20:03 --------------------------


START 2022-01-27 01:30:01 --------------------------
live
총 0 개 데이타 이동
END   2022-01-27 01:30:03 --------------------------


START 2022-01-27 01:40:01 --------------------------
live
총 0 개 데이타 이동
END   2022-01-27 01:40:03 --------------------------


START 2022-01-27 01:50:01 --------------------------
live
총 0 개 데이타 이동
END   2022-01-27 01:50:03 --------------------------


START 2022-01-27 02:00:01 --------------------------
live
총 0 개 데이타 이동
END   2022-01-27 02:00:03 --------------------------


START 2022-01-27 02:10:01 --------------------------
live
총 0 개 데이타 이동
END   2022-01-27 02:10:03 --------------------------


START 2022-01-27 02:20:02 --------------------------
live
총 0 개 데이타 이동
END   2022-01-27 02:20:03 --------------------------


START 2022-01-27 02:30:01 --------------------------
live
총 0 개 데이타 이동
END   2022-01-27 02:30:03 --------------------------


START 2022-01-27 02:40:01 --------------------------
live
총 0 개 데이타 이동
END   2022-01-27 02:40:03 --------------------------


START 2022-01-27 02:50:02 --------------------------
live
총 0 개 데이타 이동
END   2022-01-27 02:50:04 --------------------------


START 2022-01-27 03:00:01 --------------------------
live
총 0 개 데이타 이동
END   2022-01-27 03:00:03 --------------------------


START 2022-01-27 03:10:01 --------------------------
live
총 0 개 데이타 이동
END   2022-01-27 03:10:03 --------------------------


START 2022-01-27 03:20:01 --------------------------
live
총 0 개 데이타 이동
END   2022-01-27 03:20:03 --------------------------


START 2022-01-27 03:30:02 --------------------------
live
총 0 개 데이타 이동
END   2022-01-27 03:30:03 --------------------------


START 2022-01-27 03:40:02 --------------------------
live
총 0 개 데이타 이동
END   2022-01-27 03:40:03 --------------------------


START 2022-01-27 03:50:01 --------------------------
live
총 0 개 데이타 이동
END   2022-01-27 03:50:03 --------------------------


START 2022-01-27 04:00:01 --------------------------
live
총 0 개 데이타 이동
END   2022-01-27 04:00:03 --------------------------


START 2022-01-27 04:10:01 --------------------------
live
총 0 개 데이타 이동
END   2022-01-27 04:10:03 --------------------------


START 2022-01-27 04:20:01 --------------------------
live
총 0 개 데이타 이동
END   2022-01-27 04:20:03 --------------------------


START 2022-01-27 04:30:01 --------------------------
live
총 0 개 데이타 이동
END   2022-01-27 04:30:03 --------------------------


START 2022-01-27 04:40:01 --------------------------
live
총 0 개 데이타 이동
END   2022-01-27 04:40:03 --------------------------


START 2022-01-27 04:50:02 --------------------------
live
총 0 개 데이타 이동
END   2022-01-27 04:50:03 --------------------------


START 2022-01-27 05:00:01 --------------------------
live
총 0 개 데이타 이동
END   2022-01-27 05:00:03 --------------------------


START 2022-01-27 05:10:01 --------------------------
live
총 0 개 데이타 이동
END   2022-01-27 05:10:03 --------------------------


START 2022-01-27 05:20:01 --------------------------
live
총 0 개 데이타 이동
END   2022-01-27 05:20:03 --------------------------


START 2022-01-27 05:30:01 --------------------------
live
총 0 개 데이타 이동
END   2022-01-27 05:30:03 --------------------------


START 2022-01-27 05:40:02 --------------------------
live
총 0 개 데이타 이동
END   2022-01-27 05:40:03 --------------------------


START 2022-01-27 05:50:01 --------------------------
live
총 0 개 데이타 이동
END   2022-01-27 05:50:03 --------------------------


START 2022-01-27 06:00:01 --------------------------
live
총 0 개 데이타 이동
END   2022-01-27 06:00:03 --------------------------


START 2022-01-27 06:10:01 --------------------------
live
총 0 개 데이타 이동
END   2022-01-27 06:10:03 --------------------------


START 2022-01-27 06:20:02 --------------------------
live
총 0 개 데이타 이동
END   2022-01-27 06:20:04 --------------------------


START 2022-01-27 06:30:02 --------------------------
live
총 0 개 데이타 이동
END   2022-01-27 06:30:03 --------------------------


START 2022-01-27 06:40:01 --------------------------
live
총 0 개 데이타 이동
END   2022-01-27 06:40:03 --------------------------


START 2022-01-27 06:50:01 --------------------------
live
총 0 개 데이타 이동
END   2022-01-27 06:50:03 --------------------------


START 2022-01-27 07:00:01 --------------------------
live
총 0 개 데이타 이동
END   2022-01-27 07:00:03 --------------------------


START 2022-01-27 07:10:02 --------------------------
live
총 0 개 데이타 이동
END   2022-01-27 07:10:04 --------------------------


START 2022-01-27 07:20:02 --------------------------
live
총 0 개 데이타 이동
END   2022-01-27 07:20:03 --------------------------


START 2022-01-27 07:30:02 --------------------------
live
총 0 개 데이타 이동
END   2022-01-27 07:30:03 --------------------------


START 2022-01-27 07:40:02 --------------------------
live
총 0 개 데이타 이동
END   2022-01-27 07:40:03 --------------------------


START 2022-01-27 07:50:01 --------------------------
live
총 0 개 데이타 이동
END   2022-01-27 07:50:03 --------------------------


START 2022-01-27 08:00:01 --------------------------
live
총 0 개 데이타 이동
END   2022-01-27 08:00:03 --------------------------


START 2022-01-27 08:10:01 --------------------------
live
총 0 개 데이타 이동
END   2022-01-27 08:10:03 --------------------------


START 2022-01-27 08:20:01 --------------------------
live
총 0 개 데이타 이동
END   2022-01-27 08:20:03 --------------------------


START 2022-01-27 08:30:01 --------------------------
live
총 0 개 데이타 이동
END   2022-01-27 08:30:03 --------------------------


START 2022-01-27 08:40:01 --------------------------
live
총 0 개 데이타 이동
END   2022-01-27 08:40:03 --------------------------


START 2022-01-27 08:50:01 --------------------------
live
총 0 개 데이타 이동
END   2022-01-27 08:50:03 --------------------------


START 2022-01-27 09:00:01 --------------------------
live
총 0 개 데이타 이동
END   2022-01-27 09:00:03 --------------------------


START 2022-01-27 09:10:01 --------------------------
live
총 0 개 데이타 이동
END   2022-01-27 09:10:03 --------------------------


START 2022-01-27 09:20:02 --------------------------
live
총 0 개 데이타 이동
END   2022-01-27 09:20:03 --------------------------


START 2022-01-27 09:30:02 --------------------------
live
총 0 개 데이타 이동
END   2022-01-27 09:30:04 --------------------------


START 2022-01-27 09:40:02 --------------------------
live
총 0 개 데이타 이동
END   2022-01-27 09:40:03 --------------------------


START 2022-01-27 09:50:02 --------------------------
live
총 0 개 데이타 이동
END   2022-01-27 09:50:03 --------------------------


START 2022-01-27 10:00:02 --------------------------
live
총 0 개 데이타 이동
END   2022-01-27 10:00:04 --------------------------


START 2022-01-27 10:10:01 --------------------------
live
총 0 개 데이타 이동
END   2022-01-27 10:10:23 --------------------------


START 2022-01-27 10:20:01 --------------------------
live
총 0 개 데이타 이동
END   2022-01-27 10:20:10 --------------------------


START 2022-01-27 10:30:01 --------------------------
live
총 0 개 데이타 이동
END   2022-01-27 10:30:03 --------------------------


START 2022-01-27 10:40:01 --------------------------
live
총 0 개 데이타 이동
END   2022-01-27 10:40:03 --------------------------


START 2022-01-27 10:50:01 --------------------------
live
총 0 개 데이타 이동
END   2022-01-27 10:50:03 --------------------------


START 2022-01-27 11:00:01 --------------------------
live
총 0 개 데이타 이동
END   2022-01-27 11:00:03 --------------------------


START 2022-01-27 11:10:01 --------------------------
live
총 0 개 데이타 이동
END   2022-01-27 11:10:04 --------------------------


START 2022-01-27 11:20:01 --------------------------
live
총 0 개 데이타 이동
END   2022-01-27 11:20:03 --------------------------


START 2022-01-27 11:30:01 --------------------------
live
총 0 개 데이타 이동
END   2022-01-27 11:30:03 --------------------------


START 2022-01-27 11:40:02 --------------------------
live
총 2 개 데이타 이동
데이타 이동 시작 *****
3047485 01024568888 -- 3047486 01088944740 -- 
END   2022-01-27 11:40:05 --------------------------


START 2022-01-27 11:50:02 --------------------------
live
총 0 개 데이타 이동
END   2022-01-27 11:50:04 --------------------------


START 2022-01-27 12:00:02 --------------------------
live
총 0 개 데이타 이동
END   2022-01-27 12:00:04 --------------------------


START 2022-01-27 12:10:01 --------------------------
live
총 0 개 데이타 이동
END   2022-01-27 12:10:04 --------------------------


START 2022-01-27 12:20:01 --------------------------
live
총 0 개 데이타 이동
END   2022-01-27 12:20:03 --------------------------


START 2022-01-27 12:30:01 --------------------------
live
총 0 개 데이타 이동
END   2022-01-27 12:30:03 --------------------------


START 2022-01-27 12:40:01 --------------------------
live
총 0 개 데이타 이동
END   2022-01-27 12:40:03 --------------------------


START 2022-01-27 12:50:01 --------------------------
live
총 0 개 데이타 이동
END   2022-01-27 12:50:03 --------------------------


START 2022-01-27 13:00:01 --------------------------
live
총 0 개 데이타 이동
END   2022-01-27 13:00:03 --------------------------


START 2022-01-27 13:10:01 --------------------------
live
총 0 개 데이타 이동
END   2022-01-27 13:10:04 --------------------------


START 2022-01-27 13:20:01 --------------------------
live
총 0 개 데이타 이동
END   2022-01-27 13:20:03 --------------------------


START 2022-01-27 13:30:01 --------------------------
live
총 0 개 데이타 이동
END   2022-01-27 13:30:03 --------------------------


START 2022-01-27 13:40:01 --------------------------
live
총 0 개 데이타 이동
END   2022-01-27 13:40:03 --------------------------


START 2022-01-27 13:50:01 --------------------------
live
총 0 개 데이타 이동
END   2022-01-27 13:50:03 --------------------------


START 2022-01-27 14:00:02 --------------------------
live
총 0 개 데이타 이동
END   2022-01-27 14:00:03 --------------------------


START 2022-01-27 14:10:01 --------------------------
live
총 2 개 데이타 이동
데이타 이동 시작 *****
3047487 01024568888 -- 3047488 01088944740 -- 
END   2022-01-27 14:10:06 --------------------------


START 2022-01-27 14:20:01 --------------------------
live
총 0 개 데이타 이동
END   2022-01-27 14:20:03 --------------------------


START 2022-01-27 14:30:01 --------------------------
live
총 0 개 데이타 이동
END   2022-01-27 14:30:03 --------------------------


START 2022-01-27 14:40:01 --------------------------
live
총 0 개 데이타 이동
END   2022-01-27 14:40:03 --------------------------


START 2022-01-27 14:50:01 --------------------------
live
총 0 개 데이타 이동
END   2022-01-27 14:50:03 --------------------------


START 2022-01-27 15:00:01 --------------------------
live
총 0 개 데이타 이동
END   2022-01-27 15:00:10 --------------------------


START 2022-01-27 15:10:01 --------------------------

Warning: mysqli_connect(): (HY000/2003): Can't connect to MySQL server on '10.22.164.33' (111) in /home/crowdfund/public_html/adm/sms_admin/auto_sms_smtnt.php on line 6

Warning: mysqli_query() expects parameter 1 to be mysqli, boolean given in /home/crowdfund/public_html/adm/sms_admin/auto_sms_smtnt.php on line 7
live

Warning: mysqli_query() expects parameter 1 to be mysqli, boolean given in /home/crowdfund/public_html/adm/sms_admin/auto_sms_smtnt.php on line 22

Warning: mysqli_fetch_array() expects parameter 1 to be mysqli_result, null given in /home/crowdfund/public_html/adm/sms_admin/auto_sms_smtnt.php on line 23
총  개 데이타 이동

Warning: mysqli_close() expects parameter 1 to be mysqli, boolean given in /home/crowdfund/public_html/adm/sms_admin/auto_sms_smtnt.php on line 68
END   2022-01-27 15:10:01 --------------------------


START 2022-01-27 15:20:01 --------------------------
live
총 0 개 데이타 이동
END   2022-01-27 15:20:15 --------------------------


START 2022-01-27 15:30:02 --------------------------

Warning: mysqli_connect(): (HY000/2003): Can't connect to MySQL server on '10.22.164.33' (111) in /home/crowdfund/public_html/adm/sms_admin/auto_sms_smtnt.php on line 6

Warning: mysqli_query() expects parameter 1 to be mysqli, boolean given in /home/crowdfund/public_html/adm/sms_admin/auto_sms_smtnt.php on line 7
live

Warning: mysqli_query() expects parameter 1 to be mysqli, boolean given in /home/crowdfund/public_html/adm/sms_admin/auto_sms_smtnt.php on line 22

Warning: mysqli_fetch_array() expects parameter 1 to be mysqli_result, null given in /home/crowdfund/public_html/adm/sms_admin/auto_sms_smtnt.php on line 23
총  개 데이타 이동

Warning: mysqli_close() expects parameter 1 to be mysqli, boolean given in /home/crowdfund/public_html/adm/sms_admin/auto_sms_smtnt.php on line 68
END   2022-01-27 15:30:02 --------------------------


START 2022-01-27 15:40:02 --------------------------
live
총 0 개 데이타 이동
END   2022-01-27 15:40:14 --------------------------


START 2022-01-27 15:50:02 --------------------------
live
총 0 개 데이타 이동
END   2022-01-27 15:50:04 --------------------------


START 2022-01-27 16:00:02 --------------------------
live
총 0 개 데이타 이동
END   2022-01-27 16:00:04 --------------------------


START 2022-01-27 16:10:01 --------------------------
live
총 0 개 데이타 이동
END   2022-01-27 16:10:05 --------------------------


START 2022-01-27 16:20:02 --------------------------
live
총 0 개 데이타 이동
END   2022-01-27 16:20:04 --------------------------


START 2022-01-27 16:30:02 --------------------------
live
총 0 개 데이타 이동
END   2022-01-27 16:30:04 --------------------------


START 2022-01-27 16:40:02 --------------------------
live
총 0 개 데이타 이동
END   2022-01-27 16:40:04 --------------------------


START 2022-01-27 16:50:02 --------------------------
live
총 0 개 데이타 이동
END   2022-01-27 16:50:04 --------------------------


START 2022-01-27 17:00:02 --------------------------
live
총 0 개 데이타 이동
END   2022-01-27 17:00:04 --------------------------


START 2022-01-27 17:10:02 --------------------------
live
총 0 개 데이타 이동
END   2022-01-27 17:10:04 --------------------------


START 2022-01-27 17:20:02 --------------------------
live
총 0 개 데이타 이동
END   2022-01-27 17:20:04 --------------------------


START 2022-01-27 17:30:02 --------------------------
live
총 0 개 데이타 이동
END   2022-01-27 17:30:03 --------------------------


START 2022-01-27 17:40:02 --------------------------
live
총 0 개 데이타 이동
END   2022-01-27 17:40:04 --------------------------


START 2022-01-27 17:50:02 --------------------------
live
총 0 개 데이타 이동
END   2022-01-27 17:50:04 --------------------------


START 2022-01-27 18:00:02 --------------------------
live
총 0 개 데이타 이동
END   2022-01-27 18:00:04 --------------------------


START 2022-01-27 18:10:01 --------------------------
live
총 0 개 데이타 이동
END   2022-01-27 18:10:03 --------------------------


START 2022-01-27 18:20:01 --------------------------
live
총 0 개 데이타 이동
END   2022-01-27 18:20:03 --------------------------


START 2022-01-27 18:30:01 --------------------------
live
총 0 개 데이타 이동
END   2022-01-27 18:30:03 --------------------------


START 2022-01-27 18:40:01 --------------------------
live
총 0 개 데이타 이동
END   2022-01-27 18:40:03 --------------------------


START 2022-01-27 18:50:01 --------------------------
live
총 0 개 데이타 이동
END   2022-01-27 18:50:03 --------------------------


START 2022-01-27 19:00:01 --------------------------
live
총 0 개 데이타 이동
END   2022-01-27 19:00:03 --------------------------


START 2022-01-27 19:10:01 --------------------------
live
총 0 개 데이타 이동
END   2022-01-27 19:10:03 --------------------------


START 2022-01-27 19:20:01 --------------------------
live
총 0 개 데이타 이동
END   2022-01-27 19:20:03 --------------------------


START 2022-01-27 19:30:01 --------------------------
live
총 0 개 데이타 이동
END   2022-01-27 19:30:03 --------------------------


START 2022-01-27 19:40:01 --------------------------
live
총 0 개 데이타 이동
END   2022-01-27 19:40:03 --------------------------


START 2022-01-27 19:50:02 --------------------------
live
총 0 개 데이타 이동
END   2022-01-27 19:50:04 --------------------------


START 2022-01-27 20:00:02 --------------------------
live
총 0 개 데이타 이동
END   2022-01-27 20:00:04 --------------------------


START 2022-01-27 20:10:02 --------------------------
live
총 0 개 데이타 이동
END   2022-01-27 20:10:04 --------------------------


START 2022-01-27 20:20:01 --------------------------
live
총 0 개 데이타 이동
END   2022-01-27 20:20:03 --------------------------


START 2022-01-27 20:30:01 --------------------------
live
총 0 개 데이타 이동
END   2022-01-27 20:30:03 --------------------------


START 2022-01-27 20:40:01 --------------------------
live
총 0 개 데이타 이동
END   2022-01-27 20:40:03 --------------------------


START 2022-01-27 20:50:01 --------------------------
live
총 0 개 데이타 이동
END   2022-01-27 20:50:03 --------------------------


START 2022-01-27 21:00:01 --------------------------
live
총 0 개 데이타 이동
END   2022-01-27 21:00:03 --------------------------


START 2022-01-27 21:10:01 --------------------------
live
총 0 개 데이타 이동
END   2022-01-27 21:10:03 --------------------------


START 2022-01-27 21:20:01 --------------------------
live
총 0 개 데이타 이동
END   2022-01-27 21:20:03 --------------------------


START 2022-01-27 21:30:01 --------------------------
live
총 0 개 데이타 이동
END   2022-01-27 21:30:03 --------------------------


START 2022-01-27 21:40:02 --------------------------
live
총 0 개 데이타 이동
END   2022-01-27 21:40:04 --------------------------


START 2022-01-27 21:50:02 --------------------------
live
총 0 개 데이타 이동
END   2022-01-27 21:50:04 --------------------------


START 2022-01-27 22:00:01 --------------------------
live
총 0 개 데이타 이동
END   2022-01-27 22:00:04 --------------------------


START 2022-01-27 22:10:01 --------------------------
live
총 0 개 데이타 이동
END   2022-01-27 22:10:03 --------------------------


START 2022-01-27 22:20:01 --------------------------
live
총 0 개 데이타 이동
END   2022-01-27 22:20:03 --------------------------


START 2022-01-27 22:30:01 --------------------------
live
총 0 개 데이타 이동
END   2022-01-27 22:30:03 --------------------------


START 2022-01-27 22:40:01 --------------------------
live
총 0 개 데이타 이동
END   2022-01-27 22:40:03 --------------------------


START 2022-01-27 22:50:01 --------------------------
live
총 0 개 데이타 이동
END   2022-01-27 22:50:03 --------------------------


START 2022-01-27 23:00:01 --------------------------
live
총 0 개 데이타 이동
END   2022-01-27 23:00:03 --------------------------


START 2022-01-27 23:10:01 --------------------------
live
총 0 개 데이타 이동
END   2022-01-27 23:10:03 --------------------------


START 2022-01-27 23:20:01 --------------------------
live
총 0 개 데이타 이동
END   2022-01-27 23:20:03 --------------------------


START 2022-01-27 23:30:01 --------------------------
live
총 0 개 데이타 이동
END   2022-01-27 23:30:03 --------------------------


START 2022-01-27 23:40:02 --------------------------
live
총 0 개 데이타 이동
END   2022-01-27 23:40:04 --------------------------


START 2022-01-27 23:50:01 --------------------------
live
총 0 개 데이타 이동
END   2022-01-27 23:50:03 --------------------------


