START 2022-08-30 00:00:01 --------------------------
live
총 0 개 데이타 이동
END   2022-08-30 00:00:01 --------------------------


START 2022-08-30 00:10:01 --------------------------
live
총 0 개 데이타 이동
END   2022-08-30 00:10:01 --------------------------


START 2022-08-30 00:20:01 --------------------------
live
총 0 개 데이타 이동
END   2022-08-30 00:20:01 --------------------------


START 2022-08-30 00:30:01 --------------------------
live
총 0 개 데이타 이동
END   2022-08-30 00:30:01 --------------------------


START 2022-08-30 00:40:02 --------------------------
live
총 0 개 데이타 이동
END   2022-08-30 00:40:02 --------------------------


START 2022-08-30 00:50:01 --------------------------
live
총 0 개 데이타 이동
END   2022-08-30 00:50:01 --------------------------


START 2022-08-30 01:00:01 --------------------------
live
총 0 개 데이타 이동
END   2022-08-30 01:00:01 --------------------------


START 2022-08-30 01:10:01 --------------------------
live
총 0 개 데이타 이동
END   2022-08-30 01:10:01 --------------------------


START 2022-08-30 01:20:04 --------------------------
live
총 0 개 데이타 이동
END   2022-08-30 01:20:04 --------------------------


START 2022-08-30 01:30:01 --------------------------
live
총 0 개 데이타 이동
END   2022-08-30 01:30:01 --------------------------


START 2022-08-30 01:40:01 --------------------------
live
총 0 개 데이타 이동
END   2022-08-30 01:40:01 --------------------------


START 2022-08-30 01:50:02 --------------------------
live
총 0 개 데이타 이동
END   2022-08-30 01:50:02 --------------------------


START 2022-08-30 02:00:01 --------------------------
live
총 0 개 데이타 이동
END   2022-08-30 02:00:01 --------------------------


START 2022-08-30 02:10:01 --------------------------
live
총 0 개 데이타 이동
END   2022-08-30 02:10:01 --------------------------


START 2022-08-30 02:20:01 --------------------------
live
총 0 개 데이타 이동
END   2022-08-30 02:20:01 --------------------------


START 2022-08-30 02:30:01 --------------------------
live
총 0 개 데이타 이동
END   2022-08-30 02:30:01 --------------------------


START 2022-08-30 02:40:01 --------------------------
live
총 0 개 데이타 이동
END   2022-08-30 02:40:01 --------------------------


START 2022-08-30 02:50:01 --------------------------
live
총 0 개 데이타 이동
END   2022-08-30 02:50:01 --------------------------


START 2022-08-30 03:00:01 --------------------------
live
총 0 개 데이타 이동
END   2022-08-30 03:00:01 --------------------------


START 2022-08-30 03:10:02 --------------------------
live
총 0 개 데이타 이동
END   2022-08-30 03:10:02 --------------------------


START 2022-08-30 03:20:01 --------------------------
live
총 0 개 데이타 이동
END   2022-08-30 03:20:01 --------------------------


START 2022-08-30 03:30:01 --------------------------
live
총 0 개 데이타 이동
END   2022-08-30 03:30:01 --------------------------


START 2022-08-30 03:40:01 --------------------------
live
총 0 개 데이타 이동
END   2022-08-30 03:40:01 --------------------------


START 2022-08-30 03:50:01 --------------------------
live
총 0 개 데이타 이동
END   2022-08-30 03:50:01 --------------------------


START 2022-08-30 04:00:01 --------------------------
live
총 0 개 데이타 이동
END   2022-08-30 04:00:01 --------------------------


START 2022-08-30 04:10:01 --------------------------
live
총 0 개 데이타 이동
END   2022-08-30 04:10:01 --------------------------


START 2022-08-30 04:20:02 --------------------------
live
총 0 개 데이타 이동
END   2022-08-30 04:20:02 --------------------------


START 2022-08-30 04:30:01 --------------------------
live
총 0 개 데이타 이동
END   2022-08-30 04:30:01 --------------------------


START 2022-08-30 04:40:01 --------------------------
live
총 0 개 데이타 이동
END   2022-08-30 04:40:01 --------------------------


START 2022-08-30 04:50:01 --------------------------
live
총 0 개 데이타 이동
END   2022-08-30 04:50:01 --------------------------


START 2022-08-30 05:00:01 --------------------------
live
총 0 개 데이타 이동
END   2022-08-30 05:00:01 --------------------------


START 2022-08-30 05:10:01 --------------------------
live
총 0 개 데이타 이동
END   2022-08-30 05:10:01 --------------------------


START 2022-08-30 05:20:01 --------------------------
live
총 0 개 데이타 이동
END   2022-08-30 05:20:01 --------------------------


START 2022-08-30 05:30:01 --------------------------
live
총 0 개 데이타 이동
END   2022-08-30 05:30:01 --------------------------


START 2022-08-30 05:40:01 --------------------------
live
총 0 개 데이타 이동
END   2022-08-30 05:40:01 --------------------------


START 2022-08-30 05:50:01 --------------------------
live
총 0 개 데이타 이동
END   2022-08-30 05:50:01 --------------------------


START 2022-08-30 06:00:01 --------------------------
live
총 0 개 데이타 이동
END   2022-08-30 06:00:01 --------------------------


START 2022-08-30 06:10:01 --------------------------
live
총 0 개 데이타 이동
END   2022-08-30 06:10:01 --------------------------


START 2022-08-30 06:20:01 --------------------------
live
총 0 개 데이타 이동
END   2022-08-30 06:20:01 --------------------------


START 2022-08-30 06:30:01 --------------------------
live
총 0 개 데이타 이동
END   2022-08-30 06:30:01 --------------------------


START 2022-08-30 06:40:01 --------------------------
live
총 0 개 데이타 이동
END   2022-08-30 06:40:01 --------------------------


START 2022-08-30 06:50:01 --------------------------
live
총 0 개 데이타 이동
END   2022-08-30 06:50:01 --------------------------


START 2022-08-30 07:00:01 --------------------------
live
총 0 개 데이타 이동
END   2022-08-30 07:00:01 --------------------------


START 2022-08-30 07:10:01 --------------------------
live
총 0 개 데이타 이동
END   2022-08-30 07:10:01 --------------------------


START 2022-08-30 07:20:01 --------------------------
live
총 0 개 데이타 이동
END   2022-08-30 07:20:01 --------------------------


START 2022-08-30 07:30:01 --------------------------
live
총 0 개 데이타 이동
END   2022-08-30 07:30:01 --------------------------


START 2022-08-30 07:40:01 --------------------------
live
총 0 개 데이타 이동
END   2022-08-30 07:40:01 --------------------------


START 2022-08-30 07:50:01 --------------------------
live
총 0 개 데이타 이동
END   2022-08-30 07:50:01 --------------------------


START 2022-08-30 08:00:01 --------------------------
live
총 0 개 데이타 이동
END   2022-08-30 08:00:01 --------------------------


START 2022-08-30 08:10:01 --------------------------
live
총 0 개 데이타 이동
END   2022-08-30 08:10:01 --------------------------


START 2022-08-30 08:20:01 --------------------------
live
총 0 개 데이타 이동
END   2022-08-30 08:20:01 --------------------------


START 2022-08-30 08:30:01 --------------------------
live
총 0 개 데이타 이동
END   2022-08-30 08:30:01 --------------------------


START 2022-08-30 08:40:01 --------------------------
live
총 0 개 데이타 이동
END   2022-08-30 08:40:01 --------------------------


START 2022-08-30 08:50:01 --------------------------
live
총 0 개 데이타 이동
END   2022-08-30 08:50:01 --------------------------


START 2022-08-30 09:00:01 --------------------------
live
총 0 개 데이타 이동
END   2022-08-30 09:00:01 --------------------------


START 2022-08-30 09:10:01 --------------------------
live
총 0 개 데이타 이동
END   2022-08-30 09:10:01 --------------------------


START 2022-08-30 09:20:02 --------------------------
live
총 0 개 데이타 이동
END   2022-08-30 09:20:02 --------------------------


START 2022-08-30 09:30:01 --------------------------
live
총 0 개 데이타 이동
END   2022-08-30 09:30:01 --------------------------


START 2022-08-30 09:40:01 --------------------------
live
총 0 개 데이타 이동
END   2022-08-30 09:40:01 --------------------------


START 2022-08-30 09:50:01 --------------------------
live
총 0 개 데이타 이동
END   2022-08-30 09:50:01 --------------------------


START 2022-08-30 10:00:01 --------------------------
live
총 0 개 데이타 이동
END   2022-08-30 10:00:01 --------------------------


START 2022-08-30 10:10:01 --------------------------
live
총 0 개 데이타 이동
END   2022-08-30 10:10:01 --------------------------


START 2022-08-30 10:20:01 --------------------------
live
총 0 개 데이타 이동
END   2022-08-30 10:20:01 --------------------------


START 2022-08-30 10:30:01 --------------------------
live
총 0 개 데이타 이동
END   2022-08-30 10:30:01 --------------------------


START 2022-08-30 10:40:01 --------------------------
live
총 0 개 데이타 이동
END   2022-08-30 10:40:01 --------------------------


START 2022-08-30 10:50:01 --------------------------
live
총 0 개 데이타 이동
END   2022-08-30 10:50:01 --------------------------


START 2022-08-30 11:00:01 --------------------------
live
총 0 개 데이타 이동
END   2022-08-30 11:00:01 --------------------------


START 2022-08-30 11:10:01 --------------------------
live
총 0 개 데이타 이동
END   2022-08-30 11:10:01 --------------------------


START 2022-08-30 11:20:01 --------------------------
live
총 0 개 데이타 이동
END   2022-08-30 11:20:01 --------------------------


START 2022-08-30 11:30:02 --------------------------
live
총 0 개 데이타 이동
END   2022-08-30 11:30:02 --------------------------


START 2022-08-30 11:40:01 --------------------------
live
총 0 개 데이타 이동
END   2022-08-30 11:40:01 --------------------------


START 2022-08-30 11:50:01 --------------------------
live
총 0 개 데이타 이동
END   2022-08-30 11:50:01 --------------------------


START 2022-08-30 12:00:01 --------------------------
live
총 0 개 데이타 이동
END   2022-08-30 12:00:01 --------------------------


START 2022-08-30 12:10:01 --------------------------
live
총 4 개 데이타 이동
데이타 이동 시작 *****
3109734 01024568888 -- 3109735 01088944740 -- 3109736 01067241409 -- 3109737 01086246176 -- 
END   2022-08-30 12:10:01 --------------------------


START 2022-08-30 12:20:01 --------------------------
live
총 0 개 데이타 이동
END   2022-08-30 12:20:01 --------------------------


START 2022-08-30 12:30:01 --------------------------
live
총 0 개 데이타 이동
END   2022-08-30 12:30:01 --------------------------


START 2022-08-30 12:40:01 --------------------------
live
총 0 개 데이타 이동
END   2022-08-30 12:40:01 --------------------------


START 2022-08-30 12:50:02 --------------------------
live
총 0 개 데이타 이동
END   2022-08-30 12:50:02 --------------------------


START 2022-08-30 13:00:01 --------------------------
live
총 0 개 데이타 이동
END   2022-08-30 13:00:01 --------------------------


START 2022-08-30 13:10:01 --------------------------
live
총 0 개 데이타 이동
END   2022-08-30 13:10:01 --------------------------


START 2022-08-30 13:20:01 --------------------------
live
총 4 개 데이타 이동
데이타 이동 시작 *****
3109738 01024568888 -- 3109739 01088944740 -- 3109740 01067241409 -- 3109741 01086246176 -- 
END   2022-08-30 13:20:01 --------------------------


START 2022-08-30 13:30:01 --------------------------
live
총 0 개 데이타 이동
END   2022-08-30 13:30:01 --------------------------


START 2022-08-30 13:40:01 --------------------------
live
총 0 개 데이타 이동
END   2022-08-30 13:40:01 --------------------------


START 2022-08-30 13:50:01 --------------------------
live
총 0 개 데이타 이동
END   2022-08-30 13:50:01 --------------------------


START 2022-08-30 14:00:01 --------------------------
live
총 0 개 데이타 이동
END   2022-08-30 14:00:01 --------------------------


START 2022-08-30 14:10:01 --------------------------
live
총 0 개 데이타 이동
END   2022-08-30 14:10:01 --------------------------


START 2022-08-30 14:20:01 --------------------------
live
총 0 개 데이타 이동
END   2022-08-30 14:20:01 --------------------------


START 2022-08-30 14:30:01 --------------------------
live
총 0 개 데이타 이동
END   2022-08-30 14:30:01 --------------------------


START 2022-08-30 14:40:01 --------------------------
live
총 0 개 데이타 이동
END   2022-08-30 14:40:01 --------------------------


START 2022-08-30 14:50:01 --------------------------
live
총 0 개 데이타 이동
END   2022-08-30 14:50:01 --------------------------


START 2022-08-30 15:00:01 --------------------------
live
총 0 개 데이타 이동
END   2022-08-30 15:00:01 --------------------------


START 2022-08-30 15:10:01 --------------------------
live
총 0 개 데이타 이동
END   2022-08-30 15:10:01 --------------------------


START 2022-08-30 15:20:01 --------------------------
live
총 0 개 데이타 이동
END   2022-08-30 15:20:01 --------------------------


START 2022-08-30 15:30:01 --------------------------
live
총 0 개 데이타 이동
END   2022-08-30 15:30:01 --------------------------


START 2022-08-30 15:40:02 --------------------------
live
총 0 개 데이타 이동
END   2022-08-30 15:40:02 --------------------------


START 2022-08-30 15:50:01 --------------------------
live
총 0 개 데이타 이동
END   2022-08-30 15:50:01 --------------------------


START 2022-08-30 16:00:01 --------------------------
live
총 0 개 데이타 이동
END   2022-08-30 16:00:01 --------------------------


START 2022-08-30 16:10:01 --------------------------
live
총 0 개 데이타 이동
END   2022-08-30 16:10:01 --------------------------


START 2022-08-30 16:20:01 --------------------------
live
총 0 개 데이타 이동
END   2022-08-30 16:20:01 --------------------------


START 2022-08-30 16:30:01 --------------------------
live
총 0 개 데이타 이동
END   2022-08-30 16:30:01 --------------------------


START 2022-08-30 16:40:01 --------------------------
live
총 0 개 데이타 이동
END   2022-08-30 16:40:01 --------------------------


START 2022-08-30 16:50:01 --------------------------
live
총 0 개 데이타 이동
END   2022-08-30 16:50:01 --------------------------


START 2022-08-30 17:00:01 --------------------------
live
총 0 개 데이타 이동
END   2022-08-30 17:00:01 --------------------------


START 2022-08-30 17:10:02 --------------------------
live
총 0 개 데이타 이동
END   2022-08-30 17:10:02 --------------------------


START 2022-08-30 17:20:01 --------------------------
live
총 0 개 데이타 이동
END   2022-08-30 17:20:01 --------------------------


START 2022-08-30 17:30:01 --------------------------
live
총 0 개 데이타 이동
END   2022-08-30 17:30:01 --------------------------


START 2022-08-30 17:40:01 --------------------------
live
총 0 개 데이타 이동
END   2022-08-30 17:40:01 --------------------------


START 2022-08-30 17:50:01 --------------------------
live
총 0 개 데이타 이동
END   2022-08-30 17:50:02 --------------------------


START 2022-08-30 18:00:01 --------------------------
live
총 0 개 데이타 이동
END   2022-08-30 18:00:01 --------------------------


START 2022-08-30 18:10:01 --------------------------
live
총 0 개 데이타 이동
END   2022-08-30 18:10:01 --------------------------


START 2022-08-30 18:20:01 --------------------------
live
총 0 개 데이타 이동
END   2022-08-30 18:20:01 --------------------------


START 2022-08-30 18:30:01 --------------------------
live
총 0 개 데이타 이동
END   2022-08-30 18:30:02 --------------------------


START 2022-08-30 18:40:01 --------------------------
live
총 0 개 데이타 이동
END   2022-08-30 18:40:01 --------------------------


START 2022-08-30 18:50:01 --------------------------
live
총 0 개 데이타 이동
END   2022-08-30 18:50:01 --------------------------


START 2022-08-30 19:00:01 --------------------------
live
총 0 개 데이타 이동
END   2022-08-30 19:00:01 --------------------------


START 2022-08-30 19:10:01 --------------------------
live
총 0 개 데이타 이동
END   2022-08-30 19:10:01 --------------------------


START 2022-08-30 19:20:01 --------------------------
live
총 0 개 데이타 이동
END   2022-08-30 19:20:01 --------------------------


START 2022-08-30 19:30:01 --------------------------
live
총 0 개 데이타 이동
END   2022-08-30 19:30:01 --------------------------


START 2022-08-30 19:40:01 --------------------------
live
총 0 개 데이타 이동
END   2022-08-30 19:40:01 --------------------------


START 2022-08-30 19:50:01 --------------------------
live
총 0 개 데이타 이동
END   2022-08-30 19:50:01 --------------------------


START 2022-08-30 20:00:01 --------------------------
live
총 0 개 데이타 이동
END   2022-08-30 20:00:01 --------------------------


START 2022-08-30 20:10:01 --------------------------
live
총 0 개 데이타 이동
END   2022-08-30 20:10:01 --------------------------


START 2022-08-30 20:20:01 --------------------------
live
총 0 개 데이타 이동
END   2022-08-30 20:20:01 --------------------------


START 2022-08-30 20:30:01 --------------------------
live
총 0 개 데이타 이동
END   2022-08-30 20:30:01 --------------------------


START 2022-08-30 20:40:01 --------------------------
live
총 0 개 데이타 이동
END   2022-08-30 20:40:02 --------------------------


START 2022-08-30 20:50:01 --------------------------
live
총 0 개 데이타 이동
END   2022-08-30 20:50:01 --------------------------


START 2022-08-30 21:00:01 --------------------------
live
총 0 개 데이타 이동
END   2022-08-30 21:00:01 --------------------------


START 2022-08-30 21:10:02 --------------------------
live
총 0 개 데이타 이동
END   2022-08-30 21:10:02 --------------------------


START 2022-08-30 21:20:01 --------------------------
live
총 0 개 데이타 이동
END   2022-08-30 21:20:01 --------------------------


START 2022-08-30 21:30:01 --------------------------
live
총 0 개 데이타 이동
END   2022-08-30 21:30:01 --------------------------


START 2022-08-30 21:40:01 --------------------------
live
총 0 개 데이타 이동
END   2022-08-30 21:40:01 --------------------------


START 2022-08-30 21:50:01 --------------------------
live
총 0 개 데이타 이동
END   2022-08-30 21:50:01 --------------------------


START 2022-08-30 22:00:01 --------------------------
live
총 0 개 데이타 이동
END   2022-08-30 22:00:01 --------------------------


START 2022-08-30 22:10:02 --------------------------
live
총 0 개 데이타 이동
END   2022-08-30 22:10:02 --------------------------


START 2022-08-30 22:20:01 --------------------------
live
총 0 개 데이타 이동
END   2022-08-30 22:20:01 --------------------------


START 2022-08-30 22:30:01 --------------------------
live
총 0 개 데이타 이동
END   2022-08-30 22:30:01 --------------------------


START 2022-08-30 22:40:01 --------------------------
live
총 0 개 데이타 이동
END   2022-08-30 22:40:01 --------------------------


START 2022-08-30 22:50:01 --------------------------
live
총 0 개 데이타 이동
END   2022-08-30 22:50:01 --------------------------


START 2022-08-30 23:00:02 --------------------------
live
총 0 개 데이타 이동
END   2022-08-30 23:00:02 --------------------------


START 2022-08-30 23:10:01 --------------------------
live
총 0 개 데이타 이동
END   2022-08-30 23:10:01 --------------------------


START 2022-08-30 23:20:01 --------------------------
live
총 0 개 데이타 이동
END   2022-08-30 23:20:01 --------------------------


START 2022-08-30 23:30:01 --------------------------
live
총 0 개 데이타 이동
END   2022-08-30 23:30:01 --------------------------


START 2022-08-30 23:40:01 --------------------------
live
총 0 개 데이타 이동
END   2022-08-30 23:40:01 --------------------------


START 2022-08-30 23:50:01 --------------------------
live
총 0 개 데이타 이동
END   2022-08-30 23:50:01 --------------------------


