START 2022-04-25 00:00:01 --------------------------
live
총 0 개 데이타 이동
END   2022-04-25 00:00:01 --------------------------


START 2022-04-25 00:10:02 --------------------------
live
총 0 개 데이타 이동
END   2022-04-25 00:10:02 --------------------------


START 2022-04-25 00:20:01 --------------------------
live
총 0 개 데이타 이동
END   2022-04-25 00:20:01 --------------------------


START 2022-04-25 00:30:01 --------------------------
live
총 0 개 데이타 이동
END   2022-04-25 00:30:01 --------------------------


START 2022-04-25 00:40:01 --------------------------
live
총 0 개 데이타 이동
END   2022-04-25 00:40:01 --------------------------


START 2022-04-25 00:50:02 --------------------------
live
총 0 개 데이타 이동
END   2022-04-25 00:50:02 --------------------------


START 2022-04-25 01:00:01 --------------------------
live
총 0 개 데이타 이동
END   2022-04-25 01:00:01 --------------------------


START 2022-04-25 01:10:01 --------------------------
live
총 0 개 데이타 이동
END   2022-04-25 01:10:01 --------------------------


START 2022-04-25 01:20:01 --------------------------
live
총 0 개 데이타 이동
END   2022-04-25 01:20:01 --------------------------


START 2022-04-25 01:30:02 --------------------------
live
총 0 개 데이타 이동
END   2022-04-25 01:30:02 --------------------------


START 2022-04-25 01:40:02 --------------------------
live
총 0 개 데이타 이동
END   2022-04-25 01:40:02 --------------------------


START 2022-04-25 01:50:01 --------------------------
live
총 0 개 데이타 이동
END   2022-04-25 01:50:01 --------------------------


START 2022-04-25 02:00:01 --------------------------
live
총 0 개 데이타 이동
END   2022-04-25 02:00:01 --------------------------


START 2022-04-25 02:10:01 --------------------------
live
총 0 개 데이타 이동
END   2022-04-25 02:10:01 --------------------------


START 2022-04-25 02:20:02 --------------------------
live
총 0 개 데이타 이동
END   2022-04-25 02:20:02 --------------------------


START 2022-04-25 02:30:02 --------------------------
live
총 0 개 데이타 이동
END   2022-04-25 02:30:02 --------------------------


START 2022-04-25 02:40:01 --------------------------
live
총 0 개 데이타 이동
END   2022-04-25 02:40:01 --------------------------


START 2022-04-25 02:50:01 --------------------------
live
총 0 개 데이타 이동
END   2022-04-25 02:50:01 --------------------------


START 2022-04-25 03:00:01 --------------------------
live
총 0 개 데이타 이동
END   2022-04-25 03:00:01 --------------------------


START 2022-04-25 03:10:01 --------------------------
live
총 0 개 데이타 이동
END   2022-04-25 03:10:01 --------------------------


START 2022-04-25 03:20:02 --------------------------
live
총 0 개 데이타 이동
END   2022-04-25 03:20:02 --------------------------


START 2022-04-25 03:30:01 --------------------------
live
총 0 개 데이타 이동
END   2022-04-25 03:30:01 --------------------------


START 2022-04-25 03:40:02 --------------------------
live
총 0 개 데이타 이동
END   2022-04-25 03:40:02 --------------------------


START 2022-04-25 03:50:02 --------------------------
live
총 0 개 데이타 이동
END   2022-04-25 03:50:02 --------------------------


START 2022-04-25 04:00:01 --------------------------
live
총 0 개 데이타 이동
END   2022-04-25 04:00:01 --------------------------


START 2022-04-25 04:10:01 --------------------------
live
총 0 개 데이타 이동
END   2022-04-25 04:10:01 --------------------------


START 2022-04-25 04:20:01 --------------------------
live
총 0 개 데이타 이동
END   2022-04-25 04:20:01 --------------------------


START 2022-04-25 04:30:01 --------------------------
live
총 0 개 데이타 이동
END   2022-04-25 04:30:01 --------------------------


START 2022-04-25 04:40:02 --------------------------
live
총 0 개 데이타 이동
END   2022-04-25 04:40:02 --------------------------


START 2022-04-25 04:50:02 --------------------------
live
총 0 개 데이타 이동
END   2022-04-25 04:50:02 --------------------------


START 2022-04-25 05:00:01 --------------------------
live
총 0 개 데이타 이동
END   2022-04-25 05:00:01 --------------------------


START 2022-04-25 05:10:01 --------------------------
live
총 0 개 데이타 이동
END   2022-04-25 05:10:01 --------------------------


START 2022-04-25 05:20:01 --------------------------
live
총 0 개 데이타 이동
END   2022-04-25 05:20:01 --------------------------


START 2022-04-25 05:30:01 --------------------------
live
총 0 개 데이타 이동
END   2022-04-25 05:30:01 --------------------------


START 2022-04-25 05:40:02 --------------------------
live
총 0 개 데이타 이동
END   2022-04-25 05:40:02 --------------------------


START 2022-04-25 05:50:01 --------------------------
live
총 0 개 데이타 이동
END   2022-04-25 05:50:01 --------------------------


START 2022-04-25 06:00:01 --------------------------
live
총 0 개 데이타 이동
END   2022-04-25 06:00:01 --------------------------


START 2022-04-25 06:10:01 --------------------------
live
총 0 개 데이타 이동
END   2022-04-25 06:10:01 --------------------------


START 2022-04-25 06:20:01 --------------------------
live
총 0 개 데이타 이동
END   2022-04-25 06:20:01 --------------------------


START 2022-04-25 06:30:01 --------------------------
live
총 0 개 데이타 이동
END   2022-04-25 06:30:01 --------------------------


START 2022-04-25 06:40:01 --------------------------
live
총 0 개 데이타 이동
END   2022-04-25 06:40:01 --------------------------


START 2022-04-25 06:50:02 --------------------------
live
총 0 개 데이타 이동
END   2022-04-25 06:50:02 --------------------------


START 2022-04-25 07:00:02 --------------------------
live
총 0 개 데이타 이동
END   2022-04-25 07:00:02 --------------------------


START 2022-04-25 07:10:01 --------------------------
live
총 0 개 데이타 이동
END   2022-04-25 07:10:01 --------------------------


START 2022-04-25 07:20:01 --------------------------
live
총 0 개 데이타 이동
END   2022-04-25 07:20:01 --------------------------


START 2022-04-25 07:30:01 --------------------------
live
총 0 개 데이타 이동
END   2022-04-25 07:30:01 --------------------------


START 2022-04-25 07:40:01 --------------------------
live
총 0 개 데이타 이동
END   2022-04-25 07:40:01 --------------------------


START 2022-04-25 07:50:02 --------------------------
live
총 0 개 데이타 이동
END   2022-04-25 07:50:02 --------------------------


START 2022-04-25 08:00:02 --------------------------
live
총 0 개 데이타 이동
END   2022-04-25 08:00:02 --------------------------


START 2022-04-25 08:10:01 --------------------------
live
총 0 개 데이타 이동
END   2022-04-25 08:10:01 --------------------------


START 2022-04-25 08:20:01 --------------------------
live
총 0 개 데이타 이동
END   2022-04-25 08:20:01 --------------------------


START 2022-04-25 08:30:01 --------------------------
live
총 0 개 데이타 이동
END   2022-04-25 08:30:01 --------------------------


START 2022-04-25 08:40:02 --------------------------
live
총 0 개 데이타 이동
END   2022-04-25 08:40:02 --------------------------


START 2022-04-25 08:50:01 --------------------------
live
총 0 개 데이타 이동
END   2022-04-25 08:50:01 --------------------------


START 2022-04-25 09:00:02 --------------------------
live
총 0 개 데이타 이동
END   2022-04-25 09:00:02 --------------------------


START 2022-04-25 09:10:01 --------------------------
live
총 0 개 데이타 이동
END   2022-04-25 09:10:01 --------------------------


START 2022-04-25 09:20:01 --------------------------
live
총 0 개 데이타 이동
END   2022-04-25 09:20:02 --------------------------


START 2022-04-25 09:30:02 --------------------------
live
총 0 개 데이타 이동
END   2022-04-25 09:30:02 --------------------------


START 2022-04-25 09:40:01 --------------------------
live
총 0 개 데이타 이동
END   2022-04-25 09:40:01 --------------------------


START 2022-04-25 09:50:01 --------------------------
live
총 0 개 데이타 이동
END   2022-04-25 09:50:01 --------------------------


START 2022-04-25 10:00:01 --------------------------
live
총 0 개 데이타 이동
END   2022-04-25 10:00:01 --------------------------


START 2022-04-25 10:10:01 --------------------------
live
총 0 개 데이타 이동
END   2022-04-25 10:10:01 --------------------------


START 2022-04-25 10:20:01 --------------------------
live
총 0 개 데이타 이동
END   2022-04-25 10:20:01 --------------------------


START 2022-04-25 10:30:02 --------------------------
live
총 0 개 데이타 이동
END   2022-04-25 10:30:02 --------------------------


START 2022-04-25 10:40:02 --------------------------
live
총 0 개 데이타 이동
END   2022-04-25 10:40:02 --------------------------


START 2022-04-25 10:50:01 --------------------------
live
총 0 개 데이타 이동
END   2022-04-25 10:50:01 --------------------------


START 2022-04-25 11:00:01 --------------------------
live
총 0 개 데이타 이동
END   2022-04-25 11:00:01 --------------------------


START 2022-04-25 11:10:02 --------------------------
live
총 0 개 데이타 이동
END   2022-04-25 11:10:02 --------------------------


START 2022-04-25 11:20:01 --------------------------
live
총 0 개 데이타 이동
END   2022-04-25 11:20:01 --------------------------


START 2022-04-25 11:30:01 --------------------------
live
총 0 개 데이타 이동
END   2022-04-25 11:30:01 --------------------------


START 2022-04-25 11:40:01 --------------------------
live
총 2 개 데이타 이동
데이타 이동 시작 *****
3105455 01024568888 -- 3105456 01088944740 -- 
END   2022-04-25 11:40:02 --------------------------


START 2022-04-25 11:50:02 --------------------------
live
총 0 개 데이타 이동
END   2022-04-25 11:50:02 --------------------------


START 2022-04-25 12:00:01 --------------------------
live
총 0 개 데이타 이동
END   2022-04-25 12:00:01 --------------------------


START 2022-04-25 12:10:02 --------------------------
live
총 0 개 데이타 이동
END   2022-04-25 12:10:02 --------------------------


START 2022-04-25 12:20:02 --------------------------
live
총 0 개 데이타 이동
END   2022-04-25 12:20:02 --------------------------


START 2022-04-25 12:30:01 --------------------------
live
총 0 개 데이타 이동
END   2022-04-25 12:30:01 --------------------------


START 2022-04-25 12:40:01 --------------------------
live
총 0 개 데이타 이동
END   2022-04-25 12:40:01 --------------------------


START 2022-04-25 12:50:01 --------------------------
live
총 0 개 데이타 이동
END   2022-04-25 12:50:01 --------------------------


START 2022-04-25 13:00:01 --------------------------
live
총 0 개 데이타 이동
END   2022-04-25 13:00:01 --------------------------


START 2022-04-25 13:10:01 --------------------------
live
총 0 개 데이타 이동
END   2022-04-25 13:10:01 --------------------------


START 2022-04-25 13:20:01 --------------------------
live
총 0 개 데이타 이동
END   2022-04-25 13:20:01 --------------------------


START 2022-04-25 13:30:01 --------------------------
live
총 0 개 데이타 이동
END   2022-04-25 13:30:01 --------------------------


START 2022-04-25 13:40:01 --------------------------
live
총 0 개 데이타 이동
END   2022-04-25 13:40:01 --------------------------


START 2022-04-25 13:50:02 --------------------------
live
총 0 개 데이타 이동
END   2022-04-25 13:50:02 --------------------------


START 2022-04-25 14:00:01 --------------------------
live
총 0 개 데이타 이동
END   2022-04-25 14:00:01 --------------------------


START 2022-04-25 14:10:01 --------------------------
live
총 0 개 데이타 이동
END   2022-04-25 14:10:01 --------------------------


START 2022-04-25 14:20:01 --------------------------
live
총 0 개 데이타 이동
END   2022-04-25 14:20:01 --------------------------


START 2022-04-25 14:30:02 --------------------------
live
총 0 개 데이타 이동
END   2022-04-25 14:30:02 --------------------------


START 2022-04-25 14:40:02 --------------------------
live
총 0 개 데이타 이동
END   2022-04-25 14:40:02 --------------------------


START 2022-04-25 14:50:01 --------------------------
live
총 0 개 데이타 이동
END   2022-04-25 14:50:02 --------------------------


START 2022-04-25 15:00:02 --------------------------
live
총 0 개 데이타 이동
END   2022-04-25 15:00:02 --------------------------


START 2022-04-25 15:10:01 --------------------------
live
총 0 개 데이타 이동
END   2022-04-25 15:10:01 --------------------------


START 2022-04-25 15:20:01 --------------------------
live
총 0 개 데이타 이동
END   2022-04-25 15:20:01 --------------------------


START 2022-04-25 15:30:02 --------------------------
live
총 0 개 데이타 이동
END   2022-04-25 15:30:02 --------------------------


START 2022-04-25 15:40:02 --------------------------
live
총 0 개 데이타 이동
END   2022-04-25 15:40:02 --------------------------


START 2022-04-25 15:50:01 --------------------------
live
총 0 개 데이타 이동
END   2022-04-25 15:50:01 --------------------------


START 2022-04-25 16:00:02 --------------------------
live
총 0 개 데이타 이동
END   2022-04-25 16:00:02 --------------------------


START 2022-04-25 16:10:02 --------------------------
live
총 0 개 데이타 이동
END   2022-04-25 16:10:02 --------------------------


START 2022-04-25 16:20:01 --------------------------
live
총 0 개 데이타 이동
END   2022-04-25 16:20:01 --------------------------


START 2022-04-25 16:30:02 --------------------------
live
총 0 개 데이타 이동
END   2022-04-25 16:30:02 --------------------------


START 2022-04-25 16:40:02 --------------------------
live
총 0 개 데이타 이동
END   2022-04-25 16:40:02 --------------------------


START 2022-04-25 16:50:01 --------------------------
live
총 0 개 데이타 이동
END   2022-04-25 16:50:01 --------------------------


START 2022-04-25 17:00:01 --------------------------
live
총 0 개 데이타 이동
END   2022-04-25 17:00:02 --------------------------


START 2022-04-25 17:10:01 --------------------------
live
총 0 개 데이타 이동
END   2022-04-25 17:10:01 --------------------------


START 2022-04-25 17:20:02 --------------------------
live
총 0 개 데이타 이동
END   2022-04-25 17:20:02 --------------------------


START 2022-04-25 17:30:02 --------------------------
live
총 0 개 데이타 이동
END   2022-04-25 17:30:02 --------------------------


START 2022-04-25 17:40:01 --------------------------
live
총 0 개 데이타 이동
END   2022-04-25 17:40:01 --------------------------


START 2022-04-25 17:50:01 --------------------------
live
2 개의 삭제대상 레코드 발견
delete from cf_Msg_Tran where moved='Y' and Send_Time < now() - interval 30 DAY
2 개 삭제

총 0 개 데이타 이동
END   2022-04-25 17:50:01 --------------------------


START 2022-04-25 18:00:02 --------------------------
live
총 0 개 데이타 이동
END   2022-04-25 18:00:02 --------------------------


START 2022-04-25 18:10:02 --------------------------
live
총 0 개 데이타 이동
END   2022-04-25 18:10:02 --------------------------


START 2022-04-25 18:20:01 --------------------------
live
총 0 개 데이타 이동
END   2022-04-25 18:20:01 --------------------------


START 2022-04-25 18:30:01 --------------------------
live
총 0 개 데이타 이동
END   2022-04-25 18:30:01 --------------------------


START 2022-04-25 18:40:01 --------------------------
live
총 0 개 데이타 이동
END   2022-04-25 18:40:01 --------------------------


START 2022-04-25 18:50:02 --------------------------
live
총 0 개 데이타 이동
END   2022-04-25 18:50:02 --------------------------


START 2022-04-25 19:00:01 --------------------------
live
총 0 개 데이타 이동
END   2022-04-25 19:00:01 --------------------------


START 2022-04-25 19:10:01 --------------------------
live
총 0 개 데이타 이동
END   2022-04-25 19:10:02 --------------------------


START 2022-04-25 19:20:01 --------------------------
live
총 0 개 데이타 이동
END   2022-04-25 19:20:01 --------------------------


START 2022-04-25 19:30:01 --------------------------
live
총 0 개 데이타 이동
END   2022-04-25 19:30:01 --------------------------


START 2022-04-25 19:40:01 --------------------------
live
총 0 개 데이타 이동
END   2022-04-25 19:40:01 --------------------------


START 2022-04-25 19:50:01 --------------------------
live
총 0 개 데이타 이동
END   2022-04-25 19:50:01 --------------------------


START 2022-04-25 20:00:01 --------------------------
live
총 0 개 데이타 이동
END   2022-04-25 20:00:01 --------------------------


START 2022-04-25 20:10:02 --------------------------
live
총 0 개 데이타 이동
END   2022-04-25 20:10:02 --------------------------


START 2022-04-25 20:20:01 --------------------------
live
총 0 개 데이타 이동
END   2022-04-25 20:20:01 --------------------------


START 2022-04-25 20:30:01 --------------------------
live
총 0 개 데이타 이동
END   2022-04-25 20:30:01 --------------------------


START 2022-04-25 20:40:02 --------------------------
live
총 0 개 데이타 이동
END   2022-04-25 20:40:02 --------------------------


START 2022-04-25 20:50:01 --------------------------
live
총 0 개 데이타 이동
END   2022-04-25 20:50:01 --------------------------


START 2022-04-25 21:00:01 --------------------------
live
총 0 개 데이타 이동
END   2022-04-25 21:00:01 --------------------------


START 2022-04-25 21:10:01 --------------------------
live
총 0 개 데이타 이동
END   2022-04-25 21:10:01 --------------------------


START 2022-04-25 21:20:01 --------------------------
live
총 0 개 데이타 이동
END   2022-04-25 21:20:01 --------------------------


START 2022-04-25 21:30:01 --------------------------
live
총 0 개 데이타 이동
END   2022-04-25 21:30:01 --------------------------


START 2022-04-25 21:40:01 --------------------------
live
총 0 개 데이타 이동
END   2022-04-25 21:40:01 --------------------------


START 2022-04-25 21:50:01 --------------------------
live
총 0 개 데이타 이동
END   2022-04-25 21:50:01 --------------------------


START 2022-04-25 22:00:01 --------------------------
live
총 0 개 데이타 이동
END   2022-04-25 22:00:01 --------------------------


START 2022-04-25 22:10:01 --------------------------
live
총 0 개 데이타 이동
END   2022-04-25 22:10:01 --------------------------


START 2022-04-25 22:20:01 --------------------------
live
총 0 개 데이타 이동
END   2022-04-25 22:20:01 --------------------------


START 2022-04-25 22:30:01 --------------------------
live
총 0 개 데이타 이동
END   2022-04-25 22:30:01 --------------------------


START 2022-04-25 22:40:02 --------------------------
live
총 0 개 데이타 이동
END   2022-04-25 22:40:02 --------------------------


START 2022-04-25 22:50:01 --------------------------
live
총 0 개 데이타 이동
END   2022-04-25 22:50:01 --------------------------


START 2022-04-25 23:00:02 --------------------------
live
총 0 개 데이타 이동
END   2022-04-25 23:00:02 --------------------------


START 2022-04-25 23:10:02 --------------------------
live
총 0 개 데이타 이동
END   2022-04-25 23:10:02 --------------------------


START 2022-04-25 23:20:02 --------------------------
live
총 0 개 데이타 이동
END   2022-04-25 23:20:02 --------------------------


START 2022-04-25 23:30:02 --------------------------
live
총 0 개 데이타 이동
END   2022-04-25 23:30:02 --------------------------


START 2022-04-25 23:40:03 --------------------------
live
총 0 개 데이타 이동
END   2022-04-25 23:40:03 --------------------------


START 2022-04-25 23:50:02 --------------------------
live
총 0 개 데이타 이동
END   2022-04-25 23:50:02 --------------------------


