START 2022-02-07 00:00:02 --------------------------
live
총 0 개 데이타 이동
END   2022-02-07 00:00:04 --------------------------


START 2022-02-07 00:10:01 --------------------------
live
총 0 개 데이타 이동
END   2022-02-07 00:10:03 --------------------------


START 2022-02-07 00:20:01 --------------------------
live
총 0 개 데이타 이동
END   2022-02-07 00:20:03 --------------------------


START 2022-02-07 00:30:02 --------------------------
live
총 0 개 데이타 이동
END   2022-02-07 00:30:04 --------------------------


START 2022-02-07 00:40:01 --------------------------
live
총 0 개 데이타 이동
END   2022-02-07 00:40:03 --------------------------


START 2022-02-07 00:50:01 --------------------------
live
총 0 개 데이타 이동
END   2022-02-07 00:50:03 --------------------------


START 2022-02-07 01:00:01 --------------------------
live
총 0 개 데이타 이동
END   2022-02-07 01:00:04 --------------------------


START 2022-02-07 01:10:02 --------------------------
live
총 0 개 데이타 이동
END   2022-02-07 01:10:04 --------------------------


START 2022-02-07 01:20:01 --------------------------
live
총 0 개 데이타 이동
END   2022-02-07 01:20:03 --------------------------


START 2022-02-07 01:30:01 --------------------------
live
총 0 개 데이타 이동
END   2022-02-07 01:30:03 --------------------------


START 2022-02-07 01:40:01 --------------------------
live
총 0 개 데이타 이동
END   2022-02-07 01:40:03 --------------------------


START 2022-02-07 01:50:01 --------------------------
live
총 0 개 데이타 이동
END   2022-02-07 01:50:03 --------------------------


START 2022-02-07 02:00:02 --------------------------
live
총 0 개 데이타 이동
END   2022-02-07 02:00:04 --------------------------


START 2022-02-07 02:10:01 --------------------------
live
총 0 개 데이타 이동
END   2022-02-07 02:10:03 --------------------------


START 2022-02-07 02:20:01 --------------------------
live
총 0 개 데이타 이동
END   2022-02-07 02:20:03 --------------------------


START 2022-02-07 02:30:01 --------------------------
live
총 0 개 데이타 이동
END   2022-02-07 02:30:03 --------------------------


START 2022-02-07 02:40:02 --------------------------
live
총 0 개 데이타 이동
END   2022-02-07 02:40:04 --------------------------


START 2022-02-07 02:50:01 --------------------------
live
총 0 개 데이타 이동
END   2022-02-07 02:50:03 --------------------------


START 2022-02-07 03:00:01 --------------------------
live
총 0 개 데이타 이동
END   2022-02-07 03:00:03 --------------------------


START 2022-02-07 03:10:01 --------------------------
live
총 0 개 데이타 이동
END   2022-02-07 03:10:03 --------------------------


START 2022-02-07 03:20:02 --------------------------
live
총 0 개 데이타 이동
END   2022-02-07 03:20:04 --------------------------


START 2022-02-07 03:30:01 --------------------------
live
총 0 개 데이타 이동
END   2022-02-07 03:30:03 --------------------------


START 2022-02-07 03:40:01 --------------------------
live
총 0 개 데이타 이동
END   2022-02-07 03:40:03 --------------------------


START 2022-02-07 03:50:02 --------------------------
live
총 0 개 데이타 이동
END   2022-02-07 03:50:04 --------------------------


START 2022-02-07 04:00:01 --------------------------
live
총 0 개 데이타 이동
END   2022-02-07 04:00:03 --------------------------


START 2022-02-07 04:10:01 --------------------------
live
총 0 개 데이타 이동
END   2022-02-07 04:10:03 --------------------------


START 2022-02-07 04:20:01 --------------------------
live
총 0 개 데이타 이동
END   2022-02-07 04:20:03 --------------------------


START 2022-02-07 04:30:01 --------------------------
live
총 0 개 데이타 이동
END   2022-02-07 04:30:03 --------------------------


START 2022-02-07 04:40:01 --------------------------
live
총 0 개 데이타 이동
END   2022-02-07 04:40:04 --------------------------


START 2022-02-07 04:50:01 --------------------------
live
총 0 개 데이타 이동
END   2022-02-07 04:50:03 --------------------------


START 2022-02-07 05:00:01 --------------------------
live
총 0 개 데이타 이동
END   2022-02-07 05:00:03 --------------------------


START 2022-02-07 05:10:01 --------------------------
live
총 0 개 데이타 이동
END   2022-02-07 05:10:03 --------------------------


START 2022-02-07 05:20:01 --------------------------
live
총 0 개 데이타 이동
END   2022-02-07 05:20:03 --------------------------


START 2022-02-07 05:30:02 --------------------------
live
총 0 개 데이타 이동
END   2022-02-07 05:30:04 --------------------------


START 2022-02-07 05:40:02 --------------------------
live
총 0 개 데이타 이동
END   2022-02-07 05:40:04 --------------------------


START 2022-02-07 05:50:01 --------------------------
live
총 0 개 데이타 이동
END   2022-02-07 05:50:03 --------------------------


START 2022-02-07 06:00:01 --------------------------
live
총 0 개 데이타 이동
END   2022-02-07 06:00:03 --------------------------


START 2022-02-07 06:10:02 --------------------------
live
총 0 개 데이타 이동
END   2022-02-07 06:10:04 --------------------------


START 2022-02-07 06:20:02 --------------------------
live
총 0 개 데이타 이동
END   2022-02-07 06:20:04 --------------------------


START 2022-02-07 06:30:01 --------------------------
live
총 0 개 데이타 이동
END   2022-02-07 06:30:03 --------------------------


START 2022-02-07 06:40:01 --------------------------
live
총 0 개 데이타 이동
END   2022-02-07 06:40:03 --------------------------


START 2022-02-07 06:50:01 --------------------------
live
총 0 개 데이타 이동
END   2022-02-07 06:50:03 --------------------------


START 2022-02-07 07:00:02 --------------------------
live
총 0 개 데이타 이동
END   2022-02-07 07:00:04 --------------------------


START 2022-02-07 07:10:02 --------------------------
live
총 0 개 데이타 이동
END   2022-02-07 07:10:04 --------------------------


START 2022-02-07 07:20:01 --------------------------
live
총 0 개 데이타 이동
END   2022-02-07 07:20:04 --------------------------


START 2022-02-07 07:30:01 --------------------------
live
총 0 개 데이타 이동
END   2022-02-07 07:30:03 --------------------------


START 2022-02-07 07:40:01 --------------------------
live
총 0 개 데이타 이동
END   2022-02-07 07:40:03 --------------------------


START 2022-02-07 07:50:01 --------------------------
live
총 0 개 데이타 이동
END   2022-02-07 07:50:03 --------------------------


START 2022-02-07 08:00:01 --------------------------
live
총 0 개 데이타 이동
END   2022-02-07 08:00:03 --------------------------


START 2022-02-07 08:10:01 --------------------------
live
총 0 개 데이타 이동
END   2022-02-07 08:10:03 --------------------------


START 2022-02-07 08:20:01 --------------------------
live
총 0 개 데이타 이동
END   2022-02-07 08:20:03 --------------------------


START 2022-02-07 08:30:02 --------------------------
live
총 0 개 데이타 이동
END   2022-02-07 08:30:04 --------------------------


START 2022-02-07 08:40:01 --------------------------
live
총 0 개 데이타 이동
END   2022-02-07 08:40:03 --------------------------


START 2022-02-07 08:50:01 --------------------------
live
총 0 개 데이타 이동
END   2022-02-07 08:50:03 --------------------------


START 2022-02-07 09:00:01 --------------------------
live
총 0 개 데이타 이동
END   2022-02-07 09:00:03 --------------------------


START 2022-02-07 09:10:01 --------------------------
live
총 0 개 데이타 이동
END   2022-02-07 09:10:03 --------------------------


START 2022-02-07 09:20:01 --------------------------
live
총 0 개 데이타 이동
END   2022-02-07 09:20:03 --------------------------


START 2022-02-07 09:30:01 --------------------------
live
총 0 개 데이타 이동
END   2022-02-07 09:30:03 --------------------------


START 2022-02-07 09:40:01 --------------------------
live
총 0 개 데이타 이동
END   2022-02-07 09:40:03 --------------------------


START 2022-02-07 09:50:01 --------------------------
live
총 0 개 데이타 이동
END   2022-02-07 09:50:03 --------------------------


START 2022-02-07 10:00:01 --------------------------
live
총 0 개 데이타 이동
END   2022-02-07 10:00:03 --------------------------


START 2022-02-07 10:10:01 --------------------------
live
총 0 개 데이타 이동
END   2022-02-07 10:10:03 --------------------------


START 2022-02-07 10:20:01 --------------------------
live
총 0 개 데이타 이동
END   2022-02-07 10:20:03 --------------------------


START 2022-02-07 10:30:01 --------------------------
live
총 0 개 데이타 이동
END   2022-02-07 10:30:03 --------------------------


START 2022-02-07 10:40:01 --------------------------
live
총 0 개 데이타 이동
END   2022-02-07 10:40:03 --------------------------


START 2022-02-07 10:50:01 --------------------------
live
총 0 개 데이타 이동
END   2022-02-07 10:50:03 --------------------------


START 2022-02-07 11:00:01 --------------------------
live
총 0 개 데이타 이동
END   2022-02-07 11:00:03 --------------------------


START 2022-02-07 11:10:02 --------------------------
live
총 0 개 데이타 이동
END   2022-02-07 11:10:04 --------------------------


START 2022-02-07 11:20:02 --------------------------
live
총 0 개 데이타 이동
END   2022-02-07 11:20:04 --------------------------


START 2022-02-07 11:30:01 --------------------------
live
총 0 개 데이타 이동
END   2022-02-07 11:30:03 --------------------------


START 2022-02-07 11:40:01 --------------------------
live
총 0 개 데이타 이동
END   2022-02-07 11:40:03 --------------------------


START 2022-02-07 11:50:01 --------------------------
live
총 0 개 데이타 이동
END   2022-02-07 11:50:03 --------------------------


START 2022-02-07 12:00:01 --------------------------
live
총 0 개 데이타 이동
END   2022-02-07 12:00:03 --------------------------


START 2022-02-07 12:10:01 --------------------------
live
총 0 개 데이타 이동
END   2022-02-07 12:10:05 --------------------------


START 2022-02-07 12:20:01 --------------------------
live
총 0 개 데이타 이동
END   2022-02-07 12:20:03 --------------------------


START 2022-02-07 12:30:01 --------------------------
live
총 0 개 데이타 이동
END   2022-02-07 12:30:03 --------------------------


START 2022-02-07 12:40:01 --------------------------
live
총 0 개 데이타 이동
END   2022-02-07 12:40:03 --------------------------


START 2022-02-07 12:50:01 --------------------------
live
총 0 개 데이타 이동
END   2022-02-07 12:50:03 --------------------------


START 2022-02-07 13:00:01 --------------------------
live
총 0 개 데이타 이동
END   2022-02-07 13:00:03 --------------------------


START 2022-02-07 13:10:01 --------------------------
live
총 0 개 데이타 이동
END   2022-02-07 13:10:05 --------------------------


START 2022-02-07 13:20:01 --------------------------
live
총 0 개 데이타 이동
END   2022-02-07 13:20:03 --------------------------


START 2022-02-07 13:30:01 --------------------------
live
총 0 개 데이타 이동
END   2022-02-07 13:30:03 --------------------------


START 2022-02-07 13:40:01 --------------------------
live
총 0 개 데이타 이동
END   2022-02-07 13:40:03 --------------------------


START 2022-02-07 13:50:01 --------------------------
live
총 0 개 데이타 이동
END   2022-02-07 13:50:04 --------------------------


START 2022-02-07 14:00:01 --------------------------
live
총 0 개 데이타 이동
END   2022-02-07 14:00:04 --------------------------


START 2022-02-07 14:10:01 --------------------------
live
총 0 개 데이타 이동
END   2022-02-07 14:10:03 --------------------------


START 2022-02-07 14:20:01 --------------------------
live
총 499 개 데이타 이동
데이타 이동 시작 *****
3047489 01089809500 -- 3047490 01088944740 -- 3047491 01099221433 -- 3047492 01041888579 -- 3047493 01000000000 -- 3047494 01043380580 -- 3047495 01033088839 -- 3047496 01088725819 -- 3047497 01049641290 -- 3047498 01024255580 -- 3047499 01032080480 -- 3047500 01038456171 -- 3047501 01091579725 -- 3047502 01055454867 -- 3047503 01042957170 -- 3047504 01025738859 -- 3047505 01036290086 -- 3047506 01025965960 -- 3047507 01033233635 -- 3047508 01091328939 -- 3047509 01043433329 -- 3047510 01085254425 -- 3047511 01067365836 -- 3047512 01052581559 -- 3047513 01039225011 -- 3047514 01037680656 -- 3047515 01085457377 -- 3047516 01090120040 -- 3047517 01071309695 -- 3047518 01024418408 -- 3047519 01090541722 -- 3047520 01036534552 -- 3047521 01051355998 -- 3047522 01040785648 -- 3047523 01047611419 -- 3047524 01044110957 -- 3047525 01025331799 -- 3047526 01091695994 -- 3047527 01023885491 -- 3047528 01062981205 -- 3047529 01090283502 -- 3047530 01099294471 -- 3047531 01043383770 -- 3047532 01020118660 -- 3047533 01084803449 -- 3047534 01024684144 -- 3047535 01091153060 -- 3047536 01090938373 -- 3047537 01038241849 -- 3047538 01099885762 -- 3047539 01048033610 -- 3047540 01090591729 -- 3047541 01045838082 -- 3047542 01036684195 -- 3047543 01031055066 -- 3047544 01099698779 -- 3047545 01026620156 -- 3047546 01072742661 -- 3047547 01067448422 -- 3047548 01074563414 -- 3047549 01080060401 -- 3047550 01035970682 -- 3047551 01036221041 -- 3047552 01039082240 -- 3047553 01023928429 -- 3047554 01066021240 -- 3047555 01022700916 -- 3047556 01096244049 -- 3047557 01055811130 -- 3047558 01034387161 -- 3047559 01063471218 -- 3047560 01072024436 -- 3047561 01027983027 -- 3047562 01077744787 -- 3047563 01040711761 -- 3047564 01077520549 -- 3047565 01048000840 -- 3047566 01040740508 -- 3047567 01042592000 -- 3047568 01083556311 -- 3047569 01035670357 -- 3047570 01082220092 -- 3047571 01036562161 -- 3047572 01046711526 -- 3047573 01036536333 -- 3047574 01098855699 -- 3047575 01077458838 -- 3047576 01028383596 -- 3047577 01074861150 -- 3047578 01084955266 -- 3047579 01099987089 -- 3047580 01090827265 -- 3047581 01074440009 -- 3047582 01088104271 -- 3047583 01029570188 -- 3047584 01030252495 -- 3047585 01062129669 -- 3047586 01043107512 -- 3047587 01044111900 -- 3047588 01033593360 -- 3047589 01088507657 -- 3047590 01052481432 -- 3047591 01020702785 -- 3047592 01024632493 -- 3047593 01021890633 -- 3047594 01086250427 -- 3047595 01023852877 -- 3047596 01037549694 -- 3047597 01050048613 -- 3047598 01093216407 -- 3047599 01032928539 -- 3047600 01028181790 -- 3047601 01090589704 -- 3047602 01063697532 -- 3047603 01037111425 -- 3047604 01084524840 -- 3047605 01028758714 -- 3047606 01020298660 -- 3047607 01087168273 -- 3047608 01045516932 -- 3047609 01063366397 -- 3047610 01090008350 -- 3047611 01020850827 -- 3047612 01096602954 -- 3047613 01077640833 -- 3047614 01099763993 -- 3047615 01033034049 -- 3047616 01052796394 -- 3047617 01086479088 -- 3047618 01026768031 -- 3047619 01090010252 -- 3047620 01052872887 -- 3047621 01096953357 -- 3047622 01023391280 -- 3047623 01044642523 -- 3047624 01038891418 -- 3047625 01027048101 -- 3047626 01067808432 -- 3047627 01073892306 -- 3047628 01022277891 -- 3047629 01036124694 -- 3047630 01062311085 -- 3047631 01028293653 -- 3047632 01025255559 -- 3047633 01087086336 -- 3047634 01072664319 -- 3047635 01051664417 -- 3047636 01090449305 -- 3047637 01025822921 -- 3047638 01029449852 -- 3047639 01099305802 -- 3047640 01088709476 -- 3047641 01029486029 -- 3047642 01089550045 -- 3047643 01040072088 -- 3047644 01084413000 -- 3047645 01090919811 -- 3047646 01063624802 -- 3047647 01051143921 -- 3047648 01087858020 -- 3047649 01051908890 -- 3047650 01063442658 -- 3047651 01090008109 -- 3047652 01062585425 -- 3047653 01066108164 -- 3047654 01023820582 -- 3047655 01047440100 -- 3047656 01099983715 -- 3047657 01032627534 -- 3047658 01085250212 -- 3047659 01028327161 -- 3047660 01071884204 -- 3047661 01053885985 -- 3047662 01086314114 -- 3047663 01032247714 -- 3047664 01025839599 -- 3047665 01088070154 -- 3047666 01054145128 -- 3047667 01087512991 -- 3047668 01058369318 -- 3047669 01087195978 -- 3047670 01075970656 -- 3047671 01054691828 -- 3047672 01043903145 -- 3047673 01067728938 -- 3047674 01030658164 -- 3047675 01090183491 -- 3047676 01023866074 -- 3047677 01081851085 -- 3047678 01044092225 -- 3047679 01073621715 -- 3047680 01036013545 -- 3047681 01045848664 -- 3047682 01032034634 -- 3047683 01094920122 -- 3047684 01035102076 -- 3047685 01043055088 -- 3047686 01045454843 -- 3047687 01040795037 -- 3047688 01041034080 -- 3047689 01031391758 -- 3047690 01055648540 -- 3047691 01058787894 -- 3047692 01084857840 -- 3047693 01046056227 -- 3047694 01023529643 -- 3047695 01087207206 -- 3047696 01063644250 -- 3047697 01029105133 -- 3047698 01033967100 -- 3047699 01093626805 -- 3047700 01062862725 -- 3047701 01035202480 -- 3047702 01027977992 -- 3047703 01066909834 -- 3047704 01051074132 -- 3047705 01091477152 -- 3047706 01065599282 -- 3047707 01032413123 -- 3047708 01038781568 -- 3047709 01086151037 -- 3047710 01043116359 -- 3047711 01056036106 -- 3047712 01023684895 -- 3047713 01067717340 -- 3047714 01096777325 -- 3047715 01077958087 -- 3047716 01090916395 -- 3047717 01032242021 -- 3047718 01049282796 -- 3047719 01032720989 -- 3047720 01099159643 -- 3047721 01036878505 -- 3047722 01076547012 -- 3047723 01038236738 -- 3047724 01027471373 -- 3047725 01091350638 -- 3047726 01076657952 -- 3047727 01076021122 -- 3047728 01089559947 -- 3047729 01025819094 -- 3047730 01091649833 -- 3047731 01040761798 -- 3047732 01093773953 -- 3047733 01090606815 -- 3047734 01024568888 -- 3047735 01044564436 -- 3047736 01089334297 -- 3047737 01099630157 -- 3047738 01053911629 -- 3047739 01084862825 -- 3047740 01023054092 -- 3047741 01025017195 -- 3047742 01092349512 -- 3047743 01085799305 -- 3047744 01027137503 -- 3047745 01025746043 -- 3047746 01034461396 -- 3047747 01057729182 -- 3047748 01029146096 -- 3047749 01045289126 -- 3047750 01021257800 -- 3047751 01062570731 -- 3047752 01047288137 -- 3047753 01025787584 -- 3047754 01029557857 -- 3047755 01028250112 -- 3047756 01083970192 -- 3047757 01099747009 -- 3047758 01058153217 -- 3047759 01090019235 -- 3047760 01092165126 -- 3047761 01056979638 -- 3047762 01088987263 -- 3047763 01089021506 -- 3047764 01025655404 -- 3047765 01047830619 -- 3047766 01035121057 -- 3047767 01087048288 -- 3047768 01068089618 -- 3047769 01033972369 -- 3047770 01087692979 -- 3047771 01021225089 -- 3047772 01042388189 -- 3047773 01084637779 -- 3047774 01028882528 -- 3047775 01035975643 -- 3047776 01045739075 -- 3047777 01047428589 -- 3047778 01089324981 -- 3047779 01027799335 -- 3047780 01050503327 -- 3047781 01043256321 -- 3047782 01071541323 -- 3047783 01025706902 -- 3047784 01051493879 -- 3047785 01045582442 -- 3047786 01099726428 -- 3047787 01033441725 -- 3047788 01022988970 -- 3047789 01054500622 -- 3047790 01086467106 -- 3047791 01041375789 -- 3047792 01088212610 -- 3047793 01063990887 -- 3047794 01036399113 -- 3047795 01022637643 -- 3047796 01036950750 -- 3047797 01054076652 -- 3047798 01023970315 -- 3047799 01028808605 -- 3047800 01045139714 -- 3047801 01042373665 -- 3047802 01068523587 -- 3047803 01040526902 -- 3047804 01066128756 -- 3047805 01068117501 -- 3047806 01091323462 -- 3047807 01055893949 -- 3047808 01037504430 -- 3047809 01049726470 -- 3047810 01045513315 -- 3047811 01027997799 -- 3047812 01089630640 -- 3047813 01044979947 -- 3047814 01054576471 -- 3047815 01024357074 -- 3047816 01030185347 -- 3047817 01054969174 -- 3047818 01041352130 -- 3047819 01098103929 -- 3047820 01083138877 -- 3047821 01055499974 -- 3047822 01057642217 -- 3047823 01074079212 -- 3047824 01027773525 -- 3047825 01089077799 -- 3047826 01033912044 -- 3047827 01053116649 -- 3047828 01086369429 -- 3047829 01096048604 -- 3047830 01027571542 -- 3047831 01047303599 -- 3047832 01092443539 -- 3047833 01039158018 -- 3047834 01052906157 -- 3047835 01034337439 -- 3047836 01042761570 -- 3047837 01095290938 -- 3047838 01055423745 -- 3047839 01028557650 -- 3047840 01044547680 -- 3047841 01077496340 -- 3047842 01084253769 -- 3047843 01040700202 -- 3047844 01057905463 -- 3047845 01062786450 -- 3047846 01099313117 -- 3047847 01025923699 -- 3047848 01079061224 -- 3047849 01089204854 -- 3047850 01066651862 -- 3047851 01030264003 -- 3047852 01028122605 -- 3047853 01050766663 -- 3047854 01098803653 -- 3047855 01087781627 -- 3047856 01042695200 -- 3047857 01087162509 -- 3047858 01197364460 -- 3047859 01065203794 -- 3047860 01087350259 -- 3047861 01054300038 -- 3047862 01037462659 -- 3047863 01099675356 -- 3047864 01043854371 -- 3047865 01036641211 -- 3047866 01072328708 -- 3047867 01088016067 -- 3047868 01093990386 -- 3047869 01072948780 -- 3047870 01049177563 -- 3047871 01088702355 -- 3047872 01088448734 -- 3047873 01056483112 -- 3047874 01035674295 -- 3047875 01089827320 -- 3047876 01099423201 -- 3047877 01023635295 -- 3047878 01022542509 -- 3047879 01032373258 -- 3047880 01091522665 -- 3047881 01093868194 -- 3047882 01082773856 -- 3047883 01033672340 -- 3047884 01026324415 -- 3047885 01088049578 -- 3047886 01087247532 -- 3047887 01077016123 -- 3047888 01074743084 -- 3047889 01056526502 -- 3047890 01072293706 -- 3047891 01031442535 -- 3047892 01088006407 -- 3047893 01098869666 -- 3047894 01039322243 -- 3047895 01032086837 -- 3047896 01064679762 -- 3047897 01024375210 -- 3047898 01062925621 -- 3047899 01065225905 -- 3047900 01073550219 -- 3047901 01063571889 -- 3047902 01093638288 -- 3047903 01098529858 -- 3047904 01097445368 -- 3047905 01088673215 -- 3047906 01042067414 -- 3047907 01041833462 -- 3047908 01068255510 -- 3047909 01024988765 -- 3047910 01085279243 -- 3047911 01091706457 -- 3047912 01023376520 -- 3047913 01029702517 -- 3047914 01051505134 -- 3047915 01033574706 -- 3047916 01045719698 -- 3047917 01085617474 -- 3047918 01062887276 -- 3047919 01023187244 -- 3047920 01094545621 -- 3047921 01094259414 -- 3047922 01031070185 -- 3047923 01053000348 -- 3047924 01091348432 -- 3047925 01089801034 -- 3047926 01050010883 -- 3047927 01068484020 -- 3047928 01056013266 -- 3047929 01082402077 -- 3047930 01075700848 -- 3047931 01027101386 -- 3047932 01022715862 -- 3047933 01044879879 -- 3047934 01083020559 -- 3047935 01086380313 -- 3047936 01096670997 -- 3047937 01045224371 -- 3047938 01085133973 -- 3047939 01024904443 -- 3047940 01090762797 -- 3047941 01071208106 -- 3047942 01068475560 -- 3047943 01026914627 -- 3047944 01066627770 -- 3047945 01088820538 -- 3047946 01066935621 -- 3047947 01030887524 -- 3047948 01036271242 -- 3047949 01054637667 -- 3047950 01096018531 -- 3047951 01080142335 -- 3047952 01029670755 -- 3047953 01046170852 -- 3047954 01062700087 -- 3047955 01053833316 -- 3047956 01048714006 -- 3047957 01052866394 -- 3047958 01024314163 -- 3047959 01023620311 -- 3047960 01035734223 -- 3047961 01047947329 -- 3047962 01099562500 -- 3047963 01022864746 -- 3047964 01041333080 -- 3047965 01091412819 -- 3047966 01089751471 -- 3047967 01030227413 -- 3047968 01094045733 -- 3047969 01034185354 -- 3047970 01062878512 -- 3047971 01062076656 -- 3047972 01024811200 -- 3047973 01071095865 -- 3047974 01026682048 -- 3047975 01023378788 -- 3047976 01071953671 -- 3047977 01043210974 -- 3047978 01034008792 -- 3047979 01083252396 -- 3047980 01029309331 -- 3047981 01075998278 -- 3047982 01098890488 -- 3047983 01022210415 -- 3047984 01035962977 -- 3047985 01064349680 -- 3047986 01041950631 -- 3047987 01097706260 -- 
END   2022-02-07 14:20:08 --------------------------


START 2022-02-07 14:30:01 --------------------------
live
총 664 개 데이타 이동
데이타 이동 시작 *****
3047988 01047045655 -- 3047989 01055155153 -- 3047990 01023139786 -- 3047991 01031286424 -- 3047992 01055268932 -- 3047993 01066909569 -- 3047994 01026871211 -- 3047995 01032400200 -- 3047996 01055046338 -- 3047997 01094151896 -- 3047998 01086095231 -- 3047999 01035127467 -- 3048000 01024898844 -- 3048001 01033844527 -- 3048002 01020121219 -- 3048003 01025225354 -- 3048004 01029935442 -- 3048005 01046283805 -- 3048006 01020091678 -- 3048007 01052039435 -- 3048008 01094256595 -- 3048009 01029631262 -- 3048010 01062345410 -- 3048011 01063673137 -- 3048012 01039037047 -- 3048013 01095633266 -- 3048014 01046534014 -- 3048015 01072079866 -- 3048016 01096781038 -- 3048017 01022889796 -- 3048018 01065196996 -- 3048019 01087426059 -- 3048020 01044649198 -- 3048021 01068058683 -- 3048022 01085792779 -- 3048023 01075620917 -- 3048024 01050807201 -- 3048025 01027838087 -- 3048026 01050185287 -- 3048027 01030870359 -- 3048028 01038066322 -- 3048029 01092624545 -- 3048030 01090053771 -- 3048031 01041444658 -- 3048032 01051061248 -- 3048033 01029983245 -- 3048034 01055263400 -- 3048035 01034708482 -- 3048036 01049468832 -- 3048037 01028303397 -- 3048038 01047609822 -- 3048039 01063602648 -- 3048040 01050804347 -- 3048041 01047045067 -- 3048042 01027950415 -- 3048043 01093363908 -- 3048044 01031673746 -- 3048045 01051151065 -- 3048046 01056278166 -- 3048047 01094862825 -- 3048048 01020469568 -- 3048049 01050998610 -- 3048050 01056621150 -- 3048051 01032178262 -- 3048052 01044452304 -- 3048053 01054474371 -- 3048054 01072330311 -- 3048055 01071699317 -- 3048056 01080282963 -- 3048057 01075624276 -- 3048058 01042117680 -- 3048059 01026042823 -- 3048060 01062266691 -- 3048061 01045142992 -- 3048062 01094650618 -- 3048063 01048778345 -- 3048064 01022108970 -- 3048065 01044323663 -- 3048066 01035331835 -- 3048067 01091431443 -- 3048068 01099840755 -- 3048069 01083244496 -- 3048070 01090227821 -- 3048071 01032872832 -- 3048072 01088388624 -- 3048073 01027256329 -- 3048074 01026419303 -- 3048075 01052511526 -- 3048076 01081889188 -- 3048077 01027978166 -- 3048078 01025933461 -- 3048079 01040825027 -- 3048080 01072334588 -- 3048081 01066977881 -- 3048082 01054809356 -- 3048083 01026721111 -- 3048084 01088127855 -- 3048085 01089261174 -- 3048086 01089924839 -- 3048087 01087590070 -- 3048088 01055482799 -- 3048089 01037259232 -- 3048090 01043359639 -- 3048091 01084189654 -- 3048092 01055875696 -- 3048093 01025149478 -- 3048094 01022932078 -- 3048095 01063681962 -- 3048096 01093818604 -- 3048097 01033709470 -- 3048098 01020654940 -- 3048099 01089726029 -- 3048100 01034307549 -- 3048101 01059335739 -- 3048102 01034650885 -- 3048103 01045807042 -- 3048104 01037417425 -- 3048105 01090546780 -- 3048106 01096025700 -- 3048107 01054866435 -- 3048108 01020231107 -- 3048109 01098873623 -- 3048110 01062559928 -- 3048111 01051834262 -- 3048112 01045429580 -- 3048113 01025045302 -- 3048114 01062098594 -- 3048115 01086852501 -- 3048116 01046527684 -- 3048117 01093641054 -- 3048118 01022823751 -- 3048119 01043691761 -- 3048120 01093534183 -- 3048121 01083364701 -- 3048122 01063287407 -- 3048123 01083540638 -- 3048124 01062160638 -- 3048125 01032851333 -- 3048126 01063004392 -- 3048127 01073928429 -- 3048128 01089325845 -- 3048129 01023974467 -- 3048130 01063777414 -- 3048131 01022240820 -- 3048132 01033869978 -- 3048133 01053879232 -- 3048134 01090261255 -- 3048135 01034564847 -- 3048136 01090246890 -- 3048137 01036901882 -- 3048138 01066650015 -- 3048139 01098760869 -- 3048140 01093090693 -- 3048141 01045894204 -- 3048142 01051495700 -- 3048143 01053162585 -- 3048144 01072742904 -- 3048145 01087143839 -- 3048146 01047841223 -- 3048147 01046282174 -- 3048148 01025758671 -- 3048149 01022210755 -- 3048150 01085244457 -- 3048151 01071759336 -- 3048152 01028952278 -- 3048153 01074119954 -- 3048154 01099387588 -- 3048155 01093654800 -- 3048156 01093474992 -- 3048157 01044507622 -- 3048158 01090661005 -- 3048159 01034331545 -- 3048160 01045494089 -- 3048161 01093414262 -- 3048162 01020437387 -- 3048163 01095161304 -- 3048164 01028174058 -- 3048165 01028821797 -- 3048166 01094964330 -- 3048167 01073121901 -- 3048168 01044901962 -- 3048169 01034687707 -- 3048170 01042030968 -- 3048171 01033255229 -- 3048172 01041220436 -- 3048173 01050597443 -- 3048174 01032075660 -- 3048175 01041068053 -- 3048176 01062246240 -- 3048177 01043201267 -- 3048178 01043248486 -- 3048179 01035807242 -- 3048180 01055689281 -- 3048181 01032993576 -- 3048182 01076385066 -- 3048183 01054918182 -- 3048184 01041324020 -- 3048185 01091466214 -- 3048186 01065230787 -- 3048187 01066362892 -- 3048188 01040194059 -- 3048189 01098980185 -- 3048190 01024775180 -- 3048191 01045073888 -- 3048192 01086425892 -- 3048193 01091226861 -- 3048194 01056246783 -- 3048195 01021235310 -- 3048196 01042525021 -- 3048197 01062498195 -- 3048198 01092900411 -- 3048199 01056140428 -- 3048200 01059452745 -- 3048201 01028123266 -- 3048202 01057080504 -- 3048203 01037201195 -- 3048204 01051022906 -- 3048205 01048850419 -- 3048206 01053049857 -- 3048207 01025726990 -- 3048208 01091888967 -- 3048209 01027052938 -- 3048210 01088542785 -- 3048211 01048716457 -- 3048212 01056050509 -- 3048213 01026684196 -- 3048214 01046967927 -- 3048215 01022534424 -- 3048216 01090876385 -- 3048217 01055282947 -- 3048218 01065595893 -- 3048219 01028553925 -- 3048220 01092509504 -- 3048221 01036208432 -- 3048222 01030228248 -- 3048223 01093867172 -- 3048224 01022657795 -- 3048225 01091340552 -- 3048226 01049077876 -- 3048227 01055671439 -- 3048228 01087767624 -- 3048229 01088327623 -- 3048230 01031996406 -- 3048231 01032197110 -- 3048232 01022347885 -- 3048233 01052194789 -- 3048234 01057333333 -- 3048235 01052940580 -- 3048236 01039096091 -- 3048237 01038285532 -- 3048238 01071383930 -- 3048239 01074521233 -- 3048240 01045767859 -- 3048241 01096999149 -- 3048242 01044216187 -- 3048243 01090683044 -- 3048244 01035566009 -- 3048245 01090617472 -- 3048246 01021200925 -- 3048247 01088531571 -- 3048248 01028189242 -- 3048249 01030908969 -- 3048250 01087529004 -- 3048251 01045203700 -- 3048252 01056067748 -- 3048253 01096822380 -- 3048254 01026050779 -- 3048255 01062389863 -- 3048256 01044182070 -- 3048257 01056446916 -- 3048258 01022810314 -- 3048259 01086192778 -- 3048260 01034520874 -- 3048261 01042077414 -- 3048262 01045960896 -- 3048263 01092447387 -- 3048264 01093155373 -- 3048265 01072210359 -- 3048266 01023609653 -- 3048267 01085424473 -- 3048268 01022621389 -- 3048269 01055003148 -- 3048270 01050615381 -- 3048271 01045385604 -- 3048272 01027125800 -- 3048273 01062654092 -- 3048274 01050375814 -- 3048275 01044641864 -- 3048276 01054536248 -- 3048277 01092652159 -- 3048278 01067573149 -- 3048279 01088965210 -- 3048280 01056470098 -- 3048281 01032560986 -- 3048282 01043518584 -- 3048283 01086028404 -- 3048284 01044950424 -- 3048285 01089080903 -- 3048286 01037056296 -- 3048287 01076751345 -- 3048288 01046322021 -- 3048289 01033875689 -- 3048290 01094591086 -- 3048291 01035935827 -- 3048292 01063583990 -- 3048293 01096697317 -- 3048294 01024385210 -- 3048295 01040571704 -- 3048296 01046432974 -- 3048297 01037016442 -- 3048298 01029024088 -- 3048299 01022783635 -- 3048300 01089350355 -- 3048301 01029915604 -- 3048302 01024492822 -- 3048303 01072341608 -- 3048304 01083638488 -- 3048305 01048207935 -- 3048306 01029783133 -- 3048307 01020667912 -- 3048308 01042211466 -- 3048309 01055677232 -- 3048310 01056102190 -- 3048311 01022527544 -- 3048312 01031577933 -- 3048313 01032754498 -- 3048314 01023577720 -- 3048315 01030454260 -- 3048316 01054975538 -- 3048317 01087168268 -- 3048318 01063947511 -- 3048319 01097393095 -- 3048320 01022622571 -- 3048321 01057663103 -- 3048322 01050974882 -- 3048323 01087118907 -- 3048324 01092564266 -- 3048325 01047114735 -- 3048326 01039403227 -- 3048327 01033235579 -- 3048328 01077883763 -- 3048329 01025947606 -- 3048330 01027391248 -- 3048331 01021361355 -- 3048332 01032766455 -- 3048333 01086078183 -- 3048334 01030525090 -- 3048335 01022673935 -- 3048336 01063179416 -- 3048337 01044758201 -- 3048338 01090484003 -- 3048339 01026491379 -- 3048340 01035932373 -- 3048341 01043050334 -- 3048342 01033148053 -- 3048343 01075727519 -- 3048344 01048572879 -- 3048345 01083775694 -- 3048346 01092030690 -- 3048347 01066014010 -- 3048348 01062220403 -- 3048349 01096950717 -- 3048350 01083682381 -- 3048351 01027907146 -- 3048352 01049314200 -- 3048353 01077229906 -- 3048354 01073602326 -- 3048355 01073031027 -- 3048356 01045192190 -- 3048357 01066953123 -- 3048358 01095228262 -- 3048359 01055447896 -- 3048360 01067478183 -- 3048361 01052085730 -- 3048362 01025482605 -- 3048363 01066014624 -- 3048364 01047274833 -- 3048365 01027158405 -- 3048366 01056518597 -- 3048367 01026368733 -- 3048368 01094531051 -- 3048369 01089060132 -- 3048370 01023127546 -- 3048371 01045848128 -- 3048372 01032151549 -- 3048373 01042703665 -- 3048374 01038634983 -- 3048375 01096179212 -- 3048376 01099599705 -- 3048377 01045858341 -- 3048378 01028075348 -- 3048379 01049206007 -- 3048380 01075380509 -- 3048381 01094227007 -- 3048382 01094626738 -- 3048383 01085560961 -- 3048384 01056784466 -- 3048385 01088617608 -- 3048386 01092823904 -- 3048387 01056787050 -- 3048388 01046619058 -- 3048389 01057670199 -- 3048390 01050122962 -- 3048391 01040403182 -- 3048392 01033786296 -- 3048393 01082742512 -- 3048394 01063064982 -- 3048395 01071021420 -- 3048396 01028292284 -- 3048397 01023388425 -- 3048398 01077779543 -- 3048399 01030528425 -- 3048400 01054601736 -- 3048401 01042533038 -- 3048402 01025572277 -- 3048403 01077574756 -- 3048404 01023518708 -- 3048405 01025110500 -- 3048406 01032954241 -- 3048407 01024390369 -- 3048408 01040567636 -- 3048409 01042057414 -- 3048410 01031851404 -- 3048411 01031872731 -- 3048412 01025680401 -- 3048413 01054655170 -- 3048414 01097803455 -- 3048415 01091312139 -- 3048416 01055771466 -- 3048417 01075223024 -- 3048418 01082110664 -- 3048419 01067731447 -- 3048420 01028655361 -- 3048421 01071938029 -- 3048422 01026351435 -- 3048423 01025402026 -- 3048424 01092218085 -- 3048425 01052056026 -- 3048426 01045182635 -- 3048427 01027766842 -- 3048428 01050349258 -- 3048429 01080806585 -- 3048430 01091072522 -- 3048431 01092262284 -- 3048432 01024780196 -- 3048433 01066013121 -- 3048434 01071506271 -- 3048435 01062731013 -- 3048436 01053360275 -- 3048437 01088105203 -- 3048438 01023297321 -- 3048439 01020845748 -- 3048440 01020645706 -- 3048441 01080806634 -- 3048442 01095085594 -- 3048443 01098823882 -- 3048444 01021165229 -- 3048445 01041233509 -- 3048446 01097523261 -- 3048447 01045087135 -- 3048448 01029558574 -- 3048449 01088337056 -- 3048450 01022517976 -- 3048451 01028800196 -- 3048452 0177065060 -- 3048453 01030002779 -- 3048454 01047078352 -- 3048455 01052585235 -- 3048456 01071623410 -- 3048457 01055791131 -- 3048458 01045407143 -- 3048459 01090409624 -- 3048460 01097455367 -- 3048461 01073881667 -- 3048462 01046785582 -- 3048463 01089434041 -- 3048464 01072811128 -- 3048465 01035564723 -- 3048466 01089966776 -- 3048467 01085682621 -- 3048468 01032595971 -- 3048469 01084837749 -- 3048470 01089172924 -- 3048471 01028488111 -- 3048472 01029400061 -- 3048473 01033076808 -- 3048474 01057569434 -- 3048475 01032251981 -- 3048476 01080076226 -- 3048477 01056433626 -- 3048478 01090039259 -- 3048479 01075178300 -- 3048480 01076001098 -- 3048481 01062065966 -- 3048482 01089704980 -- 3048483 01091979434 -- 3048484 01037398881 -- 3048485 01064377199 -- 3048486 01074402954 -- 3048487 01046804302 -- 3048488 01038951048 -- 3048489 01032898584 -- 3048490 01028850699 -- 3048491 01030445817 -- 3048492 01020418268 -- 3048493 01091792960 -- 3048494 01042179578 -- 3048495 01088903430 -- 3048496 01063725368 -- 3048497 01054809338 -- 3048498 01028341116 -- 3048499 01054936344 -- 3048500 01091726189 -- 3048501 01093883634 -- 3048502 01042477345 -- 3048503 01039943094 -- 3048504 01040709436 -- 3048505 01063284839 -- 3048506 01085420387 -- 3048507 01030308800 -- 3048508 01065624859 -- 3048509 01039681535 -- 3048510 01093523879 -- 3048511 01098712773 -- 3048512 01063152771 -- 3048513 01045943473 -- 3048514 01027769447 -- 3048515 01050912270 -- 3048516 01091838624 -- 3048517 01033834537 -- 3048518 01028435811 -- 3048519 01056076887 -- 3048520 01029491820 -- 3048521 01024296572 -- 3048522 01046447753 -- 3048523 01042212887 -- 3048524 01032386218 -- 3048525 01087894932 -- 3048526 01087298539 -- 3048527 01028037476 -- 3048528 01066365527 -- 3048529 01031674732 -- 3048530 01026174665 -- 3048531 01031047401 -- 3048532 01051202887 -- 3048533 01041068877 -- 3048534 01049156954 -- 3048535 01030455817 -- 3048536 01062462803 -- 3048537 01072261030 -- 3048538 01047688113 -- 3048539 01041809484 -- 3048540 01021447040 -- 3048541 01028364988 -- 3048542 01066867256 -- 3048543 01032175051 -- 3048544 01055781514 -- 3048545 01094216933 -- 3048546 01026935368 -- 3048547 01092767871 -- 3048548 01089614510 -- 3048549 01029571745 -- 3048550 01065927747 -- 3048551 01065617749 -- 3048552 01082552329 -- 3048553 01034176943 -- 3048554 01058223832 -- 3048555 01092921964 -- 3048556 01032746053 -- 3048557 01049426394 -- 3048558 01071156227 -- 3048559 01057451130 -- 3048560 01050526112 -- 3048561 01034642408 -- 3048562 01076432472 -- 3048563 01034212921 -- 3048564 01044184204 -- 3048565 01091147045 -- 3048566 01050806988 -- 3048567 01055269856 -- 3048568 01071517753 -- 3048569 01053348277 -- 3048570 01047571047 -- 3048571 01026987866 -- 3048572 01041794758 -- 3048573 01022809414 -- 3048574 01025644024 -- 3048575 01093876922 -- 3048576 01093364565 -- 3048577 01046219291 -- 3048578 01029405124 -- 3048579 01076341224 -- 3048580 01032688584 -- 3048581 01082582362 -- 3048582 01099759144 -- 3048583 01030242551 -- 3048584 01085758572 -- 3048585 01093242442 -- 3048586 01025878518 -- 3048587 01091160080 -- 3048588 01021262380 -- 3048589 01094260877 -- 3048590 01037112352 -- 3048591 01022786456 -- 3048592 01084255814 -- 3048593 01041339390 -- 3048594 01045577524 -- 3048595 01030765845 -- 3048596 01095450680 -- 3048597 01099814097 -- 3048598 01035583972 -- 3048599 01040075403 -- 3048600 01063611236 -- 3048601 01025556691 -- 3048602 01034519597 -- 3048603 01062896223 -- 3048604 01023993530 -- 3048605 01075679210 -- 3048606 01022492977 -- 3048607 01085881834 -- 3048608 01088592943 -- 3048609 01026093340 -- 3048610 01047011720 -- 3048611 01090883996 -- 3048612 01046456608 -- 3048613 01052998571 -- 3048614 01041142980 -- 3048615 01056420123 -- 3048616 01095728704 -- 3048617 01045278102 -- 3048618 01029500864 -- 3048619 01034347966 -- 3048620 01037496322 -- 3048621 01098079920 -- 3048622 01043580920 -- 3048623 01047669084 -- 3048624 01075590739 -- 3048625 01088790591 -- 3048626 01035419810 -- 3048627 01096249879 -- 3048628 01031364200 -- 3048629 01046101285 -- 3048630 01074313685 -- 3048631 01063317085 -- 3048632 01055407522 -- 3048633 01092745957 -- 3048634 01094902984 -- 3048635 01034119302 -- 3048636 01023613230 -- 3048637 01075720831 -- 3048638 01072847779 -- 3048639 01023178270 -- 3048640 01076669831 -- 3048641 01098649872 -- 3048642 01068990302 -- 3048643 01058500582 -- 3048644 01084675870 -- 3048645 01029238915 -- 3048646 01055765687 -- 3048647 01027455687 -- 3048648 01032849691 -- 3048649 01029071565 -- 3048650 01034434244 -- 3048651 01056052249 -- 
END   2022-02-07 14:30:09 --------------------------


START 2022-02-07 14:40:01 --------------------------
live
총 0 개 데이타 이동
END   2022-02-07 14:40:03 --------------------------


START 2022-02-07 14:50:02 --------------------------
live
총 0 개 데이타 이동
END   2022-02-07 14:50:04 --------------------------


START 2022-02-07 15:00:02 --------------------------
live
총 0 개 데이타 이동
END   2022-02-07 15:00:04 --------------------------


START 2022-02-07 15:10:02 --------------------------
live
총 0 개 데이타 이동
END   2022-02-07 15:10:04 --------------------------


START 2022-02-07 15:20:02 --------------------------
live
총 0 개 데이타 이동
END   2022-02-07 15:20:04 --------------------------


START 2022-02-07 15:30:02 --------------------------
live
총 0 개 데이타 이동
END   2022-02-07 15:30:04 --------------------------


START 2022-02-07 15:40:02 --------------------------
live
총 0 개 데이타 이동
END   2022-02-07 15:40:04 --------------------------


START 2022-02-07 15:50:02 --------------------------
live
총 0 개 데이타 이동
END   2022-02-07 15:50:04 --------------------------


START 2022-02-07 16:00:01 --------------------------
live
총 0 개 데이타 이동
END   2022-02-07 16:00:04 --------------------------


START 2022-02-07 16:10:02 --------------------------
live
총 0 개 데이타 이동
END   2022-02-07 16:10:04 --------------------------


START 2022-02-07 16:20:02 --------------------------
live
총 0 개 데이타 이동
END   2022-02-07 16:20:04 --------------------------


START 2022-02-07 16:30:01 --------------------------
live
총 0 개 데이타 이동
END   2022-02-07 16:30:03 --------------------------


START 2022-02-07 16:40:02 --------------------------
live
총 0 개 데이타 이동
END   2022-02-07 16:40:04 --------------------------


START 2022-02-07 16:50:02 --------------------------
live
총 0 개 데이타 이동
END   2022-02-07 16:50:04 --------------------------


START 2022-02-07 17:00:02 --------------------------
live
총 0 개 데이타 이동
END   2022-02-07 17:00:04 --------------------------


START 2022-02-07 17:10:02 --------------------------
live
총 0 개 데이타 이동
END   2022-02-07 17:10:04 --------------------------


START 2022-02-07 17:20:02 --------------------------
live
총 0 개 데이타 이동
END   2022-02-07 17:20:04 --------------------------


START 2022-02-07 17:30:02 --------------------------
live
총 0 개 데이타 이동
END   2022-02-07 17:30:04 --------------------------


START 2022-02-07 17:40:01 --------------------------
live
총 0 개 데이타 이동
END   2022-02-07 17:40:03 --------------------------


START 2022-02-07 17:50:01 --------------------------
live
총 0 개 데이타 이동
END   2022-02-07 17:50:03 --------------------------


START 2022-02-07 18:00:01 --------------------------
live
총 0 개 데이타 이동
END   2022-02-07 18:00:03 --------------------------


START 2022-02-07 18:10:01 --------------------------
live
총 0 개 데이타 이동
END   2022-02-07 18:10:05 --------------------------


START 2022-02-07 18:20:01 --------------------------
live
총 0 개 데이타 이동
END   2022-02-07 18:20:03 --------------------------


START 2022-02-07 18:30:01 --------------------------
live
총 0 개 데이타 이동
END   2022-02-07 18:30:03 --------------------------


START 2022-02-07 18:40:01 --------------------------
live
총 0 개 데이타 이동
END   2022-02-07 18:40:03 --------------------------


START 2022-02-07 18:50:01 --------------------------
live
총 0 개 데이타 이동
END   2022-02-07 18:50:03 --------------------------


START 2022-02-07 19:00:01 --------------------------
live
총 0 개 데이타 이동
END   2022-02-07 19:00:03 --------------------------


START 2022-02-07 19:10:02 --------------------------
live
총 0 개 데이타 이동
END   2022-02-07 19:10:05 --------------------------


START 2022-02-07 19:20:02 --------------------------
live
총 0 개 데이타 이동
END   2022-02-07 19:20:04 --------------------------


START 2022-02-07 19:30:02 --------------------------
live
총 0 개 데이타 이동
END   2022-02-07 19:30:04 --------------------------


START 2022-02-07 19:40:02 --------------------------
live
총 0 개 데이타 이동
END   2022-02-07 19:40:04 --------------------------


START 2022-02-07 19:50:01 --------------------------
live
총 0 개 데이타 이동
END   2022-02-07 19:50:04 --------------------------


START 2022-02-07 20:00:01 --------------------------
live
총 0 개 데이타 이동
END   2022-02-07 20:00:03 --------------------------


START 2022-02-07 20:10:01 --------------------------
live
총 0 개 데이타 이동
END   2022-02-07 20:10:03 --------------------------


START 2022-02-07 20:20:01 --------------------------
live
총 0 개 데이타 이동
END   2022-02-07 20:20:03 --------------------------


START 2022-02-07 20:30:01 --------------------------
live
총 0 개 데이타 이동
END   2022-02-07 20:30:03 --------------------------


START 2022-02-07 20:40:01 --------------------------
live
총 0 개 데이타 이동
END   2022-02-07 20:40:03 --------------------------


START 2022-02-07 20:50:02 --------------------------
live
총 0 개 데이타 이동
END   2022-02-07 20:50:04 --------------------------


START 2022-02-07 21:00:02 --------------------------
live
총 0 개 데이타 이동
END   2022-02-07 21:00:04 --------------------------


START 2022-02-07 21:10:02 --------------------------
live
총 0 개 데이타 이동
END   2022-02-07 21:10:04 --------------------------


START 2022-02-07 21:20:02 --------------------------
live
총 0 개 데이타 이동
END   2022-02-07 21:20:04 --------------------------


START 2022-02-07 21:30:02 --------------------------
live
총 0 개 데이타 이동
END   2022-02-07 21:30:04 --------------------------


START 2022-02-07 21:40:01 --------------------------
live
총 0 개 데이타 이동
END   2022-02-07 21:40:03 --------------------------


START 2022-02-07 21:50:01 --------------------------
live
총 0 개 데이타 이동
END   2022-02-07 21:50:03 --------------------------


START 2022-02-07 22:00:01 --------------------------
live
총 0 개 데이타 이동
END   2022-02-07 22:00:03 --------------------------


START 2022-02-07 22:10:01 --------------------------
live
총 0 개 데이타 이동
END   2022-02-07 22:10:03 --------------------------


START 2022-02-07 22:20:01 --------------------------
live
총 0 개 데이타 이동
END   2022-02-07 22:20:03 --------------------------


START 2022-02-07 22:30:01 --------------------------
live
총 0 개 데이타 이동
END   2022-02-07 22:30:03 --------------------------


START 2022-02-07 22:40:02 --------------------------
live
총 0 개 데이타 이동
END   2022-02-07 22:40:04 --------------------------


START 2022-02-07 22:50:02 --------------------------
live
총 0 개 데이타 이동
END   2022-02-07 22:50:04 --------------------------


START 2022-02-07 23:00:02 --------------------------
live
총 0 개 데이타 이동
END   2022-02-07 23:00:04 --------------------------


START 2022-02-07 23:10:02 --------------------------
live
총 0 개 데이타 이동
END   2022-02-07 23:10:04 --------------------------


START 2022-02-07 23:20:01 --------------------------
live
총 0 개 데이타 이동
END   2022-02-07 23:20:03 --------------------------


START 2022-02-07 23:30:01 --------------------------
live
총 0 개 데이타 이동
END   2022-02-07 23:30:03 --------------------------


START 2022-02-07 23:40:01 --------------------------
live
총 0 개 데이타 이동
END   2022-02-07 23:40:03 --------------------------


START 2022-02-07 23:50:01 --------------------------
live
총 0 개 데이타 이동
END   2022-02-07 23:50:03 --------------------------


