START 2022-10-04 00:00:01 --------------------------
live
총 0 개 데이타 이동
END   2022-10-04 00:00:01 --------------------------


START 2022-10-04 00:10:01 --------------------------
live
총 0 개 데이타 이동
END   2022-10-04 00:10:01 --------------------------


START 2022-10-04 00:20:01 --------------------------
live
총 0 개 데이타 이동
END   2022-10-04 00:20:01 --------------------------


START 2022-10-04 00:30:01 --------------------------
live
총 0 개 데이타 이동
END   2022-10-04 00:30:01 --------------------------


START 2022-10-04 00:40:01 --------------------------
live
총 0 개 데이타 이동
END   2022-10-04 00:40:01 --------------------------


START 2022-10-04 00:50:01 --------------------------
live
총 0 개 데이타 이동
END   2022-10-04 00:50:01 --------------------------


START 2022-10-04 01:00:01 --------------------------
live
총 0 개 데이타 이동
END   2022-10-04 01:00:01 --------------------------


START 2022-10-04 01:10:01 --------------------------
live
총 0 개 데이타 이동
END   2022-10-04 01:10:01 --------------------------


START 2022-10-04 01:20:01 --------------------------
live
총 0 개 데이타 이동
END   2022-10-04 01:20:01 --------------------------


START 2022-10-04 01:30:01 --------------------------
live
총 0 개 데이타 이동
END   2022-10-04 01:30:01 --------------------------


START 2022-10-04 01:40:01 --------------------------
live
총 0 개 데이타 이동
END   2022-10-04 01:40:01 --------------------------


START 2022-10-04 01:50:01 --------------------------
live
총 0 개 데이타 이동
END   2022-10-04 01:50:01 --------------------------


START 2022-10-04 02:00:01 --------------------------
live
총 0 개 데이타 이동
END   2022-10-04 02:00:01 --------------------------


START 2022-10-04 02:10:01 --------------------------
live
총 0 개 데이타 이동
END   2022-10-04 02:10:01 --------------------------


START 2022-10-04 02:20:01 --------------------------
live
총 0 개 데이타 이동
END   2022-10-04 02:20:01 --------------------------


START 2022-10-04 02:30:02 --------------------------
live
총 0 개 데이타 이동
END   2022-10-04 02:30:02 --------------------------


START 2022-10-04 02:40:01 --------------------------
live
총 0 개 데이타 이동
END   2022-10-04 02:40:01 --------------------------


START 2022-10-04 02:50:01 --------------------------
live
총 0 개 데이타 이동
END   2022-10-04 02:50:01 --------------------------


START 2022-10-04 03:00:01 --------------------------
live
총 0 개 데이타 이동
END   2022-10-04 03:00:01 --------------------------


START 2022-10-04 03:10:01 --------------------------
live
총 0 개 데이타 이동
END   2022-10-04 03:10:01 --------------------------


START 2022-10-04 03:20:01 --------------------------
live
총 0 개 데이타 이동
END   2022-10-04 03:20:01 --------------------------


START 2022-10-04 03:30:01 --------------------------
live
총 0 개 데이타 이동
END   2022-10-04 03:30:01 --------------------------


START 2022-10-04 03:40:01 --------------------------
live
총 0 개 데이타 이동
END   2022-10-04 03:40:01 --------------------------


START 2022-10-04 03:50:01 --------------------------
live
총 0 개 데이타 이동
END   2022-10-04 03:50:01 --------------------------


START 2022-10-04 04:00:01 --------------------------
live
총 0 개 데이타 이동
END   2022-10-04 04:00:01 --------------------------


START 2022-10-04 04:10:02 --------------------------
live
총 0 개 데이타 이동
END   2022-10-04 04:10:02 --------------------------


START 2022-10-04 04:20:01 --------------------------
live
총 0 개 데이타 이동
END   2022-10-04 04:20:01 --------------------------


START 2022-10-04 04:30:01 --------------------------
live
총 0 개 데이타 이동
END   2022-10-04 04:30:01 --------------------------


START 2022-10-04 04:40:01 --------------------------
live
총 0 개 데이타 이동
END   2022-10-04 04:40:01 --------------------------


START 2022-10-04 04:50:01 --------------------------
live
총 0 개 데이타 이동
END   2022-10-04 04:50:01 --------------------------


START 2022-10-04 05:00:01 --------------------------
live
총 0 개 데이타 이동
END   2022-10-04 05:00:01 --------------------------


START 2022-10-04 05:10:01 --------------------------
live
총 0 개 데이타 이동
END   2022-10-04 05:10:01 --------------------------


START 2022-10-04 05:20:01 --------------------------
live
총 0 개 데이타 이동
END   2022-10-04 05:20:01 --------------------------


START 2022-10-04 05:30:01 --------------------------
live
총 0 개 데이타 이동
END   2022-10-04 05:30:01 --------------------------


START 2022-10-04 05:40:01 --------------------------
live
총 0 개 데이타 이동
END   2022-10-04 05:40:01 --------------------------


START 2022-10-04 05:50:01 --------------------------
live
총 0 개 데이타 이동
END   2022-10-04 05:50:01 --------------------------


START 2022-10-04 06:00:01 --------------------------
live
총 0 개 데이타 이동
END   2022-10-04 06:00:01 --------------------------


START 2022-10-04 06:10:01 --------------------------
live
총 0 개 데이타 이동
END   2022-10-04 06:10:01 --------------------------


START 2022-10-04 06:20:01 --------------------------
live
총 0 개 데이타 이동
END   2022-10-04 06:20:01 --------------------------


START 2022-10-04 06:30:01 --------------------------
live
총 0 개 데이타 이동
END   2022-10-04 06:30:01 --------------------------


START 2022-10-04 06:40:01 --------------------------
live
총 0 개 데이타 이동
END   2022-10-04 06:40:01 --------------------------


START 2022-10-04 06:50:01 --------------------------
live
총 0 개 데이타 이동
END   2022-10-04 06:50:01 --------------------------


START 2022-10-04 07:00:01 --------------------------
live
총 0 개 데이타 이동
END   2022-10-04 07:00:01 --------------------------


START 2022-10-04 07:10:01 --------------------------
live
총 0 개 데이타 이동
END   2022-10-04 07:10:01 --------------------------


START 2022-10-04 07:20:01 --------------------------
live
총 0 개 데이타 이동
END   2022-10-04 07:20:01 --------------------------


START 2022-10-04 07:30:01 --------------------------
live
총 0 개 데이타 이동
END   2022-10-04 07:30:01 --------------------------


START 2022-10-04 07:40:01 --------------------------
live
총 0 개 데이타 이동
END   2022-10-04 07:40:01 --------------------------


START 2022-10-04 07:50:01 --------------------------
live
총 0 개 데이타 이동
END   2022-10-04 07:50:01 --------------------------


START 2022-10-04 08:00:01 --------------------------
live
총 0 개 데이타 이동
END   2022-10-04 08:00:01 --------------------------


START 2022-10-04 08:10:01 --------------------------
live
총 0 개 데이타 이동
END   2022-10-04 08:10:01 --------------------------


START 2022-10-04 08:20:01 --------------------------
live
총 0 개 데이타 이동
END   2022-10-04 08:20:01 --------------------------


START 2022-10-04 08:30:01 --------------------------
live
총 0 개 데이타 이동
END   2022-10-04 08:30:01 --------------------------


START 2022-10-04 08:40:01 --------------------------
live
총 0 개 데이타 이동
END   2022-10-04 08:40:01 --------------------------


START 2022-10-04 08:50:01 --------------------------
live
총 0 개 데이타 이동
END   2022-10-04 08:50:01 --------------------------


START 2022-10-04 09:00:02 --------------------------
live
총 0 개 데이타 이동
END   2022-10-04 09:00:02 --------------------------


START 2022-10-04 09:10:01 --------------------------
live
총 0 개 데이타 이동
END   2022-10-04 09:10:01 --------------------------


START 2022-10-04 09:20:01 --------------------------
live
총 0 개 데이타 이동
END   2022-10-04 09:20:01 --------------------------


START 2022-10-04 09:30:01 --------------------------
live
총 0 개 데이타 이동
END   2022-10-04 09:30:01 --------------------------


START 2022-10-04 09:40:01 --------------------------
live
총 0 개 데이타 이동
END   2022-10-04 09:40:02 --------------------------


START 2022-10-04 09:50:01 --------------------------
live
총 0 개 데이타 이동
END   2022-10-04 09:50:01 --------------------------


START 2022-10-04 10:00:02 --------------------------
live
총 0 개 데이타 이동
END   2022-10-04 10:00:02 --------------------------


START 2022-10-04 10:10:01 --------------------------
live
총 0 개 데이타 이동
END   2022-10-04 10:10:01 --------------------------


START 2022-10-04 10:20:01 --------------------------
live
총 0 개 데이타 이동
END   2022-10-04 10:20:01 --------------------------


START 2022-10-04 10:30:01 --------------------------
live
총 0 개 데이타 이동
END   2022-10-04 10:30:01 --------------------------


START 2022-10-04 10:40:01 --------------------------
live
총 0 개 데이타 이동
END   2022-10-04 10:40:01 --------------------------


START 2022-10-04 10:50:01 --------------------------
live
총 0 개 데이타 이동
END   2022-10-04 10:50:01 --------------------------


START 2022-10-04 11:00:01 --------------------------
live
총 0 개 데이타 이동
END   2022-10-04 11:00:01 --------------------------


START 2022-10-04 11:10:01 --------------------------
live
총 0 개 데이타 이동
END   2022-10-04 11:10:01 --------------------------


START 2022-10-04 11:20:01 --------------------------
live
총 0 개 데이타 이동
END   2022-10-04 11:20:01 --------------------------


START 2022-10-04 11:30:01 --------------------------
live
총 0 개 데이타 이동
END   2022-10-04 11:30:01 --------------------------


START 2022-10-04 11:40:01 --------------------------
live
총 0 개 데이타 이동
END   2022-10-04 11:40:01 --------------------------


START 2022-10-04 11:50:01 --------------------------
live
총 0 개 데이타 이동
END   2022-10-04 11:50:01 --------------------------


START 2022-10-04 12:00:01 --------------------------
live
총 0 개 데이타 이동
END   2022-10-04 12:00:01 --------------------------


START 2022-10-04 12:10:01 --------------------------
live
총 0 개 데이타 이동
END   2022-10-04 12:10:01 --------------------------


START 2022-10-04 12:20:01 --------------------------
live
총 0 개 데이타 이동
END   2022-10-04 12:20:01 --------------------------


START 2022-10-04 12:30:01 --------------------------
live
총 0 개 데이타 이동
END   2022-10-04 12:30:01 --------------------------


START 2022-10-04 12:40:02 --------------------------
live
총 0 개 데이타 이동
END   2022-10-04 12:40:02 --------------------------


START 2022-10-04 12:50:01 --------------------------
live
총 0 개 데이타 이동
END   2022-10-04 12:50:01 --------------------------


START 2022-10-04 13:00:01 --------------------------
live
총 0 개 데이타 이동
END   2022-10-04 13:00:01 --------------------------


START 2022-10-04 13:10:02 --------------------------
live
총 0 개 데이타 이동
END   2022-10-04 13:10:02 --------------------------


START 2022-10-04 13:20:01 --------------------------
live
총 0 개 데이타 이동
END   2022-10-04 13:20:01 --------------------------


START 2022-10-04 13:30:01 --------------------------
live
총 0 개 데이타 이동
END   2022-10-04 13:30:01 --------------------------


START 2022-10-04 13:40:02 --------------------------
live
총 0 개 데이타 이동
END   2022-10-04 13:40:02 --------------------------


START 2022-10-04 13:50:01 --------------------------
live
총 0 개 데이타 이동
END   2022-10-04 13:50:01 --------------------------


START 2022-10-04 14:00:04 --------------------------
live
총 4 개 데이타 이동
데이타 이동 시작 *****
3110621 01024568888 -- 3110622 01088944740 -- 3110623 01067241409 -- 3110624 01086246176 -- 
END   2022-10-04 14:00:04 --------------------------


START 2022-10-04 14:10:01 --------------------------
live
총 0 개 데이타 이동
END   2022-10-04 14:10:02 --------------------------


START 2022-10-04 14:20:01 --------------------------
live
총 0 개 데이타 이동
END   2022-10-04 14:20:01 --------------------------


START 2022-10-04 14:30:01 --------------------------
live
총 0 개 데이타 이동
END   2022-10-04 14:30:01 --------------------------


START 2022-10-04 14:40:01 --------------------------
live
총 0 개 데이타 이동
END   2022-10-04 14:40:01 --------------------------


START 2022-10-04 14:50:01 --------------------------
live
총 0 개 데이타 이동
END   2022-10-04 14:50:01 --------------------------


START 2022-10-04 15:00:01 --------------------------
live
총 0 개 데이타 이동
END   2022-10-04 15:00:01 --------------------------


START 2022-10-04 15:10:01 --------------------------
live
총 0 개 데이타 이동
END   2022-10-04 15:10:01 --------------------------


START 2022-10-04 15:20:01 --------------------------
live
총 0 개 데이타 이동
END   2022-10-04 15:20:01 --------------------------


START 2022-10-04 15:30:01 --------------------------
live
총 0 개 데이타 이동
END   2022-10-04 15:30:01 --------------------------


START 2022-10-04 15:40:01 --------------------------
live
총 0 개 데이타 이동
END   2022-10-04 15:40:01 --------------------------


START 2022-10-04 15:50:02 --------------------------
live
총 0 개 데이타 이동
END   2022-10-04 15:50:02 --------------------------


START 2022-10-04 16:00:01 --------------------------
live
총 0 개 데이타 이동
END   2022-10-04 16:00:01 --------------------------


START 2022-10-04 16:10:01 --------------------------
live
총 0 개 데이타 이동
END   2022-10-04 16:10:01 --------------------------


START 2022-10-04 16:20:01 --------------------------
live
총 0 개 데이타 이동
END   2022-10-04 16:20:01 --------------------------


START 2022-10-04 16:30:01 --------------------------
live
총 0 개 데이타 이동
END   2022-10-04 16:30:01 --------------------------


START 2022-10-04 16:40:01 --------------------------
live
총 0 개 데이타 이동
END   2022-10-04 16:40:01 --------------------------


START 2022-10-04 16:50:01 --------------------------
live
총 0 개 데이타 이동
END   2022-10-04 16:50:01 --------------------------


START 2022-10-04 17:00:02 --------------------------
live
총 0 개 데이타 이동
END   2022-10-04 17:00:02 --------------------------


START 2022-10-04 17:10:02 --------------------------
live
총 0 개 데이타 이동
END   2022-10-04 17:10:02 --------------------------


START 2022-10-04 17:20:01 --------------------------
live
총 0 개 데이타 이동
END   2022-10-04 17:20:01 --------------------------


START 2022-10-04 17:30:01 --------------------------
live
총 0 개 데이타 이동
END   2022-10-04 17:30:01 --------------------------


START 2022-10-04 17:40:01 --------------------------
live
총 0 개 데이타 이동
END   2022-10-04 17:40:01 --------------------------


START 2022-10-04 17:50:01 --------------------------
live
총 0 개 데이타 이동
END   2022-10-04 17:50:01 --------------------------


START 2022-10-04 18:00:01 --------------------------
live
총 0 개 데이타 이동
END   2022-10-04 18:00:01 --------------------------


START 2022-10-04 18:10:02 --------------------------
live
총 0 개 데이타 이동
END   2022-10-04 18:10:02 --------------------------


START 2022-10-04 18:20:01 --------------------------
live
총 0 개 데이타 이동
END   2022-10-04 18:20:01 --------------------------


START 2022-10-04 18:30:01 --------------------------
live
총 0 개 데이타 이동
END   2022-10-04 18:30:01 --------------------------


START 2022-10-04 18:40:01 --------------------------
live
총 0 개 데이타 이동
END   2022-10-04 18:40:01 --------------------------


START 2022-10-04 18:50:01 --------------------------
live
총 0 개 데이타 이동
END   2022-10-04 18:50:01 --------------------------


START 2022-10-04 19:00:01 --------------------------
live
총 0 개 데이타 이동
END   2022-10-04 19:00:01 --------------------------


START 2022-10-04 19:10:01 --------------------------
live
총 0 개 데이타 이동
END   2022-10-04 19:10:01 --------------------------


START 2022-10-04 19:20:01 --------------------------
live
총 0 개 데이타 이동
END   2022-10-04 19:20:01 --------------------------


START 2022-10-04 19:30:01 --------------------------
live
총 0 개 데이타 이동
END   2022-10-04 19:30:01 --------------------------


START 2022-10-04 19:40:01 --------------------------
live
총 0 개 데이타 이동
END   2022-10-04 19:40:01 --------------------------


START 2022-10-04 19:50:01 --------------------------
live
총 0 개 데이타 이동
END   2022-10-04 19:50:01 --------------------------


START 2022-10-04 20:00:01 --------------------------
live
총 0 개 데이타 이동
END   2022-10-04 20:00:01 --------------------------


START 2022-10-04 20:10:01 --------------------------
live
총 0 개 데이타 이동
END   2022-10-04 20:10:01 --------------------------


START 2022-10-04 20:20:01 --------------------------
live
총 0 개 데이타 이동
END   2022-10-04 20:20:01 --------------------------


START 2022-10-04 20:30:01 --------------------------
live
총 0 개 데이타 이동
END   2022-10-04 20:30:01 --------------------------


START 2022-10-04 20:40:01 --------------------------
live
총 0 개 데이타 이동
END   2022-10-04 20:40:01 --------------------------


START 2022-10-04 20:50:01 --------------------------
live
총 0 개 데이타 이동
END   2022-10-04 20:50:01 --------------------------


START 2022-10-04 21:00:01 --------------------------
live
총 0 개 데이타 이동
END   2022-10-04 21:00:02 --------------------------


START 2022-10-04 21:10:01 --------------------------
live
총 0 개 데이타 이동
END   2022-10-04 21:10:01 --------------------------


START 2022-10-04 21:20:01 --------------------------
live
총 0 개 데이타 이동
END   2022-10-04 21:20:01 --------------------------


START 2022-10-04 21:30:01 --------------------------
live
총 0 개 데이타 이동
END   2022-10-04 21:30:01 --------------------------


START 2022-10-04 21:40:01 --------------------------
live
총 0 개 데이타 이동
END   2022-10-04 21:40:01 --------------------------


START 2022-10-04 21:50:01 --------------------------
live
총 0 개 데이타 이동
END   2022-10-04 21:50:01 --------------------------


START 2022-10-04 22:00:01 --------------------------
live
총 0 개 데이타 이동
END   2022-10-04 22:00:01 --------------------------


START 2022-10-04 22:10:01 --------------------------
live
총 0 개 데이타 이동
END   2022-10-04 22:10:01 --------------------------


START 2022-10-04 22:20:01 --------------------------
live
총 0 개 데이타 이동
END   2022-10-04 22:20:01 --------------------------


START 2022-10-04 22:30:01 --------------------------
live
총 0 개 데이타 이동
END   2022-10-04 22:30:01 --------------------------


START 2022-10-04 22:40:01 --------------------------
live
총 0 개 데이타 이동
END   2022-10-04 22:40:01 --------------------------


START 2022-10-04 22:50:01 --------------------------
live
총 0 개 데이타 이동
END   2022-10-04 22:50:01 --------------------------


START 2022-10-04 23:00:01 --------------------------
live
총 0 개 데이타 이동
END   2022-10-04 23:00:01 --------------------------


START 2022-10-04 23:10:01 --------------------------
live
총 0 개 데이타 이동
END   2022-10-04 23:10:01 --------------------------


START 2022-10-04 23:20:01 --------------------------
live
총 0 개 데이타 이동
END   2022-10-04 23:20:01 --------------------------


START 2022-10-04 23:30:02 --------------------------
live
총 0 개 데이타 이동
END   2022-10-04 23:30:02 --------------------------


START 2022-10-04 23:40:01 --------------------------
live
총 0 개 데이타 이동
END   2022-10-04 23:40:01 --------------------------


START 2022-10-04 23:50:01 --------------------------
live
총 0 개 데이타 이동
END   2022-10-04 23:50:01 --------------------------


