START 2022-07-31 00:00:01 --------------------------
live
총 0 개 데이타 이동
END   2022-07-31 00:00:01 --------------------------


START 2022-07-31 00:10:01 --------------------------
live
총 0 개 데이타 이동
END   2022-07-31 00:10:01 --------------------------


START 2022-07-31 00:20:01 --------------------------
live
총 0 개 데이타 이동
END   2022-07-31 00:20:01 --------------------------


START 2022-07-31 00:30:01 --------------------------
live
총 0 개 데이타 이동
END   2022-07-31 00:30:01 --------------------------


START 2022-07-31 00:40:01 --------------------------
live
총 0 개 데이타 이동
END   2022-07-31 00:40:01 --------------------------


START 2022-07-31 00:50:01 --------------------------
live
총 0 개 데이타 이동
END   2022-07-31 00:50:01 --------------------------


START 2022-07-31 01:00:01 --------------------------
live
총 0 개 데이타 이동
END   2022-07-31 01:00:01 --------------------------


START 2022-07-31 01:10:01 --------------------------
live
총 0 개 데이타 이동
END   2022-07-31 01:10:01 --------------------------


START 2022-07-31 01:20:01 --------------------------
live
총 0 개 데이타 이동
END   2022-07-31 01:20:01 --------------------------


START 2022-07-31 01:30:01 --------------------------
live
총 0 개 데이타 이동
END   2022-07-31 01:30:01 --------------------------


START 2022-07-31 01:40:02 --------------------------
live
총 0 개 데이타 이동
END   2022-07-31 01:40:02 --------------------------


START 2022-07-31 01:50:01 --------------------------
live
총 0 개 데이타 이동
END   2022-07-31 01:50:01 --------------------------


START 2022-07-31 02:00:01 --------------------------
live
총 0 개 데이타 이동
END   2022-07-31 02:00:01 --------------------------


START 2022-07-31 02:10:01 --------------------------
live
총 0 개 데이타 이동
END   2022-07-31 02:10:01 --------------------------


START 2022-07-31 02:20:01 --------------------------
live
총 0 개 데이타 이동
END   2022-07-31 02:20:02 --------------------------


START 2022-07-31 02:30:01 --------------------------
live
총 0 개 데이타 이동
END   2022-07-31 02:30:01 --------------------------


START 2022-07-31 02:40:01 --------------------------
live
총 0 개 데이타 이동
END   2022-07-31 02:40:01 --------------------------


START 2022-07-31 02:50:01 --------------------------
live
총 0 개 데이타 이동
END   2022-07-31 02:50:02 --------------------------


START 2022-07-31 03:00:01 --------------------------
live
총 0 개 데이타 이동
END   2022-07-31 03:00:01 --------------------------


START 2022-07-31 03:10:01 --------------------------
live
총 0 개 데이타 이동
END   2022-07-31 03:10:01 --------------------------


START 2022-07-31 03:20:02 --------------------------
live
총 0 개 데이타 이동
END   2022-07-31 03:20:02 --------------------------


START 2022-07-31 03:30:01 --------------------------
live
총 0 개 데이타 이동
END   2022-07-31 03:30:01 --------------------------


START 2022-07-31 03:40:01 --------------------------
live
총 0 개 데이타 이동
END   2022-07-31 03:40:01 --------------------------


START 2022-07-31 03:50:01 --------------------------
live
총 0 개 데이타 이동
END   2022-07-31 03:50:01 --------------------------


START 2022-07-31 04:00:01 --------------------------
live
총 0 개 데이타 이동
END   2022-07-31 04:00:01 --------------------------


START 2022-07-31 04:10:01 --------------------------
live
총 0 개 데이타 이동
END   2022-07-31 04:10:01 --------------------------


START 2022-07-31 04:20:01 --------------------------
live
총 0 개 데이타 이동
END   2022-07-31 04:20:01 --------------------------


START 2022-07-31 04:30:01 --------------------------
live
총 0 개 데이타 이동
END   2022-07-31 04:30:01 --------------------------


START 2022-07-31 04:40:01 --------------------------
live
총 0 개 데이타 이동
END   2022-07-31 04:40:01 --------------------------


START 2022-07-31 04:50:01 --------------------------
live
총 0 개 데이타 이동
END   2022-07-31 04:50:01 --------------------------


START 2022-07-31 05:00:01 --------------------------
live
총 0 개 데이타 이동
END   2022-07-31 05:00:01 --------------------------


START 2022-07-31 05:10:01 --------------------------
live
총 0 개 데이타 이동
END   2022-07-31 05:10:01 --------------------------


START 2022-07-31 05:20:01 --------------------------
live
총 0 개 데이타 이동
END   2022-07-31 05:20:01 --------------------------


START 2022-07-31 05:30:01 --------------------------
live
총 0 개 데이타 이동
END   2022-07-31 05:30:01 --------------------------


START 2022-07-31 05:40:01 --------------------------
live
총 0 개 데이타 이동
END   2022-07-31 05:40:01 --------------------------


START 2022-07-31 05:50:01 --------------------------
live
총 0 개 데이타 이동
END   2022-07-31 05:50:01 --------------------------


START 2022-07-31 06:00:01 --------------------------
live
총 0 개 데이타 이동
END   2022-07-31 06:00:01 --------------------------


START 2022-07-31 06:10:01 --------------------------
live
총 0 개 데이타 이동
END   2022-07-31 06:10:01 --------------------------


START 2022-07-31 06:20:01 --------------------------
live
총 0 개 데이타 이동
END   2022-07-31 06:20:01 --------------------------


START 2022-07-31 06:30:02 --------------------------
live
총 0 개 데이타 이동
END   2022-07-31 06:30:02 --------------------------


START 2022-07-31 06:40:01 --------------------------
live
총 0 개 데이타 이동
END   2022-07-31 06:40:01 --------------------------


START 2022-07-31 06:50:01 --------------------------
live
총 0 개 데이타 이동
END   2022-07-31 06:50:01 --------------------------


START 2022-07-31 07:00:01 --------------------------
live
총 0 개 데이타 이동
END   2022-07-31 07:00:01 --------------------------


START 2022-07-31 07:10:01 --------------------------
live
총 0 개 데이타 이동
END   2022-07-31 07:10:01 --------------------------


START 2022-07-31 07:20:01 --------------------------
live
총 0 개 데이타 이동
END   2022-07-31 07:20:01 --------------------------


START 2022-07-31 07:30:02 --------------------------
live
총 0 개 데이타 이동
END   2022-07-31 07:30:02 --------------------------


START 2022-07-31 07:40:01 --------------------------
live
총 0 개 데이타 이동
END   2022-07-31 07:40:01 --------------------------


START 2022-07-31 07:50:01 --------------------------
live
총 0 개 데이타 이동
END   2022-07-31 07:50:01 --------------------------


START 2022-07-31 08:00:01 --------------------------
live
총 0 개 데이타 이동
END   2022-07-31 08:00:01 --------------------------


START 2022-07-31 08:10:02 --------------------------
live
총 0 개 데이타 이동
END   2022-07-31 08:10:02 --------------------------


START 2022-07-31 08:20:01 --------------------------
live
총 0 개 데이타 이동
END   2022-07-31 08:20:01 --------------------------


START 2022-07-31 08:30:01 --------------------------
live
총 0 개 데이타 이동
END   2022-07-31 08:30:01 --------------------------


START 2022-07-31 08:40:01 --------------------------
live
총 0 개 데이타 이동
END   2022-07-31 08:40:01 --------------------------


START 2022-07-31 08:50:01 --------------------------
live
총 0 개 데이타 이동
END   2022-07-31 08:50:01 --------------------------


START 2022-07-31 09:00:02 --------------------------
live
총 0 개 데이타 이동
END   2022-07-31 09:00:02 --------------------------


START 2022-07-31 09:10:01 --------------------------
live
총 0 개 데이타 이동
END   2022-07-31 09:10:01 --------------------------


START 2022-07-31 09:20:01 --------------------------
live
총 0 개 데이타 이동
END   2022-07-31 09:20:01 --------------------------


START 2022-07-31 09:30:01 --------------------------
live
총 0 개 데이타 이동
END   2022-07-31 09:30:01 --------------------------


START 2022-07-31 09:40:01 --------------------------
live
총 0 개 데이타 이동
END   2022-07-31 09:40:01 --------------------------


START 2022-07-31 09:50:01 --------------------------
live
총 0 개 데이타 이동
END   2022-07-31 09:50:01 --------------------------


START 2022-07-31 10:00:01 --------------------------
live
총 0 개 데이타 이동
END   2022-07-31 10:00:01 --------------------------


START 2022-07-31 10:10:01 --------------------------
live
총 0 개 데이타 이동
END   2022-07-31 10:10:01 --------------------------


START 2022-07-31 10:20:01 --------------------------
live
총 0 개 데이타 이동
END   2022-07-31 10:20:01 --------------------------


START 2022-07-31 10:30:01 --------------------------
live
총 0 개 데이타 이동
END   2022-07-31 10:30:01 --------------------------


START 2022-07-31 10:40:01 --------------------------
live
총 0 개 데이타 이동
END   2022-07-31 10:40:01 --------------------------


START 2022-07-31 10:50:01 --------------------------
live
총 0 개 데이타 이동
END   2022-07-31 10:50:01 --------------------------


START 2022-07-31 11:00:02 --------------------------
live
총 0 개 데이타 이동
END   2022-07-31 11:00:02 --------------------------


START 2022-07-31 11:10:01 --------------------------
live
총 0 개 데이타 이동
END   2022-07-31 11:10:01 --------------------------


START 2022-07-31 11:20:01 --------------------------
live
총 0 개 데이타 이동
END   2022-07-31 11:20:01 --------------------------


START 2022-07-31 11:30:01 --------------------------
live
총 0 개 데이타 이동
END   2022-07-31 11:30:01 --------------------------


START 2022-07-31 11:40:01 --------------------------
live
총 0 개 데이타 이동
END   2022-07-31 11:40:01 --------------------------


START 2022-07-31 11:50:01 --------------------------
live
총 0 개 데이타 이동
END   2022-07-31 11:50:01 --------------------------


START 2022-07-31 12:00:01 --------------------------
live
2 개의 삭제대상 레코드 발견
delete from cf_Msg_Tran where moved='Y' and Send_Time < now() - interval 30 DAY
2 개 삭제

총 0 개 데이타 이동
END   2022-07-31 12:00:01 --------------------------


START 2022-07-31 12:10:01 --------------------------
live
총 0 개 데이타 이동
END   2022-07-31 12:10:01 --------------------------


START 2022-07-31 12:20:01 --------------------------
live
총 0 개 데이타 이동
END   2022-07-31 12:20:01 --------------------------


START 2022-07-31 12:30:01 --------------------------
live
총 0 개 데이타 이동
END   2022-07-31 12:30:01 --------------------------


START 2022-07-31 12:40:01 --------------------------
live
총 0 개 데이타 이동
END   2022-07-31 12:40:02 --------------------------


START 2022-07-31 12:50:01 --------------------------
live
총 0 개 데이타 이동
END   2022-07-31 12:50:01 --------------------------


START 2022-07-31 13:00:01 --------------------------
live
총 0 개 데이타 이동
END   2022-07-31 13:00:01 --------------------------


START 2022-07-31 13:10:01 --------------------------
live
총 0 개 데이타 이동
END   2022-07-31 13:10:01 --------------------------


START 2022-07-31 13:20:01 --------------------------
live
총 0 개 데이타 이동
END   2022-07-31 13:20:01 --------------------------


START 2022-07-31 13:30:01 --------------------------
live
총 0 개 데이타 이동
END   2022-07-31 13:30:01 --------------------------


START 2022-07-31 13:40:01 --------------------------
live
총 0 개 데이타 이동
END   2022-07-31 13:40:01 --------------------------


START 2022-07-31 13:50:01 --------------------------
live
총 0 개 데이타 이동
END   2022-07-31 13:50:02 --------------------------


START 2022-07-31 14:00:01 --------------------------
live
총 0 개 데이타 이동
END   2022-07-31 14:00:01 --------------------------


START 2022-07-31 14:10:01 --------------------------
live
총 0 개 데이타 이동
END   2022-07-31 14:10:01 --------------------------


START 2022-07-31 14:20:01 --------------------------
live
총 0 개 데이타 이동
END   2022-07-31 14:20:01 --------------------------


START 2022-07-31 14:30:01 --------------------------
live
총 0 개 데이타 이동
END   2022-07-31 14:30:01 --------------------------


START 2022-07-31 14:40:01 --------------------------
live
총 0 개 데이타 이동
END   2022-07-31 14:40:01 --------------------------


START 2022-07-31 14:50:01 --------------------------
live
총 0 개 데이타 이동
END   2022-07-31 14:50:01 --------------------------


START 2022-07-31 15:00:01 --------------------------
live
총 0 개 데이타 이동
END   2022-07-31 15:00:01 --------------------------


START 2022-07-31 15:10:01 --------------------------
live
총 0 개 데이타 이동
END   2022-07-31 15:10:01 --------------------------


START 2022-07-31 15:20:01 --------------------------
live
1 개의 삭제대상 레코드 발견
delete from cf_Msg_Tran where moved='Y' and Send_Time < now() - interval 30 DAY
1 개 삭제

총 0 개 데이타 이동
END   2022-07-31 15:20:01 --------------------------


START 2022-07-31 15:30:01 --------------------------
live
총 0 개 데이타 이동
END   2022-07-31 15:30:01 --------------------------


START 2022-07-31 15:40:01 --------------------------
live
총 0 개 데이타 이동
END   2022-07-31 15:40:01 --------------------------


START 2022-07-31 15:50:01 --------------------------
live
총 0 개 데이타 이동
END   2022-07-31 15:50:01 --------------------------


START 2022-07-31 16:00:01 --------------------------
live
총 0 개 데이타 이동
END   2022-07-31 16:00:01 --------------------------


START 2022-07-31 16:10:01 --------------------------
live
총 0 개 데이타 이동
END   2022-07-31 16:10:01 --------------------------


START 2022-07-31 16:20:01 --------------------------
live
총 0 개 데이타 이동
END   2022-07-31 16:20:01 --------------------------


START 2022-07-31 16:30:01 --------------------------
live
총 0 개 데이타 이동
END   2022-07-31 16:30:01 --------------------------


START 2022-07-31 16:40:01 --------------------------
live
총 0 개 데이타 이동
END   2022-07-31 16:40:01 --------------------------


START 2022-07-31 16:50:01 --------------------------
live
총 0 개 데이타 이동
END   2022-07-31 16:50:01 --------------------------


START 2022-07-31 17:00:01 --------------------------
live
총 0 개 데이타 이동
END   2022-07-31 17:00:01 --------------------------


START 2022-07-31 17:10:01 --------------------------
live
총 0 개 데이타 이동
END   2022-07-31 17:10:01 --------------------------


START 2022-07-31 17:20:01 --------------------------
live
총 0 개 데이타 이동
END   2022-07-31 17:20:01 --------------------------


START 2022-07-31 17:30:01 --------------------------
live
총 0 개 데이타 이동
END   2022-07-31 17:30:01 --------------------------


START 2022-07-31 17:40:01 --------------------------
live
총 0 개 데이타 이동
END   2022-07-31 17:40:01 --------------------------


START 2022-07-31 17:50:01 --------------------------
live
총 0 개 데이타 이동
END   2022-07-31 17:50:01 --------------------------


START 2022-07-31 18:00:01 --------------------------
live
총 0 개 데이타 이동
END   2022-07-31 18:00:01 --------------------------


START 2022-07-31 18:10:02 --------------------------
live
총 0 개 데이타 이동
END   2022-07-31 18:10:02 --------------------------


START 2022-07-31 18:20:01 --------------------------
live
총 0 개 데이타 이동
END   2022-07-31 18:20:01 --------------------------


START 2022-07-31 18:30:02 --------------------------
live
총 0 개 데이타 이동
END   2022-07-31 18:30:02 --------------------------


START 2022-07-31 18:40:01 --------------------------
live
총 0 개 데이타 이동
END   2022-07-31 18:40:01 --------------------------


START 2022-07-31 18:50:01 --------------------------
live
총 0 개 데이타 이동
END   2022-07-31 18:50:01 --------------------------


START 2022-07-31 19:00:01 --------------------------
live
총 0 개 데이타 이동
END   2022-07-31 19:00:01 --------------------------


START 2022-07-31 19:10:01 --------------------------
live
총 0 개 데이타 이동
END   2022-07-31 19:10:01 --------------------------


START 2022-07-31 19:20:01 --------------------------
live
총 0 개 데이타 이동
END   2022-07-31 19:20:01 --------------------------


START 2022-07-31 19:30:01 --------------------------
live
총 0 개 데이타 이동
END   2022-07-31 19:30:01 --------------------------


START 2022-07-31 19:40:02 --------------------------
live
총 0 개 데이타 이동
END   2022-07-31 19:40:02 --------------------------


START 2022-07-31 19:50:01 --------------------------
live
총 0 개 데이타 이동
END   2022-07-31 19:50:01 --------------------------


START 2022-07-31 20:00:01 --------------------------
live
총 0 개 데이타 이동
END   2022-07-31 20:00:01 --------------------------


START 2022-07-31 20:10:01 --------------------------
live
총 0 개 데이타 이동
END   2022-07-31 20:10:01 --------------------------


START 2022-07-31 20:20:01 --------------------------
live
총 0 개 데이타 이동
END   2022-07-31 20:20:01 --------------------------


START 2022-07-31 20:30:01 --------------------------
live
총 0 개 데이타 이동
END   2022-07-31 20:30:01 --------------------------


START 2022-07-31 20:40:01 --------------------------
live
총 0 개 데이타 이동
END   2022-07-31 20:40:01 --------------------------


START 2022-07-31 20:50:01 --------------------------
live
총 0 개 데이타 이동
END   2022-07-31 20:50:02 --------------------------


START 2022-07-31 21:00:01 --------------------------
live
총 0 개 데이타 이동
END   2022-07-31 21:00:01 --------------------------


START 2022-07-31 21:10:01 --------------------------
live
총 0 개 데이타 이동
END   2022-07-31 21:10:01 --------------------------


START 2022-07-31 21:20:01 --------------------------
live
총 0 개 데이타 이동
END   2022-07-31 21:20:01 --------------------------


START 2022-07-31 21:30:01 --------------------------
live
총 0 개 데이타 이동
END   2022-07-31 21:30:01 --------------------------


START 2022-07-31 21:40:01 --------------------------
live
총 0 개 데이타 이동
END   2022-07-31 21:40:01 --------------------------


START 2022-07-31 21:50:01 --------------------------
live
총 0 개 데이타 이동
END   2022-07-31 21:50:01 --------------------------


START 2022-07-31 22:00:01 --------------------------
live
총 0 개 데이타 이동
END   2022-07-31 22:00:01 --------------------------


START 2022-07-31 22:10:01 --------------------------
live
총 0 개 데이타 이동
END   2022-07-31 22:10:01 --------------------------


START 2022-07-31 22:20:02 --------------------------
live
총 0 개 데이타 이동
END   2022-07-31 22:20:02 --------------------------


START 2022-07-31 22:30:02 --------------------------
live
총 0 개 데이타 이동
END   2022-07-31 22:30:02 --------------------------


START 2022-07-31 22:40:01 --------------------------
live
총 0 개 데이타 이동
END   2022-07-31 22:40:01 --------------------------


START 2022-07-31 22:50:01 --------------------------
live
총 0 개 데이타 이동
END   2022-07-31 22:50:01 --------------------------


START 2022-07-31 23:00:02 --------------------------
live
총 0 개 데이타 이동
END   2022-07-31 23:00:02 --------------------------


START 2022-07-31 23:10:01 --------------------------
live
총 0 개 데이타 이동
END   2022-07-31 23:10:01 --------------------------


START 2022-07-31 23:20:01 --------------------------
live
총 0 개 데이타 이동
END   2022-07-31 23:20:01 --------------------------


START 2022-07-31 23:30:01 --------------------------
live
총 0 개 데이타 이동
END   2022-07-31 23:30:01 --------------------------


START 2022-07-31 23:40:01 --------------------------
live
총 0 개 데이타 이동
END   2022-07-31 23:40:01 --------------------------


START 2022-07-31 23:50:01 --------------------------
live
총 0 개 데이타 이동
END   2022-07-31 23:50:01 --------------------------


