START 2022-01-24 00:00:02 --------------------------
live
총 0 개 데이타 이동
END   2022-01-24 00:00:04 --------------------------


START 2022-01-24 00:10:01 --------------------------
live
총 0 개 데이타 이동
END   2022-01-24 00:10:03 --------------------------


START 2022-01-24 00:20:01 --------------------------
live
총 0 개 데이타 이동
END   2022-01-24 00:20:03 --------------------------


START 2022-01-24 00:30:01 --------------------------
live
총 0 개 데이타 이동
END   2022-01-24 00:30:03 --------------------------


START 2022-01-24 00:40:01 --------------------------
live
총 0 개 데이타 이동
END   2022-01-24 00:40:03 --------------------------


START 2022-01-24 00:50:01 --------------------------
live
총 0 개 데이타 이동
END   2022-01-24 00:50:03 --------------------------


START 2022-01-24 01:00:01 --------------------------
live
총 0 개 데이타 이동
END   2022-01-24 01:00:03 --------------------------


START 2022-01-24 01:10:01 --------------------------
live
총 0 개 데이타 이동
END   2022-01-24 01:10:03 --------------------------


START 2022-01-24 01:20:01 --------------------------
live
총 0 개 데이타 이동
END   2022-01-24 01:20:03 --------------------------


START 2022-01-24 01:30:02 --------------------------
live
총 0 개 데이타 이동
END   2022-01-24 01:30:04 --------------------------


START 2022-01-24 01:40:02 --------------------------
live
총 0 개 데이타 이동
END   2022-01-24 01:40:03 --------------------------


START 2022-01-24 01:50:01 --------------------------
live
총 0 개 데이타 이동
END   2022-01-24 01:50:03 --------------------------


START 2022-01-24 02:00:01 --------------------------
live
총 0 개 데이타 이동
END   2022-01-24 02:00:03 --------------------------


START 2022-01-24 02:10:01 --------------------------
live
총 0 개 데이타 이동
END   2022-01-24 02:10:03 --------------------------


START 2022-01-24 02:20:01 --------------------------
live
총 0 개 데이타 이동
END   2022-01-24 02:20:03 --------------------------


START 2022-01-24 02:30:01 --------------------------
live
총 0 개 데이타 이동
END   2022-01-24 02:30:03 --------------------------


START 2022-01-24 02:40:01 --------------------------
live
총 0 개 데이타 이동
END   2022-01-24 02:40:03 --------------------------


START 2022-01-24 02:50:02 --------------------------
live
총 0 개 데이타 이동
END   2022-01-24 02:50:03 --------------------------


START 2022-01-24 03:00:01 --------------------------
live
총 0 개 데이타 이동
END   2022-01-24 03:00:03 --------------------------


START 2022-01-24 03:10:01 --------------------------
live
총 0 개 데이타 이동
END   2022-01-24 03:10:03 --------------------------


START 2022-01-24 03:20:02 --------------------------
live
총 0 개 데이타 이동
END   2022-01-24 03:20:04 --------------------------


START 2022-01-24 03:30:01 --------------------------
live
총 0 개 데이타 이동
END   2022-01-24 03:30:03 --------------------------


START 2022-01-24 03:40:01 --------------------------
live
총 0 개 데이타 이동
END   2022-01-24 03:40:03 --------------------------


START 2022-01-24 03:50:01 --------------------------
live
총 0 개 데이타 이동
END   2022-01-24 03:50:03 --------------------------


START 2022-01-24 04:00:02 --------------------------
live
총 0 개 데이타 이동
END   2022-01-24 04:00:03 --------------------------


START 2022-01-24 04:10:02 --------------------------
live
총 0 개 데이타 이동
END   2022-01-24 04:10:03 --------------------------


START 2022-01-24 04:20:01 --------------------------
live
총 0 개 데이타 이동
END   2022-01-24 04:20:03 --------------------------


START 2022-01-24 04:30:01 --------------------------
live
총 0 개 데이타 이동
END   2022-01-24 04:30:03 --------------------------


START 2022-01-24 04:40:02 --------------------------
live
총 0 개 데이타 이동
END   2022-01-24 04:40:03 --------------------------


START 2022-01-24 04:50:01 --------------------------
live
총 0 개 데이타 이동
END   2022-01-24 04:50:03 --------------------------


START 2022-01-24 05:00:02 --------------------------
live
총 0 개 데이타 이동
END   2022-01-24 05:00:03 --------------------------


START 2022-01-24 05:10:01 --------------------------
live
총 0 개 데이타 이동
END   2022-01-24 05:10:03 --------------------------


START 2022-01-24 05:20:02 --------------------------
live
총 0 개 데이타 이동
END   2022-01-24 05:20:03 --------------------------


START 2022-01-24 05:30:01 --------------------------
live
총 0 개 데이타 이동
END   2022-01-24 05:30:03 --------------------------


START 2022-01-24 05:40:01 --------------------------
live
총 0 개 데이타 이동
END   2022-01-24 05:40:03 --------------------------


START 2022-01-24 05:50:01 --------------------------
live
총 0 개 데이타 이동
END   2022-01-24 05:50:03 --------------------------


START 2022-01-24 06:00:02 --------------------------
live
총 0 개 데이타 이동
END   2022-01-24 06:00:03 --------------------------


START 2022-01-24 06:10:01 --------------------------
live
총 0 개 데이타 이동
END   2022-01-24 06:10:03 --------------------------


START 2022-01-24 06:20:01 --------------------------
live
총 0 개 데이타 이동
END   2022-01-24 06:20:03 --------------------------


START 2022-01-24 06:30:01 --------------------------
live
총 0 개 데이타 이동
END   2022-01-24 06:30:03 --------------------------


START 2022-01-24 06:40:02 --------------------------
live
총 0 개 데이타 이동
END   2022-01-24 06:40:03 --------------------------


START 2022-01-24 06:50:01 --------------------------
live
총 0 개 데이타 이동
END   2022-01-24 06:50:03 --------------------------


START 2022-01-24 07:00:01 --------------------------
live
총 0 개 데이타 이동
END   2022-01-24 07:00:03 --------------------------


START 2022-01-24 07:10:01 --------------------------
live
총 0 개 데이타 이동
END   2022-01-24 07:10:03 --------------------------


START 2022-01-24 07:20:01 --------------------------
live
총 0 개 데이타 이동
END   2022-01-24 07:20:03 --------------------------


START 2022-01-24 07:30:01 --------------------------
live
총 0 개 데이타 이동
END   2022-01-24 07:30:03 --------------------------


START 2022-01-24 07:40:01 --------------------------
live
총 0 개 데이타 이동
END   2022-01-24 07:40:03 --------------------------


START 2022-01-24 07:50:02 --------------------------
live
총 0 개 데이타 이동
END   2022-01-24 07:50:04 --------------------------


START 2022-01-24 08:00:02 --------------------------
live
총 0 개 데이타 이동
END   2022-01-24 08:00:04 --------------------------


START 2022-01-24 08:10:02 --------------------------
live
총 0 개 데이타 이동
END   2022-01-24 08:10:03 --------------------------


START 2022-01-24 08:20:01 --------------------------
live
총 0 개 데이타 이동
END   2022-01-24 08:20:03 --------------------------


START 2022-01-24 08:30:01 --------------------------
live
총 0 개 데이타 이동
END   2022-01-24 08:30:03 --------------------------


START 2022-01-24 08:40:01 --------------------------
live
총 0 개 데이타 이동
END   2022-01-24 08:40:03 --------------------------


START 2022-01-24 08:50:01 --------------------------
live
총 0 개 데이타 이동
END   2022-01-24 08:50:03 --------------------------


START 2022-01-24 09:00:01 --------------------------
live
총 0 개 데이타 이동
END   2022-01-24 09:00:03 --------------------------


START 2022-01-24 09:10:01 --------------------------
live
총 0 개 데이타 이동
END   2022-01-24 09:10:03 --------------------------


START 2022-01-24 09:20:01 --------------------------
live
총 0 개 데이타 이동
END   2022-01-24 09:20:03 --------------------------


START 2022-01-24 09:30:01 --------------------------
live
총 0 개 데이타 이동
END   2022-01-24 09:30:03 --------------------------


START 2022-01-24 09:40:01 --------------------------
live
총 0 개 데이타 이동
END   2022-01-24 09:40:03 --------------------------


START 2022-01-24 09:50:01 --------------------------
live
총 0 개 데이타 이동
END   2022-01-24 09:50:03 --------------------------


START 2022-01-24 10:00:01 --------------------------
live
총 0 개 데이타 이동
END   2022-01-24 10:00:03 --------------------------


START 2022-01-24 10:10:01 --------------------------
live
총 0 개 데이타 이동
END   2022-01-24 10:10:03 --------------------------


START 2022-01-24 10:20:01 --------------------------
live
총 0 개 데이타 이동
END   2022-01-24 10:20:03 --------------------------


START 2022-01-24 10:30:01 --------------------------
live
총 0 개 데이타 이동
END   2022-01-24 10:30:03 --------------------------


START 2022-01-24 10:40:01 --------------------------
live
총 0 개 데이타 이동
END   2022-01-24 10:40:03 --------------------------


START 2022-01-24 10:50:01 --------------------------
live
총 0 개 데이타 이동
END   2022-01-24 10:50:03 --------------------------


START 2022-01-24 11:00:01 --------------------------
live
총 0 개 데이타 이동
END   2022-01-24 11:00:03 --------------------------


START 2022-01-24 11:10:01 --------------------------
live
총 0 개 데이타 이동
END   2022-01-24 11:10:03 --------------------------


START 2022-01-24 11:20:01 --------------------------
live
총 0 개 데이타 이동
END   2022-01-24 11:20:02 --------------------------


START 2022-01-24 11:30:01 --------------------------
live
총 0 개 데이타 이동
END   2022-01-24 11:30:03 --------------------------


START 2022-01-24 11:40:01 --------------------------
live
총 2 개 데이타 이동
데이타 이동 시작 *****
3047471 01024568888 -- 3047472 01088944740 -- 
END   2022-01-24 11:40:04 --------------------------


START 2022-01-24 11:50:01 --------------------------
live
총 0 개 데이타 이동
END   2022-01-24 11:50:03 --------------------------


START 2022-01-24 12:00:01 --------------------------
live
총 0 개 데이타 이동
END   2022-01-24 12:00:03 --------------------------


START 2022-01-24 12:10:01 --------------------------
live
총 0 개 데이타 이동
END   2022-01-24 12:10:04 --------------------------


START 2022-01-24 12:20:01 --------------------------
live
총 0 개 데이타 이동
END   2022-01-24 12:20:03 --------------------------


START 2022-01-24 12:30:01 --------------------------
live
총 0 개 데이타 이동
END   2022-01-24 12:30:03 --------------------------


START 2022-01-24 12:40:01 --------------------------
live
총 0 개 데이타 이동
END   2022-01-24 12:40:03 --------------------------


START 2022-01-24 12:50:01 --------------------------
live
총 0 개 데이타 이동
END   2022-01-24 12:50:03 --------------------------


START 2022-01-24 13:00:01 --------------------------
live
총 0 개 데이타 이동
END   2022-01-24 13:00:03 --------------------------


START 2022-01-24 13:10:01 --------------------------
live
총 0 개 데이타 이동
END   2022-01-24 13:10:04 --------------------------


START 2022-01-24 13:20:02 --------------------------
live
총 0 개 데이타 이동
END   2022-01-24 13:20:03 --------------------------


START 2022-01-24 13:30:01 --------------------------
live
총 0 개 데이타 이동
END   2022-01-24 13:30:03 --------------------------


START 2022-01-24 13:40:02 --------------------------
live
총 0 개 데이타 이동
END   2022-01-24 13:40:03 --------------------------


START 2022-01-24 13:50:01 --------------------------
live
총 0 개 데이타 이동
END   2022-01-24 13:50:03 --------------------------


START 2022-01-24 14:00:01 --------------------------
live
총 0 개 데이타 이동
END   2022-01-24 14:00:03 --------------------------


START 2022-01-24 14:10:01 --------------------------
live
총 2 개 데이타 이동
데이타 이동 시작 *****
3047473 01024568888 -- 3047474 01088944740 -- 
END   2022-01-24 14:10:05 --------------------------


START 2022-01-24 14:20:01 --------------------------
live
총 0 개 데이타 이동
END   2022-01-24 14:20:03 --------------------------


START 2022-01-24 14:30:01 --------------------------
live
총 0 개 데이타 이동
END   2022-01-24 14:30:03 --------------------------


START 2022-01-24 14:40:01 --------------------------
live
총 0 개 데이타 이동
END   2022-01-24 14:40:03 --------------------------


START 2022-01-24 14:50:01 --------------------------
live
총 0 개 데이타 이동
END   2022-01-24 14:50:03 --------------------------


START 2022-01-24 15:00:01 --------------------------
live
총 0 개 데이타 이동
END   2022-01-24 15:00:03 --------------------------


START 2022-01-24 15:10:01 --------------------------
live
총 0 개 데이타 이동
END   2022-01-24 15:10:05 --------------------------


START 2022-01-24 15:20:01 --------------------------
live
총 0 개 데이타 이동
END   2022-01-24 15:20:03 --------------------------


START 2022-01-24 15:30:01 --------------------------
live
총 0 개 데이타 이동
END   2022-01-24 15:30:03 --------------------------


START 2022-01-24 15:40:01 --------------------------
live
총 0 개 데이타 이동
END   2022-01-24 15:40:03 --------------------------


START 2022-01-24 15:50:01 --------------------------
live
총 0 개 데이타 이동
END   2022-01-24 15:50:03 --------------------------


START 2022-01-24 16:00:01 --------------------------
live
총 0 개 데이타 이동
END   2022-01-24 16:00:03 --------------------------


START 2022-01-24 16:10:01 --------------------------
live
총 0 개 데이타 이동
END   2022-01-24 16:10:04 --------------------------


START 2022-01-24 16:20:02 --------------------------
live
총 0 개 데이타 이동
END   2022-01-24 16:20:04 --------------------------


START 2022-01-24 16:30:02 --------------------------
live
총 0 개 데이타 이동
END   2022-01-24 16:30:04 --------------------------


START 2022-01-24 16:40:02 --------------------------
live
총 0 개 데이타 이동
END   2022-01-24 16:40:04 --------------------------


START 2022-01-24 16:50:02 --------------------------
live
총 0 개 데이타 이동
END   2022-01-24 16:50:04 --------------------------


START 2022-01-24 17:00:02 --------------------------
live
총 0 개 데이타 이동
END   2022-01-24 17:00:04 --------------------------


START 2022-01-24 17:10:02 --------------------------
live
총 0 개 데이타 이동
END   2022-01-24 17:10:03 --------------------------


START 2022-01-24 17:20:02 --------------------------
live
총 0 개 데이타 이동
END   2022-01-24 17:20:03 --------------------------


START 2022-01-24 17:30:01 --------------------------
live
총 0 개 데이타 이동
END   2022-01-24 17:30:03 --------------------------


START 2022-01-24 17:40:01 --------------------------
live
총 0 개 데이타 이동
END   2022-01-24 17:40:03 --------------------------


START 2022-01-24 17:50:01 --------------------------
live
총 0 개 데이타 이동
END   2022-01-24 17:50:03 --------------------------


START 2022-01-24 18:00:01 --------------------------
live
총 0 개 데이타 이동
END   2022-01-24 18:00:03 --------------------------


START 2022-01-24 18:10:01 --------------------------
live
총 0 개 데이타 이동
END   2022-01-24 18:10:03 --------------------------


START 2022-01-24 18:20:01 --------------------------
live
총 0 개 데이타 이동
END   2022-01-24 18:20:03 --------------------------


START 2022-01-24 18:30:01 --------------------------
live
총 0 개 데이타 이동
END   2022-01-24 18:30:03 --------------------------


START 2022-01-24 18:40:01 --------------------------
live
총 0 개 데이타 이동
END   2022-01-24 18:40:03 --------------------------


START 2022-01-24 18:50:01 --------------------------
live
총 0 개 데이타 이동
END   2022-01-24 18:50:03 --------------------------


START 2022-01-24 19:00:01 --------------------------
live
총 0 개 데이타 이동
END   2022-01-24 19:00:03 --------------------------


START 2022-01-24 19:10:02 --------------------------
live
총 0 개 데이타 이동
END   2022-01-24 19:10:03 --------------------------


START 2022-01-24 19:20:01 --------------------------
live
총 0 개 데이타 이동
END   2022-01-24 19:20:03 --------------------------


START 2022-01-24 19:30:01 --------------------------
live
총 0 개 데이타 이동
END   2022-01-24 19:30:03 --------------------------


START 2022-01-24 19:40:01 --------------------------
live
총 0 개 데이타 이동
END   2022-01-24 19:40:03 --------------------------


START 2022-01-24 19:50:01 --------------------------
live
총 0 개 데이타 이동
END   2022-01-24 19:50:03 --------------------------


START 2022-01-24 20:00:02 --------------------------
live
총 0 개 데이타 이동
END   2022-01-24 20:00:03 --------------------------


START 2022-01-24 20:10:02 --------------------------
live
총 0 개 데이타 이동
END   2022-01-24 20:10:03 --------------------------


START 2022-01-24 20:20:02 --------------------------
live
총 0 개 데이타 이동
END   2022-01-24 20:20:03 --------------------------


START 2022-01-24 20:30:02 --------------------------
live
총 0 개 데이타 이동
END   2022-01-24 20:30:03 --------------------------


START 2022-01-24 20:40:02 --------------------------
live
총 0 개 데이타 이동
END   2022-01-24 20:40:03 --------------------------


START 2022-01-24 20:50:01 --------------------------
live
총 0 개 데이타 이동
END   2022-01-24 20:50:03 --------------------------


START 2022-01-24 21:00:01 --------------------------
live
총 0 개 데이타 이동
END   2022-01-24 21:00:03 --------------------------


START 2022-01-24 21:10:01 --------------------------
live
총 0 개 데이타 이동
END   2022-01-24 21:10:03 --------------------------


START 2022-01-24 21:20:01 --------------------------
live
총 0 개 데이타 이동
END   2022-01-24 21:20:03 --------------------------


START 2022-01-24 21:30:01 --------------------------
live
총 0 개 데이타 이동
END   2022-01-24 21:30:03 --------------------------


START 2022-01-24 21:40:01 --------------------------
live
총 0 개 데이타 이동
END   2022-01-24 21:40:03 --------------------------


START 2022-01-24 21:50:01 --------------------------
live
총 0 개 데이타 이동
END   2022-01-24 21:50:03 --------------------------


START 2022-01-24 22:00:01 --------------------------
live
총 0 개 데이타 이동
END   2022-01-24 22:00:03 --------------------------


START 2022-01-24 22:10:02 --------------------------
live
총 0 개 데이타 이동
END   2022-01-24 22:10:04 --------------------------


START 2022-01-24 22:20:02 --------------------------
live
총 0 개 데이타 이동
END   2022-01-24 22:20:03 --------------------------


START 2022-01-24 22:30:02 --------------------------
live
총 0 개 데이타 이동
END   2022-01-24 22:30:03 --------------------------


START 2022-01-24 22:40:01 --------------------------
live
총 0 개 데이타 이동
END   2022-01-24 22:40:03 --------------------------


START 2022-01-24 22:50:01 --------------------------
live
총 0 개 데이타 이동
END   2022-01-24 22:50:03 --------------------------


START 2022-01-24 23:00:02 --------------------------
live
총 0 개 데이타 이동
END   2022-01-24 23:00:04 --------------------------


START 2022-01-24 23:10:02 --------------------------
live
총 0 개 데이타 이동
END   2022-01-24 23:10:03 --------------------------


START 2022-01-24 23:20:01 --------------------------
live
총 0 개 데이타 이동
END   2022-01-24 23:20:03 --------------------------


START 2022-01-24 23:30:01 --------------------------
live
총 0 개 데이타 이동
END   2022-01-24 23:30:03 --------------------------


START 2022-01-24 23:40:01 --------------------------
live
총 0 개 데이타 이동
END   2022-01-24 23:40:03 --------------------------


START 2022-01-24 23:50:01 --------------------------
live
총 0 개 데이타 이동
END   2022-01-24 23:50:03 --------------------------


