START 2022-06-07 00:00:01 --------------------------
live
총 0 개 데이타 이동
END   2022-06-07 00:00:01 --------------------------


START 2022-06-07 00:10:01 --------------------------
live
총 0 개 데이타 이동
END   2022-06-07 00:10:01 --------------------------


START 2022-06-07 00:20:01 --------------------------
live
총 0 개 데이타 이동
END   2022-06-07 00:20:01 --------------------------


START 2022-06-07 00:30:01 --------------------------
live
총 0 개 데이타 이동
END   2022-06-07 00:30:01 --------------------------


START 2022-06-07 00:40:01 --------------------------
live
총 0 개 데이타 이동
END   2022-06-07 00:40:01 --------------------------


START 2022-06-07 00:50:01 --------------------------
live
총 0 개 데이타 이동
END   2022-06-07 00:50:01 --------------------------


START 2022-06-07 01:00:01 --------------------------
live
총 0 개 데이타 이동
END   2022-06-07 01:00:01 --------------------------


START 2022-06-07 01:10:01 --------------------------
live
총 0 개 데이타 이동
END   2022-06-07 01:10:01 --------------------------


START 2022-06-07 01:20:01 --------------------------
live
총 0 개 데이타 이동
END   2022-06-07 01:20:01 --------------------------


START 2022-06-07 01:30:02 --------------------------
live
총 0 개 데이타 이동
END   2022-06-07 01:30:02 --------------------------


START 2022-06-07 01:40:01 --------------------------
live
총 0 개 데이타 이동
END   2022-06-07 01:40:01 --------------------------


START 2022-06-07 01:50:01 --------------------------
live
총 0 개 데이타 이동
END   2022-06-07 01:50:01 --------------------------


START 2022-06-07 02:00:01 --------------------------
live
총 0 개 데이타 이동
END   2022-06-07 02:00:01 --------------------------


START 2022-06-07 02:10:01 --------------------------
live
총 0 개 데이타 이동
END   2022-06-07 02:10:01 --------------------------


START 2022-06-07 02:20:01 --------------------------
live
총 0 개 데이타 이동
END   2022-06-07 02:20:01 --------------------------


START 2022-06-07 02:30:02 --------------------------
live
총 0 개 데이타 이동
END   2022-06-07 02:30:02 --------------------------


START 2022-06-07 02:40:02 --------------------------
live
총 0 개 데이타 이동
END   2022-06-07 02:40:02 --------------------------


START 2022-06-07 02:50:01 --------------------------
live
총 0 개 데이타 이동
END   2022-06-07 02:50:01 --------------------------


START 2022-06-07 03:00:01 --------------------------
live
총 0 개 데이타 이동
END   2022-06-07 03:00:01 --------------------------


START 2022-06-07 03:10:01 --------------------------
live
총 0 개 데이타 이동
END   2022-06-07 03:10:01 --------------------------


START 2022-06-07 03:20:01 --------------------------
live
총 0 개 데이타 이동
END   2022-06-07 03:20:01 --------------------------


START 2022-06-07 03:30:01 --------------------------
live
총 0 개 데이타 이동
END   2022-06-07 03:30:01 --------------------------


START 2022-06-07 03:40:01 --------------------------
live
총 0 개 데이타 이동
END   2022-06-07 03:40:01 --------------------------


START 2022-06-07 03:50:02 --------------------------
live
총 0 개 데이타 이동
END   2022-06-07 03:50:02 --------------------------


START 2022-06-07 04:00:02 --------------------------
live
총 0 개 데이타 이동
END   2022-06-07 04:00:02 --------------------------


START 2022-06-07 04:10:01 --------------------------
live
총 0 개 데이타 이동
END   2022-06-07 04:10:01 --------------------------


START 2022-06-07 04:20:01 --------------------------
live
총 0 개 데이타 이동
END   2022-06-07 04:20:01 --------------------------


START 2022-06-07 04:30:01 --------------------------
live
총 0 개 데이타 이동
END   2022-06-07 04:30:01 --------------------------


START 2022-06-07 04:40:01 --------------------------
live
총 0 개 데이타 이동
END   2022-06-07 04:40:01 --------------------------


START 2022-06-07 04:50:01 --------------------------
live
총 0 개 데이타 이동
END   2022-06-07 04:50:01 --------------------------


START 2022-06-07 05:00:01 --------------------------
live
총 0 개 데이타 이동
END   2022-06-07 05:00:01 --------------------------


START 2022-06-07 05:10:01 --------------------------
live
총 0 개 데이타 이동
END   2022-06-07 05:10:01 --------------------------


START 2022-06-07 05:20:01 --------------------------
live
총 0 개 데이타 이동
END   2022-06-07 05:20:01 --------------------------


START 2022-06-07 05:30:01 --------------------------
live
총 0 개 데이타 이동
END   2022-06-07 05:30:01 --------------------------


START 2022-06-07 05:40:01 --------------------------
live
총 0 개 데이타 이동
END   2022-06-07 05:40:01 --------------------------


START 2022-06-07 05:50:01 --------------------------
live
총 0 개 데이타 이동
END   2022-06-07 05:50:01 --------------------------


START 2022-06-07 06:00:01 --------------------------
live
총 0 개 데이타 이동
END   2022-06-07 06:00:01 --------------------------


START 2022-06-07 06:10:01 --------------------------
live
총 0 개 데이타 이동
END   2022-06-07 06:10:01 --------------------------


START 2022-06-07 06:20:01 --------------------------
live
총 0 개 데이타 이동
END   2022-06-07 06:20:01 --------------------------


START 2022-06-07 06:30:01 --------------------------
live
총 0 개 데이타 이동
END   2022-06-07 06:30:01 --------------------------


START 2022-06-07 06:40:02 --------------------------
live
총 0 개 데이타 이동
END   2022-06-07 06:40:02 --------------------------


START 2022-06-07 06:50:01 --------------------------
live
총 0 개 데이타 이동
END   2022-06-07 06:50:01 --------------------------


START 2022-06-07 07:00:01 --------------------------
live
총 0 개 데이타 이동
END   2022-06-07 07:00:01 --------------------------


START 2022-06-07 07:10:01 --------------------------
live
총 0 개 데이타 이동
END   2022-06-07 07:10:01 --------------------------


START 2022-06-07 07:20:01 --------------------------
live
총 0 개 데이타 이동
END   2022-06-07 07:20:01 --------------------------


START 2022-06-07 07:30:01 --------------------------
live
총 0 개 데이타 이동
END   2022-06-07 07:30:01 --------------------------


START 2022-06-07 07:40:01 --------------------------
live
총 0 개 데이타 이동
END   2022-06-07 07:40:01 --------------------------


START 2022-06-07 07:50:01 --------------------------
live
총 0 개 데이타 이동
END   2022-06-07 07:50:01 --------------------------


START 2022-06-07 08:00:01 --------------------------
live
총 0 개 데이타 이동
END   2022-06-07 08:00:01 --------------------------


START 2022-06-07 08:10:02 --------------------------
live
총 0 개 데이타 이동
END   2022-06-07 08:10:02 --------------------------


START 2022-06-07 08:20:02 --------------------------
live
총 0 개 데이타 이동
END   2022-06-07 08:20:02 --------------------------


START 2022-06-07 08:30:01 --------------------------
live
총 0 개 데이타 이동
END   2022-06-07 08:30:01 --------------------------


START 2022-06-07 08:40:01 --------------------------
live
총 0 개 데이타 이동
END   2022-06-07 08:40:01 --------------------------


START 2022-06-07 08:50:01 --------------------------
live
총 0 개 데이타 이동
END   2022-06-07 08:50:01 --------------------------


START 2022-06-07 09:00:02 --------------------------
live
총 0 개 데이타 이동
END   2022-06-07 09:00:02 --------------------------


START 2022-06-07 09:10:01 --------------------------
live
총 0 개 데이타 이동
END   2022-06-07 09:10:01 --------------------------


START 2022-06-07 09:20:02 --------------------------
live
총 0 개 데이타 이동
END   2022-06-07 09:20:02 --------------------------


START 2022-06-07 09:30:01 --------------------------
live
총 0 개 데이타 이동
END   2022-06-07 09:30:01 --------------------------


START 2022-06-07 09:40:01 --------------------------
live
총 0 개 데이타 이동
END   2022-06-07 09:40:01 --------------------------


START 2022-06-07 09:50:01 --------------------------
live
총 0 개 데이타 이동
END   2022-06-07 09:50:01 --------------------------


START 2022-06-07 10:00:01 --------------------------
live
총 0 개 데이타 이동
END   2022-06-07 10:00:02 --------------------------


START 2022-06-07 10:10:01 --------------------------
live
총 0 개 데이타 이동
END   2022-06-07 10:10:01 --------------------------


START 2022-06-07 10:20:01 --------------------------
live
총 0 개 데이타 이동
END   2022-06-07 10:20:01 --------------------------


START 2022-06-07 10:30:01 --------------------------
live
총 0 개 데이타 이동
END   2022-06-07 10:30:01 --------------------------


START 2022-06-07 10:40:01 --------------------------
live
총 0 개 데이타 이동
END   2022-06-07 10:40:01 --------------------------


START 2022-06-07 10:50:01 --------------------------
live
총 0 개 데이타 이동
END   2022-06-07 10:50:01 --------------------------


START 2022-06-07 11:00:01 --------------------------
live
총 0 개 데이타 이동
END   2022-06-07 11:00:01 --------------------------


START 2022-06-07 11:10:01 --------------------------
live
총 0 개 데이타 이동
END   2022-06-07 11:10:01 --------------------------


START 2022-06-07 11:20:01 --------------------------
live
총 0 개 데이타 이동
END   2022-06-07 11:20:01 --------------------------


START 2022-06-07 11:30:01 --------------------------
live
총 0 개 데이타 이동
END   2022-06-07 11:30:01 --------------------------


START 2022-06-07 11:40:01 --------------------------
live
총 0 개 데이타 이동
END   2022-06-07 11:40:01 --------------------------


START 2022-06-07 11:50:01 --------------------------
live
총 3 개 데이타 이동
데이타 이동 시작 *****
3106641 01024568888 -- 3106642 01088944740 -- 3106643 01086246176 -- 
END   2022-06-07 11:50:01 --------------------------


START 2022-06-07 12:00:01 --------------------------
live
총 0 개 데이타 이동
END   2022-06-07 12:00:01 --------------------------


START 2022-06-07 12:10:01 --------------------------
live
총 0 개 데이타 이동
END   2022-06-07 12:10:01 --------------------------


START 2022-06-07 12:20:01 --------------------------
live
총 0 개 데이타 이동
END   2022-06-07 12:20:01 --------------------------


START 2022-06-07 12:30:01 --------------------------
live
총 0 개 데이타 이동
END   2022-06-07 12:30:01 --------------------------


START 2022-06-07 12:40:01 --------------------------
live
총 0 개 데이타 이동
END   2022-06-07 12:40:01 --------------------------


START 2022-06-07 12:50:01 --------------------------
live
총 0 개 데이타 이동
END   2022-06-07 12:50:01 --------------------------


START 2022-06-07 13:00:01 --------------------------
live
총 0 개 데이타 이동
END   2022-06-07 13:00:01 --------------------------


START 2022-06-07 13:10:01 --------------------------
live
총 0 개 데이타 이동
END   2022-06-07 13:10:01 --------------------------


START 2022-06-07 13:20:01 --------------------------
live
총 1 개 데이타 이동
데이타 이동 시작 *****
3106644 01088944740 -- 
END   2022-06-07 13:20:01 --------------------------


START 2022-06-07 13:30:02 --------------------------
live
총 0 개 데이타 이동
END   2022-06-07 13:30:02 --------------------------


START 2022-06-07 13:40:01 --------------------------
live
총 0 개 데이타 이동
END   2022-06-07 13:40:01 --------------------------


START 2022-06-07 13:50:01 --------------------------
live
총 0 개 데이타 이동
END   2022-06-07 13:50:01 --------------------------


START 2022-06-07 14:00:01 --------------------------
live
총 0 개 데이타 이동
END   2022-06-07 14:00:01 --------------------------


START 2022-06-07 14:10:01 --------------------------
live
총 0 개 데이타 이동
END   2022-06-07 14:10:01 --------------------------


START 2022-06-07 14:20:01 --------------------------
live
총 0 개 데이타 이동
END   2022-06-07 14:20:01 --------------------------


START 2022-06-07 14:30:01 --------------------------
live
총 0 개 데이타 이동
END   2022-06-07 14:30:01 --------------------------


START 2022-06-07 14:40:01 --------------------------
live
총 0 개 데이타 이동
END   2022-06-07 14:40:01 --------------------------


START 2022-06-07 14:50:01 --------------------------
live
총 0 개 데이타 이동
END   2022-06-07 14:50:01 --------------------------


START 2022-06-07 15:00:01 --------------------------
live
총 0 개 데이타 이동
END   2022-06-07 15:00:01 --------------------------


START 2022-06-07 15:10:01 --------------------------
live
총 0 개 데이타 이동
END   2022-06-07 15:10:01 --------------------------


START 2022-06-07 15:20:01 --------------------------
live
총 1 개 데이타 이동
데이타 이동 시작 *****
3106645 01086246176 -- 
END   2022-06-07 15:20:01 --------------------------


START 2022-06-07 15:30:01 --------------------------
live
총 0 개 데이타 이동
END   2022-06-07 15:30:01 --------------------------


START 2022-06-07 15:40:01 --------------------------
live
총 0 개 데이타 이동
END   2022-06-07 15:40:01 --------------------------


START 2022-06-07 15:50:01 --------------------------
live
총 0 개 데이타 이동
END   2022-06-07 15:50:01 --------------------------


START 2022-06-07 16:00:01 --------------------------
live
총 0 개 데이타 이동
END   2022-06-07 16:00:01 --------------------------


START 2022-06-07 16:10:01 --------------------------
live
총 0 개 데이타 이동
END   2022-06-07 16:10:01 --------------------------


START 2022-06-07 16:20:01 --------------------------
live
총 0 개 데이타 이동
END   2022-06-07 16:20:01 --------------------------


START 2022-06-07 16:30:01 --------------------------
live
총 0 개 데이타 이동
END   2022-06-07 16:30:01 --------------------------


START 2022-06-07 16:40:01 --------------------------
live
총 0 개 데이타 이동
END   2022-06-07 16:40:01 --------------------------


START 2022-06-07 16:50:02 --------------------------
live
총 0 개 데이타 이동
END   2022-06-07 16:50:02 --------------------------


START 2022-06-07 17:00:01 --------------------------
live
총 0 개 데이타 이동
END   2022-06-07 17:00:01 --------------------------


START 2022-06-07 17:10:01 --------------------------
live
총 0 개 데이타 이동
END   2022-06-07 17:10:01 --------------------------


START 2022-06-07 17:20:01 --------------------------
live
총 0 개 데이타 이동
END   2022-06-07 17:20:01 --------------------------


START 2022-06-07 17:30:01 --------------------------
live
총 0 개 데이타 이동
END   2022-06-07 17:30:01 --------------------------


START 2022-06-07 17:40:01 --------------------------
live
총 0 개 데이타 이동
END   2022-06-07 17:40:02 --------------------------


START 2022-06-07 17:50:01 --------------------------
live
총 999 개 데이타 이동
데이타 이동 시작 *****
3106646 01089809500 -- 3106647 01056179090 -- 3106648 01088944740 -- 3106649 01099221433 -- 3106650 01086246176 -- 3106651 01071406426 -- 3106652 01000000000 -- 3106653 01043380580 -- 3106654 01032896331 -- 3106655 01048559998 -- 3106656 01084853722 -- 3106657 01033088839 -- 3106658 01088725819 -- 3106659 01024255580 -- 3106660 01032080480 -- 3106661 01038456171 -- 3106662 01091579725 -- 3106663 01055454867 -- 3106664 01042957170 -- 3106665 01025738859 -- 3106666 01032767136 -- 3106667 01025965960 -- 3106668 01054337079 -- 3106669 01033233635 -- 3106670 01091328939 -- 3106671 01085254425 -- 3106672 01067365836 -- 3106673 01052581559 -- 3106674 01084790573 -- 3106675 01098103929 -- 3106676 01039225011 -- 3106677 01099078005 -- 3106678 01037680656 -- 3106679 01085457377 -- 3106680 01053307870 -- 3106681 01071309695 -- 3106682 01024418408 -- 3106683 01090541722 -- 3106684 01023455756 -- 3106685 01036534552 -- 3106686 01051355998 -- 3106687 01040785648 -- 3106688 01047611419 -- 3106689 01091586988 -- 3106690 01044110957 -- 3106691 01025331799 -- 3106692 01091695994 -- 3106693 01062981205 -- 3106694 01090283502 -- 3106695 01040755648 -- 3106696 01043383770 -- 3106697 01020118660 -- 3106698 01024684144 -- 3106699 01091153060 -- 3106700 01090938373 -- 3106701 01048033610 -- 3106702 01090591729 -- 3106703 01045838082 -- 3106704 01090841316 -- 3106705 01056385648 -- 3106706 01036684195 -- 3106707 01031055066 -- 3106708 01026620156 -- 3106709 01067448422 -- 3106710 01074563414 -- 3106711 01080060401 -- 3106712 01035970682 -- 3106713 01039082240 -- 3106714 01023928429 -- 3106715 01038781568 -- 3106716 01066021240 -- 3106717 01022700916 -- 3106718 01096244049 -- 3106719 01093356144 -- 3106720 01055811130 -- 3106721 01034387161 -- 3106722 01063471218 -- 3106723 01054769598 -- 3106724 01072024436 -- 3106725 01027983027 -- 3106726 01077744787 -- 3106727 01040711761 -- 3106728 01077520549 -- 3106729 01048000840 -- 3106730 01029402275 -- 3106731 01077377161 -- 3106732 01083556311 -- 3106733 01050744659 -- 3106734 01035670357 -- 3106735 01082220092 -- 3106736 01088070154 -- 3106737 01036562161 -- 3106738 01046711526 -- 3106739 01036536333 -- 3106740 01098855699 -- 3106741 01077458838 -- 3106742 01028383596 -- 3106743 01074861150 -- 3106744 01084955266 -- 3106745 01099987089 -- 3106746 01090827265 -- 3106747 01047669598 -- 3106748 01074440009 -- 3106749 01088104271 -- 3106750 01029570188 -- 3106751 01062129669 -- 3106752 01043107512 -- 3106753 01090250170 -- 3106754 01044111900 -- 3106755 01033593360 -- 3106756 01052481432 -- 3106757 01020702785 -- 3106758 01024632493 -- 3106759 01023852877 -- 3106760 01037549694 -- 3106761 01050048613 -- 3106762 01093216407 -- 3106763 01071112791 -- 3106764 01032928539 -- 3106765 01028181790 -- 3106766 01090589704 -- 3106767 01037111425 -- 3106768 01055784182 -- 3106769 01084524840 -- 3106770 01028758714 -- 3106771 01020298660 -- 3106772 01087168273 -- 3106773 01022823751 -- 3106774 01045516932 -- 3106775 01022440387 -- 3106776 01063366397 -- 3106777 01090008350 -- 3106778 01020850827 -- 3106779 01096602954 -- 3106780 01077640833 -- 3106781 01099763993 -- 3106782 01033034049 -- 3106783 01052796394 -- 3106784 01026768031 -- 3106785 01090010252 -- 3106786 01052872887 -- 3106787 01096953357 -- 3106788 01023391280 -- 3106789 01038891418 -- 3106790 01027048101 -- 3106791 01067808432 -- 3106792 01022277891 -- 3106793 01036124694 -- 3106794 01025038030 -- 3106795 01025253503 -- 3106796 01062311085 -- 3106797 01087086336 -- 3106798 01072664319 -- 3106799 01051664417 -- 3106800 01090449305 -- 3106801 01025822921 -- 3106802 01099305802 -- 3106803 01088709476 -- 3106804 01029486029 -- 3106805 01089550045 -- 3106806 01040072088 -- 3106807 01084413000 -- 3106808 01090919811 -- 3106809 01063624802 -- 3106810 01051908890 -- 3106811 01063442658 -- 3106812 01062585425 -- 3106813 01066108164 -- 3106814 01023820582 -- 3106815 01047440100 -- 3106816 01099983715 -- 3106817 01032627534 -- 3106818 01085250212 -- 3106819 01028327161 -- 3106820 01071884204 -- 3106821 01053885985 -- 3106822 01086314114 -- 3106823 01032247714 -- 3106824 01025839599 -- 3106825 01054145128 -- 3106826 01087512991 -- 3106827 01058369318 -- 3106828 01075970656 -- 3106829 01054691828 -- 3106830 01043903145 -- 3106831 01067728938 -- 3106832 01030658164 -- 3106833 01023866074 -- 3106834 01081851085 -- 3106835 01044092225 -- 3106836 01073621715 -- 3106837 01032034634 -- 3106838 01094920122 -- 3106839 01035102076 -- 3106840 01043055088 -- 3106841 01040795037 -- 3106842 01041034080 -- 3106843 01031391758 -- 3106844 01055648540 -- 3106845 01058787894 -- 3106846 01084857840 -- 3106847 01046056227 -- 3106848 01023529643 -- 3106849 01087207206 -- 3106850 01093626805 -- 3106851 01035202480 -- 3106852 01066909834 -- 3106853 01091477152 -- 3106854 01032413123 -- 3106855 01086151037 -- 3106856 01043116359 -- 3106857 01035208378 -- 3106858 01056036106 -- 3106859 01023684895 -- 3106860 01077233161 -- 3106861 01096777325 -- 3106862 01077958087 -- 3106863 01049282796 -- 3106864 01032720989 -- 3106865 01099159643 -- 3106866 01076547012 -- 3106867 01038236738 -- 3106868 01091350638 -- 3106869 01076657952 -- 3106870 01076021122 -- 3106871 01089559947 -- 3106872 01025819094 -- 3106873 01040761798 -- 3106874 01090606815 -- 3106875 01024568888 -- 3106876 01044564436 -- 3106877 01089334297 -- 3106878 01099630157 -- 3106879 01084862825 -- 3106880 01023054092 -- 3106881 01025017195 -- 3106882 01092349512 -- 3106883 01085799305 -- 3106884 01041888579 -- 3106885 01027137503 -- 3106886 01022619132 -- 3106887 01025746043 -- 3106888 01034461396 -- 3106889 01057729182 -- 3106890 01029146096 -- 3106891 01045289126 -- 3106892 01047288137 -- 3106893 01029938320 -- 3106894 01025787584 -- 3106895 01028250112 -- 3106896 01083970192 -- 3106897 01099747009 -- 3106898 01090019235 -- 3106899 01092165126 -- 3106900 01056979638 -- 3106901 01088987263 -- 3106902 01052206332 -- 3106903 01089021506 -- 3106904 01034688843 -- 3106905 01025655404 -- 3106906 01097713688 -- 3106907 01047830619 -- 3106908 01035121057 -- 3106909 01087048288 -- 3106910 01093788481 -- 3106911 01054099303 -- 3106912 01033972369 -- 3106913 01087692979 -- 3106914 01021225089 -- 3106915 01042388189 -- 3106916 01084637779 -- 3106917 01028882528 -- 3106918 01055210995 -- 3106919 01045739075 -- 3106920 01047428589 -- 3106921 01094848016 -- 3106922 01027799335 -- 3106923 01050503327 -- 3106924 01043256321 -- 3106925 01025706902 -- 3106926 01051493879 -- 3106927 01045582442 -- 3106928 01033441725 -- 3106929 01022988970 -- 3106930 01054500622 -- 3106931 01086467106 -- 3106932 01041375789 -- 3106933 01063990887 -- 3106934 01022637643 -- 3106935 01036435392 -- 3106936 01054076652 -- 3106937 01023970315 -- 3106938 01028808605 -- 3106939 01045139714 -- 3106940 01042373665 -- 3106941 01068523587 -- 3106942 01066128756 -- 3106943 01068117501 -- 3106944 01091323462 -- 3106945 01055893949 -- 3106946 01049726470 -- 3106947 01028123266 -- 3106948 01045513315 -- 3106949 01027997799 -- 3106950 01089630640 -- 3106951 01044979947 -- 3106952 01024357074 -- 3106953 01030185347 -- 3106954 01054969174 -- 3106955 01041352130 -- 3106956 01083138877 -- 3106957 01057642217 -- 3106958 01074079212 -- 3106959 01027773525 -- 3106960 01033912044 -- 3106961 01053116649 -- 3106962 01086369429 -- 3106963 01096048604 -- 3106964 01027571542 -- 3106965 01047303599 -- 3106966 01092443539 -- 3106967 01039158018 -- 3106968 01052906157 -- 3106969 01028027476 -- 3106970 01034337439 -- 3106971 01042761570 -- 3106972 01095290938 -- 3106973 01055423745 -- 3106974 01028557650 -- 3106975 01053041688 -- 3106976 01084253769 -- 3106977 01040526902 -- 3106978 01024727203 -- 3106979 01057905463 -- 3106980 01062786450 -- 3106981 01099313117 -- 3106982 01040187776 -- 3106983 01027787557 -- 3106984 01079061224 -- 3106985 01089204854 -- 3106986 01066651862 -- 3106987 01021020978 -- 3106988 01030264003 -- 3106989 01098803653 -- 3106990 01042695200 -- 3106991 01087162509 -- 3106992 01087364460 -- 3106993 01065203794 -- 3106994 01096800874 -- 3106995 01087350259 -- 3106996 01054300038 -- 3106997 01037462659 -- 3106998 01099675356 -- 3106999 01043854371 -- 3107000 01036641211 -- 3107001 01031770250 -- 3107002 01093990386 -- 3107003 01049177563 -- 3107004 01056483112 -- 3107005 01035674295 -- 3107006 01089827320 -- 3107007 01023635295 -- 3107008 01022542509 -- 3107009 01032373258 -- 3107010 01091522665 -- 3107011 01025961001 -- 3107012 01051391737 -- 3107013 01033672340 -- 3107014 01026324415 -- 3107015 01088049578 -- 3107016 01074743084 -- 3107017 01031442535 -- 3107018 01099669600 -- 3107019 01039322243 -- 3107020 01064679762 -- 3107021 01068750929 -- 3107022 01024375210 -- 3107023 01062925621 -- 3107024 01073550219 -- 3107025 01063571889 -- 3107026 01093638288 -- 3107027 01097445368 -- 3107028 01088673215 -- 3107029 01042067414 -- 3107030 01041833462 -- 3107031 01068255510 -- 3107032 01024988765 -- 3107033 01023376520 -- 3107034 01051505134 -- 3107035 01033574706 -- 3107036 01045719698 -- 3107037 01085617474 -- 3107038 01062887276 -- 3107039 01023187244 -- 3107040 01094545621 -- 3107041 01094259414 -- 3107042 01031070185 -- 3107043 01091348432 -- 3107044 01056013266 -- 3107045 01082402077 -- 3107046 01087650610 -- 3107047 01027101386 -- 3107048 01022715862 -- 3107049 01032809295 -- 3107050 01044879879 -- 3107051 01083020559 -- 3107052 01086380313 -- 3107053 01021762036 -- 3107054 01096670997 -- 3107055 01083122081 -- 3107056 01045224371 -- 3107057 01024904443 -- 3107058 01090762797 -- 3107059 01071208106 -- 3107060 01068475560 -- 3107061 01026914627 -- 3107062 01086505892 -- 3107063 01066627770 -- 3107064 01066935621 -- 3107065 01083326066 -- 3107066 01030998284 -- 3107067 01054637667 -- 3107068 01096018531 -- 3107069 01080142335 -- 3107070 01029670755 -- 3107071 01046170852 -- 3107072 01053833316 -- 3107073 01048714006 -- 3107074 01047269700 -- 3107075 01052866394 -- 3107076 01023620311 -- 3107077 01035734223 -- 3107078 01047947329 -- 3107079 01099562500 -- 3107080 01022864746 -- 3107081 01041333080 -- 3107082 01091412819 -- 3107083 01030227413 -- 3107084 01094045733 -- 3107085 01034185354 -- 3107086 01062076656 -- 3107087 01024811200 -- 3107088 01026682048 -- 3107089 01023378788 -- 3107090 01047034590 -- 3107091 01071953671 -- 3107092 01043210974 -- 3107093 01094568404 -- 3107094 01042521915 -- 3107095 01034008792 -- 3107096 01083252396 -- 3107097 01029309331 -- 3107098 01098890488 -- 3107099 01025919018 -- 3107100 01022210415 -- 3107101 01041950631 -- 3107102 01097706260 -- 3107103 01055155153 -- 3107104 01054248463 -- 3107105 01023139786 -- 3107106 01066909569 -- 3107107 01051905575 -- 3107108 01094151896 -- 3107109 01065042304 -- 3107110 01086095231 -- 3107111 01035127467 -- 3107112 01033844527 -- 3107113 01032790929 -- 3107114 01020121219 -- 3107115 01025225354 -- 3107116 01046283805 -- 3107117 01020091678 -- 3107118 01054913305 -- 3107119 01029631262 -- 3107120 01062345410 -- 3107121 01063673137 -- 3107122 01039037047 -- 3107123 01095633266 -- 3107124 01072079866 -- 3107125 01022889796 -- 3107126 01065196996 -- 3107127 01087426059 -- 3107128 01044649198 -- 3107129 01068058683 -- 3107130 01085792779 -- 3107131 01075620917 -- 3107132 01050807201 -- 3107133 01027838087 -- 3107134 01050185287 -- 3107135 01030870359 -- 3107136 01092624545 -- 3107137 01090053771 -- 3107138 01083801663 -- 3107139 01041444658 -- 3107140 01051061248 -- 3107141 01055263400 -- 3107142 01034708482 -- 3107143 01028303397 -- 3107144 01063602648 -- 3107145 01050804347 -- 3107146 01047045067 -- 3107147 01054225942 -- 3107148 01027950415 -- 3107149 01093363908 -- 3107150 01051151065 -- 3107151 01056278166 -- 3107152 01094862825 -- 3107153 01020469568 -- 3107154 01050998610 -- 3107155 01040585435 -- 3107156 01044452304 -- 3107157 01054474371 -- 3107158 01071699317 -- 3107159 01080282963 -- 3107160 01026042823 -- 3107161 01062266691 -- 3107162 01094650618 -- 3107163 01044323663 -- 3107164 01035331835 -- 3107165 01091431443 -- 3107166 01099840755 -- 3107167 01083244496 -- 3107168 01090227821 -- 3107169 01073767190 -- 3107170 01067981659 -- 3107171 01027256329 -- 3107172 01086217981 -- 3107173 01026419303 -- 3107174 01081889188 -- 3107175 01027978166 -- 3107176 01025933461 -- 3107177 01040825027 -- 3107178 01072334588 -- 3107179 01066977881 -- 3107180 01088127855 -- 3107181 01089503805 -- 3107182 01089261174 -- 3107183 01089924839 -- 3107184 01087590070 -- 3107185 01037259232 -- 3107186 01043359639 -- 3107187 01084189654 -- 3107188 01055875696 -- 3107189 01025149478 -- 3107190 01022932078 -- 3107191 01033709470 -- 3107192 01020654940 -- 3107193 01089726029 -- 3107194 01037506140 -- 3107195 01034307549 -- 3107196 01075460014 -- 3107197 01059335739 -- 3107198 01045807042 -- 3107199 01037417425 -- 3107200 01090546780 -- 3107201 01096025700 -- 3107202 01062559928 -- 3107203 01051834262 -- 3107204 01046527684 -- 3107205 01093641054 -- 3107206 01043691761 -- 3107207 01093534183 -- 3107208 01083364701 -- 3107209 01063287407 -- 3107210 01083540638 -- 3107211 01062160638 -- 3107212 01032851333 -- 3107213 01063004392 -- 3107214 01089325845 -- 3107215 01023974467 -- 3107216 01037273581 -- 3107217 01022240820 -- 3107218 01092710236 -- 3107219 01053879232 -- 3107220 01030028136 -- 3107221 01036901882 -- 3107222 01077131745 -- 3107223 01093090693 -- 3107224 01045894204 -- 3107225 01053162585 -- 3107226 01072742904 -- 3107227 01047841223 -- 3107228 01046282174 -- 3107229 01025758671 -- 3107230 01022210755 -- 3107231 01085244457 -- 3107232 01071759336 -- 3107233 01028952278 -- 3107234 01074119954 -- 3107235 01099387588 -- 3107236 01093654800 -- 3107237 01093474992 -- 3107238 01044507622 -- 3107239 01090661005 -- 3107240 01034331545 -- 3107241 01045494089 -- 3107242 01093414262 -- 3107243 01020437387 -- 3107244 01095161304 -- 3107245 01054437171 -- 3107246 01028174058 -- 3107247 01028821797 -- 3107248 01094964330 -- 3107249 01073121901 -- 3107250 01055181938 -- 3107251 01044901962 -- 3107252 01034687707 -- 3107253 01033255229 -- 3107254 01041220436 -- 3107255 01050597443 -- 3107256 01032075660 -- 3107257 01041068053 -- 3107258 01027874654 -- 3107259 01087860890 -- 3107260 01055689281 -- 3107261 01076385066 -- 3107262 01053493305 -- 3107263 01054918182 -- 3107264 01041324020 -- 3107265 01065230787 -- 3107266 01067837877 -- 3107267 01066362892 -- 3107268 01040194059 -- 3107269 01024775180 -- 3107270 01045073888 -- 3107271 01086425892 -- 3107272 01091226861 -- 3107273 01056246783 -- 3107274 01021235310 -- 3107275 01042525021 -- 3107276 01025628526 -- 3107277 01029709519 -- 3107278 01062498195 -- 3107279 01092900411 -- 3107280 01056140428 -- 3107281 01059452745 -- 3107282 01057080504 -- 3107283 01037201195 -- 3107284 01051022906 -- 3107285 01048850419 -- 3107286 01091888967 -- 3107287 01091447778 -- 3107288 01048716457 -- 3107289 01056050509 -- 3107290 01026684196 -- 3107291 01046967927 -- 3107292 01090876385 -- 3107293 01055282947 -- 3107294 01022945466 -- 3107295 01028553925 -- 3107296 01092509504 -- 3107297 01093867172 -- 3107298 01090577511 -- 3107299 01023125539 -- 3107300 01022657795 -- 3107301 01088320080 -- 3107302 01091340552 -- 3107303 01049077876 -- 3107304 01055671439 -- 3107305 01031996406 -- 3107306 01032197110 -- 3107307 01022347885 -- 3107308 01052194789 -- 3107309 01057333333 -- 3107310 01052940580 -- 3107311 01039096091 -- 3107312 01038285532 -- 3107313 01071383930 -- 3107314 01074521233 -- 3107315 01044216187 -- 3107316 01090683044 -- 3107317 01090617472 -- 3107318 01021200925 -- 3107319 01088531571 -- 3107320 01028189242 -- 3107321 01030908969 -- 3107322 01087529004 -- 3107323 01045203700 -- 3107324 01096822380 -- 3107325 01026050779 -- 3107326 01093216562 -- 3107327 01062389863 -- 3107328 01056446916 -- 3107329 01022810314 -- 3107330 01086192778 -- 3107331 01034520874 -- 3107332 01042077414 -- 3107333 01045960896 -- 3107334 01092447387 -- 3107335 01093155373 -- 3107336 01062471127 -- 3107337 01072210359 -- 3107338 01085424473 -- 3107339 01022621389 -- 3107340 01055003148 -- 3107341 01045385604 -- 3107342 01027125800 -- 3107343 01062654092 -- 3107344 01050375814 -- 3107345 01044641864 -- 3107346 01092652159 -- 3107347 01067573149 -- 3107348 01088965210 -- 3107349 01056470098 -- 3107350 01023557912 -- 3107351 01043518584 -- 3107352 01086028404 -- 3107353 01044950424 -- 3107354 01089080903 -- 3107355 01046322021 -- 3107356 01033875689 -- 3107357 01094591086 -- 3107358 01035935827 -- 3107359 01063583990 -- 3107360 01096697317 -- 3107361 01024385210 -- 3107362 01046432974 -- 3107363 01029024088 -- 3107364 01022783635 -- 3107365 01089350355 -- 3107366 01029915604 -- 3107367 01024492822 -- 3107368 01047205891 -- 3107369 01072341608 -- 3107370 01083638488 -- 3107371 01048207935 -- 3107372 01029783133 -- 3107373 01042000264 -- 3107374 01020667912 -- 3107375 01042211466 -- 3107376 01055677232 -- 3107377 01031577933 -- 3107378 01033212058 -- 3107379 01032754498 -- 3107380 01023577720 -- 3107381 01087168268 -- 3107382 01063947511 -- 3107383 01097393095 -- 3107384 01022622571 -- 3107385 01057663103 -- 3107386 01050974882 -- 3107387 01087118907 -- 3107388 01047114735 -- 3107389 01033235579 -- 3107390 01077883763 -- 3107391 01025947606 -- 3107392 01035289425 -- 3107393 01027391248 -- 3107394 01021361355 -- 3107395 01032766455 -- 3107396 01086078183 -- 3107397 01030525090 -- 3107398 01022673935 -- 3107399 01044758201 -- 3107400 01026491379 -- 3107401 01035932373 -- 3107402 01033148053 -- 3107403 01075727519 -- 3107404 01048572879 -- 3107405 01083775694 -- 3107406 01092030690 -- 3107407 01066014010 -- 3107408 01062220403 -- 3107409 01096950717 -- 3107410 01083682381 -- 3107411 01052414305 -- 3107412 01034608404 -- 3107413 01049314200 -- 3107414 01077229906 -- 3107415 01073602326 -- 3107416 01073031027 -- 3107417 01066953123 -- 3107418 01095228262 -- 3107419 01055447896 -- 3107420 01067478183 -- 3107421 01066014624 -- 3107422 01027158405 -- 3107423 01056518597 -- 3107424 01026368733 -- 3107425 01094531051 -- 3107426 01089060132 -- 3107427 01023127546 -- 3107428 01045848128 -- 3107429 01032151549 -- 3107430 01042703665 -- 3107431 01038634983 -- 3107432 01096179212 -- 3107433 01099599705 -- 3107434 01022612509 -- 3107435 01045858341 -- 3107436 01028075348 -- 3107437 01049206007 -- 3107438 01075380509 -- 3107439 01094227007 -- 3107440 01094626738 -- 3107441 01085560961 -- 3107442 01056787050 -- 3107443 01057670199 -- 3107444 01082223613 -- 3107445 01040403182 -- 3107446 01033786296 -- 3107447 01056184802 -- 3107448 01063654224 -- 3107449 01071021420 -- 3107450 01073304532 -- 3107451 01028292284 -- 3107452 01023388425 -- 3107453 01077779543 -- 3107454 01030528425 -- 3107455 01088495772 -- 3107456 01054601736 -- 3107457 01077574756 -- 3107458 01032954241 -- 3107459 01024390369 -- 3107460 01040567636 -- 3107461 01042057414 -- 3107462 01031851404 -- 3107463 01031872731 -- 3107464 01025680401 -- 3107465  -- 3107466 01097803455 -- 3107467 01055771466 -- 3107468 01075223024 -- 3107469 01032252044 -- 3107470 01026351435 -- 3107471 01025402026 -- 3107472 01092218085 -- 3107473 01020106447 -- 3107474 01089355042 -- 3107475 01080806585 -- 3107476 01091072522 -- 3107477 01092262284 -- 3107478 01024780196 -- 3107479 01066013121 -- 3107480 01020645706 -- 3107481 01080806634 -- 3107482 01095085594 -- 3107483 01098823882 -- 3107484 01021165229 -- 3107485 01041233509 -- 3107486 01097523261 -- 3107487 01029558574 -- 3107488 01028800196 -- 3107489 01047078352 -- 3107490 01068305376 -- 3107491 01071623410 -- 3107492 01055791131 -- 3107493 01045407143 -- 3107494 01090409624 -- 3107495 01035564723 -- 3107496 01089966776 -- 3107497 01032595971 -- 3107498 01084837749 -- 3107499 01089172924 -- 3107500 01029400061 -- 3107501 01057569434 -- 3107502 01056433626 -- 3107503 01026188223 -- 3107504 01075178300 -- 3107505 01089704980 -- 3107506 01091011469 -- 3107507 01091979434 -- 3107508 01037398881 -- 3107509 01064377199 -- 3107510 01074402954 -- 3107511 01038951048 -- 3107512 01032898584 -- 3107513 01028850699 -- 3107514 01020418268 -- 3107515 01091792960 -- 3107516 01088903430 -- 3107517 01063725368 -- 3107518 01091726189 -- 3107519 01093883634 -- 3107520 01063284839 -- 3107521 01056831689 -- 3107522 01098712773 -- 3107523 01063152771 -- 3107524 01027769447 -- 3107525 01091838624 -- 3107526 01042212887 -- 3107527 01032386218 -- 3107528 01023626155 -- 3107529 01087894932 -- 3107530 01087298539 -- 3107531 01028037476 -- 3107532 01066365527 -- 3107533 01031674732 -- 3107534 01026174665 -- 3107535 01031047401 -- 3107536 01051202887 -- 3107537 01030455817 -- 3107538 01072261030 -- 3107539 01020021543 -- 3107540 01047688113 -- 3107541 01041809484 -- 3107542 01028364988 -- 3107543 01093680255 -- 3107544 01066867256 -- 3107545 01032175051 -- 3107546 01055781514 -- 3107547 01055826457 -- 3107548 01026935368 -- 3107549 01092767871 -- 3107550 01089614510 -- 3107551 01065927747 -- 3107552 01065617749 -- 3107553 01082552329 -- 3107554 01034176943 -- 3107555 01058223832 -- 3107556 01043797237 -- 3107557 01025075825 -- 3107558 01032746053 -- 3107559 01049426394 -- 3107560 01071156227 -- 3107561 01057451130 -- 3107562 01050526112 -- 3107563 01034642408 -- 3107564 01076432472 -- 3107565 01034212921 -- 3107566 01044184204 -- 3107567 01091147045 -- 3107568 01050806988 -- 3107569 01055269856 -- 3107570 01071517753 -- 3107571 01053348277 -- 3107572 01047571047 -- 3107573 01026987866 -- 3107574 01041794758 -- 3107575 01022809414 -- 3107576 01025644024 -- 3107577 01093876922 -- 3107578 01093364565 -- 3107579 01023017446 -- 3107580 01046219291 -- 3107581 01029405124 -- 3107582 01076341224 -- 3107583 01032688584 -- 3107584 01075820195 -- 3107585 01099759144 -- 3107586 01030242551 -- 3107587 01085758572 -- 3107588 01093242442 -- 3107589 01025878518 -- 3107590 01021262380 -- 3107591 01031471205 -- 3107592 01022786456 -- 3107593 01045577524 -- 3107594 01030765845 -- 3107595 01095450680 -- 3107596 01093160364 -- 3107597 01099814097 -- 3107598 01035583972 -- 3107599 01040075403 -- 3107600 01025556691 -- 3107601 01034519597 -- 3107602 01062896223 -- 3107603 01023993530 -- 3107604 01075679210 -- 3107605 01022492977 -- 3107606 01085881834 -- 3107607 01029815094 -- 3107608 01088592943 -- 3107609 01047011720 -- 3107610 01046456608 -- 3107611 01052998571 -- 3107612 01041142980 -- 3107613 01056420123 -- 3107614 01095728704 -- 3107615 01045278102 -- 3107616 01029500864 -- 3107617 01034347966 -- 3107618 01050981100 -- 3107619 01037496322 -- 3107620 01089888202 -- 3107621 01098079920 -- 3107622 01047669084 -- 3107623 01075590739 -- 3107624 01088790591 -- 3107625 01096249879 -- 3107626 01032147886 -- 3107627 01090838172 -- 3107628 01046101285 -- 3107629 01055407522 -- 3107630 01092745957 -- 3107631 01085237531 -- 3107632 01023613230 -- 3107633 01072847779 -- 3107634 01023178270 -- 3107635 01076669831 -- 3107636 01098649872 -- 3107637 01068990302 -- 3107638 01058500582 -- 3107639 01084675870 -- 3107640 01029238915 -- 3107641 01055765687 -- 3107642 01027455687 -- 3107643 01087527754 -- 3107644 01032849691 -- 
END   2022-06-07 17:50:06 --------------------------


START 2022-06-07 18:00:01 --------------------------
live
총 63 개 데이타 이동
데이타 이동 시작 *****
3107645 01029071565 -- 3107646 01034434244 -- 3107647 01056052249 -- 3107648 01090088090 -- 3107649 01027647456 -- 3107650 01074121719 -- 3107651 01098389056 -- 3107652 01020117120 -- 3107653 01042177188 -- 3107654 01094023761 -- 3107655 01045116445 -- 3107656 01040718867 -- 3107657 01020275966 -- 3107658 01049229137 -- 3107659 01087134836 -- 3107660 01055115551 -- 3107661 01071355278 -- 3107662 01025003061 -- 3107663 01026423571 -- 3107664 01089167950 -- 3107665 01067230604 -- 3107666 01075690304 -- 3107667 01047847611 -- 3107668 01073309633 -- 3107669 01050451201 -- 3107670 01082645332 -- 3107671 01039415332 -- 3107672 01074115453 -- 3107673 01051544288 -- 3107674 01039471196 -- 3107675 01030000949 -- 3107676 01023301554 -- 3107677 01066202639 -- 3107678 01022653254 -- 3107679 01072370696 -- 3107680 01025783682 -- 3107681 01073773655 -- 3107682 01064125260 -- 3107683 01068482436 -- 3107684 01090088699 -- 3107685 01020389627 -- 3107686 01089621534 -- 3107687 01087256000 -- 3107688 01064337180 -- 3107689 01095620039 -- 3107690 01076750528 -- 3107691 01096002006 -- 3107692 01071667532 -- 3107693 01045559122 -- 3107694 01056601359 -- 3107695 01068781339 -- 3107696 01099867456 -- 3107697 01034853662 -- 3107698 01026387945 -- 3107699 01081208184 -- 3107700 01039803761 -- 3107701 01025193761 -- 3107702 01039413115 -- 3107703 01072920704 -- 3107704 01026331784 -- 3107705 01043189876 -- 3107706 01065164058 -- 3107707 01032534414 -- 
END   2022-06-07 18:00:01 --------------------------


START 2022-06-07 18:10:01 --------------------------
live
총 0 개 데이타 이동
END   2022-06-07 18:10:01 --------------------------


START 2022-06-07 18:20:02 --------------------------
live
총 0 개 데이타 이동
END   2022-06-07 18:20:02 --------------------------


START 2022-06-07 18:30:01 --------------------------
live
총 0 개 데이타 이동
END   2022-06-07 18:30:01 --------------------------


START 2022-06-07 18:40:02 --------------------------
live
총 0 개 데이타 이동
END   2022-06-07 18:40:02 --------------------------


START 2022-06-07 18:50:01 --------------------------
live
총 0 개 데이타 이동
END   2022-06-07 18:50:01 --------------------------


START 2022-06-07 19:00:01 --------------------------
live
총 0 개 데이타 이동
END   2022-06-07 19:00:01 --------------------------


START 2022-06-07 19:10:01 --------------------------
live
총 0 개 데이타 이동
END   2022-06-07 19:10:01 --------------------------


START 2022-06-07 19:20:01 --------------------------
live
총 0 개 데이타 이동
END   2022-06-07 19:20:01 --------------------------


START 2022-06-07 19:30:01 --------------------------
live
총 0 개 데이타 이동
END   2022-06-07 19:30:01 --------------------------


START 2022-06-07 19:40:01 --------------------------
live
총 0 개 데이타 이동
END   2022-06-07 19:40:01 --------------------------


START 2022-06-07 19:50:01 --------------------------
live
총 0 개 데이타 이동
END   2022-06-07 19:50:01 --------------------------


START 2022-06-07 20:00:02 --------------------------
live
총 0 개 데이타 이동
END   2022-06-07 20:00:02 --------------------------


START 2022-06-07 20:10:01 --------------------------
live
총 0 개 데이타 이동
END   2022-06-07 20:10:01 --------------------------


START 2022-06-07 20:20:01 --------------------------
live
총 0 개 데이타 이동
END   2022-06-07 20:20:01 --------------------------


START 2022-06-07 20:30:01 --------------------------
live
총 0 개 데이타 이동
END   2022-06-07 20:30:01 --------------------------


START 2022-06-07 20:40:01 --------------------------
live
총 0 개 데이타 이동
END   2022-06-07 20:40:01 --------------------------


START 2022-06-07 20:50:01 --------------------------
live
총 0 개 데이타 이동
END   2022-06-07 20:50:01 --------------------------


START 2022-06-07 21:00:01 --------------------------
live
총 0 개 데이타 이동
END   2022-06-07 21:00:01 --------------------------


START 2022-06-07 21:10:01 --------------------------
live
총 0 개 데이타 이동
END   2022-06-07 21:10:01 --------------------------


START 2022-06-07 21:20:02 --------------------------
live
총 0 개 데이타 이동
END   2022-06-07 21:20:02 --------------------------


START 2022-06-07 21:30:01 --------------------------
live
총 0 개 데이타 이동
END   2022-06-07 21:30:01 --------------------------


START 2022-06-07 21:40:01 --------------------------
live
총 0 개 데이타 이동
END   2022-06-07 21:40:01 --------------------------


START 2022-06-07 21:50:01 --------------------------
live
총 0 개 데이타 이동
END   2022-06-07 21:50:01 --------------------------


START 2022-06-07 22:00:01 --------------------------
live
총 0 개 데이타 이동
END   2022-06-07 22:00:01 --------------------------


START 2022-06-07 22:10:02 --------------------------
live
총 0 개 데이타 이동
END   2022-06-07 22:10:02 --------------------------


START 2022-06-07 22:20:01 --------------------------
live
총 0 개 데이타 이동
END   2022-06-07 22:20:01 --------------------------


START 2022-06-07 22:30:01 --------------------------
live
총 0 개 데이타 이동
END   2022-06-07 22:30:01 --------------------------


START 2022-06-07 22:40:01 --------------------------
live
총 0 개 데이타 이동
END   2022-06-07 22:40:01 --------------------------


START 2022-06-07 22:50:01 --------------------------
live
총 0 개 데이타 이동
END   2022-06-07 22:50:01 --------------------------


START 2022-06-07 23:00:01 --------------------------
live
총 0 개 데이타 이동
END   2022-06-07 23:00:01 --------------------------


START 2022-06-07 23:10:01 --------------------------
live
총 0 개 데이타 이동
END   2022-06-07 23:10:01 --------------------------


START 2022-06-07 23:20:01 --------------------------
live
총 0 개 데이타 이동
END   2022-06-07 23:20:01 --------------------------


START 2022-06-07 23:30:01 --------------------------
live
총 0 개 데이타 이동
END   2022-06-07 23:30:01 --------------------------


START 2022-06-07 23:40:01 --------------------------
live
총 0 개 데이타 이동
END   2022-06-07 23:40:01 --------------------------


START 2022-06-07 23:50:02 --------------------------
live
총 0 개 데이타 이동
END   2022-06-07 23:50:02 --------------------------


