START 2022-04-07 00:00:01 --------------------------
live
총 0 개 데이타 이동
END   2022-04-07 00:00:04 --------------------------


START 2022-04-07 00:10:01 --------------------------
live
총 0 개 데이타 이동
END   2022-04-07 00:10:03 --------------------------


START 2022-04-07 00:20:01 --------------------------
live
총 0 개 데이타 이동
END   2022-04-07 00:20:03 --------------------------


START 2022-04-07 00:30:01 --------------------------
live
총 0 개 데이타 이동
END   2022-04-07 00:30:03 --------------------------


START 2022-04-07 00:40:01 --------------------------
live
총 0 개 데이타 이동
END   2022-04-07 00:40:03 --------------------------


START 2022-04-07 00:50:01 --------------------------
live
총 0 개 데이타 이동
END   2022-04-07 00:50:03 --------------------------


START 2022-04-07 01:00:02 --------------------------
live
총 0 개 데이타 이동
END   2022-04-07 01:00:04 --------------------------


START 2022-04-07 01:10:02 --------------------------
live
총 0 개 데이타 이동
END   2022-04-07 01:10:04 --------------------------


START 2022-04-07 01:20:02 --------------------------
live
총 0 개 데이타 이동
END   2022-04-07 01:20:04 --------------------------


START 2022-04-07 01:30:01 --------------------------
live
총 0 개 데이타 이동
END   2022-04-07 01:30:04 --------------------------


START 2022-04-07 01:40:02 --------------------------
live
총 0 개 데이타 이동
END   2022-04-07 01:40:04 --------------------------


START 2022-04-07 01:50:02 --------------------------
live
총 0 개 데이타 이동
END   2022-04-07 01:50:04 --------------------------


START 2022-04-07 02:00:01 --------------------------
live
총 0 개 데이타 이동
END   2022-04-07 02:00:04 --------------------------


START 2022-04-07 02:10:02 --------------------------
live
총 0 개 데이타 이동
END   2022-04-07 02:10:04 --------------------------


START 2022-04-07 02:20:01 --------------------------
live
총 0 개 데이타 이동
END   2022-04-07 02:20:03 --------------------------


START 2022-04-07 02:30:01 --------------------------
live
총 0 개 데이타 이동
END   2022-04-07 02:30:03 --------------------------


START 2022-04-07 02:40:02 --------------------------
live
총 0 개 데이타 이동
END   2022-04-07 02:40:04 --------------------------


START 2022-04-07 02:50:02 --------------------------
live
총 0 개 데이타 이동
END   2022-04-07 02:50:04 --------------------------


START 2022-04-07 03:00:01 --------------------------
live
총 0 개 데이타 이동
END   2022-04-07 03:00:03 --------------------------


START 2022-04-07 03:10:01 --------------------------
live
총 0 개 데이타 이동
END   2022-04-07 03:10:04 --------------------------


START 2022-04-07 03:20:01 --------------------------
live
총 0 개 데이타 이동
END   2022-04-07 03:20:03 --------------------------


START 2022-04-07 03:30:01 --------------------------
live
총 0 개 데이타 이동
END   2022-04-07 03:30:03 --------------------------


START 2022-04-07 03:40:01 --------------------------
live
총 0 개 데이타 이동
END   2022-04-07 03:40:03 --------------------------


START 2022-04-07 03:50:02 --------------------------
live
총 0 개 데이타 이동
END   2022-04-07 03:50:04 --------------------------


START 2022-04-07 04:00:02 --------------------------
live
총 0 개 데이타 이동
END   2022-04-07 04:00:04 --------------------------


START 2022-04-07 04:10:01 --------------------------
live
총 0 개 데이타 이동
END   2022-04-07 04:10:04 --------------------------


START 2022-04-07 04:20:01 --------------------------
live
총 0 개 데이타 이동
END   2022-04-07 04:20:03 --------------------------


START 2022-04-07 04:30:01 --------------------------
live
총 0 개 데이타 이동
END   2022-04-07 04:30:03 --------------------------


START 2022-04-07 04:40:01 --------------------------
live
총 0 개 데이타 이동
END   2022-04-07 04:40:03 --------------------------


START 2022-04-07 04:50:02 --------------------------
live
총 0 개 데이타 이동
END   2022-04-07 04:50:04 --------------------------


START 2022-04-07 05:00:02 --------------------------
live
총 0 개 데이타 이동
END   2022-04-07 05:00:04 --------------------------


START 2022-04-07 05:10:01 --------------------------
live
총 0 개 데이타 이동
END   2022-04-07 05:10:03 --------------------------


START 2022-04-07 05:20:02 --------------------------
live
총 0 개 데이타 이동
END   2022-04-07 05:20:04 --------------------------


START 2022-04-07 05:30:02 --------------------------
live
총 0 개 데이타 이동
END   2022-04-07 05:30:04 --------------------------


START 2022-04-07 05:40:01 --------------------------
live
총 0 개 데이타 이동
END   2022-04-07 05:40:03 --------------------------


START 2022-04-07 05:50:02 --------------------------
live
총 0 개 데이타 이동
END   2022-04-07 05:50:04 --------------------------


START 2022-04-07 06:00:02 --------------------------
live
총 0 개 데이타 이동
END   2022-04-07 06:00:04 --------------------------


START 2022-04-07 06:10:01 --------------------------
live
총 0 개 데이타 이동
END   2022-04-07 06:10:04 --------------------------


START 2022-04-07 06:20:01 --------------------------
live
총 0 개 데이타 이동
END   2022-04-07 06:20:03 --------------------------


START 2022-04-07 06:30:01 --------------------------
live
총 0 개 데이타 이동
END   2022-04-07 06:30:03 --------------------------


START 2022-04-07 06:40:01 --------------------------
live
총 0 개 데이타 이동
END   2022-04-07 06:40:03 --------------------------


START 2022-04-07 06:50:02 --------------------------
live
총 0 개 데이타 이동
END   2022-04-07 06:50:04 --------------------------


START 2022-04-07 07:00:02 --------------------------
live
총 0 개 데이타 이동
END   2022-04-07 07:00:04 --------------------------


START 2022-04-07 07:10:01 --------------------------
live
총 0 개 데이타 이동
END   2022-04-07 07:10:04 --------------------------


START 2022-04-07 07:20:01 --------------------------
live
총 0 개 데이타 이동
END   2022-04-07 07:20:04 --------------------------


START 2022-04-07 07:30:01 --------------------------
live
총 0 개 데이타 이동
END   2022-04-07 07:30:04 --------------------------


START 2022-04-07 07:40:01 --------------------------
live
총 0 개 데이타 이동
END   2022-04-07 07:40:03 --------------------------


START 2022-04-07 07:50:01 --------------------------
live
총 0 개 데이타 이동
END   2022-04-07 07:50:03 --------------------------


START 2022-04-07 08:00:01 --------------------------
live
총 0 개 데이타 이동
END   2022-04-07 08:00:03 --------------------------


START 2022-04-07 08:10:01 --------------------------
live
총 0 개 데이타 이동
END   2022-04-07 08:10:04 --------------------------


START 2022-04-07 08:20:01 --------------------------
live
총 0 개 데이타 이동
END   2022-04-07 08:20:03 --------------------------


START 2022-04-07 08:30:01 --------------------------
live
총 0 개 데이타 이동
END   2022-04-07 08:30:03 --------------------------


START 2022-04-07 08:40:01 --------------------------
live
총 0 개 데이타 이동
END   2022-04-07 08:40:03 --------------------------


START 2022-04-07 08:50:01 --------------------------
live
총 0 개 데이타 이동
END   2022-04-07 08:50:03 --------------------------


START 2022-04-07 09:00:01 --------------------------
live
총 0 개 데이타 이동
END   2022-04-07 09:00:04 --------------------------


START 2022-04-07 09:10:02 --------------------------
live
총 0 개 데이타 이동
END   2022-04-07 09:10:04 --------------------------


START 2022-04-07 09:20:02 --------------------------
live
총 0 개 데이타 이동
END   2022-04-07 09:20:04 --------------------------


START 2022-04-07 09:30:01 --------------------------
live
총 0 개 데이타 이동
END   2022-04-07 09:30:03 --------------------------


START 2022-04-07 09:40:01 --------------------------
live
총 0 개 데이타 이동
END   2022-04-07 09:40:03 --------------------------


START 2022-04-07 09:50:01 --------------------------
live
총 0 개 데이타 이동
END   2022-04-07 09:50:03 --------------------------


START 2022-04-07 10:00:02 --------------------------
live
총 0 개 데이타 이동
END   2022-04-07 10:00:03 --------------------------


START 2022-04-07 10:10:01 --------------------------
live
총 0 개 데이타 이동
END   2022-04-07 10:10:03 --------------------------


START 2022-04-07 10:20:01 --------------------------
live
총 0 개 데이타 이동
END   2022-04-07 10:20:04 --------------------------


START 2022-04-07 10:30:01 --------------------------
live
총 0 개 데이타 이동
END   2022-04-07 10:30:04 --------------------------


START 2022-04-07 10:40:01 --------------------------
live
총 0 개 데이타 이동
END   2022-04-07 10:40:04 --------------------------


START 2022-04-07 10:50:01 --------------------------
live
총 0 개 데이타 이동
END   2022-04-07 10:50:04 --------------------------


START 2022-04-07 11:00:02 --------------------------
live
총 0 개 데이타 이동
END   2022-04-07 11:00:04 --------------------------


START 2022-04-07 11:10:02 --------------------------
live
총 0 개 데이타 이동
END   2022-04-07 11:10:04 --------------------------


START 2022-04-07 11:20:01 --------------------------
live
총 0 개 데이타 이동
END   2022-04-07 11:20:03 --------------------------


START 2022-04-07 11:30:01 --------------------------
live
총 0 개 데이타 이동
END   2022-04-07 11:30:03 --------------------------


START 2022-04-07 11:40:01 --------------------------
live
총 0 개 데이타 이동
END   2022-04-07 11:40:03 --------------------------


START 2022-04-07 11:50:01 --------------------------
live
총 0 개 데이타 이동
END   2022-04-07 11:50:03 --------------------------


START 2022-04-07 12:00:02 --------------------------
live
총 0 개 데이타 이동
END   2022-04-07 12:00:05 --------------------------


START 2022-04-07 12:10:02 --------------------------
live
총 0 개 데이타 이동
END   2022-04-07 12:10:04 --------------------------


START 2022-04-07 12:20:01 --------------------------
live
총 0 개 데이타 이동
END   2022-04-07 12:20:03 --------------------------


START 2022-04-07 12:30:01 --------------------------
live
총 0 개 데이타 이동
END   2022-04-07 12:30:04 --------------------------


START 2022-04-07 12:40:01 --------------------------
live
총 0 개 데이타 이동
END   2022-04-07 12:40:03 --------------------------


START 2022-04-07 12:50:01 --------------------------
live
총 0 개 데이타 이동
END   2022-04-07 12:50:04 --------------------------


START 2022-04-07 13:00:02 --------------------------
live
총 0 개 데이타 이동
END   2022-04-07 13:00:04 --------------------------


START 2022-04-07 13:10:02 --------------------------
live
총 0 개 데이타 이동
END   2022-04-07 13:10:04 --------------------------


START 2022-04-07 13:20:01 --------------------------
live
총 0 개 데이타 이동
END   2022-04-07 13:20:04 --------------------------


START 2022-04-07 13:30:01 --------------------------
live
총 0 개 데이타 이동
END   2022-04-07 13:30:03 --------------------------


START 2022-04-07 13:40:02 --------------------------
live
총 0 개 데이타 이동
END   2022-04-07 13:40:04 --------------------------


START 2022-04-07 13:50:02 --------------------------
live
총 0 개 데이타 이동
END   2022-04-07 13:50:04 --------------------------


START 2022-04-07 14:00:02 --------------------------
live
총 0 개 데이타 이동
END   2022-04-07 14:00:04 --------------------------


START 2022-04-07 14:10:01 --------------------------
live
총 0 개 데이타 이동
END   2022-04-07 14:10:03 --------------------------


START 2022-04-07 14:20:01 --------------------------
live
총 0 개 데이타 이동
END   2022-04-07 14:20:03 --------------------------


START 2022-04-07 14:30:01 --------------------------
live
총 0 개 데이타 이동
END   2022-04-07 14:30:20 --------------------------


START 2022-04-07 14:40:01 --------------------------
live
총 0 개 데이타 이동
END   2022-04-07 14:40:04 --------------------------


START 2022-04-07 14:50:01 --------------------------
live
총 0 개 데이타 이동
END   2022-04-07 14:50:03 --------------------------


START 2022-04-07 15:00:02 --------------------------
live
총 0 개 데이타 이동
END   2022-04-07 15:00:04 --------------------------


START 2022-04-07 15:10:02 --------------------------
live
총 0 개 데이타 이동
END   2022-04-07 15:10:04 --------------------------


START 2022-04-07 15:20:01 --------------------------
live
총 0 개 데이타 이동
END   2022-04-07 15:20:04 --------------------------


START 2022-04-07 15:30:02 --------------------------
live
총 0 개 데이타 이동
END   2022-04-07 15:30:04 --------------------------


START 2022-04-07 15:40:01 --------------------------
live
총 0 개 데이타 이동
END   2022-04-07 15:40:03 --------------------------


START 2022-04-07 15:50:01 --------------------------
live
총 0 개 데이타 이동
END   2022-04-07 15:50:04 --------------------------


START 2022-04-07 16:00:02 --------------------------
live
총 0 개 데이타 이동
END   2022-04-07 16:00:04 --------------------------


START 2022-04-07 16:10:01 --------------------------
live
총 0 개 데이타 이동
END   2022-04-07 16:10:04 --------------------------


START 2022-04-07 16:20:01 --------------------------
live
총 0 개 데이타 이동
END   2022-04-07 16:20:03 --------------------------


START 2022-04-07 16:30:01 --------------------------
live
총 0 개 데이타 이동
END   2022-04-07 16:30:03 --------------------------


START 2022-04-07 16:40:02 --------------------------
live
총 0 개 데이타 이동
END   2022-04-07 16:40:04 --------------------------


START 2022-04-07 16:50:01 --------------------------
live
총 0 개 데이타 이동
END   2022-04-07 16:50:03 --------------------------


START 2022-04-07 17:00:01 --------------------------
live
총 0 개 데이타 이동
END   2022-04-07 17:00:04 --------------------------


START 2022-04-07 17:10:02 --------------------------
live
총 0 개 데이타 이동
END   2022-04-07 17:10:04 --------------------------


START 2022-04-07 17:20:02 --------------------------
live
총 0 개 데이타 이동
END   2022-04-07 17:20:04 --------------------------


START 2022-04-07 17:30:01 --------------------------
live
총 0 개 데이타 이동
END   2022-04-07 17:30:03 --------------------------


START 2022-04-07 17:40:02 --------------------------
live
총 0 개 데이타 이동
END   2022-04-07 17:40:04 --------------------------


START 2022-04-07 17:50:01 --------------------------
live
총 0 개 데이타 이동
END   2022-04-07 17:50:03 --------------------------


START 2022-04-07 18:00:02 --------------------------
live
총 0 개 데이타 이동
END   2022-04-07 18:00:04 --------------------------


START 2022-04-07 18:10:01 --------------------------
live
총 0 개 데이타 이동
END   2022-04-07 18:10:04 --------------------------


START 2022-04-07 18:20:02 --------------------------
live
총 0 개 데이타 이동
END   2022-04-07 18:20:04 --------------------------


START 2022-04-07 18:30:01 --------------------------
live
총 0 개 데이타 이동
END   2022-04-07 18:30:03 --------------------------


START 2022-04-07 18:40:01 --------------------------
live
총 2 개 데이타 이동
데이타 이동 시작 *****
3104267 01024568888 -- 3104268 01088944740 -- 
END   2022-04-07 18:40:06 --------------------------


START 2022-04-07 18:50:01 --------------------------
live
총 0 개 데이타 이동
END   2022-04-07 18:50:04 --------------------------


START 2022-04-07 19:00:02 --------------------------
live
총 0 개 데이타 이동
END   2022-04-07 19:00:04 --------------------------


START 2022-04-07 19:10:02 --------------------------
live
총 0 개 데이타 이동
END   2022-04-07 19:10:05 --------------------------


START 2022-04-07 19:20:01 --------------------------
live
총 0 개 데이타 이동
END   2022-04-07 19:20:04 --------------------------


START 2022-04-07 19:30:02 --------------------------
live
총 0 개 데이타 이동
END   2022-04-07 19:30:04 --------------------------


START 2022-04-07 19:40:02 --------------------------
live
총 0 개 데이타 이동
END   2022-04-07 19:40:04 --------------------------


START 2022-04-07 19:50:02 --------------------------
live
총 0 개 데이타 이동
END   2022-04-07 19:50:04 --------------------------


START 2022-04-07 20:00:02 --------------------------
live
총 0 개 데이타 이동
END   2022-04-07 20:00:04 --------------------------


START 2022-04-07 20:10:01 --------------------------
live
총 0 개 데이타 이동
END   2022-04-07 20:10:04 --------------------------


START 2022-04-07 20:20:02 --------------------------
live
총 0 개 데이타 이동
END   2022-04-07 20:20:04 --------------------------


START 2022-04-07 20:30:02 --------------------------
live
총 0 개 데이타 이동
END   2022-04-07 20:30:04 --------------------------


START 2022-04-07 20:40:01 --------------------------
live
총 0 개 데이타 이동
END   2022-04-07 20:40:04 --------------------------


START 2022-04-07 20:50:01 --------------------------
live
총 0 개 데이타 이동
END   2022-04-07 20:50:04 --------------------------


START 2022-04-07 21:00:01 --------------------------
live
총 0 개 데이타 이동
END   2022-04-07 21:00:04 --------------------------


START 2022-04-07 21:10:02 --------------------------
live
총 0 개 데이타 이동
END   2022-04-07 21:10:04 --------------------------


START 2022-04-07 21:20:02 --------------------------
live
총 0 개 데이타 이동
END   2022-04-07 21:20:04 --------------------------


START 2022-04-07 21:30:02 --------------------------
live
총 0 개 데이타 이동
END   2022-04-07 21:30:04 --------------------------


START 2022-04-07 21:40:02 --------------------------
live
총 0 개 데이타 이동
END   2022-04-07 21:40:04 --------------------------


START 2022-04-07 21:50:01 --------------------------
live
총 0 개 데이타 이동
END   2022-04-07 21:50:04 --------------------------


START 2022-04-07 22:00:01 --------------------------
live
총 0 개 데이타 이동
END   2022-04-07 22:00:04 --------------------------


START 2022-04-07 22:10:01 --------------------------
live
총 0 개 데이타 이동
END   2022-04-07 22:10:03 --------------------------


START 2022-04-07 22:20:01 --------------------------
live
총 0 개 데이타 이동
END   2022-04-07 22:20:03 --------------------------


START 2022-04-07 22:30:01 --------------------------
live
총 0 개 데이타 이동
END   2022-04-07 22:30:03 --------------------------


START 2022-04-07 22:40:01 --------------------------
live
총 0 개 데이타 이동
END   2022-04-07 22:40:03 --------------------------


START 2022-04-07 22:50:01 --------------------------
live
총 0 개 데이타 이동
END   2022-04-07 22:50:03 --------------------------


START 2022-04-07 23:00:02 --------------------------
live
총 0 개 데이타 이동
END   2022-04-07 23:00:04 --------------------------


START 2022-04-07 23:10:02 --------------------------
live
총 0 개 데이타 이동
END   2022-04-07 23:10:04 --------------------------


START 2022-04-07 23:20:01 --------------------------
live
총 0 개 데이타 이동
END   2022-04-07 23:20:04 --------------------------


START 2022-04-07 23:30:01 --------------------------
live
총 0 개 데이타 이동
END   2022-04-07 23:30:04 --------------------------


START 2022-04-07 23:40:01 --------------------------
live
총 0 개 데이타 이동
END   2022-04-07 23:40:03 --------------------------


START 2022-04-07 23:50:01 --------------------------
live
총 0 개 데이타 이동
END   2022-04-07 23:50:03 --------------------------


