START 2022-01-12 00:00:01 --------------------------
live
총 0 개 데이타 이동
END   2022-01-12 00:00:03 --------------------------


START 2022-01-12 00:10:01 --------------------------
live
총 0 개 데이타 이동
END   2022-01-12 00:10:03 --------------------------


START 2022-01-12 00:20:01 --------------------------
live
총 0 개 데이타 이동
END   2022-01-12 00:20:03 --------------------------


START 2022-01-12 00:30:01 --------------------------
live
총 0 개 데이타 이동
END   2022-01-12 00:30:03 --------------------------


START 2022-01-12 00:40:01 --------------------------
live
총 0 개 데이타 이동
END   2022-01-12 00:40:03 --------------------------


START 2022-01-12 00:50:01 --------------------------
live
총 0 개 데이타 이동
END   2022-01-12 00:50:03 --------------------------


START 2022-01-12 01:00:01 --------------------------
live
총 0 개 데이타 이동
END   2022-01-12 01:00:03 --------------------------


START 2022-01-12 01:10:01 --------------------------
live
총 0 개 데이타 이동
END   2022-01-12 01:10:03 --------------------------


START 2022-01-12 01:20:02 --------------------------
live
총 0 개 데이타 이동
END   2022-01-12 01:20:03 --------------------------


START 2022-01-12 01:30:01 --------------------------
live
총 0 개 데이타 이동
END   2022-01-12 01:30:03 --------------------------


START 2022-01-12 01:40:01 --------------------------
live
총 0 개 데이타 이동
END   2022-01-12 01:40:03 --------------------------


START 2022-01-12 01:50:01 --------------------------
live
총 0 개 데이타 이동
END   2022-01-12 01:50:03 --------------------------


START 2022-01-12 02:00:01 --------------------------
live
총 0 개 데이타 이동
END   2022-01-12 02:00:03 --------------------------


START 2022-01-12 02:10:02 --------------------------
live
총 0 개 데이타 이동
END   2022-01-12 02:10:03 --------------------------


START 2022-01-12 02:20:01 --------------------------
live
총 0 개 데이타 이동
END   2022-01-12 02:20:03 --------------------------


START 2022-01-12 02:30:01 --------------------------
live
총 0 개 데이타 이동
END   2022-01-12 02:30:03 --------------------------


START 2022-01-12 02:40:01 --------------------------
live
총 0 개 데이타 이동
END   2022-01-12 02:40:03 --------------------------


START 2022-01-12 02:50:02 --------------------------
live
총 0 개 데이타 이동
END   2022-01-12 02:50:03 --------------------------


START 2022-01-12 03:00:01 --------------------------
live
총 0 개 데이타 이동
END   2022-01-12 03:00:03 --------------------------


START 2022-01-12 03:10:01 --------------------------
live
총 0 개 데이타 이동
END   2022-01-12 03:10:03 --------------------------


START 2022-01-12 03:20:01 --------------------------
live
총 0 개 데이타 이동
END   2022-01-12 03:20:03 --------------------------


START 2022-01-12 03:30:02 --------------------------
live
총 0 개 데이타 이동
END   2022-01-12 03:30:03 --------------------------


START 2022-01-12 03:40:01 --------------------------
live
총 0 개 데이타 이동
END   2022-01-12 03:40:03 --------------------------


START 2022-01-12 03:50:01 --------------------------
live
총 0 개 데이타 이동
END   2022-01-12 03:50:03 --------------------------


START 2022-01-12 04:00:02 --------------------------
live
총 0 개 데이타 이동
END   2022-01-12 04:00:03 --------------------------


START 2022-01-12 04:10:01 --------------------------
live
총 0 개 데이타 이동
END   2022-01-12 04:10:03 --------------------------


START 2022-01-12 04:20:01 --------------------------
live
총 0 개 데이타 이동
END   2022-01-12 04:20:03 --------------------------


START 2022-01-12 04:30:01 --------------------------
live
총 0 개 데이타 이동
END   2022-01-12 04:30:03 --------------------------


START 2022-01-12 04:40:01 --------------------------
live
총 0 개 데이타 이동
END   2022-01-12 04:40:03 --------------------------


START 2022-01-12 04:50:01 --------------------------
live
총 0 개 데이타 이동
END   2022-01-12 04:50:03 --------------------------


START 2022-01-12 05:00:01 --------------------------
live
총 0 개 데이타 이동
END   2022-01-12 05:00:03 --------------------------


START 2022-01-12 05:10:01 --------------------------
live
총 0 개 데이타 이동
END   2022-01-12 05:10:03 --------------------------


START 2022-01-12 05:20:01 --------------------------
live
총 0 개 데이타 이동
END   2022-01-12 05:20:03 --------------------------


START 2022-01-12 05:30:01 --------------------------
live
총 0 개 데이타 이동
END   2022-01-12 05:30:03 --------------------------


START 2022-01-12 05:40:02 --------------------------
live
총 0 개 데이타 이동
END   2022-01-12 05:40:03 --------------------------


START 2022-01-12 05:50:01 --------------------------
live
총 0 개 데이타 이동
END   2022-01-12 05:50:03 --------------------------


START 2022-01-12 06:00:01 --------------------------
live
총 0 개 데이타 이동
END   2022-01-12 06:00:03 --------------------------


START 2022-01-12 06:10:01 --------------------------
live
총 0 개 데이타 이동
END   2022-01-12 06:10:03 --------------------------


START 2022-01-12 06:20:02 --------------------------
live
총 0 개 데이타 이동
END   2022-01-12 06:20:03 --------------------------


START 2022-01-12 06:30:01 --------------------------
live
총 0 개 데이타 이동
END   2022-01-12 06:30:03 --------------------------


START 2022-01-12 06:40:01 --------------------------
live
총 0 개 데이타 이동
END   2022-01-12 06:40:03 --------------------------


START 2022-01-12 06:50:01 --------------------------
live
총 0 개 데이타 이동
END   2022-01-12 06:50:03 --------------------------


START 2022-01-12 07:00:01 --------------------------
live
총 0 개 데이타 이동
END   2022-01-12 07:00:03 --------------------------


START 2022-01-12 07:10:01 --------------------------
live
총 0 개 데이타 이동
END   2022-01-12 07:10:03 --------------------------


START 2022-01-12 07:20:01 --------------------------
live
총 0 개 데이타 이동
END   2022-01-12 07:20:03 --------------------------


START 2022-01-12 07:30:01 --------------------------
live
총 0 개 데이타 이동
END   2022-01-12 07:30:03 --------------------------


START 2022-01-12 07:40:01 --------------------------
live
총 0 개 데이타 이동
END   2022-01-12 07:40:03 --------------------------


START 2022-01-12 07:50:01 --------------------------
live
총 0 개 데이타 이동
END   2022-01-12 07:50:03 --------------------------


START 2022-01-12 08:00:02 --------------------------
live
총 0 개 데이타 이동
END   2022-01-12 08:00:04 --------------------------


START 2022-01-12 08:10:02 --------------------------
live
총 0 개 데이타 이동
END   2022-01-12 08:10:03 --------------------------


START 2022-01-12 08:20:01 --------------------------
live
총 0 개 데이타 이동
END   2022-01-12 08:20:03 --------------------------


START 2022-01-12 08:30:01 --------------------------
live
총 0 개 데이타 이동
END   2022-01-12 08:30:03 --------------------------


START 2022-01-12 08:40:01 --------------------------
live
총 0 개 데이타 이동
END   2022-01-12 08:40:03 --------------------------


START 2022-01-12 08:50:01 --------------------------
live
총 0 개 데이타 이동
END   2022-01-12 08:50:03 --------------------------


START 2022-01-12 09:00:01 --------------------------
live
총 0 개 데이타 이동
END   2022-01-12 09:00:03 --------------------------


START 2022-01-12 09:10:01 --------------------------
live
총 0 개 데이타 이동
END   2022-01-12 09:10:03 --------------------------


START 2022-01-12 09:20:01 --------------------------
live
총 0 개 데이타 이동
END   2022-01-12 09:20:03 --------------------------


START 2022-01-12 09:30:01 --------------------------
live
총 0 개 데이타 이동
END   2022-01-12 09:30:03 --------------------------


START 2022-01-12 09:40:01 --------------------------
live
총 0 개 데이타 이동
END   2022-01-12 09:40:03 --------------------------


START 2022-01-12 09:50:01 --------------------------
live
총 0 개 데이타 이동
END   2022-01-12 09:50:03 --------------------------


START 2022-01-12 10:00:01 --------------------------
live
총 0 개 데이타 이동
END   2022-01-12 10:00:03 --------------------------


START 2022-01-12 10:10:01 --------------------------
live
총 0 개 데이타 이동
END   2022-01-12 10:10:03 --------------------------


START 2022-01-12 10:20:01 --------------------------
live
총 0 개 데이타 이동
END   2022-01-12 10:20:03 --------------------------


START 2022-01-12 10:30:01 --------------------------
live
총 0 개 데이타 이동
END   2022-01-12 10:30:03 --------------------------


START 2022-01-12 10:40:01 --------------------------
live
총 0 개 데이타 이동
END   2022-01-12 10:40:03 --------------------------


START 2022-01-12 10:50:01 --------------------------
live
총 0 개 데이타 이동
END   2022-01-12 10:50:03 --------------------------


START 2022-01-12 11:00:01 --------------------------
live
총 0 개 데이타 이동
END   2022-01-12 11:00:03 --------------------------


START 2022-01-12 11:10:01 --------------------------
live
총 0 개 데이타 이동
END   2022-01-12 11:10:03 --------------------------


START 2022-01-12 11:20:03 --------------------------
live
총 0 개 데이타 이동
END   2022-01-12 11:20:05 --------------------------


START 2022-01-12 11:30:03 --------------------------
live
총 0 개 데이타 이동
END   2022-01-12 11:30:05 --------------------------


START 2022-01-12 11:40:01 --------------------------
live
총 0 개 데이타 이동
END   2022-01-12 11:40:03 --------------------------


START 2022-01-12 11:50:01 --------------------------
live
총 0 개 데이타 이동
END   2022-01-12 11:50:03 --------------------------


START 2022-01-12 12:00:01 --------------------------
live
총 0 개 데이타 이동
END   2022-01-12 12:00:03 --------------------------


START 2022-01-12 12:10:01 --------------------------
live
총 0 개 데이타 이동
END   2022-01-12 12:10:03 --------------------------


START 2022-01-12 12:20:01 --------------------------
live
총 0 개 데이타 이동
END   2022-01-12 12:20:03 --------------------------


START 2022-01-12 12:30:01 --------------------------
live
총 0 개 데이타 이동
END   2022-01-12 12:30:03 --------------------------


START 2022-01-12 12:40:01 --------------------------
live
총 0 개 데이타 이동
END   2022-01-12 12:40:03 --------------------------


START 2022-01-12 12:50:03 --------------------------
live
총 0 개 데이타 이동
END   2022-01-12 12:50:04 --------------------------


START 2022-01-12 13:00:02 --------------------------
live
총 0 개 데이타 이동
END   2022-01-12 13:00:03 --------------------------


START 2022-01-12 13:10:01 --------------------------
live
총 0 개 데이타 이동
END   2022-01-12 13:10:03 --------------------------


START 2022-01-12 13:20:01 --------------------------
live
총 0 개 데이타 이동
END   2022-01-12 13:20:03 --------------------------


START 2022-01-12 13:30:01 --------------------------
live
총 0 개 데이타 이동
END   2022-01-12 13:30:03 --------------------------


START 2022-01-12 13:40:01 --------------------------
live
총 0 개 데이타 이동
END   2022-01-12 13:40:03 --------------------------


START 2022-01-12 13:50:01 --------------------------
live
총 0 개 데이타 이동
END   2022-01-12 13:50:03 --------------------------


START 2022-01-12 14:00:03 --------------------------
live
총 0 개 데이타 이동
END   2022-01-12 14:00:05 --------------------------


START 2022-01-12 14:10:01 --------------------------
live
총 2 개 데이타 이동
데이타 이동 시작 *****
3046017 01024568888 -- 3046018 01088944740 -- 
END   2022-01-12 14:10:06 --------------------------


START 2022-01-12 14:20:01 --------------------------
live
총 0 개 데이타 이동
END   2022-01-12 14:20:03 --------------------------


START 2022-01-12 14:30:02 --------------------------
live
총 0 개 데이타 이동
END   2022-01-12 14:30:03 --------------------------


START 2022-01-12 14:40:01 --------------------------
live
총 0 개 데이타 이동
END   2022-01-12 14:40:03 --------------------------


START 2022-01-12 14:50:01 --------------------------
live
총 0 개 데이타 이동
END   2022-01-12 14:50:03 --------------------------


START 2022-01-12 15:00:01 --------------------------
live
총 0 개 데이타 이동
END   2022-01-12 15:00:03 --------------------------


START 2022-01-12 15:10:01 --------------------------
live
총 0 개 데이타 이동
END   2022-01-12 15:10:04 --------------------------


START 2022-01-12 15:20:01 --------------------------
live
총 0 개 데이타 이동
END   2022-01-12 15:20:03 --------------------------


START 2022-01-12 15:30:01 --------------------------
live
총 0 개 데이타 이동
END   2022-01-12 15:30:03 --------------------------


START 2022-01-12 15:40:01 --------------------------
live
총 0 개 데이타 이동
END   2022-01-12 15:40:03 --------------------------


START 2022-01-12 15:50:01 --------------------------
live
총 0 개 데이타 이동
END   2022-01-12 15:50:03 --------------------------


START 2022-01-12 16:00:01 --------------------------
live
총 0 개 데이타 이동
END   2022-01-12 16:00:03 --------------------------


START 2022-01-12 16:10:01 --------------------------
live
총 0 개 데이타 이동
END   2022-01-12 16:10:04 --------------------------


START 2022-01-12 16:20:01 --------------------------
live
총 0 개 데이타 이동
END   2022-01-12 16:20:03 --------------------------


START 2022-01-12 16:30:02 --------------------------
live
총 0 개 데이타 이동
END   2022-01-12 16:30:04 --------------------------


START 2022-01-12 16:40:02 --------------------------
live
총 0 개 데이타 이동
END   2022-01-12 16:40:03 --------------------------


START 2022-01-12 16:50:02 --------------------------
live
총 0 개 데이타 이동
END   2022-01-12 16:50:03 --------------------------


START 2022-01-12 17:00:02 --------------------------
live
총 0 개 데이타 이동
END   2022-01-12 17:00:03 --------------------------


START 2022-01-12 17:10:02 --------------------------
live
총 0 개 데이타 이동
END   2022-01-12 17:10:03 --------------------------


START 2022-01-12 17:20:02 --------------------------
live
총 0 개 데이타 이동
END   2022-01-12 17:20:03 --------------------------


START 2022-01-12 17:30:02 --------------------------
live
총 0 개 데이타 이동
END   2022-01-12 17:30:03 --------------------------


START 2022-01-12 17:40:02 --------------------------
live
총 0 개 데이타 이동
END   2022-01-12 17:40:03 --------------------------


START 2022-01-12 17:50:02 --------------------------
live
총 0 개 데이타 이동
END   2022-01-12 17:50:03 --------------------------


START 2022-01-12 18:00:02 --------------------------
live
총 0 개 데이타 이동
END   2022-01-12 18:00:03 --------------------------


START 2022-01-12 18:10:02 --------------------------
live
총 0 개 데이타 이동
END   2022-01-12 18:10:03 --------------------------


START 2022-01-12 18:20:02 --------------------------
live
총 0 개 데이타 이동
END   2022-01-12 18:20:03 --------------------------


START 2022-01-12 18:30:02 --------------------------
live
총 0 개 데이타 이동
END   2022-01-12 18:30:03 --------------------------


START 2022-01-12 18:40:02 --------------------------
live
총 0 개 데이타 이동
END   2022-01-12 18:40:03 --------------------------


START 2022-01-12 18:50:02 --------------------------
live
총 0 개 데이타 이동
END   2022-01-12 18:50:03 --------------------------


START 2022-01-12 19:00:02 --------------------------
live
총 0 개 데이타 이동
END   2022-01-12 19:00:03 --------------------------


START 2022-01-12 19:10:02 --------------------------
live
총 0 개 데이타 이동
END   2022-01-12 19:10:03 --------------------------


START 2022-01-12 19:20:02 --------------------------
live
총 0 개 데이타 이동
END   2022-01-12 19:20:03 --------------------------


START 2022-01-12 19:30:02 --------------------------
live
총 0 개 데이타 이동
END   2022-01-12 19:30:03 --------------------------


START 2022-01-12 19:40:01 --------------------------
live
총 0 개 데이타 이동
END   2022-01-12 19:40:03 --------------------------


START 2022-01-12 19:50:01 --------------------------
live
총 0 개 데이타 이동
END   2022-01-12 19:50:03 --------------------------


START 2022-01-12 20:00:01 --------------------------
live
총 0 개 데이타 이동
END   2022-01-12 20:00:03 --------------------------


START 2022-01-12 20:10:02 --------------------------
live
총 0 개 데이타 이동
END   2022-01-12 20:10:03 --------------------------


START 2022-01-12 20:20:01 --------------------------
live
총 0 개 데이타 이동
END   2022-01-12 20:20:03 --------------------------


START 2022-01-12 20:30:02 --------------------------
live
총 0 개 데이타 이동
END   2022-01-12 20:30:03 --------------------------


START 2022-01-12 20:40:01 --------------------------
live
총 0 개 데이타 이동
END   2022-01-12 20:40:03 --------------------------


START 2022-01-12 20:50:02 --------------------------
live
총 0 개 데이타 이동
END   2022-01-12 20:50:04 --------------------------


START 2022-01-12 21:00:02 --------------------------
live
총 0 개 데이타 이동
END   2022-01-12 21:00:04 --------------------------


START 2022-01-12 21:10:02 --------------------------
live
총 0 개 데이타 이동
END   2022-01-12 21:10:03 --------------------------


START 2022-01-12 21:20:02 --------------------------
live
총 0 개 데이타 이동
END   2022-01-12 21:20:03 --------------------------


START 2022-01-12 21:30:01 --------------------------
live
총 0 개 데이타 이동
END   2022-01-12 21:30:03 --------------------------


START 2022-01-12 21:40:01 --------------------------
live
총 0 개 데이타 이동
END   2022-01-12 21:40:03 --------------------------


START 2022-01-12 21:50:01 --------------------------
live
총 0 개 데이타 이동
END   2022-01-12 21:50:03 --------------------------


START 2022-01-12 22:00:02 --------------------------
live
총 0 개 데이타 이동
END   2022-01-12 22:00:04 --------------------------


START 2022-01-12 22:10:02 --------------------------
live
총 0 개 데이타 이동
END   2022-01-12 22:10:03 --------------------------


START 2022-01-12 22:20:02 --------------------------
live
총 0 개 데이타 이동
END   2022-01-12 22:20:03 --------------------------


START 2022-01-12 22:30:01 --------------------------
live
총 0 개 데이타 이동
END   2022-01-12 22:30:03 --------------------------


START 2022-01-12 22:40:01 --------------------------
live
총 0 개 데이타 이동
END   2022-01-12 22:40:03 --------------------------


START 2022-01-12 22:50:01 --------------------------
live
총 0 개 데이타 이동
END   2022-01-12 22:50:03 --------------------------


START 2022-01-12 23:00:01 --------------------------
live
총 0 개 데이타 이동
END   2022-01-12 23:00:03 --------------------------


START 2022-01-12 23:10:01 --------------------------
live
총 0 개 데이타 이동
END   2022-01-12 23:10:03 --------------------------


START 2022-01-12 23:20:01 --------------------------
live
총 0 개 데이타 이동
END   2022-01-12 23:20:03 --------------------------


START 2022-01-12 23:30:01 --------------------------
live
총 0 개 데이타 이동
END   2022-01-12 23:30:03 --------------------------


START 2022-01-12 23:40:02 --------------------------
live
총 0 개 데이타 이동
END   2022-01-12 23:40:03 --------------------------


START 2022-01-12 23:50:01 --------------------------
live
총 0 개 데이타 이동
END   2022-01-12 23:50:03 --------------------------


