START 2022-04-08 00:00:01 --------------------------
live
총 0 개 데이타 이동
END   2022-04-08 00:00:03 --------------------------


START 2022-04-08 00:10:01 --------------------------
live
총 0 개 데이타 이동
END   2022-04-08 00:10:03 --------------------------


START 2022-04-08 00:20:02 --------------------------
live
총 0 개 데이타 이동
END   2022-04-08 00:20:04 --------------------------


START 2022-04-08 00:30:02 --------------------------
live
총 0 개 데이타 이동
END   2022-04-08 00:30:04 --------------------------


START 2022-04-08 00:40:01 --------------------------
live
총 0 개 데이타 이동
END   2022-04-08 00:40:04 --------------------------


START 2022-04-08 00:50:01 --------------------------
live
총 0 개 데이타 이동
END   2022-04-08 00:50:04 --------------------------


START 2022-04-08 01:00:01 --------------------------
live
총 0 개 데이타 이동
END   2022-04-08 01:00:03 --------------------------


START 2022-04-08 01:10:01 --------------------------
live
총 0 개 데이타 이동
END   2022-04-08 01:10:03 --------------------------


START 2022-04-08 01:20:01 --------------------------
live
총 0 개 데이타 이동
END   2022-04-08 01:20:03 --------------------------


START 2022-04-08 01:30:02 --------------------------
live
총 0 개 데이타 이동
END   2022-04-08 01:30:04 --------------------------


START 2022-04-08 01:40:02 --------------------------
live
총 0 개 데이타 이동
END   2022-04-08 01:40:04 --------------------------


START 2022-04-08 01:50:01 --------------------------
live
총 0 개 데이타 이동
END   2022-04-08 01:50:04 --------------------------


START 2022-04-08 02:00:01 --------------------------
live
총 0 개 데이타 이동
END   2022-04-08 02:00:04 --------------------------


START 2022-04-08 02:10:01 --------------------------
live
총 0 개 데이타 이동
END   2022-04-08 02:10:04 --------------------------


START 2022-04-08 02:20:01 --------------------------
live
총 0 개 데이타 이동
END   2022-04-08 02:20:03 --------------------------


START 2022-04-08 02:30:01 --------------------------
live
총 0 개 데이타 이동
END   2022-04-08 02:30:03 --------------------------


START 2022-04-08 02:40:01 --------------------------
live
총 0 개 데이타 이동
END   2022-04-08 02:40:03 --------------------------


START 2022-04-08 02:50:01 --------------------------
live
총 0 개 데이타 이동
END   2022-04-08 02:50:03 --------------------------


START 2022-04-08 03:00:01 --------------------------
live
총 0 개 데이타 이동
END   2022-04-08 03:00:03 --------------------------


START 2022-04-08 03:10:01 --------------------------
live
총 0 개 데이타 이동
END   2022-04-08 03:10:03 --------------------------


START 2022-04-08 03:20:02 --------------------------
live
총 0 개 데이타 이동
END   2022-04-08 03:20:04 --------------------------


START 2022-04-08 03:30:02 --------------------------
live
총 0 개 데이타 이동
END   2022-04-08 03:30:04 --------------------------


START 2022-04-08 03:40:02 --------------------------
live
총 0 개 데이타 이동
END   2022-04-08 03:40:04 --------------------------


START 2022-04-08 03:50:02 --------------------------
live
총 0 개 데이타 이동
END   2022-04-08 03:50:04 --------------------------


START 2022-04-08 04:00:01 --------------------------
live
총 0 개 데이타 이동
END   2022-04-08 04:00:04 --------------------------


START 2022-04-08 04:10:02 --------------------------
live
총 0 개 데이타 이동
END   2022-04-08 04:10:04 --------------------------


START 2022-04-08 04:20:01 --------------------------
live
총 0 개 데이타 이동
END   2022-04-08 04:20:04 --------------------------


START 2022-04-08 04:30:01 --------------------------
live
총 0 개 데이타 이동
END   2022-04-08 04:30:04 --------------------------


START 2022-04-08 04:40:01 --------------------------
live
총 0 개 데이타 이동
END   2022-04-08 04:40:03 --------------------------


START 2022-04-08 04:50:01 --------------------------
live
총 0 개 데이타 이동
END   2022-04-08 04:50:03 --------------------------


START 2022-04-08 05:00:01 --------------------------
live
총 0 개 데이타 이동
END   2022-04-08 05:00:03 --------------------------


START 2022-04-08 05:10:02 --------------------------
live
총 0 개 데이타 이동
END   2022-04-08 05:10:04 --------------------------


START 2022-04-08 05:20:01 --------------------------
live
총 0 개 데이타 이동
END   2022-04-08 05:20:04 --------------------------


START 2022-04-08 05:30:01 --------------------------
live
총 0 개 데이타 이동
END   2022-04-08 05:30:03 --------------------------


START 2022-04-08 05:40:02 --------------------------
live
총 0 개 데이타 이동
END   2022-04-08 05:40:04 --------------------------


START 2022-04-08 05:50:02 --------------------------
live
총 0 개 데이타 이동
END   2022-04-08 05:50:04 --------------------------


START 2022-04-08 06:00:01 --------------------------
live
총 0 개 데이타 이동
END   2022-04-08 06:00:04 --------------------------


START 2022-04-08 06:10:01 --------------------------
live
총 0 개 데이타 이동
END   2022-04-08 06:10:04 --------------------------


START 2022-04-08 06:20:01 --------------------------
live
총 0 개 데이타 이동
END   2022-04-08 06:20:03 --------------------------


START 2022-04-08 06:30:01 --------------------------
live
총 0 개 데이타 이동
END   2022-04-08 06:30:04 --------------------------


START 2022-04-08 06:40:01 --------------------------
live
총 0 개 데이타 이동
END   2022-04-08 06:40:03 --------------------------


START 2022-04-08 06:50:02 --------------------------
live
총 0 개 데이타 이동
END   2022-04-08 06:50:04 --------------------------


START 2022-04-08 07:00:02 --------------------------
live
총 0 개 데이타 이동
END   2022-04-08 07:00:04 --------------------------


START 2022-04-08 07:10:02 --------------------------
live
총 0 개 데이타 이동
END   2022-04-08 07:10:04 --------------------------


START 2022-04-08 07:20:02 --------------------------
live
총 0 개 데이타 이동
END   2022-04-08 07:20:04 --------------------------


START 2022-04-08 07:30:02 --------------------------
live
총 0 개 데이타 이동
END   2022-04-08 07:30:04 --------------------------


START 2022-04-08 07:40:01 --------------------------
live
총 0 개 데이타 이동
END   2022-04-08 07:40:03 --------------------------


START 2022-04-08 07:50:01 --------------------------
live
총 0 개 데이타 이동
END   2022-04-08 07:50:03 --------------------------


START 2022-04-08 08:00:01 --------------------------
live
총 0 개 데이타 이동
END   2022-04-08 08:00:03 --------------------------


START 2022-04-08 08:10:02 --------------------------
live
총 0 개 데이타 이동
END   2022-04-08 08:10:04 --------------------------


START 2022-04-08 08:20:02 --------------------------
live
총 0 개 데이타 이동
END   2022-04-08 08:20:04 --------------------------


START 2022-04-08 08:30:01 --------------------------
live
총 0 개 데이타 이동
END   2022-04-08 08:30:04 --------------------------


START 2022-04-08 08:40:01 --------------------------
live
총 0 개 데이타 이동
END   2022-04-08 08:40:03 --------------------------


START 2022-04-08 08:50:01 --------------------------
live
총 0 개 데이타 이동
END   2022-04-08 08:50:03 --------------------------


START 2022-04-08 09:00:01 --------------------------
live
총 0 개 데이타 이동
END   2022-04-08 09:00:04 --------------------------


START 2022-04-08 09:10:02 --------------------------
live
총 0 개 데이타 이동
END   2022-04-08 09:10:04 --------------------------


START 2022-04-08 09:20:02 --------------------------
live
총 0 개 데이타 이동
END   2022-04-08 09:20:04 --------------------------


START 2022-04-08 09:30:01 --------------------------
live
총 0 개 데이타 이동
END   2022-04-08 09:30:03 --------------------------


START 2022-04-08 09:40:01 --------------------------
live
총 0 개 데이타 이동
END   2022-04-08 09:40:03 --------------------------


START 2022-04-08 09:50:02 --------------------------
live
총 0 개 데이타 이동
END   2022-04-08 09:50:04 --------------------------


START 2022-04-08 10:00:01 --------------------------
live
총 0 개 데이타 이동
END   2022-04-08 10:00:03 --------------------------


START 2022-04-08 10:10:02 --------------------------
live
총 0 개 데이타 이동
END   2022-04-08 10:10:04 --------------------------


START 2022-04-08 10:20:02 --------------------------
live
총 0 개 데이타 이동
END   2022-04-08 10:20:04 --------------------------


START 2022-04-08 10:30:01 --------------------------
live
총 0 개 데이타 이동
END   2022-04-08 10:30:04 --------------------------


START 2022-04-08 10:40:01 --------------------------
live
총 0 개 데이타 이동
END   2022-04-08 10:40:04 --------------------------


START 2022-04-08 10:50:01 --------------------------
live
총 0 개 데이타 이동
END   2022-04-08 10:50:03 --------------------------


START 2022-04-08 11:00:02 --------------------------
live
총 0 개 데이타 이동
END   2022-04-08 11:00:04 --------------------------


START 2022-04-08 11:10:02 --------------------------
live
총 0 개 데이타 이동
END   2022-04-08 11:10:04 --------------------------


START 2022-04-08 11:20:01 --------------------------
live
총 0 개 데이타 이동
END   2022-04-08 11:20:03 --------------------------


START 2022-04-08 11:30:01 --------------------------
live
총 0 개 데이타 이동
END   2022-04-08 11:30:03 --------------------------


START 2022-04-08 11:40:02 --------------------------
live
총 0 개 데이타 이동
END   2022-04-08 11:40:04 --------------------------


START 2022-04-08 11:50:01 --------------------------
live
총 0 개 데이타 이동
END   2022-04-08 11:50:04 --------------------------


START 2022-04-08 12:00:02 --------------------------
live
총 0 개 데이타 이동
END   2022-04-08 12:00:04 --------------------------


START 2022-04-08 12:10:01 --------------------------
live
총 0 개 데이타 이동
END   2022-04-08 12:10:03 --------------------------


START 2022-04-08 12:20:02 --------------------------
live
총 0 개 데이타 이동
END   2022-04-08 12:20:04 --------------------------


START 2022-04-08 12:30:02 --------------------------
live
총 0 개 데이타 이동
END   2022-04-08 12:30:04 --------------------------


START 2022-04-08 12:40:01 --------------------------
live
총 1 개 데이타 이동
데이타 이동 시작 *****
3104269 01067241409 -- 
END   2022-04-08 12:40:06 --------------------------


START 2022-04-08 12:50:01 --------------------------
live
총 0 개 데이타 이동
END   2022-04-08 12:50:04 --------------------------


START 2022-04-08 13:00:02 --------------------------
live
총 0 개 데이타 이동
END   2022-04-08 13:00:04 --------------------------


START 2022-04-08 13:10:01 --------------------------
live
총 0 개 데이타 이동
END   2022-04-08 13:10:03 --------------------------


START 2022-04-08 13:20:02 --------------------------
live
총 0 개 데이타 이동
END   2022-04-08 13:20:04 --------------------------


START 2022-04-08 13:30:01 --------------------------
live
총 0 개 데이타 이동
END   2022-04-08 13:30:03 --------------------------


START 2022-04-08 13:40:01 --------------------------
live
총 0 개 데이타 이동
END   2022-04-08 13:40:04 --------------------------


START 2022-04-08 13:50:02 --------------------------
live
총 0 개 데이타 이동
END   2022-04-08 13:50:04 --------------------------


START 2022-04-08 14:00:01 --------------------------
live
총 0 개 데이타 이동
END   2022-04-08 14:00:03 --------------------------


START 2022-04-08 14:10:01 --------------------------
live
총 0 개 데이타 이동
END   2022-04-08 14:10:03 --------------------------


START 2022-04-08 14:20:01 --------------------------
live
총 0 개 데이타 이동
END   2022-04-08 14:20:03 --------------------------


START 2022-04-08 14:30:02 --------------------------
live
총 0 개 데이타 이동
END   2022-04-08 14:30:04 --------------------------


START 2022-04-08 14:40:01 --------------------------
live
총 0 개 데이타 이동
END   2022-04-08 14:40:04 --------------------------


START 2022-04-08 14:50:02 --------------------------
live
총 0 개 데이타 이동
END   2022-04-08 14:50:04 --------------------------


START 2022-04-08 15:00:02 --------------------------
live
총 0 개 데이타 이동
END   2022-04-08 15:00:04 --------------------------


START 2022-04-08 15:10:01 --------------------------
live
총 0 개 데이타 이동
END   2022-04-08 15:10:04 --------------------------


START 2022-04-08 15:20:02 --------------------------
live
총 0 개 데이타 이동
END   2022-04-08 15:20:04 --------------------------


START 2022-04-08 15:30:02 --------------------------
live
총 0 개 데이타 이동
END   2022-04-08 15:30:04 --------------------------


START 2022-04-08 15:40:01 --------------------------
live
총 0 개 데이타 이동
END   2022-04-08 15:40:04 --------------------------


START 2022-04-08 15:50:02 --------------------------
live
총 0 개 데이타 이동
END   2022-04-08 15:50:04 --------------------------


START 2022-04-08 16:00:01 --------------------------
live
총 748 개 데이타 이동
데이타 이동 시작 *****
3104270 01058068880 -- 3104271 01093250540 -- 3104272 01087875471 -- 3104273 01051108888 -- 3104274 01096494679 -- 3104275 01082253572 -- 3104276 01057444597 -- 3104277 01088245450 -- 3104278 01084826940 -- 3104279 01046698248 -- 3104280 01072038318 -- 3104281 01055228310 -- 3104282 01053740342 -- 3104283 01082460277 -- 3104284 01095675535 -- 3104285 01077598558 -- 3104286 01067448527 -- 3104287 01040744708 -- 3104288 01027278261 -- 3104289 01031480018 -- 3104290 01049058340 -- 3104291 01076014159 -- 3104292 01097245787 -- 3104293 01032664184 -- 3104294 01048546605 -- 3104295 01059680698 -- 3104296 01079213652 -- 3104297 01089001981 -- 3104298 01059570215 -- 3104299 01054831231 -- 3104300 01054926320 -- 3104301 01027706498 -- 3104302 01084527852 -- 3104303 01075802021 -- 3104304 01044482055 -- 3104305 01082054003 -- 3104306 01090129912 -- 3104307 01059236227 -- 3104308 01043553997 -- 3104309 01088276854 -- 3104310 01026866224 -- 3104311 01063615105 -- 3104312 01032322139 -- 3104313 01063420216 -- 3104314 01076703180 -- 3104315 01066521730 -- 3104316 01057848813 -- 3104317 01057055969 -- 3104318 01087473222 -- 3104319 01090732798 -- 3104320 01093123694 -- 3104321 01099138635 -- 3104322 01046294230 -- 3104323 01087119971 -- 3104324 01035500441 -- 3104325 01033911186 -- 3104326 01036945995 -- 3104327 01090294615 -- 3104328 01046406879 -- 3104329 01028373310 -- 3104330 01079161825 -- 3104331 01077230962 -- 3104332 01027996019 -- 3104333 01064128803 -- 3104334 01076620170 -- 3104335 01041153545 -- 3104336 01089012573 -- 3104337 01034361525 -- 3104338 01090469299 -- 3104339 01058839476 -- 3104340 01071788478 -- 3104341 01033679452 -- 3104342 01025237264 -- 3104343 01066756878 -- 3104344 01038183940 -- 3104345 01053831598 -- 3104346 01089822360 -- 3104347 01046168061 -- 3104348 01093692182 -- 3104349 01023634981 -- 3104350 01086411586 -- 3104351 01051026561 -- 3104352 01075458299 -- 3104353 01052281988 -- 3104354 01062501074 -- 3104355 01058540331 -- 3104356 01091924661 -- 3104357 01045502503 -- 3104358 01031370127 -- 3104359 01077701753 -- 3104360 01037743683 -- 3104361 01046423123 -- 3104362 01044270355 -- 3104363 01036752934 -- 3104364 01025610980 -- 3104365 01085081494 -- 3104366 01056517901 -- 3104367 01023301554 -- 3104368 01025435314 -- 3104369 01051945314 -- 3104370 01051745314 -- 3104371 01047074681 -- 3104372 01075964237 -- 3104373 01088619965 -- 3104374 01051687817 -- 3104375 01086384084 -- 3104376 01037545658 -- 3104377 01040706789 -- 3104378 01057445320 -- 3104379 01083683398 -- 3104380 01086411538 -- 3104381 01045230589 -- 3104382 01022845499 -- 3104383 01046805679 -- 3104384 01030925144 -- 3104385 01038407432 -- 3104386 01036275012 -- 3104387 01057684498 -- 3104388 01095876344 -- 3104389 01020718347 -- 3104390 01077677357 -- 3104391 01096703501 -- 3104392 01071622183 -- 3104393 01064137276 -- 3104394 01038699000 -- 3104395 01027973973 -- 3104396 01094084209 -- 3104397 01086253458 -- 3104398 01040281112 -- 3104399 01022258778 -- 3104400 01039417230 -- 3104401 01071711659 -- 3104402 01087559840 -- 3104403 01058177740 -- 3104404 01031271777 -- 3104405 01028653120 -- 3104406 01063106794 -- 3104407 01055064090 -- 3104408 01062820736 -- 3104409 01050215917 -- 3104410 01026807142 -- 3104411 01094840978 -- 3104412 01027511099 -- 3104413 01093135921 -- 3104414 01064058189 -- 3104415 01092789909 -- 3104416 01035662621 -- 3104417 01098080735 -- 3104418 01041871892 -- 3104419 01065885204 -- 3104420 01058110068 -- 3104421 01089593663 -- 3104422 01045050219 -- 3104423 01044323696 -- 3104424 01066202639 -- 3104425 01051183756 -- 3104426 01055110830 -- 3104427 01072767824 -- 3104428 01022539328 -- 3104429 01045031069 -- 3104430 01062147593 -- 3104431 01063268606 -- 3104432 01091689063 -- 3104433 01043222972 -- 3104434 01044494785 -- 3104435 01057652480 -- 3104436 01094650295 -- 3104437 01032030002 -- 3104438 01052342979 -- 3104439 01075613037 -- 3104440 01056787811 -- 3104441 01022653254 -- 3104442 01022184026 -- 3104443 01048964820 -- 3104444 01083809082 -- 3104445 01028358179 -- 3104446 01099823532 -- 3104447 01050965620 -- 3104448 01091944771 -- 3104449 01098669082 -- 3104450 01088583991 -- 3104451 01038855998 -- 3104452 01022592913 -- 3104453 01087652627 -- 3104454 01097991571 -- 3104455 01082720009 -- 3104456 01092375695 -- 3104457 01040989302 -- 3104458 01032856779 -- 3104459 01073552445 -- 3104460 01084950095 -- 3104461 01091842913 -- 3104462 01084752162 -- 3104463 01058087945 -- 3104464 01020616278 -- 3104465 01035617072 -- 3104466 01021175066 -- 3104467 01037771324 -- 3104468 01090658111 -- 3104469 01067997818 -- 3104470 01045145038 -- 3104471 01083282579 -- 3104472 01045197890 -- 3104473 01062096101 -- 3104474 01088933294 -- 3104475 01085324419 -- 3104476 01044013851 -- 3104477 01033373852 -- 3104478 01050659137 -- 3104479 01026164865 -- 3104480 01050594589 -- 3104481 01065658201 -- 3104482 01036258404 -- 3104483 01041334373 -- 3104484 01020642691 -- 3104485 01022514351 -- 3104486 01031898548 -- 3104487 01059338868 -- 3104488 01087471067 -- 3104489 01081028898 -- 3104490 01062244767 -- 3104491 01026400115 -- 3104492 01020291247 -- 3104493 01028882256 -- 3104494 01040089262 -- 3104495 01077127790 -- 3104496 01051166295 -- 3104497 01072239368 -- 3104498 01093923178 -- 3104499 01027567328 -- 3104500 01074149010 -- 3104501 01064207232 -- 3104502 01052121427 -- 3104503 01064442461 -- 3104504 01053333780 -- 3104505 01057033351 -- 3104506 01058952510 -- 3104507 01025595372 -- 3104508 01027093591 -- 3104509 01092017542 -- 3104510 01053977530 -- 3104511 01088094020 -- 3104512 01083443524 -- 3104513 01065996046 -- 3104514 01035264583 -- 3104515 01059060326 -- 3104516 01066610489 -- 3104517 01075067778 -- 3104518 01066203119 -- 3104519 01064191501 -- 3104520 01036778685 -- 3104521 01050696746 -- 3104522 01092712054 -- 3104523 01024566329 -- 3104524 01086709984 -- 3104525 01037967548 -- 3104526 01090232392 -- 3104527 01024853836 -- 3104528 01049310618 -- 3104529 01033900612 -- 3104530 01020253883 -- 3104531 01064256743 -- 3104532 01086386185 -- 3104533 01037426729 -- 3104534 01071901295 -- 3104535 01094927335 -- 3104536 01077246462 -- 3104537 01072077279 -- 3104538 01077133601 -- 3104539 01056011772 -- 3104540 01033908618 -- 3104541 01077673462 -- 3104542 01087040523 -- 3104543 01088222154 -- 3104544 01087212382 -- 3104545 01046567931 -- 3104546 01068192506 -- 3104547 01068482436 -- 3104548 01092191742 -- 3104549 01088603779 -- 3104550 01081210404 -- 3104551 01045627942 -- 3104552 01084234257 -- 3104553 01094024373 -- 3104554 01048898551 -- 3104555 01063371882 -- 3104556 01048496703 -- 3104557 01033680320 -- 3104558 01052545488 -- 3104559 01068106610 -- 3104560 01052762481 -- 3104561 01076597040 -- 3104562 01077287903 -- 3104563 01030198948 -- 3104564 01063796265 -- 3104565 01083637644 -- 3104566 01095681133 -- 3104567 01087860361 -- 3104568 01086048426 -- 3104569 01046721377 -- 3104570 01054695949 -- 3104571 01041910296 -- 3104572 01051451063 -- 3104573 01094343288 -- 3104574 01089621534 -- 3104575 01028103692 -- 3104576 01045116949 -- 3104577 01068142260 -- 3104578 01076189070 -- 3104579 01093083267 -- 3104580 01084342258 -- 3104581 01022365833 -- 3104582 01098008274 -- 3104583 01077117738 -- 3104584 01021429532 -- 3104585 01053300385 -- 3104586 01092869109 -- 3104587 01058659621 -- 3104588 01057017962 -- 3104589 01063861977 -- 3104590 01099410423 -- 3104591 01049469136 -- 3104592 01058070074 -- 3104593 01051803294 -- 3104594 01035193009 -- 3104595 01045570720 -- 3104596 01058381440 -- 3104597 01067580825 -- 3104598 01024467865 -- 3104599 01022370426 -- 3104600 01032931029 -- 3104601 01053087020 -- 3104602 01056154047 -- 3104603 01063853561 -- 3104604 01043110907 -- 3104605 01035717036 -- 3104606 01081219599 -- 3104607 01092641125 -- 3104608 01021501229 -- 3104609 01090402416 -- 3104610 01046773530 -- 3104611 01087514031 -- 3104612 01038454694 -- 3104613 01047070708 -- 3104614 01021698002 -- 3104615 01057366166 -- 3104616 01086262074 -- 3104617 01052959021 -- 3104618 01021506086 -- 3104619 01028193405 -- 3104620 01049094214 -- 3104621 01044573479 -- 3104622 01092446925 -- 3104623 01040366567 -- 3104624 01057607480 -- 3104625 01083628018 -- 3104626 01075594065 -- 3104627 01067646669 -- 3104628 01036400735 -- 3104629 01032280270 -- 3104630 01044885872 -- 3104631 01037328436 -- 3104632 01062157268 -- 3104633 01091316053 -- 3104634 01045788446 -- 3104635 01087461909 -- 3104636 01058384232 -- 3104637 01063126409 -- 3104638 01064337180 -- 3104639 01036315190 -- 3104640 01034505538 -- 3104641 01096700129 -- 3104642 01064653242 -- 3104643 01029739343 -- 3104644 01071279412 -- 3104645 01056265897 -- 3104646 01046014694 -- 3104647 01063267387 -- 3104648 01089528017 -- 3104649 01062548491 -- 3104650 01035605026 -- 3104651 01035823739 -- 3104652 01049248283 -- 3104653 01091651781 -- 3104654 01093418843 -- 3104655 01085364504 -- 3104656 01038106028 -- 3104657 01065648820 -- 3104658 01066170369 -- 3104659 01032037388 -- 3104660 01092878242 -- 3104661 01035531285 -- 3104662 01039027030 -- 3104663 01087623010 -- 3104664 01071994858 -- 3104665 01052031198 -- 3104666 01084232032 -- 3104667 01095165630 -- 3104668 01076464460 -- 3104669 01052243302 -- 3104670 01093289460 -- 3104671 01059614381 -- 3104672 01091801515 -- 3104673 01092125260 -- 3104674 01065213008 -- 3104675 01048412624 -- 3104676 01093767527 -- 3104677 01034421122 -- 3104678 01023820510 -- 3104679 01057042403 -- 3104680 01038301245 -- 3104681 01097835258 -- 3104682 01088369508 -- 3104683 01094097135 -- 3104684 01047466352 -- 3104685 01053064647 -- 3104686 01042476918 -- 3104687 01046155002 -- 3104688 01062039088 -- 3104689 01040792101 -- 3104690 01047085497 -- 3104691 01071646204 -- 3104692 01096653967 -- 3104693 01035673205 -- 3104694 01082540316 -- 3104695 01046212660 -- 3104696 01066551795 -- 3104697 01055143164 -- 3104698 01021950671 -- 3104699 01099860941 -- 3104700 01071320188 -- 3104701 01022881413 -- 3104702 01087616872 -- 3104703 01077512331 -- 3104704 01059187675 -- 3104705 01089232040 -- 3104706 01095666602 -- 3104707 01057047804 -- 3104708 01054990194 -- 3104709 01084036053 -- 3104710 01033451911 -- 3104711 01083732627 -- 3104712 01063603290 -- 3104713 01033241312 -- 3104714 01045251081 -- 3104715 01020901361 -- 3104716 01054335769 -- 3104717 01065497878 -- 3104718 01075032534 -- 3104719 01030122247 -- 3104720 01021332453 -- 3104721 01062190322 -- 3104722 01048051676 -- 3104723 01050814045 -- 3104724 01067888668 -- 3104725 01094331382 -- 3104726 01072552038 -- 3104727 01082847232 -- 3104728 01089895452 -- 3104729 01099907637 -- 3104730 01026681566 -- 3104731 01064023355 -- 3104732 01083143328 -- 3104733 01054836984 -- 3104734 01091154553 -- 3104735 01071624477 -- 3104736 01032850090 -- 3104737 01090133663 -- 3104738 01026857394 -- 3104739 01097647419 -- 3104740 01089627563 -- 3104741 01094975144 -- 3104742 01026780079 -- 3104743 01082939845 -- 3104744 01026563558 -- 3104745 01062207087 -- 3104746 01092357723 -- 3104747 01022490110 -- 3104748 01050962527 -- 3104749 01086335602 -- 3104750 01064891284 -- 3104751 01071838405 -- 3104752 01049086710 -- 3104753 01053544039 -- 3104754 01053958819 -- 3104755 01082807232 -- 3104756 01074095630 -- 3104757 01029494868 -- 3104758 01025450715 -- 3104759 01056360260 -- 3104760 01090366306 -- 3104761 01027599625 -- 3104762 01049034210 -- 3104763 01055004739 -- 3104764 01093159900 -- 3104765 01034481867 -- 3104766 01075831260 -- 3104767 01056308477 -- 3104768 01091529987 -- 3104769 01075917073 -- 3104770 01086438259 -- 3104771 01032416595 -- 3104772 01093068300 -- 3104773 01033596955 -- 3104774 01033591959 -- 3104775 01090141152 -- 3104776 01063084893 -- 3104777 01073570068 -- 3104778 01071235610 -- 3104779 01055470922 -- 3104780 01085804310 -- 3104781 01074111418 -- 3104782 01036653136 -- 3104783 01098895483 -- 3104784 01025936359 -- 3104785 01095567035 -- 3104786 01040050331 -- 3104787 01020504982 -- 3104788 01081219636 -- 3104789 01065580903 -- 3104790 01032344440 -- 3104791 01022393513 -- 3104792 01097913628 -- 3104793 01094291371 -- 3104794 01027448194 -- 3104795 01053070685 -- 3104796 01024759250 -- 3104797 01051678813 -- 3104798 01042110775 -- 3104799 01020108515 -- 3104800 01033697932 -- 3104801 01041816658 -- 3104802 01074482811 -- 3104803 01032658568 -- 3104804 01048413839 -- 3104805 01062226741 -- 3104806 01043371199 -- 3104807 01095108772 -- 3104808 01072161869 -- 3104809 01099831836 -- 3104810 01093216537 -- 3104811 01063858612 -- 3104812 01064124015 -- 3104813 01062103421 -- 3104814 01086306119 -- 3104815 01085995983 -- 3104816 01020226329 -- 3104817 01031267030 -- 3104818 01026340605 -- 3104819 01042425549 -- 3104820 01065470900 -- 3104821 01064617411 -- 3104822 01022232601 -- 3104823 01089524607 -- 3104824 01047548183 -- 3104825 01035263963 -- 3104826 01089084779 -- 3104827 01033275777 -- 3104828 01038031015 -- 3104829 01028897957 -- 3104830 01040670930 -- 3104831 01082608746 -- 3104832 01023271581 -- 3104833 01080617114 -- 3104834 01028462201 -- 3104835 01099022427 -- 3104836 01085012219 -- 3104837 01063982891 -- 3104838 01035702324 -- 3104839 01088601909 -- 3104840 01096743900 -- 3104841 01068068518 -- 3104842 01049456048 -- 3104843 01037342371 -- 3104844 01082850088 -- 3104845 01050458963 -- 3104846 01056014146 -- 3104847 01091584797 -- 3104848 01087416643 -- 3104849 01073977359 -- 3104850 01082477107 -- 3104851 01032446919 -- 3104852 01063820744 -- 3104853 01082891613 -- 3104854 01022804523 -- 3104855 01054455368 -- 3104856 01029340087 -- 3104857 01054401285 -- 3104858 01085958415 -- 3104859 01038816198 -- 3104860 01075530315 -- 3104861 01044474809 -- 3104862 01022379251 -- 3104863 01088660643 -- 3104864 01091436920 -- 3104865 01031727399 -- 3104866 01057558290 -- 3104867 01076511138 -- 3104868 01065510056 -- 3104869 01076651765 -- 3104870 01092543693 -- 3104871 01031132998 -- 3104872 01048467622 -- 3104873 01038027184 -- 3104874 01055735392 -- 3104875 01020439084 -- 3104876 01093421209 -- 3104877 01087296415 -- 3104878 01071286219 -- 3104879 01031829811 -- 3104880 01071674974 -- 3104881 01085799006 -- 3104882 01027648139 -- 3104883 01091273354 -- 3104884 01064049820 -- 3104885 01026200873 -- 3104886 01030643038 -- 3104887 01051427585 -- 3104888 01093586691 -- 3104889 01075712408 -- 3104890 01071667532 -- 3104891 01076058671 -- 3104892 01079306196 -- 3104893 01023613284 -- 3104894 01033384861 -- 3104895 01064443295 -- 3104896 01065451368 -- 3104897 01039281570 -- 3104898 01085826819 -- 3104899 01030369601 -- 3104900 01029783394 -- 3104901 01026580691 -- 3104902 01023126445 -- 3104903 01081091680 -- 3104904 01038840741 -- 3104905 01052993777 -- 3104906 01059061186 -- 3104907 01083552437 -- 3104908 01055203611 -- 3104909 01034121509 -- 3104910 01053329404 -- 3104911 01024844004 -- 3104912 01026589622 -- 3104913 01052568800 -- 3104914 01096577777 -- 3104915 01044707070 -- 3104916 01071716147 -- 3104917 01025646978 -- 3104918 01056509028 -- 3104919 01043826221 -- 3104920 01022436762 -- 3104921 01049655088 -- 3104922 01055387273 -- 3104923 01056573093 -- 3104924 01072361158 -- 3104925 01071333517 -- 3104926 01039538544 -- 3104927 01038039401 -- 3104928 01050343278 -- 3104929 01056447503 -- 3104930 01037607923 -- 3104931 01023374238 -- 3104932 01030580086 -- 3104933 01094795676 -- 3104934 01075782033 -- 3104935 01057561328 -- 3104936 01045227154 -- 3104937 01088075546 -- 3104938 01077251733 -- 3104939 01029517658 -- 3104940 01030996296 -- 3104941 01034991899 -- 3104942 01062457050 -- 3104943 01034716582 -- 3104944 01063301513 -- 3104945 01075140477 -- 3104946 01031656461 -- 3104947 01040577203 -- 3104948 01087161678 -- 3104949 01027257834 -- 3104950 01046826954 -- 3104951 01024291709 -- 3104952 01026985408 -- 3104953 01055485952 -- 3104954 01036815260 -- 3104955 01020464484 -- 3104956 01067484815 -- 3104957 01043170507 -- 3104958 01044408712 -- 3104959 01093759935 -- 3104960 01047177982 -- 3104961 01046928972 -- 3104962 01099168888 -- 3104963 01058312442 -- 3104964 01082096100 -- 3104965 01029713895 -- 3104966 01045559122 -- 3104967 01085691165 -- 3104968 01022971894 -- 3104969 01047193117 -- 3104970 01084626954 -- 3104971 01022422259 -- 3104972 01026683067 -- 3104973 01054397601 -- 3104974 01072599125 -- 3104975 01085604726 -- 3104976 01090707809 -- 3104977 01039481144 -- 3104978 01054090660 -- 3104979 01022237934 -- 3104980 01051078274 -- 3104981 01022568878 -- 3104982 01027745118 -- 3104983 01055866134 -- 3104984 01072328471 -- 3104985 01034938878 -- 3104986 01096434130 -- 3104987 01089438371 -- 3104988 01090343714 -- 3104989 01040196520 -- 3104990 01072055726 -- 3104991 01066158114 -- 3104992 01037534777 -- 3104993 01088590769 -- 3104994 01038760134 -- 3104995 01041263555 -- 3104996 01071009050 -- 3104997 01053385161 -- 3104998 01062790462 -- 3104999 01040397757 -- 3105000 01035376503 -- 3105001 01063646410 -- 3105002 01084466296 -- 3105003 01023317975 -- 3105004 01054320119 -- 3105005 01062838273 -- 3105006 01084856652 -- 3105007 01073817281 -- 3105008 01030210804 -- 3105009 01034632301 -- 3105010 01037872642 -- 3105011 01092829468 -- 3105012 01062737351 -- 3105013 01071347752 -- 3105014 01044613320 -- 3105015 01068218688 -- 3105016 01056601359 -- 3105017 01037271197 -- 
END   2022-04-08 16:00:09 --------------------------


START 2022-04-08 16:10:02 --------------------------
live
총 420 개 데이타 이동
데이타 이동 시작 *****
3105018 01098843792 -- 3105019 01088101130 -- 3105020 01038066414 -- 3105021 01091152277 -- 3105022 01087894522 -- 3105023 01090730224 -- 3105024 01066097670 -- 3105025 01032324364 -- 3105026 01057452113 -- 3105027 01055856735 -- 3105028 01062966602 -- 3105029 01027142807 -- 3105030 01037186659 -- 3105031 01041699751 -- 3105032 01091734130 -- 3105033 01025433656 -- 3105034 01031183804 -- 3105035 01031621552 -- 3105036 01029808777 -- 3105037 01082868988 -- 3105038 01075161645 -- 3105039 01051264086 -- 3105040 01048331823 -- 3105041 01029222632 -- 3105042 01080793319 -- 3105043 01085372083 -- 3105044 01072370696 -- 3105045 01092685155 -- 3105046 01047432302 -- 3105047 01083957705 -- 3105048 01068734521 -- 3105049 01089244867 -- 3105050 01025783682 -- 3105051 01089471853 -- 3105052 01038629144 -- 3105053 01029782940 -- 3105054 01089646808 -- 3105055 01046108157 -- 3105056 01034498815 -- 3105057 01038501961 -- 3105058 01029050486 -- 3105059 01032586983 -- 3105060 01091987617 -- 3105061 01055171569 -- 3105062 01044552264 -- 3105063 01041503460 -- 3105064 01049321808 -- 3105065 01096447636 -- 3105066 01055885229 -- 3105067 01037952917 -- 3105068 01041762094 -- 3105069 01075859192 -- 3105070 01040700544 -- 3105071 01050878133 -- 3105072 01043599198 -- 3105073 01076674802 -- 3105074 01056365544 -- 3105075 01099994151 -- 3105076 01065505049 -- 3105077 01095993682 -- 3105078 01029633351 -- 3105079 01085416627 -- 3105080 01056912473 -- 3105081 01042266246 -- 3105082 01034130791 -- 3105083 01071062222 -- 3105084 01053054814 -- 3105085 01025107122 -- 3105086 01040986615 -- 3105087 01028658583 -- 3105088 01022865651 -- 3105089 01024699540 -- 3105090 01032338750 -- 3105091 01023967883 -- 3105092 01050401933 -- 3105093 01041500511 -- 3105094 01022552289 -- 3105095 01023346288 -- 3105096 01066622411 -- 3105097 01038562965 -- 3105098 01077978331 -- 3105099 01076447560 -- 3105100 01077645955 -- 3105101 01037264677 -- 3105102 01075851758 -- 3105103 01062431536 -- 3105104 01073701701 -- 3105105 01049062154 -- 3105106 01067617580 -- 3105107 01075531036 -- 3105108 01033240158 -- 3105109 01089121297 -- 3105110 01082527070 -- 3105111 01045839602 -- 3105112 01096609119 -- 3105113 01032189937 -- 3105114 01089727787 -- 3105115 01064317455 -- 3105116 01024237966 -- 3105117 01077646558 -- 3105118 01027787897 -- 3105119 01052178343 -- 3105120 01080898698 -- 3105121 01040086360 -- 3105122 01031321902 -- 3105123 01037549623 -- 3105124 01039294345 -- 3105125 01072293700 -- 3105126 01040020673 -- 3105127 01094614936 -- 3105128 01020234570 -- 3105129 01062717198 -- 3105130 01047430976 -- 3105131 01055437571 -- 3105132 01057745558 -- 3105133 01025568802 -- 3105134 01040735063 -- 3105135 01094419201 -- 3105136 01062908605 -- 3105137 01034155185 -- 3105138 01090088699 -- 3105139 01053909910 -- 3105140 01075988974 -- 3105141 01084658220 -- 3105142 01033253904 -- 3105143 01072211969 -- 3105144 01043370560 -- 3105145 01052991274 -- 3105146 01053318717 -- 3105147 01033651958 -- 3105148 01089611303 -- 3105149 01067450445 -- 3105150 01074341634 -- 3105151 01026423017 -- 3105152 01030323658 -- 3105153 01030248728 -- 3105154 01048864556 -- 3105155 01085897840 -- 3105156 01020145334 -- 3105157 01086097654 -- 3105158 01093611092 -- 3105159 01020932793 -- 3105160 01056995178 -- 3105161 01083645373 -- 3105162 01020389627 -- 3105163 01023865709 -- 3105164 01090076007 -- 3105165 01023997233 -- 3105166 01027143607 -- 3105167 01055273278 -- 3105168 01082031827 -- 3105169 01093145529 -- 3105170 01054944995 -- 3105171 01099849255 -- 3105172 01057739757 -- 3105173 01053557382 -- 3105174 01064844309 -- 3105175 01040347201 -- 3105176 01093197717 -- 3105177 01063394216 -- 3105178 01082105300 -- 3105179 01091497948 -- 3105180 01039355498 -- 3105181 01026467714 -- 3105182 01073573533 -- 3105183 01049985888 -- 3105184 01023190774 -- 3105185 01089852775 -- 3105186 01050885009 -- 3105187 01083224580 -- 3105188 01080081003 -- 3105189 01086003597 -- 3105190 01056285009 -- 3105191 01093274150 -- 3105192 01098998218 -- 3105193 01032689651 -- 3105194 01083327867 -- 3105195 01041178357 -- 3105196 01036368803 -- 3105197 01085662582 -- 3105198 01020229416 -- 3105199 01032299219 -- 3105200 01076623110 -- 3105201 01030535068 -- 3105202 01083461014 -- 3105203 01064391724 -- 3105204 01099591344 -- 3105205 01059013613 -- 3105206 01024027622 -- 3105207 01054300286 -- 3105208 01075335687 -- 3105209 01055049935 -- 3105210 01026594387 -- 3105211 01090692640 -- 3105212 01064506763 -- 3105213 01047877351 -- 3105214 01091781305 -- 3105215 01062323506 -- 3105216 01022976319 -- 3105217 01047466623 -- 3105218 01087935150 -- 3105219 01053933804 -- 3105220 01086896925 -- 3105221 01087322585 -- 3105222 01023225037 -- 3105223 01094373777 -- 3105224 01063172584 -- 3105225 01080608717 -- 3105226 01045034086 -- 3105227 01072950110 -- 3105228 01027147729 -- 3105229 01096751857 -- 3105230 01074539884 -- 3105231 01098167590 -- 3105232 01058032775 -- 3105233 01030779816 -- 3105234 01091255243 -- 3105235 01079361334 -- 3105236 01092463604 -- 3105237 01057925115 -- 3105238 01094297314 -- 3105239 01044426755 -- 3105240 01091127488 -- 3105241 01043776179 -- 3105242 01051222791 -- 3105243 01088138281 -- 3105244 01083110006 -- 3105245 01077003172 -- 3105246 01046846887 -- 3105247 01085472765 -- 3105248 01057922392 -- 3105249 01077145883 -- 3105250 01083974445 -- 3105251 01085333667 -- 3105252 01033992828 -- 3105253 01050578948 -- 3105254 01037692095 -- 3105255 01047564843 -- 3105256 01062891250 -- 3105257 01036194381 -- 3105258 01056192005 -- 3105259 01099733858 -- 3105260 01076179228 -- 3105261 01045752555 -- 3105262 01040644769 -- 3105263 01097510690 -- 3105264 01048725157 -- 3105265 01091337846 -- 3105266 01026823395 -- 3105267 01047466267 -- 3105268 01028747478 -- 3105269 01097400049 -- 3105270 01022285537 -- 3105271 01099213527 -- 3105272 01054225038 -- 3105273 01071269570 -- 3105274 01020805566 -- 3105275 01045340117 -- 3105276 01030344921 -- 3105277 01025085780 -- 3105278 01023703582 -- 3105279 01059480852 -- 3105280 01086355783 -- 3105281 01034667991 -- 3105282 01099731295 -- 3105283 01033890387 -- 3105284 01082786439 -- 3105285 01088489050 -- 3105286 01028617330 -- 3105287 01033376662 -- 3105288 01082601556 -- 3105289 01099869702 -- 3105290 01073828507 -- 3105291 01047537069 -- 3105292 01046665393 -- 3105293 01028530450 -- 3105294 01088175500 -- 3105295 01092045615 -- 3105296 01077018422 -- 3105297 01045615094 -- 3105298 01086625426 -- 3105299 01033675880 -- 3105300 01076489021 -- 3105301 01037340930 -- 3105302 01024354242 -- 3105303 01097934369 -- 3105304 01064719567 -- 3105305 01021837140 -- 3105306 01037182738 -- 3105307 01088927630 -- 3105308 01041408313 -- 3105309 01075503552 -- 3105310 01036685048 -- 3105311 01094011536 -- 3105312 01073087379 -- 3105313 01077325354 -- 3105314 01056455454 -- 3105315 01082171498 -- 3105316 01030121655 -- 3105317 01058962855 -- 3105318 01094907991 -- 3105319 01057550680 -- 3105320 01083547607 -- 3105321 01023502619 -- 3105322 01058338323 -- 3105323 01025608342 -- 3105324 01063987716 -- 3105325 01047643443 -- 3105326 01090407275 -- 3105327 01053215861 -- 3105328 01040207383 -- 3105329 01089084355 -- 3105330 01063837828 -- 3105331 01083411016 -- 3105332 01046549141 -- 3105333 01075269105 -- 3105334 01033738059 -- 3105335 01094001832 -- 3105336 01085302885 -- 3105337 01027407468 -- 3105338 01022714465 -- 3105339 01027186669 -- 3105340 01056619664 -- 3105341 01038096100 -- 3105342 01054757792 -- 3105343 01063990658 -- 3105344 01091829595 -- 3105345 01081467628 -- 3105346 01026370967 -- 3105347 01038708115 -- 3105348 01020579988 -- 3105349 01088047106 -- 3105350 01035609343 -- 3105351 01035418317 -- 3105352 01094468362 -- 3105353 01077940863 -- 3105354 01040644383 -- 3105355 01034142220 -- 3105356 01083782048 -- 3105357 01033361970 -- 3105358 01059278611 -- 3105359 01072750071 -- 3105360 01067901940 -- 3105361 01059537267 -- 3105362 01090339502 -- 3105363 01049124475 -- 3105364 01028505303 -- 3105365 01036256752 -- 3105366 01052478568 -- 3105367 01092613917 -- 3105368 01025157368 -- 3105369 01074309809 -- 3105370 01052462280 -- 3105371 01025085092 -- 3105372 01056653552 -- 3105373 01098181223 -- 3105374 01087052932 -- 3105375 01062280208 -- 3105376 01030122866 -- 3105377 01092451703 -- 3105378 01094878604 -- 3105379 01090127095 -- 3105380 01032196563 -- 3105381 01040299919 -- 3105382 01032512857 -- 3105383 01024198729 -- 3105384 01047072031 -- 3105385 01044744013 -- 3105386 01033389230 -- 3105387 01075873433 -- 3105388 01034347813 -- 3105389 01050210797 -- 3105390 01044588547 -- 3105391 01062528844 -- 3105392 01084026310 -- 3105393 01089402234 -- 3105394 01091180958 -- 3105395 01042957771 -- 3105396 01097377541 -- 3105397 01065238881 -- 3105398 01094703675 -- 3105399 01094276619 -- 3105400 01049662041 -- 3105401 01047192277 -- 3105402 01047591521 -- 3105403 01056138687 -- 3105404 01066305573 -- 3105405 01086702132 -- 3105406 01082511033 -- 3105407 01082645513 -- 3105408 01082370428 -- 3105409 01032328704 -- 3105410 01076172495 -- 3105411 01041069201 -- 3105412 01025144967 -- 3105413 01034146248 -- 3105414 01050837862 -- 3105415 01059262311 -- 3105416 01030113360 -- 3105417 01083629195 -- 3105418 01034853662 -- 3105419 01093043415 -- 3105420 01094044699 -- 3105421 01076765210 -- 3105422 01082619293 -- 3105423 01071459162 -- 3105424 01055834440 -- 3105425 01025476710 -- 3105426 01032113108 -- 3105427 01028489756 -- 3105428 01032061833 -- 3105429 01058599021 -- 3105430 01036608778 -- 3105431 01032608334 -- 3105432 01089862086 -- 3105433 01047535583 -- 3105434 01063225890 -- 3105435 01090188255 -- 3105436 01073693530 -- 3105437 01088448789 -- 
END   2022-04-08 16:10:08 --------------------------


START 2022-04-08 16:20:02 --------------------------
live
총 0 개 데이타 이동
END   2022-04-08 16:20:04 --------------------------


START 2022-04-08 16:30:01 --------------------------
live
총 0 개 데이타 이동
END   2022-04-08 16:30:03 --------------------------


START 2022-04-08 16:40:01 --------------------------
live
총 0 개 데이타 이동
END   2022-04-08 16:40:03 --------------------------


START 2022-04-08 16:50:02 --------------------------
live
총 0 개 데이타 이동
END   2022-04-08 16:50:05 --------------------------


START 2022-04-08 17:00:01 --------------------------
live
총 0 개 데이타 이동
END   2022-04-08 17:00:05 --------------------------


START 2022-04-08 17:10:02 --------------------------
live
총 0 개 데이타 이동
END   2022-04-08 17:10:02 --------------------------


START 2022-04-08 17:20:01 --------------------------
live
총 0 개 데이타 이동
END   2022-04-08 17:20:01 --------------------------


START 2022-04-08 17:30:02 --------------------------
live
총 0 개 데이타 이동
END   2022-04-08 17:30:02 --------------------------


START 2022-04-08 17:40:02 --------------------------
live
총 0 개 데이타 이동
END   2022-04-08 17:40:02 --------------------------


START 2022-04-08 17:50:01 --------------------------
live
총 0 개 데이타 이동
END   2022-04-08 17:50:01 --------------------------


START 2022-04-08 18:00:01 --------------------------
live
총 0 개 데이타 이동
END   2022-04-08 18:00:01 --------------------------


START 2022-04-08 18:10:02 --------------------------
live
총 0 개 데이타 이동
END   2022-04-08 18:10:02 --------------------------


START 2022-04-08 18:20:01 --------------------------
live
총 0 개 데이타 이동
END   2022-04-08 18:20:01 --------------------------


START 2022-04-08 18:30:02 --------------------------
live
총 0 개 데이타 이동
END   2022-04-08 18:30:02 --------------------------


START 2022-04-08 18:40:01 --------------------------
live
총 0 개 데이타 이동
END   2022-04-08 18:40:01 --------------------------


START 2022-04-08 18:50:01 --------------------------
live
총 0 개 데이타 이동
END   2022-04-08 18:50:01 --------------------------


START 2022-04-08 19:00:01 --------------------------
live
총 0 개 데이타 이동
END   2022-04-08 19:00:01 --------------------------


START 2022-04-08 19:10:01 --------------------------
live
총 0 개 데이타 이동
END   2022-04-08 19:10:01 --------------------------


START 2022-04-08 19:20:01 --------------------------
live
총 0 개 데이타 이동
END   2022-04-08 19:20:01 --------------------------


START 2022-04-08 19:30:01 --------------------------
live
총 0 개 데이타 이동
END   2022-04-08 19:30:01 --------------------------


START 2022-04-08 19:40:01 --------------------------
live
총 0 개 데이타 이동
END   2022-04-08 19:40:01 --------------------------


START 2022-04-08 19:50:01 --------------------------
live
총 0 개 데이타 이동
END   2022-04-08 19:50:01 --------------------------


START 2022-04-08 20:00:02 --------------------------
live
총 0 개 데이타 이동
END   2022-04-08 20:00:02 --------------------------


START 2022-04-08 20:10:02 --------------------------
live
총 0 개 데이타 이동
END   2022-04-08 20:10:02 --------------------------


START 2022-04-08 20:20:01 --------------------------
live
총 0 개 데이타 이동
END   2022-04-08 20:20:01 --------------------------


START 2022-04-08 20:30:02 --------------------------
live
총 0 개 데이타 이동
END   2022-04-08 20:30:02 --------------------------


START 2022-04-08 20:40:02 --------------------------
live
총 0 개 데이타 이동
END   2022-04-08 20:40:02 --------------------------


START 2022-04-08 20:50:01 --------------------------
live
총 0 개 데이타 이동
END   2022-04-08 20:50:02 --------------------------


START 2022-04-08 21:00:01 --------------------------
live
총 0 개 데이타 이동
END   2022-04-08 21:00:01 --------------------------


START 2022-04-08 21:10:01 --------------------------
live
총 0 개 데이타 이동
END   2022-04-08 21:10:01 --------------------------


START 2022-04-08 21:20:01 --------------------------
live
총 0 개 데이타 이동
END   2022-04-08 21:20:01 --------------------------


START 2022-04-08 21:30:01 --------------------------
live
총 0 개 데이타 이동
END   2022-04-08 21:30:01 --------------------------


START 2022-04-08 21:40:01 --------------------------
live
총 0 개 데이타 이동
END   2022-04-08 21:40:01 --------------------------


START 2022-04-08 21:50:01 --------------------------
live
총 0 개 데이타 이동
END   2022-04-08 21:50:01 --------------------------


START 2022-04-08 22:00:01 --------------------------
live
총 0 개 데이타 이동
END   2022-04-08 22:00:01 --------------------------


START 2022-04-08 22:10:01 --------------------------
live
총 0 개 데이타 이동
END   2022-04-08 22:10:01 --------------------------


START 2022-04-08 22:20:02 --------------------------
live
총 0 개 데이타 이동
END   2022-04-08 22:20:02 --------------------------


START 2022-04-08 22:30:02 --------------------------
live
총 0 개 데이타 이동
END   2022-04-08 22:30:02 --------------------------


START 2022-04-08 22:40:01 --------------------------
live
총 0 개 데이타 이동
END   2022-04-08 22:40:01 --------------------------


START 2022-04-08 22:50:01 --------------------------
live
총 0 개 데이타 이동
END   2022-04-08 22:50:01 --------------------------


START 2022-04-08 23:00:01 --------------------------
live
총 0 개 데이타 이동
END   2022-04-08 23:00:01 --------------------------


START 2022-04-08 23:10:01 --------------------------
live
총 0 개 데이타 이동
END   2022-04-08 23:10:01 --------------------------


START 2022-04-08 23:20:02 --------------------------
live
총 0 개 데이타 이동
END   2022-04-08 23:20:02 --------------------------


START 2022-04-08 23:30:01 --------------------------
live
총 0 개 데이타 이동
END   2022-04-08 23:30:02 --------------------------


START 2022-04-08 23:40:01 --------------------------
live
총 0 개 데이타 이동
END   2022-04-08 23:40:01 --------------------------


START 2022-04-08 23:50:01 --------------------------
live
총 0 개 데이타 이동
END   2022-04-08 23:50:01 --------------------------


