START 2022-11-28 00:00:01 --------------------------
live
총 0 개 데이타 이동
END   2022-11-28 00:00:01 --------------------------


START 2022-11-28 00:10:02 --------------------------
live
총 0 개 데이타 이동
END   2022-11-28 00:10:02 --------------------------


START 2022-11-28 00:20:01 --------------------------
live
총 0 개 데이타 이동
END   2022-11-28 00:20:01 --------------------------


START 2022-11-28 00:30:01 --------------------------
live
총 0 개 데이타 이동
END   2022-11-28 00:30:01 --------------------------


START 2022-11-28 00:40:01 --------------------------
live
총 0 개 데이타 이동
END   2022-11-28 00:40:01 --------------------------


START 2022-11-28 00:50:01 --------------------------
live
총 0 개 데이타 이동
END   2022-11-28 00:50:01 --------------------------


START 2022-11-28 01:00:01 --------------------------
live
총 0 개 데이타 이동
END   2022-11-28 01:00:01 --------------------------


START 2022-11-28 01:10:01 --------------------------
live
총 0 개 데이타 이동
END   2022-11-28 01:10:01 --------------------------


START 2022-11-28 01:20:01 --------------------------
live
총 0 개 데이타 이동
END   2022-11-28 01:20:01 --------------------------


START 2022-11-28 01:30:01 --------------------------
live
총 0 개 데이타 이동
END   2022-11-28 01:30:01 --------------------------


START 2022-11-28 01:40:01 --------------------------
live
총 0 개 데이타 이동
END   2022-11-28 01:40:01 --------------------------


START 2022-11-28 01:50:01 --------------------------
live
총 0 개 데이타 이동
END   2022-11-28 01:50:01 --------------------------


START 2022-11-28 02:00:01 --------------------------
live
총 0 개 데이타 이동
END   2022-11-28 02:00:01 --------------------------


START 2022-11-28 02:10:01 --------------------------
live
총 0 개 데이타 이동
END   2022-11-28 02:10:01 --------------------------


START 2022-11-28 02:20:01 --------------------------
live
총 0 개 데이타 이동
END   2022-11-28 02:20:01 --------------------------


START 2022-11-28 02:30:01 --------------------------
live
총 0 개 데이타 이동
END   2022-11-28 02:30:01 --------------------------


START 2022-11-28 02:40:01 --------------------------
live
총 0 개 데이타 이동
END   2022-11-28 02:40:01 --------------------------


START 2022-11-28 02:50:01 --------------------------
live
총 0 개 데이타 이동
END   2022-11-28 02:50:01 --------------------------


START 2022-11-28 03:00:01 --------------------------
live
총 0 개 데이타 이동
END   2022-11-28 03:00:01 --------------------------


START 2022-11-28 03:10:01 --------------------------
live
총 0 개 데이타 이동
END   2022-11-28 03:10:01 --------------------------


START 2022-11-28 03:20:01 --------------------------
live
총 0 개 데이타 이동
END   2022-11-28 03:20:01 --------------------------


START 2022-11-28 03:30:01 --------------------------
live
총 0 개 데이타 이동
END   2022-11-28 03:30:01 --------------------------


START 2022-11-28 03:40:01 --------------------------
live
총 0 개 데이타 이동
END   2022-11-28 03:40:01 --------------------------


START 2022-11-28 03:50:01 --------------------------
live
총 0 개 데이타 이동
END   2022-11-28 03:50:01 --------------------------


START 2022-11-28 04:00:01 --------------------------
live
총 0 개 데이타 이동
END   2022-11-28 04:00:01 --------------------------


START 2022-11-28 04:10:01 --------------------------
live
총 0 개 데이타 이동
END   2022-11-28 04:10:01 --------------------------


START 2022-11-28 04:20:01 --------------------------
live
총 0 개 데이타 이동
END   2022-11-28 04:20:01 --------------------------


START 2022-11-28 04:30:01 --------------------------
live
총 0 개 데이타 이동
END   2022-11-28 04:30:01 --------------------------


START 2022-11-28 04:40:01 --------------------------
live
총 0 개 데이타 이동
END   2022-11-28 04:40:01 --------------------------


START 2022-11-28 04:50:01 --------------------------
live
총 0 개 데이타 이동
END   2022-11-28 04:50:01 --------------------------


START 2022-11-28 05:00:02 --------------------------
live
총 0 개 데이타 이동
END   2022-11-28 05:00:02 --------------------------


START 2022-11-28 05:10:01 --------------------------
live
총 0 개 데이타 이동
END   2022-11-28 05:10:01 --------------------------


START 2022-11-28 05:20:01 --------------------------
live
총 0 개 데이타 이동
END   2022-11-28 05:20:01 --------------------------


START 2022-11-28 05:30:01 --------------------------
live
총 0 개 데이타 이동
END   2022-11-28 05:30:01 --------------------------


START 2022-11-28 05:40:01 --------------------------
live
총 0 개 데이타 이동
END   2022-11-28 05:40:01 --------------------------


START 2022-11-28 05:50:01 --------------------------
live
총 0 개 데이타 이동
END   2022-11-28 05:50:01 --------------------------


START 2022-11-28 06:00:01 --------------------------
live
총 0 개 데이타 이동
END   2022-11-28 06:00:01 --------------------------


START 2022-11-28 06:10:01 --------------------------
live
총 0 개 데이타 이동
END   2022-11-28 06:10:01 --------------------------


START 2022-11-28 06:20:01 --------------------------
live
총 0 개 데이타 이동
END   2022-11-28 06:20:01 --------------------------


START 2022-11-28 06:30:01 --------------------------
live
총 0 개 데이타 이동
END   2022-11-28 06:30:01 --------------------------


START 2022-11-28 06:40:01 --------------------------
live
총 0 개 데이타 이동
END   2022-11-28 06:40:01 --------------------------


START 2022-11-28 06:50:01 --------------------------
live
총 0 개 데이타 이동
END   2022-11-28 06:50:01 --------------------------


START 2022-11-28 07:00:01 --------------------------
live
총 0 개 데이타 이동
END   2022-11-28 07:00:01 --------------------------


START 2022-11-28 07:10:01 --------------------------
live
총 0 개 데이타 이동
END   2022-11-28 07:10:01 --------------------------


START 2022-11-28 07:20:01 --------------------------
live
총 0 개 데이타 이동
END   2022-11-28 07:20:01 --------------------------


START 2022-11-28 07:30:01 --------------------------
live
총 0 개 데이타 이동
END   2022-11-28 07:30:01 --------------------------


START 2022-11-28 07:40:01 --------------------------
live
총 0 개 데이타 이동
END   2022-11-28 07:40:02 --------------------------


START 2022-11-28 07:50:01 --------------------------
live
총 0 개 데이타 이동
END   2022-11-28 07:50:01 --------------------------


START 2022-11-28 08:00:01 --------------------------
live
총 0 개 데이타 이동
END   2022-11-28 08:00:01 --------------------------


START 2022-11-28 08:10:02 --------------------------
live
총 0 개 데이타 이동
END   2022-11-28 08:10:02 --------------------------


START 2022-11-28 08:20:01 --------------------------
live
총 0 개 데이타 이동
END   2022-11-28 08:20:01 --------------------------


START 2022-11-28 08:30:01 --------------------------
live
총 0 개 데이타 이동
END   2022-11-28 08:30:01 --------------------------


START 2022-11-28 08:40:01 --------------------------
live
총 0 개 데이타 이동
END   2022-11-28 08:40:02 --------------------------


START 2022-11-28 08:50:01 --------------------------
live
총 0 개 데이타 이동
END   2022-11-28 08:50:01 --------------------------


START 2022-11-28 09:00:01 --------------------------
live
총 0 개 데이타 이동
END   2022-11-28 09:00:01 --------------------------


START 2022-11-28 09:10:01 --------------------------
live
총 0 개 데이타 이동
END   2022-11-28 09:10:01 --------------------------


START 2022-11-28 09:20:02 --------------------------
live
총 0 개 데이타 이동
END   2022-11-28 09:20:02 --------------------------


START 2022-11-28 09:30:01 --------------------------
live
총 0 개 데이타 이동
END   2022-11-28 09:30:01 --------------------------


START 2022-11-28 09:40:01 --------------------------
live
총 0 개 데이타 이동
END   2022-11-28 09:40:01 --------------------------


START 2022-11-28 09:50:01 --------------------------
live
총 0 개 데이타 이동
END   2022-11-28 09:50:01 --------------------------


START 2022-11-28 10:00:01 --------------------------
live
총 0 개 데이타 이동
END   2022-11-28 10:00:01 --------------------------


START 2022-11-28 10:10:01 --------------------------
live
총 0 개 데이타 이동
END   2022-11-28 10:10:01 --------------------------


START 2022-11-28 10:20:01 --------------------------
live
총 0 개 데이타 이동
END   2022-11-28 10:20:01 --------------------------


START 2022-11-28 10:30:01 --------------------------
live
총 0 개 데이타 이동
END   2022-11-28 10:30:01 --------------------------


START 2022-11-28 10:40:01 --------------------------
live
총 0 개 데이타 이동
END   2022-11-28 10:40:01 --------------------------


START 2022-11-28 10:50:01 --------------------------
live
총 0 개 데이타 이동
END   2022-11-28 10:50:01 --------------------------


START 2022-11-28 11:00:01 --------------------------
live
총 0 개 데이타 이동
END   2022-11-28 11:00:01 --------------------------


START 2022-11-28 11:10:01 --------------------------
live
총 0 개 데이타 이동
END   2022-11-28 11:10:01 --------------------------


START 2022-11-28 11:20:01 --------------------------
live
총 0 개 데이타 이동
END   2022-11-28 11:20:01 --------------------------


START 2022-11-28 11:30:01 --------------------------
live
총 0 개 데이타 이동
END   2022-11-28 11:30:01 --------------------------


START 2022-11-28 11:40:01 --------------------------
live
총 0 개 데이타 이동
END   2022-11-28 11:40:01 --------------------------


START 2022-11-28 11:50:01 --------------------------
live
총 0 개 데이타 이동
END   2022-11-28 11:50:01 --------------------------


START 2022-11-28 12:00:01 --------------------------
live
총 0 개 데이타 이동
END   2022-11-28 12:00:01 --------------------------


START 2022-11-28 12:10:01 --------------------------
live
총 0 개 데이타 이동
END   2022-11-28 12:10:01 --------------------------


START 2022-11-28 12:20:01 --------------------------
live
총 0 개 데이타 이동
END   2022-11-28 12:20:01 --------------------------


START 2022-11-28 12:30:01 --------------------------
live
총 0 개 데이타 이동
END   2022-11-28 12:30:01 --------------------------


START 2022-11-28 12:40:01 --------------------------
live
총 0 개 데이타 이동
END   2022-11-28 12:40:01 --------------------------


START 2022-11-28 12:50:01 --------------------------
live
총 0 개 데이타 이동
END   2022-11-28 12:50:01 --------------------------


START 2022-11-28 13:00:01 --------------------------
live
총 0 개 데이타 이동
END   2022-11-28 13:00:01 --------------------------


START 2022-11-28 13:10:01 --------------------------
live
총 0 개 데이타 이동
END   2022-11-28 13:10:01 --------------------------


START 2022-11-28 13:20:01 --------------------------
live
총 0 개 데이타 이동
END   2022-11-28 13:20:01 --------------------------


START 2022-11-28 13:30:01 --------------------------
live
총 0 개 데이타 이동
END   2022-11-28 13:30:01 --------------------------


START 2022-11-28 13:40:01 --------------------------
live
총 0 개 데이타 이동
END   2022-11-28 13:40:01 --------------------------


START 2022-11-28 13:50:01 --------------------------
live
총 0 개 데이타 이동
END   2022-11-28 13:50:01 --------------------------


START 2022-11-28 14:00:02 --------------------------
live
총 0 개 데이타 이동
END   2022-11-28 14:00:02 --------------------------


START 2022-11-28 14:10:01 --------------------------
live
총 0 개 데이타 이동
END   2022-11-28 14:10:01 --------------------------


START 2022-11-28 14:20:02 --------------------------
live
총 0 개 데이타 이동
END   2022-11-28 14:20:02 --------------------------


START 2022-11-28 14:30:01 --------------------------
live
총 0 개 데이타 이동
END   2022-11-28 14:30:01 --------------------------


START 2022-11-28 14:40:01 --------------------------
live
총 0 개 데이타 이동
END   2022-11-28 14:40:01 --------------------------


START 2022-11-28 14:50:01 --------------------------
live
총 0 개 데이타 이동
END   2022-11-28 14:50:01 --------------------------


START 2022-11-28 15:00:01 --------------------------
live
총 0 개 데이타 이동
END   2022-11-28 15:00:01 --------------------------


START 2022-11-28 15:10:02 --------------------------
live
총 0 개 데이타 이동
END   2022-11-28 15:10:02 --------------------------


START 2022-11-28 15:20:01 --------------------------
live
총 0 개 데이타 이동
END   2022-11-28 15:20:01 --------------------------


START 2022-11-28 15:30:01 --------------------------
live
총 0 개 데이타 이동
END   2022-11-28 15:30:01 --------------------------


START 2022-11-28 15:40:01 --------------------------
live
총 0 개 데이타 이동
END   2022-11-28 15:40:01 --------------------------


START 2022-11-28 15:50:01 --------------------------
live
총 14 개 데이타 이동
데이타 이동 시작 *****
3111935 01024568888 -- 3111936 01056179090 -- 3111937 01080060401 -- 3111938 01032809295 -- 3111939 01088944740 -- 3111940 01067241409 -- 3111941 01064063972 -- 3111942 01086246176 -- 3111943 01047693024 -- 3111944 01048474041 -- 3111945 01090838172 -- 3111946 01050297528 -- 3111947 01082299622 -- 3111948 01033358065 -- 
END   2022-11-28 15:50:01 --------------------------


START 2022-11-28 16:00:01 --------------------------
live
총 0 개 데이타 이동
END   2022-11-28 16:00:01 --------------------------


START 2022-11-28 16:10:01 --------------------------
live
총 0 개 데이타 이동
END   2022-11-28 16:10:01 --------------------------


START 2022-11-28 16:20:02 --------------------------
live
총 0 개 데이타 이동
END   2022-11-28 16:20:02 --------------------------


START 2022-11-28 16:30:01 --------------------------
live
총 0 개 데이타 이동
END   2022-11-28 16:30:01 --------------------------


START 2022-11-28 16:40:01 --------------------------
live
총 0 개 데이타 이동
END   2022-11-28 16:40:01 --------------------------


START 2022-11-28 16:50:01 --------------------------
live
총 0 개 데이타 이동
END   2022-11-28 16:50:01 --------------------------


START 2022-11-28 17:00:01 --------------------------
live
총 0 개 데이타 이동
END   2022-11-28 17:00:01 --------------------------


START 2022-11-28 17:10:01 --------------------------
live
총 0 개 데이타 이동
END   2022-11-28 17:10:01 --------------------------


START 2022-11-28 17:20:01 --------------------------
live
총 0 개 데이타 이동
END   2022-11-28 17:20:01 --------------------------


START 2022-11-28 17:30:01 --------------------------
live
총 0 개 데이타 이동
END   2022-11-28 17:30:01 --------------------------


START 2022-11-28 17:40:01 --------------------------
live
총 0 개 데이타 이동
END   2022-11-28 17:40:01 --------------------------


START 2022-11-28 17:50:01 --------------------------
live
총 0 개 데이타 이동
END   2022-11-28 17:50:01 --------------------------


START 2022-11-28 18:00:01 --------------------------
live
총 0 개 데이타 이동
END   2022-11-28 18:00:01 --------------------------


START 2022-11-28 18:10:01 --------------------------
live
총 0 개 데이타 이동
END   2022-11-28 18:10:01 --------------------------


START 2022-11-28 18:20:01 --------------------------
live
총 0 개 데이타 이동
END   2022-11-28 18:20:01 --------------------------


START 2022-11-28 18:30:01 --------------------------
live
총 0 개 데이타 이동
END   2022-11-28 18:30:01 --------------------------


START 2022-11-28 18:40:02 --------------------------
live
총 0 개 데이타 이동
END   2022-11-28 18:40:02 --------------------------


START 2022-11-28 18:50:01 --------------------------
live
총 0 개 데이타 이동
END   2022-11-28 18:50:01 --------------------------


START 2022-11-28 19:00:01 --------------------------
live
총 0 개 데이타 이동
END   2022-11-28 19:00:01 --------------------------


START 2022-11-28 19:10:02 --------------------------
live
총 0 개 데이타 이동
END   2022-11-28 19:10:02 --------------------------


START 2022-11-28 19:20:01 --------------------------
live
총 1 개 데이타 이동
데이타 이동 시작 *****
3111949  -- 
END   2022-11-28 19:20:01 --------------------------


START 2022-11-28 19:30:01 --------------------------
live
총 0 개 데이타 이동
END   2022-11-28 19:30:01 --------------------------


START 2022-11-28 19:40:02 --------------------------
live
총 0 개 데이타 이동
END   2022-11-28 19:40:02 --------------------------


START 2022-11-28 19:50:01 --------------------------
live
총 0 개 데이타 이동
END   2022-11-28 19:50:01 --------------------------


START 2022-11-28 20:00:01 --------------------------
live
총 0 개 데이타 이동
END   2022-11-28 20:00:01 --------------------------


START 2022-11-28 20:10:01 --------------------------
live
총 0 개 데이타 이동
END   2022-11-28 20:10:01 --------------------------


START 2022-11-28 20:20:01 --------------------------
live
총 0 개 데이타 이동
END   2022-11-28 20:20:01 --------------------------


START 2022-11-28 20:30:01 --------------------------
live
총 0 개 데이타 이동
END   2022-11-28 20:30:01 --------------------------


START 2022-11-28 20:40:01 --------------------------
live
총 0 개 데이타 이동
END   2022-11-28 20:40:01 --------------------------


START 2022-11-28 20:50:01 --------------------------
live
총 0 개 데이타 이동
END   2022-11-28 20:50:01 --------------------------


START 2022-11-28 21:00:03 --------------------------
live
총 0 개 데이타 이동
END   2022-11-28 21:00:03 --------------------------


START 2022-11-28 21:10:01 --------------------------
live
총 0 개 데이타 이동
END   2022-11-28 21:10:01 --------------------------


START 2022-11-28 21:20:01 --------------------------
live
총 0 개 데이타 이동
END   2022-11-28 21:20:01 --------------------------


START 2022-11-28 21:30:01 --------------------------
live
총 0 개 데이타 이동
END   2022-11-28 21:30:01 --------------------------


START 2022-11-28 21:40:01 --------------------------
live
총 0 개 데이타 이동
END   2022-11-28 21:40:01 --------------------------


START 2022-11-28 21:50:02 --------------------------
live
총 0 개 데이타 이동
END   2022-11-28 21:50:02 --------------------------


START 2022-11-28 22:00:01 --------------------------
live
총 0 개 데이타 이동
END   2022-11-28 22:00:01 --------------------------


START 2022-11-28 22:10:01 --------------------------
live
총 0 개 데이타 이동
END   2022-11-28 22:10:01 --------------------------


START 2022-11-28 22:20:01 --------------------------
live
총 0 개 데이타 이동
END   2022-11-28 22:20:01 --------------------------


START 2022-11-28 22:30:01 --------------------------
live
총 0 개 데이타 이동
END   2022-11-28 22:30:01 --------------------------


START 2022-11-28 22:40:01 --------------------------
live
총 0 개 데이타 이동
END   2022-11-28 22:40:01 --------------------------


START 2022-11-28 22:50:01 --------------------------
live
총 0 개 데이타 이동
END   2022-11-28 22:50:01 --------------------------


START 2022-11-28 23:00:01 --------------------------
live
총 0 개 데이타 이동
END   2022-11-28 23:00:01 --------------------------


START 2022-11-28 23:10:01 --------------------------
live
총 0 개 데이타 이동
END   2022-11-28 23:10:01 --------------------------


START 2022-11-28 23:20:01 --------------------------
live
총 0 개 데이타 이동
END   2022-11-28 23:20:01 --------------------------


START 2022-11-28 23:30:01 --------------------------
live
총 0 개 데이타 이동
END   2022-11-28 23:30:01 --------------------------


START 2022-11-28 23:40:01 --------------------------
live
총 0 개 데이타 이동
END   2022-11-28 23:40:01 --------------------------


START 2022-11-28 23:50:01 --------------------------
live
총 0 개 데이타 이동
END   2022-11-28 23:50:01 --------------------------


