START 2022-11-10 00:00:01 --------------------------
live
총 0 개 데이타 이동
END   2022-11-10 00:00:01 --------------------------


START 2022-11-10 00:10:01 --------------------------
live
총 0 개 데이타 이동
END   2022-11-10 00:10:01 --------------------------


START 2022-11-10 00:20:01 --------------------------
live
총 0 개 데이타 이동
END   2022-11-10 00:20:01 --------------------------


START 2022-11-10 00:30:01 --------------------------
live
총 0 개 데이타 이동
END   2022-11-10 00:30:01 --------------------------


START 2022-11-10 00:40:01 --------------------------
live
총 0 개 데이타 이동
END   2022-11-10 00:40:01 --------------------------


START 2022-11-10 00:50:01 --------------------------
live
총 0 개 데이타 이동
END   2022-11-10 00:50:01 --------------------------


START 2022-11-10 01:00:02 --------------------------
live
총 0 개 데이타 이동
END   2022-11-10 01:00:02 --------------------------


START 2022-11-10 01:10:01 --------------------------
live
총 0 개 데이타 이동
END   2022-11-10 01:10:01 --------------------------


START 2022-11-10 01:20:01 --------------------------
live
총 0 개 데이타 이동
END   2022-11-10 01:20:01 --------------------------


START 2022-11-10 01:30:01 --------------------------
live
총 0 개 데이타 이동
END   2022-11-10 01:30:01 --------------------------


START 2022-11-10 01:40:01 --------------------------
live
총 0 개 데이타 이동
END   2022-11-10 01:40:01 --------------------------


START 2022-11-10 01:50:01 --------------------------
live
총 0 개 데이타 이동
END   2022-11-10 01:50:01 --------------------------


START 2022-11-10 02:00:01 --------------------------
live
총 0 개 데이타 이동
END   2022-11-10 02:00:01 --------------------------


START 2022-11-10 02:10:01 --------------------------
live
총 0 개 데이타 이동
END   2022-11-10 02:10:01 --------------------------


START 2022-11-10 02:20:02 --------------------------
live
총 0 개 데이타 이동
END   2022-11-10 02:20:02 --------------------------


START 2022-11-10 02:30:01 --------------------------
live
총 0 개 데이타 이동
END   2022-11-10 02:30:01 --------------------------


START 2022-11-10 02:40:01 --------------------------
live
총 0 개 데이타 이동
END   2022-11-10 02:40:01 --------------------------


START 2022-11-10 02:50:01 --------------------------
live
총 0 개 데이타 이동
END   2022-11-10 02:50:01 --------------------------


START 2022-11-10 03:00:02 --------------------------
live
총 0 개 데이타 이동
END   2022-11-10 03:00:02 --------------------------


START 2022-11-10 03:10:01 --------------------------
live
총 0 개 데이타 이동
END   2022-11-10 03:10:01 --------------------------


START 2022-11-10 03:20:01 --------------------------
live
총 0 개 데이타 이동
END   2022-11-10 03:20:01 --------------------------


START 2022-11-10 03:30:02 --------------------------
live
총 0 개 데이타 이동
END   2022-11-10 03:30:02 --------------------------


START 2022-11-10 03:40:01 --------------------------
live
총 0 개 데이타 이동
END   2022-11-10 03:40:01 --------------------------


START 2022-11-10 03:50:01 --------------------------
live
총 0 개 데이타 이동
END   2022-11-10 03:50:01 --------------------------


START 2022-11-10 04:00:01 --------------------------
live
총 0 개 데이타 이동
END   2022-11-10 04:00:02 --------------------------


START 2022-11-10 04:10:01 --------------------------
live
총 0 개 데이타 이동
END   2022-11-10 04:10:01 --------------------------


START 2022-11-10 04:20:01 --------------------------
live
총 0 개 데이타 이동
END   2022-11-10 04:20:01 --------------------------


START 2022-11-10 04:30:01 --------------------------
live
총 0 개 데이타 이동
END   2022-11-10 04:30:01 --------------------------


START 2022-11-10 04:40:01 --------------------------
live
총 0 개 데이타 이동
END   2022-11-10 04:40:01 --------------------------


START 2022-11-10 04:50:01 --------------------------
live
총 0 개 데이타 이동
END   2022-11-10 04:50:01 --------------------------


START 2022-11-10 05:00:02 --------------------------
live
총 0 개 데이타 이동
END   2022-11-10 05:00:02 --------------------------


START 2022-11-10 05:10:01 --------------------------
live
총 0 개 데이타 이동
END   2022-11-10 05:10:01 --------------------------


START 2022-11-10 05:20:01 --------------------------
live
총 0 개 데이타 이동
END   2022-11-10 05:20:01 --------------------------


START 2022-11-10 05:30:01 --------------------------
live
총 0 개 데이타 이동
END   2022-11-10 05:30:02 --------------------------


START 2022-11-10 05:40:01 --------------------------
live
총 0 개 데이타 이동
END   2022-11-10 05:40:01 --------------------------


START 2022-11-10 05:50:01 --------------------------
live
총 0 개 데이타 이동
END   2022-11-10 05:50:01 --------------------------


START 2022-11-10 06:00:01 --------------------------
live
총 0 개 데이타 이동
END   2022-11-10 06:00:01 --------------------------


START 2022-11-10 06:10:01 --------------------------
live
총 0 개 데이타 이동
END   2022-11-10 06:10:01 --------------------------


START 2022-11-10 06:20:01 --------------------------
live
총 0 개 데이타 이동
END   2022-11-10 06:20:01 --------------------------


START 2022-11-10 06:30:01 --------------------------
live
총 0 개 데이타 이동
END   2022-11-10 06:30:01 --------------------------


START 2022-11-10 06:40:01 --------------------------
live
총 0 개 데이타 이동
END   2022-11-10 06:40:01 --------------------------


START 2022-11-10 06:50:01 --------------------------
live
총 0 개 데이타 이동
END   2022-11-10 06:50:01 --------------------------


START 2022-11-10 07:00:01 --------------------------
live
총 0 개 데이타 이동
END   2022-11-10 07:00:01 --------------------------


START 2022-11-10 07:10:01 --------------------------
live
총 0 개 데이타 이동
END   2022-11-10 07:10:01 --------------------------


START 2022-11-10 07:20:01 --------------------------
live
총 0 개 데이타 이동
END   2022-11-10 07:20:01 --------------------------


START 2022-11-10 07:30:01 --------------------------
live
총 0 개 데이타 이동
END   2022-11-10 07:30:01 --------------------------


START 2022-11-10 07:40:01 --------------------------
live
총 0 개 데이타 이동
END   2022-11-10 07:40:01 --------------------------


START 2022-11-10 07:50:01 --------------------------
live
총 0 개 데이타 이동
END   2022-11-10 07:50:01 --------------------------


START 2022-11-10 08:00:01 --------------------------
live
총 0 개 데이타 이동
END   2022-11-10 08:00:01 --------------------------


START 2022-11-10 08:10:01 --------------------------
live
총 0 개 데이타 이동
END   2022-11-10 08:10:01 --------------------------


START 2022-11-10 08:20:01 --------------------------
live
총 0 개 데이타 이동
END   2022-11-10 08:20:01 --------------------------


START 2022-11-10 08:30:01 --------------------------
live
총 0 개 데이타 이동
END   2022-11-10 08:30:01 --------------------------


START 2022-11-10 08:40:01 --------------------------
live
총 0 개 데이타 이동
END   2022-11-10 08:40:01 --------------------------


START 2022-11-10 08:50:01 --------------------------
live
총 0 개 데이타 이동
END   2022-11-10 08:50:01 --------------------------


START 2022-11-10 09:00:01 --------------------------
live
총 0 개 데이타 이동
END   2022-11-10 09:00:01 --------------------------


START 2022-11-10 09:10:01 --------------------------
live
총 0 개 데이타 이동
END   2022-11-10 09:10:01 --------------------------


START 2022-11-10 09:20:01 --------------------------
live
총 0 개 데이타 이동
END   2022-11-10 09:20:01 --------------------------


START 2022-11-10 09:30:01 --------------------------
live
총 0 개 데이타 이동
END   2022-11-10 09:30:01 --------------------------


START 2022-11-10 09:40:01 --------------------------
live
총 0 개 데이타 이동
END   2022-11-10 09:40:01 --------------------------


START 2022-11-10 09:50:01 --------------------------
live
총 0 개 데이타 이동
END   2022-11-10 09:50:01 --------------------------


START 2022-11-10 10:00:01 --------------------------
live
총 0 개 데이타 이동
END   2022-11-10 10:00:01 --------------------------


START 2022-11-10 10:10:02 --------------------------
live
총 0 개 데이타 이동
END   2022-11-10 10:10:02 --------------------------


START 2022-11-10 10:20:01 --------------------------
live
총 2 개 데이타 이동
데이타 이동 시작 *****
3111692 01082300118 -- 3111693 01088372069 -- 
END   2022-11-10 10:20:01 --------------------------


START 2022-11-10 10:30:01 --------------------------
live
총 0 개 데이타 이동
END   2022-11-10 10:30:01 --------------------------


START 2022-11-10 10:40:01 --------------------------
live
총 0 개 데이타 이동
END   2022-11-10 10:40:01 --------------------------


START 2022-11-10 10:50:01 --------------------------
live
총 0 개 데이타 이동
END   2022-11-10 10:50:01 --------------------------


START 2022-11-10 11:00:01 --------------------------
live
총 0 개 데이타 이동
END   2022-11-10 11:00:01 --------------------------


START 2022-11-10 11:10:01 --------------------------
live
총 0 개 데이타 이동
END   2022-11-10 11:10:01 --------------------------


START 2022-11-10 11:20:01 --------------------------
live
총 0 개 데이타 이동
END   2022-11-10 11:20:01 --------------------------


START 2022-11-10 11:30:01 --------------------------
live
총 0 개 데이타 이동
END   2022-11-10 11:30:01 --------------------------


START 2022-11-10 11:40:01 --------------------------
live
총 14 개 데이타 이동
데이타 이동 시작 *****
3111694 01024568888 -- 3111695 01056179090 -- 3111696 01080060401 -- 3111697 01032809295 -- 3111698 01088944740 -- 3111699 01067241409 -- 3111700 01064063972 -- 3111701 01086246176 -- 3111702 01047693024 -- 3111703 01048474041 -- 3111704 01090838172 -- 3111705 01050297528 -- 3111706 01082299622 -- 3111707 01033358065 -- 
END   2022-11-10 11:40:01 --------------------------


START 2022-11-10 11:50:01 --------------------------
live
총 0 개 데이타 이동
END   2022-11-10 11:50:01 --------------------------


START 2022-11-10 12:00:01 --------------------------
live
총 0 개 데이타 이동
END   2022-11-10 12:00:01 --------------------------


START 2022-11-10 12:10:01 --------------------------
live
총 0 개 데이타 이동
END   2022-11-10 12:10:01 --------------------------


START 2022-11-10 12:20:01 --------------------------
live
총 0 개 데이타 이동
END   2022-11-10 12:20:01 --------------------------


START 2022-11-10 12:30:01 --------------------------
live
총 0 개 데이타 이동
END   2022-11-10 12:30:01 --------------------------


START 2022-11-10 12:40:01 --------------------------
live
총 0 개 데이타 이동
END   2022-11-10 12:40:01 --------------------------


START 2022-11-10 12:50:01 --------------------------
live
총 0 개 데이타 이동
END   2022-11-10 12:50:01 --------------------------


START 2022-11-10 13:00:01 --------------------------
live
총 0 개 데이타 이동
END   2022-11-10 13:00:01 --------------------------


START 2022-11-10 13:10:01 --------------------------
live
총 0 개 데이타 이동
END   2022-11-10 13:10:01 --------------------------


START 2022-11-10 13:20:01 --------------------------
live
총 0 개 데이타 이동
END   2022-11-10 13:20:01 --------------------------


START 2022-11-10 13:30:01 --------------------------
live
총 0 개 데이타 이동
END   2022-11-10 13:30:01 --------------------------


START 2022-11-10 13:40:01 --------------------------
live
총 0 개 데이타 이동
END   2022-11-10 13:40:01 --------------------------


START 2022-11-10 13:50:01 --------------------------
live
총 0 개 데이타 이동
END   2022-11-10 13:50:01 --------------------------


START 2022-11-10 14:00:01 --------------------------
live
총 0 개 데이타 이동
END   2022-11-10 14:00:01 --------------------------


START 2022-11-10 14:10:01 --------------------------
live
총 0 개 데이타 이동
END   2022-11-10 14:10:01 --------------------------


START 2022-11-10 14:20:01 --------------------------
live
총 0 개 데이타 이동
END   2022-11-10 14:20:01 --------------------------


START 2022-11-10 14:30:01 --------------------------
live
총 0 개 데이타 이동
END   2022-11-10 14:30:01 --------------------------


START 2022-11-10 14:40:01 --------------------------
live
총 0 개 데이타 이동
END   2022-11-10 14:40:01 --------------------------


START 2022-11-10 14:50:01 --------------------------
live
총 0 개 데이타 이동
END   2022-11-10 14:50:01 --------------------------


START 2022-11-10 15:00:01 --------------------------
live
총 0 개 데이타 이동
END   2022-11-10 15:00:01 --------------------------


START 2022-11-10 15:10:01 --------------------------
live
총 0 개 데이타 이동
END   2022-11-10 15:10:01 --------------------------


START 2022-11-10 15:20:01 --------------------------
live
총 0 개 데이타 이동
END   2022-11-10 15:20:01 --------------------------


START 2022-11-10 15:30:01 --------------------------
live
총 0 개 데이타 이동
END   2022-11-10 15:30:01 --------------------------


START 2022-11-10 15:40:01 --------------------------
live
총 0 개 데이타 이동
END   2022-11-10 15:40:01 --------------------------


START 2022-11-10 15:50:02 --------------------------
live
총 0 개 데이타 이동
END   2022-11-10 15:50:02 --------------------------


START 2022-11-10 16:00:01 --------------------------
live
총 0 개 데이타 이동
END   2022-11-10 16:00:01 --------------------------


START 2022-11-10 16:10:01 --------------------------
live
총 0 개 데이타 이동
END   2022-11-10 16:10:01 --------------------------


START 2022-11-10 16:20:01 --------------------------
live
총 0 개 데이타 이동
END   2022-11-10 16:20:01 --------------------------


START 2022-11-10 16:30:01 --------------------------
live
13 개의 삭제대상 레코드 발견
delete from cf_Msg_Tran where moved='Y' and Send_Time < now() - interval 30 DAY
13 개 삭제

총 0 개 데이타 이동
END   2022-11-10 16:30:01 --------------------------


START 2022-11-10 16:40:01 --------------------------
live
총 0 개 데이타 이동
END   2022-11-10 16:40:01 --------------------------


START 2022-11-10 16:50:01 --------------------------
live
총 0 개 데이타 이동
END   2022-11-10 16:50:01 --------------------------


START 2022-11-10 17:00:01 --------------------------
live
총 0 개 데이타 이동
END   2022-11-10 17:00:01 --------------------------


START 2022-11-10 17:10:01 --------------------------
live
총 0 개 데이타 이동
END   2022-11-10 17:10:01 --------------------------


START 2022-11-10 17:20:01 --------------------------
live
총 0 개 데이타 이동
END   2022-11-10 17:20:01 --------------------------


START 2022-11-10 17:30:01 --------------------------
live
총 0 개 데이타 이동
END   2022-11-10 17:30:01 --------------------------


START 2022-11-10 17:40:01 --------------------------
live
총 0 개 데이타 이동
END   2022-11-10 17:40:01 --------------------------


START 2022-11-10 17:50:01 --------------------------
live
총 0 개 데이타 이동
END   2022-11-10 17:50:01 --------------------------


START 2022-11-10 18:00:01 --------------------------
live
총 0 개 데이타 이동
END   2022-11-10 18:00:01 --------------------------


START 2022-11-10 18:10:01 --------------------------
live
총 0 개 데이타 이동
END   2022-11-10 18:10:01 --------------------------


START 2022-11-10 18:20:01 --------------------------
live
총 0 개 데이타 이동
END   2022-11-10 18:20:01 --------------------------


START 2022-11-10 18:30:01 --------------------------
live
총 0 개 데이타 이동
END   2022-11-10 18:30:01 --------------------------


START 2022-11-10 18:40:01 --------------------------
live
총 0 개 데이타 이동
END   2022-11-10 18:40:01 --------------------------


START 2022-11-10 18:50:01 --------------------------
live
총 0 개 데이타 이동
END   2022-11-10 18:50:01 --------------------------


START 2022-11-10 19:00:01 --------------------------
live
총 0 개 데이타 이동
END   2022-11-10 19:00:01 --------------------------


START 2022-11-10 19:10:01 --------------------------
live
총 0 개 데이타 이동
END   2022-11-10 19:10:01 --------------------------


START 2022-11-10 19:20:01 --------------------------
live
총 0 개 데이타 이동
END   2022-11-10 19:20:02 --------------------------


START 2022-11-10 19:30:01 --------------------------
live
총 0 개 데이타 이동
END   2022-11-10 19:30:01 --------------------------


START 2022-11-10 19:40:01 --------------------------
live
총 0 개 데이타 이동
END   2022-11-10 19:40:01 --------------------------


START 2022-11-10 19:50:01 --------------------------
live
총 0 개 데이타 이동
END   2022-11-10 19:50:01 --------------------------


START 2022-11-10 20:00:01 --------------------------
live
총 0 개 데이타 이동
END   2022-11-10 20:00:01 --------------------------


START 2022-11-10 20:10:01 --------------------------
live
총 0 개 데이타 이동
END   2022-11-10 20:10:01 --------------------------


START 2022-11-10 20:20:01 --------------------------
live
총 0 개 데이타 이동
END   2022-11-10 20:20:01 --------------------------


START 2022-11-10 20:30:03 --------------------------
live
총 0 개 데이타 이동
END   2022-11-10 20:30:03 --------------------------


START 2022-11-10 20:40:01 --------------------------
live
총 0 개 데이타 이동
END   2022-11-10 20:40:01 --------------------------


START 2022-11-10 20:50:01 --------------------------
live
총 0 개 데이타 이동
END   2022-11-10 20:50:01 --------------------------


START 2022-11-10 21:00:02 --------------------------
live
총 0 개 데이타 이동
END   2022-11-10 21:00:02 --------------------------


START 2022-11-10 21:10:01 --------------------------
live
총 0 개 데이타 이동
END   2022-11-10 21:10:01 --------------------------


START 2022-11-10 21:20:01 --------------------------
live
총 0 개 데이타 이동
END   2022-11-10 21:20:01 --------------------------


START 2022-11-10 21:30:01 --------------------------
live
총 0 개 데이타 이동
END   2022-11-10 21:30:01 --------------------------


START 2022-11-10 21:40:01 --------------------------
live
총 0 개 데이타 이동
END   2022-11-10 21:40:01 --------------------------


START 2022-11-10 21:50:01 --------------------------
live
총 0 개 데이타 이동
END   2022-11-10 21:50:01 --------------------------


START 2022-11-10 22:00:01 --------------------------
live
총 0 개 데이타 이동
END   2022-11-10 22:00:01 --------------------------


START 2022-11-10 22:10:01 --------------------------
live
총 0 개 데이타 이동
END   2022-11-10 22:10:01 --------------------------


START 2022-11-10 22:20:01 --------------------------
live
총 0 개 데이타 이동
END   2022-11-10 22:20:01 --------------------------


START 2022-11-10 22:30:01 --------------------------
live
총 0 개 데이타 이동
END   2022-11-10 22:30:01 --------------------------


START 2022-11-10 22:40:01 --------------------------
live
총 0 개 데이타 이동
END   2022-11-10 22:40:01 --------------------------


START 2022-11-10 22:50:01 --------------------------
live
총 0 개 데이타 이동
END   2022-11-10 22:50:01 --------------------------


START 2022-11-10 23:00:01 --------------------------
live
총 0 개 데이타 이동
END   2022-11-10 23:00:01 --------------------------


START 2022-11-10 23:10:02 --------------------------
live
총 0 개 데이타 이동
END   2022-11-10 23:10:02 --------------------------


START 2022-11-10 23:20:01 --------------------------
live
총 0 개 데이타 이동
END   2022-11-10 23:20:01 --------------------------


START 2022-11-10 23:30:01 --------------------------
live
총 0 개 데이타 이동
END   2022-11-10 23:30:01 --------------------------


START 2022-11-10 23:40:02 --------------------------
live
총 0 개 데이타 이동
END   2022-11-10 23:40:02 --------------------------


START 2022-11-10 23:50:01 --------------------------
live
총 0 개 데이타 이동
END   2022-11-10 23:50:01 --------------------------


