START 2022-10-14 00:00:02 --------------------------
live
총 0 개 데이타 이동
END   2022-10-14 00:00:02 --------------------------


START 2022-10-14 00:10:01 --------------------------
live
총 0 개 데이타 이동
END   2022-10-14 00:10:01 --------------------------


START 2022-10-14 00:20:01 --------------------------
live
총 0 개 데이타 이동
END   2022-10-14 00:20:01 --------------------------


START 2022-10-14 00:30:01 --------------------------
live
총 0 개 데이타 이동
END   2022-10-14 00:30:01 --------------------------


START 2022-10-14 00:40:01 --------------------------
live
총 0 개 데이타 이동
END   2022-10-14 00:40:01 --------------------------


START 2022-10-14 00:50:02 --------------------------
live
총 0 개 데이타 이동
END   2022-10-14 00:50:02 --------------------------


START 2022-10-14 01:00:04 --------------------------
live
총 0 개 데이타 이동
END   2022-10-14 01:00:04 --------------------------


START 2022-10-14 01:10:01 --------------------------
live
총 0 개 데이타 이동
END   2022-10-14 01:10:01 --------------------------


START 2022-10-14 01:20:01 --------------------------
live
총 0 개 데이타 이동
END   2022-10-14 01:20:01 --------------------------


START 2022-10-14 01:30:01 --------------------------
live
총 0 개 데이타 이동
END   2022-10-14 01:30:01 --------------------------


START 2022-10-14 01:40:02 --------------------------
live
총 0 개 데이타 이동
END   2022-10-14 01:40:02 --------------------------


START 2022-10-14 01:50:01 --------------------------
live
총 0 개 데이타 이동
END   2022-10-14 01:50:01 --------------------------


START 2022-10-14 02:00:04 --------------------------
live
총 0 개 데이타 이동
END   2022-10-14 02:00:04 --------------------------


START 2022-10-14 02:10:01 --------------------------
live
총 0 개 데이타 이동
END   2022-10-14 02:10:01 --------------------------


START 2022-10-14 02:20:01 --------------------------
live
총 0 개 데이타 이동
END   2022-10-14 02:20:01 --------------------------


START 2022-10-14 02:30:01 --------------------------
live
총 0 개 데이타 이동
END   2022-10-14 02:30:01 --------------------------


START 2022-10-14 02:40:01 --------------------------
live
총 0 개 데이타 이동
END   2022-10-14 02:40:01 --------------------------


START 2022-10-14 02:50:01 --------------------------
live
총 0 개 데이타 이동
END   2022-10-14 02:50:01 --------------------------


START 2022-10-14 03:00:04 --------------------------
live
총 0 개 데이타 이동
END   2022-10-14 03:00:04 --------------------------


START 2022-10-14 03:10:01 --------------------------
live
총 0 개 데이타 이동
END   2022-10-14 03:10:01 --------------------------


START 2022-10-14 03:20:02 --------------------------
live
총 0 개 데이타 이동
END   2022-10-14 03:20:02 --------------------------


START 2022-10-14 03:30:01 --------------------------
live
총 0 개 데이타 이동
END   2022-10-14 03:30:01 --------------------------


START 2022-10-14 03:40:01 --------------------------
live
총 0 개 데이타 이동
END   2022-10-14 03:40:01 --------------------------


START 2022-10-14 03:50:02 --------------------------
live
총 0 개 데이타 이동
END   2022-10-14 03:50:02 --------------------------


START 2022-10-14 04:00:03 --------------------------
live
총 0 개 데이타 이동
END   2022-10-14 04:00:03 --------------------------


START 2022-10-14 04:10:01 --------------------------
live
총 0 개 데이타 이동
END   2022-10-14 04:10:01 --------------------------


START 2022-10-14 04:20:01 --------------------------
live
총 0 개 데이타 이동
END   2022-10-14 04:20:01 --------------------------


START 2022-10-14 04:30:01 --------------------------
live
총 0 개 데이타 이동
END   2022-10-14 04:30:01 --------------------------


START 2022-10-14 04:40:01 --------------------------
live
총 0 개 데이타 이동
END   2022-10-14 04:40:01 --------------------------


START 2022-10-14 04:50:01 --------------------------
live
총 0 개 데이타 이동
END   2022-10-14 04:50:01 --------------------------


START 2022-10-14 05:00:01 --------------------------
live
총 0 개 데이타 이동
END   2022-10-14 05:00:01 --------------------------


START 2022-10-14 05:10:01 --------------------------
live
총 0 개 데이타 이동
END   2022-10-14 05:10:01 --------------------------


START 2022-10-14 05:20:03 --------------------------
live
총 0 개 데이타 이동
END   2022-10-14 05:20:03 --------------------------


START 2022-10-14 05:30:01 --------------------------
live
총 0 개 데이타 이동
END   2022-10-14 05:30:01 --------------------------


START 2022-10-14 05:40:02 --------------------------
live
총 0 개 데이타 이동
END   2022-10-14 05:40:02 --------------------------


START 2022-10-14 05:50:01 --------------------------
live
총 0 개 데이타 이동
END   2022-10-14 05:50:01 --------------------------


START 2022-10-14 06:00:01 --------------------------
live
총 0 개 데이타 이동
END   2022-10-14 06:00:01 --------------------------


START 2022-10-14 06:10:01 --------------------------
live
총 0 개 데이타 이동
END   2022-10-14 06:10:01 --------------------------


START 2022-10-14 06:20:01 --------------------------
live
총 0 개 데이타 이동
END   2022-10-14 06:20:01 --------------------------


START 2022-10-14 06:30:04 --------------------------
live
총 0 개 데이타 이동
END   2022-10-14 06:30:04 --------------------------


START 2022-10-14 06:40:01 --------------------------
live
총 0 개 데이타 이동
END   2022-10-14 06:40:01 --------------------------


START 2022-10-14 06:50:01 --------------------------
live
총 0 개 데이타 이동
END   2022-10-14 06:50:01 --------------------------


START 2022-10-14 07:00:01 --------------------------
live
총 0 개 데이타 이동
END   2022-10-14 07:00:01 --------------------------


START 2022-10-14 07:10:02 --------------------------
live
총 0 개 데이타 이동
END   2022-10-14 07:10:02 --------------------------


START 2022-10-14 07:20:01 --------------------------
live
총 0 개 데이타 이동
END   2022-10-14 07:20:01 --------------------------


START 2022-10-14 07:30:02 --------------------------
live
총 0 개 데이타 이동
END   2022-10-14 07:30:02 --------------------------


START 2022-10-14 07:40:01 --------------------------
live
총 0 개 데이타 이동
END   2022-10-14 07:40:01 --------------------------


START 2022-10-14 07:50:01 --------------------------
live
총 0 개 데이타 이동
END   2022-10-14 07:50:01 --------------------------


START 2022-10-14 08:00:01 --------------------------
live
총 0 개 데이타 이동
END   2022-10-14 08:00:01 --------------------------


START 2022-10-14 08:10:01 --------------------------
live
총 0 개 데이타 이동
END   2022-10-14 08:10:01 --------------------------


START 2022-10-14 08:20:01 --------------------------
live
총 0 개 데이타 이동
END   2022-10-14 08:20:01 --------------------------


START 2022-10-14 08:30:01 --------------------------
live
총 0 개 데이타 이동
END   2022-10-14 08:30:01 --------------------------


START 2022-10-14 08:40:01 --------------------------
live
총 0 개 데이타 이동
END   2022-10-14 08:40:01 --------------------------


START 2022-10-14 08:50:01 --------------------------
live
총 0 개 데이타 이동
END   2022-10-14 08:50:01 --------------------------


START 2022-10-14 09:00:01 --------------------------
live
총 0 개 데이타 이동
END   2022-10-14 09:00:01 --------------------------


START 2022-10-14 09:10:01 --------------------------
live
총 0 개 데이타 이동
END   2022-10-14 09:10:01 --------------------------


START 2022-10-14 09:20:01 --------------------------
live
총 0 개 데이타 이동
END   2022-10-14 09:20:01 --------------------------


START 2022-10-14 09:30:01 --------------------------
live
총 0 개 데이타 이동
END   2022-10-14 09:30:01 --------------------------


START 2022-10-14 09:40:01 --------------------------
live
총 0 개 데이타 이동
END   2022-10-14 09:40:01 --------------------------


START 2022-10-14 09:50:01 --------------------------
live
총 0 개 데이타 이동
END   2022-10-14 09:50:01 --------------------------


START 2022-10-14 10:00:01 --------------------------
live
총 0 개 데이타 이동
END   2022-10-14 10:00:01 --------------------------


START 2022-10-14 10:10:01 --------------------------
live
총 0 개 데이타 이동
END   2022-10-14 10:10:01 --------------------------


START 2022-10-14 10:20:01 --------------------------
live
총 0 개 데이타 이동
END   2022-10-14 10:20:01 --------------------------


START 2022-10-14 10:30:01 --------------------------
live
총 0 개 데이타 이동
END   2022-10-14 10:30:01 --------------------------


START 2022-10-14 10:40:01 --------------------------
live
총 0 개 데이타 이동
END   2022-10-14 10:40:01 --------------------------


START 2022-10-14 10:50:01 --------------------------
live
총 0 개 데이타 이동
END   2022-10-14 10:50:01 --------------------------


START 2022-10-14 11:00:01 --------------------------
live
총 0 개 데이타 이동
END   2022-10-14 11:00:01 --------------------------


START 2022-10-14 11:10:01 --------------------------
live
총 0 개 데이타 이동
END   2022-10-14 11:10:01 --------------------------


START 2022-10-14 11:20:01 --------------------------
live
총 0 개 데이타 이동
END   2022-10-14 11:20:01 --------------------------


START 2022-10-14 11:30:01 --------------------------
live
총 0 개 데이타 이동
END   2022-10-14 11:30:01 --------------------------


START 2022-10-14 11:40:01 --------------------------
live
총 0 개 데이타 이동
END   2022-10-14 11:40:01 --------------------------


START 2022-10-14 11:50:01 --------------------------
live
총 0 개 데이타 이동
END   2022-10-14 11:50:01 --------------------------


START 2022-10-14 12:00:01 --------------------------
live
총 0 개 데이타 이동
END   2022-10-14 12:00:01 --------------------------


START 2022-10-14 12:10:01 --------------------------
live
총 0 개 데이타 이동
END   2022-10-14 12:10:01 --------------------------


START 2022-10-14 12:20:01 --------------------------
live
4 개의 삭제대상 레코드 발견
delete from cf_Msg_Tran where moved='Y' and Send_Time < now() - interval 30 DAY
4 개 삭제

총 0 개 데이타 이동
END   2022-10-14 12:20:01 --------------------------


START 2022-10-14 12:30:01 --------------------------
live
총 0 개 데이타 이동
END   2022-10-14 12:30:01 --------------------------


START 2022-10-14 12:40:01 --------------------------
live
총 0 개 데이타 이동
END   2022-10-14 12:40:01 --------------------------


START 2022-10-14 12:50:01 --------------------------
live
총 0 개 데이타 이동
END   2022-10-14 12:50:01 --------------------------


START 2022-10-14 13:00:02 --------------------------
live
총 0 개 데이타 이동
END   2022-10-14 13:00:02 --------------------------


START 2022-10-14 13:10:01 --------------------------
live
총 0 개 데이타 이동
END   2022-10-14 13:10:01 --------------------------


START 2022-10-14 13:20:01 --------------------------
live
총 13 개 데이타 이동
데이타 이동 시작 *****
3111381 01024568888 -- 3111382 01056179090 -- 3111383 01080060401 -- 3111384 01032809295 -- 3111385 01088944740 -- 3111386 01067241409 -- 3111387 01064063972 -- 3111388 01086246176 -- 3111389 01047693024 -- 3111390 01048474041 -- 3111391 01090838172 -- 3111392 01050297528 -- 3111393 01082299622 -- 
END   2022-10-14 13:20:01 --------------------------


START 2022-10-14 13:30:01 --------------------------
live
총 0 개 데이타 이동
END   2022-10-14 13:30:01 --------------------------


START 2022-10-14 13:40:02 --------------------------
live
총 0 개 데이타 이동
END   2022-10-14 13:40:02 --------------------------


START 2022-10-14 13:50:01 --------------------------
live
총 0 개 데이타 이동
END   2022-10-14 13:50:01 --------------------------


START 2022-10-14 14:00:02 --------------------------
live
총 0 개 데이타 이동
END   2022-10-14 14:00:02 --------------------------


START 2022-10-14 14:10:01 --------------------------
live
총 0 개 데이타 이동
END   2022-10-14 14:10:01 --------------------------


START 2022-10-14 14:20:01 --------------------------
live
총 0 개 데이타 이동
END   2022-10-14 14:20:01 --------------------------


START 2022-10-14 14:30:01 --------------------------
live
총 0 개 데이타 이동
END   2022-10-14 14:30:01 --------------------------


START 2022-10-14 14:40:01 --------------------------
live
총 0 개 데이타 이동
END   2022-10-14 14:40:01 --------------------------


START 2022-10-14 14:50:01 --------------------------
live
총 0 개 데이타 이동
END   2022-10-14 14:50:01 --------------------------


START 2022-10-14 15:00:01 --------------------------
live
총 0 개 데이타 이동
END   2022-10-14 15:00:01 --------------------------


START 2022-10-14 15:10:01 --------------------------
live
총 0 개 데이타 이동
END   2022-10-14 15:10:01 --------------------------


START 2022-10-14 15:20:01 --------------------------
live
총 0 개 데이타 이동
END   2022-10-14 15:20:01 --------------------------


START 2022-10-14 15:30:01 --------------------------
live
총 0 개 데이타 이동
END   2022-10-14 15:30:01 --------------------------


START 2022-10-14 15:40:01 --------------------------
live
총 0 개 데이타 이동
END   2022-10-14 15:40:01 --------------------------


START 2022-10-14 15:50:01 --------------------------
live
총 0 개 데이타 이동
END   2022-10-14 15:50:01 --------------------------


START 2022-10-14 16:00:01 --------------------------
live
총 0 개 데이타 이동
END   2022-10-14 16:00:01 --------------------------


START 2022-10-14 16:10:01 --------------------------
live
총 0 개 데이타 이동
END   2022-10-14 16:10:01 --------------------------


START 2022-10-14 16:20:02 --------------------------
live
총 0 개 데이타 이동
END   2022-10-14 16:20:02 --------------------------


START 2022-10-14 16:30:01 --------------------------
live
총 0 개 데이타 이동
END   2022-10-14 16:30:01 --------------------------


START 2022-10-14 16:40:01 --------------------------
live
총 0 개 데이타 이동
END   2022-10-14 16:40:01 --------------------------


START 2022-10-14 16:50:01 --------------------------
live
총 0 개 데이타 이동
END   2022-10-14 16:50:01 --------------------------


START 2022-10-14 17:00:01 --------------------------
live
총 0 개 데이타 이동
END   2022-10-14 17:00:01 --------------------------


START 2022-10-14 17:10:01 --------------------------
live
총 0 개 데이타 이동
END   2022-10-14 17:10:01 --------------------------


START 2022-10-14 17:20:01 --------------------------
live
총 0 개 데이타 이동
END   2022-10-14 17:20:01 --------------------------


START 2022-10-14 17:30:01 --------------------------
live
총 0 개 데이타 이동
END   2022-10-14 17:30:01 --------------------------


START 2022-10-14 17:40:01 --------------------------
live
총 0 개 데이타 이동
END   2022-10-14 17:40:01 --------------------------


START 2022-10-14 17:50:01 --------------------------
live
총 0 개 데이타 이동
END   2022-10-14 17:50:01 --------------------------


START 2022-10-14 18:00:02 --------------------------
live
총 0 개 데이타 이동
END   2022-10-14 18:00:02 --------------------------


START 2022-10-14 18:10:01 --------------------------
live
총 0 개 데이타 이동
END   2022-10-14 18:10:01 --------------------------


START 2022-10-14 18:20:01 --------------------------
live
총 0 개 데이타 이동
END   2022-10-14 18:20:02 --------------------------


START 2022-10-14 18:30:01 --------------------------
live
총 0 개 데이타 이동
END   2022-10-14 18:30:01 --------------------------


START 2022-10-14 18:40:01 --------------------------
live
총 0 개 데이타 이동
END   2022-10-14 18:40:01 --------------------------


START 2022-10-14 18:50:01 --------------------------
live
총 0 개 데이타 이동
END   2022-10-14 18:50:01 --------------------------


START 2022-10-14 19:00:01 --------------------------
live
총 0 개 데이타 이동
END   2022-10-14 19:00:01 --------------------------


START 2022-10-14 19:10:02 --------------------------
live
총 0 개 데이타 이동
END   2022-10-14 19:10:02 --------------------------


START 2022-10-14 19:20:01 --------------------------
live
총 0 개 데이타 이동
END   2022-10-14 19:20:01 --------------------------


START 2022-10-14 19:30:01 --------------------------
live
총 0 개 데이타 이동
END   2022-10-14 19:30:01 --------------------------


START 2022-10-14 19:40:01 --------------------------
live
총 0 개 데이타 이동
END   2022-10-14 19:40:01 --------------------------


START 2022-10-14 19:50:01 --------------------------
live
총 0 개 데이타 이동
END   2022-10-14 19:50:01 --------------------------


START 2022-10-14 20:00:01 --------------------------
live
총 0 개 데이타 이동
END   2022-10-14 20:00:01 --------------------------


START 2022-10-14 20:10:01 --------------------------
live
총 0 개 데이타 이동
END   2022-10-14 20:10:01 --------------------------


START 2022-10-14 20:20:01 --------------------------
live
총 0 개 데이타 이동
END   2022-10-14 20:20:02 --------------------------


START 2022-10-14 20:30:01 --------------------------
live
총 0 개 데이타 이동
END   2022-10-14 20:30:01 --------------------------


START 2022-10-14 20:40:01 --------------------------
live
총 0 개 데이타 이동
END   2022-10-14 20:40:01 --------------------------


START 2022-10-14 20:50:01 --------------------------
live
총 0 개 데이타 이동
END   2022-10-14 20:50:01 --------------------------


START 2022-10-14 21:00:01 --------------------------
live
총 0 개 데이타 이동
END   2022-10-14 21:00:01 --------------------------


START 2022-10-14 21:10:01 --------------------------
live
총 0 개 데이타 이동
END   2022-10-14 21:10:01 --------------------------


START 2022-10-14 21:20:04 --------------------------
live
총 0 개 데이타 이동
END   2022-10-14 21:20:04 --------------------------


START 2022-10-14 21:30:01 --------------------------
live
총 0 개 데이타 이동
END   2022-10-14 21:30:01 --------------------------


START 2022-10-14 21:40:01 --------------------------
live
총 0 개 데이타 이동
END   2022-10-14 21:40:01 --------------------------


START 2022-10-14 21:50:01 --------------------------
live
총 0 개 데이타 이동
END   2022-10-14 21:50:01 --------------------------


START 2022-10-14 22:00:01 --------------------------
live
총 0 개 데이타 이동
END   2022-10-14 22:00:01 --------------------------


START 2022-10-14 22:10:01 --------------------------
live
총 0 개 데이타 이동
END   2022-10-14 22:10:01 --------------------------


START 2022-10-14 22:20:03 --------------------------
live
총 0 개 데이타 이동
END   2022-10-14 22:20:03 --------------------------


START 2022-10-14 22:30:01 --------------------------
live
총 0 개 데이타 이동
END   2022-10-14 22:30:01 --------------------------


START 2022-10-14 22:40:01 --------------------------
live
총 0 개 데이타 이동
END   2022-10-14 22:40:01 --------------------------


START 2022-10-14 22:50:01 --------------------------
live
총 0 개 데이타 이동
END   2022-10-14 22:50:01 --------------------------


START 2022-10-14 23:00:02 --------------------------
live
총 0 개 데이타 이동
END   2022-10-14 23:00:02 --------------------------


START 2022-10-14 23:10:01 --------------------------
live
총 0 개 데이타 이동
END   2022-10-14 23:10:01 --------------------------


START 2022-10-14 23:20:04 --------------------------
live
총 0 개 데이타 이동
END   2022-10-14 23:20:04 --------------------------


START 2022-10-14 23:30:01 --------------------------
live
총 0 개 데이타 이동
END   2022-10-14 23:30:01 --------------------------


START 2022-10-14 23:40:01 --------------------------
live
총 0 개 데이타 이동
END   2022-10-14 23:40:01 --------------------------


START 2022-10-14 23:50:01 --------------------------
live
총 0 개 데이타 이동
END   2022-10-14 23:50:01 --------------------------


