START 2022-05-23 00:00:02 --------------------------
live
총 0 개 데이타 이동
END   2022-05-23 00:00:02 --------------------------


START 2022-05-23 00:10:01 --------------------------
live
총 0 개 데이타 이동
END   2022-05-23 00:10:01 --------------------------


START 2022-05-23 00:20:02 --------------------------
live
총 0 개 데이타 이동
END   2022-05-23 00:20:02 --------------------------


START 2022-05-23 00:30:01 --------------------------
live
총 0 개 데이타 이동
END   2022-05-23 00:30:01 --------------------------


START 2022-05-23 00:40:01 --------------------------
live
총 0 개 데이타 이동
END   2022-05-23 00:40:01 --------------------------


START 2022-05-23 00:50:02 --------------------------
live
총 0 개 데이타 이동
END   2022-05-23 00:50:02 --------------------------


START 2022-05-23 01:00:01 --------------------------
live
총 0 개 데이타 이동
END   2022-05-23 01:00:01 --------------------------


START 2022-05-23 01:10:01 --------------------------
live
총 0 개 데이타 이동
END   2022-05-23 01:10:01 --------------------------


START 2022-05-23 01:20:01 --------------------------
live
총 0 개 데이타 이동
END   2022-05-23 01:20:01 --------------------------


START 2022-05-23 01:30:01 --------------------------
live
총 0 개 데이타 이동
END   2022-05-23 01:30:01 --------------------------


START 2022-05-23 01:40:01 --------------------------
live
총 0 개 데이타 이동
END   2022-05-23 01:40:01 --------------------------


START 2022-05-23 01:50:01 --------------------------
live
총 0 개 데이타 이동
END   2022-05-23 01:50:01 --------------------------


START 2022-05-23 02:00:01 --------------------------
live
총 0 개 데이타 이동
END   2022-05-23 02:00:01 --------------------------


START 2022-05-23 02:10:01 --------------------------
live
총 0 개 데이타 이동
END   2022-05-23 02:10:01 --------------------------


START 2022-05-23 02:20:01 --------------------------
live
총 0 개 데이타 이동
END   2022-05-23 02:20:01 --------------------------


START 2022-05-23 02:30:01 --------------------------
live
총 0 개 데이타 이동
END   2022-05-23 02:30:01 --------------------------


START 2022-05-23 02:40:02 --------------------------
live
총 0 개 데이타 이동
END   2022-05-23 02:40:02 --------------------------


START 2022-05-23 02:50:01 --------------------------
live
총 0 개 데이타 이동
END   2022-05-23 02:50:01 --------------------------


START 2022-05-23 03:00:01 --------------------------
live
총 0 개 데이타 이동
END   2022-05-23 03:00:01 --------------------------


START 2022-05-23 03:10:01 --------------------------
live
총 0 개 데이타 이동
END   2022-05-23 03:10:01 --------------------------


START 2022-05-23 03:20:02 --------------------------
live
총 0 개 데이타 이동
END   2022-05-23 03:20:02 --------------------------


START 2022-05-23 03:30:01 --------------------------
live
총 0 개 데이타 이동
END   2022-05-23 03:30:01 --------------------------


START 2022-05-23 03:40:01 --------------------------
live
총 0 개 데이타 이동
END   2022-05-23 03:40:01 --------------------------


START 2022-05-23 03:50:02 --------------------------
live
총 0 개 데이타 이동
END   2022-05-23 03:50:02 --------------------------


START 2022-05-23 04:00:01 --------------------------
live
총 0 개 데이타 이동
END   2022-05-23 04:00:01 --------------------------


START 2022-05-23 04:10:01 --------------------------
live
총 0 개 데이타 이동
END   2022-05-23 04:10:01 --------------------------


START 2022-05-23 04:20:01 --------------------------
live
총 0 개 데이타 이동
END   2022-05-23 04:20:01 --------------------------


START 2022-05-23 04:30:02 --------------------------
live
총 0 개 데이타 이동
END   2022-05-23 04:30:02 --------------------------


START 2022-05-23 04:40:02 --------------------------
live
총 0 개 데이타 이동
END   2022-05-23 04:40:02 --------------------------


START 2022-05-23 04:50:01 --------------------------
live
총 0 개 데이타 이동
END   2022-05-23 04:50:01 --------------------------


START 2022-05-23 05:00:02 --------------------------
live
총 0 개 데이타 이동
END   2022-05-23 05:00:02 --------------------------


START 2022-05-23 05:10:01 --------------------------
live
총 0 개 데이타 이동
END   2022-05-23 05:10:01 --------------------------


START 2022-05-23 05:20:01 --------------------------
live
총 0 개 데이타 이동
END   2022-05-23 05:20:01 --------------------------


START 2022-05-23 05:30:01 --------------------------
live
총 0 개 데이타 이동
END   2022-05-23 05:30:01 --------------------------


START 2022-05-23 05:40:02 --------------------------
live
총 0 개 데이타 이동
END   2022-05-23 05:40:02 --------------------------


START 2022-05-23 05:50:01 --------------------------
live
총 0 개 데이타 이동
END   2022-05-23 05:50:01 --------------------------


START 2022-05-23 06:00:01 --------------------------
live
총 0 개 데이타 이동
END   2022-05-23 06:00:01 --------------------------


START 2022-05-23 06:10:01 --------------------------
live
총 0 개 데이타 이동
END   2022-05-23 06:10:01 --------------------------


START 2022-05-23 06:20:01 --------------------------
live
총 0 개 데이타 이동
END   2022-05-23 06:20:01 --------------------------


START 2022-05-23 06:30:01 --------------------------
live
총 0 개 데이타 이동
END   2022-05-23 06:30:01 --------------------------


START 2022-05-23 06:40:01 --------------------------
live
총 0 개 데이타 이동
END   2022-05-23 06:40:01 --------------------------


START 2022-05-23 06:50:01 --------------------------
live
총 0 개 데이타 이동
END   2022-05-23 06:50:01 --------------------------


START 2022-05-23 07:00:01 --------------------------
live
총 0 개 데이타 이동
END   2022-05-23 07:00:01 --------------------------


START 2022-05-23 07:10:02 --------------------------
live
총 0 개 데이타 이동
END   2022-05-23 07:10:02 --------------------------


START 2022-05-23 07:20:01 --------------------------
live
총 0 개 데이타 이동
END   2022-05-23 07:20:01 --------------------------


START 2022-05-23 07:30:02 --------------------------
live
총 0 개 데이타 이동
END   2022-05-23 07:30:02 --------------------------


START 2022-05-23 07:40:01 --------------------------
live
총 0 개 데이타 이동
END   2022-05-23 07:40:01 --------------------------


START 2022-05-23 07:50:01 --------------------------
live
총 0 개 데이타 이동
END   2022-05-23 07:50:01 --------------------------


START 2022-05-23 08:00:01 --------------------------
live
총 0 개 데이타 이동
END   2022-05-23 08:00:01 --------------------------


START 2022-05-23 08:10:01 --------------------------
live
총 0 개 데이타 이동
END   2022-05-23 08:10:01 --------------------------


START 2022-05-23 08:20:01 --------------------------
live
총 0 개 데이타 이동
END   2022-05-23 08:20:01 --------------------------


START 2022-05-23 08:30:02 --------------------------
live
총 0 개 데이타 이동
END   2022-05-23 08:30:02 --------------------------


START 2022-05-23 08:40:01 --------------------------
live
총 0 개 데이타 이동
END   2022-05-23 08:40:01 --------------------------


START 2022-05-23 08:50:01 --------------------------
live
총 0 개 데이타 이동
END   2022-05-23 08:50:01 --------------------------


START 2022-05-23 09:00:01 --------------------------
live
총 0 개 데이타 이동
END   2022-05-23 09:00:01 --------------------------


START 2022-05-23 09:10:02 --------------------------
live
총 0 개 데이타 이동
END   2022-05-23 09:10:02 --------------------------


START 2022-05-23 09:20:01 --------------------------
live
총 0 개 데이타 이동
END   2022-05-23 09:20:01 --------------------------


START 2022-05-23 09:30:01 --------------------------
live
총 0 개 데이타 이동
END   2022-05-23 09:30:01 --------------------------


START 2022-05-23 09:40:01 --------------------------
live
총 0 개 데이타 이동
END   2022-05-23 09:40:01 --------------------------


START 2022-05-23 09:50:02 --------------------------
live
총 0 개 데이타 이동
END   2022-05-23 09:50:02 --------------------------


START 2022-05-23 10:00:01 --------------------------
live
총 0 개 데이타 이동
END   2022-05-23 10:00:01 --------------------------


START 2022-05-23 10:10:02 --------------------------
live
총 0 개 데이타 이동
END   2022-05-23 10:10:02 --------------------------


START 2022-05-23 10:20:02 --------------------------
live
총 0 개 데이타 이동
END   2022-05-23 10:20:02 --------------------------


START 2022-05-23 10:30:01 --------------------------
live
총 0 개 데이타 이동
END   2022-05-23 10:30:01 --------------------------


START 2022-05-23 10:40:01 --------------------------
live
총 0 개 데이타 이동
END   2022-05-23 10:40:01 --------------------------


START 2022-05-23 10:50:01 --------------------------
live
총 0 개 데이타 이동
END   2022-05-23 10:50:01 --------------------------


START 2022-05-23 11:00:01 --------------------------
live
총 0 개 데이타 이동
END   2022-05-23 11:00:01 --------------------------


START 2022-05-23 11:10:01 --------------------------
live
총 0 개 데이타 이동
END   2022-05-23 11:10:01 --------------------------


START 2022-05-23 11:20:01 --------------------------
live
총 0 개 데이타 이동
END   2022-05-23 11:20:01 --------------------------


START 2022-05-23 11:30:01 --------------------------
live
총 0 개 데이타 이동
END   2022-05-23 11:30:01 --------------------------


START 2022-05-23 11:40:01 --------------------------
live
총 2 개 데이타 이동
데이타 이동 시작 *****
3106610 01024568888 -- 3106611 01088944740 -- 
END   2022-05-23 11:40:01 --------------------------


START 2022-05-23 11:50:01 --------------------------
live
총 0 개 데이타 이동
END   2022-05-23 11:50:01 --------------------------


START 2022-05-23 12:00:02 --------------------------
live
총 0 개 데이타 이동
END   2022-05-23 12:00:02 --------------------------


START 2022-05-23 12:10:01 --------------------------
live
총 0 개 데이타 이동
END   2022-05-23 12:10:01 --------------------------


START 2022-05-23 12:20:01 --------------------------
live
총 0 개 데이타 이동
END   2022-05-23 12:20:01 --------------------------


START 2022-05-23 12:30:02 --------------------------
live
총 0 개 데이타 이동
END   2022-05-23 12:30:02 --------------------------


START 2022-05-23 12:40:01 --------------------------
live
총 0 개 데이타 이동
END   2022-05-23 12:40:01 --------------------------


START 2022-05-23 12:50:01 --------------------------
live
총 0 개 데이타 이동
END   2022-05-23 12:50:01 --------------------------


START 2022-05-23 13:00:01 --------------------------
live
총 0 개 데이타 이동
END   2022-05-23 13:00:01 --------------------------


START 2022-05-23 13:10:01 --------------------------
live
총 0 개 데이타 이동
END   2022-05-23 13:10:01 --------------------------


START 2022-05-23 13:20:01 --------------------------
live
총 0 개 데이타 이동
END   2022-05-23 13:20:01 --------------------------


START 2022-05-23 13:30:01 --------------------------
live
총 0 개 데이타 이동
END   2022-05-23 13:30:01 --------------------------


START 2022-05-23 13:40:01 --------------------------
live
총 0 개 데이타 이동
END   2022-05-23 13:40:01 --------------------------


START 2022-05-23 13:50:02 --------------------------
live
총 0 개 데이타 이동
END   2022-05-23 13:50:02 --------------------------


START 2022-05-23 14:00:01 --------------------------
live
총 0 개 데이타 이동
END   2022-05-23 14:00:01 --------------------------


START 2022-05-23 14:10:01 --------------------------
live
총 0 개 데이타 이동
END   2022-05-23 14:10:01 --------------------------


START 2022-05-23 14:20:02 --------------------------
live
총 0 개 데이타 이동
END   2022-05-23 14:20:02 --------------------------


START 2022-05-23 14:30:01 --------------------------
live
총 0 개 데이타 이동
END   2022-05-23 14:30:01 --------------------------


START 2022-05-23 14:40:01 --------------------------
live
총 0 개 데이타 이동
END   2022-05-23 14:40:01 --------------------------


START 2022-05-23 14:50:01 --------------------------
live
총 0 개 데이타 이동
END   2022-05-23 14:50:01 --------------------------


START 2022-05-23 15:00:01 --------------------------
live
총 0 개 데이타 이동
END   2022-05-23 15:00:01 --------------------------


START 2022-05-23 15:10:02 --------------------------
live
총 0 개 데이타 이동
END   2022-05-23 15:10:02 --------------------------


START 2022-05-23 15:20:01 --------------------------
live
총 0 개 데이타 이동
END   2022-05-23 15:20:01 --------------------------


START 2022-05-23 15:30:01 --------------------------
live
총 0 개 데이타 이동
END   2022-05-23 15:30:01 --------------------------


START 2022-05-23 15:40:01 --------------------------
live
총 0 개 데이타 이동
END   2022-05-23 15:40:01 --------------------------


START 2022-05-23 15:50:01 --------------------------
live
총 0 개 데이타 이동
END   2022-05-23 15:50:01 --------------------------


START 2022-05-23 16:00:01 --------------------------
live
총 0 개 데이타 이동
END   2022-05-23 16:00:01 --------------------------


START 2022-05-23 16:10:02 --------------------------
live
총 0 개 데이타 이동
END   2022-05-23 16:10:02 --------------------------


START 2022-05-23 16:20:02 --------------------------
live
총 0 개 데이타 이동
END   2022-05-23 16:20:02 --------------------------


START 2022-05-23 16:30:01 --------------------------
live
총 0 개 데이타 이동
END   2022-05-23 16:30:01 --------------------------


START 2022-05-23 16:40:01 --------------------------
live
총 0 개 데이타 이동
END   2022-05-23 16:40:01 --------------------------


START 2022-05-23 16:50:02 --------------------------
live
총 0 개 데이타 이동
END   2022-05-23 16:50:02 --------------------------


START 2022-05-23 17:00:01 --------------------------
live
총 0 개 데이타 이동
END   2022-05-23 17:00:01 --------------------------


START 2022-05-23 17:10:01 --------------------------
live
총 0 개 데이타 이동
END   2022-05-23 17:10:01 --------------------------


START 2022-05-23 17:20:01 --------------------------
live
총 0 개 데이타 이동
END   2022-05-23 17:20:01 --------------------------


START 2022-05-23 17:30:02 --------------------------
live
총 0 개 데이타 이동
END   2022-05-23 17:30:02 --------------------------


START 2022-05-23 17:40:02 --------------------------
live
총 0 개 데이타 이동
END   2022-05-23 17:40:02 --------------------------


START 2022-05-23 17:50:02 --------------------------
live
총 0 개 데이타 이동
END   2022-05-23 17:50:02 --------------------------


START 2022-05-23 18:00:01 --------------------------
live
총 0 개 데이타 이동
END   2022-05-23 18:00:01 --------------------------


START 2022-05-23 18:10:01 --------------------------
live
총 0 개 데이타 이동
END   2022-05-23 18:10:01 --------------------------


START 2022-05-23 18:20:01 --------------------------
live
총 0 개 데이타 이동
END   2022-05-23 18:20:01 --------------------------


START 2022-05-23 18:30:02 --------------------------
live
총 0 개 데이타 이동
END   2022-05-23 18:30:02 --------------------------


START 2022-05-23 18:40:01 --------------------------
live
총 0 개 데이타 이동
END   2022-05-23 18:40:01 --------------------------


START 2022-05-23 18:50:01 --------------------------
live
총 0 개 데이타 이동
END   2022-05-23 18:50:01 --------------------------


START 2022-05-23 19:00:01 --------------------------
live
총 0 개 데이타 이동
END   2022-05-23 19:00:01 --------------------------


START 2022-05-23 19:10:02 --------------------------
live
총 0 개 데이타 이동
END   2022-05-23 19:10:02 --------------------------


START 2022-05-23 19:20:01 --------------------------
live
총 0 개 데이타 이동
END   2022-05-23 19:20:01 --------------------------


START 2022-05-23 19:30:01 --------------------------
live
총 0 개 데이타 이동
END   2022-05-23 19:30:01 --------------------------


START 2022-05-23 19:40:01 --------------------------
live
총 0 개 데이타 이동
END   2022-05-23 19:40:01 --------------------------


START 2022-05-23 19:50:01 --------------------------
live
총 0 개 데이타 이동
END   2022-05-23 19:50:01 --------------------------


START 2022-05-23 20:00:01 --------------------------
live
총 0 개 데이타 이동
END   2022-05-23 20:00:01 --------------------------


START 2022-05-23 20:10:01 --------------------------
live
총 0 개 데이타 이동
END   2022-05-23 20:10:01 --------------------------


START 2022-05-23 20:20:01 --------------------------
live
총 0 개 데이타 이동
END   2022-05-23 20:20:01 --------------------------


START 2022-05-23 20:30:01 --------------------------
live
총 0 개 데이타 이동
END   2022-05-23 20:30:01 --------------------------


START 2022-05-23 20:40:01 --------------------------
live
총 0 개 데이타 이동
END   2022-05-23 20:40:01 --------------------------


START 2022-05-23 20:50:01 --------------------------
live
총 0 개 데이타 이동
END   2022-05-23 20:50:01 --------------------------


START 2022-05-23 21:00:01 --------------------------
live
총 0 개 데이타 이동
END   2022-05-23 21:00:01 --------------------------


START 2022-05-23 21:10:01 --------------------------
live
총 0 개 데이타 이동
END   2022-05-23 21:10:01 --------------------------


START 2022-05-23 21:20:01 --------------------------
live
총 0 개 데이타 이동
END   2022-05-23 21:20:01 --------------------------


START 2022-05-23 21:30:01 --------------------------
live
총 0 개 데이타 이동
END   2022-05-23 21:30:01 --------------------------


START 2022-05-23 21:40:01 --------------------------
live
총 0 개 데이타 이동
END   2022-05-23 21:40:01 --------------------------


START 2022-05-23 21:50:02 --------------------------
live
총 0 개 데이타 이동
END   2022-05-23 21:50:02 --------------------------


START 2022-05-23 22:00:02 --------------------------
live
총 0 개 데이타 이동
END   2022-05-23 22:00:02 --------------------------


START 2022-05-23 22:10:01 --------------------------
live
총 0 개 데이타 이동
END   2022-05-23 22:10:01 --------------------------


START 2022-05-23 22:20:01 --------------------------
live
총 0 개 데이타 이동
END   2022-05-23 22:20:01 --------------------------


START 2022-05-23 22:30:01 --------------------------
live
총 0 개 데이타 이동
END   2022-05-23 22:30:01 --------------------------


START 2022-05-23 22:40:01 --------------------------
live
총 0 개 데이타 이동
END   2022-05-23 22:40:01 --------------------------


START 2022-05-23 22:50:01 --------------------------
live
총 0 개 데이타 이동
END   2022-05-23 22:50:01 --------------------------


START 2022-05-23 23:00:01 --------------------------
live
총 0 개 데이타 이동
END   2022-05-23 23:00:01 --------------------------


START 2022-05-23 23:10:01 --------------------------
live
총 0 개 데이타 이동
END   2022-05-23 23:10:01 --------------------------


START 2022-05-23 23:20:01 --------------------------
live
총 0 개 데이타 이동
END   2022-05-23 23:20:01 --------------------------


START 2022-05-23 23:30:01 --------------------------
live
총 0 개 데이타 이동
END   2022-05-23 23:30:01 --------------------------


START 2022-05-23 23:40:01 --------------------------
live
총 0 개 데이타 이동
END   2022-05-23 23:40:01 --------------------------


START 2022-05-23 23:50:02 --------------------------
live
총 0 개 데이타 이동
END   2022-05-23 23:50:02 --------------------------


