START 2022-11-08 00:00:01 --------------------------
live
총 0 개 데이타 이동
END   2022-11-08 00:00:01 --------------------------


START 2022-11-08 00:10:01 --------------------------
live
총 0 개 데이타 이동
END   2022-11-08 00:10:01 --------------------------


START 2022-11-08 00:20:01 --------------------------
live
총 0 개 데이타 이동
END   2022-11-08 00:20:01 --------------------------


START 2022-11-08 00:30:01 --------------------------
live
총 0 개 데이타 이동
END   2022-11-08 00:30:01 --------------------------


START 2022-11-08 00:40:01 --------------------------
live
총 0 개 데이타 이동
END   2022-11-08 00:40:01 --------------------------


START 2022-11-08 00:50:01 --------------------------
live
총 0 개 데이타 이동
END   2022-11-08 00:50:01 --------------------------


START 2022-11-08 01:00:01 --------------------------
live
총 0 개 데이타 이동
END   2022-11-08 01:00:01 --------------------------


START 2022-11-08 01:10:02 --------------------------
live
총 0 개 데이타 이동
END   2022-11-08 01:10:02 --------------------------


START 2022-11-08 01:20:01 --------------------------
live
총 0 개 데이타 이동
END   2022-11-08 01:20:01 --------------------------


START 2022-11-08 01:30:01 --------------------------
live
총 0 개 데이타 이동
END   2022-11-08 01:30:01 --------------------------


START 2022-11-08 01:40:01 --------------------------
live
총 0 개 데이타 이동
END   2022-11-08 01:40:01 --------------------------


START 2022-11-08 01:50:01 --------------------------
live
총 0 개 데이타 이동
END   2022-11-08 01:50:01 --------------------------


START 2022-11-08 02:00:01 --------------------------
live
총 0 개 데이타 이동
END   2022-11-08 02:00:01 --------------------------


START 2022-11-08 02:10:02 --------------------------
live
총 0 개 데이타 이동
END   2022-11-08 02:10:02 --------------------------


START 2022-11-08 02:20:01 --------------------------
live
총 0 개 데이타 이동
END   2022-11-08 02:20:01 --------------------------


START 2022-11-08 02:30:01 --------------------------
live
총 0 개 데이타 이동
END   2022-11-08 02:30:01 --------------------------


START 2022-11-08 02:40:01 --------------------------
live
총 0 개 데이타 이동
END   2022-11-08 02:40:01 --------------------------


START 2022-11-08 02:50:01 --------------------------
live
총 0 개 데이타 이동
END   2022-11-08 02:50:01 --------------------------


START 2022-11-08 03:00:01 --------------------------
live
총 0 개 데이타 이동
END   2022-11-08 03:00:01 --------------------------


START 2022-11-08 03:10:01 --------------------------
live
총 0 개 데이타 이동
END   2022-11-08 03:10:01 --------------------------


START 2022-11-08 03:20:01 --------------------------
live
총 0 개 데이타 이동
END   2022-11-08 03:20:01 --------------------------


START 2022-11-08 03:30:01 --------------------------
live
총 0 개 데이타 이동
END   2022-11-08 03:30:01 --------------------------


START 2022-11-08 03:40:01 --------------------------
live
총 0 개 데이타 이동
END   2022-11-08 03:40:01 --------------------------


START 2022-11-08 03:50:01 --------------------------
live
총 0 개 데이타 이동
END   2022-11-08 03:50:01 --------------------------


START 2022-11-08 04:00:01 --------------------------
live
총 0 개 데이타 이동
END   2022-11-08 04:00:01 --------------------------


START 2022-11-08 04:10:02 --------------------------
live
총 0 개 데이타 이동
END   2022-11-08 04:10:02 --------------------------


START 2022-11-08 04:20:02 --------------------------
live
총 0 개 데이타 이동
END   2022-11-08 04:20:02 --------------------------


START 2022-11-08 04:30:01 --------------------------
live
총 0 개 데이타 이동
END   2022-11-08 04:30:01 --------------------------


START 2022-11-08 04:40:01 --------------------------
live
총 0 개 데이타 이동
END   2022-11-08 04:40:01 --------------------------


START 2022-11-08 04:50:01 --------------------------
live
총 0 개 데이타 이동
END   2022-11-08 04:50:01 --------------------------


START 2022-11-08 05:00:01 --------------------------
live
총 0 개 데이타 이동
END   2022-11-08 05:00:01 --------------------------


START 2022-11-08 05:10:01 --------------------------
live
총 0 개 데이타 이동
END   2022-11-08 05:10:01 --------------------------


START 2022-11-08 05:20:01 --------------------------
live
총 0 개 데이타 이동
END   2022-11-08 05:20:01 --------------------------


START 2022-11-08 05:30:01 --------------------------
live
총 0 개 데이타 이동
END   2022-11-08 05:30:01 --------------------------


START 2022-11-08 05:40:03 --------------------------
live
총 0 개 데이타 이동
END   2022-11-08 05:40:03 --------------------------


START 2022-11-08 05:50:01 --------------------------
live
총 0 개 데이타 이동
END   2022-11-08 05:50:01 --------------------------


START 2022-11-08 06:00:01 --------------------------
live
총 0 개 데이타 이동
END   2022-11-08 06:00:01 --------------------------


START 2022-11-08 06:10:01 --------------------------
live
총 0 개 데이타 이동
END   2022-11-08 06:10:01 --------------------------


START 2022-11-08 06:20:01 --------------------------
live
총 0 개 데이타 이동
END   2022-11-08 06:20:01 --------------------------


START 2022-11-08 06:30:01 --------------------------
live
총 0 개 데이타 이동
END   2022-11-08 06:30:01 --------------------------


START 2022-11-08 06:40:02 --------------------------
live
총 0 개 데이타 이동
END   2022-11-08 06:40:02 --------------------------


START 2022-11-08 06:50:01 --------------------------
live
총 0 개 데이타 이동
END   2022-11-08 06:50:01 --------------------------


START 2022-11-08 07:00:01 --------------------------
live
총 0 개 데이타 이동
END   2022-11-08 07:00:01 --------------------------


START 2022-11-08 07:10:01 --------------------------
live
총 0 개 데이타 이동
END   2022-11-08 07:10:01 --------------------------


START 2022-11-08 07:20:01 --------------------------
live
총 0 개 데이타 이동
END   2022-11-08 07:20:02 --------------------------


START 2022-11-08 07:30:01 --------------------------
live
총 0 개 데이타 이동
END   2022-11-08 07:30:01 --------------------------


START 2022-11-08 07:40:01 --------------------------
live
총 0 개 데이타 이동
END   2022-11-08 07:40:01 --------------------------


START 2022-11-08 07:50:01 --------------------------
live
총 0 개 데이타 이동
END   2022-11-08 07:50:02 --------------------------


START 2022-11-08 08:00:02 --------------------------
live
총 0 개 데이타 이동
END   2022-11-08 08:00:02 --------------------------


START 2022-11-08 08:10:01 --------------------------
live
총 0 개 데이타 이동
END   2022-11-08 08:10:01 --------------------------


START 2022-11-08 08:20:01 --------------------------
live
총 0 개 데이타 이동
END   2022-11-08 08:20:01 --------------------------


START 2022-11-08 08:30:02 --------------------------
live
총 0 개 데이타 이동
END   2022-11-08 08:30:02 --------------------------


START 2022-11-08 08:40:01 --------------------------
live
총 0 개 데이타 이동
END   2022-11-08 08:40:01 --------------------------


START 2022-11-08 08:50:01 --------------------------
live
총 0 개 데이타 이동
END   2022-11-08 08:50:01 --------------------------


START 2022-11-08 09:00:02 --------------------------
live
총 0 개 데이타 이동
END   2022-11-08 09:00:02 --------------------------


START 2022-11-08 09:10:01 --------------------------
live
총 0 개 데이타 이동
END   2022-11-08 09:10:01 --------------------------


START 2022-11-08 09:20:01 --------------------------
live
총 0 개 데이타 이동
END   2022-11-08 09:20:01 --------------------------


START 2022-11-08 09:30:01 --------------------------
live
총 0 개 데이타 이동
END   2022-11-08 09:30:01 --------------------------


START 2022-11-08 09:40:01 --------------------------
live
총 0 개 데이타 이동
END   2022-11-08 09:40:01 --------------------------


START 2022-11-08 09:50:01 --------------------------
live
총 0 개 데이타 이동
END   2022-11-08 09:50:01 --------------------------


START 2022-11-08 10:00:01 --------------------------
live
총 0 개 데이타 이동
END   2022-11-08 10:00:01 --------------------------


START 2022-11-08 10:10:01 --------------------------
live
총 0 개 데이타 이동
END   2022-11-08 10:10:01 --------------------------


START 2022-11-08 10:20:01 --------------------------
live
총 0 개 데이타 이동
END   2022-11-08 10:20:01 --------------------------


START 2022-11-08 10:30:01 --------------------------
live
총 0 개 데이타 이동
END   2022-11-08 10:30:01 --------------------------


START 2022-11-08 10:40:01 --------------------------
live
총 0 개 데이타 이동
END   2022-11-08 10:40:01 --------------------------


START 2022-11-08 10:50:01 --------------------------
live
총 0 개 데이타 이동
END   2022-11-08 10:50:01 --------------------------


START 2022-11-08 11:00:01 --------------------------
live
총 0 개 데이타 이동
END   2022-11-08 11:00:02 --------------------------


START 2022-11-08 11:10:01 --------------------------
live
총 0 개 데이타 이동
END   2022-11-08 11:10:01 --------------------------


START 2022-11-08 11:20:01 --------------------------
live
총 0 개 데이타 이동
END   2022-11-08 11:20:01 --------------------------


START 2022-11-08 11:30:01 --------------------------
live
총 0 개 데이타 이동
END   2022-11-08 11:30:01 --------------------------


START 2022-11-08 11:40:01 --------------------------
live
총 0 개 데이타 이동
END   2022-11-08 11:40:01 --------------------------


START 2022-11-08 11:50:01 --------------------------
live
총 14 개 데이타 이동
데이타 이동 시작 *****
3111660 01024568888 -- 3111661 01056179090 -- 3111662 01080060401 -- 3111663 01032809295 -- 3111664 01088944740 -- 3111665 01067241409 -- 3111666 01064063972 -- 3111667 01086246176 -- 3111668 01047693024 -- 3111669 01048474041 -- 3111670 01090838172 -- 3111671 01050297528 -- 3111672 01082299622 -- 3111673 01033358065 -- 
END   2022-11-08 11:50:01 --------------------------


START 2022-11-08 12:00:02 --------------------------
live
총 0 개 데이타 이동
END   2022-11-08 12:00:02 --------------------------


START 2022-11-08 12:10:01 --------------------------
live
총 0 개 데이타 이동
END   2022-11-08 12:10:01 --------------------------


START 2022-11-08 12:20:01 --------------------------
live
총 0 개 데이타 이동
END   2022-11-08 12:20:01 --------------------------


START 2022-11-08 12:30:01 --------------------------
live
총 0 개 데이타 이동
END   2022-11-08 12:30:01 --------------------------


START 2022-11-08 12:40:01 --------------------------
live
총 0 개 데이타 이동
END   2022-11-08 12:40:01 --------------------------


START 2022-11-08 12:50:01 --------------------------
live
총 0 개 데이타 이동
END   2022-11-08 12:50:01 --------------------------


START 2022-11-08 13:00:01 --------------------------
live
총 0 개 데이타 이동
END   2022-11-08 13:00:01 --------------------------


START 2022-11-08 13:10:01 --------------------------
live
총 0 개 데이타 이동
END   2022-11-08 13:10:01 --------------------------


START 2022-11-08 13:20:01 --------------------------
live
총 0 개 데이타 이동
END   2022-11-08 13:20:01 --------------------------


START 2022-11-08 13:30:01 --------------------------
live
총 0 개 데이타 이동
END   2022-11-08 13:30:01 --------------------------


START 2022-11-08 13:40:01 --------------------------
live
총 0 개 데이타 이동
END   2022-11-08 13:40:01 --------------------------


START 2022-11-08 13:50:01 --------------------------
live
총 0 개 데이타 이동
END   2022-11-08 13:50:01 --------------------------


START 2022-11-08 14:00:01 --------------------------
live
총 0 개 데이타 이동
END   2022-11-08 14:00:01 --------------------------


START 2022-11-08 14:10:01 --------------------------
live
총 0 개 데이타 이동
END   2022-11-08 14:10:01 --------------------------


START 2022-11-08 14:20:03 --------------------------
live
총 0 개 데이타 이동
END   2022-11-08 14:20:03 --------------------------


START 2022-11-08 14:30:01 --------------------------
live
총 0 개 데이타 이동
END   2022-11-08 14:30:01 --------------------------


START 2022-11-08 14:40:01 --------------------------
live
총 0 개 데이타 이동
END   2022-11-08 14:40:01 --------------------------


START 2022-11-08 14:50:01 --------------------------
live
총 0 개 데이타 이동
END   2022-11-08 14:50:01 --------------------------


START 2022-11-08 15:00:01 --------------------------
live
총 0 개 데이타 이동
END   2022-11-08 15:00:01 --------------------------


START 2022-11-08 15:10:02 --------------------------
live
총 0 개 데이타 이동
END   2022-11-08 15:10:02 --------------------------


START 2022-11-08 15:20:03 --------------------------
live
총 0 개 데이타 이동
END   2022-11-08 15:20:03 --------------------------


START 2022-11-08 15:30:01 --------------------------
live
총 0 개 데이타 이동
END   2022-11-08 15:30:01 --------------------------


START 2022-11-08 15:40:01 --------------------------
live
총 0 개 데이타 이동
END   2022-11-08 15:40:01 --------------------------


START 2022-11-08 15:50:01 --------------------------
live
총 0 개 데이타 이동
END   2022-11-08 15:50:01 --------------------------


START 2022-11-08 16:00:01 --------------------------
live
총 0 개 데이타 이동
END   2022-11-08 16:00:01 --------------------------


START 2022-11-08 16:10:01 --------------------------
live
총 0 개 데이타 이동
END   2022-11-08 16:10:01 --------------------------


START 2022-11-08 16:20:03 --------------------------
live
총 0 개 데이타 이동
END   2022-11-08 16:20:03 --------------------------


START 2022-11-08 16:30:01 --------------------------
live
총 0 개 데이타 이동
END   2022-11-08 16:30:01 --------------------------


START 2022-11-08 16:40:01 --------------------------
live
총 0 개 데이타 이동
END   2022-11-08 16:40:01 --------------------------


START 2022-11-08 16:50:01 --------------------------
live
총 0 개 데이타 이동
END   2022-11-08 16:50:01 --------------------------


START 2022-11-08 17:00:01 --------------------------
live
총 0 개 데이타 이동
END   2022-11-08 17:00:01 --------------------------


START 2022-11-08 17:10:01 --------------------------
live
총 0 개 데이타 이동
END   2022-11-08 17:10:01 --------------------------


START 2022-11-08 17:20:01 --------------------------
live
총 0 개 데이타 이동
END   2022-11-08 17:20:01 --------------------------


START 2022-11-08 17:30:01 --------------------------
live
총 0 개 데이타 이동
END   2022-11-08 17:30:01 --------------------------


START 2022-11-08 17:40:02 --------------------------
live
총 0 개 데이타 이동
END   2022-11-08 17:40:02 --------------------------


START 2022-11-08 17:50:04 --------------------------
live
총 0 개 데이타 이동
END   2022-11-08 17:50:04 --------------------------


START 2022-11-08 18:00:01 --------------------------
live
총 0 개 데이타 이동
END   2022-11-08 18:00:01 --------------------------


START 2022-11-08 18:10:01 --------------------------
live
총 0 개 데이타 이동
END   2022-11-08 18:10:01 --------------------------


START 2022-11-08 18:20:01 --------------------------
live
총 0 개 데이타 이동
END   2022-11-08 18:20:01 --------------------------


START 2022-11-08 18:30:01 --------------------------
live
총 0 개 데이타 이동
END   2022-11-08 18:30:01 --------------------------


START 2022-11-08 18:40:02 --------------------------
live
총 0 개 데이타 이동
END   2022-11-08 18:40:02 --------------------------


START 2022-11-08 18:50:01 --------------------------
live
총 0 개 데이타 이동
END   2022-11-08 18:50:01 --------------------------


START 2022-11-08 19:00:04 --------------------------
live
총 0 개 데이타 이동
END   2022-11-08 19:00:04 --------------------------


START 2022-11-08 19:10:01 --------------------------
live
총 0 개 데이타 이동
END   2022-11-08 19:10:01 --------------------------


START 2022-11-08 19:20:01 --------------------------
live
총 0 개 데이타 이동
END   2022-11-08 19:20:01 --------------------------


START 2022-11-08 19:30:01 --------------------------
live
총 0 개 데이타 이동
END   2022-11-08 19:30:01 --------------------------


START 2022-11-08 19:40:01 --------------------------
live
총 0 개 데이타 이동
END   2022-11-08 19:40:01 --------------------------


START 2022-11-08 19:50:01 --------------------------
live
총 0 개 데이타 이동
END   2022-11-08 19:50:01 --------------------------


START 2022-11-08 20:00:01 --------------------------
live
총 0 개 데이타 이동
END   2022-11-08 20:00:01 --------------------------


START 2022-11-08 20:10:01 --------------------------
live
총 0 개 데이타 이동
END   2022-11-08 20:10:01 --------------------------


START 2022-11-08 20:20:01 --------------------------
live
총 0 개 데이타 이동
END   2022-11-08 20:20:01 --------------------------


START 2022-11-08 20:30:02 --------------------------
live
총 0 개 데이타 이동
END   2022-11-08 20:30:02 --------------------------


START 2022-11-08 20:40:01 --------------------------
live
총 0 개 데이타 이동
END   2022-11-08 20:40:01 --------------------------


START 2022-11-08 20:50:01 --------------------------
live
총 0 개 데이타 이동
END   2022-11-08 20:50:01 --------------------------


START 2022-11-08 21:00:01 --------------------------
live
총 0 개 데이타 이동
END   2022-11-08 21:00:01 --------------------------


START 2022-11-08 21:10:01 --------------------------
live
총 0 개 데이타 이동
END   2022-11-08 21:10:01 --------------------------


START 2022-11-08 21:20:01 --------------------------
live
총 0 개 데이타 이동
END   2022-11-08 21:20:01 --------------------------


START 2022-11-08 21:30:01 --------------------------
live
총 0 개 데이타 이동
END   2022-11-08 21:30:01 --------------------------


START 2022-11-08 21:40:01 --------------------------
live
총 0 개 데이타 이동
END   2022-11-08 21:40:01 --------------------------


START 2022-11-08 21:50:01 --------------------------
live
총 0 개 데이타 이동
END   2022-11-08 21:50:01 --------------------------


START 2022-11-08 22:00:04 --------------------------
live
총 0 개 데이타 이동
END   2022-11-08 22:00:04 --------------------------


START 2022-11-08 22:10:02 --------------------------
live
총 0 개 데이타 이동
END   2022-11-08 22:10:02 --------------------------


START 2022-11-08 22:20:01 --------------------------
live
총 0 개 데이타 이동
END   2022-11-08 22:20:01 --------------------------


START 2022-11-08 22:30:01 --------------------------
live
총 0 개 데이타 이동
END   2022-11-08 22:30:01 --------------------------


START 2022-11-08 22:40:01 --------------------------
live
총 0 개 데이타 이동
END   2022-11-08 22:40:01 --------------------------


START 2022-11-08 22:50:01 --------------------------
live
총 0 개 데이타 이동
END   2022-11-08 22:50:01 --------------------------


START 2022-11-08 23:00:01 --------------------------
live
총 0 개 데이타 이동
END   2022-11-08 23:00:01 --------------------------


START 2022-11-08 23:10:01 --------------------------
live
총 0 개 데이타 이동
END   2022-11-08 23:10:01 --------------------------


START 2022-11-08 23:20:01 --------------------------
live
총 0 개 데이타 이동
END   2022-11-08 23:20:01 --------------------------


START 2022-11-08 23:30:01 --------------------------
live
총 0 개 데이타 이동
END   2022-11-08 23:30:01 --------------------------


START 2022-11-08 23:40:01 --------------------------
live
총 0 개 데이타 이동
END   2022-11-08 23:40:01 --------------------------


START 2022-11-08 23:50:02 --------------------------
live
총 0 개 데이타 이동
END   2022-11-08 23:50:02 --------------------------


