START 2022-01-21 00:00:02 --------------------------
live
총 0 개 데이타 이동
END   2022-01-21 00:00:04 --------------------------


START 2022-01-21 00:10:01 --------------------------
live
총 0 개 데이타 이동
END   2022-01-21 00:10:03 --------------------------


START 2022-01-21 00:20:01 --------------------------
live
총 0 개 데이타 이동
END   2022-01-21 00:20:03 --------------------------


START 2022-01-21 00:30:01 --------------------------
live
총 0 개 데이타 이동
END   2022-01-21 00:30:03 --------------------------


START 2022-01-21 00:40:01 --------------------------
live
총 0 개 데이타 이동
END   2022-01-21 00:40:03 --------------------------


START 2022-01-21 00:50:01 --------------------------
live
총 0 개 데이타 이동
END   2022-01-21 00:50:03 --------------------------


START 2022-01-21 01:00:02 --------------------------
live
총 0 개 데이타 이동
END   2022-01-21 01:00:03 --------------------------


START 2022-01-21 01:10:02 --------------------------
live
총 0 개 데이타 이동
END   2022-01-21 01:10:03 --------------------------


START 2022-01-21 01:20:01 --------------------------
live
총 0 개 데이타 이동
END   2022-01-21 01:20:03 --------------------------


START 2022-01-21 01:30:01 --------------------------
live
총 0 개 데이타 이동
END   2022-01-21 01:30:03 --------------------------


START 2022-01-21 01:40:01 --------------------------
live
총 0 개 데이타 이동
END   2022-01-21 01:40:03 --------------------------


START 2022-01-21 01:50:01 --------------------------
live
총 0 개 데이타 이동
END   2022-01-21 01:50:03 --------------------------


START 2022-01-21 02:00:01 --------------------------
live
총 0 개 데이타 이동
END   2022-01-21 02:00:03 --------------------------


START 2022-01-21 02:10:02 --------------------------
live
총 0 개 데이타 이동
END   2022-01-21 02:10:03 --------------------------


START 2022-01-21 02:20:01 --------------------------
live
총 0 개 데이타 이동
END   2022-01-21 02:20:03 --------------------------


START 2022-01-21 02:30:01 --------------------------
live
총 0 개 데이타 이동
END   2022-01-21 02:30:03 --------------------------


START 2022-01-21 02:40:02 --------------------------
live
총 0 개 데이타 이동
END   2022-01-21 02:40:03 --------------------------


START 2022-01-21 02:50:01 --------------------------
live
총 0 개 데이타 이동
END   2022-01-21 02:50:03 --------------------------


START 2022-01-21 03:00:01 --------------------------
live
총 0 개 데이타 이동
END   2022-01-21 03:00:03 --------------------------


START 2022-01-21 03:10:01 --------------------------
live
총 0 개 데이타 이동
END   2022-01-21 03:10:03 --------------------------


START 2022-01-21 03:20:02 --------------------------
live
총 0 개 데이타 이동
END   2022-01-21 03:20:03 --------------------------


START 2022-01-21 03:30:01 --------------------------
live
총 0 개 데이타 이동
END   2022-01-21 03:30:03 --------------------------


START 2022-01-21 03:40:01 --------------------------
live
총 0 개 데이타 이동
END   2022-01-21 03:40:03 --------------------------


START 2022-01-21 03:50:01 --------------------------
live
총 0 개 데이타 이동
END   2022-01-21 03:50:03 --------------------------


START 2022-01-21 04:00:02 --------------------------
live
총 0 개 데이타 이동
END   2022-01-21 04:00:03 --------------------------


START 2022-01-21 04:10:02 --------------------------
live
총 0 개 데이타 이동
END   2022-01-21 04:10:03 --------------------------


START 2022-01-21 04:20:01 --------------------------
live
총 0 개 데이타 이동
END   2022-01-21 04:20:03 --------------------------


START 2022-01-21 04:30:01 --------------------------
live
총 0 개 데이타 이동
END   2022-01-21 04:30:03 --------------------------


START 2022-01-21 04:40:02 --------------------------
live
총 0 개 데이타 이동
END   2022-01-21 04:40:03 --------------------------


START 2022-01-21 04:50:01 --------------------------
live
총 0 개 데이타 이동
END   2022-01-21 04:50:03 --------------------------


START 2022-01-21 05:00:01 --------------------------
live
총 0 개 데이타 이동
END   2022-01-21 05:00:03 --------------------------


START 2022-01-21 05:10:01 --------------------------
live
총 0 개 데이타 이동
END   2022-01-21 05:10:03 --------------------------


START 2022-01-21 05:20:01 --------------------------
live
총 0 개 데이타 이동
END   2022-01-21 05:20:03 --------------------------


START 2022-01-21 05:30:02 --------------------------
live
총 0 개 데이타 이동
END   2022-01-21 05:30:03 --------------------------


START 2022-01-21 05:40:01 --------------------------
live
총 0 개 데이타 이동
END   2022-01-21 05:40:03 --------------------------


START 2022-01-21 05:50:01 --------------------------
live
총 0 개 데이타 이동
END   2022-01-21 05:50:03 --------------------------


START 2022-01-21 06:00:01 --------------------------
live
총 0 개 데이타 이동
END   2022-01-21 06:00:03 --------------------------


START 2022-01-21 06:10:02 --------------------------
live
총 0 개 데이타 이동
END   2022-01-21 06:10:03 --------------------------


START 2022-01-21 06:20:01 --------------------------
live
총 0 개 데이타 이동
END   2022-01-21 06:20:03 --------------------------


START 2022-01-21 06:30:01 --------------------------
live
총 0 개 데이타 이동
END   2022-01-21 06:30:03 --------------------------


START 2022-01-21 06:40:01 --------------------------
live
총 0 개 데이타 이동
END   2022-01-21 06:40:03 --------------------------


START 2022-01-21 06:50:02 --------------------------
live
총 0 개 데이타 이동
END   2022-01-21 06:50:03 --------------------------


START 2022-01-21 07:00:02 --------------------------
live
총 0 개 데이타 이동
END   2022-01-21 07:00:03 --------------------------


START 2022-01-21 07:10:01 --------------------------
live
총 0 개 데이타 이동
END   2022-01-21 07:10:03 --------------------------


START 2022-01-21 07:20:01 --------------------------
live
총 0 개 데이타 이동
END   2022-01-21 07:20:03 --------------------------


START 2022-01-21 07:30:01 --------------------------
live
총 0 개 데이타 이동
END   2022-01-21 07:30:03 --------------------------


START 2022-01-21 07:40:01 --------------------------
live
총 0 개 데이타 이동
END   2022-01-21 07:40:03 --------------------------


START 2022-01-21 07:50:01 --------------------------
live
총 0 개 데이타 이동
END   2022-01-21 07:50:03 --------------------------


START 2022-01-21 08:00:01 --------------------------
live
총 0 개 데이타 이동
END   2022-01-21 08:00:03 --------------------------


START 2022-01-21 08:10:01 --------------------------
live
총 0 개 데이타 이동
END   2022-01-21 08:10:03 --------------------------


START 2022-01-21 08:20:01 --------------------------
live
총 0 개 데이타 이동
END   2022-01-21 08:20:03 --------------------------


START 2022-01-21 08:30:02 --------------------------
live
총 0 개 데이타 이동
END   2022-01-21 08:30:04 --------------------------


START 2022-01-21 08:40:02 --------------------------
live
총 0 개 데이타 이동
END   2022-01-21 08:40:03 --------------------------


START 2022-01-21 08:50:02 --------------------------
live
총 0 개 데이타 이동
END   2022-01-21 08:50:03 --------------------------


START 2022-01-21 09:00:01 --------------------------
live
총 0 개 데이타 이동
END   2022-01-21 09:00:03 --------------------------


START 2022-01-21 09:10:01 --------------------------
live
총 0 개 데이타 이동
END   2022-01-21 09:10:03 --------------------------


START 2022-01-21 09:20:02 --------------------------
live
총 0 개 데이타 이동
END   2022-01-21 09:20:03 --------------------------


START 2022-01-21 09:30:01 --------------------------
live
총 0 개 데이타 이동
END   2022-01-21 09:30:03 --------------------------


START 2022-01-21 09:40:01 --------------------------
live
총 0 개 데이타 이동
END   2022-01-21 09:40:03 --------------------------


START 2022-01-21 09:50:01 --------------------------
live
총 0 개 데이타 이동
END   2022-01-21 09:50:03 --------------------------


START 2022-01-21 10:00:01 --------------------------
live
총 0 개 데이타 이동
END   2022-01-21 10:00:03 --------------------------


START 2022-01-21 10:10:01 --------------------------
live
총 0 개 데이타 이동
END   2022-01-21 10:10:03 --------------------------


START 2022-01-21 10:20:02 --------------------------
live
총 0 개 데이타 이동
END   2022-01-21 10:20:03 --------------------------


START 2022-01-21 10:30:02 --------------------------
live
총 0 개 데이타 이동
END   2022-01-21 10:30:03 --------------------------


START 2022-01-21 10:40:01 --------------------------
live
총 0 개 데이타 이동
END   2022-01-21 10:40:03 --------------------------


START 2022-01-21 10:50:01 --------------------------
live
총 0 개 데이타 이동
END   2022-01-21 10:50:03 --------------------------


START 2022-01-21 11:00:01 --------------------------
live
총 0 개 데이타 이동
END   2022-01-21 11:00:03 --------------------------


START 2022-01-21 11:10:01 --------------------------
live
총 0 개 데이타 이동
END   2022-01-21 11:10:03 --------------------------


START 2022-01-21 11:20:01 --------------------------
live
총 0 개 데이타 이동
END   2022-01-21 11:20:03 --------------------------


START 2022-01-21 11:30:01 --------------------------
live
총 0 개 데이타 이동
END   2022-01-21 11:30:03 --------------------------


START 2022-01-21 11:40:01 --------------------------
live
총 2 개 데이타 이동
데이타 이동 시작 *****
3047465 01024568888 -- 3047466 01088944740 -- 
END   2022-01-21 11:40:04 --------------------------


START 2022-01-21 11:50:01 --------------------------
live
총 0 개 데이타 이동
END   2022-01-21 11:50:03 --------------------------


START 2022-01-21 12:00:01 --------------------------
live
총 0 개 데이타 이동
END   2022-01-21 12:00:03 --------------------------


START 2022-01-21 12:10:01 --------------------------
live
총 0 개 데이타 이동
END   2022-01-21 12:10:04 --------------------------


START 2022-01-21 12:20:01 --------------------------
live
총 0 개 데이타 이동
END   2022-01-21 12:20:03 --------------------------


START 2022-01-21 12:30:01 --------------------------
live
총 0 개 데이타 이동
END   2022-01-21 12:30:03 --------------------------


START 2022-01-21 12:40:01 --------------------------
live
총 0 개 데이타 이동
END   2022-01-21 12:40:03 --------------------------


START 2022-01-21 12:50:01 --------------------------
live
총 0 개 데이타 이동
END   2022-01-21 12:50:03 --------------------------


START 2022-01-21 13:00:01 --------------------------
live
총 0 개 데이타 이동
END   2022-01-21 13:00:03 --------------------------


START 2022-01-21 13:10:01 --------------------------
live
총 0 개 데이타 이동
END   2022-01-21 13:10:04 --------------------------


START 2022-01-21 13:20:01 --------------------------
live
총 2 개 데이타 이동
데이타 이동 시작 *****
3047467 01024568888 -- 3047468 01088944740 -- 
END   2022-01-21 13:20:04 --------------------------


START 2022-01-21 13:30:01 --------------------------
live
총 0 개 데이타 이동
END   2022-01-21 13:30:03 --------------------------


START 2022-01-21 13:40:01 --------------------------
live
총 0 개 데이타 이동
END   2022-01-21 13:40:03 --------------------------


START 2022-01-21 13:50:01 --------------------------
live
총 0 개 데이타 이동
END   2022-01-21 13:50:03 --------------------------


START 2022-01-21 14:00:02 --------------------------
live
총 0 개 데이타 이동
END   2022-01-21 14:00:03 --------------------------


START 2022-01-21 14:10:01 --------------------------
live
총 2 개 데이타 이동
데이타 이동 시작 *****
3047469 01024568888 -- 3047470 01088944740 -- 
END   2022-01-21 14:10:06 --------------------------


START 2022-01-21 14:20:02 --------------------------
live
총 0 개 데이타 이동
END   2022-01-21 14:20:03 --------------------------


START 2022-01-21 14:30:02 --------------------------
live
총 0 개 데이타 이동
END   2022-01-21 14:30:03 --------------------------


START 2022-01-21 14:40:01 --------------------------
live
총 0 개 데이타 이동
END   2022-01-21 14:40:03 --------------------------


START 2022-01-21 14:50:01 --------------------------
live
총 0 개 데이타 이동
END   2022-01-21 14:50:03 --------------------------


START 2022-01-21 15:00:01 --------------------------
live
총 0 개 데이타 이동
END   2022-01-21 15:00:03 --------------------------


START 2022-01-21 15:10:01 --------------------------
live
총 0 개 데이타 이동
END   2022-01-21 15:10:04 --------------------------


START 2022-01-21 15:20:01 --------------------------
live
총 0 개 데이타 이동
END   2022-01-21 15:20:03 --------------------------


START 2022-01-21 15:30:01 --------------------------
live
총 0 개 데이타 이동
END   2022-01-21 15:30:03 --------------------------


START 2022-01-21 15:40:02 --------------------------
live
총 0 개 데이타 이동
END   2022-01-21 15:40:04 --------------------------


START 2022-01-21 15:50:02 --------------------------
live
총 0 개 데이타 이동
END   2022-01-21 15:50:04 --------------------------


START 2022-01-21 16:00:02 --------------------------
live
총 0 개 데이타 이동
END   2022-01-21 16:00:04 --------------------------


START 2022-01-21 16:10:02 --------------------------
live
총 0 개 데이타 이동
END   2022-01-21 16:10:05 --------------------------


START 2022-01-21 16:20:02 --------------------------
live
총 0 개 데이타 이동
END   2022-01-21 16:20:03 --------------------------


START 2022-01-21 16:30:02 --------------------------
live
총 0 개 데이타 이동
END   2022-01-21 16:30:03 --------------------------


START 2022-01-21 16:40:02 --------------------------
live
총 0 개 데이타 이동
END   2022-01-21 16:40:03 --------------------------


START 2022-01-21 16:50:02 --------------------------
live
총 0 개 데이타 이동
END   2022-01-21 16:50:03 --------------------------


START 2022-01-21 17:00:02 --------------------------
live
총 0 개 데이타 이동
END   2022-01-21 17:00:03 --------------------------


START 2022-01-21 17:10:02 --------------------------
live
총 0 개 데이타 이동
END   2022-01-21 17:10:04 --------------------------


START 2022-01-21 17:20:02 --------------------------
live
총 0 개 데이타 이동
END   2022-01-21 17:20:04 --------------------------


START 2022-01-21 17:30:02 --------------------------
live
총 0 개 데이타 이동
END   2022-01-21 17:30:03 --------------------------


START 2022-01-21 17:40:02 --------------------------
live
총 0 개 데이타 이동
END   2022-01-21 17:40:03 --------------------------


START 2022-01-21 17:50:02 --------------------------
live
총 0 개 데이타 이동
END   2022-01-21 17:50:04 --------------------------


START 2022-01-21 18:00:01 --------------------------
live
총 0 개 데이타 이동
END   2022-01-21 18:00:03 --------------------------


START 2022-01-21 18:10:01 --------------------------
live
총 0 개 데이타 이동
END   2022-01-21 18:10:03 --------------------------


START 2022-01-21 18:20:01 --------------------------
live
총 0 개 데이타 이동
END   2022-01-21 18:20:03 --------------------------


START 2022-01-21 18:30:01 --------------------------
live
총 0 개 데이타 이동
END   2022-01-21 18:30:03 --------------------------


START 2022-01-21 18:40:01 --------------------------
live
총 0 개 데이타 이동
END   2022-01-21 18:40:03 --------------------------


START 2022-01-21 18:50:01 --------------------------
live
총 0 개 데이타 이동
END   2022-01-21 18:50:03 --------------------------


START 2022-01-21 19:00:01 --------------------------
live
총 0 개 데이타 이동
END   2022-01-21 19:00:03 --------------------------


START 2022-01-21 19:10:01 --------------------------
live
총 0 개 데이타 이동
END   2022-01-21 19:10:03 --------------------------


START 2022-01-21 19:20:01 --------------------------
live
총 0 개 데이타 이동
END   2022-01-21 19:20:03 --------------------------


START 2022-01-21 19:30:02 --------------------------
live
총 0 개 데이타 이동
END   2022-01-21 19:30:04 --------------------------


START 2022-01-21 19:40:02 --------------------------
live
총 0 개 데이타 이동
END   2022-01-21 19:40:03 --------------------------


START 2022-01-21 19:50:02 --------------------------
live
총 0 개 데이타 이동
END   2022-01-21 19:50:03 --------------------------


START 2022-01-21 20:00:01 --------------------------
live
총 0 개 데이타 이동
END   2022-01-21 20:00:03 --------------------------


START 2022-01-21 20:10:01 --------------------------
live
총 0 개 데이타 이동
END   2022-01-21 20:10:03 --------------------------


START 2022-01-21 20:20:01 --------------------------
live
총 0 개 데이타 이동
END   2022-01-21 20:20:03 --------------------------


START 2022-01-21 20:30:01 --------------------------
live
총 0 개 데이타 이동
END   2022-01-21 20:30:03 --------------------------


START 2022-01-21 20:40:01 --------------------------
live
총 0 개 데이타 이동
END   2022-01-21 20:40:03 --------------------------


START 2022-01-21 20:50:01 --------------------------
live
총 0 개 데이타 이동
END   2022-01-21 20:50:03 --------------------------


START 2022-01-21 21:00:01 --------------------------
live
총 0 개 데이타 이동
END   2022-01-21 21:00:03 --------------------------


START 2022-01-21 21:10:01 --------------------------
live
총 0 개 데이타 이동
END   2022-01-21 21:10:03 --------------------------


START 2022-01-21 21:20:02 --------------------------
live
총 0 개 데이타 이동
END   2022-01-21 21:20:04 --------------------------


START 2022-01-21 21:30:02 --------------------------
live
총 0 개 데이타 이동
END   2022-01-21 21:30:03 --------------------------


START 2022-01-21 21:40:02 --------------------------
live
총 0 개 데이타 이동
END   2022-01-21 21:40:03 --------------------------


START 2022-01-21 21:50:01 --------------------------
live
총 0 개 데이타 이동
END   2022-01-21 21:50:03 --------------------------


START 2022-01-21 22:00:01 --------------------------
live
총 0 개 데이타 이동
END   2022-01-21 22:00:03 --------------------------


START 2022-01-21 22:10:01 --------------------------
live
총 0 개 데이타 이동
END   2022-01-21 22:10:03 --------------------------


START 2022-01-21 22:20:01 --------------------------
live
총 0 개 데이타 이동
END   2022-01-21 22:20:03 --------------------------


START 2022-01-21 22:30:01 --------------------------
live
총 0 개 데이타 이동
END   2022-01-21 22:30:03 --------------------------


START 2022-01-21 22:40:01 --------------------------
live
총 0 개 데이타 이동
END   2022-01-21 22:40:03 --------------------------


START 2022-01-21 22:50:01 --------------------------
live
총 0 개 데이타 이동
END   2022-01-21 22:50:03 --------------------------


START 2022-01-21 23:00:01 --------------------------
live
총 0 개 데이타 이동
END   2022-01-21 23:00:03 --------------------------


START 2022-01-21 23:10:01 --------------------------
live
총 0 개 데이타 이동
END   2022-01-21 23:10:03 --------------------------


START 2022-01-21 23:20:01 --------------------------
live
총 0 개 데이타 이동
END   2022-01-21 23:20:03 --------------------------


START 2022-01-21 23:30:02 --------------------------
live
총 0 개 데이타 이동
END   2022-01-21 23:30:03 --------------------------


START 2022-01-21 23:40:01 --------------------------
live
총 0 개 데이타 이동
END   2022-01-21 23:40:03 --------------------------


START 2022-01-21 23:50:01 --------------------------
live
총 0 개 데이타 이동
END   2022-01-21 23:50:03 --------------------------


