START 2022-10-19 00:00:01 --------------------------
live
총 0 개 데이타 이동
END   2022-10-19 00:00:01 --------------------------


START 2022-10-19 00:10:01 --------------------------
live
총 0 개 데이타 이동
END   2022-10-19 00:10:01 --------------------------


START 2022-10-19 00:20:01 --------------------------
live
총 0 개 데이타 이동
END   2022-10-19 00:20:01 --------------------------


START 2022-10-19 00:30:01 --------------------------
live
총 0 개 데이타 이동
END   2022-10-19 00:30:01 --------------------------


START 2022-10-19 00:40:01 --------------------------
live
총 0 개 데이타 이동
END   2022-10-19 00:40:01 --------------------------


START 2022-10-19 00:50:01 --------------------------
live
총 0 개 데이타 이동
END   2022-10-19 00:50:01 --------------------------


START 2022-10-19 01:00:01 --------------------------
live
총 0 개 데이타 이동
END   2022-10-19 01:00:01 --------------------------


START 2022-10-19 01:10:01 --------------------------
live
총 0 개 데이타 이동
END   2022-10-19 01:10:01 --------------------------


START 2022-10-19 01:20:01 --------------------------
live
총 0 개 데이타 이동
END   2022-10-19 01:20:01 --------------------------


START 2022-10-19 01:30:01 --------------------------
live
총 0 개 데이타 이동
END   2022-10-19 01:30:01 --------------------------


START 2022-10-19 01:40:02 --------------------------
live
총 0 개 데이타 이동
END   2022-10-19 01:40:02 --------------------------


START 2022-10-19 01:50:01 --------------------------
live
총 0 개 데이타 이동
END   2022-10-19 01:50:01 --------------------------


START 2022-10-19 02:00:03 --------------------------
live
총 0 개 데이타 이동
END   2022-10-19 02:00:03 --------------------------


START 2022-10-19 02:10:01 --------------------------
live
총 0 개 데이타 이동
END   2022-10-19 02:10:01 --------------------------


START 2022-10-19 02:20:01 --------------------------
live
총 0 개 데이타 이동
END   2022-10-19 02:20:01 --------------------------


START 2022-10-19 02:30:01 --------------------------
live
총 0 개 데이타 이동
END   2022-10-19 02:30:01 --------------------------


START 2022-10-19 02:40:01 --------------------------
live
총 0 개 데이타 이동
END   2022-10-19 02:40:01 --------------------------


START 2022-10-19 02:50:01 --------------------------
live
총 0 개 데이타 이동
END   2022-10-19 02:50:01 --------------------------


START 2022-10-19 03:00:04 --------------------------
live
총 0 개 데이타 이동
END   2022-10-19 03:00:04 --------------------------


START 2022-10-19 03:10:01 --------------------------
live
총 0 개 데이타 이동
END   2022-10-19 03:10:01 --------------------------


START 2022-10-19 03:20:01 --------------------------
live
총 0 개 데이타 이동
END   2022-10-19 03:20:01 --------------------------


START 2022-10-19 03:30:01 --------------------------
live
총 0 개 데이타 이동
END   2022-10-19 03:30:01 --------------------------


START 2022-10-19 03:40:01 --------------------------
live
총 0 개 데이타 이동
END   2022-10-19 03:40:01 --------------------------


START 2022-10-19 03:50:01 --------------------------
live
총 0 개 데이타 이동
END   2022-10-19 03:50:01 --------------------------


START 2022-10-19 04:00:04 --------------------------
live
총 0 개 데이타 이동
END   2022-10-19 04:00:04 --------------------------


START 2022-10-19 04:10:01 --------------------------
live
총 0 개 데이타 이동
END   2022-10-19 04:10:01 --------------------------


START 2022-10-19 04:20:01 --------------------------
live
총 0 개 데이타 이동
END   2022-10-19 04:20:01 --------------------------


START 2022-10-19 04:30:02 --------------------------
live
총 0 개 데이타 이동
END   2022-10-19 04:30:02 --------------------------


START 2022-10-19 04:40:01 --------------------------
live
총 0 개 데이타 이동
END   2022-10-19 04:40:01 --------------------------


START 2022-10-19 04:50:01 --------------------------
live
총 0 개 데이타 이동
END   2022-10-19 04:50:01 --------------------------


START 2022-10-19 05:00:01 --------------------------
live
총 0 개 데이타 이동
END   2022-10-19 05:00:01 --------------------------


START 2022-10-19 05:10:02 --------------------------
live
총 0 개 데이타 이동
END   2022-10-19 05:10:02 --------------------------


START 2022-10-19 05:20:01 --------------------------
live
총 0 개 데이타 이동
END   2022-10-19 05:20:01 --------------------------


START 2022-10-19 05:30:01 --------------------------
live
총 0 개 데이타 이동
END   2022-10-19 05:30:01 --------------------------


START 2022-10-19 05:40:01 --------------------------
live
총 0 개 데이타 이동
END   2022-10-19 05:40:01 --------------------------


START 2022-10-19 05:50:01 --------------------------
live
총 0 개 데이타 이동
END   2022-10-19 05:50:01 --------------------------


START 2022-10-19 06:00:01 --------------------------
live
총 0 개 데이타 이동
END   2022-10-19 06:00:01 --------------------------


START 2022-10-19 06:10:01 --------------------------
live
총 0 개 데이타 이동
END   2022-10-19 06:10:01 --------------------------


START 2022-10-19 06:20:03 --------------------------
live
총 0 개 데이타 이동
END   2022-10-19 06:20:03 --------------------------


START 2022-10-19 06:30:01 --------------------------
live
총 0 개 데이타 이동
END   2022-10-19 06:30:01 --------------------------


START 2022-10-19 06:40:01 --------------------------
live
총 0 개 데이타 이동
END   2022-10-19 06:40:01 --------------------------


START 2022-10-19 06:50:01 --------------------------
live
총 0 개 데이타 이동
END   2022-10-19 06:50:01 --------------------------


START 2022-10-19 07:00:01 --------------------------
live
총 0 개 데이타 이동
END   2022-10-19 07:00:01 --------------------------


START 2022-10-19 07:10:02 --------------------------
live
총 0 개 데이타 이동
END   2022-10-19 07:10:02 --------------------------


START 2022-10-19 07:20:01 --------------------------
live
총 0 개 데이타 이동
END   2022-10-19 07:20:01 --------------------------


START 2022-10-19 07:30:01 --------------------------
live
총 0 개 데이타 이동
END   2022-10-19 07:30:01 --------------------------


START 2022-10-19 07:40:01 --------------------------
live
총 0 개 데이타 이동
END   2022-10-19 07:40:01 --------------------------


START 2022-10-19 07:50:01 --------------------------
live
총 0 개 데이타 이동
END   2022-10-19 07:50:01 --------------------------


START 2022-10-19 08:00:01 --------------------------
live
총 0 개 데이타 이동
END   2022-10-19 08:00:01 --------------------------


START 2022-10-19 08:10:01 --------------------------
live
총 0 개 데이타 이동
END   2022-10-19 08:10:01 --------------------------


START 2022-10-19 08:20:01 --------------------------
live
총 0 개 데이타 이동
END   2022-10-19 08:20:01 --------------------------


START 2022-10-19 08:30:01 --------------------------
live
총 0 개 데이타 이동
END   2022-10-19 08:30:01 --------------------------


START 2022-10-19 08:40:01 --------------------------
live
총 0 개 데이타 이동
END   2022-10-19 08:40:01 --------------------------


START 2022-10-19 08:50:01 --------------------------
live
총 0 개 데이타 이동
END   2022-10-19 08:50:01 --------------------------


START 2022-10-19 09:00:01 --------------------------
live
총 0 개 데이타 이동
END   2022-10-19 09:00:01 --------------------------


START 2022-10-19 09:10:01 --------------------------
live
총 0 개 데이타 이동
END   2022-10-19 09:10:01 --------------------------


START 2022-10-19 09:20:01 --------------------------
live
총 0 개 데이타 이동
END   2022-10-19 09:20:01 --------------------------


START 2022-10-19 09:30:01 --------------------------
live
총 0 개 데이타 이동
END   2022-10-19 09:30:01 --------------------------


START 2022-10-19 09:40:02 --------------------------
live
총 0 개 데이타 이동
END   2022-10-19 09:40:02 --------------------------


START 2022-10-19 09:50:01 --------------------------
live
총 0 개 데이타 이동
END   2022-10-19 09:50:01 --------------------------


START 2022-10-19 10:00:01 --------------------------
live
총 0 개 데이타 이동
END   2022-10-19 10:00:01 --------------------------


START 2022-10-19 10:10:01 --------------------------
live
총 0 개 데이타 이동
END   2022-10-19 10:10:01 --------------------------


START 2022-10-19 10:20:01 --------------------------
live
총 0 개 데이타 이동
END   2022-10-19 10:20:01 --------------------------


START 2022-10-19 10:30:01 --------------------------
live
총 0 개 데이타 이동
END   2022-10-19 10:30:01 --------------------------


START 2022-10-19 10:40:01 --------------------------
live
총 0 개 데이타 이동
END   2022-10-19 10:40:01 --------------------------


START 2022-10-19 10:50:01 --------------------------
live
총 0 개 데이타 이동
END   2022-10-19 10:50:01 --------------------------


START 2022-10-19 11:00:01 --------------------------
live
총 0 개 데이타 이동
END   2022-10-19 11:00:01 --------------------------


START 2022-10-19 11:10:02 --------------------------
live
총 0 개 데이타 이동
END   2022-10-19 11:10:02 --------------------------


START 2022-10-19 11:20:01 --------------------------
live
총 0 개 데이타 이동
END   2022-10-19 11:20:01 --------------------------


START 2022-10-19 11:30:01 --------------------------
live
총 0 개 데이타 이동
END   2022-10-19 11:30:01 --------------------------


START 2022-10-19 11:40:01 --------------------------
live
총 0 개 데이타 이동
END   2022-10-19 11:40:01 --------------------------


START 2022-10-19 11:50:01 --------------------------
live
총 0 개 데이타 이동
END   2022-10-19 11:50:01 --------------------------


START 2022-10-19 12:00:01 --------------------------
live
총 0 개 데이타 이동
END   2022-10-19 12:00:01 --------------------------


START 2022-10-19 12:10:01 --------------------------
live
총 0 개 데이타 이동
END   2022-10-19 12:10:01 --------------------------


START 2022-10-19 12:20:01 --------------------------
live
총 0 개 데이타 이동
END   2022-10-19 12:20:01 --------------------------


START 2022-10-19 12:30:01 --------------------------
live
4 개의 삭제대상 레코드 발견
delete from cf_Msg_Tran where moved='Y' and Send_Time < now() - interval 30 DAY
4 개 삭제

총 0 개 데이타 이동
END   2022-10-19 12:30:01 --------------------------


START 2022-10-19 12:40:01 --------------------------
live
총 0 개 데이타 이동
END   2022-10-19 12:40:01 --------------------------


START 2022-10-19 12:50:01 --------------------------
live
총 0 개 데이타 이동
END   2022-10-19 12:50:01 --------------------------


START 2022-10-19 13:00:01 --------------------------
live
총 0 개 데이타 이동
END   2022-10-19 13:00:02 --------------------------


START 2022-10-19 13:10:01 --------------------------
live
총 0 개 데이타 이동
END   2022-10-19 13:10:01 --------------------------


START 2022-10-19 13:20:01 --------------------------
live
총 0 개 데이타 이동
END   2022-10-19 13:20:01 --------------------------


START 2022-10-19 13:30:01 --------------------------
live
총 0 개 데이타 이동
END   2022-10-19 13:30:01 --------------------------


START 2022-10-19 13:40:01 --------------------------
live
총 0 개 데이타 이동
END   2022-10-19 13:40:01 --------------------------


START 2022-10-19 13:50:01 --------------------------
live
총 0 개 데이타 이동
END   2022-10-19 13:50:01 --------------------------


START 2022-10-19 14:00:01 --------------------------
live
총 0 개 데이타 이동
END   2022-10-19 14:00:01 --------------------------


START 2022-10-19 14:10:01 --------------------------
live
총 0 개 데이타 이동
END   2022-10-19 14:10:02 --------------------------


START 2022-10-19 14:20:01 --------------------------
live
총 0 개 데이타 이동
END   2022-10-19 14:20:01 --------------------------


START 2022-10-19 14:30:01 --------------------------
live
총 0 개 데이타 이동
END   2022-10-19 14:30:01 --------------------------


START 2022-10-19 14:40:01 --------------------------
live
총 0 개 데이타 이동
END   2022-10-19 14:40:01 --------------------------


START 2022-10-19 14:50:01 --------------------------
live
총 0 개 데이타 이동
END   2022-10-19 14:50:01 --------------------------


START 2022-10-19 15:00:01 --------------------------
live
총 0 개 데이타 이동
END   2022-10-19 15:00:01 --------------------------


START 2022-10-19 15:10:01 --------------------------
live
총 0 개 데이타 이동
END   2022-10-19 15:10:01 --------------------------


START 2022-10-19 15:20:01 --------------------------
live
총 0 개 데이타 이동
END   2022-10-19 15:20:01 --------------------------


START 2022-10-19 15:30:01 --------------------------
live
총 0 개 데이타 이동
END   2022-10-19 15:30:01 --------------------------


START 2022-10-19 15:40:01 --------------------------
live
총 0 개 데이타 이동
END   2022-10-19 15:40:01 --------------------------


START 2022-10-19 15:50:01 --------------------------
live
총 0 개 데이타 이동
END   2022-10-19 15:50:01 --------------------------


START 2022-10-19 16:00:01 --------------------------
live
총 0 개 데이타 이동
END   2022-10-19 16:00:01 --------------------------


START 2022-10-19 16:10:01 --------------------------
live
총 14 개 데이타 이동
데이타 이동 시작 *****
3111421 01024568888 -- 3111422 01056179090 -- 3111423 01080060401 -- 3111424 01032809295 -- 3111425 01088944740 -- 3111426 01067241409 -- 3111427 01064063972 -- 3111428 01086246176 -- 3111429 01047693024 -- 3111430 01048474041 -- 3111431 01090838172 -- 3111432 01050297528 -- 3111433 01082299622 -- 3111434 01033358065 -- 
END   2022-10-19 16:10:01 --------------------------


START 2022-10-19 16:20:01 --------------------------
live
총 0 개 데이타 이동
END   2022-10-19 16:20:01 --------------------------


START 2022-10-19 16:30:01 --------------------------
live
총 0 개 데이타 이동
END   2022-10-19 16:30:01 --------------------------


START 2022-10-19 16:40:01 --------------------------
live
총 0 개 데이타 이동
END   2022-10-19 16:40:01 --------------------------


START 2022-10-19 16:50:01 --------------------------
live
총 0 개 데이타 이동
END   2022-10-19 16:50:01 --------------------------


START 2022-10-19 17:00:01 --------------------------
live
총 0 개 데이타 이동
END   2022-10-19 17:00:01 --------------------------


START 2022-10-19 17:10:02 --------------------------
live
총 0 개 데이타 이동
END   2022-10-19 17:10:02 --------------------------


START 2022-10-19 17:20:01 --------------------------
live
총 0 개 데이타 이동
END   2022-10-19 17:20:01 --------------------------


START 2022-10-19 17:30:01 --------------------------
live
총 0 개 데이타 이동
END   2022-10-19 17:30:01 --------------------------


START 2022-10-19 17:40:01 --------------------------
live
총 0 개 데이타 이동
END   2022-10-19 17:40:01 --------------------------


START 2022-10-19 17:50:01 --------------------------
live
총 0 개 데이타 이동
END   2022-10-19 17:50:01 --------------------------


START 2022-10-19 18:00:01 --------------------------
live
총 0 개 데이타 이동
END   2022-10-19 18:00:01 --------------------------


START 2022-10-19 18:10:01 --------------------------
live
총 0 개 데이타 이동
END   2022-10-19 18:10:01 --------------------------


START 2022-10-19 18:20:01 --------------------------
live
총 0 개 데이타 이동
END   2022-10-19 18:20:01 --------------------------


START 2022-10-19 18:30:01 --------------------------
live
총 0 개 데이타 이동
END   2022-10-19 18:30:01 --------------------------


START 2022-10-19 18:40:01 --------------------------
live
총 0 개 데이타 이동
END   2022-10-19 18:40:01 --------------------------


START 2022-10-19 18:50:01 --------------------------
live
총 0 개 데이타 이동
END   2022-10-19 18:50:01 --------------------------


START 2022-10-19 19:00:04 --------------------------
live
총 0 개 데이타 이동
END   2022-10-19 19:00:04 --------------------------


START 2022-10-19 19:10:02 --------------------------
live
총 0 개 데이타 이동
END   2022-10-19 19:10:02 --------------------------


START 2022-10-19 19:20:01 --------------------------
live
총 0 개 데이타 이동
END   2022-10-19 19:20:01 --------------------------


START 2022-10-19 19:30:01 --------------------------
live
총 0 개 데이타 이동
END   2022-10-19 19:30:01 --------------------------


START 2022-10-19 19:40:02 --------------------------
live
총 0 개 데이타 이동
END   2022-10-19 19:40:02 --------------------------


START 2022-10-19 19:50:01 --------------------------
live
총 0 개 데이타 이동
END   2022-10-19 19:50:01 --------------------------


START 2022-10-19 20:00:04 --------------------------
live
총 0 개 데이타 이동
END   2022-10-19 20:00:04 --------------------------


START 2022-10-19 20:10:01 --------------------------
live
총 0 개 데이타 이동
END   2022-10-19 20:10:01 --------------------------


START 2022-10-19 20:20:01 --------------------------
live
총 0 개 데이타 이동
END   2022-10-19 20:20:01 --------------------------


START 2022-10-19 20:30:02 --------------------------
live
총 0 개 데이타 이동
END   2022-10-19 20:30:02 --------------------------


START 2022-10-19 20:40:01 --------------------------
live
총 0 개 데이타 이동
END   2022-10-19 20:40:01 --------------------------


START 2022-10-19 20:50:01 --------------------------
live
총 0 개 데이타 이동
END   2022-10-19 20:50:01 --------------------------


START 2022-10-19 21:00:01 --------------------------
live
총 0 개 데이타 이동
END   2022-10-19 21:00:01 --------------------------


START 2022-10-19 21:10:01 --------------------------
live
총 0 개 데이타 이동
END   2022-10-19 21:10:01 --------------------------


START 2022-10-19 21:20:01 --------------------------
live
총 0 개 데이타 이동
END   2022-10-19 21:20:01 --------------------------


START 2022-10-19 21:30:01 --------------------------
live
총 0 개 데이타 이동
END   2022-10-19 21:30:01 --------------------------


START 2022-10-19 21:40:01 --------------------------
live
총 0 개 데이타 이동
END   2022-10-19 21:40:01 --------------------------


START 2022-10-19 21:50:01 --------------------------
live
총 0 개 데이타 이동
END   2022-10-19 21:50:01 --------------------------


START 2022-10-19 22:00:01 --------------------------
live
총 0 개 데이타 이동
END   2022-10-19 22:00:01 --------------------------


START 2022-10-19 22:10:01 --------------------------
live
총 0 개 데이타 이동
END   2022-10-19 22:10:01 --------------------------


START 2022-10-19 22:20:01 --------------------------
live
총 0 개 데이타 이동
END   2022-10-19 22:20:01 --------------------------


START 2022-10-19 22:30:01 --------------------------
live
총 0 개 데이타 이동
END   2022-10-19 22:30:01 --------------------------


START 2022-10-19 22:40:01 --------------------------
live
총 0 개 데이타 이동
END   2022-10-19 22:40:01 --------------------------


START 2022-10-19 22:50:01 --------------------------
live
총 0 개 데이타 이동
END   2022-10-19 22:50:01 --------------------------


START 2022-10-19 23:00:01 --------------------------
live
총 0 개 데이타 이동
END   2022-10-19 23:00:01 --------------------------


START 2022-10-19 23:10:01 --------------------------
live
총 0 개 데이타 이동
END   2022-10-19 23:10:01 --------------------------


START 2022-10-19 23:20:04 --------------------------
live
총 0 개 데이타 이동
END   2022-10-19 23:20:04 --------------------------


START 2022-10-19 23:30:01 --------------------------
live
총 0 개 데이타 이동
END   2022-10-19 23:30:01 --------------------------


START 2022-10-19 23:40:01 --------------------------
live
총 0 개 데이타 이동
END   2022-10-19 23:40:01 --------------------------


START 2022-10-19 23:50:01 --------------------------
live
총 0 개 데이타 이동
END   2022-10-19 23:50:01 --------------------------


