START 2022-03-30 00:00:01 --------------------------
live
총 0 개 데이타 이동
END   2022-03-30 00:00:03 --------------------------


START 2022-03-30 00:10:02 --------------------------
live
총 0 개 데이타 이동
END   2022-03-30 00:10:04 --------------------------


START 2022-03-30 00:20:01 --------------------------
live
총 0 개 데이타 이동
END   2022-03-30 00:20:03 --------------------------


START 2022-03-30 00:30:01 --------------------------
live
총 0 개 데이타 이동
END   2022-03-30 00:30:03 --------------------------


START 2022-03-30 00:40:02 --------------------------
live
총 0 개 데이타 이동
END   2022-03-30 00:40:04 --------------------------


START 2022-03-30 00:50:02 --------------------------
live
총 0 개 데이타 이동
END   2022-03-30 00:50:04 --------------------------


START 2022-03-30 01:00:01 --------------------------
live
총 0 개 데이타 이동
END   2022-03-30 01:00:04 --------------------------


START 2022-03-30 01:10:01 --------------------------
live
총 0 개 데이타 이동
END   2022-03-30 01:10:03 --------------------------


START 2022-03-30 01:20:01 --------------------------
live
총 0 개 데이타 이동
END   2022-03-30 01:20:03 --------------------------


START 2022-03-30 01:30:02 --------------------------
live
총 0 개 데이타 이동
END   2022-03-30 01:30:04 --------------------------


START 2022-03-30 01:40:01 --------------------------
live
총 0 개 데이타 이동
END   2022-03-30 01:40:03 --------------------------


START 2022-03-30 01:50:02 --------------------------
live
총 0 개 데이타 이동
END   2022-03-30 01:50:04 --------------------------


START 2022-03-30 02:00:01 --------------------------
live
총 0 개 데이타 이동
END   2022-03-30 02:00:04 --------------------------


START 2022-03-30 02:10:01 --------------------------
live
총 0 개 데이타 이동
END   2022-03-30 02:10:03 --------------------------


START 2022-03-30 02:20:01 --------------------------
live
총 0 개 데이타 이동
END   2022-03-30 02:20:03 --------------------------


START 2022-03-30 02:30:02 --------------------------
live
총 0 개 데이타 이동
END   2022-03-30 02:30:04 --------------------------


START 2022-03-30 02:40:02 --------------------------
live
총 0 개 데이타 이동
END   2022-03-30 02:40:04 --------------------------


START 2022-03-30 02:50:01 --------------------------
live
총 0 개 데이타 이동
END   2022-03-30 02:50:03 --------------------------


START 2022-03-30 03:00:01 --------------------------
live
총 0 개 데이타 이동
END   2022-03-30 03:00:03 --------------------------


START 2022-03-30 03:10:01 --------------------------
live
총 0 개 데이타 이동
END   2022-03-30 03:10:03 --------------------------


START 2022-03-30 03:20:01 --------------------------
live
총 0 개 데이타 이동
END   2022-03-30 03:20:03 --------------------------


START 2022-03-30 03:30:02 --------------------------
live
총 0 개 데이타 이동
END   2022-03-30 03:30:04 --------------------------


START 2022-03-30 03:40:02 --------------------------
live
총 0 개 데이타 이동
END   2022-03-30 03:40:04 --------------------------


START 2022-03-30 03:50:01 --------------------------
live
총 0 개 데이타 이동
END   2022-03-30 03:50:03 --------------------------


START 2022-03-30 04:00:01 --------------------------
live
총 0 개 데이타 이동
END   2022-03-30 04:00:03 --------------------------


START 2022-03-30 04:10:01 --------------------------
live
총 0 개 데이타 이동
END   2022-03-30 04:10:03 --------------------------


START 2022-03-30 04:20:01 --------------------------
live
총 0 개 데이타 이동
END   2022-03-30 04:20:03 --------------------------


START 2022-03-30 04:30:01 --------------------------
live
총 0 개 데이타 이동
END   2022-03-30 04:30:03 --------------------------


START 2022-03-30 04:40:02 --------------------------
live
총 0 개 데이타 이동
END   2022-03-30 04:40:04 --------------------------


START 2022-03-30 04:50:01 --------------------------
live
총 0 개 데이타 이동
END   2022-03-30 04:50:03 --------------------------


START 2022-03-30 05:00:01 --------------------------
live
총 0 개 데이타 이동
END   2022-03-30 05:00:03 --------------------------


START 2022-03-30 05:10:01 --------------------------
live
총 0 개 데이타 이동
END   2022-03-30 05:10:04 --------------------------


START 2022-03-30 05:20:01 --------------------------
live
총 0 개 데이타 이동
END   2022-03-30 05:20:03 --------------------------


START 2022-03-30 05:30:01 --------------------------
live
총 0 개 데이타 이동
END   2022-03-30 05:30:03 --------------------------


START 2022-03-30 05:40:02 --------------------------
live
총 0 개 데이타 이동
END   2022-03-30 05:40:04 --------------------------


START 2022-03-30 05:50:01 --------------------------
live
총 0 개 데이타 이동
END   2022-03-30 05:50:04 --------------------------


START 2022-03-30 06:00:01 --------------------------
live
총 0 개 데이타 이동
END   2022-03-30 06:00:04 --------------------------


START 2022-03-30 06:10:01 --------------------------
live
총 0 개 데이타 이동
END   2022-03-30 06:10:03 --------------------------


START 2022-03-30 06:20:01 --------------------------
live
총 0 개 데이타 이동
END   2022-03-30 06:20:03 --------------------------


START 2022-03-30 06:30:01 --------------------------
live
총 0 개 데이타 이동
END   2022-03-30 06:30:03 --------------------------


START 2022-03-30 06:40:02 --------------------------
live
총 0 개 데이타 이동
END   2022-03-30 06:40:04 --------------------------


START 2022-03-30 06:50:02 --------------------------
live
총 0 개 데이타 이동
END   2022-03-30 06:50:04 --------------------------


START 2022-03-30 07:00:01 --------------------------
live
총 0 개 데이타 이동
END   2022-03-30 07:00:03 --------------------------


START 2022-03-30 07:10:01 --------------------------
live
총 0 개 데이타 이동
END   2022-03-30 07:10:04 --------------------------


START 2022-03-30 07:20:01 --------------------------
live
총 0 개 데이타 이동
END   2022-03-30 07:20:03 --------------------------


START 2022-03-30 07:30:01 --------------------------
live
총 0 개 데이타 이동
END   2022-03-30 07:30:03 --------------------------


START 2022-03-30 07:40:01 --------------------------
live
총 0 개 데이타 이동
END   2022-03-30 07:40:03 --------------------------


START 2022-03-30 07:50:01 --------------------------
live
총 0 개 데이타 이동
END   2022-03-30 07:50:03 --------------------------


START 2022-03-30 08:00:01 --------------------------
live
총 0 개 데이타 이동
END   2022-03-30 08:00:03 --------------------------


START 2022-03-30 08:10:01 --------------------------
live
총 0 개 데이타 이동
END   2022-03-30 08:10:03 --------------------------


START 2022-03-30 08:20:01 --------------------------
live
총 0 개 데이타 이동
END   2022-03-30 08:20:03 --------------------------


START 2022-03-30 08:30:01 --------------------------
live
총 0 개 데이타 이동
END   2022-03-30 08:30:03 --------------------------


START 2022-03-30 08:40:01 --------------------------
live
총 0 개 데이타 이동
END   2022-03-30 08:40:03 --------------------------


START 2022-03-30 08:50:02 --------------------------
live
총 0 개 데이타 이동
END   2022-03-30 08:50:04 --------------------------


START 2022-03-30 09:00:02 --------------------------
live
총 0 개 데이타 이동
END   2022-03-30 09:00:04 --------------------------


START 2022-03-30 09:10:01 --------------------------
live
총 0 개 데이타 이동
END   2022-03-30 09:10:03 --------------------------


START 2022-03-30 09:20:01 --------------------------
live
총 0 개 데이타 이동
END   2022-03-30 09:20:03 --------------------------


START 2022-03-30 09:30:01 --------------------------
live
총 0 개 데이타 이동
END   2022-03-30 09:30:03 --------------------------


START 2022-03-30 09:40:01 --------------------------
live
총 0 개 데이타 이동
END   2022-03-30 09:40:03 --------------------------


START 2022-03-30 09:50:01 --------------------------
live
총 0 개 데이타 이동
END   2022-03-30 09:50:03 --------------------------


START 2022-03-30 10:00:01 --------------------------
live
총 0 개 데이타 이동
END   2022-03-30 10:00:03 --------------------------


START 2022-03-30 10:10:01 --------------------------
live
총 0 개 데이타 이동
END   2022-03-30 10:10:03 --------------------------


START 2022-03-30 10:20:01 --------------------------
live
총 0 개 데이타 이동
END   2022-03-30 10:20:03 --------------------------


START 2022-03-30 10:30:01 --------------------------
live
총 0 개 데이타 이동
END   2022-03-30 10:30:03 --------------------------


START 2022-03-30 10:40:01 --------------------------
live
총 0 개 데이타 이동
END   2022-03-30 10:40:04 --------------------------


START 2022-03-30 10:50:02 --------------------------
live
총 0 개 데이타 이동
END   2022-03-30 10:50:04 --------------------------


START 2022-03-30 11:00:01 --------------------------
live
총 0 개 데이타 이동
END   2022-03-30 11:00:03 --------------------------


START 2022-03-30 11:10:01 --------------------------
live
총 0 개 데이타 이동
END   2022-03-30 11:10:04 --------------------------


START 2022-03-30 11:20:01 --------------------------
live
총 0 개 데이타 이동
END   2022-03-30 11:20:03 --------------------------


START 2022-03-30 11:30:02 --------------------------
live
총 0 개 데이타 이동
END   2022-03-30 11:30:04 --------------------------


START 2022-03-30 11:40:02 --------------------------
live
총 2 개 데이타 이동
데이타 이동 시작 *****
3102976 01024568888 -- 3102977 01088944740 -- 
END   2022-03-30 11:40:06 --------------------------


START 2022-03-30 11:50:01 --------------------------
live
총 0 개 데이타 이동
END   2022-03-30 11:50:04 --------------------------


START 2022-03-30 12:00:01 --------------------------
live
총 0 개 데이타 이동
END   2022-03-30 12:00:03 --------------------------


START 2022-03-30 12:10:01 --------------------------
live
총 0 개 데이타 이동
END   2022-03-30 12:10:05 --------------------------


START 2022-03-30 12:20:01 --------------------------
live
총 0 개 데이타 이동
END   2022-03-30 12:20:04 --------------------------


START 2022-03-30 12:30:02 --------------------------
live
총 0 개 데이타 이동
END   2022-03-30 12:30:04 --------------------------


START 2022-03-30 12:40:02 --------------------------
live
총 0 개 데이타 이동
END   2022-03-30 12:40:04 --------------------------


START 2022-03-30 12:50:02 --------------------------
live
총 0 개 데이타 이동
END   2022-03-30 12:50:04 --------------------------


START 2022-03-30 13:00:02 --------------------------
live
총 0 개 데이타 이동
END   2022-03-30 13:00:04 --------------------------


START 2022-03-30 13:10:02 --------------------------
live
총 0 개 데이타 이동
END   2022-03-30 13:10:05 --------------------------


START 2022-03-30 13:20:01 --------------------------
live
총 0 개 데이타 이동
END   2022-03-30 13:20:03 --------------------------


START 2022-03-30 13:30:01 --------------------------
live
총 0 개 데이타 이동
END   2022-03-30 13:30:03 --------------------------


START 2022-03-30 13:40:01 --------------------------
live
총 0 개 데이타 이동
END   2022-03-30 13:40:03 --------------------------


START 2022-03-30 13:50:01 --------------------------
live
총 0 개 데이타 이동
END   2022-03-30 13:50:03 --------------------------


START 2022-03-30 14:00:01 --------------------------
live
총 0 개 데이타 이동
END   2022-03-30 14:00:03 --------------------------


START 2022-03-30 14:10:02 --------------------------
live
총 0 개 데이타 이동
END   2022-03-30 14:10:04 --------------------------


START 2022-03-30 14:20:01 --------------------------
live
총 0 개 데이타 이동
END   2022-03-30 14:20:03 --------------------------


START 2022-03-30 14:30:01 --------------------------
live
총 0 개 데이타 이동
END   2022-03-30 14:30:03 --------------------------


START 2022-03-30 14:40:01 --------------------------
live
총 0 개 데이타 이동
END   2022-03-30 14:40:03 --------------------------


START 2022-03-30 14:50:01 --------------------------
live
총 0 개 데이타 이동
END   2022-03-30 14:50:03 --------------------------


START 2022-03-30 15:00:01 --------------------------
live
총 0 개 데이타 이동
END   2022-03-30 15:00:03 --------------------------


START 2022-03-30 15:10:01 --------------------------
live
총 0 개 데이타 이동
END   2022-03-30 15:10:03 --------------------------


START 2022-03-30 15:20:01 --------------------------
live
총 0 개 데이타 이동
END   2022-03-30 15:20:03 --------------------------


START 2022-03-30 15:30:01 --------------------------
live
총 0 개 데이타 이동
END   2022-03-30 15:30:03 --------------------------


START 2022-03-30 15:40:01 --------------------------
live
총 0 개 데이타 이동
END   2022-03-30 15:40:03 --------------------------


START 2022-03-30 15:50:01 --------------------------
live
총 0 개 데이타 이동
END   2022-03-30 15:50:04 --------------------------


START 2022-03-30 16:00:01 --------------------------
live
총 0 개 데이타 이동
END   2022-03-30 16:00:04 --------------------------


START 2022-03-30 16:10:01 --------------------------
live
총 0 개 데이타 이동
END   2022-03-30 16:10:04 --------------------------


START 2022-03-30 16:20:01 --------------------------
live
총 0 개 데이타 이동
END   2022-03-30 16:20:04 --------------------------


START 2022-03-30 16:30:02 --------------------------
live
총 0 개 데이타 이동
END   2022-03-30 16:30:04 --------------------------


START 2022-03-30 16:40:02 --------------------------
live
총 0 개 데이타 이동
END   2022-03-30 16:40:04 --------------------------


START 2022-03-30 16:50:02 --------------------------
live
총 0 개 데이타 이동
END   2022-03-30 16:50:04 --------------------------


START 2022-03-30 17:00:02 --------------------------
live
총 0 개 데이타 이동
END   2022-03-30 17:00:04 --------------------------


START 2022-03-30 17:10:02 --------------------------
live
총 0 개 데이타 이동
END   2022-03-30 17:10:04 --------------------------


START 2022-03-30 17:20:02 --------------------------
live
총 0 개 데이타 이동
END   2022-03-30 17:20:04 --------------------------


START 2022-03-30 17:30:02 --------------------------
live
총 0 개 데이타 이동
END   2022-03-30 17:30:03 --------------------------


START 2022-03-30 17:40:01 --------------------------
live
총 0 개 데이타 이동
END   2022-03-30 17:40:03 --------------------------


START 2022-03-30 17:50:01 --------------------------
live
총 0 개 데이타 이동
END   2022-03-30 17:50:03 --------------------------


START 2022-03-30 18:00:02 --------------------------
live
총 0 개 데이타 이동
END   2022-03-30 18:00:04 --------------------------


START 2022-03-30 18:10:01 --------------------------
live
총 0 개 데이타 이동
END   2022-03-30 18:10:03 --------------------------


START 2022-03-30 18:20:01 --------------------------
live
총 0 개 데이타 이동
END   2022-03-30 18:20:03 --------------------------


START 2022-03-30 18:30:01 --------------------------
live
총 0 개 데이타 이동
END   2022-03-30 18:30:03 --------------------------


START 2022-03-30 18:40:01 --------------------------
live
총 0 개 데이타 이동
END   2022-03-30 18:40:03 --------------------------


START 2022-03-30 18:50:01 --------------------------
live
총 0 개 데이타 이동
END   2022-03-30 18:50:03 --------------------------


START 2022-03-30 19:00:01 --------------------------
live
총 0 개 데이타 이동
END   2022-03-30 19:00:03 --------------------------


START 2022-03-30 19:10:01 --------------------------
live
총 0 개 데이타 이동
END   2022-03-30 19:10:03 --------------------------


START 2022-03-30 19:20:01 --------------------------
live
총 0 개 데이타 이동
END   2022-03-30 19:20:04 --------------------------


START 2022-03-30 19:30:01 --------------------------
live
총 0 개 데이타 이동
END   2022-03-30 19:30:04 --------------------------


START 2022-03-30 19:40:01 --------------------------
live
총 0 개 데이타 이동
END   2022-03-30 19:40:04 --------------------------


START 2022-03-30 19:50:01 --------------------------
live
총 0 개 데이타 이동
END   2022-03-30 19:50:03 --------------------------


START 2022-03-30 20:00:02 --------------------------
live
총 0 개 데이타 이동
END   2022-03-30 20:00:04 --------------------------


START 2022-03-30 20:10:01 --------------------------
live
총 0 개 데이타 이동
END   2022-03-30 20:10:04 --------------------------


START 2022-03-30 20:20:01 --------------------------
live
총 0 개 데이타 이동
END   2022-03-30 20:20:03 --------------------------


START 2022-03-30 20:30:01 --------------------------
live
총 0 개 데이타 이동
END   2022-03-30 20:30:04 --------------------------


START 2022-03-30 20:40:01 --------------------------
live
총 0 개 데이타 이동
END   2022-03-30 20:40:03 --------------------------


START 2022-03-30 20:50:01 --------------------------
live
총 0 개 데이타 이동
END   2022-03-30 20:50:03 --------------------------


START 2022-03-30 21:00:01 --------------------------
live
총 0 개 데이타 이동
END   2022-03-30 21:00:04 --------------------------


START 2022-03-30 21:10:01 --------------------------
live
총 0 개 데이타 이동
END   2022-03-30 21:10:03 --------------------------


START 2022-03-30 21:20:01 --------------------------
live
총 0 개 데이타 이동
END   2022-03-30 21:20:03 --------------------------


START 2022-03-30 21:30:01 --------------------------
live
총 0 개 데이타 이동
END   2022-03-30 21:30:04 --------------------------


START 2022-03-30 21:40:01 --------------------------
live
총 0 개 데이타 이동
END   2022-03-30 21:40:03 --------------------------


START 2022-03-30 21:50:01 --------------------------
live
총 0 개 데이타 이동
END   2022-03-30 21:50:03 --------------------------


START 2022-03-30 22:00:01 --------------------------
live
총 0 개 데이타 이동
END   2022-03-30 22:00:03 --------------------------


START 2022-03-30 22:10:01 --------------------------
live
총 0 개 데이타 이동
END   2022-03-30 22:10:03 --------------------------


START 2022-03-30 22:20:01 --------------------------
live
총 0 개 데이타 이동
END   2022-03-30 22:20:03 --------------------------


START 2022-03-30 22:30:01 --------------------------
live
총 0 개 데이타 이동
END   2022-03-30 22:30:03 --------------------------


START 2022-03-30 22:40:01 --------------------------
live
총 0 개 데이타 이동
END   2022-03-30 22:40:03 --------------------------


START 2022-03-30 22:50:01 --------------------------
live
총 0 개 데이타 이동
END   2022-03-30 22:50:03 --------------------------


START 2022-03-30 23:00:01 --------------------------
live
총 0 개 데이타 이동
END   2022-03-30 23:00:04 --------------------------


START 2022-03-30 23:10:01 --------------------------
live
총 0 개 데이타 이동
END   2022-03-30 23:10:04 --------------------------


START 2022-03-30 23:20:01 --------------------------
live
총 0 개 데이타 이동
END   2022-03-30 23:20:03 --------------------------


START 2022-03-30 23:30:01 --------------------------
live
총 0 개 데이타 이동
END   2022-03-30 23:30:03 --------------------------


START 2022-03-30 23:40:01 --------------------------
live
총 0 개 데이타 이동
END   2022-03-30 23:40:03 --------------------------


START 2022-03-30 23:50:01 --------------------------
live
총 0 개 데이타 이동
END   2022-03-30 23:50:03 --------------------------


