START 2022-04-05 00:00:02 --------------------------
live
총 0 개 데이타 이동
END   2022-04-05 00:00:04 --------------------------


START 2022-04-05 00:10:02 --------------------------
live
총 0 개 데이타 이동
END   2022-04-05 00:10:04 --------------------------


START 2022-04-05 00:20:01 --------------------------
live
총 0 개 데이타 이동
END   2022-04-05 00:20:03 --------------------------


START 2022-04-05 00:30:01 --------------------------
live
총 0 개 데이타 이동
END   2022-04-05 00:30:03 --------------------------


START 2022-04-05 00:40:01 --------------------------
live
총 0 개 데이타 이동
END   2022-04-05 00:40:03 --------------------------


START 2022-04-05 00:50:02 --------------------------
live
총 0 개 데이타 이동
END   2022-04-05 00:50:04 --------------------------


START 2022-04-05 01:00:02 --------------------------
live
총 0 개 데이타 이동
END   2022-04-05 01:00:04 --------------------------


START 2022-04-05 01:10:02 --------------------------
live
총 0 개 데이타 이동
END   2022-04-05 01:10:04 --------------------------


START 2022-04-05 01:20:01 --------------------------
live
총 0 개 데이타 이동
END   2022-04-05 01:20:04 --------------------------


START 2022-04-05 01:30:01 --------------------------
live
총 0 개 데이타 이동
END   2022-04-05 01:30:03 --------------------------


START 2022-04-05 01:40:01 --------------------------
live
총 0 개 데이타 이동
END   2022-04-05 01:40:04 --------------------------


START 2022-04-05 01:50:01 --------------------------
live
총 0 개 데이타 이동
END   2022-04-05 01:50:03 --------------------------


START 2022-04-05 02:00:01 --------------------------
live
총 0 개 데이타 이동
END   2022-04-05 02:00:03 --------------------------


START 2022-04-05 02:10:01 --------------------------
live
총 0 개 데이타 이동
END   2022-04-05 02:10:04 --------------------------


START 2022-04-05 02:20:01 --------------------------
live
총 0 개 데이타 이동
END   2022-04-05 02:20:03 --------------------------


START 2022-04-05 02:30:01 --------------------------
live
총 0 개 데이타 이동
END   2022-04-05 02:30:03 --------------------------


START 2022-04-05 02:40:01 --------------------------
live
총 0 개 데이타 이동
END   2022-04-05 02:40:03 --------------------------


START 2022-04-05 02:50:01 --------------------------
live
총 0 개 데이타 이동
END   2022-04-05 02:50:03 --------------------------


START 2022-04-05 03:00:01 --------------------------
live
총 0 개 데이타 이동
END   2022-04-05 03:00:03 --------------------------


START 2022-04-05 03:10:01 --------------------------
live
총 0 개 데이타 이동
END   2022-04-05 03:10:03 --------------------------


START 2022-04-05 03:20:01 --------------------------
live
총 0 개 데이타 이동
END   2022-04-05 03:20:03 --------------------------


START 2022-04-05 03:30:01 --------------------------
live
총 0 개 데이타 이동
END   2022-04-05 03:30:03 --------------------------


START 2022-04-05 03:40:01 --------------------------
live
총 0 개 데이타 이동
END   2022-04-05 03:40:03 --------------------------


START 2022-04-05 03:50:02 --------------------------
live
총 0 개 데이타 이동
END   2022-04-05 03:50:04 --------------------------


START 2022-04-05 04:00:02 --------------------------
live
총 0 개 데이타 이동
END   2022-04-05 04:00:04 --------------------------


START 2022-04-05 04:10:01 --------------------------
live
총 0 개 데이타 이동
END   2022-04-05 04:10:03 --------------------------


START 2022-04-05 04:20:01 --------------------------
live
총 0 개 데이타 이동
END   2022-04-05 04:20:03 --------------------------


START 2022-04-05 04:30:01 --------------------------
live
총 0 개 데이타 이동
END   2022-04-05 04:30:03 --------------------------


START 2022-04-05 04:40:01 --------------------------
live
총 0 개 데이타 이동
END   2022-04-05 04:40:03 --------------------------


START 2022-04-05 04:50:02 --------------------------
live
총 0 개 데이타 이동
END   2022-04-05 04:50:04 --------------------------


START 2022-04-05 05:00:02 --------------------------
live
총 0 개 데이타 이동
END   2022-04-05 05:00:04 --------------------------


START 2022-04-05 05:10:01 --------------------------
live
총 0 개 데이타 이동
END   2022-04-05 05:10:03 --------------------------


START 2022-04-05 05:20:01 --------------------------
live
총 0 개 데이타 이동
END   2022-04-05 05:20:03 --------------------------


START 2022-04-05 05:30:02 --------------------------
live
총 0 개 데이타 이동
END   2022-04-05 05:30:04 --------------------------


START 2022-04-05 05:40:02 --------------------------
live
총 0 개 데이타 이동
END   2022-04-05 05:40:04 --------------------------


START 2022-04-05 05:50:02 --------------------------
live
총 0 개 데이타 이동
END   2022-04-05 05:50:04 --------------------------


START 2022-04-05 06:00:02 --------------------------
live
총 0 개 데이타 이동
END   2022-04-05 06:00:04 --------------------------


START 2022-04-05 06:10:01 --------------------------
live
총 0 개 데이타 이동
END   2022-04-05 06:10:04 --------------------------


START 2022-04-05 06:20:01 --------------------------
live
총 0 개 데이타 이동
END   2022-04-05 06:20:03 --------------------------


START 2022-04-05 06:30:01 --------------------------
live
총 0 개 데이타 이동
END   2022-04-05 06:30:03 --------------------------


START 2022-04-05 06:40:01 --------------------------
live
총 0 개 데이타 이동
END   2022-04-05 06:40:03 --------------------------


START 2022-04-05 06:50:01 --------------------------
live
총 0 개 데이타 이동
END   2022-04-05 06:50:03 --------------------------


START 2022-04-05 07:00:01 --------------------------
live
총 0 개 데이타 이동
END   2022-04-05 07:00:03 --------------------------


START 2022-04-05 07:10:01 --------------------------
live
총 0 개 데이타 이동
END   2022-04-05 07:10:03 --------------------------


START 2022-04-05 07:20:01 --------------------------
live
총 0 개 데이타 이동
END   2022-04-05 07:20:03 --------------------------


START 2022-04-05 07:30:01 --------------------------
live
총 0 개 데이타 이동
END   2022-04-05 07:30:03 --------------------------


START 2022-04-05 07:40:01 --------------------------
live
총 0 개 데이타 이동
END   2022-04-05 07:40:03 --------------------------


START 2022-04-05 07:50:01 --------------------------
live
총 0 개 데이타 이동
END   2022-04-05 07:50:04 --------------------------


START 2022-04-05 08:00:01 --------------------------
live
총 0 개 데이타 이동
END   2022-04-05 08:00:03 --------------------------


START 2022-04-05 08:10:02 --------------------------
live
총 0 개 데이타 이동
END   2022-04-05 08:10:04 --------------------------


START 2022-04-05 08:20:01 --------------------------
live
총 0 개 데이타 이동
END   2022-04-05 08:20:04 --------------------------


START 2022-04-05 08:30:01 --------------------------
live
총 0 개 데이타 이동
END   2022-04-05 08:30:03 --------------------------


START 2022-04-05 08:40:01 --------------------------
live
총 0 개 데이타 이동
END   2022-04-05 08:40:04 --------------------------


START 2022-04-05 08:50:01 --------------------------
live
총 0 개 데이타 이동
END   2022-04-05 08:50:03 --------------------------


START 2022-04-05 09:00:01 --------------------------
live
총 0 개 데이타 이동
END   2022-04-05 09:00:04 --------------------------


START 2022-04-05 09:10:01 --------------------------
live
총 0 개 데이타 이동
END   2022-04-05 09:10:03 --------------------------


START 2022-04-05 09:20:01 --------------------------
live
총 0 개 데이타 이동
END   2022-04-05 09:20:03 --------------------------


START 2022-04-05 09:30:02 --------------------------
live
총 0 개 데이타 이동
END   2022-04-05 09:30:04 --------------------------


START 2022-04-05 09:40:01 --------------------------
live
총 0 개 데이타 이동
END   2022-04-05 09:40:03 --------------------------


START 2022-04-05 09:50:01 --------------------------
live
총 0 개 데이타 이동
END   2022-04-05 09:50:03 --------------------------


START 2022-04-05 10:00:02 --------------------------
live
총 0 개 데이타 이동
END   2022-04-05 10:00:04 --------------------------


START 2022-04-05 10:10:01 --------------------------
live
총 0 개 데이타 이동
END   2022-04-05 10:10:03 --------------------------


START 2022-04-05 10:20:02 --------------------------
live
총 0 개 데이타 이동
END   2022-04-05 10:20:04 --------------------------


START 2022-04-05 10:30:01 --------------------------
live
총 0 개 데이타 이동
END   2022-04-05 10:30:04 --------------------------


START 2022-04-05 10:40:01 --------------------------
live
총 0 개 데이타 이동
END   2022-04-05 10:40:04 --------------------------


START 2022-04-05 10:50:01 --------------------------
live
총 0 개 데이타 이동
END   2022-04-05 10:50:03 --------------------------


START 2022-04-05 11:00:01 --------------------------
live
총 0 개 데이타 이동
END   2022-04-05 11:00:03 --------------------------


START 2022-04-05 11:10:02 --------------------------
live
총 0 개 데이타 이동
END   2022-04-05 11:10:04 --------------------------


START 2022-04-05 11:20:01 --------------------------
live
총 0 개 데이타 이동
END   2022-04-05 11:20:03 --------------------------


START 2022-04-05 11:30:01 --------------------------
live
총 0 개 데이타 이동
END   2022-04-05 11:30:03 --------------------------


START 2022-04-05 11:40:01 --------------------------
live
총 0 개 데이타 이동
END   2022-04-05 11:40:04 --------------------------


START 2022-04-05 11:50:01 --------------------------
live
총 0 개 데이타 이동
END   2022-04-05 11:50:04 --------------------------


START 2022-04-05 12:00:02 --------------------------
live
총 0 개 데이타 이동
END   2022-04-05 12:00:04 --------------------------


START 2022-04-05 12:10:01 --------------------------
live
총 0 개 데이타 이동
END   2022-04-05 12:10:03 --------------------------


START 2022-04-05 12:20:02 --------------------------
live
총 0 개 데이타 이동
END   2022-04-05 12:20:04 --------------------------


START 2022-04-05 12:30:01 --------------------------
live
총 0 개 데이타 이동
END   2022-04-05 12:30:03 --------------------------


START 2022-04-05 12:40:01 --------------------------
live
총 0 개 데이타 이동
END   2022-04-05 12:40:04 --------------------------


START 2022-04-05 12:50:01 --------------------------
live
총 0 개 데이타 이동
END   2022-04-05 12:50:03 --------------------------


START 2022-04-05 13:00:01 --------------------------
live
총 0 개 데이타 이동
END   2022-04-05 13:00:04 --------------------------


START 2022-04-05 13:10:01 --------------------------
live
총 0 개 데이타 이동
END   2022-04-05 13:10:04 --------------------------


START 2022-04-05 13:20:01 --------------------------
live
총 0 개 데이타 이동
END   2022-04-05 13:20:03 --------------------------


START 2022-04-05 13:30:01 --------------------------
live
총 0 개 데이타 이동
END   2022-04-05 13:30:04 --------------------------


START 2022-04-05 13:40:01 --------------------------
live
총 0 개 데이타 이동
END   2022-04-05 13:40:03 --------------------------


START 2022-04-05 13:50:01 --------------------------
live
총 0 개 데이타 이동
END   2022-04-05 13:50:03 --------------------------


START 2022-04-05 14:00:01 --------------------------
live
총 0 개 데이타 이동
END   2022-04-05 14:00:04 --------------------------


START 2022-04-05 14:10:01 --------------------------
live
총 0 개 데이타 이동
END   2022-04-05 14:10:03 --------------------------


START 2022-04-05 14:20:02 --------------------------
live
총 0 개 데이타 이동
END   2022-04-05 14:20:04 --------------------------


START 2022-04-05 14:30:02 --------------------------
live
총 499 개 데이타 이동
데이타 이동 시작 *****
3103119 01089809500 -- 3103120 01056179090 -- 3103121 01088944740 -- 3103122 01099221433 -- 3103123 01071406426 -- 3103124 01000000000 -- 3103125 01043380580 -- 3103126 01048559998 -- 3103127 01084853722 -- 3103128 01033088839 -- 3103129 01088725819 -- 3103130 01024255580 -- 3103131 01032080480 -- 3103132 01038456171 -- 3103133 01091579725 -- 3103134 01055454867 -- 3103135 01042957170 -- 3103136 01025738859 -- 3103137 01032767136 -- 3103138 01025965960 -- 3103139 01054337079 -- 3103140 01033233635 -- 3103141 01091328939 -- 3103142 01043433329 -- 3103143 01085254425 -- 3103144 01067365836 -- 3103145 01052581559 -- 3103146 01098103929 -- 3103147 01039225011 -- 3103148 01099078005 -- 3103149 01037680656 -- 3103150 01085457377 -- 3103151 01090120040 -- 3103152 01071309695 -- 3103153 01024418408 -- 3103154 01090541722 -- 3103155 01023455756 -- 3103156 01036534552 -- 3103157 01051355998 -- 3103158 01040785648 -- 3103159 01047611419 -- 3103160 01091586988 -- 3103161 01044110957 -- 3103162 01025331799 -- 3103163 01091695994 -- 3103164 01062981205 -- 3103165 01090283502 -- 3103166 01099294471 -- 3103167 01040755648 -- 3103168 01043383770 -- 3103169 01020118660 -- 3103170 01084803449 -- 3103171 01024684144 -- 3103172 01091153060 -- 3103173 01090938373 -- 3103174 01090591729 -- 3103175 01045838082 -- 3103176 01090841316 -- 3103177 01056385648 -- 3103178 01036684195 -- 3103179 01031055066 -- 3103180 01099698779 -- 3103181 01026620156 -- 3103182 01072742661 -- 3103183 01067448422 -- 3103184 01074563414 -- 3103185 01080060401 -- 3103186 01035970682 -- 3103187 01039082240 -- 3103188 01023928429 -- 3103189 01038781568 -- 3103190 01066021240 -- 3103191 01022700916 -- 3103192 01096244049 -- 3103193 01055811130 -- 3103194 01034387161 -- 3103195 01063471218 -- 3103196 01054769598 -- 3103197 01072024436 -- 3103198 01027983027 -- 3103199 01077744787 -- 3103200 01040711761 -- 3103201 01077520549 -- 3103202 01048000840 -- 3103203 01042592000 -- 3103204 01029402275 -- 3103205 01077377161 -- 3103206 01083556311 -- 3103207 01050744659 -- 3103208 01035670357 -- 3103209 01082220092 -- 3103210 01088070154 -- 3103211 01036562161 -- 3103212 01046711526 -- 3103213 01036536333 -- 3103214 01098855699 -- 3103215 01077458838 -- 3103216 01028383596 -- 3103217 01074861150 -- 3103218 01084955266 -- 3103219 01099987089 -- 3103220 01090827265 -- 3103221 01047669598 -- 3103222 01074440009 -- 3103223 01088104271 -- 3103224 01029570188 -- 3103225 01030252495 -- 3103226 01062129669 -- 3103227 01043107512 -- 3103228 01044111900 -- 3103229 01033593360 -- 3103230 01052481432 -- 3103231 01020702785 -- 3103232 01024632493 -- 3103233 01086250427 -- 3103234 01023852877 -- 3103235 01037549694 -- 3103236 01050048613 -- 3103237 01093216407 -- 3103238 01032928539 -- 3103239 01028181790 -- 3103240 01090589704 -- 3103241 01063697532 -- 3103242 01037111425 -- 3103243 01055784182 -- 3103244 01084524840 -- 3103245 01028758714 -- 3103246 01020298660 -- 3103247 01087168273 -- 3103248 01022823751 -- 3103249 01045516932 -- 3103250 01022440387 -- 3103251 01063366397 -- 3103252 01090008350 -- 3103253 01020850827 -- 3103254 01096602954 -- 3103255 01077640833 -- 3103256 01099763993 -- 3103257 01033034049 -- 3103258 01052796394 -- 3103259 01086479088 -- 3103260 01026768031 -- 3103261 01090010252 -- 3103262 01052872887 -- 3103263 01096953357 -- 3103264 01023391280 -- 3103265 01044642523 -- 3103266 01038891418 -- 3103267 01027048101 -- 3103268 01067808432 -- 3103269 01073892306 -- 3103270 01022277891 -- 3103271 01036124694 -- 3103272 01025038030 -- 3103273 01025253503 -- 3103274 01062311085 -- 3103275 01025255559 -- 3103276 01087086336 -- 3103277 01072664319 -- 3103278 01051664417 -- 3103279 01090449305 -- 3103280 01025822921 -- 3103281 01099305802 -- 3103282 01088709476 -- 3103283 01029486029 -- 3103284 01089550045 -- 3103285 01040072088 -- 3103286 01084413000 -- 3103287 01090919811 -- 3103288 01063624802 -- 3103289 01087858020 -- 3103290 01051908890 -- 3103291 01063442658 -- 3103292 01062585425 -- 3103293 01066108164 -- 3103294 01023820582 -- 3103295 01047440100 -- 3103296 01099983715 -- 3103297 01032627534 -- 3103298 01085250212 -- 3103299 01028327161 -- 3103300 01071884204 -- 3103301 01053885985 -- 3103302 01086314114 -- 3103303 01032247714 -- 3103304 01025839599 -- 3103305 01054145128 -- 3103306 01087512991 -- 3103307 01058369318 -- 3103308 01087195978 -- 3103309 01075970656 -- 3103310 01054691828 -- 3103311 01043903145 -- 3103312 01067728938 -- 3103313 01030658164 -- 3103314 01023866074 -- 3103315 01081851085 -- 3103316 01044092225 -- 3103317 01073621715 -- 3103318 01034328366 -- 3103319 01036013545 -- 3103320 01032034634 -- 3103321 01094920122 -- 3103322 01035102076 -- 3103323 01043055088 -- 3103324 01040795037 -- 3103325 01041034080 -- 3103326 01031391758 -- 3103327 01055648540 -- 3103328 01058787894 -- 3103329 01084857840 -- 3103330 01046056227 -- 3103331 01023529643 -- 3103332 01087207206 -- 3103333 01033967100 -- 3103334 01093626805 -- 3103335 01035202480 -- 3103336 01066909834 -- 3103337 01051074132 -- 3103338 01091477152 -- 3103339 01032413123 -- 3103340 01086151037 -- 3103341 01043116359 -- 3103342 01056036106 -- 3103343 01023684895 -- 3103344 01067717340 -- 3103345 01077233161 -- 3103346 01096777325 -- 3103347 01077958087 -- 3103348 01049282796 -- 3103349 01032720989 -- 3103350 01099159643 -- 3103351 01076547012 -- 3103352 01038236738 -- 3103353 01027471373 -- 3103354 01091350638 -- 3103355 01076657952 -- 3103356 01076021122 -- 3103357 01089559947 -- 3103358 01025819094 -- 3103359 01091649833 -- 3103360 01040761798 -- 3103361 01090606815 -- 3103362 01024568888 -- 3103363 01044564436 -- 3103364 01089334297 -- 3103365 01099630157 -- 3103366 01053911629 -- 3103367 01084862825 -- 3103368 01023054092 -- 3103369 01025017195 -- 3103370 01092349512 -- 3103371 01085799305 -- 3103372 01041888579 -- 3103373 01027137503 -- 3103374 01025367503 -- 3103375 01025746043 -- 3103376 01034461396 -- 3103377 01057729182 -- 3103378 01029146096 -- 3103379 01045289126 -- 3103380 01047288137 -- 3103381 01025787584 -- 3103382 01028250112 -- 3103383 01083970192 -- 3103384 01099747009 -- 3103385 01090019235 -- 3103386 01092165126 -- 3103387 01056979638 -- 3103388 01088987263 -- 3103389 01089021506 -- 3103390 01034688843 -- 3103391 01025655404 -- 3103392 01097713688 -- 3103393 01047830619 -- 3103394 01035121057 -- 3103395 01087048288 -- 3103396 01093788481 -- 3103397 01054099303 -- 3103398 01033972369 -- 3103399 01087692979 -- 3103400 01021225089 -- 3103401 01042388189 -- 3103402 01084637779 -- 3103403 01028882528 -- 3103404 01055210995 -- 3103405 01035975643 -- 3103406 01045739075 -- 3103407 01047428589 -- 3103408 01094848016 -- 3103409 01027799335 -- 3103410 01050503327 -- 3103411 01043256321 -- 3103412 01025706902 -- 3103413 01051493879 -- 3103414 01045582442 -- 3103415 01099726428 -- 3103416 01033441725 -- 3103417 01022988970 -- 3103418 01054500622 -- 3103419 01086467106 -- 3103420 01041375789 -- 3103421 01088212610 -- 3103422 01063990887 -- 3103423 01022637643 -- 3103424 01036435392 -- 3103425 01054076652 -- 3103426 01023970315 -- 3103427 01028808605 -- 3103428 01045139714 -- 3103429 01042373665 -- 3103430 01068523587 -- 3103431 01066128756 -- 3103432 01068117501 -- 3103433 01091323462 -- 3103434 01055893949 -- 3103435 01037504430 -- 3103436 01049726470 -- 3103437 01028123266 -- 3103438 01045513315 -- 3103439 01027997799 -- 3103440 01089630640 -- 3103441 01044979947 -- 3103442 01024357074 -- 3103443 01030185347 -- 3103444 01054969174 -- 3103445 01041352130 -- 3103446 01083138877 -- 3103447 01055499974 -- 3103448 01057642217 -- 3103449 01074079212 -- 3103450 01027773525 -- 3103451 01089077799 -- 3103452 01033912044 -- 3103453 01053116649 -- 3103454 01086369429 -- 3103455 01096048604 -- 3103456 01027571542 -- 3103457 01047303599 -- 3103458 01092443539 -- 3103459 01039158018 -- 3103460 01052906157 -- 3103461 01028027476 -- 3103462 01034337439 -- 3103463 01042761570 -- 3103464 01095290938 -- 3103465 01055423745 -- 3103466 01028557650 -- 3103467 01044547680 -- 3103468 01053041688 -- 3103469 01084253769 -- 3103470 01040700202 -- 3103471 01040526902 -- 3103472 01024727203 -- 3103473 01057905463 -- 3103474 01062786450 -- 3103475 01099313117 -- 3103476 01027787557 -- 3103477 01079061224 -- 3103478 01089204854 -- 3103479 01066651862 -- 3103480 01021020978 -- 3103481 01030264003 -- 3103482 01050306198 -- 3103483 01098803653 -- 3103484 01087781627 -- 3103485 01042695200 -- 3103486 01087162509 -- 3103487 01087364460 -- 3103488 01065203794 -- 3103489 01087350259 -- 3103490 01054300038 -- 3103491 01037462659 -- 3103492 01099675356 -- 3103493 01043854371 -- 3103494 01036641211 -- 3103495 01031770250 -- 3103496 01093990386 -- 3103497 01049177563 -- 3103498 01088448734 -- 3103499 01056483112 -- 3103500 01035674295 -- 3103501 01089827320 -- 3103502 01099423201 -- 3103503 01023635295 -- 3103504 01022542509 -- 3103505 01032373258 -- 3103506 01091522665 -- 3103507 01025961001 -- 3103508 01051391737 -- 3103509 01033672340 -- 3103510 01026324415 -- 3103511 01088049578 -- 3103512 01077016123 -- 3103513 01074743084 -- 3103514 01031442535 -- 3103515 01099669600 -- 3103516 01088006407 -- 3103517 01039322243 -- 3103518 01064679762 -- 3103519 01068750929 -- 3103520 01024375210 -- 3103521 01062925621 -- 3103522 01065225905 -- 3103523 01073550219 -- 3103524 01063571889 -- 3103525 01093638288 -- 3103526 01097445368 -- 3103527 01088673215 -- 3103528 01042067414 -- 3103529 01041833462 -- 3103530 01068255510 -- 3103531 01024988765 -- 3103532 01091706457 -- 3103533 01023376520 -- 3103534 01051505134 -- 3103535 01033574706 -- 3103536 01045719698 -- 3103537 01085617474 -- 3103538 01062887276 -- 3103539 01023187244 -- 3103540 01094545621 -- 3103541 01094259414 -- 3103542 01031070185 -- 3103543 01091348432 -- 3103544 01052370580 -- 3103545 01068484020 -- 3103546 01056013266 -- 3103547 01082402077 -- 3103548 01087650610 -- 3103549 01075700848 -- 3103550 01027101386 -- 3103551 01022715862 -- 3103552 01062508961 -- 3103553 01032809295 -- 3103554 01044879879 -- 3103555 01083020559 -- 3103556 01086380313 -- 3103557 01096670997 -- 3103558 01083122081 -- 3103559 01045224371 -- 3103560 01024904443 -- 3103561 01090762797 -- 3103562 01071208106 -- 3103563 01068475560 -- 3103564 01026914627 -- 3103565 01086505892 -- 3103566 01066627770 -- 3103567 01088820538 -- 3103568 01066935621 -- 3103569 01083326066 -- 3103570 01030887524 -- 3103571 01030998284 -- 3103572 01054637667 -- 3103573 01096018531 -- 3103574 01080142335 -- 3103575 01029670755 -- 3103576 01046170852 -- 3103577 01053833316 -- 3103578 01048714006 -- 3103579 01047269700 -- 3103580 01052866394 -- 3103581 01023620311 -- 3103582 01035734223 -- 3103583 01099562500 -- 3103584 01022864746 -- 3103585 01041333080 -- 3103586 01091412819 -- 3103587 01030227413 -- 3103588 01094045733 -- 3103589 01034185354 -- 3103590 01062878512 -- 3103591 01062076656 -- 3103592 01024811200 -- 3103593 01026682048 -- 3103594 01023378788 -- 3103595 01047034590 -- 3103596 01071953671 -- 3103597 01043210974 -- 3103598 01094568404 -- 3103599 01042521915 -- 3103600 01034008792 -- 3103601 01083252396 -- 3103602 01029309331 -- 3103603 01098890488 -- 3103604 01025919018 -- 3103605 01022210415 -- 3103606 01041950631 -- 3103607 01097706260 -- 3103608 01047045655 -- 3103609 01055155153 -- 3103610 01054248463 -- 3103611 01023139786 -- 3103612 01031286424 -- 3103613 01055268932 -- 3103614 01066909569 -- 3103615 01032400200 -- 3103616 01051905575 -- 3103617 01094151896 -- 
END   2022-04-05 14:30:08 --------------------------


START 2022-04-05 14:40:01 --------------------------
live
총 646 개 데이타 이동
데이타 이동 시작 *****
3103618 01065042304 -- 3103619 01086095231 -- 3103620 01035127467 -- 3103621 01024898844 -- 3103622 01033844527 -- 3103623 01032790929 -- 3103624 01020121219 -- 3103625 01025225354 -- 3103626 01029935442 -- 3103627 01046283805 -- 3103628 01020091678 -- 3103629 01054913305 -- 3103630 01094256595 -- 3103631 01029631262 -- 3103632 01062345410 -- 3103633 01063673137 -- 3103634 01095633266 -- 3103635 01046534014 -- 3103636 01072079866 -- 3103637 01096781038 -- 3103638 01022889796 -- 3103639 01065196996 -- 3103640 01087426059 -- 3103641 01044649198 -- 3103642 01068058683 -- 3103643 01085792779 -- 3103644 01075620917 -- 3103645 01050807201 -- 3103646 01027838087 -- 3103647 01050185287 -- 3103648 01030870359 -- 3103649 01092624545 -- 3103650 01090053771 -- 3103651 01083801663 -- 3103652 01041444658 -- 3103653 01051061248 -- 3103654 01055263400 -- 3103655 01034708482 -- 3103656 01024591268 -- 3103657 01049468832 -- 3103658 01028303397 -- 3103659 01063602648 -- 3103660 01050804347 -- 3103661 01047045067 -- 3103662 01054225942 -- 3103663 01027950415 -- 3103664 01093363908 -- 3103665 01031673746 -- 3103666 01051151065 -- 3103667 01056278166 -- 3103668 01094862825 -- 3103669 01020469568 -- 3103670 01050998610 -- 3103671 01056621150 -- 3103672 01044452304 -- 3103673 01054474371 -- 3103674 01072330311 -- 3103675 01071699317 -- 3103676 01080282963 -- 3103677 01026042823 -- 3103678 01062266691 -- 3103679 01045142992 -- 3103680 01094650618 -- 3103681 01048778345 -- 3103682 01022108970 -- 3103683 01044323663 -- 3103684 01035331835 -- 3103685 01091431443 -- 3103686 01099840755 -- 3103687 01083244496 -- 3103688 01090227821 -- 3103689 01073767190 -- 3103690 01032872832 -- 3103691 01027256329 -- 3103692 01086217981 -- 3103693 01026419303 -- 3103694 01037340993 -- 3103695 01052511526 -- 3103696 01081889188 -- 3103697 01027978166 -- 3103698 01025933461 -- 3103699 01040825027 -- 3103700 01072334588 -- 3103701 01066977881 -- 3103702 01088127855 -- 3103703 01089261174 -- 3103704 01089924839 -- 3103705 01087590070 -- 3103706 01055482799 -- 3103707 01037259232 -- 3103708 01043359639 -- 3103709 01084189654 -- 3103710 01055875696 -- 3103711 01025149478 -- 3103712 01022932078 -- 3103713 01063681962 -- 3103714 01093818604 -- 3103715 01033709470 -- 3103716 01020654940 -- 3103717 01089726029 -- 3103718 01034307549 -- 3103719 01075460014 -- 3103720 01059335739 -- 3103721 01034650885 -- 3103722 01045807042 -- 3103723 01037417425 -- 3103724 01090546780 -- 3103725 01020231107 -- 3103726 01062559928 -- 3103727 01051834262 -- 3103728 01062098594 -- 3103729 01046527684 -- 3103730 01093641054 -- 3103731 01043691761 -- 3103732 01093534183 -- 3103733 01083364701 -- 3103734 01063287407 -- 3103735 01083540638 -- 3103736 01062160638 -- 3103737 01032851333 -- 3103738 01063004392 -- 3103739 01073928429 -- 3103740 01089325845 -- 3103741 01023974467 -- 3103742 01037273581 -- 3103743 01063777414 -- 3103744 01022240820 -- 3103745 01092710236 -- 3103746 01053879232 -- 3103747 01030028136 -- 3103748 01090261255 -- 3103749 01034564847 -- 3103750 01090246890 -- 3103751 01036901882 -- 3103752 01077131745 -- 3103753 01098760869 -- 3103754 01093090693 -- 3103755 01045894204 -- 3103756 01053162585 -- 3103757 01072742904 -- 3103758 01087143839 -- 3103759 01047841223 -- 3103760 01046282174 -- 3103761 01025758671 -- 3103762 01022210755 -- 3103763 01085244457 -- 3103764 01071759336 -- 3103765 01028952278 -- 3103766 01074119954 -- 3103767 01099387588 -- 3103768 01093654800 -- 3103769 01093474992 -- 3103770 01044507622 -- 3103771 01090661005 -- 3103772 01034331545 -- 3103773 01045494089 -- 3103774 01093414262 -- 3103775 01020437387 -- 3103776 01095161304 -- 3103777 01054437171 -- 3103778 01028174058 -- 3103779 01028821797 -- 3103780 01094964330 -- 3103781 01073121901 -- 3103782 01044901962 -- 3103783 01034687707 -- 3103784 01033255229 -- 3103785 01041220436 -- 3103786 01050597443 -- 3103787 01032075660 -- 3103788 01041068053 -- 3103789 01027874654 -- 3103790 01062246240 -- 3103791 01035807242 -- 3103792 01055689281 -- 3103793 01032993576 -- 3103794 01076385066 -- 3103795 01053493305 -- 3103796 01054918182 -- 3103797 01041324020 -- 3103798 01091466214 -- 3103799 01065230787 -- 3103800 01067837877 -- 3103801 01066362892 -- 3103802 01040194059 -- 3103803 01098980185 -- 3103804 01024775180 -- 3103805 01045073888 -- 3103806 01086425892 -- 3103807 01091226861 -- 3103808 01056246783 -- 3103809 01021235310 -- 3103810 01042525021 -- 3103811 01025628526 -- 3103812 01062498195 -- 3103813 01092900411 -- 3103814 01056140428 -- 3103815 01059452745 -- 3103816 01057080504 -- 3103817 01037201195 -- 3103818 01051022906 -- 3103819 01048850419 -- 3103820 01053049857 -- 3103821 01025726990 -- 3103822 01091888967 -- 3103823 01091447778 -- 3103824 01048716457 -- 3103825 01056050509 -- 3103826 01026684196 -- 3103827 01046967927 -- 3103828 01090876385 -- 3103829 01055282947 -- 3103830 01022945466 -- 3103831 01028553925 -- 3103832 01092509504 -- 3103833 01036208432 -- 3103834 01030228248 -- 3103835 01093867172 -- 3103836 01090577511 -- 3103837 01022657795 -- 3103838 01091340552 -- 3103839 01049077876 -- 3103840 01055671439 -- 3103841 01087767624 -- 3103842 01088327623 -- 3103843 01031996406 -- 3103844 01032197110 -- 3103845 01022347885 -- 3103846 01052194789 -- 3103847 01057333333 -- 3103848 01052940580 -- 3103849 01039096091 -- 3103850 01038285532 -- 3103851 01071383930 -- 3103852 01074521233 -- 3103853 01045767859 -- 3103854 01044216187 -- 3103855 01090683044 -- 3103856 01035566009 -- 3103857 01090617472 -- 3103858 01021200925 -- 3103859 01088531571 -- 3103860 01028189242 -- 3103861 01030908969 -- 3103862 01087529004 -- 3103863 01045203700 -- 3103864 01056067748 -- 3103865 01096822380 -- 3103866 01026050779 -- 3103867 01093216562 -- 3103868 01062389863 -- 3103869 01056446916 -- 3103870 01022810314 -- 3103871 01086192778 -- 3103872 01034520874 -- 3103873 01042077414 -- 3103874 01045960896 -- 3103875 01092447387 -- 3103876 01093155373 -- 3103877 01062471127 -- 3103878 01072210359 -- 3103879 01085424473 -- 3103880 01022621389 -- 3103881 01055003148 -- 3103882 01045385604 -- 3103883 01027125800 -- 3103884 01027588518 -- 3103885 01062654092 -- 3103886 01050375814 -- 3103887 01044641864 -- 3103888 01054536248 -- 3103889 01092652159 -- 3103890 01067573149 -- 3103891 01088965210 -- 3103892 01056470098 -- 3103893 01023557912 -- 3103894 01032560986 -- 3103895 01043518584 -- 3103896 01086028404 -- 3103897 01044950424 -- 3103898 01089080903 -- 3103899 01037056296 -- 3103900 01076751345 -- 3103901 01046322021 -- 3103902 01033875689 -- 3103903 01094591086 -- 3103904 01035935827 -- 3103905 01063583990 -- 3103906 01096697317 -- 3103907 01024385210 -- 3103908 01040571704 -- 3103909 01046432974 -- 3103910 01029024088 -- 3103911 01022783635 -- 3103912 01089350355 -- 3103913 01029915604 -- 3103914 01024492822 -- 3103915 01047205891 -- 3103916 01072341608 -- 3103917 01083638488 -- 3103918 01048207935 -- 3103919 01029783133 -- 3103920 01042000264 -- 3103921 01020667912 -- 3103922 01042211466 -- 3103923 01055677232 -- 3103924 01056102190 -- 3103925 01022527544 -- 3103926 01031577933 -- 3103927 01033212058 -- 3103928 01032754498 -- 3103929 01023577720 -- 3103930 01030454260 -- 3103931 01063947511 -- 3103932 01097393095 -- 3103933 01022622571 -- 3103934 01057663103 -- 3103935 01050974882 -- 3103936 01087118907 -- 3103937 01047114735 -- 3103938 01077883763 -- 3103939 01025947606 -- 3103940 01035289425 -- 3103941 01027391248 -- 3103942 01021361355 -- 3103943 01032766455 -- 3103944 01086078183 -- 3103945 01030525090 -- 3103946 01022673935 -- 3103947 01044758201 -- 3103948 01026491379 -- 3103949 01035932373 -- 3103950 01076607233 -- 3103951 01033148053 -- 3103952 01075727519 -- 3103953 01048572879 -- 3103954 01083775694 -- 3103955 01092030690 -- 3103956 01066014010 -- 3103957 01062220403 -- 3103958 01096950717 -- 3103959 01083682381 -- 3103960 01027907146 -- 3103961 01052414305 -- 3103962 01034608404 -- 3103963 01049314200 -- 3103964 01077229906 -- 3103965 01073602326 -- 3103966 01073031027 -- 3103967 01045192190 -- 3103968 01066953123 -- 3103969 01095228262 -- 3103970 01055447896 -- 3103971 01067478183 -- 3103972 01052085730 -- 3103973 01066014624 -- 3103974 01027158405 -- 3103975 01056518597 -- 3103976 01026368733 -- 3103977 01094531051 -- 3103978 01089060132 -- 3103979 01023127546 -- 3103980 01045848128 -- 3103981 01032151549 -- 3103982 01042703665 -- 3103983 01038634983 -- 3103984 01096179212 -- 3103985 01099599705 -- 3103986 01022612509 -- 3103987 01045858341 -- 3103988 01028075348 -- 3103989 01049206007 -- 3103990 01075380509 -- 3103991 01094227007 -- 3103992 01094626738 -- 3103993 01085560961 -- 3103994 01088617608 -- 3103995 01056787050 -- 3103996 01057670199 -- 3103997 01082223613 -- 3103998 01040403182 -- 3103999 01033786296 -- 3104000 01063654224 -- 3104001 01071021420 -- 3104002 01073304532 -- 3104003 01028292284 -- 3104004 01023388425 -- 3104005 01077779543 -- 3104006 01030528425 -- 3104007 01054601736 -- 3104008 01077574756 -- 3104009 01032954241 -- 3104010 01024390369 -- 3104011 01040567636 -- 3104012 01042057414 -- 3104013 01031851404 -- 3104014 01031872731 -- 3104015 01025680401 -- 3104016  -- 3104017 01097803455 -- 3104018 01091312139 -- 3104019 01055771466 -- 3104020 01075223024 -- 3104021 01082110664 -- 3104022 01032252044 -- 3104023 01026351435 -- 3104024 01025402026 -- 3104025 01092218085 -- 3104026 01020106447 -- 3104027 01089355042 -- 3104028 01080806585 -- 3104029 01091072522 -- 3104030 01092262284 -- 3104031 01024780196 -- 3104032 01066013121 -- 3104033 01020645706 -- 3104034 01080806634 -- 3104035 01095085594 -- 3104036 01098823882 -- 3104037 01021165229 -- 3104038 01041233509 -- 3104039 01097523261 -- 3104040 01029558574 -- 3104041 01028800196 -- 3104042 01047078352 -- 3104043 01052585235 -- 3104044 01071623410 -- 3104045 01055791131 -- 3104046 01045407143 -- 3104047 01090409624 -- 3104048 01046785582 -- 3104049 01035564723 -- 3104050 01089966776 -- 3104051 01032595971 -- 3104052 01084837749 -- 3104053 01089172924 -- 3104054 01029400061 -- 3104055 01057569434 -- 3104056 01088215370 -- 3104057 01056433626 -- 3104058 01026188223 -- 3104059 01075178300 -- 3104060 01089704980 -- 3104061 01091979434 -- 3104062 01037398881 -- 3104063 01064377199 -- 3104064 01074402954 -- 3104065 01038951048 -- 3104066 01032898584 -- 3104067 01028850699 -- 3104068 01020418268 -- 3104069 01091792960 -- 3104070 01088903430 -- 3104071 01063725368 -- 3104072 01093883634 -- 3104073 01042477345 -- 3104074 01063284839 -- 3104075 01065624859 -- 3104076 01039681535 -- 3104077 01093523879 -- 3104078 01098712773 -- 3104079 01063152771 -- 3104080 01045943473 -- 3104081 01027769447 -- 3104082 01050912270 -- 3104083 01091838624 -- 3104084 01033834537 -- 3104085 01028435811 -- 3104086 01056076887 -- 3104087 01029491820 -- 3104088 01024296572 -- 3104089 01046447753 -- 3104090 01042212887 -- 3104091 01032386218 -- 3104092 01023626155 -- 3104093 01087894932 -- 3104094 01087298539 -- 3104095 01028037476 -- 3104096 01066365527 -- 3104097 01031674732 -- 3104098 01026174665 -- 3104099 01031047401 -- 3104100 01051202887 -- 3104101 01041068877 -- 3104102 01049156954 -- 3104103 01030455817 -- 3104104 01062462803 -- 3104105 01072261030 -- 3104106 01020021543 -- 3104107 01047688113 -- 3104108 01041809484 -- 3104109 01021447040 -- 3104110 01028364988 -- 3104111 01093680255 -- 3104112 01066867256 -- 3104113 01032175051 -- 3104114 01055781514 -- 3104115 01055826457 -- 3104116 01094216933 -- 3104117 01026935368 -- 3104118 01092767871 -- 3104119 01089614510 -- 3104120 01029571745 -- 3104121 01065927747 -- 3104122 01065617749 -- 3104123 01082552329 -- 3104124 01034176943 -- 3104125 01058223832 -- 3104126 01043797237 -- 3104127 01025075825 -- 3104128 01032746053 -- 3104129 01049426394 -- 3104130 01071156227 -- 3104131 01057451130 -- 3104132 01050526112 -- 3104133 01034642408 -- 3104134 01076432472 -- 3104135 01034212921 -- 3104136 01044184204 -- 3104137 01091147045 -- 3104138 01050806988 -- 3104139 01055269856 -- 3104140 01053348277 -- 3104141 01047571047 -- 3104142 01026987866 -- 3104143 01041794758 -- 3104144 01022809414 -- 3104145 01025644024 -- 3104146 01093876922 -- 3104147 01093364565 -- 3104148 01023017446 -- 3104149 01046219291 -- 3104150 01029405124 -- 3104151 01076341224 -- 3104152 01032688584 -- 3104153 01099759144 -- 3104154 01030242551 -- 3104155 01085758572 -- 3104156 01093242442 -- 3104157 01025878518 -- 3104158 01021262380 -- 3104159 01031471205 -- 3104160 01022786456 -- 3104161 01045577524 -- 3104162 01030765845 -- 3104163 01095450680 -- 3104164 01099814097 -- 3104165 01035583972 -- 3104166 01040075403 -- 3104167 01025556691 -- 3104168 01034519597 -- 3104169 01062896223 -- 3104170 01023993530 -- 3104171 01075679210 -- 3104172 01022492977 -- 3104173 01085881834 -- 3104174 01088592943 -- 3104175 01026093340 -- 3104176 01047011720 -- 3104177 01046456608 -- 3104178 01052998571 -- 3104179 01041142980 -- 3104180 01056420123 -- 3104181 01095728704 -- 3104182 01045278102 -- 3104183 01029500864 -- 3104184 01034347966 -- 3104185 01050981100 -- 3104186 01037496322 -- 3104187 01089888202 -- 3104188 01098079920 -- 3104189 01043580920 -- 3104190 01047669084 -- 3104191 01075590739 -- 3104192 01088790591 -- 3104193 01035419810 -- 3104194 01096249879 -- 3104195 01090838172 -- 3104196 01046101285 -- 3104197 01074313685 -- 3104198 01063317085 -- 3104199 01055407522 -- 3104200 01092745957 -- 3104201 01085237531 -- 3104202 01094902984 -- 3104203 01034119302 -- 3104204 01023613230 -- 3104205 01075720831 -- 3104206 01072847779 -- 3104207 01023178270 -- 3104208 01076669831 -- 3104209 01098649872 -- 3104210 01068990302 -- 3104211 01058500582 -- 3104212 01084675870 -- 3104213 01029238915 -- 3104214 01055765687 -- 3104215 01027455687 -- 3104216 01087527754 -- 3104217 01032849691 -- 3104218 01029071565 -- 3104219 01034434244 -- 3104220 01056052249 -- 3104221 01090088090 -- 3104222 01027647456 -- 3104223 01074121719 -- 3104224 01020059776 -- 3104225 01098389056 -- 3104226 01042177188 -- 3104227 01045116445 -- 3104228 01040718867 -- 3104229 01049229137 -- 3104230 01087134836 -- 3104231 01055115551 -- 3104232 01071355278 -- 3104233 01026423571 -- 3104234 01067230604 -- 3104235 01075690304 -- 3104236 01047847611 -- 3104237 01073309633 -- 3104238 01050451201 -- 3104239 01082645332 -- 3104240 01074115453 -- 3104241 01051544288 -- 3104242 01039471196 -- 3104243 01030000949 -- 3104244 01023301554 -- 3104245 01066202639 -- 3104246 01022653254 -- 3104247 01025783682 -- 3104248 01073773655 -- 3104249 01064125260 -- 3104250 01068482436 -- 3104251 01090088699 -- 3104252 01020389627 -- 3104253 01089621534 -- 3104254 01064337180 -- 3104255 01095620039 -- 3104256 01076750528 -- 3104257 01096002006 -- 3104258 01071667532 -- 3104259 01045559122 -- 3104260 01056601359 -- 3104261 01068781339 -- 3104262 01099867456 -- 3104263 01053307870 -- 
END   2022-04-05 14:40:09 --------------------------


START 2022-04-05 14:50:01 --------------------------
live
총 0 개 데이타 이동
END   2022-04-05 14:50:03 --------------------------


START 2022-04-05 15:00:02 --------------------------
live
총 0 개 데이타 이동
END   2022-04-05 15:00:04 --------------------------


START 2022-04-05 15:10:01 --------------------------
live
총 0 개 데이타 이동
END   2022-04-05 15:10:04 --------------------------


START 2022-04-05 15:20:01 --------------------------
live
총 0 개 데이타 이동
END   2022-04-05 15:20:04 --------------------------


START 2022-04-05 15:30:01 --------------------------
live
총 0 개 데이타 이동
END   2022-04-05 15:30:03 --------------------------


START 2022-04-05 15:40:02 --------------------------
live
총 0 개 데이타 이동
END   2022-04-05 15:40:04 --------------------------


START 2022-04-05 15:50:02 --------------------------
live
총 0 개 데이타 이동
END   2022-04-05 15:50:04 --------------------------


START 2022-04-05 16:00:01 --------------------------
live
총 0 개 데이타 이동
END   2022-04-05 16:00:03 --------------------------


START 2022-04-05 16:10:02 --------------------------
live
총 0 개 데이타 이동
END   2022-04-05 16:10:04 --------------------------


START 2022-04-05 16:20:01 --------------------------
live
총 0 개 데이타 이동
END   2022-04-05 16:20:04 --------------------------


START 2022-04-05 16:30:02 --------------------------
live
총 0 개 데이타 이동
END   2022-04-05 16:30:04 --------------------------


START 2022-04-05 16:40:01 --------------------------
live
총 0 개 데이타 이동
END   2022-04-05 16:40:04 --------------------------


START 2022-04-05 16:50:01 --------------------------
live
총 0 개 데이타 이동
END   2022-04-05 16:50:03 --------------------------


START 2022-04-05 17:00:02 --------------------------
live
총 0 개 데이타 이동
END   2022-04-05 17:00:04 --------------------------


START 2022-04-05 17:10:02 --------------------------
live
총 0 개 데이타 이동
END   2022-04-05 17:10:04 --------------------------


START 2022-04-05 17:20:02 --------------------------
live
총 0 개 데이타 이동
END   2022-04-05 17:20:04 --------------------------


START 2022-04-05 17:30:01 --------------------------
live
총 0 개 데이타 이동
END   2022-04-05 17:30:03 --------------------------


START 2022-04-05 17:40:01 --------------------------
live
총 0 개 데이타 이동
END   2022-04-05 17:40:03 --------------------------


START 2022-04-05 17:50:01 --------------------------
live
총 0 개 데이타 이동
END   2022-04-05 17:50:03 --------------------------


START 2022-04-05 18:00:02 --------------------------
live
총 0 개 데이타 이동
END   2022-04-05 18:00:04 --------------------------


START 2022-04-05 18:10:01 --------------------------
live
총 0 개 데이타 이동
END   2022-04-05 18:10:03 --------------------------


START 2022-04-05 18:20:02 --------------------------
live
총 0 개 데이타 이동
END   2022-04-05 18:20:04 --------------------------


START 2022-04-05 18:30:01 --------------------------
live
총 0 개 데이타 이동
END   2022-04-05 18:30:03 --------------------------


START 2022-04-05 18:40:02 --------------------------
live
총 0 개 데이타 이동
END   2022-04-05 18:40:04 --------------------------


START 2022-04-05 18:50:01 --------------------------
live
총 0 개 데이타 이동
END   2022-04-05 18:50:03 --------------------------


START 2022-04-05 19:00:01 --------------------------
live
총 0 개 데이타 이동
END   2022-04-05 19:00:03 --------------------------


START 2022-04-05 19:10:02 --------------------------
live
총 0 개 데이타 이동
END   2022-04-05 19:10:04 --------------------------


START 2022-04-05 19:20:02 --------------------------
live
총 0 개 데이타 이동
END   2022-04-05 19:20:04 --------------------------


START 2022-04-05 19:30:01 --------------------------
live
총 0 개 데이타 이동
END   2022-04-05 19:30:03 --------------------------


START 2022-04-05 19:40:01 --------------------------
live
총 0 개 데이타 이동
END   2022-04-05 19:40:03 --------------------------


START 2022-04-05 19:50:01 --------------------------
live
총 0 개 데이타 이동
END   2022-04-05 19:50:03 --------------------------


START 2022-04-05 20:00:02 --------------------------
live
총 0 개 데이타 이동
END   2022-04-05 20:00:04 --------------------------


START 2022-04-05 20:10:01 --------------------------
live
총 0 개 데이타 이동
END   2022-04-05 20:10:03 --------------------------


START 2022-04-05 20:20:02 --------------------------
live
총 0 개 데이타 이동
END   2022-04-05 20:20:04 --------------------------


START 2022-04-05 20:30:01 --------------------------
live
총 0 개 데이타 이동
END   2022-04-05 20:30:03 --------------------------


START 2022-04-05 20:40:01 --------------------------
live
총 0 개 데이타 이동
END   2022-04-05 20:40:03 --------------------------


START 2022-04-05 20:50:02 --------------------------
live
총 0 개 데이타 이동
END   2022-04-05 20:50:04 --------------------------


START 2022-04-05 21:00:02 --------------------------
live
총 0 개 데이타 이동
END   2022-04-05 21:00:04 --------------------------


START 2022-04-05 21:10:02 --------------------------
live
총 0 개 데이타 이동
END   2022-04-05 21:10:04 --------------------------


START 2022-04-05 21:20:01 --------------------------
live
총 0 개 데이타 이동
END   2022-04-05 21:20:04 --------------------------


START 2022-04-05 21:30:01 --------------------------
live
총 0 개 데이타 이동
END   2022-04-05 21:30:04 --------------------------


START 2022-04-05 21:40:01 --------------------------
live
총 0 개 데이타 이동
END   2022-04-05 21:40:03 --------------------------


START 2022-04-05 21:50:01 --------------------------
live
총 0 개 데이타 이동
END   2022-04-05 21:50:03 --------------------------


START 2022-04-05 22:00:01 --------------------------
live
총 0 개 데이타 이동
END   2022-04-05 22:00:03 --------------------------


START 2022-04-05 22:10:01 --------------------------
live
총 0 개 데이타 이동
END   2022-04-05 22:10:03 --------------------------


START 2022-04-05 22:20:01 --------------------------
live
총 0 개 데이타 이동
END   2022-04-05 22:20:03 --------------------------


START 2022-04-05 22:30:02 --------------------------
live
총 0 개 데이타 이동
END   2022-04-05 22:30:04 --------------------------


START 2022-04-05 22:40:02 --------------------------
live
총 2 개 데이타 이동
데이타 이동 시작 *****
3104264 01024568888 -- 3104265 01088944740 -- 
END   2022-04-05 22:40:06 --------------------------


START 2022-04-05 22:50:01 --------------------------
live
총 0 개 데이타 이동
END   2022-04-05 22:50:04 --------------------------


START 2022-04-05 23:00:01 --------------------------
live
총 0 개 데이타 이동
END   2022-04-05 23:00:03 --------------------------


START 2022-04-05 23:10:01 --------------------------
live
총 0 개 데이타 이동
END   2022-04-05 23:10:04 --------------------------


START 2022-04-05 23:20:01 --------------------------
live
총 0 개 데이타 이동
END   2022-04-05 23:20:03 --------------------------


START 2022-04-05 23:30:02 --------------------------
live
총 0 개 데이타 이동
END   2022-04-05 23:30:04 --------------------------


START 2022-04-05 23:40:02 --------------------------
live
총 0 개 데이타 이동
END   2022-04-05 23:40:04 --------------------------


START 2022-04-05 23:50:01 --------------------------
live
총 0 개 데이타 이동
END   2022-04-05 23:50:03 --------------------------


