START 2022-07-03 00:00:01 --------------------------
live
총 0 개 데이타 이동
END   2022-07-03 00:00:01 --------------------------


START 2022-07-03 00:10:01 --------------------------
live
총 0 개 데이타 이동
END   2022-07-03 00:10:01 --------------------------


START 2022-07-03 00:20:01 --------------------------
live
총 0 개 데이타 이동
END   2022-07-03 00:20:01 --------------------------


START 2022-07-03 00:30:01 --------------------------
live
총 0 개 데이타 이동
END   2022-07-03 00:30:01 --------------------------


START 2022-07-03 00:40:01 --------------------------
live
총 0 개 데이타 이동
END   2022-07-03 00:40:01 --------------------------


START 2022-07-03 00:50:01 --------------------------
live
총 0 개 데이타 이동
END   2022-07-03 00:50:01 --------------------------


START 2022-07-03 01:00:01 --------------------------
live
총 0 개 데이타 이동
END   2022-07-03 01:00:01 --------------------------


START 2022-07-03 01:10:01 --------------------------
live
총 0 개 데이타 이동
END   2022-07-03 01:10:01 --------------------------


START 2022-07-03 01:20:01 --------------------------
live
총 0 개 데이타 이동
END   2022-07-03 01:20:01 --------------------------


START 2022-07-03 01:30:01 --------------------------
live
총 0 개 데이타 이동
END   2022-07-03 01:30:01 --------------------------


START 2022-07-03 01:40:01 --------------------------
live
총 0 개 데이타 이동
END   2022-07-03 01:40:01 --------------------------


START 2022-07-03 01:50:01 --------------------------
live
총 0 개 데이타 이동
END   2022-07-03 01:50:01 --------------------------


START 2022-07-03 02:00:02 --------------------------
live
총 0 개 데이타 이동
END   2022-07-03 02:00:02 --------------------------


START 2022-07-03 02:10:02 --------------------------
live
총 0 개 데이타 이동
END   2022-07-03 02:10:02 --------------------------


START 2022-07-03 02:20:01 --------------------------
live
총 0 개 데이타 이동
END   2022-07-03 02:20:01 --------------------------


START 2022-07-03 02:30:01 --------------------------
live
총 0 개 데이타 이동
END   2022-07-03 02:30:01 --------------------------


START 2022-07-03 02:40:01 --------------------------
live
총 0 개 데이타 이동
END   2022-07-03 02:40:01 --------------------------


START 2022-07-03 02:50:01 --------------------------
live
총 0 개 데이타 이동
END   2022-07-03 02:50:01 --------------------------


START 2022-07-03 03:00:02 --------------------------
live
총 0 개 데이타 이동
END   2022-07-03 03:00:02 --------------------------


START 2022-07-03 03:10:01 --------------------------
live
총 0 개 데이타 이동
END   2022-07-03 03:10:01 --------------------------


START 2022-07-03 03:20:01 --------------------------
live
총 0 개 데이타 이동
END   2022-07-03 03:20:01 --------------------------


START 2022-07-03 03:30:01 --------------------------
live
총 0 개 데이타 이동
END   2022-07-03 03:30:01 --------------------------


START 2022-07-03 03:40:01 --------------------------
live
총 0 개 데이타 이동
END   2022-07-03 03:40:01 --------------------------


START 2022-07-03 03:50:01 --------------------------
live
총 0 개 데이타 이동
END   2022-07-03 03:50:01 --------------------------


START 2022-07-03 04:00:01 --------------------------
live
총 0 개 데이타 이동
END   2022-07-03 04:00:01 --------------------------


START 2022-07-03 04:10:01 --------------------------
live
총 0 개 데이타 이동
END   2022-07-03 04:10:01 --------------------------


START 2022-07-03 04:20:01 --------------------------
live
총 0 개 데이타 이동
END   2022-07-03 04:20:01 --------------------------


START 2022-07-03 04:30:01 --------------------------
live
총 0 개 데이타 이동
END   2022-07-03 04:30:01 --------------------------


START 2022-07-03 04:40:01 --------------------------
live
총 0 개 데이타 이동
END   2022-07-03 04:40:01 --------------------------


START 2022-07-03 04:50:01 --------------------------
live
총 0 개 데이타 이동
END   2022-07-03 04:50:01 --------------------------


START 2022-07-03 05:00:01 --------------------------
live
총 0 개 데이타 이동
END   2022-07-03 05:00:01 --------------------------


START 2022-07-03 05:10:01 --------------------------
live
총 0 개 데이타 이동
END   2022-07-03 05:10:01 --------------------------


START 2022-07-03 05:20:01 --------------------------
live
총 0 개 데이타 이동
END   2022-07-03 05:20:01 --------------------------


START 2022-07-03 05:30:01 --------------------------
live
총 0 개 데이타 이동
END   2022-07-03 05:30:01 --------------------------


START 2022-07-03 05:40:01 --------------------------
live
총 0 개 데이타 이동
END   2022-07-03 05:40:01 --------------------------


START 2022-07-03 05:50:01 --------------------------
live
총 0 개 데이타 이동
END   2022-07-03 05:50:01 --------------------------


START 2022-07-03 06:00:02 --------------------------
live
총 0 개 데이타 이동
END   2022-07-03 06:00:02 --------------------------


START 2022-07-03 06:10:01 --------------------------
live
총 0 개 데이타 이동
END   2022-07-03 06:10:01 --------------------------


START 2022-07-03 06:20:01 --------------------------
live
총 0 개 데이타 이동
END   2022-07-03 06:20:01 --------------------------


START 2022-07-03 06:30:02 --------------------------
live
총 0 개 데이타 이동
END   2022-07-03 06:30:02 --------------------------


START 2022-07-03 06:40:01 --------------------------
live
총 0 개 데이타 이동
END   2022-07-03 06:40:01 --------------------------


START 2022-07-03 06:50:01 --------------------------
live
총 0 개 데이타 이동
END   2022-07-03 06:50:01 --------------------------


START 2022-07-03 07:00:01 --------------------------
live
총 0 개 데이타 이동
END   2022-07-03 07:00:01 --------------------------


START 2022-07-03 07:10:01 --------------------------
live
총 0 개 데이타 이동
END   2022-07-03 07:10:01 --------------------------


START 2022-07-03 07:20:01 --------------------------
live
총 0 개 데이타 이동
END   2022-07-03 07:20:01 --------------------------


START 2022-07-03 07:30:01 --------------------------
live
총 0 개 데이타 이동
END   2022-07-03 07:30:01 --------------------------


START 2022-07-03 07:40:01 --------------------------
live
총 0 개 데이타 이동
END   2022-07-03 07:40:01 --------------------------


START 2022-07-03 07:50:01 --------------------------
live
총 0 개 데이타 이동
END   2022-07-03 07:50:01 --------------------------


START 2022-07-03 08:00:01 --------------------------
live
총 0 개 데이타 이동
END   2022-07-03 08:00:01 --------------------------


START 2022-07-03 08:10:01 --------------------------
live
총 0 개 데이타 이동
END   2022-07-03 08:10:01 --------------------------


START 2022-07-03 08:20:01 --------------------------
live
총 0 개 데이타 이동
END   2022-07-03 08:20:01 --------------------------


START 2022-07-03 08:30:01 --------------------------
live
총 0 개 데이타 이동
END   2022-07-03 08:30:01 --------------------------


START 2022-07-03 08:40:02 --------------------------
live
총 0 개 데이타 이동
END   2022-07-03 08:40:02 --------------------------


START 2022-07-03 08:50:01 --------------------------
live
총 0 개 데이타 이동
END   2022-07-03 08:50:01 --------------------------


START 2022-07-03 09:00:01 --------------------------
live
총 0 개 데이타 이동
END   2022-07-03 09:00:01 --------------------------


START 2022-07-03 09:10:01 --------------------------
live
총 0 개 데이타 이동
END   2022-07-03 09:10:01 --------------------------


START 2022-07-03 09:20:01 --------------------------
live
총 0 개 데이타 이동
END   2022-07-03 09:20:01 --------------------------


START 2022-07-03 09:30:01 --------------------------
live
총 0 개 데이타 이동
END   2022-07-03 09:30:01 --------------------------


START 2022-07-03 09:40:01 --------------------------
live
총 0 개 데이타 이동
END   2022-07-03 09:40:01 --------------------------


START 2022-07-03 09:50:02 --------------------------
live
총 0 개 데이타 이동
END   2022-07-03 09:50:02 --------------------------


START 2022-07-03 10:00:01 --------------------------
live
총 0 개 데이타 이동
END   2022-07-03 10:00:01 --------------------------


START 2022-07-03 10:10:01 --------------------------
live
총 0 개 데이타 이동
END   2022-07-03 10:10:01 --------------------------


START 2022-07-03 10:20:01 --------------------------
live
총 0 개 데이타 이동
END   2022-07-03 10:20:01 --------------------------


START 2022-07-03 10:30:01 --------------------------
live
총 0 개 데이타 이동
END   2022-07-03 10:30:01 --------------------------


START 2022-07-03 10:40:01 --------------------------
live
총 0 개 데이타 이동
END   2022-07-03 10:40:01 --------------------------


START 2022-07-03 10:50:01 --------------------------
live
총 0 개 데이타 이동
END   2022-07-03 10:50:01 --------------------------


START 2022-07-03 11:00:01 --------------------------
live
총 0 개 데이타 이동
END   2022-07-03 11:00:01 --------------------------


START 2022-07-03 11:10:01 --------------------------
live
총 0 개 데이타 이동
END   2022-07-03 11:10:01 --------------------------


START 2022-07-03 11:20:01 --------------------------
live
총 0 개 데이타 이동
END   2022-07-03 11:20:01 --------------------------


START 2022-07-03 11:30:01 --------------------------
live
총 0 개 데이타 이동
END   2022-07-03 11:30:01 --------------------------


START 2022-07-03 11:40:01 --------------------------
live
총 0 개 데이타 이동
END   2022-07-03 11:40:01 --------------------------


START 2022-07-03 11:50:01 --------------------------
live
2 개의 삭제대상 레코드 발견
delete from cf_Msg_Tran where moved='Y' and Send_Time < now() - interval 30 DAY
2 개 삭제

총 0 개 데이타 이동
END   2022-07-03 11:50:01 --------------------------


START 2022-07-03 12:00:01 --------------------------
live
총 0 개 데이타 이동
END   2022-07-03 12:00:01 --------------------------


START 2022-07-03 12:10:01 --------------------------
live
총 0 개 데이타 이동
END   2022-07-03 12:10:01 --------------------------


START 2022-07-03 12:20:01 --------------------------
live
총 0 개 데이타 이동
END   2022-07-03 12:20:01 --------------------------


START 2022-07-03 12:30:01 --------------------------
live
총 0 개 데이타 이동
END   2022-07-03 12:30:01 --------------------------


START 2022-07-03 12:40:01 --------------------------
live
총 0 개 데이타 이동
END   2022-07-03 12:40:01 --------------------------


START 2022-07-03 12:50:01 --------------------------
live
총 0 개 데이타 이동
END   2022-07-03 12:50:01 --------------------------


START 2022-07-03 13:00:01 --------------------------
live
총 0 개 데이타 이동
END   2022-07-03 13:00:01 --------------------------


START 2022-07-03 13:10:01 --------------------------
live
총 0 개 데이타 이동
END   2022-07-03 13:10:01 --------------------------


START 2022-07-03 13:20:01 --------------------------
live
총 0 개 데이타 이동
END   2022-07-03 13:20:01 --------------------------


START 2022-07-03 13:30:01 --------------------------
live
총 0 개 데이타 이동
END   2022-07-03 13:30:01 --------------------------


START 2022-07-03 13:40:01 --------------------------
live
총 0 개 데이타 이동
END   2022-07-03 13:40:01 --------------------------


START 2022-07-03 13:50:01 --------------------------
live
총 0 개 데이타 이동
END   2022-07-03 13:50:01 --------------------------


START 2022-07-03 14:00:01 --------------------------
live
총 0 개 데이타 이동
END   2022-07-03 14:00:01 --------------------------


START 2022-07-03 14:10:01 --------------------------
live
총 0 개 데이타 이동
END   2022-07-03 14:10:01 --------------------------


START 2022-07-03 14:20:01 --------------------------
live
총 0 개 데이타 이동
END   2022-07-03 14:20:01 --------------------------


START 2022-07-03 14:30:01 --------------------------
live
총 0 개 데이타 이동
END   2022-07-03 14:30:01 --------------------------


START 2022-07-03 14:40:02 --------------------------
live
총 0 개 데이타 이동
END   2022-07-03 14:40:02 --------------------------


START 2022-07-03 14:50:01 --------------------------
live
총 0 개 데이타 이동
END   2022-07-03 14:50:01 --------------------------


START 2022-07-03 15:00:01 --------------------------
live
총 0 개 데이타 이동
END   2022-07-03 15:00:01 --------------------------


START 2022-07-03 15:10:01 --------------------------
live
총 0 개 데이타 이동
END   2022-07-03 15:10:01 --------------------------


START 2022-07-03 15:20:01 --------------------------
live
총 0 개 데이타 이동
END   2022-07-03 15:20:01 --------------------------


START 2022-07-03 15:30:01 --------------------------
live
총 0 개 데이타 이동
END   2022-07-03 15:30:01 --------------------------


START 2022-07-03 15:40:01 --------------------------
live
총 0 개 데이타 이동
END   2022-07-03 15:40:01 --------------------------


START 2022-07-03 15:50:01 --------------------------
live
총 0 개 데이타 이동
END   2022-07-03 15:50:01 --------------------------


START 2022-07-03 16:00:01 --------------------------
live
1 개의 삭제대상 레코드 발견
delete from cf_Msg_Tran where moved='Y' and Send_Time < now() - interval 30 DAY
1 개 삭제

총 0 개 데이타 이동
END   2022-07-03 16:00:01 --------------------------


START 2022-07-03 16:10:01 --------------------------
live
총 0 개 데이타 이동
END   2022-07-03 16:10:01 --------------------------


START 2022-07-03 16:20:01 --------------------------
live
총 0 개 데이타 이동
END   2022-07-03 16:20:01 --------------------------


START 2022-07-03 16:30:01 --------------------------
live
총 0 개 데이타 이동
END   2022-07-03 16:30:01 --------------------------


START 2022-07-03 16:40:01 --------------------------
live
총 0 개 데이타 이동
END   2022-07-03 16:40:01 --------------------------


START 2022-07-03 16:50:01 --------------------------
live
총 0 개 데이타 이동
END   2022-07-03 16:50:01 --------------------------


START 2022-07-03 17:00:01 --------------------------
live
총 0 개 데이타 이동
END   2022-07-03 17:00:01 --------------------------


START 2022-07-03 17:10:01 --------------------------
live
총 0 개 데이타 이동
END   2022-07-03 17:10:01 --------------------------


START 2022-07-03 17:20:01 --------------------------
live
총 0 개 데이타 이동
END   2022-07-03 17:20:01 --------------------------


START 2022-07-03 17:30:01 --------------------------
live
총 0 개 데이타 이동
END   2022-07-03 17:30:01 --------------------------


START 2022-07-03 17:40:01 --------------------------
live
1 개의 삭제대상 레코드 발견
delete from cf_Msg_Tran where moved='Y' and Send_Time < now() - interval 30 DAY
1 개 삭제

총 0 개 데이타 이동
END   2022-07-03 17:40:01 --------------------------


START 2022-07-03 17:50:01 --------------------------
live
2 개의 삭제대상 레코드 발견
delete from cf_Msg_Tran where moved='Y' and Send_Time < now() - interval 30 DAY
2 개 삭제

총 0 개 데이타 이동
END   2022-07-03 17:50:01 --------------------------


START 2022-07-03 18:00:01 --------------------------
live
총 0 개 데이타 이동
END   2022-07-03 18:00:01 --------------------------


START 2022-07-03 18:10:01 --------------------------
live
총 0 개 데이타 이동
END   2022-07-03 18:10:01 --------------------------


START 2022-07-03 18:20:01 --------------------------
live
총 0 개 데이타 이동
END   2022-07-03 18:20:01 --------------------------


START 2022-07-03 18:30:01 --------------------------
live
총 0 개 데이타 이동
END   2022-07-03 18:30:01 --------------------------


START 2022-07-03 18:40:01 --------------------------
live
총 0 개 데이타 이동
END   2022-07-03 18:40:01 --------------------------


START 2022-07-03 18:50:01 --------------------------
live
총 0 개 데이타 이동
END   2022-07-03 18:50:01 --------------------------


START 2022-07-03 19:00:01 --------------------------
live
총 0 개 데이타 이동
END   2022-07-03 19:00:01 --------------------------


START 2022-07-03 19:10:01 --------------------------
live
총 0 개 데이타 이동
END   2022-07-03 19:10:01 --------------------------


START 2022-07-03 19:20:01 --------------------------
live
총 0 개 데이타 이동
END   2022-07-03 19:20:01 --------------------------


START 2022-07-03 19:30:01 --------------------------
live
총 0 개 데이타 이동
END   2022-07-03 19:30:01 --------------------------


START 2022-07-03 19:40:01 --------------------------
live
총 0 개 데이타 이동
END   2022-07-03 19:40:01 --------------------------


START 2022-07-03 19:50:01 --------------------------
live
총 0 개 데이타 이동
END   2022-07-03 19:50:01 --------------------------


START 2022-07-03 20:00:01 --------------------------
live
총 0 개 데이타 이동
END   2022-07-03 20:00:01 --------------------------


START 2022-07-03 20:10:01 --------------------------
live
총 0 개 데이타 이동
END   2022-07-03 20:10:01 --------------------------


START 2022-07-03 20:20:01 --------------------------
live
총 0 개 데이타 이동
END   2022-07-03 20:20:01 --------------------------


START 2022-07-03 20:30:01 --------------------------
live
총 0 개 데이타 이동
END   2022-07-03 20:30:01 --------------------------


START 2022-07-03 20:40:01 --------------------------
live
총 0 개 데이타 이동
END   2022-07-03 20:40:01 --------------------------


START 2022-07-03 20:50:01 --------------------------
live
총 0 개 데이타 이동
END   2022-07-03 20:50:01 --------------------------


START 2022-07-03 21:00:01 --------------------------
live
총 0 개 데이타 이동
END   2022-07-03 21:00:01 --------------------------


START 2022-07-03 21:10:01 --------------------------
live
총 0 개 데이타 이동
END   2022-07-03 21:10:01 --------------------------


START 2022-07-03 21:20:01 --------------------------
live
총 0 개 데이타 이동
END   2022-07-03 21:20:01 --------------------------


START 2022-07-03 21:30:01 --------------------------
live
총 0 개 데이타 이동
END   2022-07-03 21:30:01 --------------------------


START 2022-07-03 21:40:01 --------------------------
live
총 0 개 데이타 이동
END   2022-07-03 21:40:01 --------------------------


START 2022-07-03 21:50:01 --------------------------
live
총 0 개 데이타 이동
END   2022-07-03 21:50:01 --------------------------


START 2022-07-03 22:00:01 --------------------------
live
총 0 개 데이타 이동
END   2022-07-03 22:00:01 --------------------------


START 2022-07-03 22:10:01 --------------------------
live
총 0 개 데이타 이동
END   2022-07-03 22:10:01 --------------------------


START 2022-07-03 22:20:01 --------------------------
live
총 0 개 데이타 이동
END   2022-07-03 22:20:01 --------------------------


START 2022-07-03 22:30:01 --------------------------
live
총 0 개 데이타 이동
END   2022-07-03 22:30:01 --------------------------


START 2022-07-03 22:40:01 --------------------------
live
총 0 개 데이타 이동
END   2022-07-03 22:40:01 --------------------------


START 2022-07-03 22:50:01 --------------------------
live
총 0 개 데이타 이동
END   2022-07-03 22:50:01 --------------------------


START 2022-07-03 23:00:01 --------------------------
live
총 0 개 데이타 이동
END   2022-07-03 23:00:01 --------------------------


START 2022-07-03 23:10:01 --------------------------
live
총 0 개 데이타 이동
END   2022-07-03 23:10:01 --------------------------


START 2022-07-03 23:20:02 --------------------------
live
총 0 개 데이타 이동
END   2022-07-03 23:20:02 --------------------------


START 2022-07-03 23:30:01 --------------------------
live
총 0 개 데이타 이동
END   2022-07-03 23:30:01 --------------------------


START 2022-07-03 23:40:01 --------------------------
live
총 0 개 데이타 이동
END   2022-07-03 23:40:01 --------------------------


START 2022-07-03 23:50:01 --------------------------
live
총 0 개 데이타 이동
END   2022-07-03 23:50:01 --------------------------


