START 2022-11-06 00:00:01 --------------------------
live
총 0 개 데이타 이동
END   2022-11-06 00:00:01 --------------------------


START 2022-11-06 00:10:01 --------------------------
live
총 0 개 데이타 이동
END   2022-11-06 00:10:01 --------------------------


START 2022-11-06 00:20:01 --------------------------
live
총 0 개 데이타 이동
END   2022-11-06 00:20:01 --------------------------


START 2022-11-06 00:30:01 --------------------------
live
총 0 개 데이타 이동
END   2022-11-06 00:30:01 --------------------------


START 2022-11-06 00:40:01 --------------------------
live
총 0 개 데이타 이동
END   2022-11-06 00:40:01 --------------------------


START 2022-11-06 00:50:01 --------------------------
live
총 0 개 데이타 이동
END   2022-11-06 00:50:01 --------------------------


START 2022-11-06 01:00:01 --------------------------
live
총 0 개 데이타 이동
END   2022-11-06 01:00:01 --------------------------


START 2022-11-06 01:10:02 --------------------------
live
총 0 개 데이타 이동
END   2022-11-06 01:10:03 --------------------------


START 2022-11-06 01:20:01 --------------------------
live
총 0 개 데이타 이동
END   2022-11-06 01:20:01 --------------------------


START 2022-11-06 01:30:01 --------------------------
live
총 0 개 데이타 이동
END   2022-11-06 01:30:01 --------------------------


START 2022-11-06 01:40:01 --------------------------
live
총 0 개 데이타 이동
END   2022-11-06 01:40:01 --------------------------


START 2022-11-06 01:50:01 --------------------------
live
총 0 개 데이타 이동
END   2022-11-06 01:50:01 --------------------------


START 2022-11-06 02:00:01 --------------------------
live
총 0 개 데이타 이동
END   2022-11-06 02:00:01 --------------------------


START 2022-11-06 02:10:02 --------------------------
live
총 0 개 데이타 이동
END   2022-11-06 02:10:02 --------------------------


START 2022-11-06 02:20:01 --------------------------
live
총 0 개 데이타 이동
END   2022-11-06 02:20:01 --------------------------


START 2022-11-06 02:30:01 --------------------------
live
총 0 개 데이타 이동
END   2022-11-06 02:30:01 --------------------------


START 2022-11-06 02:40:01 --------------------------
live
총 0 개 데이타 이동
END   2022-11-06 02:40:01 --------------------------


START 2022-11-06 02:50:01 --------------------------
live
총 0 개 데이타 이동
END   2022-11-06 02:50:01 --------------------------


START 2022-11-06 03:00:01 --------------------------
live
총 0 개 데이타 이동
END   2022-11-06 03:00:01 --------------------------


START 2022-11-06 03:10:01 --------------------------
live
총 0 개 데이타 이동
END   2022-11-06 03:10:01 --------------------------


START 2022-11-06 03:20:01 --------------------------
live
총 0 개 데이타 이동
END   2022-11-06 03:20:01 --------------------------


START 2022-11-06 03:30:01 --------------------------
live
총 0 개 데이타 이동
END   2022-11-06 03:30:01 --------------------------


START 2022-11-06 03:40:01 --------------------------
live
총 0 개 데이타 이동
END   2022-11-06 03:40:01 --------------------------


START 2022-11-06 03:50:01 --------------------------
live
총 0 개 데이타 이동
END   2022-11-06 03:50:01 --------------------------


START 2022-11-06 04:00:01 --------------------------
live
총 0 개 데이타 이동
END   2022-11-06 04:00:01 --------------------------


START 2022-11-06 04:10:01 --------------------------
live
총 0 개 데이타 이동
END   2022-11-06 04:10:01 --------------------------


START 2022-11-06 04:20:01 --------------------------
live
총 0 개 데이타 이동
END   2022-11-06 04:20:01 --------------------------


START 2022-11-06 04:30:01 --------------------------
live
총 0 개 데이타 이동
END   2022-11-06 04:30:01 --------------------------


START 2022-11-06 04:40:01 --------------------------
live
총 0 개 데이타 이동
END   2022-11-06 04:40:01 --------------------------


START 2022-11-06 04:50:01 --------------------------
live
총 0 개 데이타 이동
END   2022-11-06 04:50:01 --------------------------


START 2022-11-06 05:00:01 --------------------------
live
총 0 개 데이타 이동
END   2022-11-06 05:00:01 --------------------------


START 2022-11-06 05:10:01 --------------------------
live
총 0 개 데이타 이동
END   2022-11-06 05:10:01 --------------------------


START 2022-11-06 05:20:01 --------------------------
live
총 0 개 데이타 이동
END   2022-11-06 05:20:01 --------------------------


START 2022-11-06 05:30:03 --------------------------
live
총 0 개 데이타 이동
END   2022-11-06 05:30:03 --------------------------


START 2022-11-06 05:40:01 --------------------------
live
총 0 개 데이타 이동
END   2022-11-06 05:40:01 --------------------------


START 2022-11-06 05:50:01 --------------------------
live
총 0 개 데이타 이동
END   2022-11-06 05:50:01 --------------------------


START 2022-11-06 06:00:01 --------------------------
live
총 0 개 데이타 이동
END   2022-11-06 06:00:01 --------------------------


START 2022-11-06 06:10:01 --------------------------
live
총 0 개 데이타 이동
END   2022-11-06 06:10:01 --------------------------


START 2022-11-06 06:20:01 --------------------------
live
총 0 개 데이타 이동
END   2022-11-06 06:20:01 --------------------------


START 2022-11-06 06:30:03 --------------------------
live
총 0 개 데이타 이동
END   2022-11-06 06:30:03 --------------------------


START 2022-11-06 06:40:01 --------------------------
live
총 0 개 데이타 이동
END   2022-11-06 06:40:01 --------------------------


START 2022-11-06 06:50:01 --------------------------
live
총 0 개 데이타 이동
END   2022-11-06 06:50:01 --------------------------


START 2022-11-06 07:00:01 --------------------------
live
총 0 개 데이타 이동
END   2022-11-06 07:00:01 --------------------------


START 2022-11-06 07:10:01 --------------------------
live
총 0 개 데이타 이동
END   2022-11-06 07:10:01 --------------------------


START 2022-11-06 07:20:01 --------------------------
live
총 0 개 데이타 이동
END   2022-11-06 07:20:01 --------------------------


START 2022-11-06 07:30:01 --------------------------
live
총 0 개 데이타 이동
END   2022-11-06 07:30:01 --------------------------


START 2022-11-06 07:40:02 --------------------------
live
총 0 개 데이타 이동
END   2022-11-06 07:40:02 --------------------------


START 2022-11-06 07:50:01 --------------------------
live
총 0 개 데이타 이동
END   2022-11-06 07:50:01 --------------------------


START 2022-11-06 08:00:01 --------------------------
live
총 0 개 데이타 이동
END   2022-11-06 08:00:01 --------------------------


START 2022-11-06 08:10:01 --------------------------
live
총 0 개 데이타 이동
END   2022-11-06 08:10:01 --------------------------


START 2022-11-06 08:20:02 --------------------------
live
총 0 개 데이타 이동
END   2022-11-06 08:20:02 --------------------------


START 2022-11-06 08:30:04 --------------------------
live
총 0 개 데이타 이동
END   2022-11-06 08:30:04 --------------------------


START 2022-11-06 08:40:01 --------------------------
live
총 0 개 데이타 이동
END   2022-11-06 08:40:01 --------------------------


START 2022-11-06 08:50:01 --------------------------
live
총 0 개 데이타 이동
END   2022-11-06 08:50:01 --------------------------


START 2022-11-06 09:00:01 --------------------------
live
총 0 개 데이타 이동
END   2022-11-06 09:00:01 --------------------------


START 2022-11-06 09:10:01 --------------------------
live
총 0 개 데이타 이동
END   2022-11-06 09:10:01 --------------------------


START 2022-11-06 09:20:01 --------------------------
live
총 0 개 데이타 이동
END   2022-11-06 09:20:01 --------------------------


START 2022-11-06 09:30:01 --------------------------
live
총 0 개 데이타 이동
END   2022-11-06 09:30:01 --------------------------


START 2022-11-06 09:40:04 --------------------------
live
총 0 개 데이타 이동
END   2022-11-06 09:40:04 --------------------------


START 2022-11-06 09:50:01 --------------------------
live
총 0 개 데이타 이동
END   2022-11-06 09:50:01 --------------------------


START 2022-11-06 10:00:02 --------------------------
live
총 0 개 데이타 이동
END   2022-11-06 10:00:02 --------------------------


START 2022-11-06 10:10:01 --------------------------
live
총 0 개 데이타 이동
END   2022-11-06 10:10:01 --------------------------


START 2022-11-06 10:20:01 --------------------------
live
총 0 개 데이타 이동
END   2022-11-06 10:20:01 --------------------------


START 2022-11-06 10:30:01 --------------------------
live
총 0 개 데이타 이동
END   2022-11-06 10:30:01 --------------------------


START 2022-11-06 10:40:04 --------------------------
live
3 개의 삭제대상 레코드 발견
delete from cf_Msg_Tran where moved='Y' and Send_Time < now() - interval 30 DAY
3 개 삭제

총 0 개 데이타 이동
END   2022-11-06 10:40:04 --------------------------


START 2022-11-06 10:50:01 --------------------------
live
총 0 개 데이타 이동
END   2022-11-06 10:50:01 --------------------------


START 2022-11-06 11:00:01 --------------------------
live
총 0 개 데이타 이동
END   2022-11-06 11:00:01 --------------------------


START 2022-11-06 11:10:01 --------------------------
live
총 0 개 데이타 이동
END   2022-11-06 11:10:01 --------------------------


START 2022-11-06 11:20:01 --------------------------
live
총 0 개 데이타 이동
END   2022-11-06 11:20:01 --------------------------


START 2022-11-06 11:30:02 --------------------------
live
총 0 개 데이타 이동
END   2022-11-06 11:30:02 --------------------------


START 2022-11-06 11:40:01 --------------------------
live
총 0 개 데이타 이동
END   2022-11-06 11:40:01 --------------------------


START 2022-11-06 11:50:01 --------------------------
live
총 0 개 데이타 이동
END   2022-11-06 11:50:01 --------------------------


START 2022-11-06 12:00:02 --------------------------
live
총 0 개 데이타 이동
END   2022-11-06 12:00:02 --------------------------


START 2022-11-06 12:10:01 --------------------------
live
총 0 개 데이타 이동
END   2022-11-06 12:10:01 --------------------------


START 2022-11-06 12:20:01 --------------------------
live
총 0 개 데이타 이동
END   2022-11-06 12:20:01 --------------------------


START 2022-11-06 12:30:01 --------------------------
live
총 0 개 데이타 이동
END   2022-11-06 12:30:01 --------------------------


START 2022-11-06 12:40:01 --------------------------
live
총 0 개 데이타 이동
END   2022-11-06 12:40:01 --------------------------


START 2022-11-06 12:50:03 --------------------------
live
총 0 개 데이타 이동
END   2022-11-06 12:50:03 --------------------------


START 2022-11-06 13:00:01 --------------------------
live
총 0 개 데이타 이동
END   2022-11-06 13:00:01 --------------------------


START 2022-11-06 13:10:02 --------------------------
live
총 0 개 데이타 이동
END   2022-11-06 13:10:02 --------------------------


START 2022-11-06 13:20:01 --------------------------
live
13 개의 삭제대상 레코드 발견
delete from cf_Msg_Tran where moved='Y' and Send_Time < now() - interval 30 DAY
13 개 삭제

총 0 개 데이타 이동
END   2022-11-06 13:20:01 --------------------------


START 2022-11-06 13:30:01 --------------------------
live
총 0 개 데이타 이동
END   2022-11-06 13:30:01 --------------------------


START 2022-11-06 13:40:01 --------------------------
live
총 0 개 데이타 이동
END   2022-11-06 13:40:01 --------------------------


START 2022-11-06 13:50:04 --------------------------
live
총 0 개 데이타 이동
END   2022-11-06 13:50:04 --------------------------


START 2022-11-06 14:00:01 --------------------------
live
총 0 개 데이타 이동
END   2022-11-06 14:00:01 --------------------------


START 2022-11-06 14:10:01 --------------------------
live
총 0 개 데이타 이동
END   2022-11-06 14:10:01 --------------------------


START 2022-11-06 14:20:01 --------------------------
live
총 0 개 데이타 이동
END   2022-11-06 14:20:01 --------------------------


START 2022-11-06 14:30:01 --------------------------
live
총 0 개 데이타 이동
END   2022-11-06 14:30:01 --------------------------


START 2022-11-06 14:40:01 --------------------------
live
총 0 개 데이타 이동
END   2022-11-06 14:40:01 --------------------------


START 2022-11-06 14:50:04 --------------------------
live
총 0 개 데이타 이동
END   2022-11-06 14:50:04 --------------------------


START 2022-11-06 15:00:01 --------------------------
live
총 0 개 데이타 이동
END   2022-11-06 15:00:01 --------------------------


START 2022-11-06 15:10:02 --------------------------
live
총 0 개 데이타 이동
END   2022-11-06 15:10:02 --------------------------


START 2022-11-06 15:20:01 --------------------------
live
총 0 개 데이타 이동
END   2022-11-06 15:20:01 --------------------------


START 2022-11-06 15:30:01 --------------------------
live
총 0 개 데이타 이동
END   2022-11-06 15:30:01 --------------------------


START 2022-11-06 15:40:01 --------------------------
live
총 0 개 데이타 이동
END   2022-11-06 15:40:01 --------------------------


START 2022-11-06 15:50:01 --------------------------
live
총 0 개 데이타 이동
END   2022-11-06 15:50:01 --------------------------


START 2022-11-06 16:00:03 --------------------------
live
총 0 개 데이타 이동
END   2022-11-06 16:00:03 --------------------------


START 2022-11-06 16:10:01 --------------------------
live
총 0 개 데이타 이동
END   2022-11-06 16:10:01 --------------------------


START 2022-11-06 16:20:01 --------------------------
live
총 0 개 데이타 이동
END   2022-11-06 16:20:01 --------------------------


START 2022-11-06 16:30:01 --------------------------
live
총 0 개 데이타 이동
END   2022-11-06 16:30:01 --------------------------


START 2022-11-06 16:40:01 --------------------------
live
총 0 개 데이타 이동
END   2022-11-06 16:40:01 --------------------------


START 2022-11-06 16:50:01 --------------------------
live
총 0 개 데이타 이동
END   2022-11-06 16:50:01 --------------------------


START 2022-11-06 17:00:01 --------------------------
live
총 0 개 데이타 이동
END   2022-11-06 17:00:01 --------------------------


START 2022-11-06 17:10:01 --------------------------
live
총 0 개 데이타 이동
END   2022-11-06 17:10:01 --------------------------


START 2022-11-06 17:20:01 --------------------------
live
총 0 개 데이타 이동
END   2022-11-06 17:20:01 --------------------------


START 2022-11-06 17:30:01 --------------------------
live
총 0 개 데이타 이동
END   2022-11-06 17:30:01 --------------------------


START 2022-11-06 17:40:01 --------------------------
live
총 0 개 데이타 이동
END   2022-11-06 17:40:01 --------------------------


START 2022-11-06 17:50:01 --------------------------
live
총 0 개 데이타 이동
END   2022-11-06 17:50:01 --------------------------


START 2022-11-06 18:00:01 --------------------------
live
총 0 개 데이타 이동
END   2022-11-06 18:00:01 --------------------------


START 2022-11-06 18:10:01 --------------------------
live
총 0 개 데이타 이동
END   2022-11-06 18:10:01 --------------------------


START 2022-11-06 18:20:01 --------------------------
live
총 0 개 데이타 이동
END   2022-11-06 18:20:01 --------------------------


START 2022-11-06 18:30:01 --------------------------
live
총 0 개 데이타 이동
END   2022-11-06 18:30:01 --------------------------


START 2022-11-06 18:40:01 --------------------------
live
총 0 개 데이타 이동
END   2022-11-06 18:40:01 --------------------------


START 2022-11-06 18:50:01 --------------------------
live
총 0 개 데이타 이동
END   2022-11-06 18:50:01 --------------------------


START 2022-11-06 19:00:01 --------------------------
live
총 0 개 데이타 이동
END   2022-11-06 19:00:01 --------------------------


START 2022-11-06 19:10:01 --------------------------
live
총 0 개 데이타 이동
END   2022-11-06 19:10:01 --------------------------


START 2022-11-06 19:20:01 --------------------------
live
총 0 개 데이타 이동
END   2022-11-06 19:20:01 --------------------------


START 2022-11-06 19:30:01 --------------------------
live
총 0 개 데이타 이동
END   2022-11-06 19:30:01 --------------------------


START 2022-11-06 19:40:01 --------------------------
live
총 0 개 데이타 이동
END   2022-11-06 19:40:01 --------------------------


START 2022-11-06 19:50:01 --------------------------
live
총 0 개 데이타 이동
END   2022-11-06 19:50:01 --------------------------


START 2022-11-06 20:00:01 --------------------------
live
총 0 개 데이타 이동
END   2022-11-06 20:00:01 --------------------------


START 2022-11-06 20:10:01 --------------------------
live
총 0 개 데이타 이동
END   2022-11-06 20:10:01 --------------------------


START 2022-11-06 20:20:04 --------------------------
live
총 0 개 데이타 이동
END   2022-11-06 20:20:04 --------------------------


START 2022-11-06 20:30:01 --------------------------
live
총 0 개 데이타 이동
END   2022-11-06 20:30:01 --------------------------


START 2022-11-06 20:40:01 --------------------------
live
총 0 개 데이타 이동
END   2022-11-06 20:40:01 --------------------------


START 2022-11-06 20:50:01 --------------------------
live
총 0 개 데이타 이동
END   2022-11-06 20:50:01 --------------------------


START 2022-11-06 21:00:01 --------------------------
live
총 0 개 데이타 이동
END   2022-11-06 21:00:01 --------------------------


START 2022-11-06 21:10:01 --------------------------
live
총 0 개 데이타 이동
END   2022-11-06 21:10:01 --------------------------


START 2022-11-06 21:20:01 --------------------------
live
총 0 개 데이타 이동
END   2022-11-06 21:20:01 --------------------------


START 2022-11-06 21:30:01 --------------------------
live
총 0 개 데이타 이동
END   2022-11-06 21:30:01 --------------------------


START 2022-11-06 21:40:01 --------------------------
live
총 0 개 데이타 이동
END   2022-11-06 21:40:01 --------------------------


START 2022-11-06 21:50:04 --------------------------
live
총 0 개 데이타 이동
END   2022-11-06 21:50:04 --------------------------


START 2022-11-06 22:00:01 --------------------------
live
총 0 개 데이타 이동
END   2022-11-06 22:00:01 --------------------------


START 2022-11-06 22:10:01 --------------------------
live
총 0 개 데이타 이동
END   2022-11-06 22:10:01 --------------------------


START 2022-11-06 22:20:01 --------------------------
live
총 0 개 데이타 이동
END   2022-11-06 22:20:01 --------------------------


START 2022-11-06 22:30:01 --------------------------
live
총 0 개 데이타 이동
END   2022-11-06 22:30:01 --------------------------


START 2022-11-06 22:40:01 --------------------------
live
총 0 개 데이타 이동
END   2022-11-06 22:40:01 --------------------------


START 2022-11-06 22:50:03 --------------------------
live
총 0 개 데이타 이동
END   2022-11-06 22:50:03 --------------------------


START 2022-11-06 23:00:01 --------------------------
live
총 0 개 데이타 이동
END   2022-11-06 23:00:01 --------------------------


START 2022-11-06 23:10:01 --------------------------
live
총 0 개 데이타 이동
END   2022-11-06 23:10:01 --------------------------


START 2022-11-06 23:20:01 --------------------------
live
총 0 개 데이타 이동
END   2022-11-06 23:20:01 --------------------------


START 2022-11-06 23:30:01 --------------------------
live
총 0 개 데이타 이동
END   2022-11-06 23:30:01 --------------------------


START 2022-11-06 23:40:01 --------------------------
live
총 0 개 데이타 이동
END   2022-11-06 23:40:01 --------------------------


START 2022-11-06 23:50:03 --------------------------
live
총 0 개 데이타 이동
END   2022-11-06 23:50:03 --------------------------


