START 2022-05-19 00:00:02 --------------------------
live
총 0 개 데이타 이동
END   2022-05-19 00:00:02 --------------------------


START 2022-05-19 00:10:02 --------------------------
live
총 0 개 데이타 이동
END   2022-05-19 00:10:02 --------------------------


START 2022-05-19 00:20:01 --------------------------
live
총 0 개 데이타 이동
END   2022-05-19 00:20:01 --------------------------


START 2022-05-19 00:30:01 --------------------------
live
총 0 개 데이타 이동
END   2022-05-19 00:30:01 --------------------------


START 2022-05-19 00:40:01 --------------------------
live
총 0 개 데이타 이동
END   2022-05-19 00:40:01 --------------------------


START 2022-05-19 00:50:02 --------------------------
live
총 0 개 데이타 이동
END   2022-05-19 00:50:02 --------------------------


START 2022-05-19 01:00:01 --------------------------
live
총 0 개 데이타 이동
END   2022-05-19 01:00:02 --------------------------


START 2022-05-19 01:10:01 --------------------------
live
총 0 개 데이타 이동
END   2022-05-19 01:10:01 --------------------------


START 2022-05-19 01:20:02 --------------------------
live
총 0 개 데이타 이동
END   2022-05-19 01:20:02 --------------------------


START 2022-05-19 01:30:01 --------------------------
live
총 0 개 데이타 이동
END   2022-05-19 01:30:01 --------------------------


START 2022-05-19 01:40:02 --------------------------
live
총 0 개 데이타 이동
END   2022-05-19 01:40:02 --------------------------


START 2022-05-19 01:50:02 --------------------------
live
총 0 개 데이타 이동
END   2022-05-19 01:50:02 --------------------------


START 2022-05-19 02:00:01 --------------------------
live
총 0 개 데이타 이동
END   2022-05-19 02:00:01 --------------------------


START 2022-05-19 02:10:01 --------------------------
live
총 0 개 데이타 이동
END   2022-05-19 02:10:01 --------------------------


START 2022-05-19 02:20:02 --------------------------
live
총 0 개 데이타 이동
END   2022-05-19 02:20:02 --------------------------


START 2022-05-19 02:30:01 --------------------------
live
총 0 개 데이타 이동
END   2022-05-19 02:30:01 --------------------------


START 2022-05-19 02:40:01 --------------------------
live
총 0 개 데이타 이동
END   2022-05-19 02:40:01 --------------------------


START 2022-05-19 02:50:01 --------------------------
live
총 0 개 데이타 이동
END   2022-05-19 02:50:01 --------------------------


START 2022-05-19 03:00:01 --------------------------
live
총 0 개 데이타 이동
END   2022-05-19 03:00:01 --------------------------


START 2022-05-19 03:10:01 --------------------------
live
총 0 개 데이타 이동
END   2022-05-19 03:10:01 --------------------------


START 2022-05-19 03:20:02 --------------------------
live
총 0 개 데이타 이동
END   2022-05-19 03:20:02 --------------------------


START 2022-05-19 03:30:01 --------------------------
live
총 0 개 데이타 이동
END   2022-05-19 03:30:01 --------------------------


START 2022-05-19 03:40:01 --------------------------
live
총 0 개 데이타 이동
END   2022-05-19 03:40:01 --------------------------


START 2022-05-19 03:50:02 --------------------------
live
총 0 개 데이타 이동
END   2022-05-19 03:50:02 --------------------------


START 2022-05-19 04:00:01 --------------------------
live
총 0 개 데이타 이동
END   2022-05-19 04:00:01 --------------------------


START 2022-05-19 04:10:01 --------------------------
live
총 0 개 데이타 이동
END   2022-05-19 04:10:01 --------------------------


START 2022-05-19 04:20:02 --------------------------
live
총 0 개 데이타 이동
END   2022-05-19 04:20:02 --------------------------


START 2022-05-19 04:30:01 --------------------------
live
총 0 개 데이타 이동
END   2022-05-19 04:30:01 --------------------------


START 2022-05-19 04:40:01 --------------------------
live
총 0 개 데이타 이동
END   2022-05-19 04:40:01 --------------------------


START 2022-05-19 04:50:01 --------------------------
live
총 0 개 데이타 이동
END   2022-05-19 04:50:01 --------------------------


START 2022-05-19 05:00:01 --------------------------
live
총 0 개 데이타 이동
END   2022-05-19 05:00:01 --------------------------


START 2022-05-19 05:10:01 --------------------------
live
총 0 개 데이타 이동
END   2022-05-19 05:10:01 --------------------------


START 2022-05-19 05:20:02 --------------------------
live
총 0 개 데이타 이동
END   2022-05-19 05:20:02 --------------------------


START 2022-05-19 05:30:01 --------------------------
live
총 0 개 데이타 이동
END   2022-05-19 05:30:01 --------------------------


START 2022-05-19 05:40:01 --------------------------
live
총 0 개 데이타 이동
END   2022-05-19 05:40:01 --------------------------


START 2022-05-19 05:50:01 --------------------------
live
총 0 개 데이타 이동
END   2022-05-19 05:50:01 --------------------------


START 2022-05-19 06:00:01 --------------------------
live
총 0 개 데이타 이동
END   2022-05-19 06:00:01 --------------------------


START 2022-05-19 06:10:01 --------------------------
live
총 0 개 데이타 이동
END   2022-05-19 06:10:01 --------------------------


START 2022-05-19 06:20:01 --------------------------
live
총 0 개 데이타 이동
END   2022-05-19 06:20:01 --------------------------


START 2022-05-19 06:30:02 --------------------------
live
총 0 개 데이타 이동
END   2022-05-19 06:30:02 --------------------------


START 2022-05-19 06:40:01 --------------------------
live
총 0 개 데이타 이동
END   2022-05-19 06:40:01 --------------------------


START 2022-05-19 06:50:01 --------------------------
live
총 0 개 데이타 이동
END   2022-05-19 06:50:01 --------------------------


START 2022-05-19 07:00:02 --------------------------
live
총 0 개 데이타 이동
END   2022-05-19 07:00:02 --------------------------


START 2022-05-19 07:10:01 --------------------------
live
총 0 개 데이타 이동
END   2022-05-19 07:10:01 --------------------------


START 2022-05-19 07:20:01 --------------------------
live
총 0 개 데이타 이동
END   2022-05-19 07:20:01 --------------------------


START 2022-05-19 07:30:01 --------------------------
live
총 0 개 데이타 이동
END   2022-05-19 07:30:01 --------------------------


START 2022-05-19 07:40:02 --------------------------
live
총 0 개 데이타 이동
END   2022-05-19 07:40:02 --------------------------


START 2022-05-19 07:50:02 --------------------------
live
총 0 개 데이타 이동
END   2022-05-19 07:50:02 --------------------------


START 2022-05-19 08:00:01 --------------------------
live
총 0 개 데이타 이동
END   2022-05-19 08:00:01 --------------------------


START 2022-05-19 08:10:02 --------------------------
live
총 0 개 데이타 이동
END   2022-05-19 08:10:02 --------------------------


START 2022-05-19 08:20:02 --------------------------
live
총 0 개 데이타 이동
END   2022-05-19 08:20:02 --------------------------


START 2022-05-19 08:30:02 --------------------------
live
총 0 개 데이타 이동
END   2022-05-19 08:30:02 --------------------------


START 2022-05-19 08:40:01 --------------------------
live
총 0 개 데이타 이동
END   2022-05-19 08:40:01 --------------------------


START 2022-05-19 08:50:02 --------------------------
live
총 0 개 데이타 이동
END   2022-05-19 08:50:02 --------------------------


START 2022-05-19 09:00:02 --------------------------
live
총 0 개 데이타 이동
END   2022-05-19 09:00:02 --------------------------


START 2022-05-19 09:10:01 --------------------------
live
총 0 개 데이타 이동
END   2022-05-19 09:10:01 --------------------------


START 2022-05-19 09:20:01 --------------------------
live
총 0 개 데이타 이동
END   2022-05-19 09:20:01 --------------------------


START 2022-05-19 09:30:01 --------------------------
live
총 0 개 데이타 이동
END   2022-05-19 09:30:01 --------------------------


START 2022-05-19 09:40:01 --------------------------
live
총 0 개 데이타 이동
END   2022-05-19 09:40:01 --------------------------


START 2022-05-19 09:50:02 --------------------------
live
총 0 개 데이타 이동
END   2022-05-19 09:50:02 --------------------------


START 2022-05-19 10:00:02 --------------------------
live
총 0 개 데이타 이동
END   2022-05-19 10:00:02 --------------------------


START 2022-05-19 10:10:01 --------------------------
live
총 0 개 데이타 이동
END   2022-05-19 10:10:01 --------------------------


START 2022-05-19 10:20:02 --------------------------
live
총 0 개 데이타 이동
END   2022-05-19 10:20:02 --------------------------


START 2022-05-19 10:30:01 --------------------------
live
총 0 개 데이타 이동
END   2022-05-19 10:30:01 --------------------------


START 2022-05-19 10:40:01 --------------------------
live
총 0 개 데이타 이동
END   2022-05-19 10:40:01 --------------------------


START 2022-05-19 10:50:01 --------------------------
live
총 0 개 데이타 이동
END   2022-05-19 10:50:02 --------------------------


START 2022-05-19 11:00:01 --------------------------
live
총 0 개 데이타 이동
END   2022-05-19 11:00:01 --------------------------


START 2022-05-19 11:10:01 --------------------------
live
총 0 개 데이타 이동
END   2022-05-19 11:10:01 --------------------------


START 2022-05-19 11:20:01 --------------------------
live
총 0 개 데이타 이동
END   2022-05-19 11:20:01 --------------------------


START 2022-05-19 11:30:01 --------------------------
live
총 0 개 데이타 이동
END   2022-05-19 11:30:01 --------------------------


START 2022-05-19 11:40:01 --------------------------
live
총 2 개 데이타 이동
데이타 이동 시작 *****
3106601 01024568888 -- 3106602 01088944740 -- 
END   2022-05-19 11:40:01 --------------------------


START 2022-05-19 11:50:01 --------------------------
live
총 0 개 데이타 이동
END   2022-05-19 11:50:01 --------------------------


START 2022-05-19 12:00:02 --------------------------
live
총 0 개 데이타 이동
END   2022-05-19 12:00:02 --------------------------


START 2022-05-19 12:10:01 --------------------------
live
총 0 개 데이타 이동
END   2022-05-19 12:10:01 --------------------------


START 2022-05-19 12:20:01 --------------------------
live
총 0 개 데이타 이동
END   2022-05-19 12:20:01 --------------------------


START 2022-05-19 12:30:01 --------------------------
live
총 0 개 데이타 이동
END   2022-05-19 12:30:01 --------------------------


START 2022-05-19 12:40:02 --------------------------
live
1 개의 삭제대상 레코드 발견
delete from cf_Msg_Tran where moved='Y' and Send_Time < now() - interval 30 DAY
1 개 삭제

총 0 개 데이타 이동
END   2022-05-19 12:40:02 --------------------------


START 2022-05-19 12:50:01 --------------------------
live
총 0 개 데이타 이동
END   2022-05-19 12:50:01 --------------------------


START 2022-05-19 13:00:01 --------------------------
live
총 0 개 데이타 이동
END   2022-05-19 13:00:01 --------------------------


START 2022-05-19 13:10:02 --------------------------
live
총 0 개 데이타 이동
END   2022-05-19 13:10:02 --------------------------


START 2022-05-19 13:20:02 --------------------------
live
총 0 개 데이타 이동
END   2022-05-19 13:20:02 --------------------------


START 2022-05-19 13:30:02 --------------------------
live
총 0 개 데이타 이동
END   2022-05-19 13:30:02 --------------------------


START 2022-05-19 13:40:01 --------------------------
live
총 0 개 데이타 이동
END   2022-05-19 13:40:01 --------------------------


START 2022-05-19 13:50:02 --------------------------
live
총 0 개 데이타 이동
END   2022-05-19 13:50:02 --------------------------


START 2022-05-19 14:00:01 --------------------------
live
총 0 개 데이타 이동
END   2022-05-19 14:00:01 --------------------------


START 2022-05-19 14:10:01 --------------------------
live
총 0 개 데이타 이동
END   2022-05-19 14:10:01 --------------------------


START 2022-05-19 14:20:02 --------------------------
live
총 0 개 데이타 이동
END   2022-05-19 14:20:02 --------------------------


START 2022-05-19 14:30:01 --------------------------
live
총 0 개 데이타 이동
END   2022-05-19 14:30:01 --------------------------


START 2022-05-19 14:40:02 --------------------------
live
총 0 개 데이타 이동
END   2022-05-19 14:40:02 --------------------------


START 2022-05-19 14:50:01 --------------------------
live
총 0 개 데이타 이동
END   2022-05-19 14:50:01 --------------------------


START 2022-05-19 15:00:01 --------------------------
live
총 0 개 데이타 이동
END   2022-05-19 15:00:01 --------------------------


START 2022-05-19 15:10:02 --------------------------
live
총 0 개 데이타 이동
END   2022-05-19 15:10:02 --------------------------


START 2022-05-19 15:20:02 --------------------------
live
총 0 개 데이타 이동
END   2022-05-19 15:20:02 --------------------------


START 2022-05-19 15:30:02 --------------------------
live
총 0 개 데이타 이동
END   2022-05-19 15:30:02 --------------------------


START 2022-05-19 15:40:01 --------------------------
live
총 0 개 데이타 이동
END   2022-05-19 15:40:01 --------------------------


START 2022-05-19 15:50:02 --------------------------
live
총 0 개 데이타 이동
END   2022-05-19 15:50:02 --------------------------


START 2022-05-19 16:00:02 --------------------------
live
총 0 개 데이타 이동
END   2022-05-19 16:00:02 --------------------------


START 2022-05-19 16:10:01 --------------------------
live
총 2 개 데이타 이동
데이타 이동 시작 *****
3106603 01024568888 -- 3106604 01088944740 -- 
END   2022-05-19 16:10:01 --------------------------


START 2022-05-19 16:20:01 --------------------------
live
총 0 개 데이타 이동
END   2022-05-19 16:20:01 --------------------------


START 2022-05-19 16:30:01 --------------------------
live
총 0 개 데이타 이동
END   2022-05-19 16:30:01 --------------------------


START 2022-05-19 16:40:01 --------------------------
live
총 0 개 데이타 이동
END   2022-05-19 16:40:01 --------------------------


START 2022-05-19 16:50:02 --------------------------
live
총 0 개 데이타 이동
END   2022-05-19 16:50:02 --------------------------


START 2022-05-19 17:00:02 --------------------------
live
총 0 개 데이타 이동
END   2022-05-19 17:00:02 --------------------------


START 2022-05-19 17:10:01 --------------------------
live
총 0 개 데이타 이동
END   2022-05-19 17:10:01 --------------------------


START 2022-05-19 17:20:02 --------------------------
live
총 0 개 데이타 이동
END   2022-05-19 17:20:02 --------------------------


START 2022-05-19 17:30:01 --------------------------
live
총 0 개 데이타 이동
END   2022-05-19 17:30:01 --------------------------


START 2022-05-19 17:40:01 --------------------------
live
총 0 개 데이타 이동
END   2022-05-19 17:40:01 --------------------------


START 2022-05-19 17:50:02 --------------------------
live
총 0 개 데이타 이동
END   2022-05-19 17:50:02 --------------------------


START 2022-05-19 18:00:01 --------------------------
live
총 0 개 데이타 이동
END   2022-05-19 18:00:01 --------------------------


START 2022-05-19 18:10:01 --------------------------
live
총 0 개 데이타 이동
END   2022-05-19 18:10:01 --------------------------


START 2022-05-19 18:20:02 --------------------------
live
총 0 개 데이타 이동
END   2022-05-19 18:20:02 --------------------------


START 2022-05-19 18:30:01 --------------------------
live
총 0 개 데이타 이동
END   2022-05-19 18:30:01 --------------------------


START 2022-05-19 18:40:01 --------------------------
live
총 0 개 데이타 이동
END   2022-05-19 18:40:01 --------------------------


START 2022-05-19 18:50:01 --------------------------
live
총 0 개 데이타 이동
END   2022-05-19 18:50:01 --------------------------


START 2022-05-19 19:00:02 --------------------------
live
총 0 개 데이타 이동
END   2022-05-19 19:00:02 --------------------------


START 2022-05-19 19:10:01 --------------------------
live
총 0 개 데이타 이동
END   2022-05-19 19:10:01 --------------------------


START 2022-05-19 19:20:02 --------------------------
live
총 0 개 데이타 이동
END   2022-05-19 19:20:02 --------------------------


START 2022-05-19 19:30:01 --------------------------
live
총 0 개 데이타 이동
END   2022-05-19 19:30:01 --------------------------


START 2022-05-19 19:40:01 --------------------------
live
총 0 개 데이타 이동
END   2022-05-19 19:40:01 --------------------------


START 2022-05-19 19:50:01 --------------------------
live
총 0 개 데이타 이동
END   2022-05-19 19:50:02 --------------------------


START 2022-05-19 20:00:02 --------------------------
live
총 0 개 데이타 이동
END   2022-05-19 20:00:02 --------------------------


START 2022-05-19 20:10:01 --------------------------
live
총 0 개 데이타 이동
END   2022-05-19 20:10:01 --------------------------


START 2022-05-19 20:20:01 --------------------------
live
총 0 개 데이타 이동
END   2022-05-19 20:20:01 --------------------------


START 2022-05-19 20:30:02 --------------------------
live
총 0 개 데이타 이동
END   2022-05-19 20:30:02 --------------------------


START 2022-05-19 20:40:02 --------------------------
live
총 0 개 데이타 이동
END   2022-05-19 20:40:02 --------------------------


START 2022-05-19 20:50:01 --------------------------
live
총 0 개 데이타 이동
END   2022-05-19 20:50:01 --------------------------


START 2022-05-19 21:00:01 --------------------------
live
총 0 개 데이타 이동
END   2022-05-19 21:00:01 --------------------------


START 2022-05-19 21:10:01 --------------------------
live
총 0 개 데이타 이동
END   2022-05-19 21:10:01 --------------------------


START 2022-05-19 21:20:01 --------------------------
live
총 0 개 데이타 이동
END   2022-05-19 21:20:01 --------------------------


START 2022-05-19 21:30:02 --------------------------
live
총 0 개 데이타 이동
END   2022-05-19 21:30:02 --------------------------


START 2022-05-19 21:40:02 --------------------------
live
총 0 개 데이타 이동
END   2022-05-19 21:40:02 --------------------------


START 2022-05-19 21:50:02 --------------------------
live
총 0 개 데이타 이동
END   2022-05-19 21:50:02 --------------------------


START 2022-05-19 22:00:01 --------------------------
live
총 0 개 데이타 이동
END   2022-05-19 22:00:01 --------------------------


START 2022-05-19 22:10:01 --------------------------
live
총 0 개 데이타 이동
END   2022-05-19 22:10:01 --------------------------


START 2022-05-19 22:20:01 --------------------------
live
총 0 개 데이타 이동
END   2022-05-19 22:20:01 --------------------------


START 2022-05-19 22:30:01 --------------------------
live
총 0 개 데이타 이동
END   2022-05-19 22:30:01 --------------------------


START 2022-05-19 22:40:01 --------------------------
live
총 0 개 데이타 이동
END   2022-05-19 22:40:01 --------------------------


START 2022-05-19 22:50:01 --------------------------
live
총 0 개 데이타 이동
END   2022-05-19 22:50:01 --------------------------


START 2022-05-19 23:00:01 --------------------------
live
총 0 개 데이타 이동
END   2022-05-19 23:00:01 --------------------------


START 2022-05-19 23:10:01 --------------------------
live
총 0 개 데이타 이동
END   2022-05-19 23:10:01 --------------------------


START 2022-05-19 23:20:01 --------------------------
live
총 0 개 데이타 이동
END   2022-05-19 23:20:01 --------------------------


START 2022-05-19 23:30:02 --------------------------
live
총 0 개 데이타 이동
END   2022-05-19 23:30:02 --------------------------


START 2022-05-19 23:40:02 --------------------------
live
총 0 개 데이타 이동
END   2022-05-19 23:40:02 --------------------------


START 2022-05-19 23:50:02 --------------------------
live
총 0 개 데이타 이동
END   2022-05-19 23:50:02 --------------------------


