START 2022-03-22 00:00:01 --------------------------
live
총 0 개 데이타 이동
END   2022-03-22 00:00:04 --------------------------


START 2022-03-22 00:10:01 --------------------------
live
총 0 개 데이타 이동
END   2022-03-22 00:10:04 --------------------------


START 2022-03-22 00:20:01 --------------------------
live
총 0 개 데이타 이동
END   2022-03-22 00:20:03 --------------------------


START 2022-03-22 00:30:01 --------------------------
live
총 0 개 데이타 이동
END   2022-03-22 00:30:03 --------------------------


START 2022-03-22 00:40:01 --------------------------
live
총 0 개 데이타 이동
END   2022-03-22 00:40:03 --------------------------


START 2022-03-22 00:50:01 --------------------------
live
총 0 개 데이타 이동
END   2022-03-22 00:50:03 --------------------------


START 2022-03-22 01:00:01 --------------------------
live
총 0 개 데이타 이동
END   2022-03-22 01:00:04 --------------------------


START 2022-03-22 01:10:02 --------------------------
live
총 0 개 데이타 이동
END   2022-03-22 01:10:04 --------------------------


START 2022-03-22 01:20:01 --------------------------
live
총 0 개 데이타 이동
END   2022-03-22 01:20:04 --------------------------


START 2022-03-22 01:30:01 --------------------------
live
총 0 개 데이타 이동
END   2022-03-22 01:30:03 --------------------------


START 2022-03-22 01:40:01 --------------------------
live
총 0 개 데이타 이동
END   2022-03-22 01:40:04 --------------------------


START 2022-03-22 01:50:01 --------------------------
live
총 0 개 데이타 이동
END   2022-03-22 01:50:03 --------------------------


START 2022-03-22 02:00:01 --------------------------
live
총 0 개 데이타 이동
END   2022-03-22 02:00:03 --------------------------


START 2022-03-22 02:10:01 --------------------------
live
총 0 개 데이타 이동
END   2022-03-22 02:10:03 --------------------------


START 2022-03-22 02:20:02 --------------------------
live
총 0 개 데이타 이동
END   2022-03-22 02:20:04 --------------------------


START 2022-03-22 02:30:02 --------------------------
live
총 0 개 데이타 이동
END   2022-03-22 02:30:04 --------------------------


START 2022-03-22 02:40:01 --------------------------
live
총 0 개 데이타 이동
END   2022-03-22 02:40:04 --------------------------


START 2022-03-22 02:50:01 --------------------------
live
총 0 개 데이타 이동
END   2022-03-22 02:50:03 --------------------------


START 2022-03-22 03:00:01 --------------------------
live
총 0 개 데이타 이동
END   2022-03-22 03:00:03 --------------------------


START 2022-03-22 03:10:01 --------------------------
live
총 0 개 데이타 이동
END   2022-03-22 03:10:03 --------------------------


START 2022-03-22 03:20:01 --------------------------
live
총 0 개 데이타 이동
END   2022-03-22 03:20:03 --------------------------


START 2022-03-22 03:30:02 --------------------------
live
총 0 개 데이타 이동
END   2022-03-22 03:30:04 --------------------------


START 2022-03-22 03:40:02 --------------------------
live
총 0 개 데이타 이동
END   2022-03-22 03:40:04 --------------------------


START 2022-03-22 03:50:01 --------------------------
live
총 0 개 데이타 이동
END   2022-03-22 03:50:04 --------------------------


START 2022-03-22 04:00:01 --------------------------
live
총 0 개 데이타 이동
END   2022-03-22 04:00:03 --------------------------


START 2022-03-22 04:10:01 --------------------------
live
총 0 개 데이타 이동
END   2022-03-22 04:10:04 --------------------------


START 2022-03-22 04:20:01 --------------------------
live
총 0 개 데이타 이동
END   2022-03-22 04:20:03 --------------------------


START 2022-03-22 04:30:01 --------------------------
live
총 0 개 데이타 이동
END   2022-03-22 04:30:03 --------------------------


START 2022-03-22 04:40:01 --------------------------
live
총 0 개 데이타 이동
END   2022-03-22 04:40:03 --------------------------


START 2022-03-22 04:50:02 --------------------------
live
총 0 개 데이타 이동
END   2022-03-22 04:50:04 --------------------------


START 2022-03-22 05:00:01 --------------------------
live
총 0 개 데이타 이동
END   2022-03-22 05:00:03 --------------------------


START 2022-03-22 05:10:01 --------------------------
live
총 0 개 데이타 이동
END   2022-03-22 05:10:03 --------------------------


START 2022-03-22 05:20:01 --------------------------
live
총 0 개 데이타 이동
END   2022-03-22 05:20:03 --------------------------


START 2022-03-22 05:30:01 --------------------------
live
총 0 개 데이타 이동
END   2022-03-22 05:30:03 --------------------------


START 2022-03-22 05:40:02 --------------------------
live
총 0 개 데이타 이동
END   2022-03-22 05:40:04 --------------------------


START 2022-03-22 05:50:01 --------------------------
live
총 0 개 데이타 이동
END   2022-03-22 05:50:04 --------------------------


START 2022-03-22 06:00:01 --------------------------
live
총 0 개 데이타 이동
END   2022-03-22 06:00:03 --------------------------


START 2022-03-22 06:10:01 --------------------------
live
총 0 개 데이타 이동
END   2022-03-22 06:10:03 --------------------------


START 2022-03-22 06:20:01 --------------------------
live
총 0 개 데이타 이동
END   2022-03-22 06:20:03 --------------------------


START 2022-03-22 06:30:01 --------------------------
live
총 0 개 데이타 이동
END   2022-03-22 06:30:03 --------------------------


START 2022-03-22 06:40:01 --------------------------
live
총 0 개 데이타 이동
END   2022-03-22 06:40:03 --------------------------


START 2022-03-22 06:50:02 --------------------------
live
총 0 개 데이타 이동
END   2022-03-22 06:50:04 --------------------------


START 2022-03-22 07:00:02 --------------------------
live
총 0 개 데이타 이동
END   2022-03-22 07:00:04 --------------------------


START 2022-03-22 07:10:01 --------------------------
live
총 0 개 데이타 이동
END   2022-03-22 07:10:03 --------------------------


START 2022-03-22 07:20:02 --------------------------
live
총 0 개 데이타 이동
END   2022-03-22 07:20:04 --------------------------


START 2022-03-22 07:30:02 --------------------------
live
총 0 개 데이타 이동
END   2022-03-22 07:30:04 --------------------------


START 2022-03-22 07:40:02 --------------------------
live
총 0 개 데이타 이동
END   2022-03-22 07:40:04 --------------------------


START 2022-03-22 07:50:02 --------------------------
live
총 0 개 데이타 이동
END   2022-03-22 07:50:04 --------------------------


START 2022-03-22 08:00:02 --------------------------
live
총 0 개 데이타 이동
END   2022-03-22 08:00:04 --------------------------


START 2022-03-22 08:10:02 --------------------------
live
총 0 개 데이타 이동
END   2022-03-22 08:10:04 --------------------------


START 2022-03-22 08:20:01 --------------------------
live
총 0 개 데이타 이동
END   2022-03-22 08:20:03 --------------------------


START 2022-03-22 08:30:01 --------------------------
live
총 0 개 데이타 이동
END   2022-03-22 08:30:04 --------------------------


START 2022-03-22 08:40:01 --------------------------
live
총 0 개 데이타 이동
END   2022-03-22 08:40:04 --------------------------


START 2022-03-22 08:50:01 --------------------------
live
총 0 개 데이타 이동
END   2022-03-22 08:50:04 --------------------------


START 2022-03-22 09:00:01 --------------------------
live
총 0 개 데이타 이동
END   2022-03-22 09:00:04 --------------------------


START 2022-03-22 09:10:01 --------------------------
live
총 0 개 데이타 이동
END   2022-03-22 09:10:04 --------------------------


START 2022-03-22 09:20:01 --------------------------
live
총 0 개 데이타 이동
END   2022-03-22 09:20:04 --------------------------


START 2022-03-22 09:30:02 --------------------------
live
총 0 개 데이타 이동
END   2022-03-22 09:30:04 --------------------------


START 2022-03-22 09:40:02 --------------------------
live
총 0 개 데이타 이동
END   2022-03-22 09:40:04 --------------------------


START 2022-03-22 09:50:02 --------------------------
live
총 0 개 데이타 이동
END   2022-03-22 09:50:04 --------------------------


START 2022-03-22 10:00:02 --------------------------
live
총 0 개 데이타 이동
END   2022-03-22 10:00:04 --------------------------


START 2022-03-22 10:10:02 --------------------------
live
총 0 개 데이타 이동
END   2022-03-22 10:10:04 --------------------------


START 2022-03-22 10:20:02 --------------------------
live
총 0 개 데이타 이동
END   2022-03-22 10:20:04 --------------------------


START 2022-03-22 10:30:02 --------------------------
live
총 0 개 데이타 이동
END   2022-03-22 10:30:04 --------------------------


START 2022-03-22 10:40:02 --------------------------
live
총 0 개 데이타 이동
END   2022-03-22 10:40:04 --------------------------


START 2022-03-22 10:50:01 --------------------------
live
총 0 개 데이타 이동
END   2022-03-22 10:50:03 --------------------------


START 2022-03-22 11:00:02 --------------------------
live
총 0 개 데이타 이동
END   2022-03-22 11:00:04 --------------------------


START 2022-03-22 11:10:02 --------------------------
live
총 0 개 데이타 이동
END   2022-03-22 11:10:04 --------------------------


START 2022-03-22 11:20:01 --------------------------
live
총 0 개 데이타 이동
END   2022-03-22 11:20:04 --------------------------


START 2022-03-22 11:30:01 --------------------------
live
총 0 개 데이타 이동
END   2022-03-22 11:30:04 --------------------------


START 2022-03-22 11:40:01 --------------------------
live
총 2 개 데이타 이동
데이타 이동 시작 *****
3102949 01024568888 -- 3102950 01088944740 -- 
END   2022-03-22 11:40:06 --------------------------


START 2022-03-22 11:50:01 --------------------------
live
총 0 개 데이타 이동
END   2022-03-22 11:50:04 --------------------------


START 2022-03-22 12:00:01 --------------------------
live
총 0 개 데이타 이동
END   2022-03-22 12:00:04 --------------------------


START 2022-03-22 12:10:02 --------------------------
live
총 0 개 데이타 이동
END   2022-03-22 12:10:05 --------------------------


START 2022-03-22 12:20:01 --------------------------
live
총 0 개 데이타 이동
END   2022-03-22 12:20:03 --------------------------


START 2022-03-22 12:30:01 --------------------------
live
총 0 개 데이타 이동
END   2022-03-22 12:30:03 --------------------------


START 2022-03-22 12:40:01 --------------------------
live
총 0 개 데이타 이동
END   2022-03-22 12:40:04 --------------------------


START 2022-03-22 12:50:01 --------------------------
live
총 0 개 데이타 이동
END   2022-03-22 12:50:04 --------------------------


START 2022-03-22 13:00:02 --------------------------
live
총 0 개 데이타 이동
END   2022-03-22 13:00:04 --------------------------


START 2022-03-22 13:10:02 --------------------------
live
총 0 개 데이타 이동
END   2022-03-22 13:10:05 --------------------------


START 2022-03-22 13:20:01 --------------------------
live
총 0 개 데이타 이동
END   2022-03-22 13:20:04 --------------------------


START 2022-03-22 13:30:01 --------------------------
live
총 0 개 데이타 이동
END   2022-03-22 13:30:03 --------------------------


START 2022-03-22 13:40:01 --------------------------
live
총 0 개 데이타 이동
END   2022-03-22 13:40:04 --------------------------


START 2022-03-22 13:50:01 --------------------------
live
총 0 개 데이타 이동
END   2022-03-22 13:50:04 --------------------------


START 2022-03-22 14:00:01 --------------------------
live
총 0 개 데이타 이동
END   2022-03-22 14:00:04 --------------------------


START 2022-03-22 14:10:01 --------------------------
live
총 0 개 데이타 이동
END   2022-03-22 14:10:03 --------------------------


START 2022-03-22 14:20:01 --------------------------
live
총 0 개 데이타 이동
END   2022-03-22 14:20:04 --------------------------


START 2022-03-22 14:30:02 --------------------------
live
총 0 개 데이타 이동
END   2022-03-22 14:30:04 --------------------------


START 2022-03-22 14:40:02 --------------------------
live
총 0 개 데이타 이동
END   2022-03-22 14:40:04 --------------------------


START 2022-03-22 14:50:02 --------------------------
live
총 0 개 데이타 이동
END   2022-03-22 14:50:04 --------------------------


START 2022-03-22 15:00:02 --------------------------
live
총 0 개 데이타 이동
END   2022-03-22 15:00:04 --------------------------


START 2022-03-22 15:10:01 --------------------------
live
총 0 개 데이타 이동
END   2022-03-22 15:10:04 --------------------------


START 2022-03-22 15:20:01 --------------------------
live
총 0 개 데이타 이동
END   2022-03-22 15:20:03 --------------------------


START 2022-03-22 15:30:01 --------------------------
live
총 0 개 데이타 이동
END   2022-03-22 15:30:03 --------------------------


START 2022-03-22 15:40:01 --------------------------
live
총 0 개 데이타 이동
END   2022-03-22 15:40:04 --------------------------


START 2022-03-22 15:50:01 --------------------------
live
총 0 개 데이타 이동
END   2022-03-22 15:50:04 --------------------------


START 2022-03-22 16:00:01 --------------------------
live
총 0 개 데이타 이동
END   2022-03-22 16:00:04 --------------------------


START 2022-03-22 16:10:02 --------------------------
live
총 0 개 데이타 이동
END   2022-03-22 16:10:04 --------------------------


START 2022-03-22 16:20:02 --------------------------
live
총 0 개 데이타 이동
END   2022-03-22 16:20:04 --------------------------


START 2022-03-22 16:30:02 --------------------------
live
총 0 개 데이타 이동
END   2022-03-22 16:30:04 --------------------------


START 2022-03-22 16:40:02 --------------------------
live
총 0 개 데이타 이동
END   2022-03-22 16:40:04 --------------------------


START 2022-03-22 16:50:02 --------------------------
live
총 0 개 데이타 이동
END   2022-03-22 16:50:04 --------------------------


START 2022-03-22 17:00:02 --------------------------
live
총 0 개 데이타 이동
END   2022-03-22 17:00:04 --------------------------


START 2022-03-22 17:10:01 --------------------------
live
총 0 개 데이타 이동
END   2022-03-22 17:10:03 --------------------------


START 2022-03-22 17:20:01 --------------------------
live
총 0 개 데이타 이동
END   2022-03-22 17:20:03 --------------------------


START 2022-03-22 17:30:01 --------------------------
live
총 0 개 데이타 이동
END   2022-03-22 17:30:03 --------------------------


START 2022-03-22 17:40:01 --------------------------
live
총 0 개 데이타 이동
END   2022-03-22 17:40:03 --------------------------


START 2022-03-22 17:50:01 --------------------------
live
총 0 개 데이타 이동
END   2022-03-22 17:50:04 --------------------------


START 2022-03-22 18:00:02 --------------------------
live
총 0 개 데이타 이동
END   2022-03-22 18:00:04 --------------------------


START 2022-03-22 18:10:02 --------------------------
live
총 0 개 데이타 이동
END   2022-03-22 18:10:04 --------------------------


START 2022-03-22 18:20:02 --------------------------
live
총 0 개 데이타 이동
END   2022-03-22 18:20:04 --------------------------


START 2022-03-22 18:30:01 --------------------------
live
총 0 개 데이타 이동
END   2022-03-22 18:30:03 --------------------------


START 2022-03-22 18:40:01 --------------------------
live
총 0 개 데이타 이동
END   2022-03-22 18:40:03 --------------------------


START 2022-03-22 18:50:01 --------------------------
live
총 0 개 데이타 이동
END   2022-03-22 18:50:03 --------------------------


START 2022-03-22 19:00:01 --------------------------
live
총 0 개 데이타 이동
END   2022-03-22 19:00:03 --------------------------


START 2022-03-22 19:10:01 --------------------------
live
총 0 개 데이타 이동
END   2022-03-22 19:10:03 --------------------------


START 2022-03-22 19:20:01 --------------------------
live
총 0 개 데이타 이동
END   2022-03-22 19:20:03 --------------------------


START 2022-03-22 19:30:01 --------------------------
live
총 0 개 데이타 이동
END   2022-03-22 19:30:03 --------------------------


START 2022-03-22 19:40:01 --------------------------
live
총 0 개 데이타 이동
END   2022-03-22 19:40:03 --------------------------


START 2022-03-22 19:50:01 --------------------------
live
총 0 개 데이타 이동
END   2022-03-22 19:50:03 --------------------------


START 2022-03-22 20:00:01 --------------------------
live
총 0 개 데이타 이동
END   2022-03-22 20:00:04 --------------------------


START 2022-03-22 20:10:01 --------------------------
live
총 0 개 데이타 이동
END   2022-03-22 20:10:03 --------------------------


START 2022-03-22 20:20:01 --------------------------
live
총 0 개 데이타 이동
END   2022-03-22 20:20:03 --------------------------


START 2022-03-22 20:30:01 --------------------------
live
총 0 개 데이타 이동
END   2022-03-22 20:30:04 --------------------------


START 2022-03-22 20:40:01 --------------------------
live
총 0 개 데이타 이동
END   2022-03-22 20:40:03 --------------------------


START 2022-03-22 20:50:01 --------------------------
live
총 0 개 데이타 이동
END   2022-03-22 20:50:04 --------------------------


START 2022-03-22 21:00:01 --------------------------
live
총 0 개 데이타 이동
END   2022-03-22 21:00:03 --------------------------


START 2022-03-22 21:10:01 --------------------------
live
총 0 개 데이타 이동
END   2022-03-22 21:10:03 --------------------------


START 2022-03-22 21:20:01 --------------------------
live
총 0 개 데이타 이동
END   2022-03-22 21:20:03 --------------------------


START 2022-03-22 21:30:01 --------------------------
live
총 0 개 데이타 이동
END   2022-03-22 21:30:03 --------------------------


START 2022-03-22 21:40:01 --------------------------
live
총 0 개 데이타 이동
END   2022-03-22 21:40:03 --------------------------


START 2022-03-22 21:50:02 --------------------------
live
총 0 개 데이타 이동
END   2022-03-22 21:50:04 --------------------------


START 2022-03-22 22:00:02 --------------------------
live
총 0 개 데이타 이동
END   2022-03-22 22:00:04 --------------------------


START 2022-03-22 22:10:02 --------------------------
live
총 0 개 데이타 이동
END   2022-03-22 22:10:04 --------------------------


START 2022-03-22 22:20:02 --------------------------
live
총 0 개 데이타 이동
END   2022-03-22 22:20:04 --------------------------


START 2022-03-22 22:30:02 --------------------------
live
총 0 개 데이타 이동
END   2022-03-22 22:30:04 --------------------------


START 2022-03-22 22:40:02 --------------------------
live
총 0 개 데이타 이동
END   2022-03-22 22:40:04 --------------------------


START 2022-03-22 22:50:02 --------------------------
live
총 0 개 데이타 이동
END   2022-03-22 22:50:04 --------------------------


START 2022-03-22 23:00:02 --------------------------
live
총 0 개 데이타 이동
END   2022-03-22 23:00:04 --------------------------


START 2022-03-22 23:10:02 --------------------------
live
총 0 개 데이타 이동
END   2022-03-22 23:10:04 --------------------------


START 2022-03-22 23:20:02 --------------------------
live
총 0 개 데이타 이동
END   2022-03-22 23:20:04 --------------------------


START 2022-03-22 23:30:01 --------------------------
live
총 0 개 데이타 이동
END   2022-03-22 23:30:04 --------------------------


START 2022-03-22 23:40:01 --------------------------
live
총 0 개 데이타 이동
END   2022-03-22 23:40:03 --------------------------


START 2022-03-22 23:50:01 --------------------------
live
총 0 개 데이타 이동
END   2022-03-22 23:50:03 --------------------------


