START 2022-06-22 00:00:01 --------------------------
live
총 0 개 데이타 이동
END   2022-06-22 00:00:01 --------------------------


START 2022-06-22 00:10:02 --------------------------
live
총 0 개 데이타 이동
END   2022-06-22 00:10:02 --------------------------


START 2022-06-22 00:20:01 --------------------------
live
총 0 개 데이타 이동
END   2022-06-22 00:20:01 --------------------------


START 2022-06-22 00:30:01 --------------------------
live
총 0 개 데이타 이동
END   2022-06-22 00:30:01 --------------------------


START 2022-06-22 00:40:01 --------------------------
live
총 0 개 데이타 이동
END   2022-06-22 00:40:01 --------------------------


START 2022-06-22 00:50:01 --------------------------
live
총 0 개 데이타 이동
END   2022-06-22 00:50:01 --------------------------


START 2022-06-22 01:00:01 --------------------------
live
총 0 개 데이타 이동
END   2022-06-22 01:00:01 --------------------------


START 2022-06-22 01:10:01 --------------------------
live
총 0 개 데이타 이동
END   2022-06-22 01:10:01 --------------------------


START 2022-06-22 01:20:01 --------------------------
live
총 0 개 데이타 이동
END   2022-06-22 01:20:01 --------------------------


START 2022-06-22 01:30:01 --------------------------
live
총 0 개 데이타 이동
END   2022-06-22 01:30:01 --------------------------


START 2022-06-22 01:40:01 --------------------------
live
총 0 개 데이타 이동
END   2022-06-22 01:40:01 --------------------------


START 2022-06-22 01:50:01 --------------------------
live
총 0 개 데이타 이동
END   2022-06-22 01:50:01 --------------------------


START 2022-06-22 02:00:01 --------------------------
live
총 0 개 데이타 이동
END   2022-06-22 02:00:01 --------------------------


START 2022-06-22 02:10:01 --------------------------
live
총 0 개 데이타 이동
END   2022-06-22 02:10:01 --------------------------


START 2022-06-22 02:20:01 --------------------------
live
총 0 개 데이타 이동
END   2022-06-22 02:20:01 --------------------------


START 2022-06-22 02:30:01 --------------------------
live
총 0 개 데이타 이동
END   2022-06-22 02:30:01 --------------------------


START 2022-06-22 02:40:01 --------------------------
live
총 0 개 데이타 이동
END   2022-06-22 02:40:01 --------------------------


START 2022-06-22 02:50:01 --------------------------
live
총 0 개 데이타 이동
END   2022-06-22 02:50:01 --------------------------


START 2022-06-22 03:00:01 --------------------------
live
총 0 개 데이타 이동
END   2022-06-22 03:00:01 --------------------------


START 2022-06-22 03:10:02 --------------------------
live
총 0 개 데이타 이동
END   2022-06-22 03:10:02 --------------------------


START 2022-06-22 03:20:01 --------------------------
live
총 0 개 데이타 이동
END   2022-06-22 03:20:01 --------------------------


START 2022-06-22 03:30:01 --------------------------
live
총 0 개 데이타 이동
END   2022-06-22 03:30:01 --------------------------


START 2022-06-22 03:40:01 --------------------------
live
총 0 개 데이타 이동
END   2022-06-22 03:40:01 --------------------------


START 2022-06-22 03:50:01 --------------------------
live
총 0 개 데이타 이동
END   2022-06-22 03:50:01 --------------------------


START 2022-06-22 04:00:01 --------------------------
live
총 0 개 데이타 이동
END   2022-06-22 04:00:01 --------------------------


START 2022-06-22 04:10:01 --------------------------
live
총 0 개 데이타 이동
END   2022-06-22 04:10:01 --------------------------


START 2022-06-22 04:20:01 --------------------------
live
총 0 개 데이타 이동
END   2022-06-22 04:20:01 --------------------------


START 2022-06-22 04:30:01 --------------------------
live
총 0 개 데이타 이동
END   2022-06-22 04:30:01 --------------------------


START 2022-06-22 04:40:01 --------------------------
live
총 0 개 데이타 이동
END   2022-06-22 04:40:01 --------------------------


START 2022-06-22 04:50:01 --------------------------
live
총 0 개 데이타 이동
END   2022-06-22 04:50:01 --------------------------


START 2022-06-22 05:00:01 --------------------------
live
총 0 개 데이타 이동
END   2022-06-22 05:00:01 --------------------------


START 2022-06-22 05:10:02 --------------------------
live
총 0 개 데이타 이동
END   2022-06-22 05:10:02 --------------------------


START 2022-06-22 05:20:01 --------------------------
live
총 0 개 데이타 이동
END   2022-06-22 05:20:01 --------------------------


START 2022-06-22 05:30:01 --------------------------
live
총 0 개 데이타 이동
END   2022-06-22 05:30:01 --------------------------


START 2022-06-22 05:40:01 --------------------------
live
총 0 개 데이타 이동
END   2022-06-22 05:40:01 --------------------------


START 2022-06-22 05:50:01 --------------------------
live
총 0 개 데이타 이동
END   2022-06-22 05:50:01 --------------------------


START 2022-06-22 06:00:01 --------------------------
live
총 0 개 데이타 이동
END   2022-06-22 06:00:01 --------------------------


START 2022-06-22 06:10:01 --------------------------
live
총 0 개 데이타 이동
END   2022-06-22 06:10:01 --------------------------


START 2022-06-22 06:20:01 --------------------------
live
총 0 개 데이타 이동
END   2022-06-22 06:20:01 --------------------------


START 2022-06-22 06:30:01 --------------------------
live
총 0 개 데이타 이동
END   2022-06-22 06:30:01 --------------------------


START 2022-06-22 06:40:01 --------------------------
live
총 0 개 데이타 이동
END   2022-06-22 06:40:01 --------------------------


START 2022-06-22 06:50:01 --------------------------
live
총 0 개 데이타 이동
END   2022-06-22 06:50:01 --------------------------


START 2022-06-22 07:00:01 --------------------------
live
총 0 개 데이타 이동
END   2022-06-22 07:00:01 --------------------------


START 2022-06-22 07:10:01 --------------------------
live
총 0 개 데이타 이동
END   2022-06-22 07:10:01 --------------------------


START 2022-06-22 07:20:01 --------------------------
live
총 0 개 데이타 이동
END   2022-06-22 07:20:01 --------------------------


START 2022-06-22 07:30:01 --------------------------
live
총 0 개 데이타 이동
END   2022-06-22 07:30:01 --------------------------


START 2022-06-22 07:40:01 --------------------------
live
총 0 개 데이타 이동
END   2022-06-22 07:40:01 --------------------------


START 2022-06-22 07:50:01 --------------------------
live
총 0 개 데이타 이동
END   2022-06-22 07:50:01 --------------------------


START 2022-06-22 08:00:01 --------------------------
live
총 0 개 데이타 이동
END   2022-06-22 08:00:01 --------------------------


START 2022-06-22 08:10:01 --------------------------
live
총 0 개 데이타 이동
END   2022-06-22 08:10:01 --------------------------


START 2022-06-22 08:20:01 --------------------------
live
총 0 개 데이타 이동
END   2022-06-22 08:20:01 --------------------------


START 2022-06-22 08:30:01 --------------------------
live
총 0 개 데이타 이동
END   2022-06-22 08:30:01 --------------------------


START 2022-06-22 08:40:01 --------------------------
live
총 0 개 데이타 이동
END   2022-06-22 08:40:01 --------------------------


START 2022-06-22 08:50:01 --------------------------
live
총 0 개 데이타 이동
END   2022-06-22 08:50:01 --------------------------


START 2022-06-22 09:00:01 --------------------------
live
총 0 개 데이타 이동
END   2022-06-22 09:00:01 --------------------------


START 2022-06-22 09:10:01 --------------------------
live
총 0 개 데이타 이동
END   2022-06-22 09:10:01 --------------------------


START 2022-06-22 09:20:01 --------------------------
live
총 0 개 데이타 이동
END   2022-06-22 09:20:01 --------------------------


START 2022-06-22 09:30:01 --------------------------
live
총 0 개 데이타 이동
END   2022-06-22 09:30:01 --------------------------


START 2022-06-22 09:40:01 --------------------------
live
총 0 개 데이타 이동
END   2022-06-22 09:40:01 --------------------------


START 2022-06-22 09:50:01 --------------------------
live
총 0 개 데이타 이동
END   2022-06-22 09:50:01 --------------------------


START 2022-06-22 10:00:01 --------------------------
live
총 0 개 데이타 이동
END   2022-06-22 10:00:01 --------------------------


START 2022-06-22 10:10:01 --------------------------
live
총 0 개 데이타 이동
END   2022-06-22 10:10:01 --------------------------


START 2022-06-22 10:20:01 --------------------------
live
총 0 개 데이타 이동
END   2022-06-22 10:20:01 --------------------------


START 2022-06-22 10:30:01 --------------------------
live
총 0 개 데이타 이동
END   2022-06-22 10:30:01 --------------------------


START 2022-06-22 10:40:01 --------------------------
live
총 0 개 데이타 이동
END   2022-06-22 10:40:01 --------------------------


START 2022-06-22 10:50:01 --------------------------
live
총 0 개 데이타 이동
END   2022-06-22 10:50:01 --------------------------


START 2022-06-22 11:00:01 --------------------------
live
총 0 개 데이타 이동
END   2022-06-22 11:00:01 --------------------------


START 2022-06-22 11:10:01 --------------------------
live
총 0 개 데이타 이동
END   2022-06-22 11:10:01 --------------------------


START 2022-06-22 11:20:01 --------------------------
live
총 0 개 데이타 이동
END   2022-06-22 11:20:01 --------------------------


START 2022-06-22 11:30:01 --------------------------
live
총 0 개 데이타 이동
END   2022-06-22 11:30:01 --------------------------


START 2022-06-22 11:40:01 --------------------------
live
총 0 개 데이타 이동
END   2022-06-22 11:40:01 --------------------------


START 2022-06-22 11:50:01 --------------------------
live
2 개의 삭제대상 레코드 발견
delete from cf_Msg_Tran where moved='Y' and Send_Time < now() - interval 30 DAY
2 개 삭제

총 0 개 데이타 이동
END   2022-06-22 11:50:01 --------------------------


START 2022-06-22 12:00:01 --------------------------
live
총 0 개 데이타 이동
END   2022-06-22 12:00:01 --------------------------


START 2022-06-22 12:10:01 --------------------------
live
총 0 개 데이타 이동
END   2022-06-22 12:10:01 --------------------------


START 2022-06-22 12:20:01 --------------------------
live
총 0 개 데이타 이동
END   2022-06-22 12:20:01 --------------------------


START 2022-06-22 12:30:02 --------------------------
live
총 0 개 데이타 이동
END   2022-06-22 12:30:02 --------------------------


START 2022-06-22 12:40:01 --------------------------
live
총 0 개 데이타 이동
END   2022-06-22 12:40:01 --------------------------


START 2022-06-22 12:50:01 --------------------------
live
총 0 개 데이타 이동
END   2022-06-22 12:50:01 --------------------------


START 2022-06-22 13:00:01 --------------------------
live
총 0 개 데이타 이동
END   2022-06-22 13:00:01 --------------------------


START 2022-06-22 13:10:01 --------------------------
live
총 0 개 데이타 이동
END   2022-06-22 13:10:01 --------------------------


START 2022-06-22 13:20:01 --------------------------
live
총 0 개 데이타 이동
END   2022-06-22 13:20:01 --------------------------


START 2022-06-22 13:30:01 --------------------------
live
총 0 개 데이타 이동
END   2022-06-22 13:30:01 --------------------------


START 2022-06-22 13:40:01 --------------------------
live
총 0 개 데이타 이동
END   2022-06-22 13:40:01 --------------------------


START 2022-06-22 13:50:02 --------------------------
live
총 0 개 데이타 이동
END   2022-06-22 13:50:02 --------------------------


START 2022-06-22 14:00:01 --------------------------
live
총 0 개 데이타 이동
END   2022-06-22 14:00:01 --------------------------


START 2022-06-22 14:10:01 --------------------------
live
총 0 개 데이타 이동
END   2022-06-22 14:10:02 --------------------------


START 2022-06-22 14:20:01 --------------------------
live
총 0 개 데이타 이동
END   2022-06-22 14:20:01 --------------------------


START 2022-06-22 14:30:01 --------------------------
live
총 0 개 데이타 이동
END   2022-06-22 14:30:01 --------------------------


START 2022-06-22 14:40:01 --------------------------
live
총 0 개 데이타 이동
END   2022-06-22 14:40:01 --------------------------


START 2022-06-22 14:50:01 --------------------------
live
총 0 개 데이타 이동
END   2022-06-22 14:50:01 --------------------------


START 2022-06-22 15:00:01 --------------------------
live
총 0 개 데이타 이동
END   2022-06-22 15:00:01 --------------------------


START 2022-06-22 15:10:02 --------------------------
live
총 0 개 데이타 이동
END   2022-06-22 15:10:02 --------------------------


START 2022-06-22 15:20:01 --------------------------
live
총 0 개 데이타 이동
END   2022-06-22 15:20:01 --------------------------


START 2022-06-22 15:30:01 --------------------------
live
총 0 개 데이타 이동
END   2022-06-22 15:30:01 --------------------------


START 2022-06-22 15:40:01 --------------------------
live
총 0 개 데이타 이동
END   2022-06-22 15:40:01 --------------------------


START 2022-06-22 15:50:01 --------------------------
live
총 0 개 데이타 이동
END   2022-06-22 15:50:01 --------------------------


START 2022-06-22 16:00:01 --------------------------
live
총 0 개 데이타 이동
END   2022-06-22 16:00:01 --------------------------


START 2022-06-22 16:10:01 --------------------------
live
총 0 개 데이타 이동
END   2022-06-22 16:10:01 --------------------------


START 2022-06-22 16:20:01 --------------------------
live
총 0 개 데이타 이동
END   2022-06-22 16:20:01 --------------------------


START 2022-06-22 16:30:02 --------------------------
live
총 0 개 데이타 이동
END   2022-06-22 16:30:02 --------------------------


START 2022-06-22 16:40:01 --------------------------
live
총 0 개 데이타 이동
END   2022-06-22 16:40:01 --------------------------


START 2022-06-22 16:50:01 --------------------------
live
총 0 개 데이타 이동
END   2022-06-22 16:50:01 --------------------------


START 2022-06-22 17:00:02 --------------------------
live
총 0 개 데이타 이동
END   2022-06-22 17:00:02 --------------------------


START 2022-06-22 17:10:01 --------------------------
live
총 0 개 데이타 이동
END   2022-06-22 17:10:01 --------------------------


START 2022-06-22 17:20:01 --------------------------
live
총 0 개 데이타 이동
END   2022-06-22 17:20:01 --------------------------


START 2022-06-22 17:30:01 --------------------------
live
총 0 개 데이타 이동
END   2022-06-22 17:30:01 --------------------------


START 2022-06-22 17:40:01 --------------------------
live
총 0 개 데이타 이동
END   2022-06-22 17:40:01 --------------------------


START 2022-06-22 17:50:01 --------------------------
live
총 0 개 데이타 이동
END   2022-06-22 17:50:01 --------------------------


START 2022-06-22 18:00:01 --------------------------
live
총 0 개 데이타 이동
END   2022-06-22 18:00:01 --------------------------


START 2022-06-22 18:10:01 --------------------------
live
총 0 개 데이타 이동
END   2022-06-22 18:10:01 --------------------------


START 2022-06-22 18:20:01 --------------------------
live
총 0 개 데이타 이동
END   2022-06-22 18:20:01 --------------------------


START 2022-06-22 18:30:01 --------------------------
live
총 0 개 데이타 이동
END   2022-06-22 18:30:01 --------------------------


START 2022-06-22 18:40:01 --------------------------
live
총 0 개 데이타 이동
END   2022-06-22 18:40:01 --------------------------


START 2022-06-22 18:50:01 --------------------------
live
총 0 개 데이타 이동
END   2022-06-22 18:50:01 --------------------------


START 2022-06-22 19:00:01 --------------------------
live
총 0 개 데이타 이동
END   2022-06-22 19:00:01 --------------------------


START 2022-06-22 19:10:01 --------------------------
live
총 0 개 데이타 이동
END   2022-06-22 19:10:01 --------------------------


START 2022-06-22 19:20:02 --------------------------
live
총 0 개 데이타 이동
END   2022-06-22 19:20:02 --------------------------


START 2022-06-22 19:30:01 --------------------------
live
총 0 개 데이타 이동
END   2022-06-22 19:30:01 --------------------------


START 2022-06-22 19:40:01 --------------------------
live
총 0 개 데이타 이동
END   2022-06-22 19:40:01 --------------------------


START 2022-06-22 19:50:01 --------------------------
live
총 0 개 데이타 이동
END   2022-06-22 19:50:01 --------------------------


START 2022-06-22 20:00:01 --------------------------
live
총 0 개 데이타 이동
END   2022-06-22 20:00:01 --------------------------


START 2022-06-22 20:10:01 --------------------------
live
총 0 개 데이타 이동
END   2022-06-22 20:10:01 --------------------------


START 2022-06-22 20:20:01 --------------------------
live
총 0 개 데이타 이동
END   2022-06-22 20:20:01 --------------------------


START 2022-06-22 20:30:01 --------------------------
live
총 0 개 데이타 이동
END   2022-06-22 20:30:01 --------------------------


START 2022-06-22 20:40:01 --------------------------
live
총 0 개 데이타 이동
END   2022-06-22 20:40:01 --------------------------


START 2022-06-22 20:50:01 --------------------------
live
총 0 개 데이타 이동
END   2022-06-22 20:50:01 --------------------------


START 2022-06-22 21:00:01 --------------------------
live
총 0 개 데이타 이동
END   2022-06-22 21:00:01 --------------------------


START 2022-06-22 21:10:01 --------------------------
live
총 0 개 데이타 이동
END   2022-06-22 21:10:01 --------------------------


START 2022-06-22 21:20:02 --------------------------
live
총 0 개 데이타 이동
END   2022-06-22 21:20:02 --------------------------


START 2022-06-22 21:30:02 --------------------------
live
총 0 개 데이타 이동
END   2022-06-22 21:30:02 --------------------------


START 2022-06-22 21:40:01 --------------------------
live
총 0 개 데이타 이동
END   2022-06-22 21:40:01 --------------------------


START 2022-06-22 21:50:01 --------------------------
live
총 0 개 데이타 이동
END   2022-06-22 21:50:01 --------------------------


START 2022-06-22 22:00:01 --------------------------
live
총 0 개 데이타 이동
END   2022-06-22 22:00:01 --------------------------


START 2022-06-22 22:10:01 --------------------------
live
총 0 개 데이타 이동
END   2022-06-22 22:10:01 --------------------------


START 2022-06-22 22:20:01 --------------------------
live
총 0 개 데이타 이동
END   2022-06-22 22:20:01 --------------------------


START 2022-06-22 22:30:01 --------------------------
live
총 0 개 데이타 이동
END   2022-06-22 22:30:01 --------------------------


START 2022-06-22 22:40:01 --------------------------
live
총 0 개 데이타 이동
END   2022-06-22 22:40:01 --------------------------


START 2022-06-22 22:50:01 --------------------------
live
총 0 개 데이타 이동
END   2022-06-22 22:50:01 --------------------------


START 2022-06-22 23:00:01 --------------------------
live
총 0 개 데이타 이동
END   2022-06-22 23:00:01 --------------------------


START 2022-06-22 23:10:01 --------------------------
live
총 0 개 데이타 이동
END   2022-06-22 23:10:01 --------------------------


START 2022-06-22 23:20:01 --------------------------
live
총 0 개 데이타 이동
END   2022-06-22 23:20:01 --------------------------


START 2022-06-22 23:30:01 --------------------------
live
총 0 개 데이타 이동
END   2022-06-22 23:30:01 --------------------------


START 2022-06-22 23:40:01 --------------------------
live
총 0 개 데이타 이동
END   2022-06-22 23:40:01 --------------------------


START 2022-06-22 23:50:01 --------------------------
live
총 0 개 데이타 이동
END   2022-06-22 23:50:01 --------------------------


