START 2022-08-05 00:00:01 --------------------------
live
총 0 개 데이타 이동
END   2022-08-05 00:00:01 --------------------------


START 2022-08-05 00:10:01 --------------------------
live
총 0 개 데이타 이동
END   2022-08-05 00:10:01 --------------------------


START 2022-08-05 00:20:01 --------------------------
live
총 0 개 데이타 이동
END   2022-08-05 00:20:01 --------------------------


START 2022-08-05 00:30:01 --------------------------
live
총 0 개 데이타 이동
END   2022-08-05 00:30:01 --------------------------


START 2022-08-05 00:40:01 --------------------------
live
총 0 개 데이타 이동
END   2022-08-05 00:40:01 --------------------------


START 2022-08-05 00:50:01 --------------------------
live
총 0 개 데이타 이동
END   2022-08-05 00:50:01 --------------------------


START 2022-08-05 01:00:04 --------------------------
live
총 0 개 데이타 이동
END   2022-08-05 01:00:04 --------------------------


START 2022-08-05 01:10:01 --------------------------
live
총 0 개 데이타 이동
END   2022-08-05 01:10:01 --------------------------


START 2022-08-05 01:20:01 --------------------------
live
총 0 개 데이타 이동
END   2022-08-05 01:20:01 --------------------------


START 2022-08-05 01:30:01 --------------------------
live
총 0 개 데이타 이동
END   2022-08-05 01:30:01 --------------------------


START 2022-08-05 01:40:01 --------------------------
live
총 0 개 데이타 이동
END   2022-08-05 01:40:02 --------------------------


START 2022-08-05 01:50:01 --------------------------
live
총 0 개 데이타 이동
END   2022-08-05 01:50:01 --------------------------


START 2022-08-05 02:00:01 --------------------------
live
총 0 개 데이타 이동
END   2022-08-05 02:00:01 --------------------------


START 2022-08-05 02:10:01 --------------------------
live
총 0 개 데이타 이동
END   2022-08-05 02:10:01 --------------------------


START 2022-08-05 02:20:01 --------------------------
live
총 0 개 데이타 이동
END   2022-08-05 02:20:01 --------------------------


START 2022-08-05 02:30:01 --------------------------
live
총 0 개 데이타 이동
END   2022-08-05 02:30:01 --------------------------


START 2022-08-05 02:40:01 --------------------------
live
총 0 개 데이타 이동
END   2022-08-05 02:40:01 --------------------------


START 2022-08-05 02:50:01 --------------------------
live
총 0 개 데이타 이동
END   2022-08-05 02:50:01 --------------------------


START 2022-08-05 03:00:01 --------------------------
live
총 0 개 데이타 이동
END   2022-08-05 03:00:01 --------------------------


START 2022-08-05 03:10:01 --------------------------
live
총 0 개 데이타 이동
END   2022-08-05 03:10:01 --------------------------


START 2022-08-05 03:20:01 --------------------------
live
총 0 개 데이타 이동
END   2022-08-05 03:20:01 --------------------------


START 2022-08-05 03:30:01 --------------------------
live
총 0 개 데이타 이동
END   2022-08-05 03:30:01 --------------------------


START 2022-08-05 03:40:01 --------------------------
live
총 0 개 데이타 이동
END   2022-08-05 03:40:01 --------------------------


START 2022-08-05 03:50:01 --------------------------
live
총 0 개 데이타 이동
END   2022-08-05 03:50:01 --------------------------


START 2022-08-05 04:00:01 --------------------------
live
총 0 개 데이타 이동
END   2022-08-05 04:00:01 --------------------------


START 2022-08-05 04:10:01 --------------------------
live
총 0 개 데이타 이동
END   2022-08-05 04:10:01 --------------------------


START 2022-08-05 04:20:01 --------------------------
live
총 0 개 데이타 이동
END   2022-08-05 04:20:01 --------------------------


START 2022-08-05 04:30:01 --------------------------
live
총 0 개 데이타 이동
END   2022-08-05 04:30:01 --------------------------


START 2022-08-05 04:40:01 --------------------------
live
총 0 개 데이타 이동
END   2022-08-05 04:40:01 --------------------------


START 2022-08-05 04:50:01 --------------------------
live
총 0 개 데이타 이동
END   2022-08-05 04:50:01 --------------------------


START 2022-08-05 05:00:01 --------------------------
live
총 0 개 데이타 이동
END   2022-08-05 05:00:01 --------------------------


START 2022-08-05 05:10:01 --------------------------
live
총 0 개 데이타 이동
END   2022-08-05 05:10:01 --------------------------


START 2022-08-05 05:20:01 --------------------------
live
총 0 개 데이타 이동
END   2022-08-05 05:20:01 --------------------------


START 2022-08-05 05:30:01 --------------------------
live
총 0 개 데이타 이동
END   2022-08-05 05:30:01 --------------------------


START 2022-08-05 05:40:01 --------------------------
live
총 0 개 데이타 이동
END   2022-08-05 05:40:01 --------------------------


START 2022-08-05 05:50:01 --------------------------
live
총 0 개 데이타 이동
END   2022-08-05 05:50:01 --------------------------


START 2022-08-05 06:00:01 --------------------------
live
총 0 개 데이타 이동
END   2022-08-05 06:00:01 --------------------------


START 2022-08-05 06:10:01 --------------------------
live
총 0 개 데이타 이동
END   2022-08-05 06:10:01 --------------------------


START 2022-08-05 06:20:01 --------------------------
live
총 0 개 데이타 이동
END   2022-08-05 06:20:01 --------------------------


START 2022-08-05 06:30:01 --------------------------
live
총 0 개 데이타 이동
END   2022-08-05 06:30:02 --------------------------


START 2022-08-05 06:40:01 --------------------------
live
총 0 개 데이타 이동
END   2022-08-05 06:40:01 --------------------------


START 2022-08-05 06:50:01 --------------------------
live
총 0 개 데이타 이동
END   2022-08-05 06:50:01 --------------------------


START 2022-08-05 07:00:01 --------------------------
live
총 0 개 데이타 이동
END   2022-08-05 07:00:01 --------------------------


START 2022-08-05 07:10:01 --------------------------
live
총 0 개 데이타 이동
END   2022-08-05 07:10:01 --------------------------


START 2022-08-05 07:20:01 --------------------------
live
총 0 개 데이타 이동
END   2022-08-05 07:20:01 --------------------------


START 2022-08-05 07:30:01 --------------------------
live
총 0 개 데이타 이동
END   2022-08-05 07:30:01 --------------------------


START 2022-08-05 07:40:01 --------------------------
live
총 0 개 데이타 이동
END   2022-08-05 07:40:01 --------------------------


START 2022-08-05 07:50:02 --------------------------
live
총 0 개 데이타 이동
END   2022-08-05 07:50:02 --------------------------


START 2022-08-05 08:00:01 --------------------------
live
총 0 개 데이타 이동
END   2022-08-05 08:00:01 --------------------------


START 2022-08-05 08:10:01 --------------------------
live
총 0 개 데이타 이동
END   2022-08-05 08:10:01 --------------------------


START 2022-08-05 08:20:01 --------------------------
live
총 0 개 데이타 이동
END   2022-08-05 08:20:01 --------------------------


START 2022-08-05 08:30:02 --------------------------
live
총 0 개 데이타 이동
END   2022-08-05 08:30:02 --------------------------


START 2022-08-05 08:40:01 --------------------------
live
총 0 개 데이타 이동
END   2022-08-05 08:40:01 --------------------------


START 2022-08-05 08:50:01 --------------------------
live
총 0 개 데이타 이동
END   2022-08-05 08:50:01 --------------------------


START 2022-08-05 09:00:01 --------------------------
live
총 0 개 데이타 이동
END   2022-08-05 09:00:01 --------------------------


START 2022-08-05 09:10:01 --------------------------
live
총 0 개 데이타 이동
END   2022-08-05 09:10:01 --------------------------


START 2022-08-05 09:20:01 --------------------------
live
총 0 개 데이타 이동
END   2022-08-05 09:20:01 --------------------------


START 2022-08-05 09:30:01 --------------------------
live
총 0 개 데이타 이동
END   2022-08-05 09:30:01 --------------------------


START 2022-08-05 09:40:01 --------------------------
live
총 0 개 데이타 이동
END   2022-08-05 09:40:01 --------------------------


START 2022-08-05 09:50:01 --------------------------
live
총 0 개 데이타 이동
END   2022-08-05 09:50:01 --------------------------


START 2022-08-05 10:00:01 --------------------------
live
총 0 개 데이타 이동
END   2022-08-05 10:00:01 --------------------------


START 2022-08-05 10:10:01 --------------------------
live
총 0 개 데이타 이동
END   2022-08-05 10:10:01 --------------------------


START 2022-08-05 10:20:01 --------------------------
live
총 0 개 데이타 이동
END   2022-08-05 10:20:01 --------------------------


START 2022-08-05 10:30:01 --------------------------
live
총 0 개 데이타 이동
END   2022-08-05 10:30:01 --------------------------


START 2022-08-05 10:40:01 --------------------------
live
총 5 개 데이타 이동
데이타 이동 시작 *****
3108805 01030906908 -- 3108806 01030906908 -- 3108807 01030906908 -- 3108808 01067466580 -- 3108809 01082300118 -- 
END   2022-08-05 10:40:01 --------------------------


START 2022-08-05 10:50:01 --------------------------
live
총 0 개 데이타 이동
END   2022-08-05 10:50:01 --------------------------


START 2022-08-05 11:00:01 --------------------------
live
총 0 개 데이타 이동
END   2022-08-05 11:00:01 --------------------------


START 2022-08-05 11:10:02 --------------------------
live
총 0 개 데이타 이동
END   2022-08-05 11:10:02 --------------------------


START 2022-08-05 11:20:01 --------------------------
live
총 0 개 데이타 이동
END   2022-08-05 11:20:01 --------------------------


START 2022-08-05 11:30:01 --------------------------
live
총 0 개 데이타 이동
END   2022-08-05 11:30:01 --------------------------


START 2022-08-05 11:40:01 --------------------------
live
총 0 개 데이타 이동
END   2022-08-05 11:40:01 --------------------------


START 2022-08-05 11:50:01 --------------------------
live
5 개의 삭제대상 레코드 발견
delete from cf_Msg_Tran where moved='Y' and Send_Time < now() - interval 30 DAY
5 개 삭제

총 0 개 데이타 이동
END   2022-08-05 11:50:01 --------------------------


START 2022-08-05 12:00:01 --------------------------
live
4 개의 삭제대상 레코드 발견
delete from cf_Msg_Tran where moved='Y' and Send_Time < now() - interval 30 DAY
4 개 삭제

총 0 개 데이타 이동
END   2022-08-05 12:00:01 --------------------------


START 2022-08-05 12:10:01 --------------------------
live
총 4 개 데이타 이동
데이타 이동 시작 *****
3108810 01024568888 -- 3108811 01088944740 -- 3108812 01067241409 -- 3108813 01086246176 -- 
END   2022-08-05 12:10:01 --------------------------


START 2022-08-05 12:20:01 --------------------------
live
총 0 개 데이타 이동
END   2022-08-05 12:20:01 --------------------------


START 2022-08-05 12:30:01 --------------------------
live
총 0 개 데이타 이동
END   2022-08-05 12:30:01 --------------------------


START 2022-08-05 12:40:01 --------------------------
live
총 0 개 데이타 이동
END   2022-08-05 12:40:01 --------------------------


START 2022-08-05 12:50:01 --------------------------
live
총 0 개 데이타 이동
END   2022-08-05 12:50:01 --------------------------


START 2022-08-05 13:00:01 --------------------------
live
총 0 개 데이타 이동
END   2022-08-05 13:00:01 --------------------------


START 2022-08-05 13:10:01 --------------------------
live
총 0 개 데이타 이동
END   2022-08-05 13:10:01 --------------------------


START 2022-08-05 13:20:01 --------------------------
live
총 0 개 데이타 이동
END   2022-08-05 13:20:01 --------------------------


START 2022-08-05 13:30:01 --------------------------
live
총 0 개 데이타 이동
END   2022-08-05 13:30:01 --------------------------


START 2022-08-05 13:40:04 --------------------------
live
총 0 개 데이타 이동
END   2022-08-05 13:40:04 --------------------------


START 2022-08-05 13:50:02 --------------------------
live
총 0 개 데이타 이동
END   2022-08-05 13:50:02 --------------------------


START 2022-08-05 14:00:01 --------------------------
live
총 0 개 데이타 이동
END   2022-08-05 14:00:01 --------------------------


START 2022-08-05 14:10:01 --------------------------
live
총 0 개 데이타 이동
END   2022-08-05 14:10:01 --------------------------


START 2022-08-05 14:20:01 --------------------------
live
총 0 개 데이타 이동
END   2022-08-05 14:20:01 --------------------------


START 2022-08-05 14:30:01 --------------------------
live
총 0 개 데이타 이동
END   2022-08-05 14:30:01 --------------------------


START 2022-08-05 14:40:01 --------------------------
live
총 0 개 데이타 이동
END   2022-08-05 14:40:01 --------------------------


START 2022-08-05 14:50:01 --------------------------
live
총 0 개 데이타 이동
END   2022-08-05 14:50:01 --------------------------


START 2022-08-05 15:00:01 --------------------------
live
총 0 개 데이타 이동
END   2022-08-05 15:00:01 --------------------------


START 2022-08-05 15:10:01 --------------------------
live
총 0 개 데이타 이동
END   2022-08-05 15:10:01 --------------------------


START 2022-08-05 15:20:01 --------------------------
live
총 0 개 데이타 이동
END   2022-08-05 15:20:01 --------------------------


START 2022-08-05 15:30:01 --------------------------
live
총 0 개 데이타 이동
END   2022-08-05 15:30:01 --------------------------


START 2022-08-05 15:40:01 --------------------------
live
총 0 개 데이타 이동
END   2022-08-05 15:40:01 --------------------------


START 2022-08-05 15:50:02 --------------------------
live
총 499 개 데이타 이동
데이타 이동 시작 *****
3108814 01089809500 -- 3108815 01056179090 -- 3108816 01088944740 -- 3108817 01071406426 -- 3108818 01000000000 -- 3108819 01048559998 -- 3108820 01084853722 -- 3108821 01033088839 -- 3108822 01024255580 -- 3108823 01032080480 -- 3108824 01038456171 -- 3108825 01042957170 -- 3108826 01025738859 -- 3108827 01032767136 -- 3108828 01036290086 -- 3108829 01025965960 -- 3108830 01054337079 -- 3108831 01033233635 -- 3108832 01085254425 -- 3108833 01067365836 -- 3108834 01052581559 -- 3108835 01084790573 -- 3108836 01098103929 -- 3108837 01039225011 -- 3108838 01099078005 -- 3108839 01037680656 -- 3108840 01085457377 -- 3108841 01024418408 -- 3108842 01090541722 -- 3108843 01051355998 -- 3108844 01040785648 -- 3108845 01047611419 -- 3108846 01091586988 -- 3108847 01025331799 -- 3108848 01062981205 -- 3108849 01090283502 -- 3108850 01040755648 -- 3108851 01043383770 -- 3108852 01020118660 -- 3108853 01024684144 -- 3108854 01091153060 -- 3108855 01090591729 -- 3108856 01045838082 -- 3108857 01090841316 -- 3108858 01056385648 -- 3108859 01031055066 -- 3108860 01026620156 -- 3108861 01074563414 -- 3108862 01080060401 -- 3108863 01035970682 -- 3108864 01036221041 -- 3108865 01038781568 -- 3108866 01066021240 -- 3108867 01096244049 -- 3108868 01055811130 -- 3108869 01034387161 -- 3108870 01063471218 -- 3108871 01054769598 -- 3108872 01072024436 -- 3108873 01077744787 -- 3108874 01048000840 -- 3108875 01029402275 -- 3108876 01077377161 -- 3108877 01083556311 -- 3108878 01050744659 -- 3108879 01035670357 -- 3108880 01082220092 -- 3108881 01088070154 -- 3108882 01046711526 -- 3108883 01036536333 -- 3108884 01098855699 -- 3108885 01077458838 -- 3108886 01028383596 -- 3108887 01074861150 -- 3108888 01084955266 -- 3108889 01099987089 -- 3108890 01090827265 -- 3108891 01047669598 -- 3108892 01074440009 -- 3108893 01088104271 -- 3108894 01029570188 -- 3108895 01062129669 -- 3108896 01044111900 -- 3108897 01033593360 -- 3108898 01052481432 -- 3108899 01020702785 -- 3108900 01024632493 -- 3108901 01099220633 -- 3108902 01023852877 -- 3108903 01097211289 -- 3108904 01050048613 -- 3108905 01093216407 -- 3108906 01071112791 -- 3108907 01032928539 -- 3108908 01028181790 -- 3108909 01037111425 -- 3108910 01055784182 -- 3108911 01084524840 -- 3108912 01028758714 -- 3108913 01020298660 -- 3108914 01087168273 -- 3108915 01022823751 -- 3108916 01022440387 -- 3108917 01063366397 -- 3108918 01096602954 -- 3108919 01077640833 -- 3108920 01033034049 -- 3108921 01052796394 -- 3108922 01026768031 -- 3108923 01090010252 -- 3108924 01052872887 -- 3108925 01096953357 -- 3108926 01023391280 -- 3108927 01027048101 -- 3108928 01022277891 -- 3108929 01025038030 -- 3108930 01025253503 -- 3108931 01062311085 -- 3108932 01072664319 -- 3108933 01090449305 -- 3108934 01025822921 -- 3108935 01099305802 -- 3108936 01088709476 -- 3108937 01029486029 -- 3108938 01040072088 -- 3108939 01084413000 -- 3108940 01090919811 -- 3108941 01063624802 -- 3108942 01051908890 -- 3108943 01063442658 -- 3108944 01062585425 -- 3108945 01023820582 -- 3108946 01047440100 -- 3108947 01099983715 -- 3108948 01032627534 -- 3108949 01085250212 -- 3108950 01028327161 -- 3108951 01089853574 -- 3108952 01071884204 -- 3108953 01053885985 -- 3108954 01086314114 -- 3108955 01025839599 -- 3108956 01054145128 -- 3108957 01087512991 -- 3108958 01058369318 -- 3108959 01075970656 -- 3108960 01054691828 -- 3108961 01030658164 -- 3108962 01023866074 -- 3108963 01081851085 -- 3108964 01044092225 -- 3108965 01073621715 -- 3108966 01032034634 -- 3108967 01094920122 -- 3108968 01035102076 -- 3108969 01043055088 -- 3108970 01040795037 -- 3108971 01041034080 -- 3108972 01055648540 -- 3108973 01084857840 -- 3108974 01046056227 -- 3108975 01035202480 -- 3108976 01066909834 -- 3108977 01091477152 -- 3108978 01086151037 -- 3108979 01043116359 -- 3108980 01023684895 -- 3108981 01077233161 -- 3108982 01096777325 -- 3108983 01077958087 -- 3108984 01049282796 -- 3108985 01032720989 -- 3108986 01038236738 -- 3108987 01091350638 -- 3108988 01076657952 -- 3108989 01076021122 -- 3108990 01025819094 -- 3108991 01090606815 -- 3108992 01025381304 -- 3108993 01024568888 -- 3108994 01044564436 -- 3108995 01089334297 -- 3108996 01099630157 -- 3108997 01084862825 -- 3108998 01023054092 -- 3108999 01025017195 -- 3109000 01092349512 -- 3109001 01085799305 -- 3109002 01027137503 -- 3109003 01022619132 -- 3109004 01034461396 -- 3109005 01057729182 -- 3109006 01029146096 -- 3109007 01045289126 -- 3109008 01029938320 -- 3109009 01028250112 -- 3109010 01083970192 -- 3109011 01090019235 -- 3109012 01092165126 -- 3109013 01056979638 -- 3109014 01088987263 -- 3109015 01052206332 -- 3109016 01089021506 -- 3109017 01034688843 -- 3109018 01025655404 -- 3109019 01097713688 -- 3109020 01047830619 -- 3109021 01035121057 -- 3109022 01087048288 -- 3109023 01093788481 -- 3109024 01054099303 -- 3109025 01033972369 -- 3109026 01087692979 -- 3109027 01042388189 -- 3109028 01084637779 -- 3109029 01055210995 -- 3109030 01045739075 -- 3109031 01047428589 -- 3109032 01094848016 -- 3109033 01027799335 -- 3109034 01043256321 -- 3109035 01025706902 -- 3109036 01051493879 -- 3109037 01054500622 -- 3109038 01041375789 -- 3109039 01063990887 -- 3109040 01036435392 -- 3109041 01054076652 -- 3109042 01023970315 -- 3109043 01028808605 -- 3109044 01042373665 -- 3109045 01068523587 -- 3109046 01091323462 -- 3109047 01055893949 -- 3109048 01049726470 -- 3109049 01028123266 -- 3109050 01045513315 -- 3109051 01027997799 -- 3109052 01089630640 -- 3109053 01054969174 -- 3109054 01041352130 -- 3109055 01083138877 -- 3109056 01057642217 -- 3109057 01074079212 -- 3109058 01027773525 -- 3109059 01033912044 -- 3109060 01053116649 -- 3109061 01096048604 -- 3109062 01027571542 -- 3109063 01047303599 -- 3109064 01039158018 -- 3109065 01052906157 -- 3109066 01028027476 -- 3109067 01034337439 -- 3109068 01042761570 -- 3109069 01095290938 -- 3109070 01055423745 -- 3109071 01028557650 -- 3109072 01053041688 -- 3109073 01040700202 -- 3109074 01024727203 -- 3109075 01057905463 -- 3109076 01062786450 -- 3109077 01099313117 -- 3109078 01040187776 -- 3109079 01027787557 -- 3109080 01089204854 -- 3109081 01066651862 -- 3109082 01021020978 -- 3109083 01098803653 -- 3109084 01042695200 -- 3109085 01087162509 -- 3109086 01087364460 -- 3109087 01065203794 -- 3109088 01096800874 -- 3109089 01087350259 -- 3109090 01054300038 -- 3109091 01037462659 -- 3109092 01099675356 -- 3109093 01043854371 -- 3109094 01072258476 -- 3109095 01036641211 -- 3109096 01031770250 -- 3109097 01093990386 -- 3109098 01056483112 -- 3109099 01035674295 -- 3109100 01089827320 -- 3109101 01023635295 -- 3109102 01022542509 -- 3109103 01032373258 -- 3109104 01039805463 -- 3109105 01025961001 -- 3109106 01051391737 -- 3109107 01033672340 -- 3109108 01026324415 -- 3109109 01088049578 -- 3109110 01074743084 -- 3109111 01031442535 -- 3109112 01099669600 -- 3109113 01039322243 -- 3109114 01064679762 -- 3109115 01068750929 -- 3109116 01024375210 -- 3109117 01062925621 -- 3109118 01073550219 -- 3109119 01063571889 -- 3109120 01093638288 -- 3109121 01097445368 -- 3109122 01088673215 -- 3109123 01042067414 -- 3109124 01041833462 -- 3109125 01068255510 -- 3109126 01024988765 -- 3109127 01023376520 -- 3109128 01033574706 -- 3109129 01045719698 -- 3109130 01085617474 -- 3109131 01062887276 -- 3109132 01023187244 -- 3109133 01094545621 -- 3109134 01031070185 -- 3109135 01053000348 -- 3109136 01091348432 -- 3109137 01056013266 -- 3109138 01082402077 -- 3109139 01087650610 -- 3109140 01027101386 -- 3109141 01022715862 -- 3109142 01032809295 -- 3109143 01044879879 -- 3109144 01083020559 -- 3109145 01021762036 -- 3109146 01096670997 -- 3109147 01083122081 -- 3109148 01045224371 -- 3109149 01024904443 -- 3109150 01068475560 -- 3109151 01026914627 -- 3109152 01083326066 -- 3109153 01030998284 -- 3109154 01096018531 -- 3109155 01080142335 -- 3109156 01029670755 -- 3109157 01046170852 -- 3109158 01047269700 -- 3109159 01023620311 -- 3109160 01035734223 -- 3109161 01047947329 -- 3109162 01099562500 -- 3109163 01022864746 -- 3109164 01041333080 -- 3109165 01091412819 -- 3109166 01030227413 -- 3109167 01094045733 -- 3109168 01034185354 -- 3109169 01024811200 -- 3109170 01026682048 -- 3109171 01023378788 -- 3109172 01047034590 -- 3109173 01043210974 -- 3109174 01094568404 -- 3109175 01042521915 -- 3109176 01034008792 -- 3109177 01083252396 -- 3109178 01098890488 -- 3109179 01025919018 -- 3109180 01022210415 -- 3109181 01065607135 -- 3109182 01041950631 -- 3109183 01097706260 -- 3109184 01055155153 -- 3109185 01054248463 -- 3109186 01023139786 -- 3109187 01032400200 -- 3109188 01051905575 -- 3109189 01094151896 -- 3109190 01065042304 -- 3109191 01086095231 -- 3109192 01035127467 -- 3109193 01032790929 -- 3109194 01025225354 -- 3109195 01046283805 -- 3109196 01020091678 -- 3109197 01054913305 -- 3109198 01029631262 -- 3109199 01062345410 -- 3109200 01063673137 -- 3109201 01039037047 -- 3109202 01072079866 -- 3109203 01022889796 -- 3109204 01065196996 -- 3109205 01087426059 -- 3109206 01044649198 -- 3109207 01068058683 -- 3109208 01085792779 -- 3109209 01075620917 -- 3109210 01027838087 -- 3109211 01050185287 -- 3109212 01030870359 -- 3109213 01092624545 -- 3109214 01090053771 -- 3109215 01083801663 -- 3109216 01041444658 -- 3109217 01051061248 -- 3109218 01034708482 -- 3109219 01063602648 -- 3109220 01050804347 -- 3109221 01047045067 -- 3109222 01047339337 -- 3109223 01093363908 -- 3109224 01051151065 -- 3109225 01056278166 -- 3109226 01094862825 -- 3109227 01020469568 -- 3109228 01050998610 -- 3109229 01054474371 -- 3109230 01080282963 -- 3109231 01026042823 -- 3109232 01062266691 -- 3109233 01094650618 -- 3109234 01044323663 -- 3109235 01035331835 -- 3109236 01099840755 -- 3109237 01083244496 -- 3109238 01090227821 -- 3109239 01073767190 -- 3109240 01027256329 -- 3109241 01086217981 -- 3109242 01026419303 -- 3109243 01027978166 -- 3109244 01025933461 -- 3109245 01072334588 -- 3109246 01066977881 -- 3109247 01088127855 -- 3109248 01089261174 -- 3109249 01037259232 -- 3109250 01084189654 -- 3109251 01055875696 -- 3109252 01022932078 -- 3109253 01033709470 -- 3109254 01020654940 -- 3109255 01034307549 -- 3109256 01059335739 -- 3109257 01090546780 -- 3109258 01096025700 -- 3109259 01051834262 -- 3109260 01043691761 -- 3109261 01093534183 -- 3109262 01083364701 -- 3109263 01083540638 -- 3109264 01062160638 -- 3109265 01063004392 -- 3109266 01089325845 -- 3109267 01037273581 -- 3109268 01092710236 -- 3109269 01053879232 -- 3109270 01030028136 -- 3109271 01036901882 -- 3109272 01077131745 -- 3109273 01093090693 -- 3109274 01045894204 -- 3109275 01053162585 -- 3109276 01072742904 -- 3109277 01046282174 -- 3109278 01025758671 -- 3109279 01022210755 -- 3109280 01071759336 -- 3109281 01074119954 -- 3109282 01093654800 -- 3109283 01093474992 -- 3109284 01090661005 -- 3109285 01034331545 -- 3109286 01045494089 -- 3109287 01093414262 -- 3109288 01020437387 -- 3109289 01095161304 -- 3109290 01054437171 -- 3109291 01028174058 -- 3109292 01094964330 -- 3109293 01073121901 -- 3109294 01055181938 -- 3109295 01044901962 -- 3109296 01034687707 -- 3109297 01041220436 -- 3109298 01041068053 -- 3109299 01027874654 -- 3109300 01055689281 -- 3109301 01076385066 -- 3109302 01054918182 -- 3109303 01041324020 -- 3109304 01065230787 -- 3109305 01067837877 -- 3109306 01066362892 -- 3109307 01045073888 -- 3109308 01086425892 -- 3109309 01091226861 -- 3109310 01056246783 -- 3109311 01021235310 -- 3109312 01042525021 -- 
END   2022-08-05 15:50:05 --------------------------


START 2022-08-05 16:00:01 --------------------------
live
총 312 개 데이타 이동
데이타 이동 시작 *****
3109313 01025628526 -- 3109314 01062498195 -- 3109315 01092900411 -- 3109316 01056140428 -- 3109317 01091447778 -- 3109318 01048716457 -- 3109319 01056050509 -- 3109320 01026684196 -- 3109321 01090876385 -- 3109322 01055282947 -- 3109323 01022945466 -- 3109324 01028553925 -- 3109325 01092509504 -- 3109326 01093867172 -- 3109327 01090577511 -- 3109328 01022657795 -- 3109329 01088320080 -- 3109330 01091340552 -- 3109331 01049077876 -- 3109332 01031996406 -- 3109333 01022347885 -- 3109334 01052194789 -- 3109335 01057333333 -- 3109336 01039096091 -- 3109337 01038285532 -- 3109338 01044216187 -- 3109339 01090683044 -- 3109340 01090617472 -- 3109341 01021200925 -- 3109342 01088531571 -- 3109343 01028189242 -- 3109344 01030908969 -- 3109345 01045203700 -- 3109346 01096822380 -- 3109347 01093216562 -- 3109348 01062389863 -- 3109349 01056446916 -- 3109350 01022810314 -- 3109351 01086192778 -- 3109352 01034520874 -- 3109353 01042077414 -- 3109354 01092447387 -- 3109355 01093155373 -- 3109356 01062471127 -- 3109357 01072210359 -- 3109358 01022621389 -- 3109359 01055003148 -- 3109360 01027125800 -- 3109361 01062654092 -- 3109362 01092652159 -- 3109363 01067573149 -- 3109364 01088965210 -- 3109365 01056470098 -- 3109366 01023557912 -- 3109367 01043518584 -- 3109368 01086028404 -- 3109369 01044950424 -- 3109370 01089080903 -- 3109371 01046322021 -- 3109372 01094591086 -- 3109373 01035935827 -- 3109374 01063583990 -- 3109375 01096697317 -- 3109376 01050315370 -- 3109377 01024385210 -- 3109378 01046432974 -- 3109379 01029024088 -- 3109380 01022783635 -- 3109381 01089350355 -- 3109382 01024492822 -- 3109383 01047205891 -- 3109384 01072341608 -- 3109385 01048207935 -- 3109386 01029783133 -- 3109387 01042000264 -- 3109388 01020667912 -- 3109389 01042211466 -- 3109390 01033212058 -- 3109391 01032754498 -- 3109392 01023577720 -- 3109393 01087168268 -- 3109394 01097393095 -- 3109395 01057663103 -- 3109396 01087118907 -- 3109397 01033235579 -- 3109398 01025947606 -- 3109399 01035289425 -- 3109400 01027391248 -- 3109401 01086078183 -- 3109402 01030525090 -- 3109403 01022673935 -- 3109404 01033148053 -- 3109405 01048572879 -- 3109406 01083775694 -- 3109407 01092030690 -- 3109408 01062220403 -- 3109409 01096950717 -- 3109410 01083682381 -- 3109411 01052414305 -- 3109412 01034608404 -- 3109413 01049314200 -- 3109414 01055447896 -- 3109415 01067478183 -- 3109416 01066014624 -- 3109417 01056518597 -- 3109418 01045848128 -- 3109419 01032151549 -- 3109420 01042703665 -- 3109421 01096179212 -- 3109422 01099599705 -- 3109423 01022612509 -- 3109424 01028075348 -- 3109425 01049206007 -- 3109426 01075380509 -- 3109427 01094227007 -- 3109428 01085560961 -- 3109429 01056787050 -- 3109430 01057670199 -- 3109431 01082223613 -- 3109432 01040403182 -- 3109433 01033786296 -- 3109434 01035848584 -- 3109435 01056184802 -- 3109436 01063654224 -- 3109437 01071021420 -- 3109438 01073304532 -- 3109439 01028292284 -- 3109440 01077779543 -- 3109441 01054601736 -- 3109442 01023551611 -- 3109443 01032954241 -- 3109444 01040567636 -- 3109445 01042057414 -- 3109446 01031851404 -- 3109447 01031872731 -- 3109448 01097803455 -- 3109449 01075223024 -- 3109450 01032252044 -- 3109451 01026351435 -- 3109452 01025402026 -- 3109453 01020106447 -- 3109454 01089355042 -- 3109455 01092262284 -- 3109456 01024780196 -- 3109457 01066013121 -- 3109458 01080806634 -- 3109459 01095085594 -- 3109460 01098823882 -- 3109461 01041233509 -- 3109462 01097523261 -- 3109463 01029558574 -- 3109464 01047078352 -- 3109465 01045407143 -- 3109466 01090409624 -- 3109467 01089966776 -- 3109468 01032595971 -- 3109469 01089172924 -- 3109470 01088215370 -- 3109471 01056433626 -- 3109472 01026188223 -- 3109473 01089704980 -- 3109474 01091979434 -- 3109475 01037398881 -- 3109476 01064377199 -- 3109477 01074402954 -- 3109478 01063725368 -- 3109479 01093883634 -- 3109480 01063284839 -- 3109481 01023626155 -- 3109482 01087894932 -- 3109483 01087298539 -- 3109484 01028037476 -- 3109485 01066365527 -- 3109486 01031674732 -- 3109487 01026174665 -- 3109488 01023455756 -- 3109489 01031047401 -- 3109490 01051202887 -- 3109491 01072261030 -- 3109492 01020021543 -- 3109493 01047688113 -- 3109494 01041809484 -- 3109495 01093680255 -- 3109496 01066867256 -- 3109497 01032175051 -- 3109498 01055781514 -- 3109499 01055826457 -- 3109500 01026935368 -- 3109501 01092767871 -- 3109502 01065927747 -- 3109503 01065617749 -- 3109504 01082552329 -- 3109505 01043797237 -- 3109506 01025075825 -- 3109507 01049426394 -- 3109508 01057451130 -- 3109509 01034212921 -- 3109510 01044184204 -- 3109511 01050806988 -- 3109512 01055269856 -- 3109513 01071517753 -- 3109514 01026987866 -- 3109515 01093364565 -- 3109516 01023017446 -- 3109517 01029405124 -- 3109518 01076341224 -- 3109519 01032688584 -- 3109520 01075820195 -- 3109521 01099759144 -- 3109522 01030242551 -- 3109523 01093242442 -- 3109524 01031471205 -- 3109525 01022786456 -- 3109526 01045577524 -- 3109527 01095450680 -- 3109528 01035583972 -- 3109529 01040075403 -- 3109530 01025556691 -- 3109531 01034519597 -- 3109532 01023993530 -- 3109533 01075679210 -- 3109534 01022492977 -- 3109535 01085881834 -- 3109536 01088592943 -- 3109537 01047011720 -- 3109538 01041142980 -- 3109539 01095728704 -- 3109540 01045278102 -- 3109541 01053929134 -- 3109542 01029500864 -- 3109543 01034347966 -- 3109544 01050981100 -- 3109545 01037496322 -- 3109546 01089888202 -- 3109547 01098079920 -- 3109548 01047669084 -- 3109549 01075590739 -- 3109550 01088790591 -- 3109551 01096249879 -- 3109552 01090838172 -- 3109553 01046101285 -- 3109554 01055407522 -- 3109555 01092745957 -- 3109556 01085237531 -- 3109557 01023613230 -- 3109558 01072847779 -- 3109559 01023178270 -- 3109560 01076669831 -- 3109561 01068990302 -- 3109562 01058500582 -- 3109563 01084675870 -- 3109564 01029238915 -- 3109565 01055765687 -- 3109566 01027455687 -- 3109567 01032849691 -- 3109568 01029071565 -- 3109569 01034434244 -- 3109570 01056052249 -- 3109571 01090088090 -- 3109572 01074121719 -- 3109573 01029090143 -- 3109574 01098389056 -- 3109575 01042177188 -- 3109576 01045116445 -- 3109577 01040718867 -- 3109578 01020275966 -- 3109579 01049229137 -- 3109580 01087134836 -- 3109581 01055115551 -- 3109582 01071355278 -- 3109583 01025003061 -- 3109584 01026423571 -- 3109585 01067230604 -- 3109586 01075690304 -- 3109587 01047847611 -- 3109588 01073309633 -- 3109589 01050451201 -- 3109590 01039415332 -- 3109591 01066025332 -- 3109592 01051544288 -- 3109593 01039471196 -- 3109594 01030000949 -- 3109595 01023301554 -- 3109596 01072370696 -- 3109597 01025783682 -- 3109598 01073773655 -- 3109599 01064125260 -- 3109600 01068482436 -- 3109601 01090088699 -- 3109602 01020389627 -- 3109603 01089621534 -- 3109604 01087256000 -- 3109605 01064337180 -- 3109606 01095620039 -- 3109607 01076750528 -- 3109608 01096002006 -- 3109609 01071667532 -- 3109610 01045559122 -- 3109611 01056601359 -- 3109612 01071941589 -- 3109613 01068781339 -- 3109614 01099867456 -- 3109615 01053307870 -- 3109616 01034853662 -- 3109617 01081208184 -- 3109618 01043189876 -- 3109619 01065164058 -- 3109620 01094800107 -- 3109621 01045052001 -- 3109622 01066634217 -- 3109623 01045898241 -- 3109624 01071413793 -- 
END   2022-08-05 16:00:03 --------------------------


START 2022-08-05 16:10:01 --------------------------
live
총 0 개 데이타 이동
END   2022-08-05 16:10:01 --------------------------


START 2022-08-05 16:20:02 --------------------------
live
총 0 개 데이타 이동
END   2022-08-05 16:20:02 --------------------------


START 2022-08-05 16:30:01 --------------------------
live
총 0 개 데이타 이동
END   2022-08-05 16:30:01 --------------------------


START 2022-08-05 16:40:01 --------------------------
live
총 0 개 데이타 이동
END   2022-08-05 16:40:01 --------------------------


START 2022-08-05 16:50:01 --------------------------
live
총 0 개 데이타 이동
END   2022-08-05 16:50:01 --------------------------


START 2022-08-05 17:00:01 --------------------------
live
총 0 개 데이타 이동
END   2022-08-05 17:00:01 --------------------------


START 2022-08-05 17:10:01 --------------------------
live
총 0 개 데이타 이동
END   2022-08-05 17:10:01 --------------------------


START 2022-08-05 17:20:01 --------------------------
live
총 0 개 데이타 이동
END   2022-08-05 17:20:01 --------------------------


START 2022-08-05 17:30:01 --------------------------
live
총 0 개 데이타 이동
END   2022-08-05 17:30:01 --------------------------


START 2022-08-05 17:40:01 --------------------------
live
총 0 개 데이타 이동
END   2022-08-05 17:40:01 --------------------------


START 2022-08-05 17:50:01 --------------------------
live
총 0 개 데이타 이동
END   2022-08-05 17:50:01 --------------------------


START 2022-08-05 18:00:01 --------------------------
live
총 0 개 데이타 이동
END   2022-08-05 18:00:01 --------------------------


START 2022-08-05 18:10:01 --------------------------
live
총 0 개 데이타 이동
END   2022-08-05 18:10:01 --------------------------


START 2022-08-05 18:20:01 --------------------------
live
총 0 개 데이타 이동
END   2022-08-05 18:20:01 --------------------------


START 2022-08-05 18:30:01 --------------------------
live
총 0 개 데이타 이동
END   2022-08-05 18:30:01 --------------------------


START 2022-08-05 18:40:01 --------------------------
live
총 0 개 데이타 이동
END   2022-08-05 18:40:01 --------------------------


START 2022-08-05 18:50:01 --------------------------
live
총 0 개 데이타 이동
END   2022-08-05 18:50:01 --------------------------


START 2022-08-05 19:00:01 --------------------------
live
총 0 개 데이타 이동
END   2022-08-05 19:00:02 --------------------------


START 2022-08-05 19:10:01 --------------------------
live
총 0 개 데이타 이동
END   2022-08-05 19:10:01 --------------------------


START 2022-08-05 19:20:01 --------------------------
live
총 0 개 데이타 이동
END   2022-08-05 19:20:01 --------------------------


START 2022-08-05 19:30:01 --------------------------
live
총 0 개 데이타 이동
END   2022-08-05 19:30:01 --------------------------


START 2022-08-05 19:40:01 --------------------------
live
총 0 개 데이타 이동
END   2022-08-05 19:40:01 --------------------------


START 2022-08-05 19:50:01 --------------------------
live
총 0 개 데이타 이동
END   2022-08-05 19:50:01 --------------------------


START 2022-08-05 20:00:01 --------------------------
live
총 0 개 데이타 이동
END   2022-08-05 20:00:01 --------------------------


START 2022-08-05 20:10:02 --------------------------
live
총 0 개 데이타 이동
END   2022-08-05 20:10:02 --------------------------


START 2022-08-05 20:20:01 --------------------------
live
총 0 개 데이타 이동
END   2022-08-05 20:20:01 --------------------------


START 2022-08-05 20:30:01 --------------------------
live
총 0 개 데이타 이동
END   2022-08-05 20:30:01 --------------------------


START 2022-08-05 20:40:01 --------------------------
live
총 0 개 데이타 이동
END   2022-08-05 20:40:01 --------------------------


START 2022-08-05 20:50:01 --------------------------
live
총 0 개 데이타 이동
END   2022-08-05 20:50:01 --------------------------


START 2022-08-05 21:00:01 --------------------------
live
총 0 개 데이타 이동
END   2022-08-05 21:00:01 --------------------------


START 2022-08-05 21:10:01 --------------------------
live
총 0 개 데이타 이동
END   2022-08-05 21:10:01 --------------------------


START 2022-08-05 21:20:01 --------------------------
live
총 0 개 데이타 이동
END   2022-08-05 21:20:01 --------------------------


START 2022-08-05 21:30:01 --------------------------
live
총 0 개 데이타 이동
END   2022-08-05 21:30:01 --------------------------


START 2022-08-05 21:40:01 --------------------------
live
총 0 개 데이타 이동
END   2022-08-05 21:40:01 --------------------------


START 2022-08-05 21:50:01 --------------------------
live
총 0 개 데이타 이동
END   2022-08-05 21:50:01 --------------------------


START 2022-08-05 22:00:01 --------------------------
live
총 0 개 데이타 이동
END   2022-08-05 22:00:01 --------------------------


START 2022-08-05 22:10:01 --------------------------
live
총 0 개 데이타 이동
END   2022-08-05 22:10:01 --------------------------


START 2022-08-05 22:20:01 --------------------------
live
총 0 개 데이타 이동
END   2022-08-05 22:20:01 --------------------------


START 2022-08-05 22:30:01 --------------------------
live
총 0 개 데이타 이동
END   2022-08-05 22:30:01 --------------------------


START 2022-08-05 22:40:01 --------------------------
live
총 0 개 데이타 이동
END   2022-08-05 22:40:01 --------------------------


START 2022-08-05 22:50:01 --------------------------
live
총 0 개 데이타 이동
END   2022-08-05 22:50:01 --------------------------


START 2022-08-05 23:00:01 --------------------------
live
총 0 개 데이타 이동
END   2022-08-05 23:00:01 --------------------------


START 2022-08-05 23:10:01 --------------------------
live
총 0 개 데이타 이동
END   2022-08-05 23:10:01 --------------------------


START 2022-08-05 23:20:01 --------------------------
live
총 0 개 데이타 이동
END   2022-08-05 23:20:01 --------------------------


START 2022-08-05 23:30:01 --------------------------
live
총 0 개 데이타 이동
END   2022-08-05 23:30:01 --------------------------


START 2022-08-05 23:40:01 --------------------------
live
총 0 개 데이타 이동
END   2022-08-05 23:40:01 --------------------------


START 2022-08-05 23:50:01 --------------------------
live
총 0 개 데이타 이동
END   2022-08-05 23:50:01 --------------------------


