START 2022-11-03 00:00:01 --------------------------
live
총 0 개 데이타 이동
END   2022-11-03 00:00:01 --------------------------


START 2022-11-03 00:10:01 --------------------------
live
총 0 개 데이타 이동
END   2022-11-03 00:10:01 --------------------------


START 2022-11-03 00:20:01 --------------------------
live
총 0 개 데이타 이동
END   2022-11-03 00:20:01 --------------------------


START 2022-11-03 00:30:01 --------------------------
live
총 0 개 데이타 이동
END   2022-11-03 00:30:01 --------------------------


START 2022-11-03 00:40:01 --------------------------
live
총 0 개 데이타 이동
END   2022-11-03 00:40:01 --------------------------


START 2022-11-03 00:50:02 --------------------------
live
총 0 개 데이타 이동
END   2022-11-03 00:50:02 --------------------------


START 2022-11-03 01:00:04 --------------------------
live
총 0 개 데이타 이동
END   2022-11-03 01:00:04 --------------------------


START 2022-11-03 01:10:01 --------------------------
live
총 0 개 데이타 이동
END   2022-11-03 01:10:01 --------------------------


START 2022-11-03 01:20:01 --------------------------
live
총 0 개 데이타 이동
END   2022-11-03 01:20:01 --------------------------


START 2022-11-03 01:30:01 --------------------------
live
총 0 개 데이타 이동
END   2022-11-03 01:30:01 --------------------------


START 2022-11-03 01:40:01 --------------------------
live
총 0 개 데이타 이동
END   2022-11-03 01:40:01 --------------------------


START 2022-11-03 01:50:01 --------------------------
live
총 0 개 데이타 이동
END   2022-11-03 01:50:01 --------------------------


START 2022-11-03 02:00:04 --------------------------
live
총 0 개 데이타 이동
END   2022-11-03 02:00:04 --------------------------


START 2022-11-03 02:10:01 --------------------------
live
총 0 개 데이타 이동
END   2022-11-03 02:10:01 --------------------------


START 2022-11-03 02:20:01 --------------------------
live
총 0 개 데이타 이동
END   2022-11-03 02:20:01 --------------------------


START 2022-11-03 02:30:01 --------------------------
live
총 0 개 데이타 이동
END   2022-11-03 02:30:01 --------------------------


START 2022-11-03 02:40:01 --------------------------
live
총 0 개 데이타 이동
END   2022-11-03 02:40:01 --------------------------


START 2022-11-03 02:50:01 --------------------------
live
총 0 개 데이타 이동
END   2022-11-03 02:50:01 --------------------------


START 2022-11-03 03:00:03 --------------------------
live
총 0 개 데이타 이동
END   2022-11-03 03:00:03 --------------------------


START 2022-11-03 03:10:01 --------------------------
live
총 0 개 데이타 이동
END   2022-11-03 03:10:01 --------------------------


START 2022-11-03 03:20:01 --------------------------
live
총 0 개 데이타 이동
END   2022-11-03 03:20:01 --------------------------


START 2022-11-03 03:30:02 --------------------------
live
총 0 개 데이타 이동
END   2022-11-03 03:30:02 --------------------------


START 2022-11-03 03:40:01 --------------------------
live
총 0 개 데이타 이동
END   2022-11-03 03:40:01 --------------------------


START 2022-11-03 03:50:01 --------------------------
live
총 0 개 데이타 이동
END   2022-11-03 03:50:01 --------------------------


START 2022-11-03 04:00:01 --------------------------
live
총 0 개 데이타 이동
END   2022-11-03 04:00:01 --------------------------


START 2022-11-03 04:10:02 --------------------------
live
총 0 개 데이타 이동
END   2022-11-03 04:10:02 --------------------------


START 2022-11-03 04:20:01 --------------------------
live
총 0 개 데이타 이동
END   2022-11-03 04:20:01 --------------------------


START 2022-11-03 04:30:01 --------------------------
live
총 0 개 데이타 이동
END   2022-11-03 04:30:01 --------------------------


START 2022-11-03 04:40:01 --------------------------
live
총 0 개 데이타 이동
END   2022-11-03 04:40:01 --------------------------


START 2022-11-03 04:50:01 --------------------------
live
총 0 개 데이타 이동
END   2022-11-03 04:50:02 --------------------------


START 2022-11-03 05:00:01 --------------------------
live
총 0 개 데이타 이동
END   2022-11-03 05:00:01 --------------------------


START 2022-11-03 05:10:01 --------------------------
live
총 0 개 데이타 이동
END   2022-11-03 05:10:01 --------------------------


START 2022-11-03 05:20:01 --------------------------
live
총 0 개 데이타 이동
END   2022-11-03 05:20:01 --------------------------


START 2022-11-03 05:30:05 --------------------------
live
총 0 개 데이타 이동
END   2022-11-03 05:30:05 --------------------------


START 2022-11-03 05:40:01 --------------------------
live
총 0 개 데이타 이동
END   2022-11-03 05:40:01 --------------------------


START 2022-11-03 05:50:01 --------------------------
live
총 0 개 데이타 이동
END   2022-11-03 05:50:01 --------------------------


START 2022-11-03 06:00:01 --------------------------
live
총 0 개 데이타 이동
END   2022-11-03 06:00:01 --------------------------


START 2022-11-03 06:10:01 --------------------------
live
총 0 개 데이타 이동
END   2022-11-03 06:10:01 --------------------------


START 2022-11-03 06:20:01 --------------------------
live
총 0 개 데이타 이동
END   2022-11-03 06:20:01 --------------------------


START 2022-11-03 06:30:02 --------------------------
live
총 0 개 데이타 이동
END   2022-11-03 06:30:02 --------------------------


START 2022-11-03 06:40:01 --------------------------
live
총 0 개 데이타 이동
END   2022-11-03 06:40:01 --------------------------


START 2022-11-03 06:50:01 --------------------------
live
총 0 개 데이타 이동
END   2022-11-03 06:50:01 --------------------------


START 2022-11-03 07:00:01 --------------------------
live
총 0 개 데이타 이동
END   2022-11-03 07:00:01 --------------------------


START 2022-11-03 07:10:01 --------------------------
live
총 0 개 데이타 이동
END   2022-11-03 07:10:01 --------------------------


START 2022-11-03 07:20:01 --------------------------
live
총 0 개 데이타 이동
END   2022-11-03 07:20:01 --------------------------


START 2022-11-03 07:30:01 --------------------------
live
총 0 개 데이타 이동
END   2022-11-03 07:30:01 --------------------------


START 2022-11-03 07:40:01 --------------------------
live
총 0 개 데이타 이동
END   2022-11-03 07:40:01 --------------------------


START 2022-11-03 07:50:01 --------------------------
live
총 0 개 데이타 이동
END   2022-11-03 07:50:01 --------------------------


START 2022-11-03 08:00:01 --------------------------
live
총 0 개 데이타 이동
END   2022-11-03 08:00:01 --------------------------


START 2022-11-03 08:10:02 --------------------------
live
총 0 개 데이타 이동
END   2022-11-03 08:10:02 --------------------------


START 2022-11-03 08:20:01 --------------------------
live
총 0 개 데이타 이동
END   2022-11-03 08:20:01 --------------------------


START 2022-11-03 08:30:01 --------------------------
live
총 0 개 데이타 이동
END   2022-11-03 08:30:01 --------------------------


START 2022-11-03 08:40:02 --------------------------
live
총 0 개 데이타 이동
END   2022-11-03 08:40:02 --------------------------


START 2022-11-03 08:50:01 --------------------------
live
총 0 개 데이타 이동
END   2022-11-03 08:50:01 --------------------------


START 2022-11-03 09:00:01 --------------------------
live
총 0 개 데이타 이동
END   2022-11-03 09:00:01 --------------------------


START 2022-11-03 09:10:01 --------------------------
live
총 0 개 데이타 이동
END   2022-11-03 09:10:01 --------------------------


START 2022-11-03 09:20:01 --------------------------
live
총 0 개 데이타 이동
END   2022-11-03 09:20:01 --------------------------


START 2022-11-03 09:30:01 --------------------------
live
총 0 개 데이타 이동
END   2022-11-03 09:30:01 --------------------------


START 2022-11-03 09:40:04 --------------------------
live
총 0 개 데이타 이동
END   2022-11-03 09:40:04 --------------------------


START 2022-11-03 09:50:01 --------------------------
live
총 0 개 데이타 이동
END   2022-11-03 09:50:01 --------------------------


START 2022-11-03 10:00:01 --------------------------
live
총 0 개 데이타 이동
END   2022-11-03 10:00:01 --------------------------


START 2022-11-03 10:10:01 --------------------------
live
총 0 개 데이타 이동
END   2022-11-03 10:10:01 --------------------------


START 2022-11-03 10:20:01 --------------------------
live
총 0 개 데이타 이동
END   2022-11-03 10:20:01 --------------------------


START 2022-11-03 10:30:01 --------------------------
live
총 0 개 데이타 이동
END   2022-11-03 10:30:01 --------------------------


START 2022-11-03 10:40:01 --------------------------
live
총 0 개 데이타 이동
END   2022-11-03 10:40:01 --------------------------


START 2022-11-03 10:50:01 --------------------------
live
총 0 개 데이타 이동
END   2022-11-03 10:50:01 --------------------------


START 2022-11-03 11:00:01 --------------------------
live
총 0 개 데이타 이동
END   2022-11-03 11:00:01 --------------------------


START 2022-11-03 11:10:01 --------------------------
live
총 0 개 데이타 이동
END   2022-11-03 11:10:01 --------------------------


START 2022-11-03 11:20:02 --------------------------
live
총 5 개 데이타 이동
데이타 이동 시작 *****
3111605 01037213621 -- 3111606 01056070130 -- 3111607 01056070130 -- 3111608 01082300118 -- 3111609 01088372069 -- 
END   2022-11-03 11:20:02 --------------------------


START 2022-11-03 11:30:01 --------------------------
live
총 0 개 데이타 이동
END   2022-11-03 11:30:01 --------------------------


START 2022-11-03 11:40:01 --------------------------
live
총 14 개 데이타 이동
데이타 이동 시작 *****
3111610 01024568888 -- 3111611 01056179090 -- 3111612 01080060401 -- 3111613 01032809295 -- 3111614 01088944740 -- 3111615 01067241409 -- 3111616 01064063972 -- 3111617 01086246176 -- 3111618 01047693024 -- 3111619 01048474041 -- 3111620 01090838172 -- 3111621 01050297528 -- 3111622 01082299622 -- 3111623 01033358065 -- 
END   2022-11-03 11:40:02 --------------------------


START 2022-11-03 11:50:01 --------------------------
live
총 0 개 데이타 이동
END   2022-11-03 11:50:01 --------------------------


START 2022-11-03 12:00:01 --------------------------
live
총 0 개 데이타 이동
END   2022-11-03 12:00:01 --------------------------


START 2022-11-03 12:10:01 --------------------------
live
총 0 개 데이타 이동
END   2022-11-03 12:10:01 --------------------------


START 2022-11-03 12:20:01 --------------------------
live
총 0 개 데이타 이동
END   2022-11-03 12:20:01 --------------------------


START 2022-11-03 12:30:01 --------------------------
live
총 0 개 데이타 이동
END   2022-11-03 12:30:01 --------------------------


START 2022-11-03 12:40:01 --------------------------
live
총 0 개 데이타 이동
END   2022-11-03 12:40:01 --------------------------


START 2022-11-03 12:50:01 --------------------------
live
총 0 개 데이타 이동
END   2022-11-03 12:50:01 --------------------------


START 2022-11-03 13:00:04 --------------------------
live
총 0 개 데이타 이동
END   2022-11-03 13:00:04 --------------------------


START 2022-11-03 13:10:01 --------------------------
live
총 0 개 데이타 이동
END   2022-11-03 13:10:01 --------------------------


START 2022-11-03 13:20:01 --------------------------
live
총 0 개 데이타 이동
END   2022-11-03 13:20:01 --------------------------


START 2022-11-03 13:30:01 --------------------------
live
총 0 개 데이타 이동
END   2022-11-03 13:30:01 --------------------------


START 2022-11-03 13:40:01 --------------------------
live
총 0 개 데이타 이동
END   2022-11-03 13:40:01 --------------------------


START 2022-11-03 13:50:01 --------------------------
live
총 0 개 데이타 이동
END   2022-11-03 13:50:01 --------------------------


START 2022-11-03 14:00:01 --------------------------
live
총 0 개 데이타 이동
END   2022-11-03 14:00:01 --------------------------


START 2022-11-03 14:10:01 --------------------------
live
총 0 개 데이타 이동
END   2022-11-03 14:10:01 --------------------------


START 2022-11-03 14:20:01 --------------------------
live
4 개의 삭제대상 레코드 발견
delete from cf_Msg_Tran where moved='Y' and Send_Time < now() - interval 30 DAY
4 개 삭제

총 0 개 데이타 이동
END   2022-11-03 14:20:01 --------------------------


START 2022-11-03 14:30:01 --------------------------
live
총 0 개 데이타 이동
END   2022-11-03 14:30:01 --------------------------


START 2022-11-03 14:40:01 --------------------------
live
총 0 개 데이타 이동
END   2022-11-03 14:40:01 --------------------------


START 2022-11-03 14:50:01 --------------------------
live
총 0 개 데이타 이동
END   2022-11-03 14:50:01 --------------------------


START 2022-11-03 15:00:01 --------------------------
live
총 0 개 데이타 이동
END   2022-11-03 15:00:01 --------------------------


START 2022-11-03 15:10:02 --------------------------
live
총 0 개 데이타 이동
END   2022-11-03 15:10:02 --------------------------


START 2022-11-03 15:20:01 --------------------------
live
총 0 개 데이타 이동
END   2022-11-03 15:20:01 --------------------------


START 2022-11-03 15:30:01 --------------------------
live
총 0 개 데이타 이동
END   2022-11-03 15:30:01 --------------------------


START 2022-11-03 15:40:02 --------------------------
live
총 0 개 데이타 이동
END   2022-11-03 15:40:02 --------------------------


START 2022-11-03 15:50:01 --------------------------
live
총 0 개 데이타 이동
END   2022-11-03 15:50:01 --------------------------


START 2022-11-03 16:00:01 --------------------------
live
총 0 개 데이타 이동
END   2022-11-03 16:00:01 --------------------------


START 2022-11-03 16:10:02 --------------------------
live
총 0 개 데이타 이동
END   2022-11-03 16:10:02 --------------------------


START 2022-11-03 16:20:01 --------------------------
live
총 0 개 데이타 이동
END   2022-11-03 16:20:01 --------------------------


START 2022-11-03 16:30:01 --------------------------
live
총 0 개 데이타 이동
END   2022-11-03 16:30:01 --------------------------


START 2022-11-03 16:40:01 --------------------------
live
총 0 개 데이타 이동
END   2022-11-03 16:40:01 --------------------------


START 2022-11-03 16:50:01 --------------------------
live
총 0 개 데이타 이동
END   2022-11-03 16:50:01 --------------------------


START 2022-11-03 17:00:01 --------------------------
live
총 0 개 데이타 이동
END   2022-11-03 17:00:01 --------------------------


START 2022-11-03 17:10:01 --------------------------
live
총 0 개 데이타 이동
END   2022-11-03 17:10:01 --------------------------


START 2022-11-03 17:20:02 --------------------------
live
총 0 개 데이타 이동
END   2022-11-03 17:20:02 --------------------------


START 2022-11-03 17:30:01 --------------------------
live
총 0 개 데이타 이동
END   2022-11-03 17:30:01 --------------------------


START 2022-11-03 17:40:01 --------------------------
live
총 0 개 데이타 이동
END   2022-11-03 17:40:01 --------------------------


START 2022-11-03 17:50:01 --------------------------
live
총 0 개 데이타 이동
END   2022-11-03 17:50:01 --------------------------


START 2022-11-03 18:00:01 --------------------------
live
총 0 개 데이타 이동
END   2022-11-03 18:00:01 --------------------------


START 2022-11-03 18:10:01 --------------------------
live
총 0 개 데이타 이동
END   2022-11-03 18:10:01 --------------------------


START 2022-11-03 18:20:01 --------------------------
live
총 0 개 데이타 이동
END   2022-11-03 18:20:01 --------------------------


START 2022-11-03 18:30:01 --------------------------
live
총 0 개 데이타 이동
END   2022-11-03 18:30:01 --------------------------


START 2022-11-03 18:40:01 --------------------------
live
총 0 개 데이타 이동
END   2022-11-03 18:40:01 --------------------------


START 2022-11-03 18:50:01 --------------------------
live
총 0 개 데이타 이동
END   2022-11-03 18:50:01 --------------------------


START 2022-11-03 19:00:01 --------------------------
live
총 0 개 데이타 이동
END   2022-11-03 19:00:01 --------------------------


START 2022-11-03 19:10:01 --------------------------
live
총 0 개 데이타 이동
END   2022-11-03 19:10:01 --------------------------


START 2022-11-03 19:20:01 --------------------------
live
총 0 개 데이타 이동
END   2022-11-03 19:20:01 --------------------------


START 2022-11-03 19:30:01 --------------------------
live
총 0 개 데이타 이동
END   2022-11-03 19:30:01 --------------------------


START 2022-11-03 19:40:01 --------------------------
live
총 0 개 데이타 이동
END   2022-11-03 19:40:01 --------------------------


START 2022-11-03 19:50:01 --------------------------
live
총 0 개 데이타 이동
END   2022-11-03 19:50:01 --------------------------


START 2022-11-03 20:00:01 --------------------------
live
총 0 개 데이타 이동
END   2022-11-03 20:00:01 --------------------------


START 2022-11-03 20:10:01 --------------------------
live
총 0 개 데이타 이동
END   2022-11-03 20:10:01 --------------------------


START 2022-11-03 20:20:02 --------------------------
live
총 0 개 데이타 이동
END   2022-11-03 20:20:02 --------------------------


START 2022-11-03 20:30:01 --------------------------
live
총 0 개 데이타 이동
END   2022-11-03 20:30:01 --------------------------


START 2022-11-03 20:40:01 --------------------------
live
총 0 개 데이타 이동
END   2022-11-03 20:40:01 --------------------------


START 2022-11-03 20:50:01 --------------------------
live
총 0 개 데이타 이동
END   2022-11-03 20:50:01 --------------------------


START 2022-11-03 21:00:01 --------------------------
live
총 0 개 데이타 이동
END   2022-11-03 21:00:01 --------------------------


START 2022-11-03 21:10:01 --------------------------
live
총 0 개 데이타 이동
END   2022-11-03 21:10:01 --------------------------


START 2022-11-03 21:20:01 --------------------------
live
총 0 개 데이타 이동
END   2022-11-03 21:20:01 --------------------------


START 2022-11-03 21:30:01 --------------------------
live
총 0 개 데이타 이동
END   2022-11-03 21:30:01 --------------------------


START 2022-11-03 21:40:01 --------------------------
live
총 0 개 데이타 이동
END   2022-11-03 21:40:01 --------------------------


START 2022-11-03 21:50:01 --------------------------
live
총 0 개 데이타 이동
END   2022-11-03 21:50:01 --------------------------


START 2022-11-03 22:00:01 --------------------------
live
총 0 개 데이타 이동
END   2022-11-03 22:00:01 --------------------------


START 2022-11-03 22:10:01 --------------------------
live
총 0 개 데이타 이동
END   2022-11-03 22:10:01 --------------------------


START 2022-11-03 22:20:01 --------------------------
live
총 0 개 데이타 이동
END   2022-11-03 22:20:02 --------------------------


START 2022-11-03 22:30:01 --------------------------
live
총 0 개 데이타 이동
END   2022-11-03 22:30:01 --------------------------


START 2022-11-03 22:40:01 --------------------------
live
총 0 개 데이타 이동
END   2022-11-03 22:40:01 --------------------------


START 2022-11-03 22:50:01 --------------------------
live
총 0 개 데이타 이동
END   2022-11-03 22:50:01 --------------------------


START 2022-11-03 23:00:01 --------------------------
live
총 0 개 데이타 이동
END   2022-11-03 23:00:01 --------------------------


START 2022-11-03 23:10:01 --------------------------
live
총 0 개 데이타 이동
END   2022-11-03 23:10:01 --------------------------


START 2022-11-03 23:20:04 --------------------------
live
총 0 개 데이타 이동
END   2022-11-03 23:20:04 --------------------------


START 2022-11-03 23:30:02 --------------------------
live
총 0 개 데이타 이동
END   2022-11-03 23:30:02 --------------------------


START 2022-11-03 23:40:01 --------------------------
live
총 0 개 데이타 이동
END   2022-11-03 23:40:01 --------------------------


START 2022-11-03 23:50:01 --------------------------
live
총 0 개 데이타 이동
END   2022-11-03 23:50:01 --------------------------


