START 2022-03-10 00:00:02 --------------------------
live
총 0 개 데이타 이동
END   2022-03-10 00:00:04 --------------------------


START 2022-03-10 00:10:01 --------------------------
live
총 0 개 데이타 이동
END   2022-03-10 00:10:04 --------------------------


START 2022-03-10 00:20:01 --------------------------
live
총 0 개 데이타 이동
END   2022-03-10 00:20:03 --------------------------


START 2022-03-10 00:30:01 --------------------------
live
총 0 개 데이타 이동
END   2022-03-10 00:30:03 --------------------------


START 2022-03-10 00:40:01 --------------------------
live
총 0 개 데이타 이동
END   2022-03-10 00:40:03 --------------------------


START 2022-03-10 00:50:02 --------------------------
live
총 0 개 데이타 이동
END   2022-03-10 00:50:04 --------------------------


START 2022-03-10 01:00:01 --------------------------
live
총 0 개 데이타 이동
END   2022-03-10 01:00:04 --------------------------


START 2022-03-10 01:10:01 --------------------------
live
총 0 개 데이타 이동
END   2022-03-10 01:10:04 --------------------------


START 2022-03-10 01:20:01 --------------------------
live
총 0 개 데이타 이동
END   2022-03-10 01:20:03 --------------------------


START 2022-03-10 01:30:01 --------------------------
live
총 0 개 데이타 이동
END   2022-03-10 01:30:03 --------------------------


START 2022-03-10 01:40:01 --------------------------
live
총 0 개 데이타 이동
END   2022-03-10 01:40:03 --------------------------


START 2022-03-10 01:50:02 --------------------------
live
총 0 개 데이타 이동
END   2022-03-10 01:50:04 --------------------------


START 2022-03-10 02:00:02 --------------------------
live
총 0 개 데이타 이동
END   2022-03-10 02:00:04 --------------------------


START 2022-03-10 02:10:01 --------------------------
live
총 0 개 데이타 이동
END   2022-03-10 02:10:03 --------------------------


START 2022-03-10 02:20:01 --------------------------
live
총 0 개 데이타 이동
END   2022-03-10 02:20:03 --------------------------


START 2022-03-10 02:30:01 --------------------------
live
총 0 개 데이타 이동
END   2022-03-10 02:30:03 --------------------------


START 2022-03-10 02:40:01 --------------------------
live
총 0 개 데이타 이동
END   2022-03-10 02:40:03 --------------------------


START 2022-03-10 02:50:02 --------------------------
live
총 0 개 데이타 이동
END   2022-03-10 02:50:04 --------------------------


START 2022-03-10 03:00:02 --------------------------
live
총 0 개 데이타 이동
END   2022-03-10 03:00:04 --------------------------


START 2022-03-10 03:10:01 --------------------------
live
총 0 개 데이타 이동
END   2022-03-10 03:10:03 --------------------------


START 2022-03-10 03:20:01 --------------------------
live
총 0 개 데이타 이동
END   2022-03-10 03:20:03 --------------------------


START 2022-03-10 03:30:01 --------------------------
live
총 0 개 데이타 이동
END   2022-03-10 03:30:03 --------------------------


START 2022-03-10 03:40:01 --------------------------
live
총 0 개 데이타 이동
END   2022-03-10 03:40:03 --------------------------


START 2022-03-10 03:50:02 --------------------------
live
총 0 개 데이타 이동
END   2022-03-10 03:50:04 --------------------------


START 2022-03-10 04:00:01 --------------------------
live
총 0 개 데이타 이동
END   2022-03-10 04:00:04 --------------------------


START 2022-03-10 04:10:02 --------------------------
live
총 0 개 데이타 이동
END   2022-03-10 04:10:04 --------------------------


START 2022-03-10 04:20:01 --------------------------
live
총 0 개 데이타 이동
END   2022-03-10 04:20:03 --------------------------


START 2022-03-10 04:30:01 --------------------------
live
총 0 개 데이타 이동
END   2022-03-10 04:30:03 --------------------------


START 2022-03-10 04:40:01 --------------------------
live
총 0 개 데이타 이동
END   2022-03-10 04:40:03 --------------------------


START 2022-03-10 04:50:01 --------------------------
live
총 0 개 데이타 이동
END   2022-03-10 04:50:03 --------------------------


START 2022-03-10 05:00:02 --------------------------
live
총 0 개 데이타 이동
END   2022-03-10 05:00:04 --------------------------


START 2022-03-10 05:10:01 --------------------------
live
총 0 개 데이타 이동
END   2022-03-10 05:10:03 --------------------------


START 2022-03-10 05:20:01 --------------------------
live
총 0 개 데이타 이동
END   2022-03-10 05:20:03 --------------------------


START 2022-03-10 05:30:02 --------------------------
live
총 0 개 데이타 이동
END   2022-03-10 05:30:04 --------------------------


START 2022-03-10 05:40:02 --------------------------
live
총 0 개 데이타 이동
END   2022-03-10 05:40:04 --------------------------


START 2022-03-10 05:50:01 --------------------------
live
총 0 개 데이타 이동
END   2022-03-10 05:50:03 --------------------------


START 2022-03-10 06:00:01 --------------------------
live
총 0 개 데이타 이동
END   2022-03-10 06:00:03 --------------------------


START 2022-03-10 06:10:01 --------------------------
live
총 0 개 데이타 이동
END   2022-03-10 06:10:03 --------------------------


START 2022-03-10 06:20:01 --------------------------
live
총 0 개 데이타 이동
END   2022-03-10 06:20:03 --------------------------


START 2022-03-10 06:30:01 --------------------------
live
총 0 개 데이타 이동
END   2022-03-10 06:30:03 --------------------------


START 2022-03-10 06:40:02 --------------------------
live
총 0 개 데이타 이동
END   2022-03-10 06:40:04 --------------------------


START 2022-03-10 06:50:02 --------------------------
live
총 0 개 데이타 이동
END   2022-03-10 06:50:04 --------------------------


START 2022-03-10 07:00:02 --------------------------
live
총 0 개 데이타 이동
END   2022-03-10 07:00:04 --------------------------


START 2022-03-10 07:10:02 --------------------------
live
총 0 개 데이타 이동
END   2022-03-10 07:10:04 --------------------------


START 2022-03-10 07:20:02 --------------------------
live
총 0 개 데이타 이동
END   2022-03-10 07:20:04 --------------------------


START 2022-03-10 07:30:02 --------------------------
live
총 0 개 데이타 이동
END   2022-03-10 07:30:04 --------------------------


START 2022-03-10 07:40:02 --------------------------
live
총 0 개 데이타 이동
END   2022-03-10 07:40:04 --------------------------


START 2022-03-10 07:50:02 --------------------------
live
총 0 개 데이타 이동
END   2022-03-10 07:50:04 --------------------------


START 2022-03-10 08:00:02 --------------------------
live
총 0 개 데이타 이동
END   2022-03-10 08:00:04 --------------------------


START 2022-03-10 08:10:02 --------------------------
live
총 0 개 데이타 이동
END   2022-03-10 08:10:04 --------------------------


START 2022-03-10 08:20:02 --------------------------
live
총 0 개 데이타 이동
END   2022-03-10 08:20:04 --------------------------


START 2022-03-10 08:30:01 --------------------------
live
총 0 개 데이타 이동
END   2022-03-10 08:30:03 --------------------------


START 2022-03-10 08:40:01 --------------------------
live
총 0 개 데이타 이동
END   2022-03-10 08:40:03 --------------------------


START 2022-03-10 08:50:01 --------------------------
live
총 0 개 데이타 이동
END   2022-03-10 08:50:03 --------------------------


START 2022-03-10 09:00:01 --------------------------
live
총 0 개 데이타 이동
END   2022-03-10 09:00:03 --------------------------


START 2022-03-10 09:10:01 --------------------------
live
총 0 개 데이타 이동
END   2022-03-10 09:10:03 --------------------------


START 2022-03-10 09:20:01 --------------------------
live
총 0 개 데이타 이동
END   2022-03-10 09:20:03 --------------------------


START 2022-03-10 09:30:01 --------------------------
live
총 0 개 데이타 이동
END   2022-03-10 09:30:03 --------------------------


START 2022-03-10 09:40:01 --------------------------
live
총 0 개 데이타 이동
END   2022-03-10 09:40:03 --------------------------


START 2022-03-10 09:50:01 --------------------------
live
총 0 개 데이타 이동
END   2022-03-10 09:50:04 --------------------------


START 2022-03-10 10:00:01 --------------------------
live
총 0 개 데이타 이동
END   2022-03-10 10:00:03 --------------------------


START 2022-03-10 10:10:01 --------------------------
live
총 0 개 데이타 이동
END   2022-03-10 10:10:03 --------------------------


START 2022-03-10 10:20:01 --------------------------
live
총 0 개 데이타 이동
END   2022-03-10 10:20:04 --------------------------


START 2022-03-10 10:30:01 --------------------------
live
총 0 개 데이타 이동
END   2022-03-10 10:30:03 --------------------------


START 2022-03-10 10:40:02 --------------------------
live
총 0 개 데이타 이동
END   2022-03-10 10:40:04 --------------------------


START 2022-03-10 10:50:02 --------------------------
live
총 0 개 데이타 이동
END   2022-03-10 10:50:04 --------------------------


START 2022-03-10 11:00:02 --------------------------
live
총 0 개 데이타 이동
END   2022-03-10 11:00:04 --------------------------


START 2022-03-10 11:10:02 --------------------------
live
총 0 개 데이타 이동
END   2022-03-10 11:10:04 --------------------------


START 2022-03-10 11:20:01 --------------------------
live
총 0 개 데이타 이동
END   2022-03-10 11:20:03 --------------------------


START 2022-03-10 11:30:01 --------------------------
live
총 0 개 데이타 이동
END   2022-03-10 11:30:03 --------------------------


START 2022-03-10 11:40:02 --------------------------
live
총 0 개 데이타 이동
END   2022-03-10 11:40:04 --------------------------


START 2022-03-10 11:50:02 --------------------------
live
총 0 개 데이타 이동
END   2022-03-10 11:50:04 --------------------------


START 2022-03-10 12:00:01 --------------------------
live
총 0 개 데이타 이동
END   2022-03-10 12:00:03 --------------------------


START 2022-03-10 12:10:01 --------------------------
live
총 0 개 데이타 이동
END   2022-03-10 12:10:05 --------------------------


START 2022-03-10 12:20:01 --------------------------
live
총 0 개 데이타 이동
END   2022-03-10 12:20:03 --------------------------


START 2022-03-10 12:30:02 --------------------------
live
총 0 개 데이타 이동
END   2022-03-10 12:30:04 --------------------------


START 2022-03-10 12:40:01 --------------------------
live
총 0 개 데이타 이동
END   2022-03-10 12:40:04 --------------------------


START 2022-03-10 12:50:02 --------------------------
live
총 0 개 데이타 이동
END   2022-03-10 12:50:04 --------------------------


START 2022-03-10 13:00:01 --------------------------
live
총 0 개 데이타 이동
END   2022-03-10 13:00:04 --------------------------


START 2022-03-10 13:10:02 --------------------------
live
총 0 개 데이타 이동
END   2022-03-10 13:10:05 --------------------------


START 2022-03-10 13:20:02 --------------------------
live
총 0 개 데이타 이동
END   2022-03-10 13:20:04 --------------------------


START 2022-03-10 13:30:02 --------------------------
live
총 0 개 데이타 이동
END   2022-03-10 13:30:04 --------------------------


START 2022-03-10 13:40:02 --------------------------
live
총 0 개 데이타 이동
END   2022-03-10 13:40:04 --------------------------


START 2022-03-10 13:50:01 --------------------------
live
총 0 개 데이타 이동
END   2022-03-10 13:50:03 --------------------------


START 2022-03-10 14:00:01 --------------------------
live
총 0 개 데이타 이동
END   2022-03-10 14:00:03 --------------------------


START 2022-03-10 14:10:01 --------------------------
live
총 0 개 데이타 이동
END   2022-03-10 14:10:03 --------------------------


START 2022-03-10 14:20:02 --------------------------
live
총 0 개 데이타 이동
END   2022-03-10 14:20:04 --------------------------


START 2022-03-10 14:30:02 --------------------------
live
총 0 개 데이타 이동
END   2022-03-10 14:30:04 --------------------------


START 2022-03-10 14:40:02 --------------------------
live
총 0 개 데이타 이동
END   2022-03-10 14:40:04 --------------------------


START 2022-03-10 14:50:01 --------------------------
live
총 0 개 데이타 이동
END   2022-03-10 14:50:03 --------------------------


START 2022-03-10 15:00:01 --------------------------
live
총 0 개 데이타 이동
END   2022-03-10 15:00:03 --------------------------


START 2022-03-10 15:10:02 --------------------------
live
총 0 개 데이타 이동
END   2022-03-10 15:10:04 --------------------------


START 2022-03-10 15:20:01 --------------------------
live
총 0 개 데이타 이동
END   2022-03-10 15:20:03 --------------------------


START 2022-03-10 15:30:01 --------------------------
live
총 0 개 데이타 이동
END   2022-03-10 15:30:03 --------------------------


START 2022-03-10 15:40:01 --------------------------
live
총 0 개 데이타 이동
END   2022-03-10 15:40:03 --------------------------


START 2022-03-10 15:50:01 --------------------------
live
총 0 개 데이타 이동
END   2022-03-10 15:50:03 --------------------------


START 2022-03-10 16:00:01 --------------------------
live
총 0 개 데이타 이동
END   2022-03-10 16:00:03 --------------------------


START 2022-03-10 16:10:02 --------------------------
live
총 0 개 데이타 이동
END   2022-03-10 16:10:04 --------------------------


START 2022-03-10 16:20:02 --------------------------
live
총 1000 개 데이타 이동
데이타 이동 시작 *****
3101509 01098309957 -- 3101510 01097669334 -- 3101511 01062423173 -- 3101512 01026839435 -- 3101513 01031283922 -- 3101514 01035387732 -- 3101515 01063086726 -- 3101516 01024253055 -- 3101517 01048693330 -- 3101518 01048079271 -- 3101519 01073755750 -- 3101520 01045731929 -- 3101521 01020247748 -- 3101522 01096382018 -- 3101523 01033038920 -- 3101524 01099135682 -- 3101525 01087498974 -- 3101526 01048686253 -- 3101527 01039738287 -- 3101528 01029996010 -- 3101529 01079409724 -- 3101530 01073774477 -- 3101531 01059631266 -- 3101532 01024895557 -- 3101533 01056598348 -- 3101534 01025398942 -- 3101535 01059233234 -- 3101536 01088996119 -- 3101537 01063276573 -- 3101538 01083835663 -- 3101539 01059139958 -- 3101540 01025128623 -- 3101541 01098068727 -- 3101542 01026067760 -- 3101543 01036757301 -- 3101544 01092578077 -- 3101545 01093193117 -- 3101546 01037583476 -- 3101547 01020239378 -- 3101548 01087157515 -- 3101549 01026926737 -- 3101550 01056688213 -- 3101551 01068750923 -- 3101552 01056554618 -- 3101553 01087876598 -- 3101554 01041623810 -- 3101555 01047567843 -- 3101556 01076160112 -- 3101557 01099182473 -- 3101558 01040617000 -- 3101559 01043444766 -- 3101560 01022091329 -- 3101561 01091212629 -- 3101562 01065055635 -- 3101563 01053315780 -- 3101564 01068861257 -- 3101565 01023831397 -- 3101566 01045931368 -- 3101567 01062115723 -- 3101568 01038426308 -- 3101569 01091156308 -- 3101570 01087902843 -- 3101571 01033867296 -- 3101572 01022118082 -- 3101573 01085952664 -- 3101574 01099114359 -- 3101575 01038811472 -- 3101576 01055739161 -- 3101577 01064411641 -- 3101578 01026685844 -- 3101579 01043195339 -- 3101580 01023644456 -- 3101581 01075786647 -- 3101582 01086966231 -- 3101583 01091231204 -- 3101584 01023962245 -- 3101585 01063843020 -- 3101586 01071022262 -- 3101587 01096317832 -- 3101588 01050877589 -- 3101589 01075599752 -- 3101590 01065609293 -- 3101591 01035451560 -- 3101592 01083611683 -- 3101593 01082664752 -- 3101594 01099727585 -- 3101595 01025501722 -- 3101596 01041330069 -- 3101597 01048359117 -- 3101598 01035663840 -- 3101599 01053132934 -- 3101600 01096120106 -- 3101601 01020022642 -- 3101602 01029950126 -- 3101603 01084673830 -- 3101604 01093385751 -- 3101605 01045608802 -- 3101606 01098897667 -- 3101607 01067230604 -- 3101608 01030953534 -- 3101609 01075690304 -- 3101610 01077504327 -- 3101611 01054064369 -- 3101612 01071536499 -- 3101613 01025126476 -- 3101614 01020588781 -- 3101615 01020159981 -- 3101616 01089565938 -- 3101617 01035692382 -- 3101618 01077623639 -- 3101619 01058156689 -- 3101620 01040247874 -- 3101621 01082327513 -- 3101622 01084113342 -- 3101623 01027075707 -- 3101624 01022784172 -- 3101625 01073998005 -- 3101626 01056932468 -- 3101627 01072795002 -- 3101628 01034387891 -- 3101629 01067999110 -- 3101630 01025567537 -- 3101631 01023756791 -- 3101632 01034152324 -- 3101633 01072442324 -- 3101634 01065871199 -- 3101635 01028434501 -- 3101636 01093155323 -- 3101637 01045629964 -- 3101638 01087400868 -- 3101639 01044679733 -- 3101640 01045106199 -- 3101641 01068990203 -- 3101642 01073381045 -- 3101643 01067857201 -- 3101644 01057423108 -- 3101645 01029096209 -- 3101646 01048000130 -- 3101647 01021538890 -- 3101648 01022105559 -- 3101649 01087209332 -- 3101650 01088343603 -- 3101651 01031291482 -- 3101652 01045646021 -- 3101653 01079405799 -- 3101654 01098837653 -- 3101655 01090017488 -- 3101656 01075184553 -- 3101657 01095520806 -- 3101658 01023925197 -- 3101659 01049150365 -- 3101660 01089860478 -- 3101661 01024818005 -- 3101662 01099814599 -- 3101663 01054535543 -- 3101664 01091560259 -- 3101665 01033045713 -- 3101666 01020249063 -- 3101667 01095606636 -- 3101668 01037215026 -- 3101669 01087565469 -- 3101670 01053657338 -- 3101671 01087032038 -- 3101672 01022732716 -- 3101673 01044176004 -- 3101674 01094585345 -- 3101675 01062849939 -- 3101676 01063474977 -- 3101677 01086307428 -- 3101678 01062591484 -- 3101679 01080609317 -- 3101680 01041996067 -- 3101681 01026899216 -- 3101682 01062669086 -- 3101683 01071533626 -- 3101684 01026103417 -- 3101685 01083860874 -- 3101686 01064654593 -- 3101687 01098215010 -- 3101688 01032637702 -- 3101689 01054035129 -- 3101690 01028405272 -- 3101691 01039565061 -- 3101692 01064211450 -- 3101693 01033145942 -- 3101694 01021545554 -- 3101695 01028775531 -- 3101696 01035361865 -- 3101697 01035287797 -- 3101698 01037300894 -- 3101699 01076665880 -- 3101700 01033206858 -- 3101701 01020403707 -- 3101702 01020889627 -- 3101703 01036342977 -- 3101704 01076205278 -- 3101705 01057033638 -- 3101706 01085029782 -- 3101707 01043655966 -- 3101708 01062305568 -- 3101709 01032155389 -- 3101710 01046754745 -- 3101711 01037162496 -- 3101712 01057665819 -- 3101713 01085046254 -- 3101714 01048780245 -- 3101715 01046762464 -- 3101716 01029131538 -- 3101717 01098023692 -- 3101718 01084413648 -- 3101719 01090308820 -- 3101720 01097806578 -- 3101721 01064762058 -- 3101722 01093532970 -- 3101723 01087030670 -- 3101724 01062931139 -- 3101725 01064310386 -- 3101726 01091275614 -- 3101727 01067559110 -- 3101728 01098558031 -- 3101729 01099434664 -- 3101730 01027298145 -- 3101731 01076017230 -- 3101732 01038756757 -- 3101733 01063705828 -- 3101734 01093585046 -- 3101735 01054101242 -- 3101736 01076346345 -- 3101737 01087017978 -- 3101738 01086005101 -- 3101739 01074996557 -- 3101740 01027474973 -- 3101741 01039301909 -- 3101742 01048454899 -- 3101743 01094980938 -- 3101744 01073424700 -- 3101745 01087332476 -- 3101746 01064391724 -- 3101747 01035353223 -- 3101748 01023024290 -- 3101749 01047875042 -- 3101750 01045684807 -- 3101751 01054094752 -- 3101752 01067242546 -- 3101753 01058640421 -- 3101754 01047319722 -- 3101755 01031905135 -- 3101756 01038850555 -- 3101757 01037750835 -- 3101758 01029355564 -- 3101759 01096480992 -- 3101760 01048837049 -- 3101761 01063332009 -- 3101762 01025025941 -- 3101763 01062018925 -- 3101764 01064955628 -- 3101765 01031662227 -- 3101766 01071413825 -- 3101767 01052344706 -- 3101768 01034553075 -- 3101769 01022639807 -- 3101770 01062442003 -- 3101771 01051917370 -- 3101772 01054959558 -- 3101773 01023339794 -- 3101774 01076226151 -- 3101775 01088254951 -- 3101776 01036188586 -- 3101777 01077402058 -- 3101778 01093287824 -- 3101779 01093686375 -- 3101780 01046458657 -- 3101781 01033731816 -- 3101782 01055213837 -- 3101783 01056620464 -- 3101784 01054679718 -- 3101785 01062448609 -- 3101786 01034915184 -- 3101787 01071113881 -- 3101788 01040737008 -- 3101789 01046367479 -- 3101790 01088818363 -- 3101791 01025102064 -- 3101792 01083494478 -- 3101793 01063746100 -- 3101794 01076743575 -- 3101795 01046098933 -- 3101796 01094433562 -- 3101797 01088392907 -- 3101798 01036522082 -- 3101799 01076734619 -- 3101800 01025797324 -- 3101801 01025677407 -- 3101802 01039159315 -- 3101803 01099018514 -- 3101804 01028578805 -- 3101805 01065605624 -- 3101806 01037087413 -- 3101807 01047326441 -- 3101808 01033944119 -- 3101809 01057771535 -- 3101810 01049911582 -- 3101811 01052422012 -- 3101812 01091709183 -- 3101813 01027119320 -- 3101814 01043249012 -- 3101815 01020581053 -- 3101816 01099988829 -- 3101817 01032745645 -- 3101818 01046360531 -- 3101819 01071975358 -- 3101820 01063673515 -- 3101821 01081092842 -- 3101822 01032596962 -- 3101823 01026265880 -- 3101824 01067042938 -- 3101825 01074252602 -- 3101826 01024737730 -- 3101827 01029915944 -- 3101828 01071366869 -- 3101829 01026153001 -- 3101830 01093193825 -- 3101831 01041822415 -- 3101832 01083106766 -- 3101833 01091988881 -- 3101834 01071735318 -- 3101835 01027689631 -- 3101836 01058648004 -- 3101837 01025832817 -- 3101838 01076732279 -- 3101839 01031113420 -- 3101840 01045681593 -- 3101841 01074587899 -- 3101842 01087387691 -- 3101843 01058589458 -- 3101844 01022182207 -- 3101845 01034046359 -- 3101846 01089377110 -- 3101847 01093325661 -- 3101848 01091411017 -- 3101849 01026530506 -- 3101850 01050635076 -- 3101851 01073924123 -- 3101852 01059337168 -- 3101853 01024400421 -- 3101854 01063879522 -- 3101855 01099891848 -- 3101856 01032250204 -- 3101857 01029732819 -- 3101858 01093183511 -- 3101859 01084984422 -- 3101860 01047847611 -- 3101861 01032731615 -- 3101862 01046185321 -- 3101863 01046057559 -- 3101864 01054252877 -- 3101865 01097176966 -- 3101866 01034469501 -- 3101867 01046209083 -- 3101868 01094418246 -- 3101869 01044993993 -- 3101870 01025940973 -- 3101871 01062544133 -- 3101872 01056742264 -- 3101873 01073355210 -- 3101874 01041339588 -- 3101875 01083118562 -- 3101876 01058557544 -- 3101877 01050796404 -- 3101878 01022914623 -- 3101879 01042853927 -- 3101880 01081469726 -- 3101881 01030905919 -- 3101882 01052862827 -- 3101883 01053435685 -- 3101884 01091722563 -- 3101885 01041823885 -- 3101886 01064486611 -- 3101887 01087253259 -- 3101888 01053758387 -- 3101889 01022699497 -- 3101890 01086126856 -- 3101891 01064775868 -- 3101892 01027681348 -- 3101893 01031398315 -- 3101894 01032793001 -- 3101895 01089714156 -- 3101896 01073309633 -- 3101897 01047035729 -- 3101898 01091297788 -- 3101899 01095352630 -- 3101900 01045638180 -- 3101901 01090796669 -- 3101902 01093032235 -- 3101903 01090319221 -- 3101904 01030122247 -- 3101905 01064993549 -- 3101906 01066816485 -- 3101907 01033528352 -- 3101908 01023715401 -- 3101909 01091850608 -- 3101910 01077230273 -- 3101911 01026859834 -- 3101912 01089188802 -- 3101913 01020386036 -- 3101914 01024707063 -- 3101915 01057584176 -- 3101916 01037079483 -- 3101917 01034243217 -- 3101918 01066420750 -- 3101919 01038899999 -- 3101920 01025379772 -- 3101921 01053094827 -- 3101922 01052716921 -- 3101923 01055230487 -- 3101924 01044874909 -- 3101925 01025409664 -- 3101926 01062293711 -- 3101927 01041637327 -- 3101928 01023255860 -- 3101929 01071443622 -- 3101930 01087996313 -- 3101931 01072042225 -- 3101932 01047135925 -- 3101933 01074666654 -- 3101934 01093943721 -- 3101935 01087758867 -- 3101936 01087134675 -- 3101937 01071361980 -- 3101938 01021105473 -- 3101939 01048100334 -- 3101940 01041635520 -- 3101941 01026752857 -- 3101942 01056539986 -- 3101943 01093791932 -- 3101944 01042349760 -- 3101945 01041028871 -- 3101946 01072311041 -- 3101947 01058867540 -- 3101948 01057853088 -- 3101949 01024602768 -- 3101950 01066207675 -- 3101951 01044997169 -- 3101952 01089726520 -- 3101953 01046915913 -- 3101954 01075722906 -- 3101955 01062279506 -- 3101956 01040422047 -- 3101957 01077630767 -- 3101958 01077549006 -- 3101959 01039024578 -- 3101960 01020094040 -- 3101961 01020208093 -- 3101962 01048031679 -- 3101963 01041149519 -- 3101964 01058867612 -- 3101965 01090887374 -- 3101966 01088617775 -- 3101967 01064774364 -- 3101968 01092415396 -- 3101969 01092268173 -- 3101970 01074695134 -- 3101971 01026241325 -- 3101972 01091806809 -- 3101973 01092242734 -- 3101974 01036586252 -- 3101975 01096606506 -- 3101976 01088178509 -- 3101977 01094041978 -- 3101978 01082955421 -- 3101979 01034802253 -- 3101980 01020055305 -- 3101981 01065626439 -- 3101982 01094966425 -- 3101983 01043531548 -- 3101984 01055110331 -- 3101985 01040259436 -- 3101986 01035994558 -- 3101987 01053378869 -- 3101988 01054579385 -- 3101989 01063068262 -- 3101990 01067613742 -- 3101991 01073327613 -- 3101992 01041235815 -- 3101993 01025011650 -- 3101994 01099015419 -- 3101995 01029395437 -- 3101996 01031319999 -- 3101997 01096048806 -- 3101998 01068053454 -- 3101999 01063392274 -- 3102000 01067744188 -- 3102001 01045544567 -- 3102002 01091601229 -- 3102003 01085106381 -- 3102004 01066392036 -- 3102005 01021993298 -- 3102006 01028992597 -- 3102007 01095192929 -- 3102008 01098804607 -- 3102009 01092937280 -- 3102010 01031245227 -- 3102011 01031325392 -- 3102012 01091190571 -- 3102013 01079248384 -- 3102014 01075823792 -- 3102015 01082693955 -- 3102016 01055778299 -- 3102017 01088079440 -- 3102018 01059119526 -- 3102019 01058441922 -- 3102020 01071116701 -- 3102021 01030384217 -- 3102022 01028770903 -- 3102023 01092568434 -- 3102024 01049824253 -- 3102025 01024377885 -- 3102026 01030185500 -- 3102027 01050458955 -- 3102028 01054210934 -- 3102029 01025650465 -- 3102030 01023918870 -- 3102031 01088489524 -- 3102032 01066440921 -- 3102033 01071953746 -- 3102034 01052271007 -- 3102035 01092302437 -- 3102036 01074132820 -- 3102037 01031938403 -- 3102038 01040714639 -- 3102039 01074652023 -- 3102040 01086952029 -- 3102041 01058539177 -- 3102042 01052786285 -- 3102043 01088680057 -- 3102044 01045731140 -- 3102045 01087495924 -- 3102046 01038920171 -- 3102047 01086530962 -- 3102048 01095040412 -- 3102049 01090322261 -- 3102050 01053780903 -- 3102051 01024459095 -- 3102052 01022403308 -- 3102053 01087907777 -- 3102054 01072222211 -- 3102055 01089327930 -- 3102056 01074225722 -- 3102057 01035503518 -- 3102058 01062546774 -- 3102059 01052651665 -- 3102060 01083056877 -- 3102061 01098941533 -- 3102062 01066540204 -- 3102063 01044451483 -- 3102064 01059367116 -- 3102065 01075725315 -- 3102066 01036380787 -- 3102067 01056427703 -- 3102068 01096448701 -- 3102069 01074494200 -- 3102070 01025618145 -- 3102071 01089762818 -- 3102072 01045178538 -- 3102073 01022512866 -- 3102074 01026605229 -- 3102075 01023133228 -- 3102076 01037853508 -- 3102077 01055954167 -- 3102078 01036401221 -- 3102079 01027514340 -- 3102080 01025266207 -- 3102081 01075279502 -- 3102082 01077734256 -- 3102083 01035673551 -- 3102084 01050556014 -- 3102085 01035023670 -- 3102086 01052880935 -- 3102087 01062738862 -- 3102088 01036575943 -- 3102089 01099389304 -- 3102090 01024617223 -- 3102091 01089889234 -- 3102092 01087500711 -- 3102093 01046265403 -- 3102094 01041505820 -- 3102095 01089052472 -- 3102096 01054135750 -- 3102097 01065320637 -- 3102098 01086610018 -- 3102099 01093380253 -- 3102100 01050841523 -- 3102101 01075941172 -- 3102102 01065376987 -- 3102103 01087026974 -- 3102104 01090628532 -- 3102105 01092230561 -- 3102106 01036689054 -- 3102107 01075798731 -- 3102108 01057878573 -- 3102109 01096377872 -- 3102110 01020298620 -- 3102111 01030164388 -- 3102112 01093043230 -- 3102113 01065236591 -- 3102114 01034408197 -- 3102115 01042115529 -- 3102116 01035779461 -- 3102117 01055444525 -- 3102118 01055832115 -- 3102119 01031349984 -- 3102120 01037477191 -- 3102121 01027695705 -- 3102122 01053748149 -- 3102123 01048409679 -- 3102124 01085826395 -- 3102125 01088569668 -- 3102126 01035587480 -- 3102127 01042686949 -- 3102128 01022368377 -- 3102129 01022327686 -- 3102130 01066026674 -- 3102131 01071653205 -- 3102132 01098135049 -- 3102133 01082480301 -- 3102134 01051615263 -- 3102135 01023644924 -- 3102136 01035742131 -- 3102137 01021082097 -- 3102138 01076008338 -- 3102139 01053751384 -- 3102140 01071489814 -- 3102141 01050136508 -- 3102142 01051541914 -- 3102143 01059209272 -- 3102144 01059446005 -- 3102145 01025596947 -- 3102146 01039932938 -- 3102147 01080034258 -- 3102148 01092498148 -- 3102149 01047992689 -- 3102150 01086269300 -- 3102151 01083757635 -- 3102152 01064505257 -- 3102153 01051057844 -- 3102154 01029733827 -- 3102155 01036402313 -- 3102156 01023524309 -- 3102157 01090855619 -- 3102158 01041858155 -- 3102159 01031705642 -- 3102160 01036545436 -- 3102161 01082645332 -- 3102162 01039395625 -- 3102163 01039415332 -- 3102164 01086990784 -- 3102165 01063716744 -- 3102166 01082801406 -- 3102167 01076795101 -- 3102168 01066025332 -- 3102169 01026451489 -- 3102170 01045562341 -- 3102171 01041639739 -- 3102172 01053305657 -- 3102173 01096719457 -- 3102174 01077390441 -- 3102175 01094581424 -- 3102176 01077889061 -- 3102177 01028881247 -- 3102178 01045404966 -- 3102179 01085832581 -- 3102180 01053118796 -- 3102181 01052524285 -- 3102182 01093917334 -- 3102183 01085404585 -- 3102184 01097633344 -- 3102185 01072879005 -- 3102186 01035519422 -- 3102187 01067314661 -- 3102188 01082861568 -- 3102189 01096953991 -- 3102190 01048650514 -- 3102191 01087295454 -- 3102192 01053795244 -- 3102193 01068680680 -- 3102194 01084544551 -- 3102195 01075421318 -- 3102196 01058247792 -- 3102197 01064012491 -- 3102198 01051210824 -- 3102199 01051047740 -- 3102200 01090701927 -- 3102201 01092036451 -- 3102202 01066056501 -- 3102203 01022209618 -- 3102204 01089160786 -- 3102205 01074532726 -- 3102206 01037651572 -- 3102207 01040796532 -- 3102208 01080767942 -- 3102209 01035359940 -- 3102210 01023449404 -- 3102211 01080822952 -- 3102212 01081550194 -- 3102213 01038638512 -- 3102214 01094161092 -- 3102215 01030840112 -- 3102216 01068890728 -- 3102217 01071524952 -- 3102218 01038381958 -- 3102219 01039227463 -- 3102220 01020587949 -- 3102221 01053877875 -- 3102222 01098925970 -- 3102223 01071058058 -- 3102224 01092031368 -- 3102225 01093507866 -- 3102226 01047611316 -- 3102227 01024360919 -- 3102228 01025118639 -- 3102229 01083791950 -- 3102230 01030539088 -- 3102231 01050581659 -- 3102232 01020019354 -- 3102233 01099196056 -- 3102234 01050256676 -- 3102235 01043560277 -- 3102236 01074004682 -- 3102237 01023974454 -- 3102238 01032397299 -- 3102239 01074960111 -- 3102240 01045172468 -- 3102241 01056158973 -- 3102242 01065811208 -- 3102243 01064206056 -- 3102244 01059346110 -- 3102245 01041563931 -- 3102246 01020780137 -- 3102247 01033967700 -- 3102248 01084849605 -- 3102249 01045225059 -- 3102250 01040050130 -- 3102251 01028063177 -- 3102252 01071263957 -- 3102253 01075136939 -- 3102254 01065240400 -- 3102255 01058746763 -- 3102256 01058333275 -- 3102257 01084658543 -- 3102258 01031754554 -- 3102259 01091226586 -- 3102260 01055818527 -- 3102261 01034048737 -- 3102262 01072153917 -- 3102263 01065435067 -- 3102264 01047136399 -- 3102265 01056832641 -- 3102266 01089616442 -- 3102267 01090039681 -- 3102268 01095541644 -- 3102269 01094847879 -- 3102270 01064094659 -- 3102271 01076333256 -- 3102272 01076730703 -- 3102273 01043551702 -- 3102274 01059362634 -- 3102275 01036860670 -- 3102276 01042084012 -- 3102277 01058751516 -- 3102278 01035445303 -- 3102279 01031859381 -- 3102280 01029383355 -- 3102281 01029245153 -- 3102282 01074115453 -- 3102283 01025036478 -- 3102284 01029207932 -- 3102285 01025630357 -- 3102286 01094239486 -- 3102287 01084183533 -- 3102288 01091862805 -- 3102289 01068920001 -- 3102290 01072461626 -- 3102291 01046728165 -- 3102292 01090603513 -- 3102293 01093358030 -- 3102294 01092897417 -- 3102295 01053391723 -- 3102296 01052156648 -- 3102297 01064482408 -- 3102298 01096602052 -- 3102299 01099244373 -- 3102300 01074167213 -- 3102301 01093953995 -- 3102302 01055061178 -- 3102303 01022358679 -- 3102304 01040045957 -- 3102305 01089984792 -- 3102306 01082148878 -- 3102307 01075519178 -- 3102308 01032428287 -- 3102309 01047078451 -- 3102310 01039106431 -- 3102311 01037892102 -- 3102312 01097813225 -- 3102313 01088660272 -- 3102314 01084131371 -- 3102315 01092750385 -- 3102316 01092768480 -- 3102317 01095158350 -- 3102318 01041008424 -- 3102319 01091666915 -- 3102320 01038089482 -- 3102321 01057072095 -- 3102322 01099413354 -- 3102323 01096279122 -- 3102324 01048610412 -- 3102325 01075355892 -- 3102326 01030950800 -- 3102327 01024064514 -- 3102328 01033883528 -- 3102329 01082248821 -- 3102330 01093439046 -- 3102331 01062106300 -- 3102332 01037849653 -- 3102333 01042202081 -- 3102334 01073115734 -- 3102335 01094343063 -- 3102336 01093091144 -- 3102337 01035730639 -- 3102338 01032990796 -- 3102339 01096711022 -- 3102340 01044955001 -- 3102341 01090223514 -- 3102342 01077336886 -- 3102343 01028548879 -- 3102344 01056758035 -- 3102345 01055942240 -- 3102346 01074144004 -- 3102347 01026986886 -- 3102348 01083837384 -- 3102349 01059237936 -- 3102350 01032812330 -- 3102351 01064331918 -- 3102352 01052954950 -- 3102353 01050127717 -- 3102354 01085395842 -- 3102355 01096828864 -- 3102356 01021092633 -- 3102357 01045491910 -- 3102358 01085871502 -- 3102359 01033979596 -- 3102360 01021005693 -- 3102361 01052531897 -- 3102362 01049110265 -- 3102363 01097907433 -- 3102364 01093059512 -- 3102365 01051849807 -- 3102366 01089408044 -- 3102367 01040724874 -- 3102368 01048587451 -- 3102369 01045685864 -- 3102370 01075702879 -- 3102371 01084180313 -- 3102372 01089964444 -- 3102373 01081381475 -- 3102374 01098984845 -- 3102375 01099409505 -- 3102376 01087525179 -- 3102377 01090937623 -- 3102378 01023119832 -- 3102379 01058252522 -- 3102380 01075522819 -- 3102381 01090844233 -- 3102382 01089578948 -- 3102383 01022669475 -- 3102384 01064520364 -- 3102385 01022992799 -- 3102386 01064737410 -- 3102387 01032206874 -- 3102388 01097724939 -- 3102389 01022914053 -- 3102390 01052404952 -- 3102391 01037153181 -- 3102392 01088538963 -- 3102393 01034998918 -- 3102394 01088249978 -- 3102395 01081524736 -- 3102396 01036846834 -- 3102397 01039761560 -- 3102398 01027287247 -- 3102399 01077697879 -- 3102400 01090369709 -- 3102401 01056512014 -- 3102402 01027224697 -- 3102403 01086669774 -- 3102404 01087408635 -- 3102405 01021558660 -- 3102406 01045587040 -- 3102407 01071444719 -- 3102408 01030231595 -- 3102409 01029362778 -- 3102410 01047270298 -- 3102411 01066002727 -- 3102412 01020046478 -- 3102413 01041774174 -- 3102414 01023373304 -- 3102415 01087003857 -- 3102416 01062610911 -- 3102417 01086321976 -- 3102418 01041234338 -- 3102419 01057145506 -- 3102420 01051443965 -- 3102421 01053819914 -- 3102422 01090088985 -- 3102423 01049303332 -- 3102424 01089637407 -- 3102425 01059642110 -- 3102426 01046162009 -- 3102427 01095154870 -- 3102428 01045520360 -- 3102429 01062331490 -- 3102430 01075249363 -- 3102431 01021317524 -- 3102432 01084893672 -- 3102433 01077526167 -- 3102434 01047455570 -- 3102435 01065215536 -- 3102436 01095515516 -- 3102437 01025181619 -- 3102438 01066543288 -- 3102439 01076839377 -- 3102440 01022421537 -- 3102441 01062550264 -- 3102442 01077127268 -- 3102443 01021570680 -- 3102444 01047025832 -- 3102445 01074076222 -- 3102446 01044921044 -- 3102447 01029112534 -- 3102448 01032175816 -- 3102449 01023381251 -- 3102450 01096865350 -- 3102451 01035701744 -- 3102452 01037160221 -- 3102453 01095773162 -- 3102454 01042529520 -- 3102455 01045417728 -- 3102456 01045841544 -- 3102457 01054249498 -- 3102458 01031521401 -- 3102459 01074093027 -- 3102460 01096208490 -- 3102461 01089558564 -- 3102462 01033659345 -- 3102463 01076482967 -- 3102464 01050845841 -- 3102465 01048350811 -- 3102466 01027551675 -- 3102467 01086494204 -- 3102468 01059260216 -- 3102469 01085577144 -- 3102470 01050629418 -- 3102471 01020531050 -- 3102472 01077933958 -- 3102473 01037871391 -- 3102474 01093035342 -- 3102475 01080255373 -- 3102476 01039335218 -- 3102477 01032108335 -- 3102478 01077793699 -- 3102479 01020939593 -- 3102480 01073807532 -- 3102481 01047022311 -- 3102482 01028339045 -- 3102483 01083888076 -- 3102484 01051731034 -- 3102485 01034201451 -- 3102486 01042026700 -- 3102487 01039104849 -- 3102488 01027795832 -- 3102489 01073854125 -- 3102490 01052357261 -- 3102491 01083343535 -- 3102492 01088032757 -- 3102493 01062148040 -- 3102494 01025346476 -- 3102495 01042941290 -- 3102496 01094709634 -- 3102497 01033800746 -- 3102498 01031696112 -- 3102499 01080883060 -- 3102500 01041237322 -- 3102501 01023497857 -- 3102502 01054971488 -- 3102503 01073191031 -- 3102504 01075302511 -- 3102505 01048675706 -- 3102506 01072502945 -- 3102507 01094056510 -- 3102508 01046075456 -- 
END   2022-03-10 16:20:10 --------------------------


START 2022-03-10 16:30:02 --------------------------
live
총 428 개 데이타 이동
데이타 이동 시작 *****
3102509 01089173006 -- 3102510 01062607317 -- 3102511 01032522648 -- 3102512 01041406210 -- 3102513 01022302146 -- 3102514 01052895056 -- 3102515 01037866867 -- 3102516 01025125207 -- 3102517 01063341879 -- 3102518 01077741244 -- 3102519 01066000718 -- 3102520 01072921451 -- 3102521 01023229235 -- 3102522 01066830428 -- 3102523 01043194004 -- 3102524 01066522027 -- 3102525 01023610423 -- 3102526 01031171060 -- 3102527 01035432776 -- 3102528 01035862696 -- 3102529 01046829277 -- 3102530 01081933565 -- 3102531 01047999722 -- 3102532 01022636000 -- 3102533 01097672212 -- 3102534 01030556912 -- 3102535 01094610489 -- 3102536 01098799133 -- 3102537 01053551258 -- 3102538 01031932898 -- 3102539 01053679780 -- 3102540 01024902452 -- 3102541 01090627588 -- 3102542 01037523099 -- 3102543 01021971186 -- 3102544 01090699106 -- 3102545 01028019831 -- 3102546 01090617814 -- 3102547 01057790220 -- 3102548 01043480520 -- 3102549 01087023506 -- 3102550 01040822069 -- 3102551 01062501111 -- 3102552 01062538841 -- 3102553 01033238250 -- 3102554 01039135155 -- 3102555 01062455338 -- 3102556 01091802093 -- 3102557 01023592489 -- 3102558 01048339743 -- 3102559 01093923086 -- 3102560 01066055858 -- 3102561 01022316758 -- 3102562 01089583810 -- 3102563 01051544288 -- 3102564 01045477769 -- 3102565 01054874894 -- 3102566 01071705380 -- 3102567 01050838503 -- 3102568 01076977272 -- 3102569 01032022408 -- 3102570 01042523579 -- 3102571 01022538701 -- 3102572 01020268233 -- 3102573 01090480550 -- 3102574 01062011807 -- 3102575 01048828853 -- 3102576 01086557449 -- 3102577 01072721482 -- 3102578 01095082788 -- 3102579 01087796199 -- 3102580 01091263091 -- 3102581 01089118999 -- 3102582 01052012608 -- 3102583 01045016286 -- 3102584 01083728819 -- 3102585 01045396837 -- 3102586 01022087458 -- 3102587 01071574337 -- 3102588 01090451816 -- 3102589 01048755864 -- 3102590 01033841259 -- 3102591 01058053435 -- 3102592 01082000473 -- 3102593 01045406673 -- 3102594 01093127674 -- 3102595 01090851882 -- 3102596 01054443079 -- 3102597 01038028880 -- 3102598 01026769458 -- 3102599 01050027997 -- 3102600 01065336789 -- 3102601 01071935372 -- 3102602 01079232511 -- 3102603 01062781724 -- 3102604 01085003180 -- 3102605 01037700679 -- 3102606 01072741235 -- 3102607 01085210441 -- 3102608 01047896597 -- 3102609 01035991318 -- 3102610 01053643254 -- 3102611 01053616165 -- 3102612 01077279084 -- 3102613 01090913959 -- 3102614 01079328312 -- 3102615 01035334424 -- 3102616 01055803244 -- 3102617 01088009333 -- 3102618 01089011598 -- 3102619 01029961551 -- 3102620 01036652725 -- 3102621 01026597116 -- 3102622 01053492976 -- 3102623 01089841694 -- 3102624 01050829807 -- 3102625 01027635865 -- 3102626 01093592337 -- 3102627 01021590113 -- 3102628 01051803932 -- 3102629 01023776292 -- 3102630 01036495840 -- 3102631 01082276431 -- 3102632 01038851587 -- 3102633 01099359096 -- 3102634 01073997328 -- 3102635 01046151842 -- 3102636 01028377031 -- 3102637 01034784646 -- 3102638 01084639580 -- 3102639 01049775689 -- 3102640 01063817858 -- 3102641 01041556260 -- 3102642 01028125043 -- 3102643 01020467694 -- 3102644 01059241129 -- 3102645 01094669918 -- 3102646 01053516795 -- 3102647 01087767390 -- 3102648 01028489171 -- 3102649 01096399904 -- 3102650 01075832052 -- 3102651 01023783045 -- 3102652 01087514031 -- 3102653 01032093929 -- 3102654 01086394224 -- 3102655 01033478532 -- 3102656 01041655667 -- 3102657 01037243250 -- 3102658 01020205131 -- 3102659 01026462973 -- 3102660 01058641210 -- 3102661 01050377787 -- 3102662 01074417530 -- 3102663 01097219277 -- 3102664 01077495610 -- 3102665 01082015776 -- 3102666 01023864772 -- 3102667 01044059829 -- 3102668 01039940574 -- 3102669 01051218885 -- 3102670 01063455865 -- 3102671 01026422838 -- 3102672 01043011119 -- 3102673 01098633738 -- 3102674 01033713504 -- 3102675 01030354672 -- 3102676 01066987814 -- 3102677 01026809462 -- 3102678 01087410153 -- 3102679 01064442848 -- 3102680 01065620710 -- 3102681 01045097624 -- 3102682 01038367338 -- 3102683 01064211379 -- 3102684 01022901963 -- 3102685 01051377701 -- 3102686 01039801068 -- 3102687 01068254825 -- 3102688 01071282385 -- 3102689 01042040576 -- 3102690 01087603078 -- 3102691 01053692837 -- 3102692 01036653799 -- 3102693 01057895816 -- 3102694 01066370721 -- 3102695 01035505829 -- 3102696 01098104789 -- 3102697 01024621344 -- 3102698 01093143939 -- 3102699 01031649725 -- 3102700 01043461074 -- 3102701 01045708276 -- 3102702 01099681648 -- 3102703 01064960645 -- 3102704 01071367889 -- 3102705 01041540748 -- 3102706 01035855047 -- 3102707 01033408292 -- 3102708 01026866543 -- 3102709 01062011560 -- 3102710 01065220109 -- 3102711 01036778685 -- 3102712 01029225276 -- 3102713 01055401269 -- 3102714 01040407345 -- 3102715 01026117831 -- 3102716 01087922681 -- 3102717 01062408500 -- 3102718 01052464099 -- 3102719 01053714782 -- 3102720 01087133520 -- 3102721 01032730334 -- 3102722 01021603003 -- 3102723 01052898008 -- 3102724 01074005018 -- 3102725 01092667769 -- 3102726 01093967778 -- 3102727 01054491053 -- 3102728 01088641189 -- 3102729 01067552478 -- 3102730 01030035487 -- 3102731 01072847245 -- 3102732 01086357697 -- 3102733 01026178210 -- 3102734 01097620399 -- 3102735 01023106810 -- 3102736 01024300933 -- 3102737 01054655332 -- 3102738 01044443969 -- 3102739 01031360690 -- 3102740 01059192158 -- 3102741 01088854216 -- 3102742 01057391832 -- 3102743 01091397633 -- 3102744 01050327743 -- 3102745 01047613453 -- 3102746 01080060391 -- 3102747 01076670425 -- 3102748 01057956413 -- 3102749 01090192016 -- 3102750 01027105537 -- 3102751 01050986709 -- 3102752 01064020111 -- 3102753 01085340581 -- 3102754 01022969482 -- 3102755 01087025760 -- 3102756 01082417941 -- 3102757 01054412215 -- 3102758 01044589125 -- 3102759 01085313380 -- 3102760 01046827893 -- 3102761 01058362937 -- 3102762 01024452327 -- 3102763 01043369441 -- 3102764 01040247587 -- 3102765 01036870622 -- 3102766 01042729308 -- 3102767 01056634178 -- 3102768 01079364533 -- 3102769 01082844803 -- 3102770 01035874857 -- 3102771 01065890729 -- 3102772 01045581571 -- 3102773 01053202411 -- 3102774 01087912296 -- 3102775 01076878488 -- 3102776 01022932724 -- 3102777 01085811920 -- 3102778 01087348681 -- 3102779 01088243708 -- 3102780 01032081192 -- 3102781 01042514652 -- 3102782 01087071892 -- 3102783 01098575739 -- 3102784 01022797811 -- 3102785 01022305383 -- 3102786 01091482423 -- 3102787 01076604612 -- 3102788 01029740751 -- 3102789 01067638249 -- 3102790 01031005173 -- 3102791 01062298373 -- 3102792 01047228491 -- 3102793 01076702267 -- 3102794 01028405449 -- 3102795 01048970885 -- 3102796 01053096618 -- 3102797 01098083881 -- 3102798 01025462031 -- 3102799 01089528017 -- 3102800 01073235065 -- 3102801 01029682560 -- 3102802 01043994982 -- 3102803 01043376081 -- 3102804 01027136303 -- 3102805 01083018010 -- 3102806 01031742173 -- 3102807 01076686158 -- 3102808 01062931736 -- 3102809 01098568971 -- 3102810 01087221946 -- 3102811 01051907669 -- 3102812 01066388361 -- 3102813 01026384832 -- 3102814 01099335896 -- 3102815 01044181276 -- 3102816 01028397675 -- 3102817 01052787158 -- 3102818 01089338645 -- 3102819 01033245280 -- 3102820 01037187575 -- 3102821 01029933821 -- 3102822 01049344213 -- 3102823 01034678979 -- 3102824 01023588490 -- 3102825 01051652155 -- 3102826 01057253893 -- 3102827 01053855111 -- 3102828 01050291343 -- 3102829 01099570050 -- 3102830 01059506162 -- 3102831 01036305869 -- 3102832 01050660285 -- 3102833 01093226427 -- 3102834 01056935645 -- 3102835 01077093201 -- 3102836 01093878507 -- 3102837 01021504942 -- 3102838 01091888788 -- 3102839 01067029925 -- 3102840 01023571300 -- 3102841 01037181993 -- 3102842 01080710331 -- 3102843 01026160653 -- 3102844 01055734117 -- 3102845 01025189211 -- 3102846 01083116596 -- 3102847 01099508509 -- 3102848 01066622129 -- 3102849 01057633822 -- 3102850 01026209345 -- 3102851 01041092437 -- 3102852 01058824707 -- 3102853 01085569772 -- 3102854 01034006689 -- 3102855 01099415612 -- 3102856 01047625842 -- 3102857 01099798926 -- 3102858 01067058118 -- 3102859 01087524099 -- 3102860 01062681842 -- 3102861 01071287111 -- 3102862 01077084114 -- 3102863 01092047999 -- 3102864 01032371017 -- 3102865 01085577611 -- 3102866 01029085775 -- 3102867 01026234950 -- 3102868 01040089818 -- 3102869 01020135520 -- 3102870 01065941927 -- 3102871 01097537833 -- 3102872 01093278611 -- 3102873 01032554670 -- 3102874 01089430059 -- 3102875 01022574148 -- 3102876 01087868577 -- 3102877 01088012903 -- 3102878 01097746507 -- 3102879 01054197585 -- 3102880 01028417585 -- 3102881 01088014978 -- 3102882 01026705279 -- 3102883 01074754045 -- 3102884 01047032037 -- 3102885 01027014260 -- 3102886 01025321570 -- 3102887 01057285038 -- 3102888 01094483147 -- 3102889 01094667768 -- 3102890 01054245340 -- 3102891 01085798525 -- 3102892 01043502141 -- 3102893 01033152419 -- 3102894 01036897811 -- 3102895 01087392002 -- 3102896 01031369875 -- 3102897 01071474512 -- 3102898 01054589803 -- 3102899 01097997388 -- 3102900 01073211055 -- 3102901 01082470088 -- 3102902 01094457142 -- 3102903 01054441983 -- 3102904 01025628563 -- 3102905 01054219533 -- 3102906 01057657533 -- 3102907 01091684740 -- 3102908 01088729101 -- 3102909 01097717319 -- 3102910 01087205077 -- 3102911 01030957585 -- 3102912 01056907203 -- 3102913 01034252477 -- 3102914 01063307866 -- 3102915 01051687696 -- 3102916 01035979846 -- 3102917 01091354167 -- 3102918 01033720735 -- 3102919 01031011866 -- 3102920 01022702606 -- 3102921 01028805677 -- 3102922 01052679548 -- 3102923 01064556654 -- 3102924 01050998953 -- 3102925 01099068436 -- 3102926 01026044675 -- 3102927 01051080336 -- 3102928 01085848121 -- 3102929 01088502682 -- 3102930 01080256199 -- 3102931 01036143877 -- 3102932 01035906838 -- 3102933 01020506610 -- 3102934 01064372153 -- 3102935 01063258463 -- 3102936 01091167454 -- 
END   2022-03-10 16:30:08 --------------------------


START 2022-03-10 16:40:01 --------------------------
live
총 0 개 데이타 이동
END   2022-03-10 16:40:03 --------------------------


START 2022-03-10 16:50:01 --------------------------
live
총 0 개 데이타 이동
END   2022-03-10 16:50:03 --------------------------


START 2022-03-10 17:00:02 --------------------------
live
총 0 개 데이타 이동
END   2022-03-10 17:00:04 --------------------------


START 2022-03-10 17:10:02 --------------------------
live
총 0 개 데이타 이동
END   2022-03-10 17:10:04 --------------------------


START 2022-03-10 17:20:02 --------------------------
live
총 0 개 데이타 이동
END   2022-03-10 17:20:04 --------------------------


START 2022-03-10 17:30:02 --------------------------
live
총 0 개 데이타 이동
END   2022-03-10 17:30:04 --------------------------


START 2022-03-10 17:40:01 --------------------------
live
총 0 개 데이타 이동
END   2022-03-10 17:40:03 --------------------------


START 2022-03-10 17:50:01 --------------------------
live
총 0 개 데이타 이동
END   2022-03-10 17:50:03 --------------------------


START 2022-03-10 18:00:01 --------------------------
live
총 0 개 데이타 이동
END   2022-03-10 18:00:04 --------------------------


START 2022-03-10 18:10:02 --------------------------
live
총 0 개 데이타 이동
END   2022-03-10 18:10:04 --------------------------


START 2022-03-10 18:20:02 --------------------------
live
총 0 개 데이타 이동
END   2022-03-10 18:20:04 --------------------------


START 2022-03-10 18:30:02 --------------------------
live
총 0 개 데이타 이동
END   2022-03-10 18:30:04 --------------------------


START 2022-03-10 18:40:01 --------------------------
live
총 0 개 데이타 이동
END   2022-03-10 18:40:03 --------------------------


START 2022-03-10 18:50:01 --------------------------
live
총 0 개 데이타 이동
END   2022-03-10 18:50:03 --------------------------


START 2022-03-10 19:00:01 --------------------------
live
총 0 개 데이타 이동
END   2022-03-10 19:00:03 --------------------------


START 2022-03-10 19:10:01 --------------------------
live
총 0 개 데이타 이동
END   2022-03-10 19:10:03 --------------------------


START 2022-03-10 19:20:01 --------------------------
live
총 0 개 데이타 이동
END   2022-03-10 19:20:03 --------------------------


START 2022-03-10 19:30:01 --------------------------
live
총 0 개 데이타 이동
END   2022-03-10 19:30:04 --------------------------


START 2022-03-10 19:40:01 --------------------------
live
총 0 개 데이타 이동
END   2022-03-10 19:40:03 --------------------------


START 2022-03-10 19:50:01 --------------------------
live
총 0 개 데이타 이동
END   2022-03-10 19:50:04 --------------------------


START 2022-03-10 20:00:02 --------------------------
live
총 0 개 데이타 이동
END   2022-03-10 20:00:04 --------------------------


START 2022-03-10 20:10:02 --------------------------
live
총 0 개 데이타 이동
END   2022-03-10 20:10:04 --------------------------


START 2022-03-10 20:20:02 --------------------------
live
총 0 개 데이타 이동
END   2022-03-10 20:20:04 --------------------------


START 2022-03-10 20:30:02 --------------------------
live
총 0 개 데이타 이동
END   2022-03-10 20:30:04 --------------------------


START 2022-03-10 20:40:02 --------------------------
live
총 0 개 데이타 이동
END   2022-03-10 20:40:04 --------------------------


START 2022-03-10 20:50:02 --------------------------
live
총 0 개 데이타 이동
END   2022-03-10 20:50:04 --------------------------


START 2022-03-10 21:00:01 --------------------------
live
총 0 개 데이타 이동
END   2022-03-10 21:00:03 --------------------------


START 2022-03-10 21:10:01 --------------------------
live
총 0 개 데이타 이동
END   2022-03-10 21:10:03 --------------------------


START 2022-03-10 21:20:01 --------------------------
live
총 0 개 데이타 이동
END   2022-03-10 21:20:03 --------------------------


START 2022-03-10 21:30:01 --------------------------
live
총 0 개 데이타 이동
END   2022-03-10 21:30:03 --------------------------


START 2022-03-10 21:40:01 --------------------------
live
총 0 개 데이타 이동
END   2022-03-10 21:40:03 --------------------------


START 2022-03-10 21:50:01 --------------------------
live
총 0 개 데이타 이동
END   2022-03-10 21:50:03 --------------------------


START 2022-03-10 22:00:01 --------------------------
live
총 0 개 데이타 이동
END   2022-03-10 22:00:04 --------------------------


START 2022-03-10 22:10:01 --------------------------
live
총 0 개 데이타 이동
END   2022-03-10 22:10:04 --------------------------


START 2022-03-10 22:20:01 --------------------------
live
총 0 개 데이타 이동
END   2022-03-10 22:20:03 --------------------------


START 2022-03-10 22:30:01 --------------------------
live
총 0 개 데이타 이동
END   2022-03-10 22:30:03 --------------------------


START 2022-03-10 22:40:01 --------------------------
live
총 0 개 데이타 이동
END   2022-03-10 22:40:04 --------------------------


START 2022-03-10 22:50:01 --------------------------
live
총 0 개 데이타 이동
END   2022-03-10 22:50:04 --------------------------


START 2022-03-10 23:00:01 --------------------------
live
총 0 개 데이타 이동
END   2022-03-10 23:00:03 --------------------------


START 2022-03-10 23:10:02 --------------------------
live
총 0 개 데이타 이동
END   2022-03-10 23:10:04 --------------------------


START 2022-03-10 23:20:01 --------------------------
live
총 0 개 데이타 이동
END   2022-03-10 23:20:03 --------------------------


START 2022-03-10 23:30:01 --------------------------
live
총 0 개 데이타 이동
END   2022-03-10 23:30:03 --------------------------


START 2022-03-10 23:40:01 --------------------------
live
총 0 개 데이타 이동
END   2022-03-10 23:40:03 --------------------------


START 2022-03-10 23:50:01 --------------------------
live
총 0 개 데이타 이동
END   2022-03-10 23:50:03 --------------------------


