START 2022-10-12 00:00:01 --------------------------
live
총 0 개 데이타 이동
END   2022-10-12 00:00:01 --------------------------


START 2022-10-12 00:10:02 --------------------------
live
총 0 개 데이타 이동
END   2022-10-12 00:10:02 --------------------------


START 2022-10-12 00:20:01 --------------------------
live
총 0 개 데이타 이동
END   2022-10-12 00:20:01 --------------------------


START 2022-10-12 00:30:01 --------------------------
live
총 0 개 데이타 이동
END   2022-10-12 00:30:01 --------------------------


START 2022-10-12 00:40:01 --------------------------
live
총 0 개 데이타 이동
END   2022-10-12 00:40:01 --------------------------


START 2022-10-12 00:50:02 --------------------------
live
총 0 개 데이타 이동
END   2022-10-12 00:50:02 --------------------------


START 2022-10-12 01:00:03 --------------------------
live
총 0 개 데이타 이동
END   2022-10-12 01:00:03 --------------------------


START 2022-10-12 01:10:02 --------------------------
live
총 0 개 데이타 이동
END   2022-10-12 01:10:02 --------------------------


START 2022-10-12 01:20:01 --------------------------
live
총 0 개 데이타 이동
END   2022-10-12 01:20:01 --------------------------


START 2022-10-12 01:30:01 --------------------------
live
총 0 개 데이타 이동
END   2022-10-12 01:30:01 --------------------------


START 2022-10-12 01:40:01 --------------------------
live
총 0 개 데이타 이동
END   2022-10-12 01:40:01 --------------------------


START 2022-10-12 01:50:01 --------------------------
live
총 0 개 데이타 이동
END   2022-10-12 01:50:01 --------------------------


START 2022-10-12 02:00:01 --------------------------
live
총 0 개 데이타 이동
END   2022-10-12 02:00:01 --------------------------


START 2022-10-12 02:10:01 --------------------------
live
총 0 개 데이타 이동
END   2022-10-12 02:10:01 --------------------------


START 2022-10-12 02:20:01 --------------------------
live
총 0 개 데이타 이동
END   2022-10-12 02:20:01 --------------------------


START 2022-10-12 02:30:01 --------------------------
live
총 0 개 데이타 이동
END   2022-10-12 02:30:01 --------------------------


START 2022-10-12 02:40:01 --------------------------
live
총 0 개 데이타 이동
END   2022-10-12 02:40:01 --------------------------


START 2022-10-12 02:50:01 --------------------------
live
총 0 개 데이타 이동
END   2022-10-12 02:50:01 --------------------------


START 2022-10-12 03:00:01 --------------------------
live
총 0 개 데이타 이동
END   2022-10-12 03:00:01 --------------------------


START 2022-10-12 03:10:01 --------------------------
live
총 0 개 데이타 이동
END   2022-10-12 03:10:01 --------------------------


START 2022-10-12 03:20:01 --------------------------
live
총 0 개 데이타 이동
END   2022-10-12 03:20:01 --------------------------


START 2022-10-12 03:30:01 --------------------------
live
총 0 개 데이타 이동
END   2022-10-12 03:30:01 --------------------------


START 2022-10-12 03:40:01 --------------------------
live
총 0 개 데이타 이동
END   2022-10-12 03:40:01 --------------------------


START 2022-10-12 03:50:01 --------------------------
live
총 0 개 데이타 이동
END   2022-10-12 03:50:01 --------------------------


START 2022-10-12 04:00:01 --------------------------
live
총 0 개 데이타 이동
END   2022-10-12 04:00:01 --------------------------


START 2022-10-12 04:10:01 --------------------------
live
총 0 개 데이타 이동
END   2022-10-12 04:10:01 --------------------------


START 2022-10-12 04:20:01 --------------------------
live
총 0 개 데이타 이동
END   2022-10-12 04:20:01 --------------------------


START 2022-10-12 04:30:01 --------------------------
live
총 0 개 데이타 이동
END   2022-10-12 04:30:01 --------------------------


START 2022-10-12 04:40:01 --------------------------
live
총 0 개 데이타 이동
END   2022-10-12 04:40:01 --------------------------


START 2022-10-12 04:50:02 --------------------------
live
총 0 개 데이타 이동
END   2022-10-12 04:50:02 --------------------------


START 2022-10-12 05:00:01 --------------------------
live
총 0 개 데이타 이동
END   2022-10-12 05:00:01 --------------------------


START 2022-10-12 05:10:01 --------------------------
live
총 0 개 데이타 이동
END   2022-10-12 05:10:01 --------------------------


START 2022-10-12 05:20:03 --------------------------
live
총 0 개 데이타 이동
END   2022-10-12 05:20:04 --------------------------


START 2022-10-12 05:30:01 --------------------------
live
총 0 개 데이타 이동
END   2022-10-12 05:30:01 --------------------------


START 2022-10-12 05:40:01 --------------------------
live
총 0 개 데이타 이동
END   2022-10-12 05:40:01 --------------------------


START 2022-10-12 05:50:01 --------------------------
live
총 0 개 데이타 이동
END   2022-10-12 05:50:01 --------------------------


START 2022-10-12 06:00:01 --------------------------
live
총 0 개 데이타 이동
END   2022-10-12 06:00:01 --------------------------


START 2022-10-12 06:10:01 --------------------------
live
총 0 개 데이타 이동
END   2022-10-12 06:10:01 --------------------------


START 2022-10-12 06:20:01 --------------------------
live
총 0 개 데이타 이동
END   2022-10-12 06:20:01 --------------------------


START 2022-10-12 06:30:01 --------------------------
live
총 0 개 데이타 이동
END   2022-10-12 06:30:01 --------------------------


START 2022-10-12 06:40:01 --------------------------
live
총 0 개 데이타 이동
END   2022-10-12 06:40:01 --------------------------


START 2022-10-12 06:50:01 --------------------------
live
총 0 개 데이타 이동
END   2022-10-12 06:50:01 --------------------------


START 2022-10-12 07:00:01 --------------------------
live
총 0 개 데이타 이동
END   2022-10-12 07:00:01 --------------------------


START 2022-10-12 07:10:01 --------------------------
live
총 0 개 데이타 이동
END   2022-10-12 07:10:01 --------------------------


START 2022-10-12 07:20:01 --------------------------
live
총 0 개 데이타 이동
END   2022-10-12 07:20:01 --------------------------


START 2022-10-12 07:30:01 --------------------------
live
총 0 개 데이타 이동
END   2022-10-12 07:30:01 --------------------------


START 2022-10-12 07:40:01 --------------------------
live
총 0 개 데이타 이동
END   2022-10-12 07:40:01 --------------------------


START 2022-10-12 07:50:01 --------------------------
live
총 0 개 데이타 이동
END   2022-10-12 07:50:01 --------------------------


START 2022-10-12 08:00:01 --------------------------
live
총 0 개 데이타 이동
END   2022-10-12 08:00:01 --------------------------


START 2022-10-12 08:10:01 --------------------------
live
총 0 개 데이타 이동
END   2022-10-12 08:10:01 --------------------------


START 2022-10-12 08:20:01 --------------------------
live
총 0 개 데이타 이동
END   2022-10-12 08:20:01 --------------------------


START 2022-10-12 08:30:01 --------------------------
live
총 0 개 데이타 이동
END   2022-10-12 08:30:01 --------------------------


START 2022-10-12 08:40:01 --------------------------
live
총 0 개 데이타 이동
END   2022-10-12 08:40:01 --------------------------


START 2022-10-12 08:50:01 --------------------------
live
총 0 개 데이타 이동
END   2022-10-12 08:50:01 --------------------------


START 2022-10-12 09:00:01 --------------------------
live
총 0 개 데이타 이동
END   2022-10-12 09:00:01 --------------------------


START 2022-10-12 09:10:01 --------------------------
live
총 0 개 데이타 이동
END   2022-10-12 09:10:01 --------------------------


START 2022-10-12 09:20:01 --------------------------
live
총 0 개 데이타 이동
END   2022-10-12 09:20:01 --------------------------


START 2022-10-12 09:30:01 --------------------------
live
총 0 개 데이타 이동
END   2022-10-12 09:30:01 --------------------------


START 2022-10-12 09:40:01 --------------------------
live
총 0 개 데이타 이동
END   2022-10-12 09:40:01 --------------------------


START 2022-10-12 09:50:01 --------------------------
live
총 0 개 데이타 이동
END   2022-10-12 09:50:01 --------------------------


START 2022-10-12 10:00:01 --------------------------
live
총 0 개 데이타 이동
END   2022-10-12 10:00:01 --------------------------


START 2022-10-12 10:10:01 --------------------------
live
총 0 개 데이타 이동
END   2022-10-12 10:10:01 --------------------------


START 2022-10-12 10:20:01 --------------------------
live
총 0 개 데이타 이동
END   2022-10-12 10:20:01 --------------------------


START 2022-10-12 10:30:01 --------------------------
live
총 0 개 데이타 이동
END   2022-10-12 10:30:01 --------------------------


START 2022-10-12 10:40:01 --------------------------
live
총 0 개 데이타 이동
END   2022-10-12 10:40:01 --------------------------


START 2022-10-12 10:50:01 --------------------------
live
총 0 개 데이타 이동
END   2022-10-12 10:50:01 --------------------------


START 2022-10-12 11:00:01 --------------------------
live
총 0 개 데이타 이동
END   2022-10-12 11:00:01 --------------------------


START 2022-10-12 11:10:01 --------------------------
live
총 0 개 데이타 이동
END   2022-10-12 11:10:01 --------------------------


START 2022-10-12 11:20:01 --------------------------
live
총 0 개 데이타 이동
END   2022-10-12 11:20:01 --------------------------


START 2022-10-12 11:30:01 --------------------------
live
총 0 개 데이타 이동
END   2022-10-12 11:30:01 --------------------------


START 2022-10-12 11:40:01 --------------------------
live
총 0 개 데이타 이동
END   2022-10-12 11:40:01 --------------------------


START 2022-10-12 11:50:01 --------------------------
live
총 0 개 데이타 이동
END   2022-10-12 11:50:01 --------------------------


START 2022-10-12 12:00:02 --------------------------
live
총 0 개 데이타 이동
END   2022-10-12 12:00:02 --------------------------


START 2022-10-12 12:10:01 --------------------------
live
총 0 개 데이타 이동
END   2022-10-12 12:10:01 --------------------------


START 2022-10-12 12:20:01 --------------------------
live
총 0 개 데이타 이동
END   2022-10-12 12:20:01 --------------------------


START 2022-10-12 12:30:01 --------------------------
live
총 0 개 데이타 이동
END   2022-10-12 12:30:01 --------------------------


START 2022-10-12 12:40:01 --------------------------
live
총 0 개 데이타 이동
END   2022-10-12 12:40:01 --------------------------


START 2022-10-12 12:50:01 --------------------------
live
총 0 개 데이타 이동
END   2022-10-12 12:50:01 --------------------------


START 2022-10-12 13:00:01 --------------------------
live
총 0 개 데이타 이동
END   2022-10-12 13:00:01 --------------------------


START 2022-10-12 13:10:01 --------------------------
live
총 0 개 데이타 이동
END   2022-10-12 13:10:01 --------------------------


START 2022-10-12 13:20:02 --------------------------
live
총 0 개 데이타 이동
END   2022-10-12 13:20:02 --------------------------


START 2022-10-12 13:30:01 --------------------------
live
총 0 개 데이타 이동
END   2022-10-12 13:30:01 --------------------------


START 2022-10-12 13:40:01 --------------------------
live
총 0 개 데이타 이동
END   2022-10-12 13:40:01 --------------------------


START 2022-10-12 13:50:01 --------------------------
live
총 0 개 데이타 이동
END   2022-10-12 13:50:01 --------------------------


START 2022-10-12 14:00:01 --------------------------
live
총 0 개 데이타 이동
END   2022-10-12 14:00:01 --------------------------


START 2022-10-12 14:10:01 --------------------------
live
총 0 개 데이타 이동
END   2022-10-12 14:10:01 --------------------------


START 2022-10-12 14:20:01 --------------------------
live
총 0 개 데이타 이동
END   2022-10-12 14:20:01 --------------------------


START 2022-10-12 14:30:01 --------------------------
live
총 0 개 데이타 이동
END   2022-10-12 14:30:01 --------------------------


START 2022-10-12 14:40:01 --------------------------
live
총 0 개 데이타 이동
END   2022-10-12 14:40:01 --------------------------


START 2022-10-12 14:50:01 --------------------------
live
총 0 개 데이타 이동
END   2022-10-12 14:50:01 --------------------------


START 2022-10-12 15:00:01 --------------------------
live
총 0 개 데이타 이동
END   2022-10-12 15:00:01 --------------------------


START 2022-10-12 15:10:01 --------------------------
live
총 0 개 데이타 이동
END   2022-10-12 15:10:01 --------------------------


START 2022-10-12 15:20:01 --------------------------
live
총 0 개 데이타 이동
END   2022-10-12 15:20:01 --------------------------


START 2022-10-12 15:30:01 --------------------------
live
총 0 개 데이타 이동
END   2022-10-12 15:30:01 --------------------------


START 2022-10-12 15:40:01 --------------------------
live
총 0 개 데이타 이동
END   2022-10-12 15:40:01 --------------------------


START 2022-10-12 15:50:01 --------------------------
live
총 0 개 데이타 이동
END   2022-10-12 15:50:01 --------------------------


START 2022-10-12 16:00:02 --------------------------
live
총 0 개 데이타 이동
END   2022-10-12 16:00:02 --------------------------


START 2022-10-12 16:10:01 --------------------------
live
총 0 개 데이타 이동
END   2022-10-12 16:10:01 --------------------------


START 2022-10-12 16:20:02 --------------------------
live
총 0 개 데이타 이동
END   2022-10-12 16:20:02 --------------------------


START 2022-10-12 16:30:01 --------------------------
live
총 0 개 데이타 이동
END   2022-10-12 16:30:01 --------------------------


START 2022-10-12 16:40:01 --------------------------
live
총 0 개 데이타 이동
END   2022-10-12 16:40:01 --------------------------


START 2022-10-12 16:50:01 --------------------------
live
총 0 개 데이타 이동
END   2022-10-12 16:50:01 --------------------------


START 2022-10-12 17:00:01 --------------------------
live
총 0 개 데이타 이동
END   2022-10-12 17:00:01 --------------------------


START 2022-10-12 17:10:01 --------------------------
live
총 0 개 데이타 이동
END   2022-10-12 17:10:01 --------------------------


START 2022-10-12 17:20:02 --------------------------
live
총 13 개 데이타 이동
데이타 이동 시작 *****
3111355 01024568888 -- 3111356 01056179090 -- 3111357 01080060401 -- 3111358 01032809295 -- 3111359 01088944740 -- 3111360 01067241409 -- 3111361 01064063972 -- 3111362 01086246176 -- 3111363 01047693024 -- 3111364 01048474041 -- 3111365 01090838172 -- 3111366 01050297528 -- 3111367 01082299622 -- 
END   2022-10-12 17:20:02 --------------------------


START 2022-10-12 17:30:01 --------------------------
live
총 0 개 데이타 이동
END   2022-10-12 17:30:01 --------------------------


START 2022-10-12 17:40:01 --------------------------
live
총 0 개 데이타 이동
END   2022-10-12 17:40:01 --------------------------


START 2022-10-12 17:50:01 --------------------------
live
총 0 개 데이타 이동
END   2022-10-12 17:50:01 --------------------------


START 2022-10-12 18:00:01 --------------------------
live
총 0 개 데이타 이동
END   2022-10-12 18:00:01 --------------------------


START 2022-10-12 18:10:01 --------------------------
live
총 0 개 데이타 이동
END   2022-10-12 18:10:01 --------------------------


START 2022-10-12 18:20:01 --------------------------
live
총 0 개 데이타 이동
END   2022-10-12 18:20:01 --------------------------


START 2022-10-12 18:30:01 --------------------------
live
총 0 개 데이타 이동
END   2022-10-12 18:30:01 --------------------------


START 2022-10-12 18:40:01 --------------------------
live
총 0 개 데이타 이동
END   2022-10-12 18:40:01 --------------------------


START 2022-10-12 18:50:01 --------------------------
live
총 0 개 데이타 이동
END   2022-10-12 18:50:01 --------------------------


START 2022-10-12 19:00:01 --------------------------
live
총 0 개 데이타 이동
END   2022-10-12 19:00:01 --------------------------


START 2022-10-12 19:10:01 --------------------------
live
총 0 개 데이타 이동
END   2022-10-12 19:10:01 --------------------------


START 2022-10-12 19:20:02 --------------------------
live
총 0 개 데이타 이동
END   2022-10-12 19:20:02 --------------------------


START 2022-10-12 19:30:02 --------------------------
live
총 0 개 데이타 이동
END   2022-10-12 19:30:02 --------------------------


START 2022-10-12 19:40:01 --------------------------
live
총 0 개 데이타 이동
END   2022-10-12 19:40:01 --------------------------


START 2022-10-12 19:50:05 --------------------------
live
총 0 개 데이타 이동
END   2022-10-12 19:50:05 --------------------------


START 2022-10-12 20:00:01 --------------------------
live
총 0 개 데이타 이동
END   2022-10-12 20:00:01 --------------------------


START 2022-10-12 20:10:01 --------------------------
live
총 0 개 데이타 이동
END   2022-10-12 20:10:01 --------------------------


START 2022-10-12 20:20:01 --------------------------
live
총 0 개 데이타 이동
END   2022-10-12 20:20:01 --------------------------


START 2022-10-12 20:30:01 --------------------------
live
총 0 개 데이타 이동
END   2022-10-12 20:30:01 --------------------------


START 2022-10-12 20:40:01 --------------------------
live
총 0 개 데이타 이동
END   2022-10-12 20:40:01 --------------------------


START 2022-10-12 20:50:01 --------------------------
live
총 0 개 데이타 이동
END   2022-10-12 20:50:01 --------------------------


START 2022-10-12 21:00:01 --------------------------
live
총 0 개 데이타 이동
END   2022-10-12 21:00:01 --------------------------


START 2022-10-12 21:10:02 --------------------------
live
총 0 개 데이타 이동
END   2022-10-12 21:10:02 --------------------------


START 2022-10-12 21:20:01 --------------------------
live
총 0 개 데이타 이동
END   2022-10-12 21:20:01 --------------------------


START 2022-10-12 21:30:01 --------------------------
live
총 0 개 데이타 이동
END   2022-10-12 21:30:01 --------------------------


START 2022-10-12 21:40:01 --------------------------
live
총 0 개 데이타 이동
END   2022-10-12 21:40:01 --------------------------


START 2022-10-12 21:50:01 --------------------------
live
총 0 개 데이타 이동
END   2022-10-12 21:50:01 --------------------------


START 2022-10-12 22:00:01 --------------------------
live
총 0 개 데이타 이동
END   2022-10-12 22:00:01 --------------------------


START 2022-10-12 22:10:02 --------------------------
live
총 0 개 데이타 이동
END   2022-10-12 22:10:02 --------------------------


START 2022-10-12 22:20:01 --------------------------
live
총 0 개 데이타 이동
END   2022-10-12 22:20:01 --------------------------


START 2022-10-12 22:30:01 --------------------------
live
총 0 개 데이타 이동
END   2022-10-12 22:30:01 --------------------------


START 2022-10-12 22:40:01 --------------------------
live
총 0 개 데이타 이동
END   2022-10-12 22:40:01 --------------------------


START 2022-10-12 22:50:01 --------------------------
live
총 0 개 데이타 이동
END   2022-10-12 22:50:01 --------------------------


START 2022-10-12 23:00:01 --------------------------
live
총 0 개 데이타 이동
END   2022-10-12 23:00:01 --------------------------


START 2022-10-12 23:10:01 --------------------------
live
총 0 개 데이타 이동
END   2022-10-12 23:10:01 --------------------------


START 2022-10-12 23:20:01 --------------------------
live
총 0 개 데이타 이동
END   2022-10-12 23:20:01 --------------------------


START 2022-10-12 23:30:01 --------------------------
live
총 0 개 데이타 이동
END   2022-10-12 23:30:01 --------------------------


START 2022-10-12 23:40:01 --------------------------
live
총 0 개 데이타 이동
END   2022-10-12 23:40:01 --------------------------


START 2022-10-12 23:50:01 --------------------------
live
총 0 개 데이타 이동
END   2022-10-12 23:50:01 --------------------------


