START 2022-09-05 00:00:01 --------------------------
live
총 0 개 데이타 이동
END   2022-09-05 00:00:01 --------------------------


START 2022-09-05 00:10:01 --------------------------
live
총 0 개 데이타 이동
END   2022-09-05 00:10:01 --------------------------


START 2022-09-05 00:20:01 --------------------------
live
총 0 개 데이타 이동
END   2022-09-05 00:20:01 --------------------------


START 2022-09-05 00:30:01 --------------------------
live
총 0 개 데이타 이동
END   2022-09-05 00:30:01 --------------------------


START 2022-09-05 00:40:01 --------------------------
live
총 0 개 데이타 이동
END   2022-09-05 00:40:01 --------------------------


START 2022-09-05 00:50:01 --------------------------
live
총 0 개 데이타 이동
END   2022-09-05 00:50:01 --------------------------


START 2022-09-05 01:00:01 --------------------------
live
총 0 개 데이타 이동
END   2022-09-05 01:00:01 --------------------------


START 2022-09-05 01:10:01 --------------------------
live
총 0 개 데이타 이동
END   2022-09-05 01:10:01 --------------------------


START 2022-09-05 01:20:01 --------------------------
live
총 0 개 데이타 이동
END   2022-09-05 01:20:01 --------------------------


START 2022-09-05 01:30:01 --------------------------
live
총 0 개 데이타 이동
END   2022-09-05 01:30:01 --------------------------


START 2022-09-05 01:40:01 --------------------------
live
총 0 개 데이타 이동
END   2022-09-05 01:40:01 --------------------------


START 2022-09-05 01:50:01 --------------------------
live
총 0 개 데이타 이동
END   2022-09-05 01:50:01 --------------------------


START 2022-09-05 02:00:01 --------------------------
live
총 0 개 데이타 이동
END   2022-09-05 02:00:01 --------------------------


START 2022-09-05 02:10:01 --------------------------
live
총 0 개 데이타 이동
END   2022-09-05 02:10:01 --------------------------


START 2022-09-05 02:20:01 --------------------------
live
총 0 개 데이타 이동
END   2022-09-05 02:20:01 --------------------------


START 2022-09-05 02:30:01 --------------------------
live
총 0 개 데이타 이동
END   2022-09-05 02:30:01 --------------------------


START 2022-09-05 02:40:01 --------------------------
live
총 0 개 데이타 이동
END   2022-09-05 02:40:01 --------------------------


START 2022-09-05 02:50:01 --------------------------
live
총 0 개 데이타 이동
END   2022-09-05 02:50:01 --------------------------


START 2022-09-05 03:00:01 --------------------------
live
총 0 개 데이타 이동
END   2022-09-05 03:00:01 --------------------------


START 2022-09-05 03:10:01 --------------------------
live
총 0 개 데이타 이동
END   2022-09-05 03:10:01 --------------------------


START 2022-09-05 03:20:01 --------------------------
live
총 0 개 데이타 이동
END   2022-09-05 03:20:01 --------------------------


START 2022-09-05 03:30:01 --------------------------
live
총 0 개 데이타 이동
END   2022-09-05 03:30:02 --------------------------


START 2022-09-05 03:40:01 --------------------------
live
총 0 개 데이타 이동
END   2022-09-05 03:40:01 --------------------------


START 2022-09-05 03:50:01 --------------------------
live
총 0 개 데이타 이동
END   2022-09-05 03:50:01 --------------------------


START 2022-09-05 04:00:01 --------------------------
live
총 0 개 데이타 이동
END   2022-09-05 04:00:02 --------------------------


START 2022-09-05 04:10:01 --------------------------
live
총 0 개 데이타 이동
END   2022-09-05 04:10:01 --------------------------


START 2022-09-05 04:20:01 --------------------------
live
총 0 개 데이타 이동
END   2022-09-05 04:20:01 --------------------------


START 2022-09-05 04:30:01 --------------------------
live
총 0 개 데이타 이동
END   2022-09-05 04:30:01 --------------------------


START 2022-09-05 04:40:01 --------------------------
live
총 0 개 데이타 이동
END   2022-09-05 04:40:01 --------------------------


START 2022-09-05 04:50:01 --------------------------
live
총 0 개 데이타 이동
END   2022-09-05 04:50:01 --------------------------


START 2022-09-05 05:00:01 --------------------------
live
총 0 개 데이타 이동
END   2022-09-05 05:00:01 --------------------------


START 2022-09-05 05:10:01 --------------------------
live
총 0 개 데이타 이동
END   2022-09-05 05:10:01 --------------------------


START 2022-09-05 05:20:01 --------------------------
live
총 0 개 데이타 이동
END   2022-09-05 05:20:01 --------------------------


START 2022-09-05 05:30:01 --------------------------
live
총 0 개 데이타 이동
END   2022-09-05 05:30:01 --------------------------


START 2022-09-05 05:40:01 --------------------------
live
총 0 개 데이타 이동
END   2022-09-05 05:40:01 --------------------------


START 2022-09-05 05:50:01 --------------------------
live
총 0 개 데이타 이동
END   2022-09-05 05:50:01 --------------------------


START 2022-09-05 06:00:01 --------------------------
live
총 0 개 데이타 이동
END   2022-09-05 06:00:01 --------------------------


START 2022-09-05 06:10:01 --------------------------
live
총 0 개 데이타 이동
END   2022-09-05 06:10:01 --------------------------


START 2022-09-05 06:20:01 --------------------------
live
총 0 개 데이타 이동
END   2022-09-05 06:20:01 --------------------------


START 2022-09-05 06:30:01 --------------------------
live
총 0 개 데이타 이동
END   2022-09-05 06:30:01 --------------------------


START 2022-09-05 06:40:01 --------------------------
live
총 0 개 데이타 이동
END   2022-09-05 06:40:01 --------------------------


START 2022-09-05 06:50:02 --------------------------
live
총 0 개 데이타 이동
END   2022-09-05 06:50:02 --------------------------


START 2022-09-05 07:00:01 --------------------------
live
총 0 개 데이타 이동
END   2022-09-05 07:00:01 --------------------------


START 2022-09-05 07:10:02 --------------------------
live
총 0 개 데이타 이동
END   2022-09-05 07:10:02 --------------------------


START 2022-09-05 07:20:01 --------------------------
live
총 0 개 데이타 이동
END   2022-09-05 07:20:01 --------------------------


START 2022-09-05 07:30:01 --------------------------
live
총 0 개 데이타 이동
END   2022-09-05 07:30:01 --------------------------


START 2022-09-05 07:40:01 --------------------------
live
총 0 개 데이타 이동
END   2022-09-05 07:40:01 --------------------------


START 2022-09-05 07:50:01 --------------------------
live
총 0 개 데이타 이동
END   2022-09-05 07:50:01 --------------------------


START 2022-09-05 08:00:01 --------------------------
live
총 0 개 데이타 이동
END   2022-09-05 08:00:01 --------------------------


START 2022-09-05 08:10:01 --------------------------
live
총 0 개 데이타 이동
END   2022-09-05 08:10:01 --------------------------


START 2022-09-05 08:20:01 --------------------------
live
총 0 개 데이타 이동
END   2022-09-05 08:20:01 --------------------------


START 2022-09-05 08:30:01 --------------------------
live
총 0 개 데이타 이동
END   2022-09-05 08:30:01 --------------------------


START 2022-09-05 08:40:01 --------------------------
live
총 0 개 데이타 이동
END   2022-09-05 08:40:01 --------------------------


START 2022-09-05 08:50:01 --------------------------
live
총 0 개 데이타 이동
END   2022-09-05 08:50:01 --------------------------


START 2022-09-05 09:00:01 --------------------------
live
총 0 개 데이타 이동
END   2022-09-05 09:00:01 --------------------------


START 2022-09-05 09:10:01 --------------------------
live
총 0 개 데이타 이동
END   2022-09-05 09:10:01 --------------------------


START 2022-09-05 09:20:01 --------------------------
live
총 0 개 데이타 이동
END   2022-09-05 09:20:01 --------------------------


START 2022-09-05 09:30:01 --------------------------
live
총 0 개 데이타 이동
END   2022-09-05 09:30:01 --------------------------


START 2022-09-05 09:40:01 --------------------------
live
총 0 개 데이타 이동
END   2022-09-05 09:40:01 --------------------------


START 2022-09-05 09:50:01 --------------------------
live
총 0 개 데이타 이동
END   2022-09-05 09:50:01 --------------------------


START 2022-09-05 10:00:01 --------------------------
live
총 0 개 데이타 이동
END   2022-09-05 10:00:01 --------------------------


START 2022-09-05 10:10:01 --------------------------
live
총 3 개 데이타 이동
데이타 이동 시작 *****
3109753 01030906908 -- 3109754 01030906908 -- 3109755 01030906908 -- 
END   2022-09-05 10:10:01 --------------------------


START 2022-09-05 10:20:01 --------------------------
live
총 0 개 데이타 이동
END   2022-09-05 10:20:01 --------------------------


START 2022-09-05 10:30:01 --------------------------
live
총 0 개 데이타 이동
END   2022-09-05 10:30:01 --------------------------


START 2022-09-05 10:40:01 --------------------------
live
총 0 개 데이타 이동
END   2022-09-05 10:40:01 --------------------------


START 2022-09-05 10:50:01 --------------------------
live
총 10 개 데이타 이동
데이타 이동 시작 *****
3109756 01030906908 -- 3109757 01030906908 -- 3109758 01030906908 -- 3109759 01056070130 -- 3109760 01056070130 -- 3109761 01025329904 -- 3109762 01082300118 -- 3109763 01037213621 -- 3109764 01067466580 -- 3109765 01088372069 -- 
END   2022-09-05 10:50:01 --------------------------


START 2022-09-05 11:00:01 --------------------------
live
총 0 개 데이타 이동
END   2022-09-05 11:00:01 --------------------------


START 2022-09-05 11:10:01 --------------------------
live
총 0 개 데이타 이동
END   2022-09-05 11:10:01 --------------------------


START 2022-09-05 11:20:01 --------------------------
live
총 0 개 데이타 이동
END   2022-09-05 11:20:01 --------------------------


START 2022-09-05 11:30:01 --------------------------
live
총 0 개 데이타 이동
END   2022-09-05 11:30:01 --------------------------


START 2022-09-05 11:40:01 --------------------------
live
총 0 개 데이타 이동
END   2022-09-05 11:40:01 --------------------------


START 2022-09-05 11:50:01 --------------------------
live
총 0 개 데이타 이동
END   2022-09-05 11:50:01 --------------------------


START 2022-09-05 12:00:01 --------------------------
live
총 0 개 데이타 이동
END   2022-09-05 12:00:01 --------------------------


START 2022-09-05 12:10:01 --------------------------
live
총 0 개 데이타 이동
END   2022-09-05 12:10:01 --------------------------


START 2022-09-05 12:20:01 --------------------------
live
총 4 개 데이타 이동
데이타 이동 시작 *****
3109766 01024568888 -- 3109767 01088944740 -- 3109768 01067241409 -- 3109769 01086246176 -- 
END   2022-09-05 12:20:01 --------------------------


START 2022-09-05 12:30:01 --------------------------
live
총 0 개 데이타 이동
END   2022-09-05 12:30:01 --------------------------


START 2022-09-05 12:40:01 --------------------------
live
총 0 개 데이타 이동
END   2022-09-05 12:40:01 --------------------------


START 2022-09-05 12:50:01 --------------------------
live
총 0 개 데이타 이동
END   2022-09-05 12:50:01 --------------------------


START 2022-09-05 13:00:01 --------------------------
live
총 0 개 데이타 이동
END   2022-09-05 13:00:01 --------------------------


START 2022-09-05 13:10:01 --------------------------
live
총 0 개 데이타 이동
END   2022-09-05 13:10:01 --------------------------


START 2022-09-05 13:20:01 --------------------------
live
총 0 개 데이타 이동
END   2022-09-05 13:20:01 --------------------------


START 2022-09-05 13:30:01 --------------------------
live
총 0 개 데이타 이동
END   2022-09-05 13:30:01 --------------------------


START 2022-09-05 13:40:01 --------------------------
live
총 0 개 데이타 이동
END   2022-09-05 13:40:01 --------------------------


START 2022-09-05 13:50:01 --------------------------
live
총 0 개 데이타 이동
END   2022-09-05 13:50:01 --------------------------


START 2022-09-05 14:00:02 --------------------------
live
총 0 개 데이타 이동
END   2022-09-05 14:00:02 --------------------------


START 2022-09-05 14:10:01 --------------------------
live
총 0 개 데이타 이동
END   2022-09-05 14:10:01 --------------------------


START 2022-09-05 14:20:01 --------------------------
live
총 0 개 데이타 이동
END   2022-09-05 14:20:01 --------------------------


START 2022-09-05 14:30:01 --------------------------
live
총 0 개 데이타 이동
END   2022-09-05 14:30:01 --------------------------


START 2022-09-05 14:40:02 --------------------------
live
총 0 개 데이타 이동
END   2022-09-05 14:40:02 --------------------------


START 2022-09-05 14:50:01 --------------------------
live
총 0 개 데이타 이동
END   2022-09-05 14:50:01 --------------------------


START 2022-09-05 15:00:01 --------------------------
live
총 0 개 데이타 이동
END   2022-09-05 15:00:01 --------------------------


START 2022-09-05 15:10:02 --------------------------
live
총 0 개 데이타 이동
END   2022-09-05 15:10:02 --------------------------


START 2022-09-05 15:20:01 --------------------------
live
총 0 개 데이타 이동
END   2022-09-05 15:20:01 --------------------------


START 2022-09-05 15:30:01 --------------------------
live
총 0 개 데이타 이동
END   2022-09-05 15:30:01 --------------------------


START 2022-09-05 15:40:01 --------------------------
live
총 0 개 데이타 이동
END   2022-09-05 15:40:01 --------------------------


START 2022-09-05 15:50:01 --------------------------
live
총 499 개 데이타 이동
데이타 이동 시작 *****
3109770 01089809500 -- 3109771 01056179090 -- 3109772 01088944740 -- 3109773 01071406426 -- 3109774 01000000000 -- 3109775 01048559998 -- 3109776 01084853722 -- 3109777 01033088839 -- 3109778 01024255580 -- 3109779 01032080480 -- 3109780 01038456171 -- 3109781 01025738859 -- 3109782 01032767136 -- 3109783 01036290086 -- 3109784 01025965960 -- 3109785 01054337079 -- 3109786 01033233635 -- 3109787 01085254425 -- 3109788 01067365836 -- 3109789 01052581559 -- 3109790 01098103929 -- 3109791 01039225011 -- 3109792 01099078005 -- 3109793 01037680656 -- 3109794 01085457377 -- 3109795 01024418408 -- 3109796 01090541722 -- 3109797 01051355998 -- 3109798 01040785648 -- 3109799 01047611419 -- 3109800 01091586988 -- 3109801 01025331799 -- 3109802 01062981205 -- 3109803 01090283502 -- 3109804 01040755648 -- 3109805 01043383770 -- 3109806 01020118660 -- 3109807 01024684144 -- 3109808 01091153060 -- 3109809 01090591729 -- 3109810 01045838082 -- 3109811 01090841316 -- 3109812 01056385648 -- 3109813 01031055066 -- 3109814 01026620156 -- 3109815 01074563414 -- 3109816 01080060401 -- 3109817 01035970682 -- 3109818 01036221041 -- 3109819 01038781568 -- 3109820 01066021240 -- 3109821 01096244049 -- 3109822 01055811130 -- 3109823 01034387161 -- 3109824 01054769598 -- 3109825 01072024436 -- 3109826 01077744787 -- 3109827 01048000840 -- 3109828 01029402275 -- 3109829 01077377161 -- 3109830 01083556311 -- 3109831 01050744659 -- 3109832 01035670357 -- 3109833 01088070154 -- 3109834 01052511526 -- 3109835 01036536333 -- 3109836 01098855699 -- 3109837 01077458838 -- 3109838 01028383596 -- 3109839 01074861150 -- 3109840 01084955266 -- 3109841 01099987089 -- 3109842 01090827265 -- 3109843 01047669598 -- 3109844 01074440009 -- 3109845 01088104271 -- 3109846 01029570188 -- 3109847 01062129669 -- 3109848 01090250170 -- 3109849 01044111900 -- 3109850 01052481432 -- 3109851 01020702785 -- 3109852 01024632493 -- 3109853 01099220633 -- 3109854 01023852877 -- 3109855 01097211289 -- 3109856 01050048613 -- 3109857 01093216407 -- 3109858 01071112791 -- 3109859 01032928539 -- 3109860 01028181790 -- 3109861 01037111425 -- 3109862 01055784182 -- 3109863 01084524840 -- 3109864 01028758714 -- 3109865 01020298660 -- 3109866 01087168273 -- 3109867 01022823751 -- 3109868 01022440387 -- 3109869 01063366397 -- 3109870 01096602954 -- 3109871 01077640833 -- 3109872 01033034049 -- 3109873 01026768031 -- 3109874 01052872887 -- 3109875 01096953357 -- 3109876 01023391280 -- 3109877 01027048101 -- 3109878 01022277891 -- 3109879 01025038030 -- 3109880 01025253503 -- 3109881 01072664319 -- 3109882 01090449305 -- 3109883 01025822921 -- 3109884 01099305802 -- 3109885 01088709476 -- 3109886 01029486029 -- 3109887 01040072088 -- 3109888 01084413000 -- 3109889 01090919811 -- 3109890 01063624802 -- 3109891 01051908890 -- 3109892 01063442658 -- 3109893 01062585425 -- 3109894 01023820582 -- 3109895 01047440100 -- 3109896 01099983715 -- 3109897 01032627534 -- 3109898 01085250212 -- 3109899 01028327161 -- 3109900 01089853574 -- 3109901 01071884204 -- 3109902 01053885985 -- 3109903 01086314114 -- 3109904 01025839599 -- 3109905 01054145128 -- 3109906 01087512991 -- 3109907 01058369318 -- 3109908 01075970656 -- 3109909 01054691828 -- 3109910 01030658164 -- 3109911 01023866074 -- 3109912 01044092225 -- 3109913 01073621715 -- 3109914 01032034634 -- 3109915 01035102076 -- 3109916 01040795037 -- 3109917 01041034080 -- 3109918 01084857840 -- 3109919 01046056227 -- 3109920 01035202480 -- 3109921 01066909834 -- 3109922 01091477152 -- 3109923 01086151037 -- 3109924 01043116359 -- 3109925 01035208378 -- 3109926 01023684895 -- 3109927 01077233161 -- 3109928 01096777325 -- 3109929 01049282796 -- 3109930 01032720989 -- 3109931 01091350638 -- 3109932 01076657952 -- 3109933 01076021122 -- 3109934 01025819094 -- 3109935 01090606815 -- 3109936 01025381304 -- 3109937 01024568888 -- 3109938 01089334297 -- 3109939 01099630157 -- 3109940 01025017195 -- 3109941 01092349512 -- 3109942 01085799305 -- 3109943 01027137503 -- 3109944 01022619132 -- 3109945 01034461396 -- 3109946 01057729182 -- 3109947 01029146096 -- 3109948 01045289126 -- 3109949 01028250112 -- 3109950 01083970192 -- 3109951 01090019235 -- 3109952 01092165126 -- 3109953 01056979638 -- 3109954 01088987263 -- 3109955 01052206332 -- 3109956 01089021506 -- 3109957 01034688843 -- 3109958 01025655404 -- 3109959 01097713688 -- 3109960 01047830619 -- 3109961 01087048288 -- 3109962 01093788481 -- 3109963 01054099303 -- 3109964 01033972369 -- 3109965 01087692979 -- 3109966 01042388189 -- 3109967 01084637779 -- 3109968 01055210995 -- 3109969 01047428589 -- 3109970 01094848016 -- 3109971 01027799335 -- 3109972 01025706902 -- 3109973 01051493879 -- 3109974 01054500622 -- 3109975 01063990887 -- 3109976 01036435392 -- 3109977 01054076652 -- 3109978 01023970315 -- 3109979 01028808605 -- 3109980 01042373665 -- 3109981 01068523587 -- 3109982 01091323462 -- 3109983 01055893949 -- 3109984 01049726470 -- 3109985 01028123266 -- 3109986 01027997799 -- 3109987 01054969174 -- 3109988 01041352130 -- 3109989 01083138877 -- 3109990 01057642217 -- 3109991 01074079212 -- 3109992 01027773525 -- 3109993 01033912044 -- 3109994 01053116649 -- 3109995 01086369429 -- 3109996 01096048604 -- 3109997 01027571542 -- 3109998 01047303599 -- 3109999 01039158018 -- 3110000 01052906157 -- 3110001 01028027476 -- 3110002 01034337439 -- 3110003 01042761570 -- 3110004 01095290938 -- 3110005 01028557650 -- 3110006 01053041688 -- 3110007 01040700202 -- 3110008 01024727203 -- 3110009 01062786450 -- 3110010 01040187776 -- 3110011 01027787557 -- 3110012 01089204854 -- 3110013 01066651862 -- 3110014 01021020978 -- 3110015 01098803653 -- 3110016 01087162509 -- 3110017 01087364460 -- 3110018 01065203794 -- 3110019 01096800874 -- 3110020 01087350259 -- 3110021 01054300038 -- 3110022 01037462659 -- 3110023 01099675356 -- 3110024 01043854371 -- 3110025 01072258476 -- 3110026 01036641211 -- 3110027 01031770250 -- 3110028 01056483112 -- 3110029 01035674295 -- 3110030 01089827320 -- 3110031 01023635295 -- 3110032 01022542509 -- 3110033 01032373258 -- 3110034 01039805463 -- 3110035 01025961001 -- 3110036 01051391737 -- 3110037 01033672340 -- 3110038 01026324415 -- 3110039 01088049578 -- 3110040 01074743084 -- 3110041 01031442535 -- 3110042 01099669600 -- 3110043 01039322243 -- 3110044 01064679762 -- 3110045 01068750929 -- 3110046 01024375210 -- 3110047 01062925621 -- 3110048 01073550219 -- 3110049 01063571889 -- 3110050 01093638288 -- 3110051 01097445368 -- 3110052 01088673215 -- 3110053 01041833462 -- 3110054 01068255510 -- 3110055 01024988765 -- 3110056 01023376520 -- 3110057 01033574706 -- 3110058 01045719698 -- 3110059 01085617474 -- 3110060 01062887276 -- 3110061 01023187244 -- 3110062 01094545621 -- 3110063 01053000348 -- 3110064 01091348432 -- 3110065 01082402077 -- 3110066 01087650610 -- 3110067 01027101386 -- 3110068 01022715862 -- 3110069 01032809295 -- 3110070 01044879879 -- 3110071 01083020559 -- 3110072 01096670997 -- 3110073 01083122081 -- 3110074 01045224371 -- 3110075 01024904443 -- 3110076 01026914627 -- 3110077 01083326066 -- 3110078 01030998284 -- 3110079 01096018531 -- 3110080 01080142335 -- 3110081 01029670755 -- 3110082 01046170852 -- 3110083 01047269700 -- 3110084 01023620311 -- 3110085 01035734223 -- 3110086 01099562500 -- 3110087 01022864746 -- 3110088 01041333080 -- 3110089 01091412819 -- 3110090 01030227413 -- 3110091 01094045733 -- 3110092 01034185354 -- 3110093 01024811200 -- 3110094 01023378788 -- 3110095 01047034590 -- 3110096 01043210974 -- 3110097 01094568404 -- 3110098 01042521915 -- 3110099 01034008792 -- 3110100 01083252396 -- 3110101 01098890488 -- 3110102 01025919018 -- 3110103 01022210415 -- 3110104 01065607135 -- 3110105 01054248463 -- 3110106 01023139786 -- 3110107 01032400200 -- 3110108 01051905575 -- 3110109 01094151896 -- 3110110 01065042304 -- 3110111 01086095231 -- 3110112 01032790929 -- 3110113 01025225354 -- 3110114 01046283805 -- 3110115 01020091678 -- 3110116 01054913305 -- 3110117 01029631262 -- 3110118 01062345410 -- 3110119 01063673137 -- 3110120 01095633266 -- 3110121 01072079866 -- 3110122 01022889796 -- 3110123 01087426059 -- 3110124 01044649198 -- 3110125 01068058683 -- 3110126 01085792779 -- 3110127 01075620917 -- 3110128 01027838087 -- 3110129 01050185287 -- 3110130 01030870359 -- 3110131 01092624545 -- 3110132 01090053771 -- 3110133 01083801663 -- 3110134 01034708482 -- 3110135 01050804347 -- 3110136 01047045067 -- 3110137 01047339337 -- 3110138 01093363908 -- 3110139 01051151065 -- 3110140 01056278166 -- 3110141 01094862825 -- 3110142 01020469568 -- 3110143 01050998610 -- 3110144 01040585435 -- 3110145 01054474371 -- 3110146 01080282963 -- 3110147 01062266691 -- 3110148 01094650618 -- 3110149 01044323663 -- 3110150 01035331835 -- 3110151 01099840755 -- 3110152 01083244496 -- 3110153 01090227821 -- 3110154 01073767190 -- 3110155 01027256329 -- 3110156 01086217981 -- 3110157 01026419303 -- 3110158 01027978166 -- 3110159 01025933461 -- 3110160 01072334588 -- 3110161 01066977881 -- 3110162 01088127855 -- 3110163 01089503805 -- 3110164 01089261174 -- 3110165 01084189654 -- 3110166 01055875696 -- 3110167 01022932078 -- 3110168 01020654940 -- 3110169 01037506140 -- 3110170 01034307549 -- 3110171 01059335739 -- 3110172 01090546780 -- 3110173 01043691761 -- 3110174 01093534183 -- 3110175 01083364701 -- 3110176 01083540638 -- 3110177 01032851333 -- 3110178 01063004392 -- 3110179 01089325845 -- 3110180 01037273581 -- 3110181 01092710236 -- 3110182 01030028136 -- 3110183 01077131745 -- 3110184 01093090693 -- 3110185 01045894204 -- 3110186 01053162585 -- 3110187 01072742904 -- 3110188 01046282174 -- 3110189 01025758671 -- 3110190 01022210755 -- 3110191 01071759336 -- 3110192 01074119954 -- 3110193 01093654800 -- 3110194 01093474992 -- 3110195 01090661005 -- 3110196 01034331545 -- 3110197 01045494089 -- 3110198 01093414262 -- 3110199 01020437387 -- 3110200 01095161304 -- 3110201 01054437171 -- 3110202 01028174058 -- 3110203 01094964330 -- 3110204 01073121901 -- 3110205 01055181938 -- 3110206 01044901962 -- 3110207 01034687707 -- 3110208 01041220436 -- 3110209 01032075660 -- 3110210 01041068053 -- 3110211 01027874654 -- 3110212 01087860890 -- 3110213 01055689281 -- 3110214 01076385066 -- 3110215 01041324020 -- 3110216 01065230787 -- 3110217 01067837877 -- 3110218 01066362892 -- 3110219 01045073888 -- 3110220 01086425892 -- 3110221 01091226861 -- 3110222 01056246783 -- 3110223 01042525021 -- 3110224 01025628526 -- 3110225 01092900411 -- 3110226 01056140428 -- 3110227 01091447778 -- 3110228 01048716457 -- 3110229 01056050509 -- 3110230 01026684196 -- 3110231 01055282947 -- 3110232 01022945466 -- 3110233 01028553925 -- 3110234 01092509504 -- 3110235 01093867172 -- 3110236 01090577511 -- 3110237 01022657795 -- 3110238 01088320080 -- 3110239 01091340552 -- 3110240 01049077876 -- 3110241 01031996406 -- 3110242 01057333333 -- 3110243 01052940580 -- 3110244 01039096091 -- 3110245 01038285532 -- 3110246 01071383930 -- 3110247 01044216187 -- 3110248 01090683044 -- 3110249 01090617472 -- 3110250 01088531571 -- 3110251 01030908969 -- 3110252 01045203700 -- 3110253 01096822380 -- 3110254 01093216562 -- 3110255 01062389863 -- 3110256 01056446916 -- 3110257 01022810314 -- 3110258 01086192778 -- 3110259 01034520874 -- 3110260 01092447387 -- 3110261 01062471127 -- 3110262 01072210359 -- 3110263 01085424473 -- 3110264 01055003148 -- 3110265 01062654092 -- 3110266 01092652159 -- 3110267 01067573149 -- 3110268 01088965210 -- 
END   2022-09-05 15:50:04 --------------------------


START 2022-09-05 16:00:01 --------------------------
live
총 245 개 데이타 이동
데이타 이동 시작 *****
3110269 01023557912 -- 3110270 01043518584 -- 3110271 01086028404 -- 3110272 01044950424 -- 3110273 01089080903 -- 3110274 01046322021 -- 3110275 01094591086 -- 3110276 01035935827 -- 3110277 01063583990 -- 3110278 01096697317 -- 3110279 01050315370 -- 3110280 01024385210 -- 3110281 01046432974 -- 3110282 01022783635 -- 3110283 01089350355 -- 3110284 01024492822 -- 3110285 01047205891 -- 3110286 01072341608 -- 3110287 01048207935 -- 3110288 01042000264 -- 3110289 01020667912 -- 3110290 01042211466 -- 3110291 01033212058 -- 3110292 01032754498 -- 3110293 01023577720 -- 3110294 01097393095 -- 3110295 01057663103 -- 3110296 01087118907 -- 3110297 01033235579 -- 3110298 01025947606 -- 3110299 01035289425 -- 3110300 01027391248 -- 3110301 01030525090 -- 3110302 01035932373 -- 3110303 01033148053 -- 3110304 01075727519 -- 3110305 01048572879 -- 3110306 01083775694 -- 3110307 01092030690 -- 3110308 01066014010 -- 3110309 01062220403 -- 3110310 01083682381 -- 3110311 01052414305 -- 3110312 01034608404 -- 3110313 01049314200 -- 3110314 01055447896 -- 3110315 01066014624 -- 3110316 01056518597 -- 3110317 01045848128 -- 3110318 01032151549 -- 3110319 01042703665 -- 3110320 01096179212 -- 3110321 01099599705 -- 3110322 01022612509 -- 3110323 01028075348 -- 3110324 01049206007 -- 3110325 01075380509 -- 3110326 01085560961 -- 3110327 01056787050 -- 3110328 01057670199 -- 3110329 01082223613 -- 3110330 01040403182 -- 3110331 01033786296 -- 3110332 01035848584 -- 3110333 01063654224 -- 3110334 01071021420 -- 3110335 01073304532 -- 3110336 01028292284 -- 3110337 01030528425 -- 3110338 01088495772 -- 3110339 01054601736 -- 3110340 01023551611 -- 3110341 01032954241 -- 3110342 01040567636 -- 3110343 01031851404 -- 3110344 01031872731 -- 3110345 01032252044 -- 3110346 01026351435 -- 3110347 01020106447 -- 3110348 01089355042 -- 3110349 01092262284 -- 3110350 01024780196 -- 3110351 01066013121 -- 3110352 01080806634 -- 3110353 01095085594 -- 3110354 01098823882 -- 3110355 01097523261 -- 3110356 01029558574 -- 3110357 01047078352 -- 3110358 01045407143 -- 3110359 01090409624 -- 3110360 01089966776 -- 3110361 01032595971 -- 3110362 01089172924 -- 3110363 01088215370 -- 3110364 01056433626 -- 3110365 01026188223 -- 3110366 01089704980 -- 3110367 01091011469 -- 3110368 01091979434 -- 3110369 01037398881 -- 3110370 01064377199 -- 3110371 01074402954 -- 3110372 01020418268 -- 3110373 01063725368 -- 3110374 01093883634 -- 3110375 01063284839 -- 3110376 01056831689 -- 3110377 01023626155 -- 3110378 01087894932 -- 3110379 01087298539 -- 3110380 01066365527 -- 3110381 01031674732 -- 3110382 01026174665 -- 3110383 01023455756 -- 3110384 01031047401 -- 3110385 01051202887 -- 3110386 01072261030 -- 3110387 01020021543 -- 3110388 01047688113 -- 3110389 01041809484 -- 3110390 01093680255 -- 3110391 01032175051 -- 3110392 01055781514 -- 3110393 01055826457 -- 3110394 01026935368 -- 3110395 01092767871 -- 3110396 01065927747 -- 3110397 01065617749 -- 3110398 01082552329 -- 3110399 01043797237 -- 3110400 01025075825 -- 3110401 01057451130 -- 3110402 01034212921 -- 3110403 01044184204 -- 3110404 01055269856 -- 3110405 01023017446 -- 3110406 01076341224 -- 3110407 01030242551 -- 3110408 01093242442 -- 3110409 01022786456 -- 3110410 01045577524 -- 3110411 01095450680 -- 3110412 01093160364 -- 3110413 01035583972 -- 3110414 01025556691 -- 3110415 01034519597 -- 3110416 01023993530 -- 3110417 01075679210 -- 3110418 01085881834 -- 3110419 01088592943 -- 3110420 01047011720 -- 3110421 01041142980 -- 3110422 01095728704 -- 3110423 01045278102 -- 3110424 01053929134 -- 3110425 01029500864 -- 3110426 01034347966 -- 3110427 01050981100 -- 3110428 01037496322 -- 3110429 01089888202 -- 3110430 01098079920 -- 3110431 01047669084 -- 3110432 01075590739 -- 3110433 01088790591 -- 3110434 01096249879 -- 3110435 01032147886 -- 3110436 01090838172 -- 3110437 01046101285 -- 3110438 01055407522 -- 3110439 01092745957 -- 3110440 01085237531 -- 3110441 01023613230 -- 3110442 01072847779 -- 3110443 01023178270 -- 3110444 01076669831 -- 3110445 01068990302 -- 3110446 01058500582 -- 3110447 01084675870 -- 3110448 01029238915 -- 3110449 01055765687 -- 3110450 01027455687 -- 3110451 01032849691 -- 3110452 01029071565 -- 3110453 01034434244 -- 3110454 01056052249 -- 3110455 01090088090 -- 3110456 01074121719 -- 3110457 01029090143 -- 3110458 01098389056 -- 3110459 01020117120 -- 3110460 01042177188 -- 3110461 01045116445 -- 3110462 01040718867 -- 3110463 01020275966 -- 3110464 01049229137 -- 3110465 01087134836 -- 3110466 01055115551 -- 3110467 01071355278 -- 3110468 01026423571 -- 3110469 01089167950 -- 3110470 01067230604 -- 3110471 01075690304 -- 3110472 01047847611 -- 3110473 01073309633 -- 3110474 01050451201 -- 3110475 01039415332 -- 3110476 01066025332 -- 3110477 01051544288 -- 3110478 01039471196 -- 3110479 01030000949 -- 3110480 01023301554 -- 3110481 01025783682 -- 3110482 01073773655 -- 3110483 01064125260 -- 3110484 01068482436 -- 3110485 01090088699 -- 3110486 01020389627 -- 3110487 01089621534 -- 3110488 01087256000 -- 3110489 01064337180 -- 3110490 01095620039 -- 3110491 01076750528 -- 3110492 01096002006 -- 3110493 01071667532 -- 3110494 01045559122 -- 3110495 01056601359 -- 3110496 01071941589 -- 3110497 01068781339 -- 3110498 01099867456 -- 3110499 01053307870 -- 3110500 01034853662 -- 3110501 01026387945 -- 3110502 01081208184 -- 3110503 01094800107 -- 3110504 01045052001 -- 3110505 01066634217 -- 3110506 01045898241 -- 3110507 01071413793 -- 3110508 01056070130 -- 3110509 01056070130 -- 3110510 01082300118 -- 3110511 01037213621 -- 3110512 01067466580 -- 3110513 01088372069 -- 
END   2022-09-05 16:00:02 --------------------------


START 2022-09-05 16:10:01 --------------------------
live
총 0 개 데이타 이동
END   2022-09-05 16:10:01 --------------------------


START 2022-09-05 16:20:01 --------------------------
live
총 0 개 데이타 이동
END   2022-09-05 16:20:01 --------------------------


START 2022-09-05 16:30:01 --------------------------
live
총 0 개 데이타 이동
END   2022-09-05 16:30:01 --------------------------


START 2022-09-05 16:40:01 --------------------------
live
총 0 개 데이타 이동
END   2022-09-05 16:40:01 --------------------------


START 2022-09-05 16:50:01 --------------------------
live
총 0 개 데이타 이동
END   2022-09-05 16:50:01 --------------------------


START 2022-09-05 17:00:01 --------------------------
live
총 0 개 데이타 이동
END   2022-09-05 17:00:01 --------------------------


START 2022-09-05 17:10:01 --------------------------
live
총 0 개 데이타 이동
END   2022-09-05 17:10:01 --------------------------


START 2022-09-05 17:20:01 --------------------------
live
총 0 개 데이타 이동
END   2022-09-05 17:20:01 --------------------------


START 2022-09-05 17:30:01 --------------------------
live
총 0 개 데이타 이동
END   2022-09-05 17:30:01 --------------------------


START 2022-09-05 17:40:01 --------------------------
live
총 0 개 데이타 이동
END   2022-09-05 17:40:01 --------------------------


START 2022-09-05 17:50:01 --------------------------
live
총 0 개 데이타 이동
END   2022-09-05 17:50:01 --------------------------


START 2022-09-05 18:00:01 --------------------------
live
총 0 개 데이타 이동
END   2022-09-05 18:00:01 --------------------------


START 2022-09-05 18:10:02 --------------------------
live
총 0 개 데이타 이동
END   2022-09-05 18:10:02 --------------------------


START 2022-09-05 18:20:01 --------------------------
live
총 0 개 데이타 이동
END   2022-09-05 18:20:01 --------------------------


START 2022-09-05 18:30:01 --------------------------
live
총 0 개 데이타 이동
END   2022-09-05 18:30:01 --------------------------


START 2022-09-05 18:40:01 --------------------------
live
총 0 개 데이타 이동
END   2022-09-05 18:40:01 --------------------------


START 2022-09-05 18:50:01 --------------------------
live
총 0 개 데이타 이동
END   2022-09-05 18:50:01 --------------------------


START 2022-09-05 19:00:01 --------------------------
live
총 0 개 데이타 이동
END   2022-09-05 19:00:01 --------------------------


START 2022-09-05 19:10:01 --------------------------
live
총 0 개 데이타 이동
END   2022-09-05 19:10:01 --------------------------


START 2022-09-05 19:20:01 --------------------------
live
총 0 개 데이타 이동
END   2022-09-05 19:20:01 --------------------------


START 2022-09-05 19:30:02 --------------------------
live
총 0 개 데이타 이동
END   2022-09-05 19:30:02 --------------------------


START 2022-09-05 19:40:01 --------------------------
live
총 0 개 데이타 이동
END   2022-09-05 19:40:01 --------------------------


START 2022-09-05 19:50:01 --------------------------
live
총 0 개 데이타 이동
END   2022-09-05 19:50:01 --------------------------


START 2022-09-05 20:00:01 --------------------------
live
총 0 개 데이타 이동
END   2022-09-05 20:00:01 --------------------------


START 2022-09-05 20:10:01 --------------------------
live
총 0 개 데이타 이동
END   2022-09-05 20:10:01 --------------------------


START 2022-09-05 20:20:01 --------------------------
live
총 0 개 데이타 이동
END   2022-09-05 20:20:01 --------------------------


START 2022-09-05 20:30:01 --------------------------
live
총 0 개 데이타 이동
END   2022-09-05 20:30:01 --------------------------


START 2022-09-05 20:40:01 --------------------------
live
총 0 개 데이타 이동
END   2022-09-05 20:40:02 --------------------------


START 2022-09-05 20:50:01 --------------------------
live
총 0 개 데이타 이동
END   2022-09-05 20:50:01 --------------------------


START 2022-09-05 21:00:01 --------------------------
live
총 0 개 데이타 이동
END   2022-09-05 21:00:01 --------------------------


START 2022-09-05 21:10:01 --------------------------
live
총 0 개 데이타 이동
END   2022-09-05 21:10:01 --------------------------


START 2022-09-05 21:20:01 --------------------------
live
총 0 개 데이타 이동
END   2022-09-05 21:20:01 --------------------------


START 2022-09-05 21:30:01 --------------------------
live
총 0 개 데이타 이동
END   2022-09-05 21:30:01 --------------------------


START 2022-09-05 21:40:01 --------------------------
live
총 0 개 데이타 이동
END   2022-09-05 21:40:01 --------------------------


START 2022-09-05 21:50:01 --------------------------
live
총 0 개 데이타 이동
END   2022-09-05 21:50:01 --------------------------


START 2022-09-05 22:00:02 --------------------------
live
총 0 개 데이타 이동
END   2022-09-05 22:00:02 --------------------------


START 2022-09-05 22:10:01 --------------------------
live
총 0 개 데이타 이동
END   2022-09-05 22:10:01 --------------------------


START 2022-09-05 22:20:01 --------------------------
live
총 0 개 데이타 이동
END   2022-09-05 22:20:01 --------------------------


START 2022-09-05 22:30:01 --------------------------
live
총 0 개 데이타 이동
END   2022-09-05 22:30:01 --------------------------


START 2022-09-05 22:40:01 --------------------------
live
총 0 개 데이타 이동
END   2022-09-05 22:40:01 --------------------------


START 2022-09-05 22:50:01 --------------------------
live
총 0 개 데이타 이동
END   2022-09-05 22:50:01 --------------------------


START 2022-09-05 23:00:01 --------------------------
live
총 0 개 데이타 이동
END   2022-09-05 23:00:01 --------------------------


START 2022-09-05 23:10:01 --------------------------
live
총 0 개 데이타 이동
END   2022-09-05 23:10:01 --------------------------


START 2022-09-05 23:20:01 --------------------------
live
총 0 개 데이타 이동
END   2022-09-05 23:20:01 --------------------------


START 2022-09-05 23:30:01 --------------------------
live
총 0 개 데이타 이동
END   2022-09-05 23:30:01 --------------------------


START 2022-09-05 23:40:01 --------------------------
live
총 0 개 데이타 이동
END   2022-09-05 23:40:01 --------------------------


START 2022-09-05 23:50:01 --------------------------
live
총 0 개 데이타 이동
END   2022-09-05 23:50:01 --------------------------


