START 2022-04-20 00:00:02 --------------------------
live
총 0 개 데이타 이동
END   2022-04-20 00:00:02 --------------------------


START 2022-04-20 00:10:01 --------------------------
live
총 0 개 데이타 이동
END   2022-04-20 00:10:01 --------------------------


START 2022-04-20 00:20:01 --------------------------
live
총 0 개 데이타 이동
END   2022-04-20 00:20:01 --------------------------


START 2022-04-20 00:30:02 --------------------------
live
총 0 개 데이타 이동
END   2022-04-20 00:30:02 --------------------------


START 2022-04-20 00:40:01 --------------------------
live
총 0 개 데이타 이동
END   2022-04-20 00:40:01 --------------------------


START 2022-04-20 00:50:02 --------------------------
live
총 0 개 데이타 이동
END   2022-04-20 00:50:02 --------------------------


START 2022-04-20 01:00:02 --------------------------
live
총 0 개 데이타 이동
END   2022-04-20 01:00:02 --------------------------


START 2022-04-20 01:10:02 --------------------------
live
총 0 개 데이타 이동
END   2022-04-20 01:10:02 --------------------------


START 2022-04-20 01:20:01 --------------------------
live
총 0 개 데이타 이동
END   2022-04-20 01:20:02 --------------------------


START 2022-04-20 01:30:01 --------------------------
live
총 0 개 데이타 이동
END   2022-04-20 01:30:01 --------------------------


START 2022-04-20 01:40:01 --------------------------
live
총 0 개 데이타 이동
END   2022-04-20 01:40:01 --------------------------


START 2022-04-20 01:50:01 --------------------------
live
총 0 개 데이타 이동
END   2022-04-20 01:50:01 --------------------------


START 2022-04-20 02:00:01 --------------------------
live
총 0 개 데이타 이동
END   2022-04-20 02:00:01 --------------------------


START 2022-04-20 02:10:01 --------------------------
live
총 0 개 데이타 이동
END   2022-04-20 02:10:01 --------------------------


START 2022-04-20 02:20:01 --------------------------
live
총 0 개 데이타 이동
END   2022-04-20 02:20:01 --------------------------


START 2022-04-20 02:30:01 --------------------------
live
총 0 개 데이타 이동
END   2022-04-20 02:30:01 --------------------------


START 2022-04-20 02:40:02 --------------------------
live
총 0 개 데이타 이동
END   2022-04-20 02:40:02 --------------------------


START 2022-04-20 02:50:02 --------------------------
live
총 0 개 데이타 이동
END   2022-04-20 02:50:02 --------------------------


START 2022-04-20 03:00:01 --------------------------
live
총 0 개 데이타 이동
END   2022-04-20 03:00:01 --------------------------


START 2022-04-20 03:10:01 --------------------------
live
총 0 개 데이타 이동
END   2022-04-20 03:10:01 --------------------------


START 2022-04-20 03:20:01 --------------------------
live
총 0 개 데이타 이동
END   2022-04-20 03:20:01 --------------------------


START 2022-04-20 03:30:02 --------------------------
live
총 0 개 데이타 이동
END   2022-04-20 03:30:02 --------------------------


START 2022-04-20 03:40:02 --------------------------
live
총 0 개 데이타 이동
END   2022-04-20 03:40:02 --------------------------


START 2022-04-20 03:50:02 --------------------------
live
총 0 개 데이타 이동
END   2022-04-20 03:50:02 --------------------------


START 2022-04-20 04:00:01 --------------------------
live
총 0 개 데이타 이동
END   2022-04-20 04:00:01 --------------------------


START 2022-04-20 04:10:01 --------------------------
live
총 0 개 데이타 이동
END   2022-04-20 04:10:01 --------------------------


START 2022-04-20 04:20:01 --------------------------
live
총 0 개 데이타 이동
END   2022-04-20 04:20:01 --------------------------


START 2022-04-20 04:30:01 --------------------------
live
총 0 개 데이타 이동
END   2022-04-20 04:30:01 --------------------------


START 2022-04-20 04:40:01 --------------------------
live
총 0 개 데이타 이동
END   2022-04-20 04:40:01 --------------------------


START 2022-04-20 04:50:01 --------------------------
live
총 0 개 데이타 이동
END   2022-04-20 04:50:01 --------------------------


START 2022-04-20 05:00:02 --------------------------
live
총 0 개 데이타 이동
END   2022-04-20 05:00:02 --------------------------


START 2022-04-20 05:10:01 --------------------------
live
총 0 개 데이타 이동
END   2022-04-20 05:10:01 --------------------------


START 2022-04-20 05:20:02 --------------------------
live
총 0 개 데이타 이동
END   2022-04-20 05:20:02 --------------------------


START 2022-04-20 05:30:02 --------------------------
live
총 0 개 데이타 이동
END   2022-04-20 05:30:02 --------------------------


START 2022-04-20 05:40:01 --------------------------
live
총 0 개 데이타 이동
END   2022-04-20 05:40:02 --------------------------


START 2022-04-20 05:50:01 --------------------------
live
총 0 개 데이타 이동
END   2022-04-20 05:50:01 --------------------------


START 2022-04-20 06:00:01 --------------------------
live
총 0 개 데이타 이동
END   2022-04-20 06:00:01 --------------------------


START 2022-04-20 06:10:01 --------------------------
live
총 0 개 데이타 이동
END   2022-04-20 06:10:01 --------------------------


START 2022-04-20 06:20:01 --------------------------
live
총 0 개 데이타 이동
END   2022-04-20 06:20:01 --------------------------


START 2022-04-20 06:30:02 --------------------------
live
총 0 개 데이타 이동
END   2022-04-20 06:30:02 --------------------------


START 2022-04-20 06:40:02 --------------------------
live
총 0 개 데이타 이동
END   2022-04-20 06:40:02 --------------------------


START 2022-04-20 06:50:02 --------------------------
live
총 0 개 데이타 이동
END   2022-04-20 06:50:02 --------------------------


START 2022-04-20 07:00:02 --------------------------
live
총 0 개 데이타 이동
END   2022-04-20 07:00:02 --------------------------


START 2022-04-20 07:10:02 --------------------------
live
총 0 개 데이타 이동
END   2022-04-20 07:10:02 --------------------------


START 2022-04-20 07:20:02 --------------------------
live
총 0 개 데이타 이동
END   2022-04-20 07:20:02 --------------------------


START 2022-04-20 07:30:02 --------------------------
live
총 0 개 데이타 이동
END   2022-04-20 07:30:02 --------------------------


START 2022-04-20 07:40:01 --------------------------
live
총 0 개 데이타 이동
END   2022-04-20 07:40:01 --------------------------


START 2022-04-20 07:50:01 --------------------------
live
총 0 개 데이타 이동
END   2022-04-20 07:50:01 --------------------------


START 2022-04-20 08:00:01 --------------------------
live
총 0 개 데이타 이동
END   2022-04-20 08:00:01 --------------------------


START 2022-04-20 08:10:02 --------------------------
live
총 0 개 데이타 이동
END   2022-04-20 08:10:02 --------------------------


START 2022-04-20 08:20:02 --------------------------
live
총 0 개 데이타 이동
END   2022-04-20 08:20:02 --------------------------


START 2022-04-20 08:30:02 --------------------------
live
총 0 개 데이타 이동
END   2022-04-20 08:30:02 --------------------------


START 2022-04-20 08:40:01 --------------------------
live
총 0 개 데이타 이동
END   2022-04-20 08:40:01 --------------------------


START 2022-04-20 08:50:01 --------------------------
live
총 0 개 데이타 이동
END   2022-04-20 08:50:01 --------------------------


START 2022-04-20 09:00:02 --------------------------
live
총 0 개 데이타 이동
END   2022-04-20 09:00:02 --------------------------


START 2022-04-20 09:10:01 --------------------------
live
총 0 개 데이타 이동
END   2022-04-20 09:10:01 --------------------------


START 2022-04-20 09:20:01 --------------------------
live
총 0 개 데이타 이동
END   2022-04-20 09:20:01 --------------------------


START 2022-04-20 09:30:02 --------------------------
live
총 0 개 데이타 이동
END   2022-04-20 09:30:02 --------------------------


START 2022-04-20 09:40:02 --------------------------
live
총 0 개 데이타 이동
END   2022-04-20 09:40:02 --------------------------


START 2022-04-20 09:50:02 --------------------------
live
총 0 개 데이타 이동
END   2022-04-20 09:50:02 --------------------------


START 2022-04-20 10:00:01 --------------------------
live
총 0 개 데이타 이동
END   2022-04-20 10:00:01 --------------------------


START 2022-04-20 10:10:02 --------------------------
live
총 0 개 데이타 이동
END   2022-04-20 10:10:02 --------------------------


START 2022-04-20 10:20:02 --------------------------
live
총 0 개 데이타 이동
END   2022-04-20 10:20:02 --------------------------


START 2022-04-20 10:30:01 --------------------------
live
총 0 개 데이타 이동
END   2022-04-20 10:30:01 --------------------------


START 2022-04-20 10:40:02 --------------------------
live
총 0 개 데이타 이동
END   2022-04-20 10:40:02 --------------------------


START 2022-04-20 10:50:01 --------------------------
live
총 0 개 데이타 이동
END   2022-04-20 10:50:02 --------------------------


START 2022-04-20 11:00:02 --------------------------
live
총 0 개 데이타 이동
END   2022-04-20 11:00:02 --------------------------


START 2022-04-20 11:10:02 --------------------------
live
총 0 개 데이타 이동
END   2022-04-20 11:10:02 --------------------------


START 2022-04-20 11:20:01 --------------------------
live
총 0 개 데이타 이동
END   2022-04-20 11:20:01 --------------------------


START 2022-04-20 11:30:02 --------------------------
live
총 0 개 데이타 이동
END   2022-04-20 11:30:02 --------------------------


START 2022-04-20 11:40:02 --------------------------
live
총 2 개 데이타 이동
데이타 이동 시작 *****
3105451 01024568888 -- 3105452 01088944740 -- 
END   2022-04-20 11:40:02 --------------------------


START 2022-04-20 11:50:01 --------------------------
live
2 개의 삭제대상 레코드 발견
delete from cf_Msg_Tran where moved='Y' and Send_Time < now() - interval 30 DAY
2 개 삭제

총 0 개 데이타 이동
END   2022-04-20 11:50:01 --------------------------


START 2022-04-20 12:00:02 --------------------------
live
총 0 개 데이타 이동
END   2022-04-20 12:00:02 --------------------------


START 2022-04-20 12:10:01 --------------------------
live
총 0 개 데이타 이동
END   2022-04-20 12:10:01 --------------------------


START 2022-04-20 12:20:02 --------------------------
live
총 0 개 데이타 이동
END   2022-04-20 12:20:02 --------------------------


START 2022-04-20 12:30:02 --------------------------
live
총 0 개 데이타 이동
END   2022-04-20 12:30:02 --------------------------


START 2022-04-20 12:40:02 --------------------------
live
총 0 개 데이타 이동
END   2022-04-20 12:40:02 --------------------------


START 2022-04-20 12:50:02 --------------------------
live
총 0 개 데이타 이동
END   2022-04-20 12:50:02 --------------------------


START 2022-04-20 13:00:02 --------------------------
live
총 0 개 데이타 이동
END   2022-04-20 13:00:02 --------------------------


START 2022-04-20 13:10:01 --------------------------
live
총 0 개 데이타 이동
END   2022-04-20 13:10:01 --------------------------


START 2022-04-20 13:20:02 --------------------------
live
총 0 개 데이타 이동
END   2022-04-20 13:20:02 --------------------------


START 2022-04-20 13:30:01 --------------------------
live
총 0 개 데이타 이동
END   2022-04-20 13:30:01 --------------------------


START 2022-04-20 13:40:01 --------------------------
live
총 0 개 데이타 이동
END   2022-04-20 13:40:01 --------------------------


START 2022-04-20 13:50:02 --------------------------
live
총 0 개 데이타 이동
END   2022-04-20 13:50:02 --------------------------


START 2022-04-20 14:00:02 --------------------------
live
총 0 개 데이타 이동
END   2022-04-20 14:00:02 --------------------------


START 2022-04-20 14:10:01 --------------------------
live
총 0 개 데이타 이동
END   2022-04-20 14:10:01 --------------------------


START 2022-04-20 14:20:02 --------------------------
live
총 0 개 데이타 이동
END   2022-04-20 14:20:02 --------------------------


START 2022-04-20 14:30:01 --------------------------
live
총 0 개 데이타 이동
END   2022-04-20 14:30:01 --------------------------


START 2022-04-20 14:40:02 --------------------------
live
총 0 개 데이타 이동
END   2022-04-20 14:40:02 --------------------------


START 2022-04-20 14:50:01 --------------------------
live
총 0 개 데이타 이동
END   2022-04-20 14:50:01 --------------------------


START 2022-04-20 15:00:02 --------------------------
live
총 0 개 데이타 이동
END   2022-04-20 15:00:02 --------------------------


START 2022-04-20 15:10:02 --------------------------
live
총 0 개 데이타 이동
END   2022-04-20 15:10:02 --------------------------


START 2022-04-20 15:20:02 --------------------------
live
총 0 개 데이타 이동
END   2022-04-20 15:20:02 --------------------------


START 2022-04-20 15:30:01 --------------------------
live
총 0 개 데이타 이동
END   2022-04-20 15:30:01 --------------------------


START 2022-04-20 15:40:02 --------------------------
live
총 0 개 데이타 이동
END   2022-04-20 15:40:02 --------------------------


START 2022-04-20 15:50:02 --------------------------
live
총 0 개 데이타 이동
END   2022-04-20 15:50:02 --------------------------


START 2022-04-20 16:00:01 --------------------------
live
총 0 개 데이타 이동
END   2022-04-20 16:00:01 --------------------------


START 2022-04-20 16:10:01 --------------------------
live
총 0 개 데이타 이동
END   2022-04-20 16:10:01 --------------------------


START 2022-04-20 16:20:01 --------------------------
live
총 0 개 데이타 이동
END   2022-04-20 16:20:01 --------------------------


START 2022-04-20 16:30:01 --------------------------
live
총 0 개 데이타 이동
END   2022-04-20 16:30:01 --------------------------


START 2022-04-20 16:40:01 --------------------------
live
총 0 개 데이타 이동
END   2022-04-20 16:40:01 --------------------------


START 2022-04-20 16:50:01 --------------------------

Warning: mysqli_connect(): (HY000/2003): Can't connect to MySQL server on '10.22.164.33' (111) in /home/crowdfund/public_html/adm/sms_admin/auto_sms_smtnt.php on line 6

Warning: mysqli_query() expects parameter 1 to be mysqli, boolean given in /home/crowdfund/public_html/adm/sms_admin/auto_sms_smtnt.php on line 7
live

Warning: mysqli_query() expects parameter 1 to be mysqli, boolean given in /home/crowdfund/public_html/adm/sms_admin/auto_sms_smtnt.php on line 21

Warning: mysqli_fetch_array() expects parameter 1 to be mysqli_result, null given in /home/crowdfund/public_html/adm/sms_admin/auto_sms_smtnt.php on line 22

Warning: mysqli_query() expects parameter 1 to be mysqli, boolean given in /home/crowdfund/public_html/adm/sms_admin/auto_sms_smtnt.php on line 34

Warning: mysqli_fetch_array() expects parameter 1 to be mysqli_result, null given in /home/crowdfund/public_html/adm/sms_admin/auto_sms_smtnt.php on line 35

Warning: mysqli_query() expects parameter 1 to be mysqli, boolean given in /home/crowdfund/public_html/adm/sms_admin/auto_sms_smtnt.php on line 50

Warning: mysqli_fetch_array() expects parameter 1 to be mysqli_result, null given in /home/crowdfund/public_html/adm/sms_admin/auto_sms_smtnt.php on line 51
총  개 데이타 이동

Warning: mysqli_close() expects parameter 1 to be mysqli, boolean given in /home/crowdfund/public_html/adm/sms_admin/auto_sms_smtnt.php on line 96
END   2022-04-20 16:50:01 --------------------------


START 2022-04-20 17:00:02 --------------------------
live
총 0 개 데이타 이동
END   2022-04-20 17:00:02 --------------------------


START 2022-04-20 17:10:01 --------------------------
live
총 0 개 데이타 이동
END   2022-04-20 17:10:01 --------------------------


START 2022-04-20 17:20:01 --------------------------
live
총 0 개 데이타 이동
END   2022-04-20 17:20:01 --------------------------


START 2022-04-20 17:30:01 --------------------------
live
총 0 개 데이타 이동
END   2022-04-20 17:30:01 --------------------------


START 2022-04-20 17:40:01 --------------------------
live
총 0 개 데이타 이동
END   2022-04-20 17:40:01 --------------------------


START 2022-04-20 17:50:01 --------------------------
live
총 0 개 데이타 이동
END   2022-04-20 17:50:01 --------------------------


START 2022-04-20 18:00:01 --------------------------
live
총 0 개 데이타 이동
END   2022-04-20 18:00:01 --------------------------


START 2022-04-20 18:10:01 --------------------------
live
총 0 개 데이타 이동
END   2022-04-20 18:10:01 --------------------------


START 2022-04-20 18:20:01 --------------------------
live
총 0 개 데이타 이동
END   2022-04-20 18:20:01 --------------------------


START 2022-04-20 18:30:01 --------------------------
live
총 0 개 데이타 이동
END   2022-04-20 18:30:01 --------------------------


START 2022-04-20 18:40:02 --------------------------
live
총 0 개 데이타 이동
END   2022-04-20 18:40:02 --------------------------


START 2022-04-20 18:50:01 --------------------------
live
총 0 개 데이타 이동
END   2022-04-20 18:50:01 --------------------------


START 2022-04-20 19:00:01 --------------------------
live
총 0 개 데이타 이동
END   2022-04-20 19:00:01 --------------------------


START 2022-04-20 19:10:01 --------------------------
live
총 0 개 데이타 이동
END   2022-04-20 19:10:01 --------------------------


START 2022-04-20 19:20:01 --------------------------
live
총 0 개 데이타 이동
END   2022-04-20 19:20:01 --------------------------


START 2022-04-20 19:30:02 --------------------------
live
총 0 개 데이타 이동
END   2022-04-20 19:30:02 --------------------------


START 2022-04-20 19:40:02 --------------------------
live
총 0 개 데이타 이동
END   2022-04-20 19:40:02 --------------------------


START 2022-04-20 19:50:02 --------------------------
live
총 0 개 데이타 이동
END   2022-04-20 19:50:02 --------------------------


START 2022-04-20 20:00:02 --------------------------
live
총 0 개 데이타 이동
END   2022-04-20 20:00:02 --------------------------


START 2022-04-20 20:10:02 --------------------------
live
2 개의 삭제대상 레코드 발견
delete from cf_Msg_Tran where moved='Y' and Send_Time < now() - interval 30 DAY
2 개 삭제

총 0 개 데이타 이동
END   2022-04-20 20:10:02 --------------------------


START 2022-04-20 20:20:02 --------------------------
live
총 0 개 데이타 이동
END   2022-04-20 20:20:02 --------------------------


START 2022-04-20 20:30:02 --------------------------
live
총 0 개 데이타 이동
END   2022-04-20 20:30:02 --------------------------


START 2022-04-20 20:40:01 --------------------------
live
총 0 개 데이타 이동
END   2022-04-20 20:40:01 --------------------------


START 2022-04-20 20:50:01 --------------------------
live
총 0 개 데이타 이동
END   2022-04-20 20:50:01 --------------------------


START 2022-04-20 21:00:01 --------------------------
live
총 0 개 데이타 이동
END   2022-04-20 21:00:01 --------------------------


START 2022-04-20 21:10:01 --------------------------
live
총 0 개 데이타 이동
END   2022-04-20 21:10:01 --------------------------


START 2022-04-20 21:20:01 --------------------------
live
총 0 개 데이타 이동
END   2022-04-20 21:20:02 --------------------------


START 2022-04-20 21:30:01 --------------------------
live
총 0 개 데이타 이동
END   2022-04-20 21:30:01 --------------------------


START 2022-04-20 21:40:01 --------------------------
live
총 0 개 데이타 이동
END   2022-04-20 21:40:01 --------------------------


START 2022-04-20 21:50:02 --------------------------
live
총 0 개 데이타 이동
END   2022-04-20 21:50:02 --------------------------


START 2022-04-20 22:00:02 --------------------------
live
총 0 개 데이타 이동
END   2022-04-20 22:00:02 --------------------------


START 2022-04-20 22:10:02 --------------------------
live
총 0 개 데이타 이동
END   2022-04-20 22:10:02 --------------------------


START 2022-04-20 22:20:01 --------------------------
live
총 0 개 데이타 이동
END   2022-04-20 22:20:01 --------------------------


START 2022-04-20 22:30:01 --------------------------
live
총 0 개 데이타 이동
END   2022-04-20 22:30:01 --------------------------


START 2022-04-20 22:40:01 --------------------------
live
총 0 개 데이타 이동
END   2022-04-20 22:40:01 --------------------------


START 2022-04-20 22:50:01 --------------------------
live
총 0 개 데이타 이동
END   2022-04-20 22:50:01 --------------------------


START 2022-04-20 23:00:01 --------------------------
live
총 0 개 데이타 이동
END   2022-04-20 23:00:02 --------------------------


START 2022-04-20 23:10:01 --------------------------
live
총 0 개 데이타 이동
END   2022-04-20 23:10:01 --------------------------


START 2022-04-20 23:20:02 --------------------------
live
총 0 개 데이타 이동
END   2022-04-20 23:20:02 --------------------------


START 2022-04-20 23:30:02 --------------------------
live
총 0 개 데이타 이동
END   2022-04-20 23:30:02 --------------------------


START 2022-04-20 23:40:01 --------------------------
live
총 0 개 데이타 이동
END   2022-04-20 23:40:02 --------------------------


START 2022-04-20 23:50:02 --------------------------
live
총 0 개 데이타 이동
END   2022-04-20 23:50:02 --------------------------


