START 2022-05-18 00:00:01 --------------------------
live
총 0 개 데이타 이동
END   2022-05-18 00:00:01 --------------------------


START 2022-05-18 00:10:01 --------------------------
live
총 0 개 데이타 이동
END   2022-05-18 00:10:01 --------------------------


START 2022-05-18 00:20:01 --------------------------
live
총 0 개 데이타 이동
END   2022-05-18 00:20:01 --------------------------


START 2022-05-18 00:30:02 --------------------------
live
총 0 개 데이타 이동
END   2022-05-18 00:30:02 --------------------------


START 2022-05-18 00:40:01 --------------------------
live
총 0 개 데이타 이동
END   2022-05-18 00:40:01 --------------------------


START 2022-05-18 00:50:02 --------------------------
live
총 0 개 데이타 이동
END   2022-05-18 00:50:02 --------------------------


START 2022-05-18 01:00:01 --------------------------
live
총 0 개 데이타 이동
END   2022-05-18 01:00:01 --------------------------


START 2022-05-18 01:10:01 --------------------------
live
총 0 개 데이타 이동
END   2022-05-18 01:10:01 --------------------------


START 2022-05-18 01:20:02 --------------------------
live
총 0 개 데이타 이동
END   2022-05-18 01:20:02 --------------------------


START 2022-05-18 01:30:02 --------------------------
live
총 0 개 데이타 이동
END   2022-05-18 01:30:02 --------------------------


START 2022-05-18 01:40:02 --------------------------
live
총 0 개 데이타 이동
END   2022-05-18 01:40:02 --------------------------


START 2022-05-18 01:50:01 --------------------------
live
총 0 개 데이타 이동
END   2022-05-18 01:50:01 --------------------------


START 2022-05-18 02:00:01 --------------------------
live
총 0 개 데이타 이동
END   2022-05-18 02:00:01 --------------------------


START 2022-05-18 02:10:01 --------------------------
live
총 0 개 데이타 이동
END   2022-05-18 02:10:01 --------------------------


START 2022-05-18 02:20:02 --------------------------
live
총 0 개 데이타 이동
END   2022-05-18 02:20:02 --------------------------


START 2022-05-18 02:30:01 --------------------------
live
총 0 개 데이타 이동
END   2022-05-18 02:30:01 --------------------------


START 2022-05-18 02:40:01 --------------------------
live
총 0 개 데이타 이동
END   2022-05-18 02:40:01 --------------------------


START 2022-05-18 02:50:02 --------------------------
live
총 0 개 데이타 이동
END   2022-05-18 02:50:02 --------------------------


START 2022-05-18 03:00:01 --------------------------
live
총 0 개 데이타 이동
END   2022-05-18 03:00:01 --------------------------


START 2022-05-18 03:10:01 --------------------------
live
총 0 개 데이타 이동
END   2022-05-18 03:10:01 --------------------------


START 2022-05-18 03:20:02 --------------------------
live
총 0 개 데이타 이동
END   2022-05-18 03:20:02 --------------------------


START 2022-05-18 03:30:01 --------------------------
live
총 0 개 데이타 이동
END   2022-05-18 03:30:01 --------------------------


START 2022-05-18 03:40:01 --------------------------
live
총 0 개 데이타 이동
END   2022-05-18 03:40:01 --------------------------


START 2022-05-18 03:50:01 --------------------------
live
총 0 개 데이타 이동
END   2022-05-18 03:50:02 --------------------------


START 2022-05-18 04:00:01 --------------------------
live
총 0 개 데이타 이동
END   2022-05-18 04:00:01 --------------------------


START 2022-05-18 04:10:02 --------------------------
live
총 0 개 데이타 이동
END   2022-05-18 04:10:02 --------------------------


START 2022-05-18 04:20:01 --------------------------
live
총 0 개 데이타 이동
END   2022-05-18 04:20:01 --------------------------


START 2022-05-18 04:30:01 --------------------------
live
총 0 개 데이타 이동
END   2022-05-18 04:30:01 --------------------------


START 2022-05-18 04:40:01 --------------------------
live
총 0 개 데이타 이동
END   2022-05-18 04:40:01 --------------------------


START 2022-05-18 04:50:01 --------------------------
live
총 0 개 데이타 이동
END   2022-05-18 04:50:01 --------------------------


START 2022-05-18 05:00:02 --------------------------
live
총 0 개 데이타 이동
END   2022-05-18 05:00:02 --------------------------


START 2022-05-18 05:10:01 --------------------------
live
총 0 개 데이타 이동
END   2022-05-18 05:10:01 --------------------------


START 2022-05-18 05:20:02 --------------------------
live
총 0 개 데이타 이동
END   2022-05-18 05:20:02 --------------------------


START 2022-05-18 05:30:01 --------------------------
live
총 0 개 데이타 이동
END   2022-05-18 05:30:01 --------------------------


START 2022-05-18 05:40:02 --------------------------
live
총 0 개 데이타 이동
END   2022-05-18 05:40:02 --------------------------


START 2022-05-18 05:50:01 --------------------------
live
총 0 개 데이타 이동
END   2022-05-18 05:50:01 --------------------------


START 2022-05-18 06:00:01 --------------------------
live
총 0 개 데이타 이동
END   2022-05-18 06:00:01 --------------------------


START 2022-05-18 06:10:01 --------------------------
live
총 0 개 데이타 이동
END   2022-05-18 06:10:01 --------------------------


START 2022-05-18 06:20:01 --------------------------
live
총 0 개 데이타 이동
END   2022-05-18 06:20:01 --------------------------


START 2022-05-18 06:30:02 --------------------------
live
총 0 개 데이타 이동
END   2022-05-18 06:30:02 --------------------------


START 2022-05-18 06:40:01 --------------------------
live
총 0 개 데이타 이동
END   2022-05-18 06:40:01 --------------------------


START 2022-05-18 06:50:01 --------------------------
live
총 0 개 데이타 이동
END   2022-05-18 06:50:01 --------------------------


START 2022-05-18 07:00:02 --------------------------
live
총 0 개 데이타 이동
END   2022-05-18 07:00:02 --------------------------


START 2022-05-18 07:10:01 --------------------------
live
총 0 개 데이타 이동
END   2022-05-18 07:10:01 --------------------------


START 2022-05-18 07:20:01 --------------------------
live
총 0 개 데이타 이동
END   2022-05-18 07:20:01 --------------------------


START 2022-05-18 07:30:02 --------------------------
live
총 0 개 데이타 이동
END   2022-05-18 07:30:02 --------------------------


START 2022-05-18 07:40:02 --------------------------
live
총 0 개 데이타 이동
END   2022-05-18 07:40:02 --------------------------


START 2022-05-18 07:50:02 --------------------------
live
총 0 개 데이타 이동
END   2022-05-18 07:50:02 --------------------------


START 2022-05-18 08:00:02 --------------------------
live
총 0 개 데이타 이동
END   2022-05-18 08:00:02 --------------------------


START 2022-05-18 08:10:02 --------------------------
live
총 0 개 데이타 이동
END   2022-05-18 08:10:02 --------------------------


START 2022-05-18 08:20:02 --------------------------
live
총 0 개 데이타 이동
END   2022-05-18 08:20:02 --------------------------


START 2022-05-18 08:30:02 --------------------------
live
총 0 개 데이타 이동
END   2022-05-18 08:30:02 --------------------------


START 2022-05-18 08:40:01 --------------------------
live
총 0 개 데이타 이동
END   2022-05-18 08:40:02 --------------------------


START 2022-05-18 08:50:02 --------------------------
live
총 0 개 데이타 이동
END   2022-05-18 08:50:02 --------------------------


START 2022-05-18 09:00:02 --------------------------
live
총 0 개 데이타 이동
END   2022-05-18 09:00:02 --------------------------


START 2022-05-18 09:10:01 --------------------------
live
총 0 개 데이타 이동
END   2022-05-18 09:10:01 --------------------------


START 2022-05-18 09:20:01 --------------------------
live
총 0 개 데이타 이동
END   2022-05-18 09:20:01 --------------------------


START 2022-05-18 09:30:01 --------------------------
live
총 0 개 데이타 이동
END   2022-05-18 09:30:01 --------------------------


START 2022-05-18 09:40:01 --------------------------
live
총 0 개 데이타 이동
END   2022-05-18 09:40:01 --------------------------


START 2022-05-18 09:50:01 --------------------------
live
총 0 개 데이타 이동
END   2022-05-18 09:50:01 --------------------------


START 2022-05-18 10:00:02 --------------------------
live
총 0 개 데이타 이동
END   2022-05-18 10:00:02 --------------------------


START 2022-05-18 10:10:02 --------------------------
live
총 0 개 데이타 이동
END   2022-05-18 10:10:02 --------------------------


START 2022-05-18 10:20:01 --------------------------
live
총 0 개 데이타 이동
END   2022-05-18 10:20:01 --------------------------


START 2022-05-18 10:30:02 --------------------------
live
총 0 개 데이타 이동
END   2022-05-18 10:30:02 --------------------------


START 2022-05-18 10:40:02 --------------------------
live
총 0 개 데이타 이동
END   2022-05-18 10:40:02 --------------------------


START 2022-05-18 10:50:02 --------------------------
live
총 0 개 데이타 이동
END   2022-05-18 10:50:02 --------------------------


START 2022-05-18 11:00:02 --------------------------
live
총 0 개 데이타 이동
END   2022-05-18 11:00:02 --------------------------


START 2022-05-18 11:10:01 --------------------------
live
총 0 개 데이타 이동
END   2022-05-18 11:10:01 --------------------------


START 2022-05-18 11:20:01 --------------------------
live
총 0 개 데이타 이동
END   2022-05-18 11:20:01 --------------------------


START 2022-05-18 11:30:01 --------------------------
live
총 0 개 데이타 이동
END   2022-05-18 11:30:01 --------------------------


START 2022-05-18 11:40:01 --------------------------
live
2 개의 삭제대상 레코드 발견
delete from cf_Msg_Tran where moved='Y' and Send_Time < now() - interval 30 DAY
2 개 삭제

총 2 개 데이타 이동
데이타 이동 시작 *****
3106598 01024568888 -- 3106599 01088944740 -- 
END   2022-05-18 11:40:01 --------------------------


START 2022-05-18 11:50:01 --------------------------
live
2 개의 삭제대상 레코드 발견
delete from cf_Msg_Tran where moved='Y' and Send_Time < now() - interval 30 DAY
2 개 삭제

총 0 개 데이타 이동
END   2022-05-18 11:50:01 --------------------------


START 2022-05-18 12:00:01 --------------------------
live
총 0 개 데이타 이동
END   2022-05-18 12:00:01 --------------------------


START 2022-05-18 12:10:02 --------------------------
live
총 1 개 데이타 이동
데이타 이동 시작 *****
3106600 01046010072 -- 
END   2022-05-18 12:10:02 --------------------------


START 2022-05-18 12:20:01 --------------------------
live
총 0 개 데이타 이동
END   2022-05-18 12:20:01 --------------------------


START 2022-05-18 12:30:01 --------------------------
live
총 0 개 데이타 이동
END   2022-05-18 12:30:01 --------------------------


START 2022-05-18 12:40:01 --------------------------
live
총 0 개 데이타 이동
END   2022-05-18 12:40:01 --------------------------


START 2022-05-18 12:50:01 --------------------------
live
총 0 개 데이타 이동
END   2022-05-18 12:50:02 --------------------------


START 2022-05-18 13:00:02 --------------------------
live
총 0 개 데이타 이동
END   2022-05-18 13:00:02 --------------------------


START 2022-05-18 13:10:01 --------------------------
live
총 0 개 데이타 이동
END   2022-05-18 13:10:01 --------------------------


START 2022-05-18 13:20:01 --------------------------
live
총 0 개 데이타 이동
END   2022-05-18 13:20:01 --------------------------


START 2022-05-18 13:30:01 --------------------------
live
총 0 개 데이타 이동
END   2022-05-18 13:30:01 --------------------------


START 2022-05-18 13:40:01 --------------------------
live
총 0 개 데이타 이동
END   2022-05-18 13:40:01 --------------------------


START 2022-05-18 13:50:02 --------------------------
live
총 0 개 데이타 이동
END   2022-05-18 13:50:02 --------------------------


START 2022-05-18 14:00:01 --------------------------
live
총 0 개 데이타 이동
END   2022-05-18 14:00:01 --------------------------


START 2022-05-18 14:10:01 --------------------------
live
총 0 개 데이타 이동
END   2022-05-18 14:10:01 --------------------------


START 2022-05-18 14:20:02 --------------------------
live
총 0 개 데이타 이동
END   2022-05-18 14:20:02 --------------------------


START 2022-05-18 14:30:01 --------------------------
live
총 0 개 데이타 이동
END   2022-05-18 14:30:01 --------------------------


START 2022-05-18 14:40:01 --------------------------
live
총 0 개 데이타 이동
END   2022-05-18 14:40:01 --------------------------


START 2022-05-18 14:50:01 --------------------------
live
총 0 개 데이타 이동
END   2022-05-18 14:50:01 --------------------------


START 2022-05-18 15:00:01 --------------------------
live
총 0 개 데이타 이동
END   2022-05-18 15:00:01 --------------------------


START 2022-05-18 15:10:01 --------------------------
live
총 0 개 데이타 이동
END   2022-05-18 15:10:01 --------------------------


START 2022-05-18 15:20:01 --------------------------
live
총 0 개 데이타 이동
END   2022-05-18 15:20:01 --------------------------


START 2022-05-18 15:30:01 --------------------------
live
총 0 개 데이타 이동
END   2022-05-18 15:30:01 --------------------------


START 2022-05-18 15:40:01 --------------------------
live
총 0 개 데이타 이동
END   2022-05-18 15:40:01 --------------------------


START 2022-05-18 15:50:02 --------------------------
live
총 0 개 데이타 이동
END   2022-05-18 15:50:02 --------------------------


START 2022-05-18 16:00:02 --------------------------
live
총 0 개 데이타 이동
END   2022-05-18 16:00:02 --------------------------


START 2022-05-18 16:10:01 --------------------------
live
총 0 개 데이타 이동
END   2022-05-18 16:10:01 --------------------------


START 2022-05-18 16:20:01 --------------------------
live
총 0 개 데이타 이동
END   2022-05-18 16:20:01 --------------------------


START 2022-05-18 16:30:02 --------------------------
live
총 0 개 데이타 이동
END   2022-05-18 16:30:02 --------------------------


START 2022-05-18 16:40:02 --------------------------
live
총 0 개 데이타 이동
END   2022-05-18 16:40:02 --------------------------


START 2022-05-18 16:50:01 --------------------------
live
총 0 개 데이타 이동
END   2022-05-18 16:50:01 --------------------------


START 2022-05-18 17:00:01 --------------------------
live
총 0 개 데이타 이동
END   2022-05-18 17:00:01 --------------------------


START 2022-05-18 17:10:02 --------------------------
live
총 0 개 데이타 이동
END   2022-05-18 17:10:02 --------------------------


START 2022-05-18 17:20:01 --------------------------
live
총 0 개 데이타 이동
END   2022-05-18 17:20:01 --------------------------


START 2022-05-18 17:30:01 --------------------------
live
총 0 개 데이타 이동
END   2022-05-18 17:30:01 --------------------------


START 2022-05-18 17:40:01 --------------------------
live
총 0 개 데이타 이동
END   2022-05-18 17:40:01 --------------------------


START 2022-05-18 17:50:02 --------------------------
live
총 0 개 데이타 이동
END   2022-05-18 17:50:02 --------------------------


START 2022-05-18 18:00:01 --------------------------
live
총 0 개 데이타 이동
END   2022-05-18 18:00:01 --------------------------


START 2022-05-18 18:10:01 --------------------------
live
총 0 개 데이타 이동
END   2022-05-18 18:10:01 --------------------------


START 2022-05-18 18:20:01 --------------------------
live
총 0 개 데이타 이동
END   2022-05-18 18:20:01 --------------------------


START 2022-05-18 18:30:01 --------------------------
live
총 0 개 데이타 이동
END   2022-05-18 18:30:01 --------------------------


START 2022-05-18 18:40:01 --------------------------
live
총 0 개 데이타 이동
END   2022-05-18 18:40:01 --------------------------


START 2022-05-18 18:50:02 --------------------------
live
총 0 개 데이타 이동
END   2022-05-18 18:50:02 --------------------------


START 2022-05-18 19:00:02 --------------------------
live
총 0 개 데이타 이동
END   2022-05-18 19:00:02 --------------------------


START 2022-05-18 19:10:02 --------------------------
live
총 0 개 데이타 이동
END   2022-05-18 19:10:02 --------------------------


START 2022-05-18 19:20:02 --------------------------
live
총 0 개 데이타 이동
END   2022-05-18 19:20:02 --------------------------


START 2022-05-18 19:30:02 --------------------------
live
총 0 개 데이타 이동
END   2022-05-18 19:30:02 --------------------------


START 2022-05-18 19:40:02 --------------------------
live
총 0 개 데이타 이동
END   2022-05-18 19:40:02 --------------------------


START 2022-05-18 19:50:01 --------------------------
live
총 0 개 데이타 이동
END   2022-05-18 19:50:01 --------------------------


START 2022-05-18 20:00:01 --------------------------
live
총 0 개 데이타 이동
END   2022-05-18 20:00:01 --------------------------


START 2022-05-18 20:10:01 --------------------------
live
총 0 개 데이타 이동
END   2022-05-18 20:10:01 --------------------------


START 2022-05-18 20:20:01 --------------------------
live
총 0 개 데이타 이동
END   2022-05-18 20:20:01 --------------------------


START 2022-05-18 20:30:01 --------------------------
live
총 0 개 데이타 이동
END   2022-05-18 20:30:01 --------------------------


START 2022-05-18 20:40:01 --------------------------
live
총 0 개 데이타 이동
END   2022-05-18 20:40:01 --------------------------


START 2022-05-18 20:50:01 --------------------------
live
총 0 개 데이타 이동
END   2022-05-18 20:50:01 --------------------------


START 2022-05-18 21:00:01 --------------------------
live
총 0 개 데이타 이동
END   2022-05-18 21:00:01 --------------------------


START 2022-05-18 21:10:02 --------------------------
live
총 0 개 데이타 이동
END   2022-05-18 21:10:02 --------------------------


START 2022-05-18 21:20:02 --------------------------
live
총 0 개 데이타 이동
END   2022-05-18 21:20:02 --------------------------


START 2022-05-18 21:30:02 --------------------------
live
총 0 개 데이타 이동
END   2022-05-18 21:30:02 --------------------------


START 2022-05-18 21:40:02 --------------------------
live
총 0 개 데이타 이동
END   2022-05-18 21:40:02 --------------------------


START 2022-05-18 21:50:01 --------------------------
live
총 0 개 데이타 이동
END   2022-05-18 21:50:01 --------------------------


START 2022-05-18 22:00:01 --------------------------
live
총 0 개 데이타 이동
END   2022-05-18 22:00:01 --------------------------


START 2022-05-18 22:10:01 --------------------------
live
총 0 개 데이타 이동
END   2022-05-18 22:10:01 --------------------------


START 2022-05-18 22:20:01 --------------------------
live
총 0 개 데이타 이동
END   2022-05-18 22:20:01 --------------------------


START 2022-05-18 22:30:01 --------------------------
live
총 0 개 데이타 이동
END   2022-05-18 22:30:01 --------------------------


START 2022-05-18 22:40:01 --------------------------
live
총 0 개 데이타 이동
END   2022-05-18 22:40:01 --------------------------


START 2022-05-18 22:50:01 --------------------------
live
총 0 개 데이타 이동
END   2022-05-18 22:50:01 --------------------------


START 2022-05-18 23:00:01 --------------------------
live
총 0 개 데이타 이동
END   2022-05-18 23:00:01 --------------------------


START 2022-05-18 23:10:02 --------------------------
live
총 0 개 데이타 이동
END   2022-05-18 23:10:02 --------------------------


START 2022-05-18 23:20:02 --------------------------
live
총 0 개 데이타 이동
END   2022-05-18 23:20:02 --------------------------


START 2022-05-18 23:30:01 --------------------------
live
총 0 개 데이타 이동
END   2022-05-18 23:30:01 --------------------------


START 2022-05-18 23:40:02 --------------------------
live
총 0 개 데이타 이동
END   2022-05-18 23:40:02 --------------------------


START 2022-05-18 23:50:02 --------------------------
live
총 0 개 데이타 이동
END   2022-05-18 23:50:02 --------------------------


