START 2022-04-18 00:00:01 --------------------------
live
총 0 개 데이타 이동
END   2022-04-18 00:00:01 --------------------------


START 2022-04-18 00:10:01 --------------------------
live
총 0 개 데이타 이동
END   2022-04-18 00:10:01 --------------------------


START 2022-04-18 00:20:01 --------------------------
live
총 0 개 데이타 이동
END   2022-04-18 00:20:01 --------------------------


START 2022-04-18 00:30:02 --------------------------
live
총 0 개 데이타 이동
END   2022-04-18 00:30:02 --------------------------


START 2022-04-18 00:40:01 --------------------------
live
총 0 개 데이타 이동
END   2022-04-18 00:40:01 --------------------------


START 2022-04-18 00:50:01 --------------------------
live
총 0 개 데이타 이동
END   2022-04-18 00:50:01 --------------------------


START 2022-04-18 01:00:02 --------------------------
live
총 0 개 데이타 이동
END   2022-04-18 01:00:02 --------------------------


START 2022-04-18 01:10:01 --------------------------
live
총 0 개 데이타 이동
END   2022-04-18 01:10:01 --------------------------


START 2022-04-18 01:20:01 --------------------------
live
총 0 개 데이타 이동
END   2022-04-18 01:20:01 --------------------------


START 2022-04-18 01:30:01 --------------------------
live
총 0 개 데이타 이동
END   2022-04-18 01:30:01 --------------------------


START 2022-04-18 01:40:02 --------------------------
live
총 0 개 데이타 이동
END   2022-04-18 01:40:02 --------------------------


START 2022-04-18 01:50:01 --------------------------
live
총 0 개 데이타 이동
END   2022-04-18 01:50:01 --------------------------


START 2022-04-18 02:00:01 --------------------------
live
총 0 개 데이타 이동
END   2022-04-18 02:00:01 --------------------------


START 2022-04-18 02:10:01 --------------------------
live
총 0 개 데이타 이동
END   2022-04-18 02:10:01 --------------------------


START 2022-04-18 02:20:01 --------------------------
live
총 0 개 데이타 이동
END   2022-04-18 02:20:01 --------------------------


START 2022-04-18 02:30:01 --------------------------
live
총 0 개 데이타 이동
END   2022-04-18 02:30:01 --------------------------


START 2022-04-18 02:40:01 --------------------------
live
총 0 개 데이타 이동
END   2022-04-18 02:40:01 --------------------------


START 2022-04-18 02:50:01 --------------------------
live
총 0 개 데이타 이동
END   2022-04-18 02:50:01 --------------------------


START 2022-04-18 03:00:01 --------------------------
live
총 0 개 데이타 이동
END   2022-04-18 03:00:01 --------------------------


START 2022-04-18 03:10:01 --------------------------
live
총 0 개 데이타 이동
END   2022-04-18 03:10:01 --------------------------


START 2022-04-18 03:20:01 --------------------------
live
총 0 개 데이타 이동
END   2022-04-18 03:20:01 --------------------------


START 2022-04-18 03:30:02 --------------------------
live
총 0 개 데이타 이동
END   2022-04-18 03:30:02 --------------------------


START 2022-04-18 03:40:02 --------------------------
live
총 0 개 데이타 이동
END   2022-04-18 03:40:02 --------------------------


START 2022-04-18 03:50:01 --------------------------
live
총 0 개 데이타 이동
END   2022-04-18 03:50:01 --------------------------


START 2022-04-18 04:00:01 --------------------------
live
총 0 개 데이타 이동
END   2022-04-18 04:00:01 --------------------------


START 2022-04-18 04:10:02 --------------------------
live
총 0 개 데이타 이동
END   2022-04-18 04:10:02 --------------------------


START 2022-04-18 04:20:01 --------------------------
live
총 0 개 데이타 이동
END   2022-04-18 04:20:01 --------------------------


START 2022-04-18 04:30:01 --------------------------
live
총 0 개 데이타 이동
END   2022-04-18 04:30:01 --------------------------


START 2022-04-18 04:40:01 --------------------------
live
총 0 개 데이타 이동
END   2022-04-18 04:40:01 --------------------------


START 2022-04-18 04:50:01 --------------------------
live
총 0 개 데이타 이동
END   2022-04-18 04:50:01 --------------------------


START 2022-04-18 05:00:02 --------------------------
live
총 0 개 데이타 이동
END   2022-04-18 05:00:02 --------------------------


START 2022-04-18 05:10:02 --------------------------
live
총 0 개 데이타 이동
END   2022-04-18 05:10:02 --------------------------


START 2022-04-18 05:20:01 --------------------------
live
총 0 개 데이타 이동
END   2022-04-18 05:20:01 --------------------------


START 2022-04-18 05:30:01 --------------------------
live
총 0 개 데이타 이동
END   2022-04-18 05:30:01 --------------------------


START 2022-04-18 05:40:01 --------------------------
live
총 0 개 데이타 이동
END   2022-04-18 05:40:01 --------------------------


START 2022-04-18 05:50:01 --------------------------
live
총 0 개 데이타 이동
END   2022-04-18 05:50:01 --------------------------


START 2022-04-18 06:00:02 --------------------------
live
총 0 개 데이타 이동
END   2022-04-18 06:00:02 --------------------------


START 2022-04-18 06:10:02 --------------------------
live
총 0 개 데이타 이동
END   2022-04-18 06:10:02 --------------------------


START 2022-04-18 06:20:01 --------------------------
live
총 0 개 데이타 이동
END   2022-04-18 06:20:01 --------------------------


START 2022-04-18 06:30:01 --------------------------
live
총 0 개 데이타 이동
END   2022-04-18 06:30:01 --------------------------


START 2022-04-18 06:40:01 --------------------------
live
총 0 개 데이타 이동
END   2022-04-18 06:40:01 --------------------------


START 2022-04-18 06:50:01 --------------------------
live
총 0 개 데이타 이동
END   2022-04-18 06:50:01 --------------------------


START 2022-04-18 07:00:02 --------------------------
live
총 0 개 데이타 이동
END   2022-04-18 07:00:02 --------------------------


START 2022-04-18 07:10:02 --------------------------
live
총 0 개 데이타 이동
END   2022-04-18 07:10:02 --------------------------


START 2022-04-18 07:20:02 --------------------------
live
총 0 개 데이타 이동
END   2022-04-18 07:20:02 --------------------------


START 2022-04-18 07:30:02 --------------------------
live
총 0 개 데이타 이동
END   2022-04-18 07:30:02 --------------------------


START 2022-04-18 07:40:01 --------------------------
live
총 0 개 데이타 이동
END   2022-04-18 07:40:01 --------------------------


START 2022-04-18 07:50:01 --------------------------
live
총 0 개 데이타 이동
END   2022-04-18 07:50:01 --------------------------


START 2022-04-18 08:00:01 --------------------------
live
총 0 개 데이타 이동
END   2022-04-18 08:00:01 --------------------------


START 2022-04-18 08:10:01 --------------------------
live
총 0 개 데이타 이동
END   2022-04-18 08:10:01 --------------------------


START 2022-04-18 08:20:02 --------------------------
live
총 0 개 데이타 이동
END   2022-04-18 08:20:02 --------------------------


START 2022-04-18 08:30:02 --------------------------
live
총 0 개 데이타 이동
END   2022-04-18 08:30:02 --------------------------


START 2022-04-18 08:40:01 --------------------------
live
총 0 개 데이타 이동
END   2022-04-18 08:40:02 --------------------------


START 2022-04-18 08:50:01 --------------------------
live
총 0 개 데이타 이동
END   2022-04-18 08:50:01 --------------------------


START 2022-04-18 09:00:02 --------------------------
live
총 0 개 데이타 이동
END   2022-04-18 09:00:02 --------------------------


START 2022-04-18 09:10:01 --------------------------
live
총 0 개 데이타 이동
END   2022-04-18 09:10:01 --------------------------


START 2022-04-18 09:20:02 --------------------------
live
총 0 개 데이타 이동
END   2022-04-18 09:20:02 --------------------------


START 2022-04-18 09:30:02 --------------------------
live
총 0 개 데이타 이동
END   2022-04-18 09:30:02 --------------------------


START 2022-04-18 09:40:02 --------------------------
live
총 0 개 데이타 이동
END   2022-04-18 09:40:02 --------------------------


START 2022-04-18 09:50:01 --------------------------
live
총 0 개 데이타 이동
END   2022-04-18 09:50:01 --------------------------


START 2022-04-18 10:00:01 --------------------------
live
총 0 개 데이타 이동
END   2022-04-18 10:00:01 --------------------------


START 2022-04-18 10:10:01 --------------------------
live
총 0 개 데이타 이동
END   2022-04-18 10:10:01 --------------------------


START 2022-04-18 10:20:02 --------------------------
live
총 0 개 데이타 이동
END   2022-04-18 10:20:02 --------------------------


START 2022-04-18 10:30:01 --------------------------
live
총 0 개 데이타 이동
END   2022-04-18 10:30:01 --------------------------


START 2022-04-18 10:40:01 --------------------------
live
총 0 개 데이타 이동
END   2022-04-18 10:40:01 --------------------------


START 2022-04-18 10:50:01 --------------------------
live
총 0 개 데이타 이동
END   2022-04-18 10:50:01 --------------------------


START 2022-04-18 11:00:02 --------------------------
live
총 0 개 데이타 이동
END   2022-04-18 11:00:02 --------------------------


START 2022-04-18 11:10:02 --------------------------
live
총 0 개 데이타 이동
END   2022-04-18 11:10:02 --------------------------


START 2022-04-18 11:20:01 --------------------------
live
총 0 개 데이타 이동
END   2022-04-18 11:20:01 --------------------------


START 2022-04-18 11:30:01 --------------------------
live
총 2 개 데이타 이동
데이타 이동 시작 *****
3105446 01024568888 -- 3105447 01088944740 -- 
END   2022-04-18 11:30:01 --------------------------


START 2022-04-18 11:40:01 --------------------------
live
총 2 개 데이타 이동
데이타 이동 시작 *****
3105448 01024568888 -- 3105449 01088944740 -- 
END   2022-04-18 11:40:01 --------------------------


START 2022-04-18 11:50:01 --------------------------
live
총 0 개 데이타 이동
END   2022-04-18 11:50:01 --------------------------


START 2022-04-18 12:00:02 --------------------------
live
총 0 개 데이타 이동
END   2022-04-18 12:00:02 --------------------------


START 2022-04-18 12:10:01 --------------------------
live
총 0 개 데이타 이동
END   2022-04-18 12:10:01 --------------------------


START 2022-04-18 12:20:01 --------------------------
live
총 0 개 데이타 이동
END   2022-04-18 12:20:01 --------------------------


START 2022-04-18 12:30:01 --------------------------
live
총 0 개 데이타 이동
END   2022-04-18 12:30:01 --------------------------


START 2022-04-18 12:40:01 --------------------------
live
총 0 개 데이타 이동
END   2022-04-18 12:40:01 --------------------------


START 2022-04-18 12:50:01 --------------------------
live
총 0 개 데이타 이동
END   2022-04-18 12:50:01 --------------------------


START 2022-04-18 13:00:02 --------------------------
live
총 0 개 데이타 이동
END   2022-04-18 13:00:02 --------------------------


START 2022-04-18 13:10:02 --------------------------
live
총 0 개 데이타 이동
END   2022-04-18 13:10:02 --------------------------


START 2022-04-18 13:20:01 --------------------------
live
총 0 개 데이타 이동
END   2022-04-18 13:20:01 --------------------------


START 2022-04-18 13:30:02 --------------------------
live
총 0 개 데이타 이동
END   2022-04-18 13:30:02 --------------------------


START 2022-04-18 13:40:02 --------------------------
live
총 0 개 데이타 이동
END   2022-04-18 13:40:02 --------------------------


START 2022-04-18 13:50:01 --------------------------
live
총 0 개 데이타 이동
END   2022-04-18 13:50:01 --------------------------


START 2022-04-18 14:00:01 --------------------------
live
총 0 개 데이타 이동
END   2022-04-18 14:00:01 --------------------------


START 2022-04-18 14:10:01 --------------------------
live
총 0 개 데이타 이동
END   2022-04-18 14:10:01 --------------------------


START 2022-04-18 14:20:01 --------------------------
live
총 0 개 데이타 이동
END   2022-04-18 14:20:01 --------------------------


START 2022-04-18 14:30:01 --------------------------
live
총 0 개 데이타 이동
END   2022-04-18 14:30:01 --------------------------


START 2022-04-18 14:40:02 --------------------------
live
총 0 개 데이타 이동
END   2022-04-18 14:40:02 --------------------------


START 2022-04-18 14:50:01 --------------------------
live
총 0 개 데이타 이동
END   2022-04-18 14:50:01 --------------------------


START 2022-04-18 15:00:01 --------------------------
live
총 0 개 데이타 이동
END   2022-04-18 15:00:01 --------------------------


START 2022-04-18 15:10:02 --------------------------
live
총 0 개 데이타 이동
END   2022-04-18 15:10:02 --------------------------


START 2022-04-18 15:20:01 --------------------------
live
총 0 개 데이타 이동
END   2022-04-18 15:20:01 --------------------------


START 2022-04-18 15:30:01 --------------------------
live
총 0 개 데이타 이동
END   2022-04-18 15:30:01 --------------------------


START 2022-04-18 15:40:02 --------------------------
live
총 0 개 데이타 이동
END   2022-04-18 15:40:02 --------------------------


START 2022-04-18 15:50:01 --------------------------
live
총 0 개 데이타 이동
END   2022-04-18 15:50:01 --------------------------


START 2022-04-18 16:00:01 --------------------------
live
총 0 개 데이타 이동
END   2022-04-18 16:00:01 --------------------------


START 2022-04-18 16:10:01 --------------------------
live
총 0 개 데이타 이동
END   2022-04-18 16:10:01 --------------------------


START 2022-04-18 16:20:02 --------------------------
live
총 0 개 데이타 이동
END   2022-04-18 16:20:02 --------------------------


START 2022-04-18 16:30:01 --------------------------
live
총 0 개 데이타 이동
END   2022-04-18 16:30:01 --------------------------


START 2022-04-18 16:40:01 --------------------------
live
총 0 개 데이타 이동
END   2022-04-18 16:40:01 --------------------------


START 2022-04-18 16:50:02 --------------------------
live
총 0 개 데이타 이동
END   2022-04-18 16:50:02 --------------------------


START 2022-04-18 17:00:02 --------------------------
live
총 0 개 데이타 이동
END   2022-04-18 17:00:02 --------------------------


START 2022-04-18 17:10:02 --------------------------
live
총 0 개 데이타 이동
END   2022-04-18 17:10:02 --------------------------


START 2022-04-18 17:20:01 --------------------------
live
총 0 개 데이타 이동
END   2022-04-18 17:20:01 --------------------------


START 2022-04-18 17:30:01 --------------------------
live
총 0 개 데이타 이동
END   2022-04-18 17:30:01 --------------------------


START 2022-04-18 17:40:01 --------------------------
live
총 0 개 데이타 이동
END   2022-04-18 17:40:01 --------------------------


START 2022-04-18 17:50:02 --------------------------
live
총 0 개 데이타 이동
END   2022-04-18 17:50:02 --------------------------


START 2022-04-18 18:00:01 --------------------------
live
총 0 개 데이타 이동
END   2022-04-18 18:00:01 --------------------------


START 2022-04-18 18:10:01 --------------------------
live
총 0 개 데이타 이동
END   2022-04-18 18:10:01 --------------------------


START 2022-04-18 18:20:02 --------------------------
live
총 0 개 데이타 이동
END   2022-04-18 18:20:02 --------------------------


START 2022-04-18 18:30:01 --------------------------
live
총 0 개 데이타 이동
END   2022-04-18 18:30:01 --------------------------


START 2022-04-18 18:40:01 --------------------------
live
총 0 개 데이타 이동
END   2022-04-18 18:40:01 --------------------------


START 2022-04-18 18:50:01 --------------------------
live
총 0 개 데이타 이동
END   2022-04-18 18:50:01 --------------------------


START 2022-04-18 19:00:01 --------------------------
live
총 0 개 데이타 이동
END   2022-04-18 19:00:01 --------------------------


START 2022-04-18 19:10:01 --------------------------
live
총 0 개 데이타 이동
END   2022-04-18 19:10:01 --------------------------


START 2022-04-18 19:20:01 --------------------------
live
총 0 개 데이타 이동
END   2022-04-18 19:20:01 --------------------------


START 2022-04-18 19:30:01 --------------------------
live
총 0 개 데이타 이동
END   2022-04-18 19:30:01 --------------------------


START 2022-04-18 19:40:01 --------------------------
live
총 0 개 데이타 이동
END   2022-04-18 19:40:01 --------------------------


START 2022-04-18 19:50:01 --------------------------
live
총 0 개 데이타 이동
END   2022-04-18 19:50:01 --------------------------


START 2022-04-18 20:00:01 --------------------------
live
총 0 개 데이타 이동
END   2022-04-18 20:00:01 --------------------------


START 2022-04-18 20:10:01 --------------------------
live
총 0 개 데이타 이동
END   2022-04-18 20:10:01 --------------------------


START 2022-04-18 20:20:01 --------------------------
live
총 0 개 데이타 이동
END   2022-04-18 20:20:01 --------------------------


START 2022-04-18 20:30:01 --------------------------
live
총 0 개 데이타 이동
END   2022-04-18 20:30:01 --------------------------


START 2022-04-18 20:40:02 --------------------------
live
총 0 개 데이타 이동
END   2022-04-18 20:40:02 --------------------------


START 2022-04-18 20:50:02 --------------------------
live
총 0 개 데이타 이동
END   2022-04-18 20:50:02 --------------------------


START 2022-04-18 21:00:01 --------------------------
live
총 0 개 데이타 이동
END   2022-04-18 21:00:01 --------------------------


START 2022-04-18 21:10:01 --------------------------
live
총 0 개 데이타 이동
END   2022-04-18 21:10:01 --------------------------


START 2022-04-18 21:20:01 --------------------------
live
총 0 개 데이타 이동
END   2022-04-18 21:20:01 --------------------------


START 2022-04-18 21:30:01 --------------------------
live
총 0 개 데이타 이동
END   2022-04-18 21:30:01 --------------------------


START 2022-04-18 21:40:01 --------------------------
live
총 0 개 데이타 이동
END   2022-04-18 21:40:01 --------------------------


START 2022-04-18 21:50:01 --------------------------
live
총 0 개 데이타 이동
END   2022-04-18 21:50:01 --------------------------


START 2022-04-18 22:00:01 --------------------------
live
총 0 개 데이타 이동
END   2022-04-18 22:00:01 --------------------------


START 2022-04-18 22:10:01 --------------------------
live
총 0 개 데이타 이동
END   2022-04-18 22:10:01 --------------------------


START 2022-04-18 22:20:01 --------------------------
live
총 0 개 데이타 이동
END   2022-04-18 22:20:01 --------------------------


START 2022-04-18 22:30:01 --------------------------
live
총 0 개 데이타 이동
END   2022-04-18 22:30:01 --------------------------


START 2022-04-18 22:40:01 --------------------------
live
총 0 개 데이타 이동
END   2022-04-18 22:40:01 --------------------------


START 2022-04-18 22:50:01 --------------------------
live
총 0 개 데이타 이동
END   2022-04-18 22:50:01 --------------------------


START 2022-04-18 23:00:01 --------------------------
live
총 0 개 데이타 이동
END   2022-04-18 23:00:01 --------------------------


START 2022-04-18 23:10:02 --------------------------
live
총 0 개 데이타 이동
END   2022-04-18 23:10:02 --------------------------


START 2022-04-18 23:20:01 --------------------------
live
총 0 개 데이타 이동
END   2022-04-18 23:20:01 --------------------------


START 2022-04-18 23:30:01 --------------------------
live
총 0 개 데이타 이동
END   2022-04-18 23:30:01 --------------------------


START 2022-04-18 23:40:01 --------------------------
live
총 0 개 데이타 이동
END   2022-04-18 23:40:01 --------------------------


START 2022-04-18 23:50:01 --------------------------
live
총 0 개 데이타 이동
END   2022-04-18 23:50:01 --------------------------


