START 2022-12-01 00:00:01 --------------------------
live
총 0 개 데이타 이동
END   2022-12-01 00:00:01 --------------------------


START 2022-12-01 00:10:02 --------------------------
live
총 0 개 데이타 이동
END   2022-12-01 00:10:02 --------------------------


START 2022-12-01 00:20:02 --------------------------
live
총 0 개 데이타 이동
END   2022-12-01 00:20:02 --------------------------


START 2022-12-01 00:30:01 --------------------------
live
총 0 개 데이타 이동
END   2022-12-01 00:30:01 --------------------------


START 2022-12-01 00:40:01 --------------------------
live
총 0 개 데이타 이동
END   2022-12-01 00:40:01 --------------------------


START 2022-12-01 00:50:01 --------------------------
live
총 0 개 데이타 이동
END   2022-12-01 00:50:01 --------------------------


START 2022-12-01 01:00:01 --------------------------
live
총 0 개 데이타 이동
END   2022-12-01 01:00:01 --------------------------


START 2022-12-01 01:10:01 --------------------------
live
총 0 개 데이타 이동
END   2022-12-01 01:10:01 --------------------------


START 2022-12-01 01:20:01 --------------------------
live
총 0 개 데이타 이동
END   2022-12-01 01:20:01 --------------------------


START 2022-12-01 01:30:01 --------------------------
live
총 0 개 데이타 이동
END   2022-12-01 01:30:01 --------------------------


START 2022-12-01 01:40:01 --------------------------
live
총 0 개 데이타 이동
END   2022-12-01 01:40:01 --------------------------


START 2022-12-01 01:50:02 --------------------------
live
총 0 개 데이타 이동
END   2022-12-01 01:50:02 --------------------------


START 2022-12-01 02:00:01 --------------------------
live
총 0 개 데이타 이동
END   2022-12-01 02:00:01 --------------------------


START 2022-12-01 02:10:01 --------------------------
live
총 0 개 데이타 이동
END   2022-12-01 02:10:01 --------------------------


START 2022-12-01 02:20:01 --------------------------
live
총 0 개 데이타 이동
END   2022-12-01 02:20:01 --------------------------


START 2022-12-01 02:30:01 --------------------------
live
총 0 개 데이타 이동
END   2022-12-01 02:30:01 --------------------------


START 2022-12-01 02:40:01 --------------------------
live
총 0 개 데이타 이동
END   2022-12-01 02:40:01 --------------------------


START 2022-12-01 02:50:01 --------------------------
live
총 0 개 데이타 이동
END   2022-12-01 02:50:01 --------------------------


START 2022-12-01 03:00:01 --------------------------
live
총 0 개 데이타 이동
END   2022-12-01 03:00:01 --------------------------


START 2022-12-01 03:10:01 --------------------------
live
총 0 개 데이타 이동
END   2022-12-01 03:10:01 --------------------------


START 2022-12-01 03:20:01 --------------------------
live
총 0 개 데이타 이동
END   2022-12-01 03:20:01 --------------------------


START 2022-12-01 03:30:01 --------------------------
live
총 0 개 데이타 이동
END   2022-12-01 03:30:01 --------------------------


START 2022-12-01 03:40:01 --------------------------
live
총 0 개 데이타 이동
END   2022-12-01 03:40:01 --------------------------


START 2022-12-01 03:50:02 --------------------------
live
총 0 개 데이타 이동
END   2022-12-01 03:50:02 --------------------------


START 2022-12-01 04:00:01 --------------------------
live
총 0 개 데이타 이동
END   2022-12-01 04:00:01 --------------------------


START 2022-12-01 04:10:01 --------------------------
live
총 0 개 데이타 이동
END   2022-12-01 04:10:01 --------------------------


START 2022-12-01 04:20:01 --------------------------
live
총 0 개 데이타 이동
END   2022-12-01 04:20:01 --------------------------


START 2022-12-01 04:30:01 --------------------------
live
총 0 개 데이타 이동
END   2022-12-01 04:30:01 --------------------------


START 2022-12-01 04:40:01 --------------------------
live
총 0 개 데이타 이동
END   2022-12-01 04:40:01 --------------------------


START 2022-12-01 04:50:01 --------------------------
live
총 0 개 데이타 이동
END   2022-12-01 04:50:01 --------------------------


START 2022-12-01 05:00:01 --------------------------
live
총 0 개 데이타 이동
END   2022-12-01 05:00:01 --------------------------


START 2022-12-01 05:10:01 --------------------------
live
총 0 개 데이타 이동
END   2022-12-01 05:10:01 --------------------------


START 2022-12-01 05:20:01 --------------------------
live
총 0 개 데이타 이동
END   2022-12-01 05:20:01 --------------------------


START 2022-12-01 05:30:01 --------------------------
live
총 0 개 데이타 이동
END   2022-12-01 05:30:01 --------------------------


START 2022-12-01 05:40:01 --------------------------
live
총 0 개 데이타 이동
END   2022-12-01 05:40:01 --------------------------


START 2022-12-01 05:50:01 --------------------------
live
총 0 개 데이타 이동
END   2022-12-01 05:50:01 --------------------------


START 2022-12-01 06:00:01 --------------------------
live
총 0 개 데이타 이동
END   2022-12-01 06:00:01 --------------------------


START 2022-12-01 06:10:01 --------------------------
live
총 0 개 데이타 이동
END   2022-12-01 06:10:01 --------------------------


START 2022-12-01 06:20:01 --------------------------
live
총 0 개 데이타 이동
END   2022-12-01 06:20:01 --------------------------


START 2022-12-01 06:30:01 --------------------------
live
총 0 개 데이타 이동
END   2022-12-01 06:30:01 --------------------------


START 2022-12-01 06:40:01 --------------------------
live
총 0 개 데이타 이동
END   2022-12-01 06:40:01 --------------------------


START 2022-12-01 06:50:01 --------------------------
live
총 0 개 데이타 이동
END   2022-12-01 06:50:01 --------------------------


START 2022-12-01 07:00:01 --------------------------
live
총 0 개 데이타 이동
END   2022-12-01 07:00:01 --------------------------


START 2022-12-01 07:10:01 --------------------------
live
총 0 개 데이타 이동
END   2022-12-01 07:10:01 --------------------------


START 2022-12-01 07:20:01 --------------------------
live
총 0 개 데이타 이동
END   2022-12-01 07:20:01 --------------------------


START 2022-12-01 07:30:01 --------------------------
live
총 0 개 데이타 이동
END   2022-12-01 07:30:01 --------------------------


START 2022-12-01 07:40:01 --------------------------
live
총 0 개 데이타 이동
END   2022-12-01 07:40:01 --------------------------


START 2022-12-01 07:50:01 --------------------------
live
총 0 개 데이타 이동
END   2022-12-01 07:50:01 --------------------------


START 2022-12-01 08:00:01 --------------------------
live
총 0 개 데이타 이동
END   2022-12-01 08:00:01 --------------------------


START 2022-12-01 08:10:01 --------------------------
live
총 0 개 데이타 이동
END   2022-12-01 08:10:01 --------------------------


START 2022-12-01 08:20:01 --------------------------
live
총 0 개 데이타 이동
END   2022-12-01 08:20:01 --------------------------


START 2022-12-01 08:30:01 --------------------------
live
총 0 개 데이타 이동
END   2022-12-01 08:30:01 --------------------------


START 2022-12-01 08:40:01 --------------------------
live
총 0 개 데이타 이동
END   2022-12-01 08:40:01 --------------------------


START 2022-12-01 08:50:01 --------------------------
live
총 0 개 데이타 이동
END   2022-12-01 08:50:01 --------------------------


START 2022-12-01 09:00:01 --------------------------
live
총 0 개 데이타 이동
END   2022-12-01 09:00:01 --------------------------


START 2022-12-01 09:10:01 --------------------------
live
총 0 개 데이타 이동
END   2022-12-01 09:10:01 --------------------------


START 2022-12-01 09:20:01 --------------------------
live
총 0 개 데이타 이동
END   2022-12-01 09:20:01 --------------------------


START 2022-12-01 09:30:01 --------------------------
live
총 0 개 데이타 이동
END   2022-12-01 09:30:01 --------------------------


START 2022-12-01 09:40:01 --------------------------
live
총 0 개 데이타 이동
END   2022-12-01 09:40:01 --------------------------


START 2022-12-01 09:50:01 --------------------------
live
총 0 개 데이타 이동
END   2022-12-01 09:50:01 --------------------------


START 2022-12-01 10:00:01 --------------------------
live
총 0 개 데이타 이동
END   2022-12-01 10:00:01 --------------------------


START 2022-12-01 10:10:01 --------------------------
live
총 0 개 데이타 이동
END   2022-12-01 10:10:01 --------------------------


START 2022-12-01 10:20:01 --------------------------
live
총 0 개 데이타 이동
END   2022-12-01 10:20:01 --------------------------


START 2022-12-01 10:30:01 --------------------------
live
총 0 개 데이타 이동
END   2022-12-01 10:30:01 --------------------------


START 2022-12-01 10:40:01 --------------------------
live
총 0 개 데이타 이동
END   2022-12-01 10:40:01 --------------------------


START 2022-12-01 10:50:01 --------------------------
live
총 0 개 데이타 이동
END   2022-12-01 10:50:01 --------------------------


START 2022-12-01 11:00:01 --------------------------
live
총 0 개 데이타 이동
END   2022-12-01 11:00:01 --------------------------


START 2022-12-01 11:10:01 --------------------------
live
총 0 개 데이타 이동
END   2022-12-01 11:10:01 --------------------------


START 2022-12-01 11:20:01 --------------------------
live
총 0 개 데이타 이동
END   2022-12-01 11:20:01 --------------------------


START 2022-12-01 11:30:01 --------------------------
live
총 0 개 데이타 이동
END   2022-12-01 11:30:01 --------------------------


START 2022-12-01 11:40:01 --------------------------
live
총 0 개 데이타 이동
END   2022-12-01 11:40:01 --------------------------


START 2022-12-01 11:50:01 --------------------------
live
총 0 개 데이타 이동
END   2022-12-01 11:50:01 --------------------------


START 2022-12-01 12:00:01 --------------------------
live
총 0 개 데이타 이동
END   2022-12-01 12:00:01 --------------------------


START 2022-12-01 12:10:01 --------------------------
live
총 0 개 데이타 이동
END   2022-12-01 12:10:01 --------------------------


START 2022-12-01 12:20:01 --------------------------
live
총 0 개 데이타 이동
END   2022-12-01 12:20:01 --------------------------


START 2022-12-01 12:30:01 --------------------------
live
총 0 개 데이타 이동
END   2022-12-01 12:30:01 --------------------------


START 2022-12-01 12:40:01 --------------------------
live
총 0 개 데이타 이동
END   2022-12-01 12:40:01 --------------------------


START 2022-12-01 12:50:01 --------------------------
live
총 0 개 데이타 이동
END   2022-12-01 12:50:01 --------------------------


START 2022-12-01 13:00:01 --------------------------
live
총 0 개 데이타 이동
END   2022-12-01 13:00:01 --------------------------


START 2022-12-01 13:10:01 --------------------------
live
1 개의 삭제대상 레코드 발견
delete from cf_Msg_Tran where moved='Y' and Send_Time < now() - interval 30 DAY
1 개 삭제

총 0 개 데이타 이동
END   2022-12-01 13:10:01 --------------------------


START 2022-12-01 13:20:01 --------------------------
live
총 0 개 데이타 이동
END   2022-12-01 13:20:01 --------------------------


START 2022-12-01 13:30:01 --------------------------
live
총 0 개 데이타 이동
END   2022-12-01 13:30:01 --------------------------


START 2022-12-01 13:40:01 --------------------------
live
총 0 개 데이타 이동
END   2022-12-01 13:40:01 --------------------------


START 2022-12-01 13:50:01 --------------------------
live
총 0 개 데이타 이동
END   2022-12-01 13:50:01 --------------------------


START 2022-12-01 14:00:03 --------------------------
live
총 0 개 데이타 이동
END   2022-12-01 14:00:03 --------------------------


START 2022-12-01 14:10:01 --------------------------
live
총 0 개 데이타 이동
END   2022-12-01 14:10:01 --------------------------


START 2022-12-01 14:20:01 --------------------------
live
총 0 개 데이타 이동
END   2022-12-01 14:20:01 --------------------------


START 2022-12-01 14:30:01 --------------------------
live
총 0 개 데이타 이동
END   2022-12-01 14:30:01 --------------------------


START 2022-12-01 14:40:01 --------------------------
live
총 0 개 데이타 이동
END   2022-12-01 14:40:01 --------------------------


START 2022-12-01 14:50:01 --------------------------
live
총 0 개 데이타 이동
END   2022-12-01 14:50:01 --------------------------


START 2022-12-01 15:00:02 --------------------------
live
총 0 개 데이타 이동
END   2022-12-01 15:00:02 --------------------------


START 2022-12-01 15:10:02 --------------------------
live
총 0 개 데이타 이동
END   2022-12-01 15:10:02 --------------------------


START 2022-12-01 15:20:01 --------------------------
live
총 0 개 데이타 이동
END   2022-12-01 15:20:01 --------------------------


START 2022-12-01 15:30:01 --------------------------
live
총 0 개 데이타 이동
END   2022-12-01 15:30:01 --------------------------


START 2022-12-01 15:40:01 --------------------------
live
총 0 개 데이타 이동
END   2022-12-01 15:40:01 --------------------------


START 2022-12-01 15:50:01 --------------------------
live
총 0 개 데이타 이동
END   2022-12-01 15:50:01 --------------------------


START 2022-12-01 16:00:01 --------------------------
live
총 0 개 데이타 이동
END   2022-12-01 16:00:01 --------------------------


START 2022-12-01 16:10:01 --------------------------
live
총 0 개 데이타 이동
END   2022-12-01 16:10:01 --------------------------


START 2022-12-01 16:20:02 --------------------------
live
14 개의 삭제대상 레코드 발견
delete from cf_Msg_Tran where moved='Y' and Send_Time < now() - interval 30 DAY
14 개 삭제

총 0 개 데이타 이동
END   2022-12-01 16:20:02 --------------------------


START 2022-12-01 16:30:01 --------------------------
live
총 0 개 데이타 이동
END   2022-12-01 16:30:01 --------------------------


START 2022-12-01 16:40:01 --------------------------
live
총 14 개 데이타 이동
데이타 이동 시작 *****
3111980 01024568888 -- 3111981 01056179090 -- 3111982 01080060401 -- 3111983 01032809295 -- 3111984 01088944740 -- 3111985 01067241409 -- 3111986 01064063972 -- 3111987 01086246176 -- 3111988 01047693024 -- 3111989 01048474041 -- 3111990 01090838172 -- 3111991 01050297528 -- 3111992 01082299622 -- 3111993 01033358065 -- 
END   2022-12-01 16:40:01 --------------------------


START 2022-12-01 16:50:01 --------------------------
live
총 0 개 데이타 이동
END   2022-12-01 16:50:01 --------------------------


START 2022-12-01 17:00:01 --------------------------
live
총 0 개 데이타 이동
END   2022-12-01 17:00:01 --------------------------


START 2022-12-01 17:10:01 --------------------------
live
총 0 개 데이타 이동
END   2022-12-01 17:10:01 --------------------------


START 2022-12-01 17:20:01 --------------------------
live
총 0 개 데이타 이동
END   2022-12-01 17:20:01 --------------------------


START 2022-12-01 17:30:01 --------------------------
live
총 0 개 데이타 이동
END   2022-12-01 17:30:01 --------------------------


START 2022-12-01 17:40:01 --------------------------
live
총 0 개 데이타 이동
END   2022-12-01 17:40:01 --------------------------


START 2022-12-01 17:50:02 --------------------------
live
총 0 개 데이타 이동
END   2022-12-01 17:50:02 --------------------------


START 2022-12-01 18:00:02 --------------------------
live
총 0 개 데이타 이동
END   2022-12-01 18:00:02 --------------------------


START 2022-12-01 18:10:01 --------------------------
live
총 0 개 데이타 이동
END   2022-12-01 18:10:01 --------------------------


START 2022-12-01 18:20:01 --------------------------
live
총 0 개 데이타 이동
END   2022-12-01 18:20:01 --------------------------


START 2022-12-01 18:30:01 --------------------------
live
총 0 개 데이타 이동
END   2022-12-01 18:30:01 --------------------------


START 2022-12-01 18:40:01 --------------------------
live
총 0 개 데이타 이동
END   2022-12-01 18:40:01 --------------------------


START 2022-12-01 18:50:01 --------------------------
live
총 0 개 데이타 이동
END   2022-12-01 18:50:01 --------------------------


START 2022-12-01 19:00:01 --------------------------
live
총 0 개 데이타 이동
END   2022-12-01 19:00:01 --------------------------


START 2022-12-01 19:10:01 --------------------------
live
총 0 개 데이타 이동
END   2022-12-01 19:10:01 --------------------------


START 2022-12-01 19:20:01 --------------------------
live
총 0 개 데이타 이동
END   2022-12-01 19:20:01 --------------------------


START 2022-12-01 19:30:02 --------------------------
live
총 0 개 데이타 이동
END   2022-12-01 19:30:02 --------------------------


START 2022-12-01 19:40:01 --------------------------
live
총 0 개 데이타 이동
END   2022-12-01 19:40:01 --------------------------


START 2022-12-01 19:50:01 --------------------------
live
총 0 개 데이타 이동
END   2022-12-01 19:50:01 --------------------------


START 2022-12-01 20:00:01 --------------------------
live
총 0 개 데이타 이동
END   2022-12-01 20:00:01 --------------------------


START 2022-12-01 20:10:01 --------------------------
live
총 0 개 데이타 이동
END   2022-12-01 20:10:01 --------------------------


START 2022-12-01 20:20:01 --------------------------
live
총 0 개 데이타 이동
END   2022-12-01 20:20:01 --------------------------


START 2022-12-01 20:30:01 --------------------------
live
총 0 개 데이타 이동
END   2022-12-01 20:30:01 --------------------------


START 2022-12-01 20:40:01 --------------------------
live
총 0 개 데이타 이동
END   2022-12-01 20:40:01 --------------------------


START 2022-12-01 20:50:01 --------------------------
live
총 0 개 데이타 이동
END   2022-12-01 20:50:01 --------------------------


START 2022-12-01 21:00:03 --------------------------
live
총 0 개 데이타 이동
END   2022-12-01 21:00:03 --------------------------


START 2022-12-01 21:10:01 --------------------------
live
총 0 개 데이타 이동
END   2022-12-01 21:10:01 --------------------------


START 2022-12-01 21:20:01 --------------------------
live
총 0 개 데이타 이동
END   2022-12-01 21:20:01 --------------------------


START 2022-12-01 21:30:01 --------------------------
live
총 0 개 데이타 이동
END   2022-12-01 21:30:01 --------------------------


START 2022-12-01 21:40:01 --------------------------
live
총 0 개 데이타 이동
END   2022-12-01 21:40:01 --------------------------


START 2022-12-01 21:50:01 --------------------------
live
총 0 개 데이타 이동
END   2022-12-01 21:50:01 --------------------------


START 2022-12-01 22:00:01 --------------------------
live
총 0 개 데이타 이동
END   2022-12-01 22:00:01 --------------------------


START 2022-12-01 22:10:01 --------------------------
live
총 0 개 데이타 이동
END   2022-12-01 22:10:01 --------------------------


START 2022-12-01 22:20:02 --------------------------
live
총 0 개 데이타 이동
END   2022-12-01 22:20:02 --------------------------


START 2022-12-01 22:30:01 --------------------------
live
총 0 개 데이타 이동
END   2022-12-01 22:30:01 --------------------------


START 2022-12-01 22:40:01 --------------------------
live
총 0 개 데이타 이동
END   2022-12-01 22:40:01 --------------------------


START 2022-12-01 22:50:02 --------------------------
live
총 0 개 데이타 이동
END   2022-12-01 22:50:02 --------------------------


START 2022-12-01 23:00:01 --------------------------
live
총 0 개 데이타 이동
END   2022-12-01 23:00:01 --------------------------


START 2022-12-01 23:10:01 --------------------------
live
총 0 개 데이타 이동
END   2022-12-01 23:10:01 --------------------------


START 2022-12-01 23:20:01 --------------------------
live
총 0 개 데이타 이동
END   2022-12-01 23:20:01 --------------------------


START 2022-12-01 23:30:01 --------------------------
live
총 0 개 데이타 이동
END   2022-12-01 23:30:01 --------------------------


START 2022-12-01 23:40:01 --------------------------
live
총 0 개 데이타 이동
END   2022-12-01 23:40:01 --------------------------


START 2022-12-01 23:50:01 --------------------------
live
총 0 개 데이타 이동
END   2022-12-01 23:50:01 --------------------------


