START 2022-01-03 00:00:01 --------------------------
live
총 0 개 데이타 이동
END   2022-01-03 00:00:03 --------------------------


START 2022-01-03 00:10:01 --------------------------
live
총 0 개 데이타 이동
END   2022-01-03 00:10:03 --------------------------


START 2022-01-03 00:20:02 --------------------------
live
총 0 개 데이타 이동
END   2022-01-03 00:20:03 --------------------------


START 2022-01-03 00:30:01 --------------------------
live
총 0 개 데이타 이동
END   2022-01-03 00:30:03 --------------------------


START 2022-01-03 00:40:01 --------------------------
live
총 0 개 데이타 이동
END   2022-01-03 00:40:03 --------------------------


START 2022-01-03 00:50:01 --------------------------
live
총 0 개 데이타 이동
END   2022-01-03 00:50:03 --------------------------


START 2022-01-03 01:00:01 --------------------------
live
총 0 개 데이타 이동
END   2022-01-03 01:00:03 --------------------------


START 2022-01-03 01:10:01 --------------------------
live
총 0 개 데이타 이동
END   2022-01-03 01:10:03 --------------------------


START 2022-01-03 01:20:01 --------------------------
live
총 0 개 데이타 이동
END   2022-01-03 01:20:03 --------------------------


START 2022-01-03 01:30:01 --------------------------
live
총 0 개 데이타 이동
END   2022-01-03 01:30:03 --------------------------


START 2022-01-03 01:40:01 --------------------------
live
총 0 개 데이타 이동
END   2022-01-03 01:40:03 --------------------------


START 2022-01-03 01:50:01 --------------------------
live
총 0 개 데이타 이동
END   2022-01-03 01:50:02 --------------------------


START 2022-01-03 02:00:02 --------------------------
live
총 0 개 데이타 이동
END   2022-01-03 02:00:03 --------------------------


START 2022-01-03 02:10:01 --------------------------
live
총 0 개 데이타 이동
END   2022-01-03 02:10:03 --------------------------


START 2022-01-03 02:20:01 --------------------------
live
총 0 개 데이타 이동
END   2022-01-03 02:20:03 --------------------------


START 2022-01-03 02:30:02 --------------------------
live
총 0 개 데이타 이동
END   2022-01-03 02:30:03 --------------------------


START 2022-01-03 02:40:01 --------------------------
live
총 0 개 데이타 이동
END   2022-01-03 02:40:03 --------------------------


START 2022-01-03 02:50:01 --------------------------
live
총 0 개 데이타 이동
END   2022-01-03 02:50:03 --------------------------


START 2022-01-03 03:00:01 --------------------------
live
총 0 개 데이타 이동
END   2022-01-03 03:00:03 --------------------------


START 2022-01-03 03:10:02 --------------------------
live
총 0 개 데이타 이동
END   2022-01-03 03:10:03 --------------------------


START 2022-01-03 03:20:01 --------------------------
live
총 0 개 데이타 이동
END   2022-01-03 03:20:03 --------------------------


START 2022-01-03 03:30:01 --------------------------
live
총 0 개 데이타 이동
END   2022-01-03 03:30:03 --------------------------


START 2022-01-03 03:40:01 --------------------------
live
총 0 개 데이타 이동
END   2022-01-03 03:40:03 --------------------------


START 2022-01-03 03:50:02 --------------------------
live
총 0 개 데이타 이동
END   2022-01-03 03:50:03 --------------------------


START 2022-01-03 04:00:01 --------------------------
live
총 0 개 데이타 이동
END   2022-01-03 04:00:03 --------------------------


START 2022-01-03 04:10:01 --------------------------
live
총 0 개 데이타 이동
END   2022-01-03 04:10:03 --------------------------


START 2022-01-03 04:20:01 --------------------------
live
총 0 개 데이타 이동
END   2022-01-03 04:20:03 --------------------------


START 2022-01-03 04:30:01 --------------------------
live
총 0 개 데이타 이동
END   2022-01-03 04:30:03 --------------------------


START 2022-01-03 04:40:01 --------------------------
live
총 0 개 데이타 이동
END   2022-01-03 04:40:03 --------------------------


START 2022-01-03 04:50:01 --------------------------
live
총 0 개 데이타 이동
END   2022-01-03 04:50:03 --------------------------


START 2022-01-03 05:00:01 --------------------------
live
총 0 개 데이타 이동
END   2022-01-03 05:00:03 --------------------------


START 2022-01-03 05:10:01 --------------------------
live
총 0 개 데이타 이동
END   2022-01-03 05:10:03 --------------------------


START 2022-01-03 05:20:02 --------------------------
live
총 0 개 데이타 이동
END   2022-01-03 05:20:03 --------------------------


START 2022-01-03 05:30:01 --------------------------
live
총 0 개 데이타 이동
END   2022-01-03 05:30:03 --------------------------


START 2022-01-03 05:40:01 --------------------------
live
총 0 개 데이타 이동
END   2022-01-03 05:40:03 --------------------------


START 2022-01-03 05:50:01 --------------------------
live
총 0 개 데이타 이동
END   2022-01-03 05:50:03 --------------------------


START 2022-01-03 06:00:02 --------------------------
live
총 0 개 데이타 이동
END   2022-01-03 06:00:03 --------------------------


START 2022-01-03 06:10:01 --------------------------
live
총 0 개 데이타 이동
END   2022-01-03 06:10:03 --------------------------


START 2022-01-03 06:20:01 --------------------------
live
총 0 개 데이타 이동
END   2022-01-03 06:20:03 --------------------------


START 2022-01-03 06:30:02 --------------------------
live
총 0 개 데이타 이동
END   2022-01-03 06:30:04 --------------------------


START 2022-01-03 06:40:02 --------------------------
live
총 0 개 데이타 이동
END   2022-01-03 06:40:03 --------------------------


START 2022-01-03 06:50:01 --------------------------
live
총 0 개 데이타 이동
END   2022-01-03 06:50:03 --------------------------


START 2022-01-03 07:00:01 --------------------------
live
총 0 개 데이타 이동
END   2022-01-03 07:00:03 --------------------------


START 2022-01-03 07:10:01 --------------------------
live
총 0 개 데이타 이동
END   2022-01-03 07:10:03 --------------------------


START 2022-01-03 07:20:01 --------------------------
live
총 0 개 데이타 이동
END   2022-01-03 07:20:03 --------------------------


START 2022-01-03 07:30:01 --------------------------
live
총 0 개 데이타 이동
END   2022-01-03 07:30:03 --------------------------


START 2022-01-03 07:40:01 --------------------------
live
총 0 개 데이타 이동
END   2022-01-03 07:40:03 --------------------------


START 2022-01-03 07:50:01 --------------------------
live
총 0 개 데이타 이동
END   2022-01-03 07:50:03 --------------------------


START 2022-01-03 08:00:02 --------------------------
live
총 0 개 데이타 이동
END   2022-01-03 08:00:04 --------------------------


START 2022-01-03 08:10:02 --------------------------
live
총 0 개 데이타 이동
END   2022-01-03 08:10:04 --------------------------


START 2022-01-03 08:20:02 --------------------------
live
총 0 개 데이타 이동
END   2022-01-03 08:20:03 --------------------------


START 2022-01-03 08:30:01 --------------------------
live
총 0 개 데이타 이동
END   2022-01-03 08:30:03 --------------------------


START 2022-01-03 08:40:01 --------------------------
live
총 0 개 데이타 이동
END   2022-01-03 08:40:03 --------------------------


START 2022-01-03 08:50:01 --------------------------
live
총 0 개 데이타 이동
END   2022-01-03 08:50:03 --------------------------


START 2022-01-03 09:00:01 --------------------------
live
총 0 개 데이타 이동
END   2022-01-03 09:00:03 --------------------------


START 2022-01-03 09:10:01 --------------------------
live
총 0 개 데이타 이동
END   2022-01-03 09:10:03 --------------------------


START 2022-01-03 09:20:01 --------------------------
live
총 0 개 데이타 이동
END   2022-01-03 09:20:03 --------------------------


START 2022-01-03 09:30:01 --------------------------
live
총 0 개 데이타 이동
END   2022-01-03 09:30:03 --------------------------


START 2022-01-03 09:40:01 --------------------------
live
총 0 개 데이타 이동
END   2022-01-03 09:40:03 --------------------------


START 2022-01-03 09:50:01 --------------------------
live
총 0 개 데이타 이동
END   2022-01-03 09:50:03 --------------------------


START 2022-01-03 10:00:01 --------------------------
live
총 0 개 데이타 이동
END   2022-01-03 10:00:03 --------------------------


START 2022-01-03 10:10:02 --------------------------
live
총 0 개 데이타 이동
END   2022-01-03 10:10:03 --------------------------


START 2022-01-03 10:20:01 --------------------------
live
총 0 개 데이타 이동
END   2022-01-03 10:20:03 --------------------------


START 2022-01-03 10:30:02 --------------------------
live
총 0 개 데이타 이동
END   2022-01-03 10:30:03 --------------------------


START 2022-01-03 10:40:01 --------------------------
live
총 0 개 데이타 이동
END   2022-01-03 10:40:03 --------------------------


START 2022-01-03 10:50:01 --------------------------
live
총 0 개 데이타 이동
END   2022-01-03 10:50:03 --------------------------


START 2022-01-03 11:00:01 --------------------------
live
총 0 개 데이타 이동
END   2022-01-03 11:00:03 --------------------------


START 2022-01-03 11:10:02 --------------------------
live
총 0 개 데이타 이동
END   2022-01-03 11:10:03 --------------------------


START 2022-01-03 11:20:03 --------------------------
live
총 0 개 데이타 이동
END   2022-01-03 11:20:05 --------------------------


START 2022-01-03 11:30:03 --------------------------
live
총 0 개 데이타 이동
END   2022-01-03 11:30:04 --------------------------


START 2022-01-03 11:40:01 --------------------------
live
총 2 개 데이타 이동
데이타 이동 시작 *****
3045987 01024568888 -- 3045988 01088944740 -- 
END   2022-01-03 11:40:05 --------------------------


START 2022-01-03 11:50:01 --------------------------
live
총 168 개 데이타 이동
데이타 이동 시작 *****
3045819 01048849414 -- 3045820 01039949371 -- 3045821 01032896331 -- 3045822 01038456171 -- 3045823 01052958148 -- 3045824 01051355998 -- 3045825 01040785648 -- 3045826 01020118660 -- 3045827 01031055066 -- 3045828 01026620156 -- 3045829 01072299820 -- 3045830 01048000840 -- 3045831 01029402275 -- 3045832 01046711526 -- 3045833 01032205456 -- 3045834 01029570188 -- 3045835 01028181790 -- 3045836 01096602954 -- 3045837 01034010142 -- 3045838 01052872887 -- 3045839 01043778206 -- 3045840 01051143921 -- 3045841 01088070154 -- 3045842 01054145128 -- 3045843 01087512991 -- 3045844 01081851085 -- 3045845 01035102076 -- 3045846 01041034080 -- 3045847 01087207206 -- 3045848 01027977992 -- 3045849 01056036106 -- 3045850 01023684895 -- 3045851 01091350638 -- 3045852 01025819094 -- 3045853 01073105871 -- 3045854 01057729182 -- 3045855 01029146096 -- 3045856 01045289126 -- 3045857 01099747009 -- 3045858 01050664179 -- 3045859 01097713688 -- 3045860 01042388189 -- 3045861 01084637779 -- 3045862 01025569702 -- 3045863 01065057774 -- 3045864 01033536483 -- 3045865 01028595732 -- 3045866 01092049024 -- 3045867 01036435392 -- 3045868 01042373665 -- 3045869 01071939738 -- 3045870 01040526902 -- 3045871 01068117501 -- 3045872 01034337439 -- 3045873 01027365134 -- 3045874 01027787557 -- 3045875 01042271543 -- 3045876 01031770250 -- 3045877 01024375210 -- 3045878 01023187244 -- 3045879 01053000348 -- 3045880 01052370580 -- 3045881 01087650610 -- 3045882 01022715862 -- 3045883 01041497465 -- 3045884 01024904443 -- 3045885 01026914627 -- 3045886 01030998284 -- 3045887 01035734223 -- 3045888 01062076656 -- 3045889 01043210974 -- 3045890 01023139786 -- 3045891 01090395401 -- 3045892 01024898844 -- 3045893 01046283805 -- 3045894 01063673137 -- 3045895 01088554455 -- 3045896 01027771223 -- 3045897 01020025226 -- 3045898 01047045067 -- 3045899 01021022369 -- 3045900 01073800741 -- 3045901 01042222678 -- 3045902 01020469568 -- 3045903 01050998610 -- 3045904 01028593962 -- 3045905 01096697453 -- 3045906 01035331835 -- 3045907 01037340993 -- 3045908 01089503805 -- 3045909 01087590070 -- 3045910 01093641054 -- 3045911 01083364701 -- 3045912 01026148078 -- 3045913 01089325845 -- 3045914 01032762833 -- 3045915 01056179090 -- 3045916 01025758671 -- 3045917 01042283530 -- 3045918 01093762472 -- 3045919 01052975048 -- 3045920 01091226861 -- 3045921 01028123266 -- 3045922 01082451444 -- 3045923 01084839745 -- 3045924 01091340552 -- 3045925 01085411405 -- 3045926 01047515259 -- 3045927 01087529004 -- 3045928 01042231543 -- 3045929 01093216562 -- 3045930 01062555860 -- 3045931 01086688341 -- 3045932 01085424473 -- 3045933 01095679503 -- 3045934 01027588518 -- 3045935 01067573149 -- 3045936 01043518584 -- 3045937 01050315370 -- 3045938 01024385210 -- 3045939 01040571704 -- 3045940 01030525090 -- 3045941 01065220543 -- 3045942 01040697746 -- 3045943 01083775694 -- 3045944 01066014010 -- 3045945 01093127366 -- 3045946 01099759931 -- 3045947 01030138710 -- 3045948 01046619058 -- 3045949 01054711360 -- 3045950 01063654224 -- 3045951 01025110500 -- 3045952 01031851404 -- 3045953 01025402026 -- 3045954 01052056026 -- 3045955 01083382972 -- 3045956 01020309189 -- 3045957 01050402684 -- 3045958 01086612478 -- 3045959 01055791131 -- 3045960 01045407143 -- 3045961 01032251981 -- 3045962 01042439447 -- 3045963 01063152771 -- 3045964 01099700896 -- 3045965 01072461088 -- 3045966 01026174665 -- 3045967 01025770659 -- 3045968 01071113058 -- 3045969 01072261030 -- 3045970 01047688113 -- 3045971 01091698482 -- 3045972 01093680255 -- 3045973 01076565511 -- 3045974 01030334807 -- 3045975 01071156227 -- 3045976 01022809414 -- 3045977 01045861373 -- 3045978 01032994589 -- 3045979 01045577524 -- 3045980 01075679210 -- 3045981 01026093340 -- 3045982 01052998571 -- 3045983 01056420123 -- 3045984 01038013527 -- 3045985 01091928094 -- 3045986 01095728704 -- 
END   2022-01-03 11:50:05 --------------------------


START 2022-01-03 12:00:01 --------------------------
live
총 0 개 데이타 이동
END   2022-01-03 12:00:03 --------------------------


START 2022-01-03 12:10:02 --------------------------
live
총 0 개 데이타 이동
END   2022-01-03 12:10:05 --------------------------


START 2022-01-03 12:20:02 --------------------------
live
총 0 개 데이타 이동
END   2022-01-03 12:20:03 --------------------------


START 2022-01-03 12:30:02 --------------------------
live
총 0 개 데이타 이동
END   2022-01-03 12:30:03 --------------------------


START 2022-01-03 12:40:02 --------------------------
live
총 0 개 데이타 이동
END   2022-01-03 12:40:03 --------------------------


START 2022-01-03 12:50:02 --------------------------
live
총 0 개 데이타 이동
END   2022-01-03 12:50:03 --------------------------


START 2022-01-03 13:00:02 --------------------------
live
총 0 개 데이타 이동
END   2022-01-03 13:00:03 --------------------------


START 2022-01-03 13:10:02 --------------------------
live
총 0 개 데이타 이동
END   2022-01-03 13:10:05 --------------------------


START 2022-01-03 13:20:02 --------------------------
live
총 0 개 데이타 이동
END   2022-01-03 13:20:03 --------------------------


START 2022-01-03 13:30:02 --------------------------
live
총 0 개 데이타 이동
END   2022-01-03 13:30:03 --------------------------


START 2022-01-03 13:40:02 --------------------------
live
총 0 개 데이타 이동
END   2022-01-03 13:40:04 --------------------------


START 2022-01-03 13:50:02 --------------------------
live
총 0 개 데이타 이동
END   2022-01-03 13:50:03 --------------------------


START 2022-01-03 14:00:03 --------------------------
live
총 0 개 데이타 이동
END   2022-01-03 14:00:05 --------------------------


START 2022-01-03 14:10:01 --------------------------
live
총 2 개 데이타 이동
데이타 이동 시작 *****
3045989 01024568888 -- 3045990 01088944740 -- 
END   2022-01-03 14:10:06 --------------------------


START 2022-01-03 14:20:01 --------------------------
live
총 2 개 데이타 이동
데이타 이동 시작 *****
3045991 01024568888 -- 3045992 01088944740 -- 
END   2022-01-03 14:20:04 --------------------------


START 2022-01-03 14:30:01 --------------------------
live
총 0 개 데이타 이동
END   2022-01-03 14:30:03 --------------------------


START 2022-01-03 14:40:01 --------------------------
live
총 0 개 데이타 이동
END   2022-01-03 14:40:03 --------------------------


START 2022-01-03 14:50:01 --------------------------
live
총 0 개 데이타 이동
END   2022-01-03 14:50:03 --------------------------


START 2022-01-03 15:00:01 --------------------------
live
총 0 개 데이타 이동
END   2022-01-03 15:00:03 --------------------------


START 2022-01-03 15:10:01 --------------------------
live
총 0 개 데이타 이동
END   2022-01-03 15:10:04 --------------------------


START 2022-01-03 15:20:01 --------------------------
live
총 0 개 데이타 이동
END   2022-01-03 15:20:03 --------------------------


START 2022-01-03 15:30:01 --------------------------
live
총 0 개 데이타 이동
END   2022-01-03 15:30:03 --------------------------


START 2022-01-03 15:40:01 --------------------------
live
총 0 개 데이타 이동
END   2022-01-03 15:40:03 --------------------------


START 2022-01-03 15:50:01 --------------------------
live
총 0 개 데이타 이동
END   2022-01-03 15:50:03 --------------------------


START 2022-01-03 16:00:01 --------------------------
live
총 0 개 데이타 이동
END   2022-01-03 16:00:03 --------------------------


START 2022-01-03 16:10:01 --------------------------
live
총 0 개 데이타 이동
END   2022-01-03 16:10:05 --------------------------


START 2022-01-03 16:20:01 --------------------------
live
총 0 개 데이타 이동
END   2022-01-03 16:20:02 --------------------------


START 2022-01-03 16:30:01 --------------------------
live
총 0 개 데이타 이동
END   2022-01-03 16:30:03 --------------------------


START 2022-01-03 16:40:02 --------------------------
live
총 0 개 데이타 이동
END   2022-01-03 16:40:04 --------------------------


START 2022-01-03 16:50:02 --------------------------
live
총 0 개 데이타 이동
END   2022-01-03 16:50:03 --------------------------


START 2022-01-03 17:00:02 --------------------------
live
총 0 개 데이타 이동
END   2022-01-03 17:00:03 --------------------------


START 2022-01-03 17:10:02 --------------------------
live
총 0 개 데이타 이동
END   2022-01-03 17:10:04 --------------------------


START 2022-01-03 17:20:02 --------------------------
live
총 0 개 데이타 이동
END   2022-01-03 17:20:03 --------------------------


START 2022-01-03 17:30:02 --------------------------
live
총 0 개 데이타 이동
END   2022-01-03 17:30:04 --------------------------


START 2022-01-03 17:40:02 --------------------------
live
총 0 개 데이타 이동
END   2022-01-03 17:40:04 --------------------------


START 2022-01-03 17:50:02 --------------------------
live
총 0 개 데이타 이동
END   2022-01-03 17:50:03 --------------------------


START 2022-01-03 18:00:02 --------------------------
live
총 0 개 데이타 이동
END   2022-01-03 18:00:03 --------------------------


START 2022-01-03 18:10:01 --------------------------
live
총 0 개 데이타 이동
END   2022-01-03 18:10:03 --------------------------


START 2022-01-03 18:20:01 --------------------------
live
총 0 개 데이타 이동
END   2022-01-03 18:20:03 --------------------------


START 2022-01-03 18:30:01 --------------------------
live
총 0 개 데이타 이동
END   2022-01-03 18:30:03 --------------------------


START 2022-01-03 18:40:01 --------------------------
live
총 0 개 데이타 이동
END   2022-01-03 18:40:03 --------------------------


START 2022-01-03 18:50:01 --------------------------
live
총 0 개 데이타 이동
END   2022-01-03 18:50:03 --------------------------


START 2022-01-03 19:00:01 --------------------------
live
총 0 개 데이타 이동
END   2022-01-03 19:00:03 --------------------------


START 2022-01-03 19:10:01 --------------------------
live
총 0 개 데이타 이동
END   2022-01-03 19:10:03 --------------------------


START 2022-01-03 19:20:01 --------------------------
live
총 0 개 데이타 이동
END   2022-01-03 19:20:03 --------------------------


START 2022-01-03 19:30:01 --------------------------
live
총 0 개 데이타 이동
END   2022-01-03 19:30:03 --------------------------


START 2022-01-03 19:40:01 --------------------------
live
총 0 개 데이타 이동
END   2022-01-03 19:40:03 --------------------------


START 2022-01-03 19:50:02 --------------------------
live
총 0 개 데이타 이동
END   2022-01-03 19:50:03 --------------------------


START 2022-01-03 20:00:02 --------------------------
live
총 0 개 데이타 이동
END   2022-01-03 20:00:03 --------------------------


START 2022-01-03 20:10:02 --------------------------
live
총 0 개 데이타 이동
END   2022-01-03 20:10:03 --------------------------


START 2022-01-03 20:20:01 --------------------------
live
총 0 개 데이타 이동
END   2022-01-03 20:20:03 --------------------------


START 2022-01-03 20:30:01 --------------------------
live
총 0 개 데이타 이동
END   2022-01-03 20:30:03 --------------------------


START 2022-01-03 20:40:01 --------------------------
live
총 0 개 데이타 이동
END   2022-01-03 20:40:03 --------------------------


START 2022-01-03 20:50:01 --------------------------
live
총 0 개 데이타 이동
END   2022-01-03 20:50:03 --------------------------


START 2022-01-03 21:00:01 --------------------------
live
총 0 개 데이타 이동
END   2022-01-03 21:00:03 --------------------------


START 2022-01-03 21:10:01 --------------------------
live
총 0 개 데이타 이동
END   2022-01-03 21:10:03 --------------------------


START 2022-01-03 21:20:02 --------------------------
live
총 0 개 데이타 이동
END   2022-01-03 21:20:03 --------------------------


START 2022-01-03 21:30:02 --------------------------
live
총 0 개 데이타 이동
END   2022-01-03 21:30:03 --------------------------


START 2022-01-03 21:40:02 --------------------------
live
총 0 개 데이타 이동
END   2022-01-03 21:40:03 --------------------------


START 2022-01-03 21:50:01 --------------------------
live
총 0 개 데이타 이동
END   2022-01-03 21:50:03 --------------------------


START 2022-01-03 22:00:01 --------------------------
live
총 0 개 데이타 이동
END   2022-01-03 22:00:03 --------------------------


START 2022-01-03 22:10:01 --------------------------
live
총 0 개 데이타 이동
END   2022-01-03 22:10:03 --------------------------


START 2022-01-03 22:20:01 --------------------------
live
총 0 개 데이타 이동
END   2022-01-03 22:20:03 --------------------------


START 2022-01-03 22:30:01 --------------------------
live
총 0 개 데이타 이동
END   2022-01-03 22:30:03 --------------------------


START 2022-01-03 22:40:01 --------------------------
live
총 0 개 데이타 이동
END   2022-01-03 22:40:03 --------------------------


START 2022-01-03 22:50:01 --------------------------
live
총 0 개 데이타 이동
END   2022-01-03 22:50:03 --------------------------


START 2022-01-03 23:00:02 --------------------------
live
총 0 개 데이타 이동
END   2022-01-03 23:00:04 --------------------------


START 2022-01-03 23:10:01 --------------------------
live
총 0 개 데이타 이동
END   2022-01-03 23:10:03 --------------------------


START 2022-01-03 23:20:02 --------------------------
live
총 0 개 데이타 이동
END   2022-01-03 23:20:03 --------------------------


START 2022-01-03 23:30:02 --------------------------
live
총 0 개 데이타 이동
END   2022-01-03 23:30:03 --------------------------


START 2022-01-03 23:40:01 --------------------------
live
총 0 개 데이타 이동
END   2022-01-03 23:40:03 --------------------------


START 2022-01-03 23:50:01 --------------------------
live
총 0 개 데이타 이동
END   2022-01-03 23:50:03 --------------------------


