START 2022-09-29 00:00:01 --------------------------
live
총 0 개 데이타 이동
END   2022-09-29 00:00:01 --------------------------


START 2022-09-29 00:10:01 --------------------------
live
총 0 개 데이타 이동
END   2022-09-29 00:10:01 --------------------------


START 2022-09-29 00:20:01 --------------------------
live
총 0 개 데이타 이동
END   2022-09-29 00:20:01 --------------------------


START 2022-09-29 00:30:01 --------------------------
live
총 0 개 데이타 이동
END   2022-09-29 00:30:01 --------------------------


START 2022-09-29 00:40:01 --------------------------
live
총 0 개 데이타 이동
END   2022-09-29 00:40:01 --------------------------


START 2022-09-29 00:50:01 --------------------------
live
총 0 개 데이타 이동
END   2022-09-29 00:50:01 --------------------------


START 2022-09-29 01:00:01 --------------------------
live
총 0 개 데이타 이동
END   2022-09-29 01:00:01 --------------------------


START 2022-09-29 01:10:01 --------------------------
live
총 0 개 데이타 이동
END   2022-09-29 01:10:01 --------------------------


START 2022-09-29 01:20:01 --------------------------
live
총 0 개 데이타 이동
END   2022-09-29 01:20:01 --------------------------


START 2022-09-29 01:30:01 --------------------------
live
총 0 개 데이타 이동
END   2022-09-29 01:30:01 --------------------------


START 2022-09-29 01:40:01 --------------------------
live
총 0 개 데이타 이동
END   2022-09-29 01:40:01 --------------------------


START 2022-09-29 01:50:01 --------------------------
live
총 0 개 데이타 이동
END   2022-09-29 01:50:01 --------------------------


START 2022-09-29 02:00:01 --------------------------
live
총 0 개 데이타 이동
END   2022-09-29 02:00:01 --------------------------


START 2022-09-29 02:10:01 --------------------------
live
총 0 개 데이타 이동
END   2022-09-29 02:10:01 --------------------------


START 2022-09-29 02:20:01 --------------------------
live
총 0 개 데이타 이동
END   2022-09-29 02:20:01 --------------------------


START 2022-09-29 02:30:01 --------------------------
live
총 0 개 데이타 이동
END   2022-09-29 02:30:01 --------------------------


START 2022-09-29 02:40:01 --------------------------
live
총 0 개 데이타 이동
END   2022-09-29 02:40:01 --------------------------


START 2022-09-29 02:50:01 --------------------------
live
총 0 개 데이타 이동
END   2022-09-29 02:50:01 --------------------------


START 2022-09-29 03:00:01 --------------------------
live
총 0 개 데이타 이동
END   2022-09-29 03:00:01 --------------------------


START 2022-09-29 03:10:01 --------------------------
live
총 0 개 데이타 이동
END   2022-09-29 03:10:01 --------------------------


START 2022-09-29 03:20:01 --------------------------
live
총 0 개 데이타 이동
END   2022-09-29 03:20:01 --------------------------


START 2022-09-29 03:30:01 --------------------------
live
총 0 개 데이타 이동
END   2022-09-29 03:30:01 --------------------------


START 2022-09-29 03:40:01 --------------------------
live
총 0 개 데이타 이동
END   2022-09-29 03:40:01 --------------------------


START 2022-09-29 03:50:01 --------------------------
live
총 0 개 데이타 이동
END   2022-09-29 03:50:01 --------------------------


START 2022-09-29 04:00:01 --------------------------
live
총 0 개 데이타 이동
END   2022-09-29 04:00:01 --------------------------


START 2022-09-29 04:10:01 --------------------------
live
총 0 개 데이타 이동
END   2022-09-29 04:10:01 --------------------------


START 2022-09-29 04:20:01 --------------------------
live
총 0 개 데이타 이동
END   2022-09-29 04:20:01 --------------------------


START 2022-09-29 04:30:01 --------------------------
live
총 0 개 데이타 이동
END   2022-09-29 04:30:01 --------------------------


START 2022-09-29 04:40:01 --------------------------
live
총 0 개 데이타 이동
END   2022-09-29 04:40:01 --------------------------


START 2022-09-29 04:50:01 --------------------------
live
총 0 개 데이타 이동
END   2022-09-29 04:50:01 --------------------------


START 2022-09-29 05:00:01 --------------------------
live
총 0 개 데이타 이동
END   2022-09-29 05:00:01 --------------------------


START 2022-09-29 05:10:01 --------------------------
live
총 0 개 데이타 이동
END   2022-09-29 05:10:01 --------------------------


START 2022-09-29 05:20:01 --------------------------
live
총 0 개 데이타 이동
END   2022-09-29 05:20:01 --------------------------


START 2022-09-29 05:30:01 --------------------------
live
총 0 개 데이타 이동
END   2022-09-29 05:30:01 --------------------------


START 2022-09-29 05:40:01 --------------------------
live
총 0 개 데이타 이동
END   2022-09-29 05:40:01 --------------------------


START 2022-09-29 05:50:01 --------------------------
live
총 0 개 데이타 이동
END   2022-09-29 05:50:01 --------------------------


START 2022-09-29 06:00:01 --------------------------
live
총 0 개 데이타 이동
END   2022-09-29 06:00:01 --------------------------


START 2022-09-29 06:10:01 --------------------------
live
총 0 개 데이타 이동
END   2022-09-29 06:10:01 --------------------------


START 2022-09-29 06:20:01 --------------------------
live
총 0 개 데이타 이동
END   2022-09-29 06:20:01 --------------------------


START 2022-09-29 06:30:01 --------------------------
live
총 0 개 데이타 이동
END   2022-09-29 06:30:01 --------------------------


START 2022-09-29 06:40:01 --------------------------
live
총 0 개 데이타 이동
END   2022-09-29 06:40:01 --------------------------


START 2022-09-29 06:50:01 --------------------------
live
총 0 개 데이타 이동
END   2022-09-29 06:50:01 --------------------------


START 2022-09-29 07:00:01 --------------------------
live
총 0 개 데이타 이동
END   2022-09-29 07:00:01 --------------------------


START 2022-09-29 07:10:01 --------------------------
live
총 0 개 데이타 이동
END   2022-09-29 07:10:01 --------------------------


START 2022-09-29 07:20:01 --------------------------
live
총 0 개 데이타 이동
END   2022-09-29 07:20:01 --------------------------


START 2022-09-29 07:30:01 --------------------------
live
총 0 개 데이타 이동
END   2022-09-29 07:30:01 --------------------------


START 2022-09-29 07:40:01 --------------------------
live
총 0 개 데이타 이동
END   2022-09-29 07:40:01 --------------------------


START 2022-09-29 07:50:01 --------------------------
live
총 0 개 데이타 이동
END   2022-09-29 07:50:01 --------------------------


START 2022-09-29 08:00:01 --------------------------
live
총 0 개 데이타 이동
END   2022-09-29 08:00:01 --------------------------


START 2022-09-29 08:10:01 --------------------------
live
총 0 개 데이타 이동
END   2022-09-29 08:10:01 --------------------------


START 2022-09-29 08:20:01 --------------------------
live
총 0 개 데이타 이동
END   2022-09-29 08:20:01 --------------------------


START 2022-09-29 08:30:01 --------------------------
live
총 0 개 데이타 이동
END   2022-09-29 08:30:01 --------------------------


START 2022-09-29 08:40:02 --------------------------
live
총 0 개 데이타 이동
END   2022-09-29 08:40:02 --------------------------


START 2022-09-29 08:50:01 --------------------------
live
총 0 개 데이타 이동
END   2022-09-29 08:50:01 --------------------------


START 2022-09-29 09:00:01 --------------------------
live
총 0 개 데이타 이동
END   2022-09-29 09:00:01 --------------------------


START 2022-09-29 09:10:01 --------------------------
live
총 0 개 데이타 이동
END   2022-09-29 09:10:01 --------------------------


START 2022-09-29 09:20:01 --------------------------
live
총 0 개 데이타 이동
END   2022-09-29 09:20:01 --------------------------


START 2022-09-29 09:30:01 --------------------------
live
총 0 개 데이타 이동
END   2022-09-29 09:30:01 --------------------------


START 2022-09-29 09:40:01 --------------------------
live
총 0 개 데이타 이동
END   2022-09-29 09:40:01 --------------------------


START 2022-09-29 09:50:01 --------------------------
live
총 0 개 데이타 이동
END   2022-09-29 09:50:01 --------------------------


START 2022-09-29 10:00:01 --------------------------
live
총 0 개 데이타 이동
END   2022-09-29 10:00:01 --------------------------


START 2022-09-29 10:10:01 --------------------------
live
총 0 개 데이타 이동
END   2022-09-29 10:10:01 --------------------------


START 2022-09-29 10:20:01 --------------------------
live
총 0 개 데이타 이동
END   2022-09-29 10:20:01 --------------------------


START 2022-09-29 10:30:01 --------------------------
live
총 0 개 데이타 이동
END   2022-09-29 10:30:01 --------------------------


START 2022-09-29 10:40:01 --------------------------
live
총 0 개 데이타 이동
END   2022-09-29 10:40:01 --------------------------


START 2022-09-29 10:50:01 --------------------------
live
총 0 개 데이타 이동
END   2022-09-29 10:50:01 --------------------------


START 2022-09-29 11:00:01 --------------------------
live
총 0 개 데이타 이동
END   2022-09-29 11:00:01 --------------------------


START 2022-09-29 11:10:01 --------------------------
live
총 0 개 데이타 이동
END   2022-09-29 11:10:01 --------------------------


START 2022-09-29 11:20:01 --------------------------
live
총 0 개 데이타 이동
END   2022-09-29 11:20:01 --------------------------


START 2022-09-29 11:30:01 --------------------------
live
총 0 개 데이타 이동
END   2022-09-29 11:30:01 --------------------------


START 2022-09-29 11:40:01 --------------------------
live
총 0 개 데이타 이동
END   2022-09-29 11:40:01 --------------------------


START 2022-09-29 11:50:01 --------------------------
live
총 0 개 데이타 이동
END   2022-09-29 11:50:01 --------------------------


START 2022-09-29 12:00:01 --------------------------
live
총 0 개 데이타 이동
END   2022-09-29 12:00:01 --------------------------


START 2022-09-29 12:10:01 --------------------------
live
총 0 개 데이타 이동
END   2022-09-29 12:10:01 --------------------------


START 2022-09-29 12:20:01 --------------------------
live
4 개의 삭제대상 레코드 발견
delete from cf_Msg_Tran where moved='Y' and Send_Time < now() - interval 30 DAY
4 개 삭제

총 4 개 데이타 이동
데이타 이동 시작 *****
3110613 01024568888 -- 3110614 01088944740 -- 3110615 01067241409 -- 3110616 01086246176 -- 
END   2022-09-29 12:20:01 --------------------------


START 2022-09-29 12:30:01 --------------------------
live
총 0 개 데이타 이동
END   2022-09-29 12:30:01 --------------------------


START 2022-09-29 12:40:01 --------------------------
live
총 0 개 데이타 이동
END   2022-09-29 12:40:01 --------------------------


START 2022-09-29 12:50:01 --------------------------
live
총 0 개 데이타 이동
END   2022-09-29 12:50:01 --------------------------


START 2022-09-29 13:00:01 --------------------------
live
총 0 개 데이타 이동
END   2022-09-29 13:00:01 --------------------------


START 2022-09-29 13:10:01 --------------------------
live
총 0 개 데이타 이동
END   2022-09-29 13:10:01 --------------------------


START 2022-09-29 13:20:01 --------------------------
live
총 0 개 데이타 이동
END   2022-09-29 13:20:01 --------------------------


START 2022-09-29 13:30:01 --------------------------
live
4 개의 삭제대상 레코드 발견
delete from cf_Msg_Tran where moved='Y' and Send_Time < now() - interval 30 DAY
4 개 삭제

총 0 개 데이타 이동
END   2022-09-29 13:30:01 --------------------------


START 2022-09-29 13:40:01 --------------------------
live
총 0 개 데이타 이동
END   2022-09-29 13:40:01 --------------------------


START 2022-09-29 13:50:01 --------------------------
live
총 0 개 데이타 이동
END   2022-09-29 13:50:01 --------------------------


START 2022-09-29 14:00:01 --------------------------
live
총 0 개 데이타 이동
END   2022-09-29 14:00:01 --------------------------


START 2022-09-29 14:10:01 --------------------------
live
총 0 개 데이타 이동
END   2022-09-29 14:10:01 --------------------------


START 2022-09-29 14:20:01 --------------------------
live
총 0 개 데이타 이동
END   2022-09-29 14:20:01 --------------------------


START 2022-09-29 14:30:01 --------------------------
live
총 0 개 데이타 이동
END   2022-09-29 14:30:01 --------------------------


START 2022-09-29 14:40:02 --------------------------
live
총 0 개 데이타 이동
END   2022-09-29 14:40:02 --------------------------


START 2022-09-29 14:50:01 --------------------------
live
총 0 개 데이타 이동
END   2022-09-29 14:50:01 --------------------------


START 2022-09-29 15:00:03 --------------------------
live
총 0 개 데이타 이동
END   2022-09-29 15:00:03 --------------------------


START 2022-09-29 15:10:01 --------------------------
live
총 0 개 데이타 이동
END   2022-09-29 15:10:01 --------------------------


START 2022-09-29 15:20:02 --------------------------
live
총 0 개 데이타 이동
END   2022-09-29 15:20:02 --------------------------


START 2022-09-29 15:30:01 --------------------------
live
총 0 개 데이타 이동
END   2022-09-29 15:30:01 --------------------------


START 2022-09-29 15:40:01 --------------------------
live
총 0 개 데이타 이동
END   2022-09-29 15:40:01 --------------------------


START 2022-09-29 15:50:01 --------------------------
live
총 0 개 데이타 이동
END   2022-09-29 15:50:01 --------------------------


START 2022-09-29 16:00:01 --------------------------
live
총 0 개 데이타 이동
END   2022-09-29 16:00:01 --------------------------


START 2022-09-29 16:10:01 --------------------------
live
총 0 개 데이타 이동
END   2022-09-29 16:10:01 --------------------------


START 2022-09-29 16:20:01 --------------------------
live
총 0 개 데이타 이동
END   2022-09-29 16:20:01 --------------------------


START 2022-09-29 16:30:01 --------------------------
live
총 0 개 데이타 이동
END   2022-09-29 16:30:01 --------------------------


START 2022-09-29 16:40:01 --------------------------
live
총 0 개 데이타 이동
END   2022-09-29 16:40:01 --------------------------


START 2022-09-29 16:50:01 --------------------------
live
총 0 개 데이타 이동
END   2022-09-29 16:50:01 --------------------------


START 2022-09-29 17:00:01 --------------------------
live
총 0 개 데이타 이동
END   2022-09-29 17:00:01 --------------------------


START 2022-09-29 17:10:01 --------------------------
live
총 0 개 데이타 이동
END   2022-09-29 17:10:01 --------------------------


START 2022-09-29 17:20:01 --------------------------
live
총 0 개 데이타 이동
END   2022-09-29 17:20:01 --------------------------


START 2022-09-29 17:30:01 --------------------------
live
총 0 개 데이타 이동
END   2022-09-29 17:30:01 --------------------------


START 2022-09-29 17:40:01 --------------------------
live
총 0 개 데이타 이동
END   2022-09-29 17:40:01 --------------------------


START 2022-09-29 17:50:02 --------------------------
live
총 0 개 데이타 이동
END   2022-09-29 17:50:02 --------------------------


START 2022-09-29 18:00:01 --------------------------
live
총 0 개 데이타 이동
END   2022-09-29 18:00:01 --------------------------


START 2022-09-29 18:10:01 --------------------------
live
총 0 개 데이타 이동
END   2022-09-29 18:10:01 --------------------------


START 2022-09-29 18:20:01 --------------------------
live
총 0 개 데이타 이동
END   2022-09-29 18:20:01 --------------------------


START 2022-09-29 18:30:01 --------------------------
live
총 0 개 데이타 이동
END   2022-09-29 18:30:01 --------------------------


START 2022-09-29 18:40:01 --------------------------
live
총 0 개 데이타 이동
END   2022-09-29 18:40:01 --------------------------


START 2022-09-29 18:50:01 --------------------------
live
총 0 개 데이타 이동
END   2022-09-29 18:50:01 --------------------------


START 2022-09-29 19:00:01 --------------------------
live
총 0 개 데이타 이동
END   2022-09-29 19:00:01 --------------------------


START 2022-09-29 19:10:01 --------------------------
live
총 0 개 데이타 이동
END   2022-09-29 19:10:01 --------------------------


START 2022-09-29 19:20:02 --------------------------
live
총 0 개 데이타 이동
END   2022-09-29 19:20:02 --------------------------


START 2022-09-29 19:30:03 --------------------------
live
총 0 개 데이타 이동
END   2022-09-29 19:30:03 --------------------------


START 2022-09-29 19:40:01 --------------------------
live
총 0 개 데이타 이동
END   2022-09-29 19:40:01 --------------------------


START 2022-09-29 19:50:01 --------------------------
live
총 0 개 데이타 이동
END   2022-09-29 19:50:01 --------------------------


START 2022-09-29 20:00:01 --------------------------
live
총 0 개 데이타 이동
END   2022-09-29 20:00:01 --------------------------


START 2022-09-29 20:10:02 --------------------------
live
총 0 개 데이타 이동
END   2022-09-29 20:10:02 --------------------------


START 2022-09-29 20:20:01 --------------------------
live
총 0 개 데이타 이동
END   2022-09-29 20:20:01 --------------------------


START 2022-09-29 20:30:01 --------------------------
live
총 0 개 데이타 이동
END   2022-09-29 20:30:01 --------------------------


START 2022-09-29 20:40:01 --------------------------
live
총 0 개 데이타 이동
END   2022-09-29 20:40:01 --------------------------


START 2022-09-29 20:50:01 --------------------------
live
총 0 개 데이타 이동
END   2022-09-29 20:50:01 --------------------------


START 2022-09-29 21:00:01 --------------------------
live
총 0 개 데이타 이동
END   2022-09-29 21:00:01 --------------------------


START 2022-09-29 21:10:01 --------------------------
live
총 0 개 데이타 이동
END   2022-09-29 21:10:01 --------------------------


START 2022-09-29 21:20:01 --------------------------
live
총 0 개 데이타 이동
END   2022-09-29 21:20:01 --------------------------


START 2022-09-29 21:30:01 --------------------------
live
총 0 개 데이타 이동
END   2022-09-29 21:30:01 --------------------------


START 2022-09-29 21:40:01 --------------------------
live
총 0 개 데이타 이동
END   2022-09-29 21:40:01 --------------------------


START 2022-09-29 21:50:01 --------------------------
live
총 0 개 데이타 이동
END   2022-09-29 21:50:02 --------------------------


START 2022-09-29 22:00:01 --------------------------
live
총 0 개 데이타 이동
END   2022-09-29 22:00:01 --------------------------


START 2022-09-29 22:10:01 --------------------------
live
총 0 개 데이타 이동
END   2022-09-29 22:10:01 --------------------------


START 2022-09-29 22:20:01 --------------------------
live
총 0 개 데이타 이동
END   2022-09-29 22:20:01 --------------------------


START 2022-09-29 22:30:01 --------------------------
live
총 0 개 데이타 이동
END   2022-09-29 22:30:01 --------------------------


START 2022-09-29 22:40:01 --------------------------
live
총 0 개 데이타 이동
END   2022-09-29 22:40:01 --------------------------


START 2022-09-29 22:50:02 --------------------------
live
총 0 개 데이타 이동
END   2022-09-29 22:50:02 --------------------------


START 2022-09-29 23:00:01 --------------------------
live
총 0 개 데이타 이동
END   2022-09-29 23:00:01 --------------------------


START 2022-09-29 23:10:01 --------------------------
live
총 0 개 데이타 이동
END   2022-09-29 23:10:01 --------------------------


START 2022-09-29 23:20:01 --------------------------
live
총 0 개 데이타 이동
END   2022-09-29 23:20:01 --------------------------


START 2022-09-29 23:30:01 --------------------------
live
총 0 개 데이타 이동
END   2022-09-29 23:30:01 --------------------------


START 2022-09-29 23:40:01 --------------------------
live
총 0 개 데이타 이동
END   2022-09-29 23:40:01 --------------------------


START 2022-09-29 23:50:03 --------------------------
live
총 0 개 데이타 이동
END   2022-09-29 23:50:03 --------------------------


