START 2022-11-26 00:00:01 --------------------------
live
총 0 개 데이타 이동
END   2022-11-26 00:00:02 --------------------------


START 2022-11-26 00:10:02 --------------------------
live
총 0 개 데이타 이동
END   2022-11-26 00:10:02 --------------------------


START 2022-11-26 00:20:01 --------------------------
live
총 0 개 데이타 이동
END   2022-11-26 00:20:01 --------------------------


START 2022-11-26 00:30:01 --------------------------
live
총 0 개 데이타 이동
END   2022-11-26 00:30:01 --------------------------


START 2022-11-26 00:40:02 --------------------------
live
총 0 개 데이타 이동
END   2022-11-26 00:40:02 --------------------------


START 2022-11-26 00:50:01 --------------------------
live
총 0 개 데이타 이동
END   2022-11-26 00:50:01 --------------------------


START 2022-11-26 01:00:01 --------------------------
live
총 0 개 데이타 이동
END   2022-11-26 01:00:01 --------------------------


START 2022-11-26 01:10:01 --------------------------
live
총 0 개 데이타 이동
END   2022-11-26 01:10:01 --------------------------


START 2022-11-26 01:20:01 --------------------------
live
총 0 개 데이타 이동
END   2022-11-26 01:20:01 --------------------------


START 2022-11-26 01:30:01 --------------------------
live
총 0 개 데이타 이동
END   2022-11-26 01:30:01 --------------------------


START 2022-11-26 01:40:01 --------------------------
live
총 0 개 데이타 이동
END   2022-11-26 01:40:01 --------------------------


START 2022-11-26 01:50:01 --------------------------
live
총 0 개 데이타 이동
END   2022-11-26 01:50:01 --------------------------


START 2022-11-26 02:00:01 --------------------------
live
총 0 개 데이타 이동
END   2022-11-26 02:00:01 --------------------------


START 2022-11-26 02:10:02 --------------------------
live
총 0 개 데이타 이동
END   2022-11-26 02:10:02 --------------------------


START 2022-11-26 02:20:01 --------------------------
live
총 0 개 데이타 이동
END   2022-11-26 02:20:01 --------------------------


START 2022-11-26 02:30:01 --------------------------
live
총 0 개 데이타 이동
END   2022-11-26 02:30:01 --------------------------


START 2022-11-26 02:40:01 --------------------------
live
총 0 개 데이타 이동
END   2022-11-26 02:40:01 --------------------------


START 2022-11-26 02:50:01 --------------------------
live
총 0 개 데이타 이동
END   2022-11-26 02:50:01 --------------------------


START 2022-11-26 03:00:01 --------------------------
live
총 0 개 데이타 이동
END   2022-11-26 03:00:01 --------------------------


START 2022-11-26 03:10:02 --------------------------
live
총 0 개 데이타 이동
END   2022-11-26 03:10:02 --------------------------


START 2022-11-26 03:20:01 --------------------------
live
총 0 개 데이타 이동
END   2022-11-26 03:20:01 --------------------------


START 2022-11-26 03:30:01 --------------------------
live
총 0 개 데이타 이동
END   2022-11-26 03:30:01 --------------------------


START 2022-11-26 03:40:01 --------------------------
live
총 0 개 데이타 이동
END   2022-11-26 03:40:01 --------------------------


START 2022-11-26 03:50:01 --------------------------
live
총 0 개 데이타 이동
END   2022-11-26 03:50:01 --------------------------


START 2022-11-26 04:00:01 --------------------------
live
총 0 개 데이타 이동
END   2022-11-26 04:00:01 --------------------------


START 2022-11-26 04:10:01 --------------------------
live
총 0 개 데이타 이동
END   2022-11-26 04:10:01 --------------------------


START 2022-11-26 04:20:01 --------------------------
live
총 0 개 데이타 이동
END   2022-11-26 04:20:01 --------------------------


START 2022-11-26 04:30:01 --------------------------
live
총 0 개 데이타 이동
END   2022-11-26 04:30:01 --------------------------


START 2022-11-26 04:40:01 --------------------------
live
총 0 개 데이타 이동
END   2022-11-26 04:40:01 --------------------------


START 2022-11-26 04:50:01 --------------------------
live
총 0 개 데이타 이동
END   2022-11-26 04:50:01 --------------------------


START 2022-11-26 05:00:01 --------------------------
live
총 0 개 데이타 이동
END   2022-11-26 05:00:01 --------------------------


START 2022-11-26 05:10:02 --------------------------
live
총 0 개 데이타 이동
END   2022-11-26 05:10:02 --------------------------


START 2022-11-26 05:20:02 --------------------------
live
총 0 개 데이타 이동
END   2022-11-26 05:20:02 --------------------------


START 2022-11-26 05:30:01 --------------------------
live
총 0 개 데이타 이동
END   2022-11-26 05:30:01 --------------------------


START 2022-11-26 05:40:01 --------------------------
live
총 0 개 데이타 이동
END   2022-11-26 05:40:01 --------------------------


START 2022-11-26 05:50:01 --------------------------
live
총 0 개 데이타 이동
END   2022-11-26 05:50:01 --------------------------


START 2022-11-26 06:00:01 --------------------------
live
총 0 개 데이타 이동
END   2022-11-26 06:00:01 --------------------------


START 2022-11-26 06:10:01 --------------------------
live
총 0 개 데이타 이동
END   2022-11-26 06:10:01 --------------------------


START 2022-11-26 06:20:01 --------------------------
live
총 0 개 데이타 이동
END   2022-11-26 06:20:01 --------------------------


START 2022-11-26 06:30:01 --------------------------
live
총 0 개 데이타 이동
END   2022-11-26 06:30:01 --------------------------


START 2022-11-26 06:40:01 --------------------------
live
총 0 개 데이타 이동
END   2022-11-26 06:40:01 --------------------------


START 2022-11-26 06:50:01 --------------------------
live
총 0 개 데이타 이동
END   2022-11-26 06:50:01 --------------------------


START 2022-11-26 07:00:01 --------------------------
live
총 0 개 데이타 이동
END   2022-11-26 07:00:01 --------------------------


START 2022-11-26 07:10:01 --------------------------
live
총 0 개 데이타 이동
END   2022-11-26 07:10:01 --------------------------


START 2022-11-26 07:20:01 --------------------------
live
총 0 개 데이타 이동
END   2022-11-26 07:20:01 --------------------------


START 2022-11-26 07:30:01 --------------------------
live
총 0 개 데이타 이동
END   2022-11-26 07:30:01 --------------------------


START 2022-11-26 07:40:01 --------------------------
live
총 0 개 데이타 이동
END   2022-11-26 07:40:02 --------------------------


START 2022-11-26 07:50:01 --------------------------
live
총 0 개 데이타 이동
END   2022-11-26 07:50:01 --------------------------


START 2022-11-26 08:00:01 --------------------------
live
총 0 개 데이타 이동
END   2022-11-26 08:00:01 --------------------------


START 2022-11-26 08:10:01 --------------------------
live
총 0 개 데이타 이동
END   2022-11-26 08:10:01 --------------------------


START 2022-11-26 08:20:01 --------------------------
live
총 0 개 데이타 이동
END   2022-11-26 08:20:01 --------------------------


START 2022-11-26 08:30:01 --------------------------
live
총 0 개 데이타 이동
END   2022-11-26 08:30:01 --------------------------


START 2022-11-26 08:40:01 --------------------------
live
총 0 개 데이타 이동
END   2022-11-26 08:40:01 --------------------------


START 2022-11-26 08:50:01 --------------------------
live
총 0 개 데이타 이동
END   2022-11-26 08:50:01 --------------------------


START 2022-11-26 09:00:01 --------------------------
live
총 0 개 데이타 이동
END   2022-11-26 09:00:01 --------------------------


START 2022-11-26 09:10:01 --------------------------
live
총 0 개 데이타 이동
END   2022-11-26 09:10:01 --------------------------


START 2022-11-26 09:20:02 --------------------------
live
총 0 개 데이타 이동
END   2022-11-26 09:20:02 --------------------------


START 2022-11-26 09:30:01 --------------------------
live
총 0 개 데이타 이동
END   2022-11-26 09:30:01 --------------------------


START 2022-11-26 09:40:01 --------------------------
live
총 0 개 데이타 이동
END   2022-11-26 09:40:01 --------------------------


START 2022-11-26 09:50:01 --------------------------
live
총 0 개 데이타 이동
END   2022-11-26 09:50:01 --------------------------


START 2022-11-26 10:00:01 --------------------------
live
총 0 개 데이타 이동
END   2022-11-26 10:00:01 --------------------------


START 2022-11-26 10:10:01 --------------------------
live
총 0 개 데이타 이동
END   2022-11-26 10:10:02 --------------------------


START 2022-11-26 10:20:01 --------------------------
live
총 0 개 데이타 이동
END   2022-11-26 10:20:01 --------------------------


START 2022-11-26 10:30:01 --------------------------
live
총 0 개 데이타 이동
END   2022-11-26 10:30:01 --------------------------


START 2022-11-26 10:40:01 --------------------------
live
총 0 개 데이타 이동
END   2022-11-26 10:40:01 --------------------------


START 2022-11-26 10:50:01 --------------------------
live
총 0 개 데이타 이동
END   2022-11-26 10:50:01 --------------------------


START 2022-11-26 11:00:01 --------------------------
live
총 0 개 데이타 이동
END   2022-11-26 11:00:01 --------------------------


START 2022-11-26 11:10:01 --------------------------
live
총 0 개 데이타 이동
END   2022-11-26 11:10:01 --------------------------


START 2022-11-26 11:20:01 --------------------------
live
총 0 개 데이타 이동
END   2022-11-26 11:20:01 --------------------------


START 2022-11-26 11:30:01 --------------------------
live
총 0 개 데이타 이동
END   2022-11-26 11:30:01 --------------------------


START 2022-11-26 11:40:01 --------------------------
live
총 0 개 데이타 이동
END   2022-11-26 11:40:01 --------------------------


START 2022-11-26 11:50:01 --------------------------
live
총 0 개 데이타 이동
END   2022-11-26 11:50:01 --------------------------


START 2022-11-26 12:00:01 --------------------------
live
총 0 개 데이타 이동
END   2022-11-26 12:00:01 --------------------------


START 2022-11-26 12:10:01 --------------------------
live
총 0 개 데이타 이동
END   2022-11-26 12:10:01 --------------------------


START 2022-11-26 12:20:01 --------------------------
live
총 0 개 데이타 이동
END   2022-11-26 12:20:01 --------------------------


START 2022-11-26 12:30:01 --------------------------
live
총 0 개 데이타 이동
END   2022-11-26 12:30:01 --------------------------


START 2022-11-26 12:40:01 --------------------------
live
총 0 개 데이타 이동
END   2022-11-26 12:40:01 --------------------------


START 2022-11-26 12:50:01 --------------------------
live
총 0 개 데이타 이동
END   2022-11-26 12:50:01 --------------------------


START 2022-11-26 13:00:01 --------------------------
live
총 0 개 데이타 이동
END   2022-11-26 13:00:01 --------------------------


START 2022-11-26 13:10:01 --------------------------
live
총 0 개 데이타 이동
END   2022-11-26 13:10:01 --------------------------


START 2022-11-26 13:20:01 --------------------------
live
총 0 개 데이타 이동
END   2022-11-26 13:20:01 --------------------------


START 2022-11-26 13:30:01 --------------------------
live
총 0 개 데이타 이동
END   2022-11-26 13:30:01 --------------------------


START 2022-11-26 13:40:01 --------------------------
live
총 0 개 데이타 이동
END   2022-11-26 13:40:01 --------------------------


START 2022-11-26 13:50:02 --------------------------
live
총 0 개 데이타 이동
END   2022-11-26 13:50:02 --------------------------


START 2022-11-26 14:00:01 --------------------------
live
총 0 개 데이타 이동
END   2022-11-26 14:00:01 --------------------------


START 2022-11-26 14:10:02 --------------------------
live
총 14 개 데이타 이동
데이타 이동 시작 *****
3111907 01024568888 -- 3111908 01056179090 -- 3111909 01080060401 -- 3111910 01032809295 -- 3111911 01088944740 -- 3111912 01067241409 -- 3111913 01064063972 -- 3111914 01086246176 -- 3111915 01047693024 -- 3111916 01048474041 -- 3111917 01090838172 -- 3111918 01050297528 -- 3111919 01082299622 -- 3111920 01033358065 -- 
END   2022-11-26 14:10:02 --------------------------


START 2022-11-26 14:20:01 --------------------------
live
총 0 개 데이타 이동
END   2022-11-26 14:20:01 --------------------------


START 2022-11-26 14:30:01 --------------------------
live
총 0 개 데이타 이동
END   2022-11-26 14:30:01 --------------------------


START 2022-11-26 14:40:01 --------------------------
live
총 14 개 데이타 이동
데이타 이동 시작 *****
3111921 01024568888 -- 3111922 01056179090 -- 3111923 01080060401 -- 3111924 01032809295 -- 3111925 01088944740 -- 3111926 01067241409 -- 3111927 01064063972 -- 3111928 01086246176 -- 3111929 01047693024 -- 3111930 01048474041 -- 3111931 01090838172 -- 3111932 01050297528 -- 3111933 01082299622 -- 3111934 01033358065 -- 
END   2022-11-26 14:40:01 --------------------------


START 2022-11-26 14:50:01 --------------------------
live
총 0 개 데이타 이동
END   2022-11-26 14:50:01 --------------------------


START 2022-11-26 15:00:01 --------------------------
live
총 0 개 데이타 이동
END   2022-11-26 15:00:01 --------------------------


START 2022-11-26 15:10:02 --------------------------
live
총 0 개 데이타 이동
END   2022-11-26 15:10:02 --------------------------


START 2022-11-26 15:20:01 --------------------------
live
총 0 개 데이타 이동
END   2022-11-26 15:20:01 --------------------------


START 2022-11-26 15:30:01 --------------------------
live
총 0 개 데이타 이동
END   2022-11-26 15:30:01 --------------------------


START 2022-11-26 15:40:01 --------------------------
live
총 0 개 데이타 이동
END   2022-11-26 15:40:01 --------------------------


START 2022-11-26 15:50:02 --------------------------
live
14 개의 삭제대상 레코드 발견
delete from cf_Msg_Tran where moved='Y' and Send_Time < now() - interval 30 DAY
14 개 삭제

총 0 개 데이타 이동
END   2022-11-26 15:50:02 --------------------------


START 2022-11-26 16:00:01 --------------------------
live
총 0 개 데이타 이동
END   2022-11-26 16:00:01 --------------------------


START 2022-11-26 16:10:01 --------------------------
live
총 0 개 데이타 이동
END   2022-11-26 16:10:01 --------------------------


START 2022-11-26 16:20:01 --------------------------
live
총 0 개 데이타 이동
END   2022-11-26 16:20:01 --------------------------


START 2022-11-26 16:30:02 --------------------------
live
총 0 개 데이타 이동
END   2022-11-26 16:30:02 --------------------------


START 2022-11-26 16:40:01 --------------------------
live
총 0 개 데이타 이동
END   2022-11-26 16:40:01 --------------------------


START 2022-11-26 16:50:01 --------------------------
live
총 0 개 데이타 이동
END   2022-11-26 16:50:01 --------------------------


START 2022-11-26 17:00:02 --------------------------
live
총 0 개 데이타 이동
END   2022-11-26 17:00:02 --------------------------


START 2022-11-26 17:10:01 --------------------------
live
총 0 개 데이타 이동
END   2022-11-26 17:10:01 --------------------------


START 2022-11-26 17:20:01 --------------------------
live
총 0 개 데이타 이동
END   2022-11-26 17:20:01 --------------------------


START 2022-11-26 17:30:01 --------------------------
live
총 0 개 데이타 이동
END   2022-11-26 17:30:01 --------------------------


START 2022-11-26 17:40:01 --------------------------
live
총 0 개 데이타 이동
END   2022-11-26 17:40:01 --------------------------


START 2022-11-26 17:50:01 --------------------------
live
총 0 개 데이타 이동
END   2022-11-26 17:50:01 --------------------------


START 2022-11-26 18:00:01 --------------------------
live
총 0 개 데이타 이동
END   2022-11-26 18:00:01 --------------------------


START 2022-11-26 18:10:02 --------------------------
live
총 0 개 데이타 이동
END   2022-11-26 18:10:02 --------------------------


START 2022-11-26 18:20:01 --------------------------
live
총 0 개 데이타 이동
END   2022-11-26 18:20:01 --------------------------


START 2022-11-26 18:30:01 --------------------------
live
총 0 개 데이타 이동
END   2022-11-26 18:30:01 --------------------------


START 2022-11-26 18:40:01 --------------------------
live
총 0 개 데이타 이동
END   2022-11-26 18:40:01 --------------------------


START 2022-11-26 18:50:01 --------------------------
live
총 0 개 데이타 이동
END   2022-11-26 18:50:01 --------------------------


START 2022-11-26 19:00:01 --------------------------
live
총 0 개 데이타 이동
END   2022-11-26 19:00:01 --------------------------


START 2022-11-26 19:10:01 --------------------------
live
총 0 개 데이타 이동
END   2022-11-26 19:10:01 --------------------------


START 2022-11-26 19:20:01 --------------------------
live
총 0 개 데이타 이동
END   2022-11-26 19:20:01 --------------------------


START 2022-11-26 19:30:01 --------------------------
live
총 0 개 데이타 이동
END   2022-11-26 19:30:01 --------------------------


START 2022-11-26 19:40:01 --------------------------
live
총 0 개 데이타 이동
END   2022-11-26 19:40:01 --------------------------


START 2022-11-26 19:50:01 --------------------------
live
총 0 개 데이타 이동
END   2022-11-26 19:50:01 --------------------------


START 2022-11-26 20:00:01 --------------------------
live
총 0 개 데이타 이동
END   2022-11-26 20:00:01 --------------------------


START 2022-11-26 20:10:01 --------------------------
live
총 0 개 데이타 이동
END   2022-11-26 20:10:02 --------------------------


START 2022-11-26 20:20:01 --------------------------
live
총 0 개 데이타 이동
END   2022-11-26 20:20:01 --------------------------


START 2022-11-26 20:30:01 --------------------------
live
총 0 개 데이타 이동
END   2022-11-26 20:30:01 --------------------------


START 2022-11-26 20:40:01 --------------------------
live
총 0 개 데이타 이동
END   2022-11-26 20:40:01 --------------------------


START 2022-11-26 20:50:01 --------------------------
live
총 0 개 데이타 이동
END   2022-11-26 20:50:01 --------------------------


START 2022-11-26 21:00:01 --------------------------
live
총 0 개 데이타 이동
END   2022-11-26 21:00:01 --------------------------


START 2022-11-26 21:10:02 --------------------------
live
총 0 개 데이타 이동
END   2022-11-26 21:10:02 --------------------------


START 2022-11-26 21:20:01 --------------------------
live
총 0 개 데이타 이동
END   2022-11-26 21:20:01 --------------------------


START 2022-11-26 21:30:01 --------------------------
live
총 0 개 데이타 이동
END   2022-11-26 21:30:01 --------------------------


START 2022-11-26 21:40:01 --------------------------
live
총 0 개 데이타 이동
END   2022-11-26 21:40:01 --------------------------


START 2022-11-26 21:50:01 --------------------------
live
총 0 개 데이타 이동
END   2022-11-26 21:50:01 --------------------------


START 2022-11-26 22:00:01 --------------------------
live
총 0 개 데이타 이동
END   2022-11-26 22:00:01 --------------------------


START 2022-11-26 22:10:01 --------------------------
live
총 0 개 데이타 이동
END   2022-11-26 22:10:01 --------------------------


START 2022-11-26 22:20:01 --------------------------
live
총 0 개 데이타 이동
END   2022-11-26 22:20:01 --------------------------


START 2022-11-26 22:30:01 --------------------------
live
총 0 개 데이타 이동
END   2022-11-26 22:30:01 --------------------------


START 2022-11-26 22:40:01 --------------------------
live
총 0 개 데이타 이동
END   2022-11-26 22:40:01 --------------------------


START 2022-11-26 22:50:01 --------------------------
live
총 0 개 데이타 이동
END   2022-11-26 22:50:01 --------------------------


START 2022-11-26 23:00:01 --------------------------
live
총 0 개 데이타 이동
END   2022-11-26 23:00:01 --------------------------


START 2022-11-26 23:10:01 --------------------------
live
총 0 개 데이타 이동
END   2022-11-26 23:10:01 --------------------------


START 2022-11-26 23:20:01 --------------------------
live
총 0 개 데이타 이동
END   2022-11-26 23:20:01 --------------------------


START 2022-11-26 23:30:01 --------------------------
live
총 0 개 데이타 이동
END   2022-11-26 23:30:01 --------------------------


START 2022-11-26 23:40:01 --------------------------
live
총 0 개 데이타 이동
END   2022-11-26 23:40:02 --------------------------


START 2022-11-26 23:50:01 --------------------------
live
총 0 개 데이타 이동
END   2022-11-26 23:50:01 --------------------------


